[2026-02-06T03:27:30]
receptor chains ['A', 'B', 'C', 'D', 'E', 'F']; ligand chains ['H', 'L']
split -> receptor_14-1_Epi.pdb, ligand_14-1_Epi.pdb; merged -> receptor_single_14-1_Epi.pdb, ligand_single_14-1_Epi.pdb
intra lock pairs: 12 -> intra_lig_lock_14-1_Epi.tbl
AIR pairs: 45 (rec_if [28, 336, 338, 353, 354, 355], lig_if [31, 54, 55, 56, 106]) -> air_14-1_Epi.tbl
config: haddock3_config_14-1_Epi.cfg
run haddock3 rc=1, log=haddock_14-1_Epi.log

[2026-02-06T03:50:44]
receptor chains ['A', 'B', 'C', 'D', 'E', 'F']; ligand chains ['H', 'L']
split -> receptor_14-1_Epi.pdb, ligand_14-1_Epi.pdb; merged -> receptor_single_14-1_Epi.pdb, ligand_single_14-1_Epi.pdb
intra lock pairs: 12 -> intra_lig_lock_14-1_Epi.tbl
AIR pairs: 45 (rec_if [28, 336, 338, 353, 354, 355], lig_if [31, 54, 55, 56, 106]) -> air_14-1_Epi.tbl
config: haddock3_config_14-1_Epi.cfg
run haddock3 rc=0, log=haddock_14-1_Epi.log

[2026-02-06T11:14:51]
receptor chains ['A', 'B', 'C', 'D', 'E', 'F']; ligand chains ['H', 'L']
split -> receptor_14-1_Epi.pdb, ligand_14-1_Epi.pdb; merged -> receptor_single_14-1_Epi.pdb, ligand_single_14-1_Epi.pdb
intra lock pairs: 12 -> intra_lig_lock_14-1_Epi.tbl
AIR pairs: 45 (rec_if [28, 336, 338, 353, 354, 355], lig_if [31, 54, 55, 56, 106]) -> air_14-1_Epi.tbl
config: haddock3_config_14-1_Epi.cfg
run haddock3 rc=0, log=haddock_14-1_Epi.log

