[2026-02-06T03:27:32]
receptor chains ['A', 'B', 'C', 'D', 'E', 'F']; ligand chains ['H', 'L']
split -> receptor_14-8_Epi.pdb, ligand_14-8_Epi.pdb; merged -> receptor_single_14-8_Epi.pdb, ligand_single_14-8_Epi.pdb
intra lock pairs: 12 -> intra_lig_lock_14-8_Epi.tbl
AIR pairs: 54 (rec_if [28, 336, 337, 338, 354, 355, 358, 359, 362, 466], lig_if [55, 56, 65, 104, 105, 106, 107, 220, 221]) -> air_14-8_Epi.tbl
config: haddock3_config_14-8_Epi.cfg
run haddock3 rc=1, log=haddock_14-8_Epi.log

[2026-02-06T03:54:54]
receptor chains ['A', 'B', 'C', 'D', 'E', 'F']; ligand chains ['H', 'L']
split -> receptor_14-8_Epi.pdb, ligand_14-8_Epi.pdb; merged -> receptor_single_14-8_Epi.pdb, ligand_single_14-8_Epi.pdb
intra lock pairs: 12 -> intra_lig_lock_14-8_Epi.tbl
AIR pairs: 54 (rec_if [28, 336, 337, 338, 354, 355, 358, 359, 362, 466], lig_if [55, 56, 65, 104, 105, 106, 107, 220, 221]) -> air_14-8_Epi.tbl
config: haddock3_config_14-8_Epi.cfg
run haddock3 rc=0, log=haddock_14-8_Epi.log

[2026-02-13T09:31:21]
receptor chains ['A', 'B', 'C', 'D', 'E', 'F']; ligand chains ['H', 'L']
split -> receptor_14-8_Epi.pdb, ligand_14-8_Epi.pdb; merged -> receptor_single_14-8_Epi.pdb, ligand_single_14-8_Epi.pdb
intra lock pairs: 12 -> intra_lig_lock_14-8_Epi.tbl
AIR pairs: 54 (rec_if [28, 336, 337, 338, 354, 355, 358, 359, 362, 466], lig_if [55, 56, 65, 104, 105, 106, 107, 220, 221]) -> air_14-8_Epi.tbl
config: haddock3_config_14-8_Epi.cfg
run haddock3 rc=0, log=haddock_14-8_Epi.log

