[2026-02-06 10:16:51,247 cli INFO] 
##############################################
#                                            #
#                 HADDOCK3                   #
#                                            #
##############################################

!! Some of the HADDOCK3 components use CNS (Crystallographic and NMR System) which is free of use for non-profit applications. !!
!! For commercial use it is your own responsibility to have a proper license. !!
!! For details refer to the DISCLAIMER file in the HADDOCK3 repository. !!

Starting HADDOCK3 v2024.10.0b7 on 2026-02-06 10:16:00

Python 3.10.12 (main, Feb  4 2025, 14:57:36) [GCC 11.4.0]

[2026-02-06 10:16:54,928 libworkflow INFO] Reading instructions step 0_topoaa
[2026-02-06 10:16:54,928 libworkflow INFO] Reading instructions step 1_rigidbody
[2026-02-06 10:16:54,928 libworkflow INFO] Reading instructions step 2_flexref
[2026-02-06 10:16:54,929 libworkflow INFO] Reading instructions step 3_emref
[2026-02-06 10:16:54,942 base_cns_module INFO] Running [topoaa] module
[2026-02-06 10:16:54,942 __init__ INFO] [topoaa] Molecule 1: receptor_single_TG0176_Epi.pdb
[2026-02-06 10:16:54,946 __init__ INFO] [topoaa] Sanitizing molecule receptor_single_TG0176_Epi.pdb
[2026-02-06 10:16:54,966 __init__ INFO] [topoaa] Topology CNS input created
[2026-02-06 10:16:54,966 __init__ INFO] [topoaa] Molecule 2: ligand_single_TG0176_Epi.pdb
[2026-02-06 10:16:54,967 __init__ INFO] [topoaa] Sanitizing molecule ligand_single_TG0176_Epi.pdb
[2026-02-06 10:16:54,970 __init__ INFO] [topoaa] Topology CNS input created
[2026-02-06 10:16:54,970 __init__ INFO] [topoaa] Running CNS Jobs n=2
[2026-02-06 10:16:54,970 libutil INFO] Selected 2 cores to process 2 jobs, with 32 maximum available cores.
[2026-02-06 10:16:54,971 libparallel INFO] Using 2 cores
[2026-02-06 10:17:15,139 libparallel INFO] 2 tasks finished
[2026-02-06 10:17:15,139 __init__ INFO] [topoaa] CNS jobs have finished
[2026-02-06 10:17:15,141 base_cns_module INFO] Module [topoaa] finished.
[2026-02-06 10:17:15,141 __init__ INFO] [topoaa] took 20 seconds
[2026-02-06 10:17:15,475 base_cns_module INFO] Running [rigidbody] module
[2026-02-06 10:17:15,475 __init__ INFO] [rigidbody] crossdock=true
[2026-02-06 10:17:15,475 __init__ INFO] [rigidbody] Preparing jobs...
[2026-02-06 10:17:15,479 libutil INFO] Selected 20 cores to process 20 jobs, with 32 maximum available cores.
[2026-02-06 10:17:15,480 libparallel INFO] Using 20 cores
[2026-02-06 10:17:15,510 libparallel INFO] 20 tasks finished
[2026-02-06 10:17:15,510 __init__ INFO] [rigidbody] Preparation took 0.035335 seconds
[2026-02-06 10:17:15,512 __init__ INFO] [rigidbody] Running CNS Jobs n=20
[2026-02-06 10:17:15,512 libutil INFO] Selected 20 cores to process 20 jobs, with 32 maximum available cores.
[2026-02-06 10:17:15,513 libparallel INFO] Using 20 cores
[2026-02-06 10:17:47,489 libparallel INFO] 20 tasks finished
[2026-02-06 10:17:47,489 __init__ INFO] [rigidbody] CNS jobs have finished
[2026-02-06 10:17:47,545 base_cns_module INFO] Module [rigidbody] finished.
[2026-02-06 10:17:47,545 __init__ INFO] [rigidbody] took 32 seconds
[2026-02-06 10:17:47,926 base_cns_module INFO] Running [flexref] module
[2026-02-06 10:17:48,045 __init__ INFO] [flexref] Running CNS Jobs n=20
[2026-02-06 10:17:48,045 libutil INFO] Selected 20 cores to process 20 jobs, with 32 maximum available cores.
[2026-02-06 10:17:48,046 libparallel INFO] Using 20 cores
