[2026-02-06 04:15:36,542 cli INFO] 
##############################################
#                                            #
#                 HADDOCK3                   #
#                                            #
##############################################

!! Some of the HADDOCK3 components use CNS (Crystallographic and NMR System) which is free of use for non-profit applications. !!
!! For commercial use it is your own responsibility to have a proper license. !!
!! For details refer to the DISCLAIMER file in the HADDOCK3 repository. !!

Starting HADDOCK3 v2024.10.0b7 on 2026-02-06 04:15:00

Python 3.10.12 (main, Feb  4 2025, 14:57:36) [GCC 11.4.0]

[2026-02-06 04:15:40,192 libworkflow INFO] Reading instructions step 0_topoaa
[2026-02-06 04:15:40,192 libworkflow INFO] Reading instructions step 1_rigidbody
[2026-02-06 04:15:40,192 libworkflow INFO] Reading instructions step 2_flexref
[2026-02-06 04:15:40,193 libworkflow INFO] Reading instructions step 3_emref
[2026-02-06 04:15:40,206 base_cns_module INFO] Running [topoaa] module
[2026-02-06 04:15:40,206 __init__ INFO] [topoaa] Molecule 1: receptor_single_8IUY_Epi.pdb
[2026-02-06 04:15:40,208 __init__ INFO] [topoaa] Sanitizing molecule receptor_single_8IUY_Epi.pdb
[2026-02-06 04:15:40,214 __init__ INFO] [topoaa] Topology CNS input created
[2026-02-06 04:15:40,214 __init__ INFO] [topoaa] Molecule 2: ligand_single_8IUY_Epi.pdb
[2026-02-06 04:15:40,215 __init__ INFO] [topoaa] Sanitizing molecule ligand_single_8IUY_Epi.pdb
[2026-02-06 04:15:40,219 __init__ INFO] [topoaa] Topology CNS input created
[2026-02-06 04:15:40,219 __init__ INFO] [topoaa] Running CNS Jobs n=2
[2026-02-06 04:15:40,219 libutil INFO] Selected 2 cores to process 2 jobs, with 32 maximum available cores.
[2026-02-06 04:15:40,220 libparallel INFO] Using 2 cores
[2026-02-06 04:15:43,359 libparallel INFO] 2 tasks finished
[2026-02-06 04:15:43,359 __init__ INFO] [topoaa] CNS jobs have finished
[2026-02-06 04:15:43,361 base_cns_module INFO] Module [topoaa] finished.
[2026-02-06 04:15:43,361 __init__ INFO] [topoaa] took 3 seconds
[2026-02-06 04:15:43,700 base_cns_module INFO] Running [rigidbody] module
[2026-02-06 04:15:43,701 __init__ INFO] [rigidbody] crossdock=true
[2026-02-06 04:15:43,701 __init__ INFO] [rigidbody] Preparing jobs...
[2026-02-06 04:15:43,703 libutil INFO] Selected 20 cores to process 20 jobs, with 32 maximum available cores.
[2026-02-06 04:15:43,703 libparallel INFO] Using 20 cores
[2026-02-06 04:15:43,730 libparallel INFO] 20 tasks finished
[2026-02-06 04:15:43,730 __init__ INFO] [rigidbody] Preparation took 0.029705 seconds
[2026-02-06 04:15:43,732 __init__ INFO] [rigidbody] Running CNS Jobs n=20
[2026-02-06 04:15:43,732 libutil INFO] Selected 20 cores to process 20 jobs, with 32 maximum available cores.
[2026-02-06 04:15:43,732 libparallel INFO] Using 20 cores
[2026-02-06 04:15:53,711 libparallel INFO] 20 tasks finished
[2026-02-06 04:15:53,711 __init__ INFO] [rigidbody] CNS jobs have finished
[2026-02-06 04:15:53,740 base_cns_module INFO] Module [rigidbody] finished.
[2026-02-06 04:15:53,741 __init__ INFO] [rigidbody] took 10 seconds
[2026-02-06 04:15:54,116 base_cns_module INFO] Running [flexref] module
[2026-02-06 04:15:54,173 __init__ INFO] [flexref] Running CNS Jobs n=20
[2026-02-06 04:15:54,173 libutil INFO] Selected 20 cores to process 20 jobs, with 32 maximum available cores.
[2026-02-06 04:15:54,173 libparallel INFO] Using 20 cores
[2026-02-06 04:17:22,258 libparallel INFO] 20 tasks finished
[2026-02-06 04:17:22,258 __init__ INFO] [flexref] CNS jobs have finished
[2026-02-06 04:17:22,295 base_cns_module INFO] Module [flexref] finished.
[2026-02-06 04:17:22,295 __init__ INFO] [flexref] took 1 minute and 28 seconds
[2026-02-06 04:17:22,631 base_cns_module INFO] Running [emref] module
[2026-02-06 04:17:22,687 __init__ INFO] [emref] Running CNS Jobs n=20
[2026-02-06 04:17:22,687 libutil INFO] Selected 20 cores to process 20 jobs, with 32 maximum available cores.
[2026-02-06 04:17:22,687 libparallel INFO] Using 20 cores
[2026-02-06 04:17:29,482 libparallel INFO] 20 tasks finished
[2026-02-06 04:17:29,483 __init__ INFO] [emref] CNS jobs have finished
[2026-02-06 04:17:29,514 base_cns_module INFO] Module [emref] finished.
[2026-02-06 04:17:29,514 __init__ INFO] [emref] took 7 seconds
[2026-02-06 04:17:29,514 cli_analyse INFO] Running haddock3-analyse on ./, modules [], with top_cluster = 10
[2026-02-06 04:17:29,520 cli_analyse INFO] Created directory: /mnt/Data/PopOS/Data_Ana/Wu/clawdPorjects/HADDOCK_test/results/run_8IUY_Epi/analysis
[2026-02-06 04:17:29,521 cli_analyse INFO] Reading input run directory
[2026-02-06 04:17:29,521 cli_analyse INFO] selected steps: 0_topoaa, 1_rigidbody, 2_flexref, 3_emref
[2026-02-06 04:17:29,521 cli_analyse INFO] Analysing step 0_topoaa
[2026-02-06 04:17:29,521 cli_analyse WARNING] Could not execute the analysis for step 0_topoaa. The following error occurred 'dict' object has no attribute 'rel_path'
[2026-02-06 04:17:29,521 cli_analyse INFO] Analysing step 1_rigidbody
[2026-02-06 04:17:29,522 cli_unpack INFO] Unpacking '../1_rigidbody' folder
[2026-02-06 04:17:29,523 libtimer INFO] unpacking took 0 seconds
[2026-02-06 04:17:29,536 capri INFO] Found previous CNS step: 1_rigidbody
[2026-02-06 04:17:29,645 capri INFO] Saved scoring weights to: weights_params.json
[2026-02-06 04:17:29,645 __init__ INFO] [caprieval] No reference structure provided. Using the structure with the lowest score from previous step
[2026-02-06 04:17:29,727 libutil INFO] Selected 20 cores to process 20 jobs, with 32 maximum available cores.
[2026-02-06 04:17:29,727 libparallel INFO] Using 20 cores
[2026-02-06 04:17:30,171 libparallel INFO] 20 tasks finished
[2026-02-06 04:17:30,171 capri INFO] Rearranging cluster information into capri_clt.tsv
[2026-02-06 04:17:30,175 cli_clean INFO] Compressing '../1_rigidbody' folder
[2026-02-06 04:17:30,175 clean_steps INFO] Cleaning output for '../1_rigidbody' using 20 cores.
[2026-02-06 04:17:30,294 libtimer INFO] compressing took 0 seconds
[2026-02-06 04:17:30,294 cli_analyse INFO] CAPRI files identified
[2026-02-06 04:17:30,296 cli_analyse INFO] Plotting results..
[2026-02-06 04:17:31,508 cli_analyse INFO] Summary archive summary.tgz created!
[2026-02-06 04:17:31,508 cli_analyse INFO] Analysing step 2_flexref
[2026-02-06 04:17:31,510 cli_unpack INFO] Unpacking '../2_flexref' folder
[2026-02-06 04:17:31,511 libtimer INFO] unpacking took 0 seconds
[2026-02-06 04:17:31,524 capri INFO] Found previous CNS step: 2_flexref
[2026-02-06 04:17:31,761 capri INFO] Saved scoring weights to: weights_params.json
[2026-02-06 04:17:31,761 __init__ INFO] [caprieval] No reference structure provided. Using the structure with the lowest score from previous step
[2026-02-06 04:17:31,845 libutil INFO] Selected 20 cores to process 20 jobs, with 32 maximum available cores.
[2026-02-06 04:17:31,846 libparallel INFO] Using 20 cores
[2026-02-06 04:17:32,254 libparallel INFO] 20 tasks finished
[2026-02-06 04:17:32,255 capri INFO] Rearranging cluster information into capri_clt.tsv
[2026-02-06 04:17:32,263 cli_clean INFO] Compressing '../2_flexref' folder
[2026-02-06 04:17:32,263 clean_steps INFO] Cleaning output for '../2_flexref' using 20 cores.
[2026-02-06 04:17:32,389 libtimer INFO] compressing took 0 seconds
[2026-02-06 04:17:32,390 cli_analyse INFO] CAPRI files identified
[2026-02-06 04:17:32,391 cli_analyse INFO] Plotting results..
[2026-02-06 04:17:33,493 cli_analyse INFO] Summary archive summary.tgz created!
[2026-02-06 04:17:33,494 cli_analyse INFO] Analysing step 3_emref
[2026-02-06 04:17:33,496 cli_unpack INFO] Unpacking '../3_emref' folder
[2026-02-06 04:17:33,496 libtimer INFO] unpacking took 0 seconds
[2026-02-06 04:17:33,510 capri INFO] Found previous CNS step: 3_emref
[2026-02-06 04:17:33,611 capri INFO] Saved scoring weights to: weights_params.json
[2026-02-06 04:17:33,611 __init__ INFO] [caprieval] No reference structure provided. Using the structure with the lowest score from previous step
[2026-02-06 04:17:33,695 libutil INFO] Selected 20 cores to process 20 jobs, with 32 maximum available cores.
[2026-02-06 04:17:33,696 libparallel INFO] Using 20 cores
[2026-02-06 04:17:34,099 libparallel INFO] 20 tasks finished
[2026-02-06 04:17:34,100 capri INFO] Rearranging cluster information into capri_clt.tsv
[2026-02-06 04:17:34,109 cli_clean INFO] Compressing '../3_emref' folder
[2026-02-06 04:17:34,109 clean_steps INFO] Cleaning output for '../3_emref' using 20 cores.
[2026-02-06 04:17:34,240 libtimer INFO] compressing took 0 seconds
[2026-02-06 04:17:34,240 cli_analyse INFO] CAPRI files identified
[2026-02-06 04:17:34,243 cli_analyse INFO] Plotting results..
[2026-02-06 04:17:35,406 cli_analyse INFO] Summary archive summary.tgz created!
[2026-02-06 04:17:35,406 cli_analyse INFO] moving files to analysis folder
[2026-02-06 04:17:35,406 cli_analyse INFO] cancelling unsuccesful analysis folders
[2026-02-06 04:17:35,406 cli_analyse INFO] updating paths in analysis/1_rigidbody_analysis/capri_ss.tsv
[2026-02-06 04:17:35,407 cli_analyse INFO] View the results in analysis/1_rigidbody_analysis/report.html
[2026-02-06 04:17:35,407 cli_analyse INFO] To view structures or download the structure files, in a terminal run the command `python -m http.server --directory /mnt/Data/PopOS/Data_Ana/Wu/clawdPorjects/HADDOCK_test/results/run_8IUY_Epi`. By default, http server runs on `http://0.0.0.0:8000/`. Open the link http://0.0.0.0:8000/analysis/1_rigidbody_analysis/report.html in a web browser.
[2026-02-06 04:17:35,407 cli_analyse INFO] updating paths in analysis/2_flexref_analysis/capri_ss.tsv
[2026-02-06 04:17:35,407 cli_analyse INFO] View the results in analysis/2_flexref_analysis/report.html
[2026-02-06 04:17:35,407 cli_analyse INFO] To view structures or download the structure files, in a terminal run the command `python -m http.server --directory /mnt/Data/PopOS/Data_Ana/Wu/clawdPorjects/HADDOCK_test/results/run_8IUY_Epi`. By default, http server runs on `http://0.0.0.0:8000/`. Open the link http://0.0.0.0:8000/analysis/2_flexref_analysis/report.html in a web browser.
[2026-02-06 04:17:35,407 cli_analyse INFO] updating paths in analysis/3_emref_analysis/capri_ss.tsv
[2026-02-06 04:17:35,407 cli_analyse INFO] View the results in analysis/3_emref_analysis/report.html
[2026-02-06 04:17:35,407 cli_analyse INFO] To view structures or download the structure files, in a terminal run the command `python -m http.server --directory /mnt/Data/PopOS/Data_Ana/Wu/clawdPorjects/HADDOCK_test/results/run_8IUY_Epi`. By default, http server runs on `http://0.0.0.0:8000/`. Open the link http://0.0.0.0:8000/analysis/3_emref_analysis/report.html in a web browser.
[2026-02-06 04:17:35,407 cli_traceback INFO] Running haddock3-traceback on ./
[2026-02-06 04:17:35,407 cli_traceback INFO] Reading input run directory
[2026-02-06 04:17:35,407 cli_traceback INFO] All_steps: 0_topoaa, 1_rigidbody, 2_flexref, 3_emref
[2026-02-06 04:17:35,407 cli_traceback INFO] Modules not to be analysed: 0_topoaa
[2026-02-06 04:17:35,408 cli_traceback INFO] Steps to trace back: 1_rigidbody, 2_flexref, 3_emref
[2026-02-06 04:17:35,408 cli_traceback INFO] Created directory: /mnt/Data/PopOS/Data_Ana/Wu/clawdPorjects/HADDOCK_test/results/run_8IUY_Epi/traceback
[2026-02-06 04:17:35,408 cli_traceback INFO] Tracing back step 3_emref
[2026-02-06 04:17:35,410 cli_traceback INFO] Tracing back step 2_flexref
[2026-02-06 04:17:35,412 cli_traceback INFO] Tracing back step 1_rigidbody
[2026-02-06 04:17:35,416 cli_traceback INFO] Output dataframe traceback/traceback.tsv created with shape (20, 8)
[2026-02-06 04:17:35,442 clean_steps INFO] Cleaning output for '0_topoaa' using 20 cores.
[2026-02-06 04:17:35,580 libtimer INFO] cleaning output files took 0 seconds
[2026-02-06 04:17:35,580 clean_steps INFO] Cleaning output for '1_rigidbody' using 20 cores.
[2026-02-06 04:17:35,588 libtimer INFO] cleaning output files took 0 seconds
[2026-02-06 04:17:35,589 clean_steps INFO] Cleaning output for '2_flexref' using 20 cores.
[2026-02-06 04:17:35,599 libtimer INFO] cleaning output files took 0 seconds
[2026-02-06 04:17:35,599 clean_steps INFO] Cleaning output for '3_emref' using 20 cores.
[2026-02-06 04:17:35,615 libtimer INFO] cleaning output files took 0 seconds
[2026-02-06 04:17:35,615 cli INFO] This HADDOCK3 run took: 1 minute and 59 seconds
[2026-02-06 04:17:35,616 greetings INFO] Your feedback matters in Haddock3! Share your experience and help us grow:
[2026-02-06 04:17:35,616 greetings INFO] GitHub issues: https://github.com/haddocking/haddock3/issues
[2026-02-06 04:17:35,616 greetings INFO] BioExcel feedback: https://www.bonvinlab.org/feedback
[2026-02-06 04:17:35,616 greetings INFO] BioExcel forum: https://ask.bioexcel.eu/c/haddock/6
[2026-02-06 04:17:35,616 cli INFO] Finished at 06/02/2026 04:17:35. Au revoir! La revedere! Dovidenia!
