[2026-02-13 12:56:10,832 cli INFO] 
##############################################
#                                            #
#                 HADDOCK3                   #
#                                            #
##############################################

!! Some of the HADDOCK3 components use CNS (Crystallographic and NMR System) which is free of use for non-profit applications. !!
!! For commercial use it is your own responsibility to have a proper license. !!
!! For details refer to the DISCLAIMER file in the HADDOCK3 repository. !!

Starting HADDOCK3 v2024.10.0b7 on 2026-02-13 12:56:00

Python 3.10.12 (main, Feb  4 2025, 14:57:36) [GCC 11.4.0]

[2026-02-13 12:56:14,583 libworkflow INFO] Reading instructions step 0_topoaa
[2026-02-13 12:56:14,583 libworkflow INFO] Reading instructions step 1_rigidbody
[2026-02-13 12:56:14,583 libworkflow INFO] Reading instructions step 2_flexref
[2026-02-13 12:56:14,583 libworkflow INFO] Reading instructions step 3_emref
[2026-02-13 12:56:14,597 base_cns_module INFO] Running [topoaa] module
[2026-02-13 12:56:14,597 __init__ INFO] [topoaa] Molecule 1: receptor_single_Pos_CCTAGCTGTACATTCT-1_contig_1_1.pdb
[2026-02-13 12:56:14,599 __init__ INFO] [topoaa] Sanitizing molecule receptor_single_Pos_CCTAGCTGTACATTCT-1_contig_1_1.pdb
[2026-02-13 12:56:14,605 __init__ INFO] [topoaa] Topology CNS input created
[2026-02-13 12:56:14,605 __init__ INFO] [topoaa] Molecule 2: ligand_single_Pos_CCTAGCTGTACATTCT-1_contig_1_1.pdb
[2026-02-13 12:56:14,607 __init__ INFO] [topoaa] Sanitizing molecule ligand_single_Pos_CCTAGCTGTACATTCT-1_contig_1_1.pdb
[2026-02-13 12:56:14,613 __init__ INFO] [topoaa] Topology CNS input created
[2026-02-13 12:56:14,613 __init__ INFO] [topoaa] Running CNS Jobs n=2
[2026-02-13 12:56:14,613 libutil INFO] Selected 2 cores to process 2 jobs, with 32 maximum available cores.
[2026-02-13 12:56:14,615 libparallel INFO] Using 2 cores
[2026-02-13 12:56:17,859 libparallel INFO] 2 tasks finished
[2026-02-13 12:56:17,860 __init__ INFO] [topoaa] CNS jobs have finished
[2026-02-13 12:56:17,862 base_cns_module INFO] Module [topoaa] finished.
[2026-02-13 12:56:17,862 __init__ INFO] [topoaa] took 3 seconds
[2026-02-13 12:56:18,202 base_cns_module INFO] Running [rigidbody] module
[2026-02-13 12:56:18,203 __init__ INFO] [rigidbody] crossdock=true
[2026-02-13 12:56:18,203 __init__ INFO] [rigidbody] Preparing jobs...
[2026-02-13 12:56:18,205 libutil INFO] Selected 20 cores to process 20 jobs, with 32 maximum available cores.
[2026-02-13 12:56:18,205 libparallel INFO] Using 20 cores
[2026-02-13 12:56:18,234 libparallel INFO] 20 tasks finished
[2026-02-13 12:56:18,234 __init__ INFO] [rigidbody] Preparation took 0.031522 seconds
[2026-02-13 12:56:18,236 __init__ INFO] [rigidbody] Running CNS Jobs n=20
[2026-02-13 12:56:18,236 libutil INFO] Selected 20 cores to process 20 jobs, with 32 maximum available cores.
[2026-02-13 12:56:18,236 libparallel INFO] Using 20 cores
[2026-02-13 12:56:29,267 libparallel INFO] 20 tasks finished
[2026-02-13 12:56:29,267 __init__ INFO] [rigidbody] CNS jobs have finished
[2026-02-13 12:56:29,328 base_cns_module INFO] Module [rigidbody] finished.
[2026-02-13 12:56:29,329 __init__ INFO] [rigidbody] took 11 seconds
[2026-02-13 12:56:29,719 base_cns_module INFO] Running [flexref] module
[2026-02-13 12:56:29,778 __init__ INFO] [flexref] Running CNS Jobs n=20
[2026-02-13 12:56:29,778 libutil INFO] Selected 20 cores to process 20 jobs, with 32 maximum available cores.
[2026-02-13 12:56:29,778 libparallel INFO] Using 20 cores
[2026-02-13 12:58:07,816 libparallel INFO] 20 tasks finished
[2026-02-13 12:58:07,817 __init__ INFO] [flexref] CNS jobs have finished
[2026-02-13 12:58:07,852 base_cns_module INFO] Module [flexref] finished.
[2026-02-13 12:58:07,852 __init__ INFO] [flexref] took 1 minute and 38 seconds
[2026-02-13 12:58:08,196 base_cns_module INFO] Running [emref] module
[2026-02-13 12:58:08,253 __init__ INFO] [emref] Running CNS Jobs n=20
[2026-02-13 12:58:08,253 libutil INFO] Selected 20 cores to process 20 jobs, with 32 maximum available cores.
[2026-02-13 12:58:08,253 libparallel INFO] Using 20 cores
[2026-02-13 12:58:15,808 libparallel INFO] 20 tasks finished
[2026-02-13 12:58:15,809 __init__ INFO] [emref] CNS jobs have finished
[2026-02-13 12:58:15,846 base_cns_module INFO] Module [emref] finished.
[2026-02-13 12:58:15,846 __init__ INFO] [emref] took 8 seconds
[2026-02-13 12:58:15,847 cli_analyse INFO] Running haddock3-analyse on ./, modules [], with top_cluster = 10
[2026-02-13 12:58:15,853 cli_analyse INFO] Created directory: /mnt/Data/PopOS/Data_Ana/Wu/clawdPorjects/HADDOCK_test/results/run_Pos_CCTAGCTGTACATTCT-1_contig_1_1/analysis
[2026-02-13 12:58:15,853 cli_analyse INFO] Reading input run directory
[2026-02-13 12:58:15,853 cli_analyse INFO] selected steps: 0_topoaa, 1_rigidbody, 2_flexref, 3_emref
[2026-02-13 12:58:15,854 cli_analyse INFO] Analysing step 0_topoaa
[2026-02-13 12:58:15,854 cli_analyse WARNING] Could not execute the analysis for step 0_topoaa. The following error occurred 'dict' object has no attribute 'rel_path'
[2026-02-13 12:58:15,854 cli_analyse INFO] Analysing step 1_rigidbody
[2026-02-13 12:58:15,855 cli_unpack INFO] Unpacking '../1_rigidbody' folder
[2026-02-13 12:58:15,856 libtimer INFO] unpacking took 0 seconds
[2026-02-13 12:58:15,869 capri INFO] Found previous CNS step: 1_rigidbody
[2026-02-13 12:58:15,978 capri INFO] Saved scoring weights to: weights_params.json
[2026-02-13 12:58:15,978 __init__ INFO] [caprieval] No reference structure provided. Using the structure with the lowest score from previous step
[2026-02-13 12:58:16,067 libutil INFO] Selected 20 cores to process 20 jobs, with 32 maximum available cores.
[2026-02-13 12:58:16,067 libparallel INFO] Using 20 cores
[2026-02-13 12:58:16,644 libparallel INFO] 20 tasks finished
[2026-02-13 12:58:16,645 capri INFO] Rearranging cluster information into capri_clt.tsv
[2026-02-13 12:58:16,652 cli_clean INFO] Compressing '../1_rigidbody' folder
[2026-02-13 12:58:16,652 clean_steps INFO] Cleaning output for '../1_rigidbody' using 20 cores.
[2026-02-13 12:58:16,800 libtimer INFO] compressing took 0 seconds
[2026-02-13 12:58:16,800 cli_analyse INFO] CAPRI files identified
[2026-02-13 12:58:16,803 cli_analyse INFO] Plotting results..
[2026-02-13 12:58:18,056 cli_analyse INFO] Summary archive summary.tgz created!
[2026-02-13 12:58:18,056 cli_analyse INFO] Analysing step 2_flexref
[2026-02-13 12:58:18,058 cli_unpack INFO] Unpacking '../2_flexref' folder
[2026-02-13 12:58:18,058 libtimer INFO] unpacking took 0 seconds
[2026-02-13 12:58:18,071 capri INFO] Found previous CNS step: 2_flexref
[2026-02-13 12:58:18,309 capri INFO] Saved scoring weights to: weights_params.json
[2026-02-13 12:58:18,309 __init__ INFO] [caprieval] No reference structure provided. Using the structure with the lowest score from previous step
[2026-02-13 12:58:18,399 libutil INFO] Selected 20 cores to process 20 jobs, with 32 maximum available cores.
[2026-02-13 12:58:18,399 libparallel INFO] Using 20 cores
[2026-02-13 12:58:18,827 libparallel INFO] 20 tasks finished
[2026-02-13 12:58:18,829 capri INFO] Rearranging cluster information into capri_clt.tsv
[2026-02-13 12:58:18,836 cli_clean INFO] Compressing '../2_flexref' folder
[2026-02-13 12:58:18,836 clean_steps INFO] Cleaning output for '../2_flexref' using 20 cores.
[2026-02-13 12:58:18,966 libtimer INFO] compressing took 0 seconds
[2026-02-13 12:58:18,967 cli_analyse INFO] CAPRI files identified
[2026-02-13 12:58:18,968 cli_analyse INFO] Plotting results..
[2026-02-13 12:58:20,102 cli_analyse INFO] Summary archive summary.tgz created!
[2026-02-13 12:58:20,103 cli_analyse INFO] Analysing step 3_emref
[2026-02-13 12:58:20,105 cli_unpack INFO] Unpacking '../3_emref' folder
[2026-02-13 12:58:20,105 libtimer INFO] unpacking took 0 seconds
[2026-02-13 12:58:20,118 capri INFO] Found previous CNS step: 3_emref
[2026-02-13 12:58:20,220 capri INFO] Saved scoring weights to: weights_params.json
[2026-02-13 12:58:20,220 __init__ INFO] [caprieval] No reference structure provided. Using the structure with the lowest score from previous step
[2026-02-13 12:58:20,308 libutil INFO] Selected 20 cores to process 20 jobs, with 32 maximum available cores.
[2026-02-13 12:58:20,308 libparallel INFO] Using 20 cores
[2026-02-13 12:58:20,725 libparallel INFO] 20 tasks finished
[2026-02-13 12:58:20,726 capri INFO] Rearranging cluster information into capri_clt.tsv
[2026-02-13 12:58:20,732 cli_clean INFO] Compressing '../3_emref' folder
[2026-02-13 12:58:20,733 clean_steps INFO] Cleaning output for '../3_emref' using 20 cores.
[2026-02-13 12:58:20,872 libtimer INFO] compressing took 0 seconds
[2026-02-13 12:58:20,872 cli_analyse INFO] CAPRI files identified
[2026-02-13 12:58:20,874 cli_analyse INFO] Plotting results..
[2026-02-13 12:58:22,000 cli_analyse INFO] Summary archive summary.tgz created!
[2026-02-13 12:58:22,000 cli_analyse INFO] moving files to analysis folder
[2026-02-13 12:58:22,001 cli_analyse INFO] cancelling unsuccesful analysis folders
[2026-02-13 12:58:22,001 cli_analyse INFO] updating paths in analysis/1_rigidbody_analysis/capri_ss.tsv
[2026-02-13 12:58:22,001 cli_analyse INFO] View the results in analysis/1_rigidbody_analysis/report.html
[2026-02-13 12:58:22,001 cli_analyse INFO] To view structures or download the structure files, in a terminal run the command `python -m http.server --directory /mnt/Data/PopOS/Data_Ana/Wu/clawdPorjects/HADDOCK_test/results/run_Pos_CCTAGCTGTACATTCT-1_contig_1_1`. By default, http server runs on `http://0.0.0.0:8000/`. Open the link http://0.0.0.0:8000/analysis/1_rigidbody_analysis/report.html in a web browser.
[2026-02-13 12:58:22,001 cli_analyse INFO] updating paths in analysis/2_flexref_analysis/capri_ss.tsv
[2026-02-13 12:58:22,001 cli_analyse INFO] View the results in analysis/2_flexref_analysis/report.html
[2026-02-13 12:58:22,001 cli_analyse INFO] To view structures or download the structure files, in a terminal run the command `python -m http.server --directory /mnt/Data/PopOS/Data_Ana/Wu/clawdPorjects/HADDOCK_test/results/run_Pos_CCTAGCTGTACATTCT-1_contig_1_1`. By default, http server runs on `http://0.0.0.0:8000/`. Open the link http://0.0.0.0:8000/analysis/2_flexref_analysis/report.html in a web browser.
[2026-02-13 12:58:22,001 cli_analyse INFO] updating paths in analysis/3_emref_analysis/capri_ss.tsv
[2026-02-13 12:58:22,001 cli_analyse INFO] View the results in analysis/3_emref_analysis/report.html
[2026-02-13 12:58:22,001 cli_analyse INFO] To view structures or download the structure files, in a terminal run the command `python -m http.server --directory /mnt/Data/PopOS/Data_Ana/Wu/clawdPorjects/HADDOCK_test/results/run_Pos_CCTAGCTGTACATTCT-1_contig_1_1`. By default, http server runs on `http://0.0.0.0:8000/`. Open the link http://0.0.0.0:8000/analysis/3_emref_analysis/report.html in a web browser.
[2026-02-13 12:58:22,001 cli_traceback INFO] Running haddock3-traceback on ./
[2026-02-13 12:58:22,001 cli_traceback INFO] Reading input run directory
[2026-02-13 12:58:22,002 cli_traceback INFO] All_steps: 0_topoaa, 1_rigidbody, 2_flexref, 3_emref
[2026-02-13 12:58:22,002 cli_traceback INFO] Modules not to be analysed: 0_topoaa
[2026-02-13 12:58:22,002 cli_traceback INFO] Steps to trace back: 1_rigidbody, 2_flexref, 3_emref
[2026-02-13 12:58:22,002 cli_traceback INFO] Created directory: /mnt/Data/PopOS/Data_Ana/Wu/clawdPorjects/HADDOCK_test/results/run_Pos_CCTAGCTGTACATTCT-1_contig_1_1/traceback
[2026-02-13 12:58:22,002 cli_traceback INFO] Tracing back step 3_emref
[2026-02-13 12:58:22,004 cli_traceback INFO] Tracing back step 2_flexref
[2026-02-13 12:58:22,006 cli_traceback INFO] Tracing back step 1_rigidbody
[2026-02-13 12:58:22,010 cli_traceback INFO] Output dataframe traceback/traceback.tsv created with shape (20, 8)
[2026-02-13 12:58:22,038 clean_steps INFO] Cleaning output for '0_topoaa' using 20 cores.
[2026-02-13 12:58:22,166 libtimer INFO] cleaning output files took 0 seconds
[2026-02-13 12:58:22,166 clean_steps INFO] Cleaning output for '1_rigidbody' using 20 cores.
[2026-02-13 12:58:22,175 libtimer INFO] cleaning output files took 0 seconds
[2026-02-13 12:58:22,175 clean_steps INFO] Cleaning output for '2_flexref' using 20 cores.
[2026-02-13 12:58:22,184 libtimer INFO] cleaning output files took 0 seconds
[2026-02-13 12:58:22,185 clean_steps INFO] Cleaning output for '3_emref' using 20 cores.
[2026-02-13 12:58:22,198 libtimer INFO] cleaning output files took 0 seconds
[2026-02-13 12:58:22,199 cli INFO] This HADDOCK3 run took: 2 minutes and 11 seconds
[2026-02-13 12:58:22,199 greetings INFO] Your feedback matters in Haddock3! Share your experience and help us grow:
[2026-02-13 12:58:22,199 greetings INFO] GitHub issues: https://github.com/haddocking/haddock3/issues
[2026-02-13 12:58:22,199 greetings INFO] BioExcel feedback: https://www.bonvinlab.org/feedback
[2026-02-13 12:58:22,199 greetings INFO] BioExcel forum: https://ask.bioexcel.eu/c/haddock/6
[2026-02-13 12:58:22,199 cli INFO] Finished at 13/02/2026 12:58:22. Tot ziens! Good bye! 再见!
