[2026-02-13 10:37:45,672 cli INFO] 
##############################################
#                                            #
#                 HADDOCK3                   #
#                                            #
##############################################

!! Some of the HADDOCK3 components use CNS (Crystallographic and NMR System) which is free of use for non-profit applications. !!
!! For commercial use it is your own responsibility to have a proper license. !!
!! For details refer to the DISCLAIMER file in the HADDOCK3 repository. !!

Starting HADDOCK3 v2024.10.0b7 on 2026-02-13 10:37:00

Python 3.10.12 (main, Feb  4 2025, 14:57:36) [GCC 11.4.0]

[2026-02-13 10:37:49,415 libworkflow INFO] Reading instructions step 0_topoaa
[2026-02-13 10:37:49,415 libworkflow INFO] Reading instructions step 1_rigidbody
[2026-02-13 10:37:49,415 libworkflow INFO] Reading instructions step 2_flexref
[2026-02-13 10:37:49,415 libworkflow INFO] Reading instructions step 3_emref
[2026-02-13 10:37:49,429 base_cns_module INFO] Running [topoaa] module
[2026-02-13 10:37:49,429 __init__ INFO] [topoaa] Molecule 1: receptor_single_Neg_AGTGATCGTGTTAGGT-1_contig_1_1.pdb
[2026-02-13 10:37:49,430 __init__ INFO] [topoaa] Sanitizing molecule receptor_single_Neg_AGTGATCGTGTTAGGT-1_contig_1_1.pdb
[2026-02-13 10:37:49,438 __init__ INFO] [topoaa] Topology CNS input created
[2026-02-13 10:37:49,438 __init__ INFO] [topoaa] Molecule 2: ligand_single_Neg_AGTGATCGTGTTAGGT-1_contig_1_1.pdb
[2026-02-13 10:37:49,439 __init__ INFO] [topoaa] Sanitizing molecule ligand_single_Neg_AGTGATCGTGTTAGGT-1_contig_1_1.pdb
[2026-02-13 10:37:49,446 __init__ INFO] [topoaa] Topology CNS input created
[2026-02-13 10:37:49,446 __init__ INFO] [topoaa] Running CNS Jobs n=2
[2026-02-13 10:37:49,446 libutil INFO] Selected 2 cores to process 2 jobs, with 32 maximum available cores.
[2026-02-13 10:37:49,447 libparallel INFO] Using 2 cores
[2026-02-13 10:37:52,683 libparallel INFO] 2 tasks finished
[2026-02-13 10:37:52,684 __init__ INFO] [topoaa] CNS jobs have finished
[2026-02-13 10:37:52,686 base_cns_module INFO] Module [topoaa] finished.
[2026-02-13 10:37:52,686 __init__ INFO] [topoaa] took 3 seconds
[2026-02-13 10:37:53,032 base_cns_module INFO] Running [rigidbody] module
[2026-02-13 10:37:53,032 __init__ INFO] [rigidbody] crossdock=true
[2026-02-13 10:37:53,033 __init__ INFO] [rigidbody] Preparing jobs...
[2026-02-13 10:37:53,034 libutil INFO] Selected 20 cores to process 20 jobs, with 32 maximum available cores.
[2026-02-13 10:37:53,035 libparallel INFO] Using 20 cores
[2026-02-13 10:37:53,062 libparallel INFO] 20 tasks finished
[2026-02-13 10:37:53,062 __init__ INFO] [rigidbody] Preparation took 0.02989 seconds
[2026-02-13 10:37:53,064 __init__ INFO] [rigidbody] Running CNS Jobs n=20
[2026-02-13 10:37:53,064 libutil INFO] Selected 20 cores to process 20 jobs, with 32 maximum available cores.
[2026-02-13 10:37:53,064 libparallel INFO] Using 20 cores
[2026-02-13 10:38:04,169 libparallel INFO] 20 tasks finished
[2026-02-13 10:38:04,169 __init__ INFO] [rigidbody] CNS jobs have finished
[2026-02-13 10:38:04,197 base_cns_module INFO] Module [rigidbody] finished.
[2026-02-13 10:38:04,197 __init__ INFO] [rigidbody] took 11 seconds
[2026-02-13 10:38:04,585 base_cns_module INFO] Running [flexref] module
[2026-02-13 10:38:04,643 __init__ INFO] [flexref] Running CNS Jobs n=20
[2026-02-13 10:38:04,643 libutil INFO] Selected 20 cores to process 20 jobs, with 32 maximum available cores.
[2026-02-13 10:38:04,643 libparallel INFO] Using 20 cores
[2026-02-13 10:39:36,685 libparallel INFO] 20 tasks finished
[2026-02-13 10:39:36,698 __init__ INFO] [flexref] CNS jobs have finished
[2026-02-13 10:39:37,618 base_cns_module INFO] Module [flexref] finished.
[2026-02-13 10:39:37,621 __init__ INFO] [flexref] took 1 minute and 33 seconds
[2026-02-13 10:39:38,084 base_cns_module INFO] Running [emref] module
[2026-02-13 10:39:38,577 __init__ INFO] [emref] Running CNS Jobs n=20
[2026-02-13 10:39:38,577 libutil INFO] Selected 20 cores to process 20 jobs, with 32 maximum available cores.
[2026-02-13 10:39:38,578 libparallel INFO] Using 20 cores
[2026-02-13 10:39:46,703 libparallel INFO] 20 tasks finished
[2026-02-13 10:39:46,711 __init__ INFO] [emref] CNS jobs have finished
[2026-02-13 10:39:47,529 base_cns_module INFO] Module [emref] finished.
[2026-02-13 10:39:47,530 __init__ INFO] [emref] took 9 seconds
[2026-02-13 10:39:47,553 cli_analyse INFO] Running haddock3-analyse on ./, modules [], with top_cluster = 10
[2026-02-13 10:39:47,613 cli_analyse INFO] Created directory: /mnt/Data/PopOS/Data_Ana/Wu/clawdPorjects/HADDOCK_test/results/run_Neg_AGTGATCGTGTTAGGT-1_contig_1_1/analysis
[2026-02-13 10:39:47,613 cli_analyse INFO] Reading input run directory
[2026-02-13 10:39:47,628 cli_analyse INFO] selected steps: 0_topoaa, 1_rigidbody, 2_flexref, 3_emref
[2026-02-13 10:39:47,629 cli_analyse INFO] Analysing step 0_topoaa
[2026-02-13 10:39:47,630 cli_analyse WARNING] Could not execute the analysis for step 0_topoaa. The following error occurred 'dict' object has no attribute 'rel_path'
[2026-02-13 10:39:47,631 cli_analyse INFO] Analysing step 1_rigidbody
[2026-02-13 10:39:47,636 cli_unpack INFO] Unpacking '../1_rigidbody' folder
[2026-02-13 10:39:47,638 libtimer INFO] unpacking took 0 seconds
[2026-02-13 10:39:47,655 capri INFO] Found previous CNS step: 1_rigidbody
[2026-02-13 10:39:47,796 capri INFO] Saved scoring weights to: weights_params.json
[2026-02-13 10:39:47,808 __init__ INFO] [caprieval] No reference structure provided. Using the structure with the lowest score from previous step
[2026-02-13 10:39:48,617 libutil INFO] Selected 20 cores to process 20 jobs, with 32 maximum available cores.
[2026-02-13 10:39:48,627 libparallel INFO] Using 20 cores
[2026-02-13 10:39:49,179 libparallel INFO] 20 tasks finished
[2026-02-13 10:39:49,227 capri INFO] Rearranging cluster information into capri_clt.tsv
[2026-02-13 10:39:49,273 cli_clean INFO] Compressing '../1_rigidbody' folder
[2026-02-13 10:39:49,291 clean_steps INFO] Cleaning output for '../1_rigidbody' using 20 cores.
[2026-02-13 10:39:49,517 libtimer INFO] compressing took 0 seconds
[2026-02-13 10:39:49,517 cli_analyse INFO] CAPRI files identified
[2026-02-13 10:39:49,520 cli_analyse INFO] Plotting results..
[2026-02-13 10:39:56,578 cli_analyse INFO] Summary archive summary.tgz created!
[2026-02-13 10:39:56,586 cli_analyse INFO] Analysing step 2_flexref
[2026-02-13 10:39:56,598 cli_unpack INFO] Unpacking '../2_flexref' folder
[2026-02-13 10:39:56,599 libtimer INFO] unpacking took 0 seconds
[2026-02-13 10:39:56,627 capri INFO] Found previous CNS step: 2_flexref
[2026-02-13 10:39:56,869 capri INFO] Saved scoring weights to: weights_params.json
[2026-02-13 10:39:56,903 __init__ INFO] [caprieval] No reference structure provided. Using the structure with the lowest score from previous step
[2026-02-13 10:39:57,596 libutil INFO] Selected 20 cores to process 20 jobs, with 32 maximum available cores.
[2026-02-13 10:39:57,598 libparallel INFO] Using 20 cores
[2026-02-13 10:39:58,127 libparallel INFO] 20 tasks finished
[2026-02-13 10:39:58,127 capri INFO] Rearranging cluster information into capri_clt.tsv
[2026-02-13 10:39:58,155 cli_clean INFO] Compressing '../2_flexref' folder
[2026-02-13 10:39:58,155 clean_steps INFO] Cleaning output for '../2_flexref' using 20 cores.
[2026-02-13 10:39:58,335 libtimer INFO] compressing took 0 seconds
[2026-02-13 10:39:58,343 cli_analyse INFO] CAPRI files identified
[2026-02-13 10:39:58,360 cli_analyse INFO] Plotting results..
[2026-02-13 10:40:00,238 cli_analyse INFO] Summary archive summary.tgz created!
[2026-02-13 10:40:00,239 cli_analyse INFO] Analysing step 3_emref
[2026-02-13 10:40:00,243 cli_unpack INFO] Unpacking '../3_emref' folder
[2026-02-13 10:40:00,248 libtimer INFO] unpacking took 0 seconds
[2026-02-13 10:40:00,265 capri INFO] Found previous CNS step: 3_emref
[2026-02-13 10:40:00,368 capri INFO] Saved scoring weights to: weights_params.json
[2026-02-13 10:40:00,368 __init__ INFO] [caprieval] No reference structure provided. Using the structure with the lowest score from previous step
[2026-02-13 10:40:00,817 libutil INFO] Selected 20 cores to process 20 jobs, with 32 maximum available cores.
[2026-02-13 10:40:00,822 libparallel INFO] Using 20 cores
[2026-02-13 10:40:01,481 libparallel INFO] 20 tasks finished
[2026-02-13 10:40:01,490 capri INFO] Rearranging cluster information into capri_clt.tsv
[2026-02-13 10:40:01,524 cli_clean INFO] Compressing '../3_emref' folder
[2026-02-13 10:40:01,524 clean_steps INFO] Cleaning output for '../3_emref' using 20 cores.
[2026-02-13 10:40:01,706 libtimer INFO] compressing took 0 seconds
[2026-02-13 10:40:01,707 cli_analyse INFO] CAPRI files identified
[2026-02-13 10:40:01,717 cli_analyse INFO] Plotting results..
[2026-02-13 10:40:03,636 cli_analyse INFO] Summary archive summary.tgz created!
[2026-02-13 10:40:03,636 cli_analyse INFO] moving files to analysis folder
[2026-02-13 10:40:03,637 cli_analyse INFO] cancelling unsuccesful analysis folders
[2026-02-13 10:40:03,643 cli_analyse INFO] updating paths in analysis/1_rigidbody_analysis/capri_ss.tsv
[2026-02-13 10:40:03,644 cli_analyse INFO] View the results in analysis/1_rigidbody_analysis/report.html
[2026-02-13 10:40:03,644 cli_analyse INFO] To view structures or download the structure files, in a terminal run the command `python -m http.server --directory /mnt/Data/PopOS/Data_Ana/Wu/clawdPorjects/HADDOCK_test/results/run_Neg_AGTGATCGTGTTAGGT-1_contig_1_1`. By default, http server runs on `http://0.0.0.0:8000/`. Open the link http://0.0.0.0:8000/analysis/1_rigidbody_analysis/report.html in a web browser.
[2026-02-13 10:40:03,644 cli_analyse INFO] updating paths in analysis/2_flexref_analysis/capri_ss.tsv
[2026-02-13 10:40:03,644 cli_analyse INFO] View the results in analysis/2_flexref_analysis/report.html
[2026-02-13 10:40:03,644 cli_analyse INFO] To view structures or download the structure files, in a terminal run the command `python -m http.server --directory /mnt/Data/PopOS/Data_Ana/Wu/clawdPorjects/HADDOCK_test/results/run_Neg_AGTGATCGTGTTAGGT-1_contig_1_1`. By default, http server runs on `http://0.0.0.0:8000/`. Open the link http://0.0.0.0:8000/analysis/2_flexref_analysis/report.html in a web browser.
[2026-02-13 10:40:03,644 cli_analyse INFO] updating paths in analysis/3_emref_analysis/capri_ss.tsv
[2026-02-13 10:40:03,644 cli_analyse INFO] View the results in analysis/3_emref_analysis/report.html
[2026-02-13 10:40:03,644 cli_analyse INFO] To view structures or download the structure files, in a terminal run the command `python -m http.server --directory /mnt/Data/PopOS/Data_Ana/Wu/clawdPorjects/HADDOCK_test/results/run_Neg_AGTGATCGTGTTAGGT-1_contig_1_1`. By default, http server runs on `http://0.0.0.0:8000/`. Open the link http://0.0.0.0:8000/analysis/3_emref_analysis/report.html in a web browser.
[2026-02-13 10:40:03,644 cli_traceback INFO] Running haddock3-traceback on ./
[2026-02-13 10:40:03,645 cli_traceback INFO] Reading input run directory
[2026-02-13 10:40:03,645 cli_traceback INFO] All_steps: 0_topoaa, 1_rigidbody, 2_flexref, 3_emref
[2026-02-13 10:40:03,645 cli_traceback INFO] Modules not to be analysed: 0_topoaa
[2026-02-13 10:40:03,645 cli_traceback INFO] Steps to trace back: 1_rigidbody, 2_flexref, 3_emref
[2026-02-13 10:40:03,653 cli_traceback INFO] Created directory: /mnt/Data/PopOS/Data_Ana/Wu/clawdPorjects/HADDOCK_test/results/run_Neg_AGTGATCGTGTTAGGT-1_contig_1_1/traceback
[2026-02-13 10:40:03,653 cli_traceback INFO] Tracing back step 3_emref
[2026-02-13 10:40:03,660 cli_traceback INFO] Tracing back step 2_flexref
[2026-02-13 10:40:03,667 cli_traceback INFO] Tracing back step 1_rigidbody
[2026-02-13 10:40:03,687 cli_traceback INFO] Output dataframe traceback/traceback.tsv created with shape (20, 8)
[2026-02-13 10:40:03,849 clean_steps INFO] Cleaning output for '0_topoaa' using 20 cores.
[2026-02-13 10:40:04,066 libtimer INFO] cleaning output files took 0 seconds
[2026-02-13 10:40:04,066 clean_steps INFO] Cleaning output for '1_rigidbody' using 20 cores.
[2026-02-13 10:40:04,097 libtimer INFO] cleaning output files took 0 seconds
[2026-02-13 10:40:04,103 clean_steps INFO] Cleaning output for '2_flexref' using 20 cores.
[2026-02-13 10:40:04,130 libtimer INFO] cleaning output files took 0 seconds
[2026-02-13 10:40:04,130 clean_steps INFO] Cleaning output for '3_emref' using 20 cores.
[2026-02-13 10:40:04,149 libtimer INFO] cleaning output files took 0 seconds
[2026-02-13 10:40:04,149 cli INFO] This HADDOCK3 run took: 2 minutes and 18 seconds
[2026-02-13 10:40:04,149 greetings INFO] Your feedback matters in Haddock3! Share your experience and help us grow:
[2026-02-13 10:40:04,149 greetings INFO] GitHub issues: https://github.com/haddocking/haddock3/issues
[2026-02-13 10:40:04,149 greetings INFO] BioExcel feedback: https://www.bonvinlab.org/feedback
[2026-02-13 10:40:04,149 greetings INFO] BioExcel forum: https://ask.bioexcel.eu/c/haddock/6
[2026-02-13 10:40:04,150 cli INFO] Finished at 13/02/2026 10:40:04. 再见! Até logo! Adéu-siau!
