[2026-02-13 10:52:54,189 cli INFO] 
##############################################
#                                            #
#                 HADDOCK3                   #
#                                            #
##############################################

!! Some of the HADDOCK3 components use CNS (Crystallographic and NMR System) which is free of use for non-profit applications. !!
!! For commercial use it is your own responsibility to have a proper license. !!
!! For details refer to the DISCLAIMER file in the HADDOCK3 repository. !!

Starting HADDOCK3 v2024.10.0b7 on 2026-02-13 10:52:00

Python 3.10.12 (main, Feb  4 2025, 14:57:36) [GCC 11.4.0]

[2026-02-13 10:52:57,861 libworkflow INFO] Reading instructions step 0_topoaa
[2026-02-13 10:52:57,861 libworkflow INFO] Reading instructions step 1_rigidbody
[2026-02-13 10:52:57,861 libworkflow INFO] Reading instructions step 2_flexref
[2026-02-13 10:52:57,862 libworkflow INFO] Reading instructions step 3_emref
[2026-02-13 10:52:57,875 base_cns_module INFO] Running [topoaa] module
[2026-02-13 10:52:57,875 __init__ INFO] [topoaa] Molecule 1: receptor_single_Neg_ATTGGGCTCCACGAGT-1_contig_1_1.pdb
[2026-02-13 10:52:57,877 __init__ INFO] [topoaa] Sanitizing molecule receptor_single_Neg_ATTGGGCTCCACGAGT-1_contig_1_1.pdb
[2026-02-13 10:52:57,884 __init__ INFO] [topoaa] Topology CNS input created
[2026-02-13 10:52:57,884 __init__ INFO] [topoaa] Molecule 2: ligand_single_Neg_ATTGGGCTCCACGAGT-1_contig_1_1.pdb
[2026-02-13 10:52:57,885 __init__ INFO] [topoaa] Sanitizing molecule ligand_single_Neg_ATTGGGCTCCACGAGT-1_contig_1_1.pdb
[2026-02-13 10:52:57,891 __init__ INFO] [topoaa] Topology CNS input created
[2026-02-13 10:52:57,891 __init__ INFO] [topoaa] Running CNS Jobs n=2
[2026-02-13 10:52:57,891 libutil INFO] Selected 2 cores to process 2 jobs, with 32 maximum available cores.
[2026-02-13 10:52:57,892 libparallel INFO] Using 2 cores
[2026-02-13 10:53:01,117 libparallel INFO] 2 tasks finished
[2026-02-13 10:53:01,118 __init__ INFO] [topoaa] CNS jobs have finished
[2026-02-13 10:53:01,120 base_cns_module INFO] Module [topoaa] finished.
[2026-02-13 10:53:01,120 __init__ INFO] [topoaa] took 3 seconds
[2026-02-13 10:53:01,453 base_cns_module INFO] Running [rigidbody] module
[2026-02-13 10:53:01,454 __init__ INFO] [rigidbody] crossdock=true
[2026-02-13 10:53:01,454 __init__ INFO] [rigidbody] Preparing jobs...
[2026-02-13 10:53:01,456 libutil INFO] Selected 20 cores to process 20 jobs, with 32 maximum available cores.
[2026-02-13 10:53:01,456 libparallel INFO] Using 20 cores
[2026-02-13 10:53:01,483 libparallel INFO] 20 tasks finished
[2026-02-13 10:53:01,483 __init__ INFO] [rigidbody] Preparation took 0.029631 seconds
[2026-02-13 10:53:01,485 __init__ INFO] [rigidbody] Running CNS Jobs n=20
[2026-02-13 10:53:01,485 libutil INFO] Selected 20 cores to process 20 jobs, with 32 maximum available cores.
[2026-02-13 10:53:01,485 libparallel INFO] Using 20 cores
[2026-02-13 10:53:12,125 libparallel INFO] 20 tasks finished
[2026-02-13 10:53:12,125 __init__ INFO] [rigidbody] CNS jobs have finished
[2026-02-13 10:53:12,168 base_cns_module INFO] Module [rigidbody] finished.
[2026-02-13 10:53:12,168 __init__ INFO] [rigidbody] took 11 seconds
[2026-02-13 10:53:12,545 base_cns_module INFO] Running [flexref] module
[2026-02-13 10:53:12,603 __init__ INFO] [flexref] Running CNS Jobs n=20
[2026-02-13 10:53:12,603 libutil INFO] Selected 20 cores to process 20 jobs, with 32 maximum available cores.
[2026-02-13 10:53:12,604 libparallel INFO] Using 20 cores
[2026-02-13 10:54:48,254 libparallel INFO] 20 tasks finished
[2026-02-13 10:54:48,254 __init__ INFO] [flexref] CNS jobs have finished
[2026-02-13 10:54:48,301 base_cns_module INFO] Module [flexref] finished.
[2026-02-13 10:54:48,301 __init__ INFO] [flexref] took 1 minute and 36 seconds
[2026-02-13 10:54:48,639 base_cns_module INFO] Running [emref] module
[2026-02-13 10:54:48,696 __init__ INFO] [emref] Running CNS Jobs n=20
[2026-02-13 10:54:48,696 libutil INFO] Selected 20 cores to process 20 jobs, with 32 maximum available cores.
[2026-02-13 10:54:48,696 libparallel INFO] Using 20 cores
[2026-02-13 10:54:55,811 libparallel INFO] 20 tasks finished
[2026-02-13 10:54:55,812 __init__ INFO] [emref] CNS jobs have finished
[2026-02-13 10:54:55,841 base_cns_module INFO] Module [emref] finished.
[2026-02-13 10:54:55,841 __init__ INFO] [emref] took 7 seconds
[2026-02-13 10:54:55,841 cli_analyse INFO] Running haddock3-analyse on ./, modules [], with top_cluster = 10
[2026-02-13 10:54:55,848 cli_analyse INFO] Created directory: /mnt/Data/PopOS/Data_Ana/Wu/clawdPorjects/HADDOCK_test/results/run_Neg_ATTGGGCTCCACGAGT-1_contig_1_1/analysis
[2026-02-13 10:54:55,848 cli_analyse INFO] Reading input run directory
[2026-02-13 10:54:55,848 cli_analyse INFO] selected steps: 0_topoaa, 1_rigidbody, 2_flexref, 3_emref
[2026-02-13 10:54:55,848 cli_analyse INFO] Analysing step 0_topoaa
[2026-02-13 10:54:55,848 cli_analyse WARNING] Could not execute the analysis for step 0_topoaa. The following error occurred 'dict' object has no attribute 'rel_path'
[2026-02-13 10:54:55,848 cli_analyse INFO] Analysing step 1_rigidbody
[2026-02-13 10:54:55,850 cli_unpack INFO] Unpacking '../1_rigidbody' folder
[2026-02-13 10:54:55,850 libtimer INFO] unpacking took 0 seconds
[2026-02-13 10:54:55,863 capri INFO] Found previous CNS step: 1_rigidbody
[2026-02-13 10:54:55,972 capri INFO] Saved scoring weights to: weights_params.json
[2026-02-13 10:54:55,972 __init__ INFO] [caprieval] No reference structure provided. Using the structure with the lowest score from previous step
[2026-02-13 10:54:56,059 libutil INFO] Selected 20 cores to process 20 jobs, with 32 maximum available cores.
[2026-02-13 10:54:56,060 libparallel INFO] Using 20 cores
[2026-02-13 10:54:56,509 libparallel INFO] 20 tasks finished
[2026-02-13 10:54:56,510 capri INFO] Rearranging cluster information into capri_clt.tsv
[2026-02-13 10:54:56,514 cli_clean INFO] Compressing '../1_rigidbody' folder
[2026-02-13 10:54:56,514 clean_steps INFO] Cleaning output for '../1_rigidbody' using 20 cores.
[2026-02-13 10:54:56,633 libtimer INFO] compressing took 0 seconds
[2026-02-13 10:54:56,633 cli_analyse INFO] CAPRI files identified
[2026-02-13 10:54:56,635 cli_analyse INFO] Plotting results..
[2026-02-13 10:54:57,876 cli_analyse INFO] Summary archive summary.tgz created!
[2026-02-13 10:54:57,876 cli_analyse INFO] Analysing step 2_flexref
[2026-02-13 10:54:57,878 cli_unpack INFO] Unpacking '../2_flexref' folder
[2026-02-13 10:54:57,879 libtimer INFO] unpacking took 0 seconds
[2026-02-13 10:54:57,892 capri INFO] Found previous CNS step: 2_flexref
[2026-02-13 10:54:58,132 capri INFO] Saved scoring weights to: weights_params.json
[2026-02-13 10:54:58,132 __init__ INFO] [caprieval] No reference structure provided. Using the structure with the lowest score from previous step
[2026-02-13 10:54:58,218 libutil INFO] Selected 20 cores to process 20 jobs, with 32 maximum available cores.
[2026-02-13 10:54:58,219 libparallel INFO] Using 20 cores
[2026-02-13 10:54:58,613 libparallel INFO] 20 tasks finished
[2026-02-13 10:54:58,614 capri INFO] Rearranging cluster information into capri_clt.tsv
[2026-02-13 10:54:58,622 cli_clean INFO] Compressing '../2_flexref' folder
[2026-02-13 10:54:58,622 clean_steps INFO] Cleaning output for '../2_flexref' using 20 cores.
[2026-02-13 10:54:58,750 libtimer INFO] compressing took 0 seconds
[2026-02-13 10:54:58,750 cli_analyse INFO] CAPRI files identified
[2026-02-13 10:54:58,752 cli_analyse INFO] Plotting results..
[2026-02-13 10:54:59,860 cli_analyse INFO] Summary archive summary.tgz created!
[2026-02-13 10:54:59,860 cli_analyse INFO] Analysing step 3_emref
[2026-02-13 10:54:59,862 cli_unpack INFO] Unpacking '../3_emref' folder
[2026-02-13 10:54:59,863 libtimer INFO] unpacking took 0 seconds
[2026-02-13 10:54:59,876 capri INFO] Found previous CNS step: 3_emref
[2026-02-13 10:54:59,981 capri INFO] Saved scoring weights to: weights_params.json
[2026-02-13 10:54:59,982 __init__ INFO] [caprieval] No reference structure provided. Using the structure with the lowest score from previous step
[2026-02-13 10:55:00,068 libutil INFO] Selected 20 cores to process 20 jobs, with 32 maximum available cores.
[2026-02-13 10:55:00,069 libparallel INFO] Using 20 cores
[2026-02-13 10:55:00,511 libparallel INFO] 20 tasks finished
[2026-02-13 10:55:00,513 capri INFO] Rearranging cluster information into capri_clt.tsv
[2026-02-13 10:55:00,523 cli_clean INFO] Compressing '../3_emref' folder
[2026-02-13 10:55:00,523 clean_steps INFO] Cleaning output for '../3_emref' using 20 cores.
[2026-02-13 10:55:00,654 libtimer INFO] compressing took 0 seconds
[2026-02-13 10:55:00,654 cli_analyse INFO] CAPRI files identified
[2026-02-13 10:55:00,656 cli_analyse INFO] Plotting results..
[2026-02-13 10:55:01,774 cli_analyse INFO] Summary archive summary.tgz created!
[2026-02-13 10:55:01,774 cli_analyse INFO] moving files to analysis folder
[2026-02-13 10:55:01,774 cli_analyse INFO] cancelling unsuccesful analysis folders
[2026-02-13 10:55:01,774 cli_analyse INFO] updating paths in analysis/1_rigidbody_analysis/capri_ss.tsv
[2026-02-13 10:55:01,775 cli_analyse INFO] View the results in analysis/1_rigidbody_analysis/report.html
[2026-02-13 10:55:01,775 cli_analyse INFO] To view structures or download the structure files, in a terminal run the command `python -m http.server --directory /mnt/Data/PopOS/Data_Ana/Wu/clawdPorjects/HADDOCK_test/results/run_Neg_ATTGGGCTCCACGAGT-1_contig_1_1`. By default, http server runs on `http://0.0.0.0:8000/`. Open the link http://0.0.0.0:8000/analysis/1_rigidbody_analysis/report.html in a web browser.
[2026-02-13 10:55:01,775 cli_analyse INFO] updating paths in analysis/2_flexref_analysis/capri_ss.tsv
[2026-02-13 10:55:01,775 cli_analyse INFO] View the results in analysis/2_flexref_analysis/report.html
[2026-02-13 10:55:01,775 cli_analyse INFO] To view structures or download the structure files, in a terminal run the command `python -m http.server --directory /mnt/Data/PopOS/Data_Ana/Wu/clawdPorjects/HADDOCK_test/results/run_Neg_ATTGGGCTCCACGAGT-1_contig_1_1`. By default, http server runs on `http://0.0.0.0:8000/`. Open the link http://0.0.0.0:8000/analysis/2_flexref_analysis/report.html in a web browser.
[2026-02-13 10:55:01,775 cli_analyse INFO] updating paths in analysis/3_emref_analysis/capri_ss.tsv
[2026-02-13 10:55:01,775 cli_analyse INFO] View the results in analysis/3_emref_analysis/report.html
[2026-02-13 10:55:01,775 cli_analyse INFO] To view structures or download the structure files, in a terminal run the command `python -m http.server --directory /mnt/Data/PopOS/Data_Ana/Wu/clawdPorjects/HADDOCK_test/results/run_Neg_ATTGGGCTCCACGAGT-1_contig_1_1`. By default, http server runs on `http://0.0.0.0:8000/`. Open the link http://0.0.0.0:8000/analysis/3_emref_analysis/report.html in a web browser.
[2026-02-13 10:55:01,775 cli_traceback INFO] Running haddock3-traceback on ./
[2026-02-13 10:55:01,775 cli_traceback INFO] Reading input run directory
[2026-02-13 10:55:01,775 cli_traceback INFO] All_steps: 0_topoaa, 1_rigidbody, 2_flexref, 3_emref
[2026-02-13 10:55:01,776 cli_traceback INFO] Modules not to be analysed: 0_topoaa
[2026-02-13 10:55:01,776 cli_traceback INFO] Steps to trace back: 1_rigidbody, 2_flexref, 3_emref
[2026-02-13 10:55:01,776 cli_traceback INFO] Created directory: /mnt/Data/PopOS/Data_Ana/Wu/clawdPorjects/HADDOCK_test/results/run_Neg_ATTGGGCTCCACGAGT-1_contig_1_1/traceback
[2026-02-13 10:55:01,776 cli_traceback INFO] Tracing back step 3_emref
[2026-02-13 10:55:01,778 cli_traceback INFO] Tracing back step 2_flexref
[2026-02-13 10:55:01,780 cli_traceback INFO] Tracing back step 1_rigidbody
[2026-02-13 10:55:01,784 cli_traceback INFO] Output dataframe traceback/traceback.tsv created with shape (20, 8)
[2026-02-13 10:55:01,810 clean_steps INFO] Cleaning output for '0_topoaa' using 20 cores.
[2026-02-13 10:55:01,947 libtimer INFO] cleaning output files took 0 seconds
[2026-02-13 10:55:01,947 clean_steps INFO] Cleaning output for '1_rigidbody' using 20 cores.
[2026-02-13 10:55:01,956 libtimer INFO] cleaning output files took 0 seconds
[2026-02-13 10:55:01,956 clean_steps INFO] Cleaning output for '2_flexref' using 20 cores.
[2026-02-13 10:55:01,973 libtimer INFO] cleaning output files took 0 seconds
[2026-02-13 10:55:01,973 clean_steps INFO] Cleaning output for '3_emref' using 20 cores.
[2026-02-13 10:55:01,998 libtimer INFO] cleaning output files took 0 seconds
[2026-02-13 10:55:01,999 cli INFO] This HADDOCK3 run took: 2 minutes and 8 seconds
[2026-02-13 10:55:01,999 greetings INFO] Your feedback matters in Haddock3! Share your experience and help us grow:
[2026-02-13 10:55:01,999 greetings INFO] GitHub issues: https://github.com/haddocking/haddock3/issues
[2026-02-13 10:55:01,999 greetings INFO] BioExcel feedback: https://www.bonvinlab.org/feedback
[2026-02-13 10:55:02,000 greetings INFO] BioExcel forum: https://ask.bioexcel.eu/c/haddock/6
[2026-02-13 10:55:02,000 cli INFO] Finished at 13/02/2026 10:55:02. Ciao! Até logo! Au revoir!
