[2026-02-06 04:27:25,902 cli INFO] 
##############################################
#                                            #
#                 HADDOCK3                   #
#                                            #
##############################################

!! Some of the HADDOCK3 components use CNS (Crystallographic and NMR System) which is free of use for non-profit applications. !!
!! For commercial use it is your own responsibility to have a proper license. !!
!! For details refer to the DISCLAIMER file in the HADDOCK3 repository. !!

Starting HADDOCK3 v2024.10.0b7 on 2026-02-06 04:27:00

Python 3.10.12 (main, Feb  4 2025, 14:57:36) [GCC 11.4.0]

[2026-02-06 04:27:29,564 libworkflow INFO] Reading instructions step 0_topoaa
[2026-02-06 04:27:29,564 libworkflow INFO] Reading instructions step 1_rigidbody
[2026-02-06 04:27:29,564 libworkflow INFO] Reading instructions step 2_flexref
[2026-02-06 04:27:29,565 libworkflow INFO] Reading instructions step 3_emref
[2026-02-06 04:27:29,578 base_cns_module INFO] Running [topoaa] module
[2026-02-06 04:27:29,578 __init__ INFO] [topoaa] Molecule 1: receptor_single_9B7G_Epi.pdb
[2026-02-06 04:27:29,582 __init__ INFO] [topoaa] Sanitizing molecule receptor_single_9B7G_Epi.pdb
[2026-02-06 04:27:29,601 __init__ INFO] [topoaa] Topology CNS input created
[2026-02-06 04:27:29,602 __init__ INFO] [topoaa] Molecule 2: ligand_single_9B7G_Epi.pdb
[2026-02-06 04:27:29,602 __init__ INFO] [topoaa] Sanitizing molecule ligand_single_9B7G_Epi.pdb
[2026-02-06 04:27:29,605 __init__ INFO] [topoaa] Topology CNS input created
[2026-02-06 04:27:29,605 __init__ INFO] [topoaa] Running CNS Jobs n=2
[2026-02-06 04:27:29,605 libutil INFO] Selected 2 cores to process 2 jobs, with 32 maximum available cores.
[2026-02-06 04:27:29,606 libparallel INFO] Using 2 cores
[2026-02-06 04:27:49,382 libparallel INFO] 2 tasks finished
[2026-02-06 04:27:49,382 __init__ INFO] [topoaa] CNS jobs have finished
[2026-02-06 04:27:49,384 base_cns_module INFO] Module [topoaa] finished.
[2026-02-06 04:27:49,384 __init__ INFO] [topoaa] took 20 seconds
[2026-02-06 04:27:49,717 base_cns_module INFO] Running [rigidbody] module
[2026-02-06 04:27:49,717 __init__ INFO] [rigidbody] crossdock=true
[2026-02-06 04:27:49,717 __init__ INFO] [rigidbody] Preparing jobs...
[2026-02-06 04:27:49,722 libutil INFO] Selected 20 cores to process 20 jobs, with 32 maximum available cores.
[2026-02-06 04:27:49,722 libparallel INFO] Using 20 cores
[2026-02-06 04:27:49,754 libparallel INFO] 20 tasks finished
[2026-02-06 04:27:49,754 __init__ INFO] [rigidbody] Preparation took 0.03709 seconds
[2026-02-06 04:27:49,756 __init__ INFO] [rigidbody] Running CNS Jobs n=20
[2026-02-06 04:27:49,756 libutil INFO] Selected 20 cores to process 20 jobs, with 32 maximum available cores.
[2026-02-06 04:27:49,756 libparallel INFO] Using 20 cores
[2026-02-06 04:28:24,386 libparallel INFO] 20 tasks finished
[2026-02-06 04:28:24,386 __init__ INFO] [rigidbody] CNS jobs have finished
[2026-02-06 04:28:24,444 base_cns_module INFO] Module [rigidbody] finished.
[2026-02-06 04:28:24,444 __init__ INFO] [rigidbody] took 35 seconds
[2026-02-06 04:28:24,820 base_cns_module INFO] Running [flexref] module
[2026-02-06 04:28:24,942 __init__ INFO] [flexref] Running CNS Jobs n=20
[2026-02-06 04:28:24,942 libutil INFO] Selected 20 cores to process 20 jobs, with 32 maximum available cores.
[2026-02-06 04:28:24,943 libparallel INFO] Using 20 cores
[2026-02-06 04:32:57,247 libparallel INFO] 20 tasks finished
[2026-02-06 04:32:57,247 __init__ INFO] [flexref] CNS jobs have finished
[2026-02-06 04:32:57,325 base_cns_module INFO] Module [flexref] finished.
[2026-02-06 04:32:57,325 __init__ INFO] [flexref] took 4 minutes and 33 seconds
[2026-02-06 04:32:57,661 base_cns_module INFO] Running [emref] module
[2026-02-06 04:32:57,783 __init__ INFO] [emref] Running CNS Jobs n=20
[2026-02-06 04:32:57,783 libutil INFO] Selected 20 cores to process 20 jobs, with 32 maximum available cores.
[2026-02-06 04:32:57,783 libparallel INFO] Using 20 cores
[2026-02-06 04:33:16,279 libparallel INFO] 20 tasks finished
[2026-02-06 04:33:16,280 __init__ INFO] [emref] CNS jobs have finished
[2026-02-06 04:33:16,337 base_cns_module INFO] Module [emref] finished.
[2026-02-06 04:33:16,337 __init__ INFO] [emref] took 19 seconds
[2026-02-06 04:33:16,337 cli_analyse INFO] Running haddock3-analyse on ./, modules [], with top_cluster = 10
[2026-02-06 04:33:16,343 cli_analyse INFO] Created directory: /mnt/Data/PopOS/Data_Ana/Wu/clawdPorjects/HADDOCK_test/results/run_9B7G_Epi/analysis
[2026-02-06 04:33:16,343 cli_analyse INFO] Reading input run directory
[2026-02-06 04:33:16,344 cli_analyse INFO] selected steps: 0_topoaa, 1_rigidbody, 2_flexref, 3_emref
[2026-02-06 04:33:16,344 cli_analyse INFO] Analysing step 0_topoaa
[2026-02-06 04:33:16,344 cli_analyse WARNING] Could not execute the analysis for step 0_topoaa. The following error occurred 'dict' object has no attribute 'rel_path'
[2026-02-06 04:33:16,344 cli_analyse INFO] Analysing step 1_rigidbody
[2026-02-06 04:33:16,345 cli_unpack INFO] Unpacking '../1_rigidbody' folder
[2026-02-06 04:33:16,346 libtimer INFO] unpacking took 0 seconds
[2026-02-06 04:33:16,359 capri INFO] Found previous CNS step: 1_rigidbody
[2026-02-06 04:33:16,467 capri INFO] Saved scoring weights to: weights_params.json
[2026-02-06 04:33:16,467 __init__ INFO] [caprieval] No reference structure provided. Using the structure with the lowest score from previous step
[2026-02-06 04:33:16,665 libutil INFO] Selected 20 cores to process 20 jobs, with 32 maximum available cores.
[2026-02-06 04:33:16,666 libparallel INFO] Using 20 cores
[2026-02-06 04:33:17,736 libparallel INFO] 20 tasks finished
[2026-02-06 04:33:17,737 capri INFO] Rearranging cluster information into capri_clt.tsv
[2026-02-06 04:33:17,744 cli_clean INFO] Compressing '../1_rigidbody' folder
[2026-02-06 04:33:17,744 clean_steps INFO] Cleaning output for '../1_rigidbody' using 20 cores.
[2026-02-06 04:33:18,003 libtimer INFO] compressing took 0 seconds
[2026-02-06 04:33:18,003 cli_analyse INFO] CAPRI files identified
[2026-02-06 04:33:18,006 cli_analyse INFO] Plotting results..
[2026-02-06 04:33:20,026 cli_analyse INFO] Summary archive summary.tgz created!
[2026-02-06 04:33:20,026 cli_analyse INFO] Analysing step 2_flexref
[2026-02-06 04:33:20,028 cli_unpack INFO] Unpacking '../2_flexref' folder
[2026-02-06 04:33:20,028 libtimer INFO] unpacking took 0 seconds
[2026-02-06 04:33:20,042 capri INFO] Found previous CNS step: 2_flexref
[2026-02-06 04:33:20,290 capri INFO] Saved scoring weights to: weights_params.json
[2026-02-06 04:33:20,290 __init__ INFO] [caprieval] No reference structure provided. Using the structure with the lowest score from previous step
[2026-02-06 04:33:20,497 libutil INFO] Selected 20 cores to process 20 jobs, with 32 maximum available cores.
[2026-02-06 04:33:20,497 libparallel INFO] Using 20 cores
[2026-02-06 04:33:21,559 libparallel INFO] 20 tasks finished
[2026-02-06 04:33:21,560 capri INFO] Rearranging cluster information into capri_clt.tsv
[2026-02-06 04:33:21,564 cli_clean INFO] Compressing '../2_flexref' folder
[2026-02-06 04:33:21,564 clean_steps INFO] Cleaning output for '../2_flexref' using 20 cores.
[2026-02-06 04:33:21,798 libtimer INFO] compressing took 0 seconds
[2026-02-06 04:33:21,798 cli_analyse INFO] CAPRI files identified
[2026-02-06 04:33:21,801 cli_analyse INFO] Plotting results..
[2026-02-06 04:33:23,642 cli_analyse INFO] Summary archive summary.tgz created!
[2026-02-06 04:33:23,642 cli_analyse INFO] Analysing step 3_emref
[2026-02-06 04:33:23,644 cli_unpack INFO] Unpacking '../3_emref' folder
[2026-02-06 04:33:23,644 libtimer INFO] unpacking took 0 seconds
[2026-02-06 04:33:23,658 capri INFO] Found previous CNS step: 3_emref
[2026-02-06 04:33:23,759 capri INFO] Saved scoring weights to: weights_params.json
[2026-02-06 04:33:23,759 __init__ INFO] [caprieval] No reference structure provided. Using the structure with the lowest score from previous step
[2026-02-06 04:33:23,959 libutil INFO] Selected 20 cores to process 20 jobs, with 32 maximum available cores.
[2026-02-06 04:33:23,959 libparallel INFO] Using 20 cores
[2026-02-06 04:33:24,974 libparallel INFO] 20 tasks finished
[2026-02-06 04:33:24,975 capri INFO] Rearranging cluster information into capri_clt.tsv
[2026-02-06 04:33:24,983 cli_clean INFO] Compressing '../3_emref' folder
[2026-02-06 04:33:24,983 clean_steps INFO] Cleaning output for '../3_emref' using 20 cores.
[2026-02-06 04:33:25,220 libtimer INFO] compressing took 0 seconds
[2026-02-06 04:33:25,220 cli_analyse INFO] CAPRI files identified
[2026-02-06 04:33:25,222 cli_analyse INFO] Plotting results..
[2026-02-06 04:33:27,172 cli_analyse INFO] Summary archive summary.tgz created!
[2026-02-06 04:33:27,173 cli_analyse INFO] moving files to analysis folder
[2026-02-06 04:33:27,173 cli_analyse INFO] cancelling unsuccesful analysis folders
[2026-02-06 04:33:27,173 cli_analyse INFO] updating paths in analysis/1_rigidbody_analysis/capri_ss.tsv
[2026-02-06 04:33:27,173 cli_analyse INFO] View the results in analysis/1_rigidbody_analysis/report.html
[2026-02-06 04:33:27,173 cli_analyse INFO] To view structures or download the structure files, in a terminal run the command `python -m http.server --directory /mnt/Data/PopOS/Data_Ana/Wu/clawdPorjects/HADDOCK_test/results/run_9B7G_Epi`. By default, http server runs on `http://0.0.0.0:8000/`. Open the link http://0.0.0.0:8000/analysis/1_rigidbody_analysis/report.html in a web browser.
[2026-02-06 04:33:27,173 cli_analyse INFO] updating paths in analysis/2_flexref_analysis/capri_ss.tsv
[2026-02-06 04:33:27,173 cli_analyse INFO] View the results in analysis/2_flexref_analysis/report.html
[2026-02-06 04:33:27,173 cli_analyse INFO] To view structures or download the structure files, in a terminal run the command `python -m http.server --directory /mnt/Data/PopOS/Data_Ana/Wu/clawdPorjects/HADDOCK_test/results/run_9B7G_Epi`. By default, http server runs on `http://0.0.0.0:8000/`. Open the link http://0.0.0.0:8000/analysis/2_flexref_analysis/report.html in a web browser.
[2026-02-06 04:33:27,173 cli_analyse INFO] updating paths in analysis/3_emref_analysis/capri_ss.tsv
[2026-02-06 04:33:27,173 cli_analyse INFO] View the results in analysis/3_emref_analysis/report.html
[2026-02-06 04:33:27,173 cli_analyse INFO] To view structures or download the structure files, in a terminal run the command `python -m http.server --directory /mnt/Data/PopOS/Data_Ana/Wu/clawdPorjects/HADDOCK_test/results/run_9B7G_Epi`. By default, http server runs on `http://0.0.0.0:8000/`. Open the link http://0.0.0.0:8000/analysis/3_emref_analysis/report.html in a web browser.
[2026-02-06 04:33:27,174 cli_traceback INFO] Running haddock3-traceback on ./
[2026-02-06 04:33:27,174 cli_traceback INFO] Reading input run directory
[2026-02-06 04:33:27,174 cli_traceback INFO] All_steps: 0_topoaa, 1_rigidbody, 2_flexref, 3_emref
[2026-02-06 04:33:27,174 cli_traceback INFO] Modules not to be analysed: 0_topoaa
[2026-02-06 04:33:27,174 cli_traceback INFO] Steps to trace back: 1_rigidbody, 2_flexref, 3_emref
[2026-02-06 04:33:27,174 cli_traceback INFO] Created directory: /mnt/Data/PopOS/Data_Ana/Wu/clawdPorjects/HADDOCK_test/results/run_9B7G_Epi/traceback
[2026-02-06 04:33:27,174 cli_traceback INFO] Tracing back step 3_emref
[2026-02-06 04:33:27,176 cli_traceback INFO] Tracing back step 2_flexref
[2026-02-06 04:33:27,178 cli_traceback INFO] Tracing back step 1_rigidbody
[2026-02-06 04:33:27,182 cli_traceback INFO] Output dataframe traceback/traceback.tsv created with shape (20, 8)
[2026-02-06 04:33:27,209 clean_steps INFO] Cleaning output for '0_topoaa' using 20 cores.
[2026-02-06 04:33:27,517 libtimer INFO] cleaning output files took 0 seconds
[2026-02-06 04:33:27,518 clean_steps INFO] Cleaning output for '1_rigidbody' using 20 cores.
[2026-02-06 04:33:27,526 libtimer INFO] cleaning output files took 0 seconds
[2026-02-06 04:33:27,526 clean_steps INFO] Cleaning output for '2_flexref' using 20 cores.
[2026-02-06 04:33:27,535 libtimer INFO] cleaning output files took 0 seconds
[2026-02-06 04:33:27,535 clean_steps INFO] Cleaning output for '3_emref' using 20 cores.
[2026-02-06 04:33:27,551 libtimer INFO] cleaning output files took 0 seconds
[2026-02-06 04:33:27,552 cli INFO] This HADDOCK3 run took: 6 minutes and 2 seconds
[2026-02-06 04:33:27,552 greetings INFO] Your feedback matters in Haddock3! Share your experience and help us grow:
[2026-02-06 04:33:27,552 greetings INFO] GitHub issues: https://github.com/haddocking/haddock3/issues
[2026-02-06 04:33:27,552 greetings INFO] BioExcel feedback: https://www.bonvinlab.org/feedback
[2026-02-06 04:33:27,553 greetings INFO] BioExcel forum: https://ask.bioexcel.eu/c/haddock/6
[2026-02-06 04:33:27,553 cli INFO] Finished at 06/02/2026 04:33:27. Dovidenia! Tot ziens! Tchau!
