[2026-02-06 05:51:32,202 cli INFO] 
##############################################
#                                            #
#                 HADDOCK3                   #
#                                            #
##############################################

!! Some of the HADDOCK3 components use CNS (Crystallographic and NMR System) which is free of use for non-profit applications. !!
!! For commercial use it is your own responsibility to have a proper license. !!
!! For details refer to the DISCLAIMER file in the HADDOCK3 repository. !!

Starting HADDOCK3 v2024.10.0b7 on 2026-02-06 05:51:00

Python 3.10.12 (main, Feb  4 2025, 14:57:36) [GCC 11.4.0]

[2026-02-06 05:51:35,835 libworkflow INFO] Reading instructions step 0_topoaa
[2026-02-06 05:51:35,835 libworkflow INFO] Reading instructions step 1_rigidbody
[2026-02-06 05:51:35,835 libworkflow INFO] Reading instructions step 2_flexref
[2026-02-06 05:51:35,835 libworkflow INFO] Reading instructions step 3_emref
[2026-02-06 05:51:35,849 base_cns_module INFO] Running [topoaa] module
[2026-02-06 05:51:35,849 __init__ INFO] [topoaa] Molecule 1: receptor_single_refold_9CU7_Epi.pdb
[2026-02-06 05:51:35,853 __init__ INFO] [topoaa] Sanitizing molecule receptor_single_refold_9CU7_Epi.pdb
[2026-02-06 05:51:35,873 __init__ INFO] [topoaa] Topology CNS input created
[2026-02-06 05:51:35,873 __init__ INFO] [topoaa] Molecule 2: ligand_single_refold_9CU7_Epi.pdb
[2026-02-06 05:51:35,874 __init__ INFO] [topoaa] Sanitizing molecule ligand_single_refold_9CU7_Epi.pdb
[2026-02-06 05:51:35,877 __init__ INFO] [topoaa] Topology CNS input created
[2026-02-06 05:51:35,877 __init__ INFO] [topoaa] Running CNS Jobs n=2
[2026-02-06 05:51:35,877 libutil INFO] Selected 2 cores to process 2 jobs, with 32 maximum available cores.
[2026-02-06 05:51:35,878 libparallel INFO] Using 2 cores
[2026-02-06 05:51:55,846 libparallel INFO] 2 tasks finished
[2026-02-06 05:51:55,846 __init__ INFO] [topoaa] CNS jobs have finished
[2026-02-06 05:51:55,848 base_cns_module INFO] Module [topoaa] finished.
[2026-02-06 05:51:55,848 __init__ INFO] [topoaa] took 20 seconds
[2026-02-06 05:51:56,188 base_cns_module INFO] Running [rigidbody] module
[2026-02-06 05:51:56,188 __init__ INFO] [rigidbody] crossdock=true
[2026-02-06 05:51:56,188 __init__ INFO] [rigidbody] Preparing jobs...
[2026-02-06 05:51:56,192 libutil INFO] Selected 20 cores to process 20 jobs, with 32 maximum available cores.
[2026-02-06 05:51:56,193 libparallel INFO] Using 20 cores
[2026-02-06 05:51:56,225 libparallel INFO] 20 tasks finished
[2026-02-06 05:51:56,226 __init__ INFO] [rigidbody] Preparation took 0.037729 seconds
[2026-02-06 05:51:56,227 __init__ INFO] [rigidbody] Running CNS Jobs n=20
[2026-02-06 05:51:56,227 libutil INFO] Selected 20 cores to process 20 jobs, with 32 maximum available cores.
[2026-02-06 05:51:56,228 libparallel INFO] Using 20 cores
[2026-02-06 05:52:28,137 libparallel INFO] 20 tasks finished
[2026-02-06 05:52:28,138 __init__ INFO] [rigidbody] CNS jobs have finished
[2026-02-06 05:52:28,191 base_cns_module INFO] Module [rigidbody] finished.
[2026-02-06 05:52:28,191 __init__ INFO] [rigidbody] took 32 seconds
[2026-02-06 05:52:28,567 base_cns_module INFO] Running [flexref] module
[2026-02-06 05:52:28,687 __init__ INFO] [flexref] Running CNS Jobs n=20
[2026-02-06 05:52:28,687 libutil INFO] Selected 20 cores to process 20 jobs, with 32 maximum available cores.
[2026-02-06 05:52:28,688 libparallel INFO] Using 20 cores
[2026-02-06 05:56:56,361 libparallel INFO] 20 tasks finished
[2026-02-06 05:56:56,361 __init__ INFO] [flexref] CNS jobs have finished
[2026-02-06 05:56:56,426 base_cns_module INFO] Module [flexref] finished.
[2026-02-06 05:56:56,426 __init__ INFO] [flexref] took 4 minutes and 28 seconds
[2026-02-06 05:56:56,763 base_cns_module INFO] Running [emref] module
[2026-02-06 05:56:56,882 __init__ INFO] [emref] Running CNS Jobs n=20
[2026-02-06 05:56:56,883 libutil INFO] Selected 20 cores to process 20 jobs, with 32 maximum available cores.
[2026-02-06 05:56:56,883 libparallel INFO] Using 20 cores
[2026-02-06 05:57:15,150 libparallel INFO] 20 tasks finished
[2026-02-06 05:57:15,150 __init__ INFO] [emref] CNS jobs have finished
[2026-02-06 05:57:15,208 base_cns_module INFO] Module [emref] finished.
[2026-02-06 05:57:15,209 __init__ INFO] [emref] took 18 seconds
[2026-02-06 05:57:15,209 cli_analyse INFO] Running haddock3-analyse on ./, modules [], with top_cluster = 10
[2026-02-06 05:57:15,215 cli_analyse INFO] Created directory: /mnt/Data/PopOS/Data_Ana/Wu/clawdPorjects/HADDOCK_test/results/run_refold_9CU7_Epi/analysis
[2026-02-06 05:57:15,215 cli_analyse INFO] Reading input run directory
[2026-02-06 05:57:15,215 cli_analyse INFO] selected steps: 0_topoaa, 1_rigidbody, 2_flexref, 3_emref
[2026-02-06 05:57:15,215 cli_analyse INFO] Analysing step 0_topoaa
[2026-02-06 05:57:15,216 cli_analyse WARNING] Could not execute the analysis for step 0_topoaa. The following error occurred 'dict' object has no attribute 'rel_path'
[2026-02-06 05:57:15,216 cli_analyse INFO] Analysing step 1_rigidbody
[2026-02-06 05:57:15,217 cli_unpack INFO] Unpacking '../1_rigidbody' folder
[2026-02-06 05:57:15,217 libtimer INFO] unpacking took 0 seconds
[2026-02-06 05:57:15,230 capri INFO] Found previous CNS step: 1_rigidbody
[2026-02-06 05:57:15,337 capri INFO] Saved scoring weights to: weights_params.json
[2026-02-06 05:57:15,338 __init__ INFO] [caprieval] No reference structure provided. Using the structure with the lowest score from previous step
[2026-02-06 05:57:15,534 libutil INFO] Selected 20 cores to process 20 jobs, with 32 maximum available cores.
[2026-02-06 05:57:15,535 libparallel INFO] Using 20 cores
[2026-02-06 05:57:16,611 libparallel INFO] 20 tasks finished
[2026-02-06 05:57:16,612 capri INFO] Rearranging cluster information into capri_clt.tsv
[2026-02-06 05:57:16,621 cli_clean INFO] Compressing '../1_rigidbody' folder
[2026-02-06 05:57:16,621 clean_steps INFO] Cleaning output for '../1_rigidbody' using 20 cores.
[2026-02-06 05:57:16,858 libtimer INFO] compressing took 0 seconds
[2026-02-06 05:57:16,858 cli_analyse INFO] CAPRI files identified
[2026-02-06 05:57:16,860 cli_analyse INFO] Plotting results..
[2026-02-06 05:57:18,804 cli_analyse INFO] Summary archive summary.tgz created!
[2026-02-06 05:57:18,804 cli_analyse INFO] Analysing step 2_flexref
[2026-02-06 05:57:18,806 cli_unpack INFO] Unpacking '../2_flexref' folder
[2026-02-06 05:57:18,806 libtimer INFO] unpacking took 0 seconds
[2026-02-06 05:57:18,819 capri INFO] Found previous CNS step: 2_flexref
[2026-02-06 05:57:19,056 capri INFO] Saved scoring weights to: weights_params.json
[2026-02-06 05:57:19,056 __init__ INFO] [caprieval] No reference structure provided. Using the structure with the lowest score from previous step
[2026-02-06 05:57:19,265 libutil INFO] Selected 20 cores to process 20 jobs, with 32 maximum available cores.
[2026-02-06 05:57:19,265 libparallel INFO] Using 20 cores
[2026-02-06 05:57:20,318 libparallel INFO] 20 tasks finished
[2026-02-06 05:57:20,318 capri INFO] Rearranging cluster information into capri_clt.tsv
[2026-02-06 05:57:20,323 cli_clean INFO] Compressing '../2_flexref' folder
[2026-02-06 05:57:20,323 clean_steps INFO] Cleaning output for '../2_flexref' using 20 cores.
[2026-02-06 05:57:20,555 libtimer INFO] compressing took 0 seconds
[2026-02-06 05:57:20,555 cli_analyse INFO] CAPRI files identified
[2026-02-06 05:57:20,557 cli_analyse INFO] Plotting results..
[2026-02-06 05:57:22,378 cli_analyse INFO] Summary archive summary.tgz created!
[2026-02-06 05:57:22,378 cli_analyse INFO] Analysing step 3_emref
[2026-02-06 05:57:22,380 cli_unpack INFO] Unpacking '../3_emref' folder
[2026-02-06 05:57:22,381 libtimer INFO] unpacking took 0 seconds
[2026-02-06 05:57:22,394 capri INFO] Found previous CNS step: 3_emref
[2026-02-06 05:57:22,494 capri INFO] Saved scoring weights to: weights_params.json
[2026-02-06 05:57:22,494 __init__ INFO] [caprieval] No reference structure provided. Using the structure with the lowest score from previous step
[2026-02-06 05:57:22,693 libutil INFO] Selected 20 cores to process 20 jobs, with 32 maximum available cores.
[2026-02-06 05:57:22,693 libparallel INFO] Using 20 cores
[2026-02-06 05:57:23,738 libparallel INFO] 20 tasks finished
[2026-02-06 05:57:23,740 capri INFO] Rearranging cluster information into capri_clt.tsv
[2026-02-06 05:57:23,747 cli_clean INFO] Compressing '../3_emref' folder
[2026-02-06 05:57:23,747 clean_steps INFO] Cleaning output for '../3_emref' using 20 cores.
[2026-02-06 05:57:23,983 libtimer INFO] compressing took 0 seconds
[2026-02-06 05:57:23,983 cli_analyse INFO] CAPRI files identified
[2026-02-06 05:57:23,985 cli_analyse INFO] Plotting results..
[2026-02-06 05:57:25,808 cli_analyse INFO] Summary archive summary.tgz created!
[2026-02-06 05:57:25,808 cli_analyse INFO] moving files to analysis folder
[2026-02-06 05:57:25,808 cli_analyse INFO] cancelling unsuccesful analysis folders
[2026-02-06 05:57:25,808 cli_analyse INFO] updating paths in analysis/1_rigidbody_analysis/capri_ss.tsv
[2026-02-06 05:57:25,808 cli_analyse INFO] View the results in analysis/1_rigidbody_analysis/report.html
[2026-02-06 05:57:25,808 cli_analyse INFO] To view structures or download the structure files, in a terminal run the command `python -m http.server --directory /mnt/Data/PopOS/Data_Ana/Wu/clawdPorjects/HADDOCK_test/results/run_refold_9CU7_Epi`. By default, http server runs on `http://0.0.0.0:8000/`. Open the link http://0.0.0.0:8000/analysis/1_rigidbody_analysis/report.html in a web browser.
[2026-02-06 05:57:25,808 cli_analyse INFO] updating paths in analysis/2_flexref_analysis/capri_ss.tsv
[2026-02-06 05:57:25,809 cli_analyse INFO] View the results in analysis/2_flexref_analysis/report.html
[2026-02-06 05:57:25,809 cli_analyse INFO] To view structures or download the structure files, in a terminal run the command `python -m http.server --directory /mnt/Data/PopOS/Data_Ana/Wu/clawdPorjects/HADDOCK_test/results/run_refold_9CU7_Epi`. By default, http server runs on `http://0.0.0.0:8000/`. Open the link http://0.0.0.0:8000/analysis/2_flexref_analysis/report.html in a web browser.
[2026-02-06 05:57:25,809 cli_analyse INFO] updating paths in analysis/3_emref_analysis/capri_ss.tsv
[2026-02-06 05:57:25,809 cli_analyse INFO] View the results in analysis/3_emref_analysis/report.html
[2026-02-06 05:57:25,809 cli_analyse INFO] To view structures or download the structure files, in a terminal run the command `python -m http.server --directory /mnt/Data/PopOS/Data_Ana/Wu/clawdPorjects/HADDOCK_test/results/run_refold_9CU7_Epi`. By default, http server runs on `http://0.0.0.0:8000/`. Open the link http://0.0.0.0:8000/analysis/3_emref_analysis/report.html in a web browser.
[2026-02-06 05:57:25,809 cli_traceback INFO] Running haddock3-traceback on ./
[2026-02-06 05:57:25,809 cli_traceback INFO] Reading input run directory
[2026-02-06 05:57:25,809 cli_traceback INFO] All_steps: 0_topoaa, 1_rigidbody, 2_flexref, 3_emref
[2026-02-06 05:57:25,809 cli_traceback INFO] Modules not to be analysed: 0_topoaa
[2026-02-06 05:57:25,809 cli_traceback INFO] Steps to trace back: 1_rigidbody, 2_flexref, 3_emref
[2026-02-06 05:57:25,809 cli_traceback INFO] Created directory: /mnt/Data/PopOS/Data_Ana/Wu/clawdPorjects/HADDOCK_test/results/run_refold_9CU7_Epi/traceback
[2026-02-06 05:57:25,809 cli_traceback INFO] Tracing back step 3_emref
[2026-02-06 05:57:25,811 cli_traceback INFO] Tracing back step 2_flexref
[2026-02-06 05:57:25,813 cli_traceback INFO] Tracing back step 1_rigidbody
[2026-02-06 05:57:25,818 cli_traceback INFO] Output dataframe traceback/traceback.tsv created with shape (20, 8)
[2026-02-06 05:57:25,844 clean_steps INFO] Cleaning output for '0_topoaa' using 20 cores.
[2026-02-06 05:57:26,162 libtimer INFO] cleaning output files took 0 seconds
[2026-02-06 05:57:26,162 clean_steps INFO] Cleaning output for '1_rigidbody' using 20 cores.
[2026-02-06 05:57:26,170 libtimer INFO] cleaning output files took 0 seconds
[2026-02-06 05:57:26,171 clean_steps INFO] Cleaning output for '2_flexref' using 20 cores.
[2026-02-06 05:57:26,180 libtimer INFO] cleaning output files took 0 seconds
[2026-02-06 05:57:26,180 clean_steps INFO] Cleaning output for '3_emref' using 20 cores.
[2026-02-06 05:57:26,192 libtimer INFO] cleaning output files took 0 seconds
[2026-02-06 05:57:26,192 cli INFO] This HADDOCK3 run took: 5 minutes and 54 seconds
[2026-02-06 05:57:26,192 greetings INFO] Your feedback matters in Haddock3! Share your experience and help us grow:
[2026-02-06 05:57:26,192 greetings INFO] GitHub issues: https://github.com/haddocking/haddock3/issues
[2026-02-06 05:57:26,192 greetings INFO] BioExcel feedback: https://www.bonvinlab.org/feedback
[2026-02-06 05:57:26,192 greetings INFO] BioExcel forum: https://ask.bioexcel.eu/c/haddock/6
[2026-02-06 05:57:26,192 cli INFO] Finished at 06/02/2026 05:57:26. La revedere! Good bye! Agur!
