[2026-02-13 11:46:00,189 cli INFO] 
##############################################
#                                            #
#                 HADDOCK3                   #
#                                            #
##############################################

!! Some of the HADDOCK3 components use CNS (Crystallographic and NMR System) which is free of use for non-profit applications. !!
!! For commercial use it is your own responsibility to have a proper license. !!
!! For details refer to the DISCLAIMER file in the HADDOCK3 repository. !!

Starting HADDOCK3 v2024.10.0b7 on 2026-02-13 11:46:00

Python 3.10.12 (main, Feb  4 2025, 14:57:36) [GCC 11.4.0]

[2026-02-13 11:46:03,968 libworkflow INFO] Reading instructions step 0_topoaa
[2026-02-13 11:46:03,968 libworkflow INFO] Reading instructions step 1_rigidbody
[2026-02-13 11:46:03,968 libworkflow INFO] Reading instructions step 2_flexref
[2026-02-13 11:46:03,968 libworkflow INFO] Reading instructions step 3_emref
[2026-02-13 11:46:03,982 base_cns_module INFO] Running [topoaa] module
[2026-02-13 11:46:03,983 __init__ INFO] [topoaa] Molecule 1: receptor_single_Neg_GCAACCCCAATGGGGT-1_contig_1_1.pdb
[2026-02-13 11:46:03,984 __init__ INFO] [topoaa] Sanitizing molecule receptor_single_Neg_GCAACCCCAATGGGGT-1_contig_1_1.pdb
[2026-02-13 11:46:03,991 __init__ INFO] [topoaa] Topology CNS input created
[2026-02-13 11:46:03,991 __init__ INFO] [topoaa] Molecule 2: ligand_single_Neg_GCAACCCCAATGGGGT-1_contig_1_1.pdb
[2026-02-13 11:46:03,992 __init__ INFO] [topoaa] Sanitizing molecule ligand_single_Neg_GCAACCCCAATGGGGT-1_contig_1_1.pdb
[2026-02-13 11:46:03,998 __init__ INFO] [topoaa] Topology CNS input created
[2026-02-13 11:46:03,998 __init__ INFO] [topoaa] Running CNS Jobs n=2
[2026-02-13 11:46:03,998 libutil INFO] Selected 2 cores to process 2 jobs, with 32 maximum available cores.
[2026-02-13 11:46:03,999 libparallel INFO] Using 2 cores
[2026-02-13 11:46:07,236 libparallel INFO] 2 tasks finished
[2026-02-13 11:46:07,236 __init__ INFO] [topoaa] CNS jobs have finished
[2026-02-13 11:46:07,238 base_cns_module INFO] Module [topoaa] finished.
[2026-02-13 11:46:07,238 __init__ INFO] [topoaa] took 3 seconds
[2026-02-13 11:46:07,585 base_cns_module INFO] Running [rigidbody] module
[2026-02-13 11:46:07,585 __init__ INFO] [rigidbody] crossdock=true
[2026-02-13 11:46:07,585 __init__ INFO] [rigidbody] Preparing jobs...
[2026-02-13 11:46:07,587 libutil INFO] Selected 20 cores to process 20 jobs, with 32 maximum available cores.
[2026-02-13 11:46:07,587 libparallel INFO] Using 20 cores
[2026-02-13 11:46:07,613 libparallel INFO] 20 tasks finished
[2026-02-13 11:46:07,614 __init__ INFO] [rigidbody] Preparation took 0.028883 seconds
[2026-02-13 11:46:07,615 __init__ INFO] [rigidbody] Running CNS Jobs n=20
[2026-02-13 11:46:07,615 libutil INFO] Selected 20 cores to process 20 jobs, with 32 maximum available cores.
[2026-02-13 11:46:07,616 libparallel INFO] Using 20 cores
[2026-02-13 11:46:18,297 libparallel INFO] 20 tasks finished
[2026-02-13 11:46:18,297 __init__ INFO] [rigidbody] CNS jobs have finished
[2026-02-13 11:46:18,339 base_cns_module INFO] Module [rigidbody] finished.
[2026-02-13 11:46:18,340 __init__ INFO] [rigidbody] took 11 seconds
[2026-02-13 11:46:18,727 base_cns_module INFO] Running [flexref] module
[2026-02-13 11:46:18,785 __init__ INFO] [flexref] Running CNS Jobs n=20
[2026-02-13 11:46:18,785 libutil INFO] Selected 20 cores to process 20 jobs, with 32 maximum available cores.
[2026-02-13 11:46:18,786 libparallel INFO] Using 20 cores
[2026-02-13 11:47:54,007 libparallel INFO] 20 tasks finished
[2026-02-13 11:47:54,008 __init__ INFO] [flexref] CNS jobs have finished
[2026-02-13 11:47:54,044 base_cns_module INFO] Module [flexref] finished.
[2026-02-13 11:47:54,044 __init__ INFO] [flexref] took 1 minute and 35 seconds
[2026-02-13 11:47:54,393 base_cns_module INFO] Running [emref] module
[2026-02-13 11:47:54,449 __init__ INFO] [emref] Running CNS Jobs n=20
[2026-02-13 11:47:54,449 libutil INFO] Selected 20 cores to process 20 jobs, with 32 maximum available cores.
[2026-02-13 11:47:54,449 libparallel INFO] Using 20 cores
[2026-02-13 11:48:01,719 libparallel INFO] 20 tasks finished
[2026-02-13 11:48:01,720 __init__ INFO] [emref] CNS jobs have finished
[2026-02-13 11:48:01,759 base_cns_module INFO] Module [emref] finished.
[2026-02-13 11:48:01,760 __init__ INFO] [emref] took 7 seconds
[2026-02-13 11:48:01,760 cli_analyse INFO] Running haddock3-analyse on ./, modules [], with top_cluster = 10
[2026-02-13 11:48:01,770 cli_analyse INFO] Created directory: /mnt/Data/PopOS/Data_Ana/Wu/clawdPorjects/HADDOCK_test/results/run_Neg_GCAACCCCAATGGGGT-1_contig_1_1/analysis
[2026-02-13 11:48:01,770 cli_analyse INFO] Reading input run directory
[2026-02-13 11:48:01,770 cli_analyse INFO] selected steps: 0_topoaa, 1_rigidbody, 2_flexref, 3_emref
[2026-02-13 11:48:01,770 cli_analyse INFO] Analysing step 0_topoaa
[2026-02-13 11:48:01,771 cli_analyse WARNING] Could not execute the analysis for step 0_topoaa. The following error occurred 'dict' object has no attribute 'rel_path'
[2026-02-13 11:48:01,771 cli_analyse INFO] Analysing step 1_rigidbody
[2026-02-13 11:48:01,772 cli_unpack INFO] Unpacking '../1_rigidbody' folder
[2026-02-13 11:48:01,773 libtimer INFO] unpacking took 0 seconds
[2026-02-13 11:48:01,788 capri INFO] Found previous CNS step: 1_rigidbody
[2026-02-13 11:48:01,895 capri INFO] Saved scoring weights to: weights_params.json
[2026-02-13 11:48:01,895 __init__ INFO] [caprieval] No reference structure provided. Using the structure with the lowest score from previous step
[2026-02-13 11:48:01,979 libutil INFO] Selected 20 cores to process 20 jobs, with 32 maximum available cores.
[2026-02-13 11:48:01,979 libparallel INFO] Using 20 cores
[2026-02-13 11:48:02,396 libparallel INFO] 20 tasks finished
[2026-02-13 11:48:02,397 capri INFO] Rearranging cluster information into capri_clt.tsv
[2026-02-13 11:48:02,401 cli_clean INFO] Compressing '../1_rigidbody' folder
[2026-02-13 11:48:02,401 clean_steps INFO] Cleaning output for '../1_rigidbody' using 20 cores.
[2026-02-13 11:48:02,522 libtimer INFO] compressing took 0 seconds
[2026-02-13 11:48:02,522 cli_analyse INFO] CAPRI files identified
[2026-02-13 11:48:02,524 cli_analyse INFO] Plotting results..
[2026-02-13 11:48:03,737 cli_analyse INFO] Summary archive summary.tgz created!
[2026-02-13 11:48:03,738 cli_analyse INFO] Analysing step 2_flexref
[2026-02-13 11:48:03,740 cli_unpack INFO] Unpacking '../2_flexref' folder
[2026-02-13 11:48:03,740 libtimer INFO] unpacking took 0 seconds
[2026-02-13 11:48:03,753 capri INFO] Found previous CNS step: 2_flexref
[2026-02-13 11:48:03,990 capri INFO] Saved scoring weights to: weights_params.json
[2026-02-13 11:48:03,990 __init__ INFO] [caprieval] No reference structure provided. Using the structure with the lowest score from previous step
[2026-02-13 11:48:04,075 libutil INFO] Selected 20 cores to process 20 jobs, with 32 maximum available cores.
[2026-02-13 11:48:04,075 libparallel INFO] Using 20 cores
[2026-02-13 11:48:04,459 libparallel INFO] 20 tasks finished
[2026-02-13 11:48:04,460 capri INFO] Rearranging cluster information into capri_clt.tsv
[2026-02-13 11:48:04,467 cli_clean INFO] Compressing '../2_flexref' folder
[2026-02-13 11:48:04,467 clean_steps INFO] Cleaning output for '../2_flexref' using 20 cores.
[2026-02-13 11:48:04,596 libtimer INFO] compressing took 0 seconds
[2026-02-13 11:48:04,596 cli_analyse INFO] CAPRI files identified
[2026-02-13 11:48:04,598 cli_analyse INFO] Plotting results..
[2026-02-13 11:48:05,704 cli_analyse INFO] Summary archive summary.tgz created!
[2026-02-13 11:48:05,704 cli_analyse INFO] Analysing step 3_emref
[2026-02-13 11:48:05,706 cli_unpack INFO] Unpacking '../3_emref' folder
[2026-02-13 11:48:05,706 libtimer INFO] unpacking took 0 seconds
[2026-02-13 11:48:05,720 capri INFO] Found previous CNS step: 3_emref
[2026-02-13 11:48:05,820 capri INFO] Saved scoring weights to: weights_params.json
[2026-02-13 11:48:05,821 __init__ INFO] [caprieval] No reference structure provided. Using the structure with the lowest score from previous step
[2026-02-13 11:48:05,906 libutil INFO] Selected 20 cores to process 20 jobs, with 32 maximum available cores.
[2026-02-13 11:48:05,907 libparallel INFO] Using 20 cores
[2026-02-13 11:48:06,294 libparallel INFO] 20 tasks finished
[2026-02-13 11:48:06,295 capri INFO] Rearranging cluster information into capri_clt.tsv
[2026-02-13 11:48:06,301 cli_clean INFO] Compressing '../3_emref' folder
[2026-02-13 11:48:06,302 clean_steps INFO] Cleaning output for '../3_emref' using 20 cores.
[2026-02-13 11:48:06,431 libtimer INFO] compressing took 0 seconds
[2026-02-13 11:48:06,431 cli_analyse INFO] CAPRI files identified
[2026-02-13 11:48:06,433 cli_analyse INFO] Plotting results..
[2026-02-13 11:48:07,536 cli_analyse INFO] Summary archive summary.tgz created!
[2026-02-13 11:48:07,536 cli_analyse INFO] moving files to analysis folder
[2026-02-13 11:48:07,536 cli_analyse INFO] cancelling unsuccesful analysis folders
[2026-02-13 11:48:07,536 cli_analyse INFO] updating paths in analysis/1_rigidbody_analysis/capri_ss.tsv
[2026-02-13 11:48:07,537 cli_analyse INFO] View the results in analysis/1_rigidbody_analysis/report.html
[2026-02-13 11:48:07,537 cli_analyse INFO] To view structures or download the structure files, in a terminal run the command `python -m http.server --directory /mnt/Data/PopOS/Data_Ana/Wu/clawdPorjects/HADDOCK_test/results/run_Neg_GCAACCCCAATGGGGT-1_contig_1_1`. By default, http server runs on `http://0.0.0.0:8000/`. Open the link http://0.0.0.0:8000/analysis/1_rigidbody_analysis/report.html in a web browser.
[2026-02-13 11:48:07,537 cli_analyse INFO] updating paths in analysis/2_flexref_analysis/capri_ss.tsv
[2026-02-13 11:48:07,537 cli_analyse INFO] View the results in analysis/2_flexref_analysis/report.html
[2026-02-13 11:48:07,537 cli_analyse INFO] To view structures or download the structure files, in a terminal run the command `python -m http.server --directory /mnt/Data/PopOS/Data_Ana/Wu/clawdPorjects/HADDOCK_test/results/run_Neg_GCAACCCCAATGGGGT-1_contig_1_1`. By default, http server runs on `http://0.0.0.0:8000/`. Open the link http://0.0.0.0:8000/analysis/2_flexref_analysis/report.html in a web browser.
[2026-02-13 11:48:07,537 cli_analyse INFO] updating paths in analysis/3_emref_analysis/capri_ss.tsv
[2026-02-13 11:48:07,537 cli_analyse INFO] View the results in analysis/3_emref_analysis/report.html
[2026-02-13 11:48:07,537 cli_analyse INFO] To view structures or download the structure files, in a terminal run the command `python -m http.server --directory /mnt/Data/PopOS/Data_Ana/Wu/clawdPorjects/HADDOCK_test/results/run_Neg_GCAACCCCAATGGGGT-1_contig_1_1`. By default, http server runs on `http://0.0.0.0:8000/`. Open the link http://0.0.0.0:8000/analysis/3_emref_analysis/report.html in a web browser.
[2026-02-13 11:48:07,537 cli_traceback INFO] Running haddock3-traceback on ./
[2026-02-13 11:48:07,537 cli_traceback INFO] Reading input run directory
[2026-02-13 11:48:07,537 cli_traceback INFO] All_steps: 0_topoaa, 1_rigidbody, 2_flexref, 3_emref
[2026-02-13 11:48:07,538 cli_traceback INFO] Modules not to be analysed: 0_topoaa
[2026-02-13 11:48:07,538 cli_traceback INFO] Steps to trace back: 1_rigidbody, 2_flexref, 3_emref
[2026-02-13 11:48:07,538 cli_traceback INFO] Created directory: /mnt/Data/PopOS/Data_Ana/Wu/clawdPorjects/HADDOCK_test/results/run_Neg_GCAACCCCAATGGGGT-1_contig_1_1/traceback
[2026-02-13 11:48:07,538 cli_traceback INFO] Tracing back step 3_emref
[2026-02-13 11:48:07,540 cli_traceback INFO] Tracing back step 2_flexref
[2026-02-13 11:48:07,542 cli_traceback INFO] Tracing back step 1_rigidbody
[2026-02-13 11:48:07,546 cli_traceback INFO] Output dataframe traceback/traceback.tsv created with shape (20, 8)
[2026-02-13 11:48:07,573 clean_steps INFO] Cleaning output for '0_topoaa' using 20 cores.
[2026-02-13 11:48:07,710 libtimer INFO] cleaning output files took 0 seconds
[2026-02-13 11:48:07,710 clean_steps INFO] Cleaning output for '1_rigidbody' using 20 cores.
[2026-02-13 11:48:07,718 libtimer INFO] cleaning output files took 0 seconds
[2026-02-13 11:48:07,719 clean_steps INFO] Cleaning output for '2_flexref' using 20 cores.
[2026-02-13 11:48:07,728 libtimer INFO] cleaning output files took 0 seconds
[2026-02-13 11:48:07,728 clean_steps INFO] Cleaning output for '3_emref' using 20 cores.
[2026-02-13 11:48:07,740 libtimer INFO] cleaning output files took 0 seconds
[2026-02-13 11:48:07,740 cli INFO] This HADDOCK3 run took: 2 minutes and 8 seconds
[2026-02-13 11:48:07,741 greetings INFO] Your feedback matters in Haddock3! Share your experience and help us grow:
[2026-02-13 11:48:07,741 greetings INFO] GitHub issues: https://github.com/haddocking/haddock3/issues
[2026-02-13 11:48:07,741 greetings INFO] BioExcel feedback: https://www.bonvinlab.org/feedback
[2026-02-13 11:48:07,741 greetings INFO] BioExcel forum: https://ask.bioexcel.eu/c/haddock/6
[2026-02-13 11:48:07,741 cli INFO] Finished at 13/02/2026 11:48:07. Good bye! Até logo! Ciao!
