[2026-02-13 11:10:01,785 cli INFO] 
##############################################
#                                            #
#                 HADDOCK3                   #
#                                            #
##############################################

!! Some of the HADDOCK3 components use CNS (Crystallographic and NMR System) which is free of use for non-profit applications. !!
!! For commercial use it is your own responsibility to have a proper license. !!
!! For details refer to the DISCLAIMER file in the HADDOCK3 repository. !!

Starting HADDOCK3 v2024.10.0b7 on 2026-02-13 11:10:00

Python 3.10.12 (main, Feb  4 2025, 14:57:36) [GCC 11.4.0]

[2026-02-13 11:10:05,509 libworkflow INFO] Reading instructions step 0_topoaa
[2026-02-13 11:10:05,509 libworkflow INFO] Reading instructions step 1_rigidbody
[2026-02-13 11:10:05,509 libworkflow INFO] Reading instructions step 2_flexref
[2026-02-13 11:10:05,509 libworkflow INFO] Reading instructions step 3_emref
[2026-02-13 11:10:05,523 base_cns_module INFO] Running [topoaa] module
[2026-02-13 11:10:05,523 __init__ INFO] [topoaa] Molecule 1: receptor_single_Neg_CCCACGTTCAGTATTA-1_contig_1_1.pdb
[2026-02-13 11:10:05,525 __init__ INFO] [topoaa] Sanitizing molecule receptor_single_Neg_CCCACGTTCAGTATTA-1_contig_1_1.pdb
[2026-02-13 11:10:05,532 __init__ INFO] [topoaa] Topology CNS input created
[2026-02-13 11:10:05,533 __init__ INFO] [topoaa] Molecule 2: ligand_single_Neg_CCCACGTTCAGTATTA-1_contig_1_1.pdb
[2026-02-13 11:10:05,534 __init__ INFO] [topoaa] Sanitizing molecule ligand_single_Neg_CCCACGTTCAGTATTA-1_contig_1_1.pdb
[2026-02-13 11:10:05,541 __init__ INFO] [topoaa] Topology CNS input created
[2026-02-13 11:10:05,541 __init__ INFO] [topoaa] Running CNS Jobs n=2
[2026-02-13 11:10:05,541 libutil INFO] Selected 2 cores to process 2 jobs, with 32 maximum available cores.
[2026-02-13 11:10:05,542 libparallel INFO] Using 2 cores
[2026-02-13 11:10:08,780 libparallel INFO] 2 tasks finished
[2026-02-13 11:10:08,780 __init__ INFO] [topoaa] CNS jobs have finished
[2026-02-13 11:10:08,782 base_cns_module INFO] Module [topoaa] finished.
[2026-02-13 11:10:08,782 __init__ INFO] [topoaa] took 3 seconds
[2026-02-13 11:10:09,126 base_cns_module INFO] Running [rigidbody] module
[2026-02-13 11:10:09,127 __init__ INFO] [rigidbody] crossdock=true
[2026-02-13 11:10:09,127 __init__ INFO] [rigidbody] Preparing jobs...
[2026-02-13 11:10:09,129 libutil INFO] Selected 20 cores to process 20 jobs, with 32 maximum available cores.
[2026-02-13 11:10:09,129 libparallel INFO] Using 20 cores
[2026-02-13 11:10:09,155 libparallel INFO] 20 tasks finished
[2026-02-13 11:10:09,156 __init__ INFO] [rigidbody] Preparation took 0.029135 seconds
[2026-02-13 11:10:09,157 __init__ INFO] [rigidbody] Running CNS Jobs n=20
[2026-02-13 11:10:09,157 libutil INFO] Selected 20 cores to process 20 jobs, with 32 maximum available cores.
[2026-02-13 11:10:09,157 libparallel INFO] Using 20 cores
[2026-02-13 11:10:20,206 libparallel INFO] 20 tasks finished
[2026-02-13 11:10:20,207 __init__ INFO] [rigidbody] CNS jobs have finished
[2026-02-13 11:10:20,236 base_cns_module INFO] Module [rigidbody] finished.
[2026-02-13 11:10:20,236 __init__ INFO] [rigidbody] took 11 seconds
[2026-02-13 11:10:20,613 base_cns_module INFO] Running [flexref] module
[2026-02-13 11:10:20,671 __init__ INFO] [flexref] Running CNS Jobs n=20
[2026-02-13 11:10:20,671 libutil INFO] Selected 20 cores to process 20 jobs, with 32 maximum available cores.
[2026-02-13 11:10:20,671 libparallel INFO] Using 20 cores
[2026-02-13 11:11:54,681 libparallel INFO] 20 tasks finished
[2026-02-13 11:11:54,681 __init__ INFO] [flexref] CNS jobs have finished
[2026-02-13 11:11:54,731 base_cns_module INFO] Module [flexref] finished.
[2026-02-13 11:11:54,731 __init__ INFO] [flexref] took 1 minute and 34 seconds
[2026-02-13 11:11:55,068 base_cns_module INFO] Running [emref] module
[2026-02-13 11:11:55,124 __init__ INFO] [emref] Running CNS Jobs n=20
[2026-02-13 11:11:55,124 libutil INFO] Selected 20 cores to process 20 jobs, with 32 maximum available cores.
[2026-02-13 11:11:55,124 libparallel INFO] Using 20 cores
[2026-02-13 11:12:02,450 libparallel INFO] 20 tasks finished
[2026-02-13 11:12:02,450 __init__ INFO] [emref] CNS jobs have finished
[2026-02-13 11:12:02,479 base_cns_module INFO] Module [emref] finished.
[2026-02-13 11:12:02,479 __init__ INFO] [emref] took 7 seconds
[2026-02-13 11:12:02,479 cli_analyse INFO] Running haddock3-analyse on ./, modules [], with top_cluster = 10
[2026-02-13 11:12:02,486 cli_analyse INFO] Created directory: /mnt/Data/PopOS/Data_Ana/Wu/clawdPorjects/HADDOCK_test/results/run_Neg_CCCACGTTCAGTATTA-1_contig_1_1/analysis
[2026-02-13 11:12:02,486 cli_analyse INFO] Reading input run directory
[2026-02-13 11:12:02,486 cli_analyse INFO] selected steps: 0_topoaa, 1_rigidbody, 2_flexref, 3_emref
[2026-02-13 11:12:02,486 cli_analyse INFO] Analysing step 0_topoaa
[2026-02-13 11:12:02,487 cli_analyse WARNING] Could not execute the analysis for step 0_topoaa. The following error occurred 'dict' object has no attribute 'rel_path'
[2026-02-13 11:12:02,487 cli_analyse INFO] Analysing step 1_rigidbody
[2026-02-13 11:12:02,488 cli_unpack INFO] Unpacking '../1_rigidbody' folder
[2026-02-13 11:12:02,488 libtimer INFO] unpacking took 0 seconds
[2026-02-13 11:12:02,503 capri INFO] Found previous CNS step: 1_rigidbody
[2026-02-13 11:12:02,611 capri INFO] Saved scoring weights to: weights_params.json
[2026-02-13 11:12:02,611 __init__ INFO] [caprieval] No reference structure provided. Using the structure with the lowest score from previous step
[2026-02-13 11:12:02,696 libutil INFO] Selected 20 cores to process 20 jobs, with 32 maximum available cores.
[2026-02-13 11:12:02,697 libparallel INFO] Using 20 cores
[2026-02-13 11:12:03,190 libparallel INFO] 20 tasks finished
[2026-02-13 11:12:03,191 capri INFO] Rearranging cluster information into capri_clt.tsv
[2026-02-13 11:12:03,198 cli_clean INFO] Compressing '../1_rigidbody' folder
[2026-02-13 11:12:03,198 clean_steps INFO] Cleaning output for '../1_rigidbody' using 20 cores.
[2026-02-13 11:12:03,329 libtimer INFO] compressing took 0 seconds
[2026-02-13 11:12:03,329 cli_analyse INFO] CAPRI files identified
[2026-02-13 11:12:03,331 cli_analyse INFO] Plotting results..
[2026-02-13 11:12:04,593 cli_analyse INFO] Summary archive summary.tgz created!
[2026-02-13 11:12:04,593 cli_analyse INFO] Analysing step 2_flexref
[2026-02-13 11:12:04,595 cli_unpack INFO] Unpacking '../2_flexref' folder
[2026-02-13 11:12:04,595 libtimer INFO] unpacking took 0 seconds
[2026-02-13 11:12:04,608 capri INFO] Found previous CNS step: 2_flexref
[2026-02-13 11:12:04,845 capri INFO] Saved scoring weights to: weights_params.json
[2026-02-13 11:12:04,845 __init__ INFO] [caprieval] No reference structure provided. Using the structure with the lowest score from previous step
[2026-02-13 11:12:04,932 libutil INFO] Selected 20 cores to process 20 jobs, with 32 maximum available cores.
[2026-02-13 11:12:04,932 libparallel INFO] Using 20 cores
[2026-02-13 11:12:05,324 libparallel INFO] 20 tasks finished
[2026-02-13 11:12:05,325 capri INFO] Rearranging cluster information into capri_clt.tsv
[2026-02-13 11:12:05,331 cli_clean INFO] Compressing '../2_flexref' folder
[2026-02-13 11:12:05,331 clean_steps INFO] Cleaning output for '../2_flexref' using 20 cores.
[2026-02-13 11:12:05,455 libtimer INFO] compressing took 0 seconds
[2026-02-13 11:12:05,455 cli_analyse INFO] CAPRI files identified
[2026-02-13 11:12:05,457 cli_analyse INFO] Plotting results..
[2026-02-13 11:12:06,602 cli_analyse INFO] Summary archive summary.tgz created!
[2026-02-13 11:12:06,602 cli_analyse INFO] Analysing step 3_emref
[2026-02-13 11:12:06,604 cli_unpack INFO] Unpacking '../3_emref' folder
[2026-02-13 11:12:06,604 libtimer INFO] unpacking took 0 seconds
[2026-02-13 11:12:06,618 capri INFO] Found previous CNS step: 3_emref
[2026-02-13 11:12:06,719 capri INFO] Saved scoring weights to: weights_params.json
[2026-02-13 11:12:06,719 __init__ INFO] [caprieval] No reference structure provided. Using the structure with the lowest score from previous step
[2026-02-13 11:12:06,804 libutil INFO] Selected 20 cores to process 20 jobs, with 32 maximum available cores.
[2026-02-13 11:12:06,804 libparallel INFO] Using 20 cores
[2026-02-13 11:12:07,193 libparallel INFO] 20 tasks finished
[2026-02-13 11:12:07,193 capri INFO] Rearranging cluster information into capri_clt.tsv
[2026-02-13 11:12:07,197 cli_clean INFO] Compressing '../3_emref' folder
[2026-02-13 11:12:07,197 clean_steps INFO] Cleaning output for '../3_emref' using 20 cores.
[2026-02-13 11:12:07,319 libtimer INFO] compressing took 0 seconds
[2026-02-13 11:12:07,319 cli_analyse INFO] CAPRI files identified
[2026-02-13 11:12:07,321 cli_analyse INFO] Plotting results..
[2026-02-13 11:12:08,433 cli_analyse INFO] Summary archive summary.tgz created!
[2026-02-13 11:12:08,434 cli_analyse INFO] moving files to analysis folder
[2026-02-13 11:12:08,434 cli_analyse INFO] cancelling unsuccesful analysis folders
[2026-02-13 11:12:08,434 cli_analyse INFO] updating paths in analysis/1_rigidbody_analysis/capri_ss.tsv
[2026-02-13 11:12:08,434 cli_analyse INFO] View the results in analysis/1_rigidbody_analysis/report.html
[2026-02-13 11:12:08,434 cli_analyse INFO] To view structures or download the structure files, in a terminal run the command `python -m http.server --directory /mnt/Data/PopOS/Data_Ana/Wu/clawdPorjects/HADDOCK_test/results/run_Neg_CCCACGTTCAGTATTA-1_contig_1_1`. By default, http server runs on `http://0.0.0.0:8000/`. Open the link http://0.0.0.0:8000/analysis/1_rigidbody_analysis/report.html in a web browser.
[2026-02-13 11:12:08,434 cli_analyse INFO] updating paths in analysis/2_flexref_analysis/capri_ss.tsv
[2026-02-13 11:12:08,434 cli_analyse INFO] View the results in analysis/2_flexref_analysis/report.html
[2026-02-13 11:12:08,434 cli_analyse INFO] To view structures or download the structure files, in a terminal run the command `python -m http.server --directory /mnt/Data/PopOS/Data_Ana/Wu/clawdPorjects/HADDOCK_test/results/run_Neg_CCCACGTTCAGTATTA-1_contig_1_1`. By default, http server runs on `http://0.0.0.0:8000/`. Open the link http://0.0.0.0:8000/analysis/2_flexref_analysis/report.html in a web browser.
[2026-02-13 11:12:08,434 cli_analyse INFO] updating paths in analysis/3_emref_analysis/capri_ss.tsv
[2026-02-13 11:12:08,434 cli_analyse INFO] View the results in analysis/3_emref_analysis/report.html
[2026-02-13 11:12:08,434 cli_analyse INFO] To view structures or download the structure files, in a terminal run the command `python -m http.server --directory /mnt/Data/PopOS/Data_Ana/Wu/clawdPorjects/HADDOCK_test/results/run_Neg_CCCACGTTCAGTATTA-1_contig_1_1`. By default, http server runs on `http://0.0.0.0:8000/`. Open the link http://0.0.0.0:8000/analysis/3_emref_analysis/report.html in a web browser.
[2026-02-13 11:12:08,434 cli_traceback INFO] Running haddock3-traceback on ./
[2026-02-13 11:12:08,435 cli_traceback INFO] Reading input run directory
[2026-02-13 11:12:08,435 cli_traceback INFO] All_steps: 0_topoaa, 1_rigidbody, 2_flexref, 3_emref
[2026-02-13 11:12:08,435 cli_traceback INFO] Modules not to be analysed: 0_topoaa
[2026-02-13 11:12:08,435 cli_traceback INFO] Steps to trace back: 1_rigidbody, 2_flexref, 3_emref
[2026-02-13 11:12:08,435 cli_traceback INFO] Created directory: /mnt/Data/PopOS/Data_Ana/Wu/clawdPorjects/HADDOCK_test/results/run_Neg_CCCACGTTCAGTATTA-1_contig_1_1/traceback
[2026-02-13 11:12:08,435 cli_traceback INFO] Tracing back step 3_emref
[2026-02-13 11:12:08,437 cli_traceback INFO] Tracing back step 2_flexref
[2026-02-13 11:12:08,439 cli_traceback INFO] Tracing back step 1_rigidbody
[2026-02-13 11:12:08,443 cli_traceback INFO] Output dataframe traceback/traceback.tsv created with shape (20, 8)
[2026-02-13 11:12:08,470 clean_steps INFO] Cleaning output for '0_topoaa' using 20 cores.
[2026-02-13 11:12:08,604 libtimer INFO] cleaning output files took 0 seconds
[2026-02-13 11:12:08,604 clean_steps INFO] Cleaning output for '1_rigidbody' using 20 cores.
[2026-02-13 11:12:08,612 libtimer INFO] cleaning output files took 0 seconds
[2026-02-13 11:12:08,612 clean_steps INFO] Cleaning output for '2_flexref' using 20 cores.
[2026-02-13 11:12:08,621 libtimer INFO] cleaning output files took 0 seconds
[2026-02-13 11:12:08,622 clean_steps INFO] Cleaning output for '3_emref' using 20 cores.
[2026-02-13 11:12:08,636 libtimer INFO] cleaning output files took 0 seconds
[2026-02-13 11:12:08,636 cli INFO] This HADDOCK3 run took: 2 minutes and 7 seconds
[2026-02-13 11:12:08,636 greetings INFO] Your feedback matters in Haddock3! Share your experience and help us grow:
[2026-02-13 11:12:08,636 greetings INFO] GitHub issues: https://github.com/haddocking/haddock3/issues
[2026-02-13 11:12:08,637 greetings INFO] BioExcel feedback: https://www.bonvinlab.org/feedback
[2026-02-13 11:12:08,637 greetings INFO] BioExcel forum: https://ask.bioexcel.eu/c/haddock/6
[2026-02-13 11:12:08,637 cli INFO] Finished at 13/02/2026 11:12:08. Do pobachennya! Adéu-siau! Ciao!
