[2026-02-06 06:48:00,471 cli INFO] 
##############################################
#                                            #
#                 HADDOCK3                   #
#                                            #
##############################################

!! Some of the HADDOCK3 components use CNS (Crystallographic and NMR System) which is free of use for non-profit applications. !!
!! For commercial use it is your own responsibility to have a proper license. !!
!! For details refer to the DISCLAIMER file in the HADDOCK3 repository. !!

Starting HADDOCK3 v2024.10.0b7 on 2026-02-06 06:48:00

Python 3.10.12 (main, Feb  4 2025, 14:57:36) [GCC 11.4.0]

[2026-02-06 06:48:04,105 libworkflow INFO] Reading instructions step 0_topoaa
[2026-02-06 06:48:04,105 libworkflow INFO] Reading instructions step 1_rigidbody
[2026-02-06 06:48:04,105 libworkflow INFO] Reading instructions step 2_flexref
[2026-02-06 06:48:04,106 libworkflow INFO] Reading instructions step 3_emref
[2026-02-06 06:48:04,119 base_cns_module INFO] Running [topoaa] module
[2026-02-06 06:48:04,119 __init__ INFO] [topoaa] Molecule 1: receptor_single_refold_TG0253_Epi.pdb
[2026-02-06 06:48:04,123 __init__ INFO] [topoaa] Sanitizing molecule receptor_single_refold_TG0253_Epi.pdb
[2026-02-06 06:48:04,142 __init__ INFO] [topoaa] Topology CNS input created
[2026-02-06 06:48:04,142 __init__ INFO] [topoaa] Molecule 2: ligand_single_refold_TG0253_Epi.pdb
[2026-02-06 06:48:04,143 __init__ INFO] [topoaa] Sanitizing molecule ligand_single_refold_TG0253_Epi.pdb
[2026-02-06 06:48:04,146 __init__ INFO] [topoaa] Topology CNS input created
[2026-02-06 06:48:04,146 __init__ INFO] [topoaa] Running CNS Jobs n=2
[2026-02-06 06:48:04,146 libutil INFO] Selected 2 cores to process 2 jobs, with 32 maximum available cores.
[2026-02-06 06:48:04,147 libparallel INFO] Using 2 cores
[2026-02-06 06:48:24,204 libparallel INFO] 2 tasks finished
[2026-02-06 06:48:24,205 __init__ INFO] [topoaa] CNS jobs have finished
[2026-02-06 06:48:24,207 base_cns_module INFO] Module [topoaa] finished.
[2026-02-06 06:48:24,207 __init__ INFO] [topoaa] took 20 seconds
[2026-02-06 06:48:24,538 base_cns_module INFO] Running [rigidbody] module
[2026-02-06 06:48:24,538 __init__ INFO] [rigidbody] crossdock=true
[2026-02-06 06:48:24,538 __init__ INFO] [rigidbody] Preparing jobs...
[2026-02-06 06:48:24,542 libutil INFO] Selected 20 cores to process 20 jobs, with 32 maximum available cores.
[2026-02-06 06:48:24,543 libparallel INFO] Using 20 cores
[2026-02-06 06:48:24,573 libparallel INFO] 20 tasks finished
[2026-02-06 06:48:24,573 __init__ INFO] [rigidbody] Preparation took 0.035086 seconds
[2026-02-06 06:48:24,575 __init__ INFO] [rigidbody] Running CNS Jobs n=20
[2026-02-06 06:48:24,575 libutil INFO] Selected 20 cores to process 20 jobs, with 32 maximum available cores.
[2026-02-06 06:48:24,575 libparallel INFO] Using 20 cores
[2026-02-06 06:48:58,101 libparallel INFO] 20 tasks finished
[2026-02-06 06:48:58,101 __init__ INFO] [rigidbody] CNS jobs have finished
[2026-02-06 06:48:58,158 base_cns_module INFO] Module [rigidbody] finished.
[2026-02-06 06:48:58,158 __init__ INFO] [rigidbody] took 34 seconds
[2026-02-06 06:48:58,531 base_cns_module INFO] Running [flexref] module
[2026-02-06 06:48:58,651 __init__ INFO] [flexref] Running CNS Jobs n=20
[2026-02-06 06:48:58,651 libutil INFO] Selected 20 cores to process 20 jobs, with 32 maximum available cores.
[2026-02-06 06:48:58,652 libparallel INFO] Using 20 cores
[2026-02-06 06:53:28,225 libparallel INFO] 20 tasks finished
[2026-02-06 06:53:28,225 __init__ INFO] [flexref] CNS jobs have finished
[2026-02-06 06:53:28,284 base_cns_module INFO] Module [flexref] finished.
[2026-02-06 06:53:28,284 __init__ INFO] [flexref] took 4 minutes and 30 seconds
[2026-02-06 06:53:28,616 base_cns_module INFO] Running [emref] module
[2026-02-06 06:53:28,732 __init__ INFO] [emref] Running CNS Jobs n=20
[2026-02-06 06:53:28,732 libutil INFO] Selected 20 cores to process 20 jobs, with 32 maximum available cores.
[2026-02-06 06:53:28,732 libparallel INFO] Using 20 cores
[2026-02-06 06:53:48,171 libparallel INFO] 20 tasks finished
[2026-02-06 06:53:48,171 __init__ INFO] [emref] CNS jobs have finished
[2026-02-06 06:53:48,227 base_cns_module INFO] Module [emref] finished.
[2026-02-06 06:53:48,227 __init__ INFO] [emref] took 20 seconds
[2026-02-06 06:53:48,227 cli_analyse INFO] Running haddock3-analyse on ./, modules [], with top_cluster = 10
[2026-02-06 06:53:48,234 cli_analyse INFO] Created directory: /mnt/Data/PopOS/Data_Ana/Wu/clawdPorjects/HADDOCK_test/results/run_refold_TG0253_Epi/analysis
[2026-02-06 06:53:48,234 cli_analyse INFO] Reading input run directory
[2026-02-06 06:53:48,234 cli_analyse INFO] selected steps: 0_topoaa, 1_rigidbody, 2_flexref, 3_emref
[2026-02-06 06:53:48,234 cli_analyse INFO] Analysing step 0_topoaa
[2026-02-06 06:53:48,235 cli_analyse WARNING] Could not execute the analysis for step 0_topoaa. The following error occurred 'dict' object has no attribute 'rel_path'
[2026-02-06 06:53:48,235 cli_analyse INFO] Analysing step 1_rigidbody
[2026-02-06 06:53:48,236 cli_unpack INFO] Unpacking '../1_rigidbody' folder
[2026-02-06 06:53:48,236 libtimer INFO] unpacking took 0 seconds
[2026-02-06 06:53:48,249 capri INFO] Found previous CNS step: 1_rigidbody
[2026-02-06 06:53:48,357 capri INFO] Saved scoring weights to: weights_params.json
[2026-02-06 06:53:48,357 __init__ INFO] [caprieval] No reference structure provided. Using the structure with the lowest score from previous step
[2026-02-06 06:53:48,552 libutil INFO] Selected 20 cores to process 20 jobs, with 32 maximum available cores.
[2026-02-06 06:53:48,552 libparallel INFO] Using 20 cores
[2026-02-06 06:53:49,566 libparallel INFO] 20 tasks finished
[2026-02-06 06:53:49,567 capri INFO] Rearranging cluster information into capri_clt.tsv
[2026-02-06 06:53:49,571 cli_clean INFO] Compressing '../1_rigidbody' folder
[2026-02-06 06:53:49,571 clean_steps INFO] Cleaning output for '../1_rigidbody' using 20 cores.
[2026-02-06 06:53:49,790 libtimer INFO] compressing took 0 seconds
[2026-02-06 06:53:49,790 cli_analyse INFO] CAPRI files identified
[2026-02-06 06:53:49,792 cli_analyse INFO] Plotting results..
[2026-02-06 06:53:51,705 cli_analyse INFO] Summary archive summary.tgz created!
[2026-02-06 06:53:51,705 cli_analyse INFO] Analysing step 2_flexref
[2026-02-06 06:53:51,707 cli_unpack INFO] Unpacking '../2_flexref' folder
[2026-02-06 06:53:51,707 libtimer INFO] unpacking took 0 seconds
[2026-02-06 06:53:51,720 capri INFO] Found previous CNS step: 2_flexref
[2026-02-06 06:53:51,958 capri INFO] Saved scoring weights to: weights_params.json
[2026-02-06 06:53:51,958 __init__ INFO] [caprieval] No reference structure provided. Using the structure with the lowest score from previous step
[2026-02-06 06:53:52,162 libutil INFO] Selected 20 cores to process 20 jobs, with 32 maximum available cores.
[2026-02-06 06:53:52,162 libparallel INFO] Using 20 cores
[2026-02-06 06:53:53,164 libparallel INFO] 20 tasks finished
[2026-02-06 06:53:53,166 capri INFO] Rearranging cluster information into capri_clt.tsv
[2026-02-06 06:53:53,173 cli_clean INFO] Compressing '../2_flexref' folder
[2026-02-06 06:53:53,173 clean_steps INFO] Cleaning output for '../2_flexref' using 20 cores.
[2026-02-06 06:53:53,406 libtimer INFO] compressing took 0 seconds
[2026-02-06 06:53:53,406 cli_analyse INFO] CAPRI files identified
[2026-02-06 06:53:53,409 cli_analyse INFO] Plotting results..
[2026-02-06 06:53:55,202 cli_analyse INFO] Summary archive summary.tgz created!
[2026-02-06 06:53:55,202 cli_analyse INFO] Analysing step 3_emref
[2026-02-06 06:53:55,204 cli_unpack INFO] Unpacking '../3_emref' folder
[2026-02-06 06:53:55,204 libtimer INFO] unpacking took 0 seconds
[2026-02-06 06:53:55,217 capri INFO] Found previous CNS step: 3_emref
[2026-02-06 06:53:55,318 capri INFO] Saved scoring weights to: weights_params.json
[2026-02-06 06:53:55,318 __init__ INFO] [caprieval] No reference structure provided. Using the structure with the lowest score from previous step
[2026-02-06 06:53:55,516 libutil INFO] Selected 20 cores to process 20 jobs, with 32 maximum available cores.
[2026-02-06 06:53:55,516 libparallel INFO] Using 20 cores
[2026-02-06 06:53:56,517 libparallel INFO] 20 tasks finished
[2026-02-06 06:53:56,518 capri INFO] Rearranging cluster information into capri_clt.tsv
[2026-02-06 06:53:56,523 cli_clean INFO] Compressing '../3_emref' folder
[2026-02-06 06:53:56,523 clean_steps INFO] Cleaning output for '../3_emref' using 20 cores.
[2026-02-06 06:53:56,748 libtimer INFO] compressing took 0 seconds
[2026-02-06 06:53:56,748 cli_analyse INFO] CAPRI files identified
[2026-02-06 06:53:56,751 cli_analyse INFO] Plotting results..
[2026-02-06 06:53:58,634 cli_analyse INFO] Summary archive summary.tgz created!
[2026-02-06 06:53:58,634 cli_analyse INFO] moving files to analysis folder
[2026-02-06 06:53:58,634 cli_analyse INFO] cancelling unsuccesful analysis folders
[2026-02-06 06:53:58,634 cli_analyse INFO] updating paths in analysis/1_rigidbody_analysis/capri_ss.tsv
[2026-02-06 06:53:58,635 cli_analyse INFO] View the results in analysis/1_rigidbody_analysis/report.html
[2026-02-06 06:53:58,635 cli_analyse INFO] To view structures or download the structure files, in a terminal run the command `python -m http.server --directory /mnt/Data/PopOS/Data_Ana/Wu/clawdPorjects/HADDOCK_test/results/run_refold_TG0253_Epi`. By default, http server runs on `http://0.0.0.0:8000/`. Open the link http://0.0.0.0:8000/analysis/1_rigidbody_analysis/report.html in a web browser.
[2026-02-06 06:53:58,635 cli_analyse INFO] updating paths in analysis/2_flexref_analysis/capri_ss.tsv
[2026-02-06 06:53:58,635 cli_analyse INFO] View the results in analysis/2_flexref_analysis/report.html
[2026-02-06 06:53:58,635 cli_analyse INFO] To view structures or download the structure files, in a terminal run the command `python -m http.server --directory /mnt/Data/PopOS/Data_Ana/Wu/clawdPorjects/HADDOCK_test/results/run_refold_TG0253_Epi`. By default, http server runs on `http://0.0.0.0:8000/`. Open the link http://0.0.0.0:8000/analysis/2_flexref_analysis/report.html in a web browser.
[2026-02-06 06:53:58,635 cli_analyse INFO] updating paths in analysis/3_emref_analysis/capri_ss.tsv
[2026-02-06 06:53:58,635 cli_analyse INFO] View the results in analysis/3_emref_analysis/report.html
[2026-02-06 06:53:58,635 cli_analyse INFO] To view structures or download the structure files, in a terminal run the command `python -m http.server --directory /mnt/Data/PopOS/Data_Ana/Wu/clawdPorjects/HADDOCK_test/results/run_refold_TG0253_Epi`. By default, http server runs on `http://0.0.0.0:8000/`. Open the link http://0.0.0.0:8000/analysis/3_emref_analysis/report.html in a web browser.
[2026-02-06 06:53:58,635 cli_traceback INFO] Running haddock3-traceback on ./
[2026-02-06 06:53:58,635 cli_traceback INFO] Reading input run directory
[2026-02-06 06:53:58,635 cli_traceback INFO] All_steps: 0_topoaa, 1_rigidbody, 2_flexref, 3_emref
[2026-02-06 06:53:58,636 cli_traceback INFO] Modules not to be analysed: 0_topoaa
[2026-02-06 06:53:58,636 cli_traceback INFO] Steps to trace back: 1_rigidbody, 2_flexref, 3_emref
[2026-02-06 06:53:58,636 cli_traceback INFO] Created directory: /mnt/Data/PopOS/Data_Ana/Wu/clawdPorjects/HADDOCK_test/results/run_refold_TG0253_Epi/traceback
[2026-02-06 06:53:58,636 cli_traceback INFO] Tracing back step 3_emref
[2026-02-06 06:53:58,638 cli_traceback INFO] Tracing back step 2_flexref
[2026-02-06 06:53:58,640 cli_traceback INFO] Tracing back step 1_rigidbody
[2026-02-06 06:53:58,644 cli_traceback INFO] Output dataframe traceback/traceback.tsv created with shape (20, 8)
[2026-02-06 06:53:58,671 clean_steps INFO] Cleaning output for '0_topoaa' using 20 cores.
[2026-02-06 06:53:58,979 libtimer INFO] cleaning output files took 0 seconds
[2026-02-06 06:53:58,979 clean_steps INFO] Cleaning output for '1_rigidbody' using 20 cores.
[2026-02-06 06:53:58,987 libtimer INFO] cleaning output files took 0 seconds
[2026-02-06 06:53:58,987 clean_steps INFO] Cleaning output for '2_flexref' using 20 cores.
[2026-02-06 06:53:58,996 libtimer INFO] cleaning output files took 0 seconds
[2026-02-06 06:53:58,996 clean_steps INFO] Cleaning output for '3_emref' using 20 cores.
[2026-02-06 06:53:59,010 libtimer INFO] cleaning output files took 0 seconds
[2026-02-06 06:53:59,010 cli INFO] This HADDOCK3 run took: 5 minutes and 59 seconds
[2026-02-06 06:53:59,010 greetings INFO] Your feedback matters in Haddock3! Share your experience and help us grow:
[2026-02-06 06:53:59,010 greetings INFO] GitHub issues: https://github.com/haddocking/haddock3/issues
[2026-02-06 06:53:59,010 greetings INFO] BioExcel feedback: https://www.bonvinlab.org/feedback
[2026-02-06 06:53:59,010 greetings INFO] BioExcel forum: https://ask.bioexcel.eu/c/haddock/6
[2026-02-06 06:53:59,010 cli INFO] Finished at 06/02/2026 06:53:59. Do pobachennya! Adéu-siau! 再见!
