[2026-02-06 06:36:40,446 cli INFO] 
##############################################
#                                            #
#                 HADDOCK3                   #
#                                            #
##############################################

!! Some of the HADDOCK3 components use CNS (Crystallographic and NMR System) which is free of use for non-profit applications. !!
!! For commercial use it is your own responsibility to have a proper license. !!
!! For details refer to the DISCLAIMER file in the HADDOCK3 repository. !!

Starting HADDOCK3 v2024.10.0b7 on 2026-02-06 06:36:00

Python 3.10.12 (main, Feb  4 2025, 14:57:36) [GCC 11.4.0]

[2026-02-06 06:36:44,118 libworkflow INFO] Reading instructions step 0_topoaa
[2026-02-06 06:36:44,118 libworkflow INFO] Reading instructions step 1_rigidbody
[2026-02-06 06:36:44,118 libworkflow INFO] Reading instructions step 2_flexref
[2026-02-06 06:36:44,119 libworkflow INFO] Reading instructions step 3_emref
[2026-02-06 06:36:44,132 base_cns_module INFO] Running [topoaa] module
[2026-02-06 06:36:44,132 __init__ INFO] [topoaa] Molecule 1: receptor_single_refold_TG0176_Epi.pdb
[2026-02-06 06:36:44,136 __init__ INFO] [topoaa] Sanitizing molecule receptor_single_refold_TG0176_Epi.pdb
[2026-02-06 06:36:44,155 __init__ INFO] [topoaa] Topology CNS input created
[2026-02-06 06:36:44,155 __init__ INFO] [topoaa] Molecule 2: ligand_single_refold_TG0176_Epi.pdb
[2026-02-06 06:36:44,155 __init__ INFO] [topoaa] Sanitizing molecule ligand_single_refold_TG0176_Epi.pdb
[2026-02-06 06:36:44,159 __init__ INFO] [topoaa] Topology CNS input created
[2026-02-06 06:36:44,159 __init__ INFO] [topoaa] Running CNS Jobs n=2
[2026-02-06 06:36:44,159 libutil INFO] Selected 2 cores to process 2 jobs, with 32 maximum available cores.
[2026-02-06 06:36:44,160 libparallel INFO] Using 2 cores
[2026-02-06 06:37:04,350 libparallel INFO] 2 tasks finished
[2026-02-06 06:37:04,350 __init__ INFO] [topoaa] CNS jobs have finished
[2026-02-06 06:37:04,353 base_cns_module INFO] Module [topoaa] finished.
[2026-02-06 06:37:04,353 __init__ INFO] [topoaa] took 20 seconds
[2026-02-06 06:37:04,683 base_cns_module INFO] Running [rigidbody] module
[2026-02-06 06:37:04,684 __init__ INFO] [rigidbody] crossdock=true
[2026-02-06 06:37:04,684 __init__ INFO] [rigidbody] Preparing jobs...
[2026-02-06 06:37:04,688 libutil INFO] Selected 20 cores to process 20 jobs, with 32 maximum available cores.
[2026-02-06 06:37:04,688 libparallel INFO] Using 20 cores
[2026-02-06 06:37:04,717 libparallel INFO] 20 tasks finished
[2026-02-06 06:37:04,717 __init__ INFO] [rigidbody] Preparation took 0.033616 seconds
[2026-02-06 06:37:04,719 __init__ INFO] [rigidbody] Running CNS Jobs n=20
[2026-02-06 06:37:04,719 libutil INFO] Selected 20 cores to process 20 jobs, with 32 maximum available cores.
[2026-02-06 06:37:04,719 libparallel INFO] Using 20 cores
[2026-02-06 06:37:36,150 libparallel INFO] 20 tasks finished
[2026-02-06 06:37:36,150 __init__ INFO] [rigidbody] CNS jobs have finished
[2026-02-06 06:37:36,202 base_cns_module INFO] Module [rigidbody] finished.
[2026-02-06 06:37:36,202 __init__ INFO] [rigidbody] took 32 seconds
[2026-02-06 06:37:36,574 base_cns_module INFO] Running [flexref] module
[2026-02-06 06:37:36,693 __init__ INFO] [flexref] Running CNS Jobs n=20
[2026-02-06 06:37:36,693 libutil INFO] Selected 20 cores to process 20 jobs, with 32 maximum available cores.
[2026-02-06 06:37:36,693 libparallel INFO] Using 20 cores
[2026-02-06 06:42:00,956 libparallel INFO] 20 tasks finished
[2026-02-06 06:42:00,956 __init__ INFO] [flexref] CNS jobs have finished
[2026-02-06 06:42:01,022 base_cns_module INFO] Module [flexref] finished.
[2026-02-06 06:42:01,022 __init__ INFO] [flexref] took 4 minutes and 24 seconds
[2026-02-06 06:42:01,356 base_cns_module INFO] Running [emref] module
[2026-02-06 06:42:01,474 __init__ INFO] [emref] Running CNS Jobs n=20
[2026-02-06 06:42:01,474 libutil INFO] Selected 20 cores to process 20 jobs, with 32 maximum available cores.
[2026-02-06 06:42:01,475 libparallel INFO] Using 20 cores
[2026-02-06 06:42:20,715 libparallel INFO] 20 tasks finished
[2026-02-06 06:42:20,716 __init__ INFO] [emref] CNS jobs have finished
[2026-02-06 06:42:20,775 base_cns_module INFO] Module [emref] finished.
[2026-02-06 06:42:20,776 __init__ INFO] [emref] took 19 seconds
[2026-02-06 06:42:20,776 cli_analyse INFO] Running haddock3-analyse on ./, modules [], with top_cluster = 10
[2026-02-06 06:42:20,782 cli_analyse INFO] Created directory: /mnt/Data/PopOS/Data_Ana/Wu/clawdPorjects/HADDOCK_test/results/run_refold_TG0176_Epi/analysis
[2026-02-06 06:42:20,783 cli_analyse INFO] Reading input run directory
[2026-02-06 06:42:20,783 cli_analyse INFO] selected steps: 0_topoaa, 1_rigidbody, 2_flexref, 3_emref
[2026-02-06 06:42:20,783 cli_analyse INFO] Analysing step 0_topoaa
[2026-02-06 06:42:20,783 cli_analyse WARNING] Could not execute the analysis for step 0_topoaa. The following error occurred 'dict' object has no attribute 'rel_path'
[2026-02-06 06:42:20,783 cli_analyse INFO] Analysing step 1_rigidbody
[2026-02-06 06:42:20,784 cli_unpack INFO] Unpacking '../1_rigidbody' folder
[2026-02-06 06:42:20,785 libtimer INFO] unpacking took 0 seconds
[2026-02-06 06:42:20,798 capri INFO] Found previous CNS step: 1_rigidbody
[2026-02-06 06:42:20,904 capri INFO] Saved scoring weights to: weights_params.json
[2026-02-06 06:42:20,904 __init__ INFO] [caprieval] No reference structure provided. Using the structure with the lowest score from previous step
[2026-02-06 06:42:21,102 libutil INFO] Selected 20 cores to process 20 jobs, with 32 maximum available cores.
[2026-02-06 06:42:21,102 libparallel INFO] Using 20 cores
[2026-02-06 06:42:22,121 libparallel INFO] 20 tasks finished
[2026-02-06 06:42:22,122 capri INFO] Rearranging cluster information into capri_clt.tsv
[2026-02-06 06:42:22,127 cli_clean INFO] Compressing '../1_rigidbody' folder
[2026-02-06 06:42:22,127 clean_steps INFO] Cleaning output for '../1_rigidbody' using 20 cores.
[2026-02-06 06:42:22,455 libtimer INFO] compressing took 0 seconds
[2026-02-06 06:42:22,455 cli_analyse INFO] CAPRI files identified
[2026-02-06 06:42:22,457 cli_analyse INFO] Plotting results..
[2026-02-06 06:42:24,361 cli_analyse INFO] Summary archive summary.tgz created!
[2026-02-06 06:42:24,361 cli_analyse INFO] Analysing step 2_flexref
[2026-02-06 06:42:24,363 cli_unpack INFO] Unpacking '../2_flexref' folder
[2026-02-06 06:42:24,364 libtimer INFO] unpacking took 0 seconds
[2026-02-06 06:42:24,377 capri INFO] Found previous CNS step: 2_flexref
[2026-02-06 06:42:24,612 capri INFO] Saved scoring weights to: weights_params.json
[2026-02-06 06:42:24,612 __init__ INFO] [caprieval] No reference structure provided. Using the structure with the lowest score from previous step
[2026-02-06 06:42:24,817 libutil INFO] Selected 20 cores to process 20 jobs, with 32 maximum available cores.
[2026-02-06 06:42:24,817 libparallel INFO] Using 20 cores
[2026-02-06 06:42:25,783 libparallel INFO] 20 tasks finished
[2026-02-06 06:42:25,784 capri INFO] Rearranging cluster information into capri_clt.tsv
[2026-02-06 06:42:25,789 cli_clean INFO] Compressing '../2_flexref' folder
[2026-02-06 06:42:25,789 clean_steps INFO] Cleaning output for '../2_flexref' using 20 cores.
[2026-02-06 06:42:26,007 libtimer INFO] compressing took 0 seconds
[2026-02-06 06:42:26,007 cli_analyse INFO] CAPRI files identified
[2026-02-06 06:42:26,010 cli_analyse INFO] Plotting results..
[2026-02-06 06:42:27,785 cli_analyse INFO] Summary archive summary.tgz created!
[2026-02-06 06:42:27,785 cli_analyse INFO] Analysing step 3_emref
[2026-02-06 06:42:27,787 cli_unpack INFO] Unpacking '../3_emref' folder
[2026-02-06 06:42:27,787 libtimer INFO] unpacking took 0 seconds
[2026-02-06 06:42:27,801 capri INFO] Found previous CNS step: 3_emref
[2026-02-06 06:42:27,900 capri INFO] Saved scoring weights to: weights_params.json
[2026-02-06 06:42:27,901 __init__ INFO] [caprieval] No reference structure provided. Using the structure with the lowest score from previous step
[2026-02-06 06:42:28,099 libutil INFO] Selected 20 cores to process 20 jobs, with 32 maximum available cores.
[2026-02-06 06:42:28,099 libparallel INFO] Using 20 cores
[2026-02-06 06:42:29,062 libparallel INFO] 20 tasks finished
[2026-02-06 06:42:29,063 capri INFO] Rearranging cluster information into capri_clt.tsv
[2026-02-06 06:42:29,070 cli_clean INFO] Compressing '../3_emref' folder
[2026-02-06 06:42:29,070 clean_steps INFO] Cleaning output for '../3_emref' using 20 cores.
[2026-02-06 06:42:29,295 libtimer INFO] compressing took 0 seconds
[2026-02-06 06:42:29,295 cli_analyse INFO] CAPRI files identified
[2026-02-06 06:42:29,298 cli_analyse INFO] Plotting results..
[2026-02-06 06:42:31,145 cli_analyse INFO] Summary archive summary.tgz created!
[2026-02-06 06:42:31,146 cli_analyse INFO] moving files to analysis folder
[2026-02-06 06:42:31,146 cli_analyse INFO] cancelling unsuccesful analysis folders
[2026-02-06 06:42:31,146 cli_analyse INFO] updating paths in analysis/1_rigidbody_analysis/capri_ss.tsv
[2026-02-06 06:42:31,146 cli_analyse INFO] View the results in analysis/1_rigidbody_analysis/report.html
[2026-02-06 06:42:31,146 cli_analyse INFO] To view structures or download the structure files, in a terminal run the command `python -m http.server --directory /mnt/Data/PopOS/Data_Ana/Wu/clawdPorjects/HADDOCK_test/results/run_refold_TG0176_Epi`. By default, http server runs on `http://0.0.0.0:8000/`. Open the link http://0.0.0.0:8000/analysis/1_rigidbody_analysis/report.html in a web browser.
[2026-02-06 06:42:31,146 cli_analyse INFO] updating paths in analysis/2_flexref_analysis/capri_ss.tsv
[2026-02-06 06:42:31,146 cli_analyse INFO] View the results in analysis/2_flexref_analysis/report.html
[2026-02-06 06:42:31,146 cli_analyse INFO] To view structures or download the structure files, in a terminal run the command `python -m http.server --directory /mnt/Data/PopOS/Data_Ana/Wu/clawdPorjects/HADDOCK_test/results/run_refold_TG0176_Epi`. By default, http server runs on `http://0.0.0.0:8000/`. Open the link http://0.0.0.0:8000/analysis/2_flexref_analysis/report.html in a web browser.
[2026-02-06 06:42:31,146 cli_analyse INFO] updating paths in analysis/3_emref_analysis/capri_ss.tsv
[2026-02-06 06:42:31,146 cli_analyse INFO] View the results in analysis/3_emref_analysis/report.html
[2026-02-06 06:42:31,146 cli_analyse INFO] To view structures or download the structure files, in a terminal run the command `python -m http.server --directory /mnt/Data/PopOS/Data_Ana/Wu/clawdPorjects/HADDOCK_test/results/run_refold_TG0176_Epi`. By default, http server runs on `http://0.0.0.0:8000/`. Open the link http://0.0.0.0:8000/analysis/3_emref_analysis/report.html in a web browser.
[2026-02-06 06:42:31,147 cli_traceback INFO] Running haddock3-traceback on ./
[2026-02-06 06:42:31,147 cli_traceback INFO] Reading input run directory
[2026-02-06 06:42:31,147 cli_traceback INFO] All_steps: 0_topoaa, 1_rigidbody, 2_flexref, 3_emref
[2026-02-06 06:42:31,147 cli_traceback INFO] Modules not to be analysed: 0_topoaa
[2026-02-06 06:42:31,147 cli_traceback INFO] Steps to trace back: 1_rigidbody, 2_flexref, 3_emref
[2026-02-06 06:42:31,147 cli_traceback INFO] Created directory: /mnt/Data/PopOS/Data_Ana/Wu/clawdPorjects/HADDOCK_test/results/run_refold_TG0176_Epi/traceback
[2026-02-06 06:42:31,147 cli_traceback INFO] Tracing back step 3_emref
[2026-02-06 06:42:31,149 cli_traceback INFO] Tracing back step 2_flexref
[2026-02-06 06:42:31,151 cli_traceback INFO] Tracing back step 1_rigidbody
[2026-02-06 06:42:31,155 cli_traceback INFO] Output dataframe traceback/traceback.tsv created with shape (20, 8)
[2026-02-06 06:42:31,182 clean_steps INFO] Cleaning output for '0_topoaa' using 20 cores.
[2026-02-06 06:42:31,471 libtimer INFO] cleaning output files took 0 seconds
[2026-02-06 06:42:31,471 clean_steps INFO] Cleaning output for '1_rigidbody' using 20 cores.
[2026-02-06 06:42:31,480 libtimer INFO] cleaning output files took 0 seconds
[2026-02-06 06:42:31,480 clean_steps INFO] Cleaning output for '2_flexref' using 20 cores.
[2026-02-06 06:42:31,489 libtimer INFO] cleaning output files took 0 seconds
[2026-02-06 06:42:31,489 clean_steps INFO] Cleaning output for '3_emref' using 20 cores.
[2026-02-06 06:42:31,503 libtimer INFO] cleaning output files took 0 seconds
[2026-02-06 06:42:31,504 cli INFO] This HADDOCK3 run took: 5 minutes and 51 seconds
[2026-02-06 06:42:31,504 greetings INFO] Your feedback matters in Haddock3! Share your experience and help us grow:
[2026-02-06 06:42:31,504 greetings INFO] GitHub issues: https://github.com/haddocking/haddock3/issues
[2026-02-06 06:42:31,504 greetings INFO] BioExcel feedback: https://www.bonvinlab.org/feedback
[2026-02-06 06:42:31,504 greetings INFO] BioExcel forum: https://ask.bioexcel.eu/c/haddock/6
[2026-02-06 06:42:31,504 cli INFO] Finished at 06/02/2026 06:42:31. Tot ziens! Até logo! La revedere!
