[2026-02-06 07:29:54,528 cli INFO] 
##############################################
#                                            #
#                 HADDOCK3                   #
#                                            #
##############################################

!! Some of the HADDOCK3 components use CNS (Crystallographic and NMR System) which is free of use for non-profit applications. !!
!! For commercial use it is your own responsibility to have a proper license. !!
!! For details refer to the DISCLAIMER file in the HADDOCK3 repository. !!

Starting HADDOCK3 v2024.10.0b7 on 2026-02-06 07:29:00

Python 3.10.12 (main, Feb  4 2025, 14:57:36) [GCC 11.4.0]

[2026-02-06 07:29:58,217 libworkflow INFO] Reading instructions step 0_topoaa
[2026-02-06 07:29:58,217 libworkflow INFO] Reading instructions step 1_rigidbody
[2026-02-06 07:29:58,217 libworkflow INFO] Reading instructions step 2_flexref
[2026-02-06 07:29:58,218 libworkflow INFO] Reading instructions step 3_emref
[2026-02-06 07:29:58,232 base_cns_module INFO] Running [topoaa] module
[2026-02-06 07:29:58,232 __init__ INFO] [topoaa] Molecule 1: receptor_single_TG0081_Epi.pdb
[2026-02-06 07:29:58,236 __init__ INFO] [topoaa] Sanitizing molecule receptor_single_TG0081_Epi.pdb
[2026-02-06 07:29:58,255 __init__ INFO] [topoaa] Topology CNS input created
[2026-02-06 07:29:58,255 __init__ INFO] [topoaa] Molecule 2: ligand_single_TG0081_Epi.pdb
[2026-02-06 07:29:58,256 __init__ INFO] [topoaa] Sanitizing molecule ligand_single_TG0081_Epi.pdb
[2026-02-06 07:29:58,259 __init__ INFO] [topoaa] Topology CNS input created
[2026-02-06 07:29:58,259 __init__ INFO] [topoaa] Running CNS Jobs n=2
[2026-02-06 07:29:58,259 libutil INFO] Selected 2 cores to process 2 jobs, with 32 maximum available cores.
[2026-02-06 07:29:58,260 libparallel INFO] Using 2 cores
[2026-02-06 07:30:18,471 libparallel INFO] 2 tasks finished
[2026-02-06 07:30:18,472 __init__ INFO] [topoaa] CNS jobs have finished
[2026-02-06 07:30:18,474 base_cns_module INFO] Module [topoaa] finished.
[2026-02-06 07:30:18,474 __init__ INFO] [topoaa] took 20 seconds
[2026-02-06 07:30:18,816 base_cns_module INFO] Running [rigidbody] module
[2026-02-06 07:30:18,816 __init__ INFO] [rigidbody] crossdock=true
[2026-02-06 07:30:18,816 __init__ INFO] [rigidbody] Preparing jobs...
[2026-02-06 07:30:18,821 libutil INFO] Selected 20 cores to process 20 jobs, with 32 maximum available cores.
[2026-02-06 07:30:18,821 libparallel INFO] Using 20 cores
[2026-02-06 07:30:18,851 libparallel INFO] 20 tasks finished
[2026-02-06 07:30:18,852 __init__ INFO] [rigidbody] Preparation took 0.035127 seconds
[2026-02-06 07:30:18,853 __init__ INFO] [rigidbody] Running CNS Jobs n=20
[2026-02-06 07:30:18,853 libutil INFO] Selected 20 cores to process 20 jobs, with 32 maximum available cores.
[2026-02-06 07:30:18,854 libparallel INFO] Using 20 cores
[2026-02-06 07:30:53,407 libparallel INFO] 20 tasks finished
[2026-02-06 07:30:53,407 __init__ INFO] [rigidbody] CNS jobs have finished
[2026-02-06 07:30:53,479 base_cns_module INFO] Module [rigidbody] finished.
[2026-02-06 07:30:53,479 __init__ INFO] [rigidbody] took 35 seconds
[2026-02-06 07:30:53,853 base_cns_module INFO] Running [flexref] module
[2026-02-06 07:30:53,976 __init__ INFO] [flexref] Running CNS Jobs n=20
[2026-02-06 07:30:53,976 libutil INFO] Selected 20 cores to process 20 jobs, with 32 maximum available cores.
[2026-02-06 07:30:53,977 libparallel INFO] Using 20 cores
[2026-02-06 07:35:12,231 libparallel INFO] 20 tasks finished
[2026-02-06 07:35:12,231 __init__ INFO] [flexref] CNS jobs have finished
[2026-02-06 07:35:12,296 base_cns_module INFO] Module [flexref] finished.
[2026-02-06 07:35:12,296 __init__ INFO] [flexref] took 4 minutes and 18 seconds
[2026-02-06 07:35:12,632 base_cns_module INFO] Running [emref] module
[2026-02-06 07:35:12,754 __init__ INFO] [emref] Running CNS Jobs n=20
[2026-02-06 07:35:12,754 libutil INFO] Selected 20 cores to process 20 jobs, with 32 maximum available cores.
[2026-02-06 07:35:12,754 libparallel INFO] Using 20 cores
[2026-02-06 07:35:31,580 libparallel INFO] 20 tasks finished
[2026-02-06 07:35:31,580 __init__ INFO] [emref] CNS jobs have finished
[2026-02-06 07:35:31,636 base_cns_module INFO] Module [emref] finished.
[2026-02-06 07:35:31,636 __init__ INFO] [emref] took 19 seconds
[2026-02-06 07:35:31,636 cli_analyse INFO] Running haddock3-analyse on ./, modules [], with top_cluster = 10
[2026-02-06 07:35:31,643 cli_analyse INFO] Created directory: /mnt/Data/PopOS/Data_Ana/Wu/clawdPorjects/HADDOCK_test/results/run_TG0081_Epi/analysis
[2026-02-06 07:35:31,643 cli_analyse INFO] Reading input run directory
[2026-02-06 07:35:31,643 cli_analyse INFO] selected steps: 0_topoaa, 1_rigidbody, 2_flexref, 3_emref
[2026-02-06 07:35:31,643 cli_analyse INFO] Analysing step 0_topoaa
[2026-02-06 07:35:31,643 cli_analyse WARNING] Could not execute the analysis for step 0_topoaa. The following error occurred 'dict' object has no attribute 'rel_path'
[2026-02-06 07:35:31,644 cli_analyse INFO] Analysing step 1_rigidbody
[2026-02-06 07:35:31,645 cli_unpack INFO] Unpacking '../1_rigidbody' folder
[2026-02-06 07:35:31,645 libtimer INFO] unpacking took 0 seconds
[2026-02-06 07:35:31,658 capri INFO] Found previous CNS step: 1_rigidbody
[2026-02-06 07:35:31,766 capri INFO] Saved scoring weights to: weights_params.json
[2026-02-06 07:35:31,766 __init__ INFO] [caprieval] No reference structure provided. Using the structure with the lowest score from previous step
[2026-02-06 07:35:31,963 libutil INFO] Selected 20 cores to process 20 jobs, with 32 maximum available cores.
[2026-02-06 07:35:31,963 libparallel INFO] Using 20 cores
[2026-02-06 07:35:33,012 libparallel INFO] 20 tasks finished
[2026-02-06 07:35:33,013 capri INFO] Rearranging cluster information into capri_clt.tsv
[2026-02-06 07:35:33,017 cli_clean INFO] Compressing '../1_rigidbody' folder
[2026-02-06 07:35:33,017 clean_steps INFO] Cleaning output for '../1_rigidbody' using 20 cores.
[2026-02-06 07:35:33,240 libtimer INFO] compressing took 0 seconds
[2026-02-06 07:35:33,240 cli_analyse INFO] CAPRI files identified
[2026-02-06 07:35:33,242 cli_analyse INFO] Plotting results..
[2026-02-06 07:35:35,156 cli_analyse INFO] Summary archive summary.tgz created!
[2026-02-06 07:35:35,156 cli_analyse INFO] Analysing step 2_flexref
[2026-02-06 07:35:35,158 cli_unpack INFO] Unpacking '../2_flexref' folder
[2026-02-06 07:35:35,158 libtimer INFO] unpacking took 0 seconds
[2026-02-06 07:35:35,171 capri INFO] Found previous CNS step: 2_flexref
[2026-02-06 07:35:35,409 capri INFO] Saved scoring weights to: weights_params.json
[2026-02-06 07:35:35,409 __init__ INFO] [caprieval] No reference structure provided. Using the structure with the lowest score from previous step
[2026-02-06 07:35:35,614 libutil INFO] Selected 20 cores to process 20 jobs, with 32 maximum available cores.
[2026-02-06 07:35:35,614 libparallel INFO] Using 20 cores
[2026-02-06 07:35:36,576 libparallel INFO] 20 tasks finished
[2026-02-06 07:35:36,577 capri INFO] Rearranging cluster information into capri_clt.tsv
[2026-02-06 07:35:36,582 cli_clean INFO] Compressing '../2_flexref' folder
[2026-02-06 07:35:36,582 clean_steps INFO] Cleaning output for '../2_flexref' using 20 cores.
[2026-02-06 07:35:36,805 libtimer INFO] compressing took 0 seconds
[2026-02-06 07:35:36,806 cli_analyse INFO] CAPRI files identified
[2026-02-06 07:35:36,807 cli_analyse INFO] Plotting results..
[2026-02-06 07:35:38,617 cli_analyse INFO] Summary archive summary.tgz created!
[2026-02-06 07:35:38,618 cli_analyse INFO] Analysing step 3_emref
[2026-02-06 07:35:38,620 cli_unpack INFO] Unpacking '../3_emref' folder
[2026-02-06 07:35:38,620 libtimer INFO] unpacking took 0 seconds
[2026-02-06 07:35:38,633 capri INFO] Found previous CNS step: 3_emref
[2026-02-06 07:35:38,735 capri INFO] Saved scoring weights to: weights_params.json
[2026-02-06 07:35:38,735 __init__ INFO] [caprieval] No reference structure provided. Using the structure with the lowest score from previous step
[2026-02-06 07:35:38,932 libutil INFO] Selected 20 cores to process 20 jobs, with 32 maximum available cores.
[2026-02-06 07:35:38,932 libparallel INFO] Using 20 cores
[2026-02-06 07:35:39,901 libparallel INFO] 20 tasks finished
[2026-02-06 07:35:39,902 capri INFO] Rearranging cluster information into capri_clt.tsv
[2026-02-06 07:35:39,906 cli_clean INFO] Compressing '../3_emref' folder
[2026-02-06 07:35:39,907 clean_steps INFO] Cleaning output for '../3_emref' using 20 cores.
[2026-02-06 07:35:40,163 libtimer INFO] compressing took 0 seconds
[2026-02-06 07:35:40,163 cli_analyse INFO] CAPRI files identified
[2026-02-06 07:35:40,166 cli_analyse INFO] Plotting results..
[2026-02-06 07:35:42,013 cli_analyse INFO] Summary archive summary.tgz created!
[2026-02-06 07:35:42,013 cli_analyse INFO] moving files to analysis folder
[2026-02-06 07:35:42,013 cli_analyse INFO] cancelling unsuccesful analysis folders
[2026-02-06 07:35:42,013 cli_analyse INFO] updating paths in analysis/1_rigidbody_analysis/capri_ss.tsv
[2026-02-06 07:35:42,013 cli_analyse INFO] View the results in analysis/1_rigidbody_analysis/report.html
[2026-02-06 07:35:42,013 cli_analyse INFO] To view structures or download the structure files, in a terminal run the command `python -m http.server --directory /mnt/Data/PopOS/Data_Ana/Wu/clawdPorjects/HADDOCK_test/results/run_TG0081_Epi`. By default, http server runs on `http://0.0.0.0:8000/`. Open the link http://0.0.0.0:8000/analysis/1_rigidbody_analysis/report.html in a web browser.
[2026-02-06 07:35:42,013 cli_analyse INFO] updating paths in analysis/2_flexref_analysis/capri_ss.tsv
[2026-02-06 07:35:42,013 cli_analyse INFO] View the results in analysis/2_flexref_analysis/report.html
[2026-02-06 07:35:42,014 cli_analyse INFO] To view structures or download the structure files, in a terminal run the command `python -m http.server --directory /mnt/Data/PopOS/Data_Ana/Wu/clawdPorjects/HADDOCK_test/results/run_TG0081_Epi`. By default, http server runs on `http://0.0.0.0:8000/`. Open the link http://0.0.0.0:8000/analysis/2_flexref_analysis/report.html in a web browser.
[2026-02-06 07:35:42,014 cli_analyse INFO] updating paths in analysis/3_emref_analysis/capri_ss.tsv
[2026-02-06 07:35:42,014 cli_analyse INFO] View the results in analysis/3_emref_analysis/report.html
[2026-02-06 07:35:42,014 cli_analyse INFO] To view structures or download the structure files, in a terminal run the command `python -m http.server --directory /mnt/Data/PopOS/Data_Ana/Wu/clawdPorjects/HADDOCK_test/results/run_TG0081_Epi`. By default, http server runs on `http://0.0.0.0:8000/`. Open the link http://0.0.0.0:8000/analysis/3_emref_analysis/report.html in a web browser.
[2026-02-06 07:35:42,014 cli_traceback INFO] Running haddock3-traceback on ./
[2026-02-06 07:35:42,014 cli_traceback INFO] Reading input run directory
[2026-02-06 07:35:42,014 cli_traceback INFO] All_steps: 0_topoaa, 1_rigidbody, 2_flexref, 3_emref
[2026-02-06 07:35:42,014 cli_traceback INFO] Modules not to be analysed: 0_topoaa
[2026-02-06 07:35:42,015 cli_traceback INFO] Steps to trace back: 1_rigidbody, 2_flexref, 3_emref
[2026-02-06 07:35:42,015 cli_traceback INFO] Created directory: /mnt/Data/PopOS/Data_Ana/Wu/clawdPorjects/HADDOCK_test/results/run_TG0081_Epi/traceback
[2026-02-06 07:35:42,015 cli_traceback INFO] Tracing back step 3_emref
[2026-02-06 07:35:42,017 cli_traceback INFO] Tracing back step 2_flexref
[2026-02-06 07:35:42,019 cli_traceback INFO] Tracing back step 1_rigidbody
[2026-02-06 07:35:42,023 cli_traceback INFO] Output dataframe traceback/traceback.tsv created with shape (20, 8)
[2026-02-06 07:35:42,049 clean_steps INFO] Cleaning output for '0_topoaa' using 20 cores.
[2026-02-06 07:35:42,339 libtimer INFO] cleaning output files took 0 seconds
[2026-02-06 07:35:42,339 clean_steps INFO] Cleaning output for '1_rigidbody' using 20 cores.
[2026-02-06 07:35:42,348 libtimer INFO] cleaning output files took 0 seconds
[2026-02-06 07:35:42,348 clean_steps INFO] Cleaning output for '2_flexref' using 20 cores.
[2026-02-06 07:35:42,357 libtimer INFO] cleaning output files took 0 seconds
[2026-02-06 07:35:42,357 clean_steps INFO] Cleaning output for '3_emref' using 20 cores.
[2026-02-06 07:35:42,368 libtimer INFO] cleaning output files took 0 seconds
[2026-02-06 07:35:42,368 cli INFO] This HADDOCK3 run took: 5 minutes and 48 seconds
[2026-02-06 07:35:42,368 greetings INFO] Your feedback matters in Haddock3! Share your experience and help us grow:
[2026-02-06 07:35:42,368 greetings INFO] GitHub issues: https://github.com/haddocking/haddock3/issues
[2026-02-06 07:35:42,368 greetings INFO] BioExcel feedback: https://www.bonvinlab.org/feedback
[2026-02-06 07:35:42,368 greetings INFO] BioExcel forum: https://ask.bioexcel.eu/c/haddock/6
[2026-02-06 07:35:42,369 cli INFO] Finished at 06/02/2026 07:35:42. La revedere! Até logo! Ciao!
