[2026-02-06 04:45:09,756 cli INFO] 
##############################################
#                                            #
#                 HADDOCK3                   #
#                                            #
##############################################

!! Some of the HADDOCK3 components use CNS (Crystallographic and NMR System) which is free of use for non-profit applications. !!
!! For commercial use it is your own responsibility to have a proper license. !!
!! For details refer to the DISCLAIMER file in the HADDOCK3 repository. !!

Starting HADDOCK3 v2024.10.0b7 on 2026-02-06 04:45:00

Python 3.10.12 (main, Feb  4 2025, 14:57:36) [GCC 11.4.0]

[2026-02-06 04:45:13,433 libworkflow INFO] Reading instructions step 0_topoaa
[2026-02-06 04:45:13,433 libworkflow INFO] Reading instructions step 1_rigidbody
[2026-02-06 04:45:13,433 libworkflow INFO] Reading instructions step 2_flexref
[2026-02-06 04:45:13,433 libworkflow INFO] Reading instructions step 3_emref
[2026-02-06 04:45:13,447 base_cns_module INFO] Running [topoaa] module
[2026-02-06 04:45:13,447 __init__ INFO] [topoaa] Molecule 1: receptor_single_9DN2_Epi.pdb
[2026-02-06 04:45:13,451 __init__ INFO] [topoaa] Sanitizing molecule receptor_single_9DN2_Epi.pdb
[2026-02-06 04:45:13,470 __init__ INFO] [topoaa] Topology CNS input created
[2026-02-06 04:45:13,470 __init__ INFO] [topoaa] Molecule 2: ligand_single_9DN2_Epi.pdb
[2026-02-06 04:45:13,471 __init__ INFO] [topoaa] Sanitizing molecule ligand_single_9DN2_Epi.pdb
[2026-02-06 04:45:13,474 __init__ INFO] [topoaa] Topology CNS input created
[2026-02-06 04:45:13,474 __init__ INFO] [topoaa] Running CNS Jobs n=2
[2026-02-06 04:45:13,474 libutil INFO] Selected 2 cores to process 2 jobs, with 32 maximum available cores.
[2026-02-06 04:45:13,476 libparallel INFO] Using 2 cores
[2026-02-06 04:45:33,378 libparallel INFO] 2 tasks finished
[2026-02-06 04:45:33,378 __init__ INFO] [topoaa] CNS jobs have finished
[2026-02-06 04:45:33,380 base_cns_module INFO] Module [topoaa] finished.
[2026-02-06 04:45:33,380 __init__ INFO] [topoaa] took 20 seconds
[2026-02-06 04:45:33,720 base_cns_module INFO] Running [rigidbody] module
[2026-02-06 04:45:33,720 __init__ INFO] [rigidbody] crossdock=true
[2026-02-06 04:45:33,720 __init__ INFO] [rigidbody] Preparing jobs...
[2026-02-06 04:45:33,725 libutil INFO] Selected 20 cores to process 20 jobs, with 32 maximum available cores.
[2026-02-06 04:45:33,725 libparallel INFO] Using 20 cores
[2026-02-06 04:45:33,757 libparallel INFO] 20 tasks finished
[2026-02-06 04:45:33,758 __init__ INFO] [rigidbody] Preparation took 0.037462 seconds
[2026-02-06 04:45:33,759 __init__ INFO] [rigidbody] Running CNS Jobs n=20
[2026-02-06 04:45:33,759 libutil INFO] Selected 20 cores to process 20 jobs, with 32 maximum available cores.
[2026-02-06 04:45:33,760 libparallel INFO] Using 20 cores
[2026-02-06 04:46:06,698 libparallel INFO] 20 tasks finished
[2026-02-06 04:46:06,698 __init__ INFO] [rigidbody] CNS jobs have finished
[2026-02-06 04:46:06,762 base_cns_module INFO] Module [rigidbody] finished.
[2026-02-06 04:46:06,762 __init__ INFO] [rigidbody] took 33 seconds
[2026-02-06 04:46:07,139 base_cns_module INFO] Running [flexref] module
[2026-02-06 04:46:07,260 __init__ INFO] [flexref] Running CNS Jobs n=20
[2026-02-06 04:46:07,260 libutil INFO] Selected 20 cores to process 20 jobs, with 32 maximum available cores.
[2026-02-06 04:46:07,261 libparallel INFO] Using 20 cores
[2026-02-06 04:50:34,303 libparallel INFO] 20 tasks finished
[2026-02-06 04:50:34,303 __init__ INFO] [flexref] CNS jobs have finished
[2026-02-06 04:50:34,363 base_cns_module INFO] Module [flexref] finished.
[2026-02-06 04:50:34,363 __init__ INFO] [flexref] took 4 minutes and 27 seconds
[2026-02-06 04:50:34,699 base_cns_module INFO] Running [emref] module
[2026-02-06 04:50:34,818 __init__ INFO] [emref] Running CNS Jobs n=20
[2026-02-06 04:50:34,819 libutil INFO] Selected 20 cores to process 20 jobs, with 32 maximum available cores.
[2026-02-06 04:50:34,819 libparallel INFO] Using 20 cores
[2026-02-06 04:50:53,824 libparallel INFO] 20 tasks finished
[2026-02-06 04:50:53,824 __init__ INFO] [emref] CNS jobs have finished
[2026-02-06 04:50:53,886 base_cns_module INFO] Module [emref] finished.
[2026-02-06 04:50:53,886 __init__ INFO] [emref] took 19 seconds
[2026-02-06 04:50:53,886 cli_analyse INFO] Running haddock3-analyse on ./, modules [], with top_cluster = 10
[2026-02-06 04:50:53,893 cli_analyse INFO] Created directory: /mnt/Data/PopOS/Data_Ana/Wu/clawdPorjects/HADDOCK_test/results/run_9DN2_Epi/analysis
[2026-02-06 04:50:53,893 cli_analyse INFO] Reading input run directory
[2026-02-06 04:50:53,893 cli_analyse INFO] selected steps: 0_topoaa, 1_rigidbody, 2_flexref, 3_emref
[2026-02-06 04:50:53,893 cli_analyse INFO] Analysing step 0_topoaa
[2026-02-06 04:50:53,894 cli_analyse WARNING] Could not execute the analysis for step 0_topoaa. The following error occurred 'dict' object has no attribute 'rel_path'
[2026-02-06 04:50:53,894 cli_analyse INFO] Analysing step 1_rigidbody
[2026-02-06 04:50:53,895 cli_unpack INFO] Unpacking '../1_rigidbody' folder
[2026-02-06 04:50:53,895 libtimer INFO] unpacking took 0 seconds
[2026-02-06 04:50:53,908 capri INFO] Found previous CNS step: 1_rigidbody
[2026-02-06 04:50:54,017 capri INFO] Saved scoring weights to: weights_params.json
[2026-02-06 04:50:54,017 __init__ INFO] [caprieval] No reference structure provided. Using the structure with the lowest score from previous step
[2026-02-06 04:50:54,217 libutil INFO] Selected 20 cores to process 20 jobs, with 32 maximum available cores.
[2026-02-06 04:50:54,217 libparallel INFO] Using 20 cores
[2026-02-06 04:50:55,319 libparallel INFO] 20 tasks finished
[2026-02-06 04:50:55,321 capri INFO] Rearranging cluster information into capri_clt.tsv
[2026-02-06 04:50:55,328 cli_clean INFO] Compressing '../1_rigidbody' folder
[2026-02-06 04:50:55,328 clean_steps INFO] Cleaning output for '../1_rigidbody' using 20 cores.
[2026-02-06 04:50:55,562 libtimer INFO] compressing took 0 seconds
[2026-02-06 04:50:55,562 cli_analyse INFO] CAPRI files identified
[2026-02-06 04:50:55,564 cli_analyse INFO] Plotting results..
[2026-02-06 04:50:57,714 cli_analyse INFO] Summary archive summary.tgz created!
[2026-02-06 04:50:57,714 cli_analyse INFO] Analysing step 2_flexref
[2026-02-06 04:50:57,716 cli_unpack INFO] Unpacking '../2_flexref' folder
[2026-02-06 04:50:57,716 libtimer INFO] unpacking took 0 seconds
[2026-02-06 04:50:57,729 capri INFO] Found previous CNS step: 2_flexref
[2026-02-06 04:50:57,967 capri INFO] Saved scoring weights to: weights_params.json
[2026-02-06 04:50:57,967 __init__ INFO] [caprieval] No reference structure provided. Using the structure with the lowest score from previous step
[2026-02-06 04:50:58,179 libutil INFO] Selected 20 cores to process 20 jobs, with 32 maximum available cores.
[2026-02-06 04:50:58,179 libparallel INFO] Using 20 cores
[2026-02-06 04:50:59,199 libparallel INFO] 20 tasks finished
[2026-02-06 04:50:59,200 capri INFO] Rearranging cluster information into capri_clt.tsv
[2026-02-06 04:50:59,206 cli_clean INFO] Compressing '../2_flexref' folder
[2026-02-06 04:50:59,206 clean_steps INFO] Cleaning output for '../2_flexref' using 20 cores.
[2026-02-06 04:50:59,440 libtimer INFO] compressing took 0 seconds
[2026-02-06 04:50:59,440 cli_analyse INFO] CAPRI files identified
[2026-02-06 04:50:59,442 cli_analyse INFO] Plotting results..
[2026-02-06 04:51:01,276 cli_analyse INFO] Summary archive summary.tgz created!
[2026-02-06 04:51:01,277 cli_analyse INFO] Analysing step 3_emref
[2026-02-06 04:51:01,279 cli_unpack INFO] Unpacking '../3_emref' folder
[2026-02-06 04:51:01,279 libtimer INFO] unpacking took 0 seconds
[2026-02-06 04:51:01,292 capri INFO] Found previous CNS step: 3_emref
[2026-02-06 04:51:01,393 capri INFO] Saved scoring weights to: weights_params.json
[2026-02-06 04:51:01,393 __init__ INFO] [caprieval] No reference structure provided. Using the structure with the lowest score from previous step
[2026-02-06 04:51:01,593 libutil INFO] Selected 20 cores to process 20 jobs, with 32 maximum available cores.
[2026-02-06 04:51:01,593 libparallel INFO] Using 20 cores
[2026-02-06 04:51:02,610 libparallel INFO] 20 tasks finished
[2026-02-06 04:51:02,610 capri INFO] Rearranging cluster information into capri_clt.tsv
[2026-02-06 04:51:02,615 cli_clean INFO] Compressing '../3_emref' folder
[2026-02-06 04:51:02,615 clean_steps INFO] Cleaning output for '../3_emref' using 20 cores.
[2026-02-06 04:51:02,851 libtimer INFO] compressing took 0 seconds
[2026-02-06 04:51:02,852 cli_analyse INFO] CAPRI files identified
[2026-02-06 04:51:02,854 cli_analyse INFO] Plotting results..
[2026-02-06 04:51:04,732 cli_analyse INFO] Summary archive summary.tgz created!
[2026-02-06 04:51:04,733 cli_analyse INFO] moving files to analysis folder
[2026-02-06 04:51:04,733 cli_analyse INFO] cancelling unsuccesful analysis folders
[2026-02-06 04:51:04,733 cli_analyse INFO] updating paths in analysis/1_rigidbody_analysis/capri_ss.tsv
[2026-02-06 04:51:04,733 cli_analyse INFO] View the results in analysis/1_rigidbody_analysis/report.html
[2026-02-06 04:51:04,733 cli_analyse INFO] To view structures or download the structure files, in a terminal run the command `python -m http.server --directory /mnt/Data/PopOS/Data_Ana/Wu/clawdPorjects/HADDOCK_test/results/run_9DN2_Epi`. By default, http server runs on `http://0.0.0.0:8000/`. Open the link http://0.0.0.0:8000/analysis/1_rigidbody_analysis/report.html in a web browser.
[2026-02-06 04:51:04,733 cli_analyse INFO] updating paths in analysis/2_flexref_analysis/capri_ss.tsv
[2026-02-06 04:51:04,733 cli_analyse INFO] View the results in analysis/2_flexref_analysis/report.html
[2026-02-06 04:51:04,733 cli_analyse INFO] To view structures or download the structure files, in a terminal run the command `python -m http.server --directory /mnt/Data/PopOS/Data_Ana/Wu/clawdPorjects/HADDOCK_test/results/run_9DN2_Epi`. By default, http server runs on `http://0.0.0.0:8000/`. Open the link http://0.0.0.0:8000/analysis/2_flexref_analysis/report.html in a web browser.
[2026-02-06 04:51:04,733 cli_analyse INFO] updating paths in analysis/3_emref_analysis/capri_ss.tsv
[2026-02-06 04:51:04,733 cli_analyse INFO] View the results in analysis/3_emref_analysis/report.html
[2026-02-06 04:51:04,733 cli_analyse INFO] To view structures or download the structure files, in a terminal run the command `python -m http.server --directory /mnt/Data/PopOS/Data_Ana/Wu/clawdPorjects/HADDOCK_test/results/run_9DN2_Epi`. By default, http server runs on `http://0.0.0.0:8000/`. Open the link http://0.0.0.0:8000/analysis/3_emref_analysis/report.html in a web browser.
[2026-02-06 04:51:04,733 cli_traceback INFO] Running haddock3-traceback on ./
[2026-02-06 04:51:04,733 cli_traceback INFO] Reading input run directory
[2026-02-06 04:51:04,734 cli_traceback INFO] All_steps: 0_topoaa, 1_rigidbody, 2_flexref, 3_emref
[2026-02-06 04:51:04,734 cli_traceback INFO] Modules not to be analysed: 0_topoaa
[2026-02-06 04:51:04,734 cli_traceback INFO] Steps to trace back: 1_rigidbody, 2_flexref, 3_emref
[2026-02-06 04:51:04,734 cli_traceback INFO] Created directory: /mnt/Data/PopOS/Data_Ana/Wu/clawdPorjects/HADDOCK_test/results/run_9DN2_Epi/traceback
[2026-02-06 04:51:04,734 cli_traceback INFO] Tracing back step 3_emref
[2026-02-06 04:51:04,736 cli_traceback INFO] Tracing back step 2_flexref
[2026-02-06 04:51:04,738 cli_traceback INFO] Tracing back step 1_rigidbody
[2026-02-06 04:51:04,742 cli_traceback INFO] Output dataframe traceback/traceback.tsv created with shape (20, 8)
[2026-02-06 04:51:04,769 clean_steps INFO] Cleaning output for '0_topoaa' using 20 cores.
[2026-02-06 04:51:05,069 libtimer INFO] cleaning output files took 0 seconds
[2026-02-06 04:51:05,069 clean_steps INFO] Cleaning output for '1_rigidbody' using 20 cores.
[2026-02-06 04:51:05,077 libtimer INFO] cleaning output files took 0 seconds
[2026-02-06 04:51:05,078 clean_steps INFO] Cleaning output for '2_flexref' using 20 cores.
[2026-02-06 04:51:05,085 libtimer INFO] cleaning output files took 0 seconds
[2026-02-06 04:51:05,086 clean_steps INFO] Cleaning output for '3_emref' using 20 cores.
[2026-02-06 04:51:05,093 libtimer INFO] cleaning output files took 0 seconds
[2026-02-06 04:51:05,093 cli INFO] This HADDOCK3 run took: 5 minutes and 55 seconds
[2026-02-06 04:51:05,094 greetings INFO] Your feedback matters in Haddock3! Share your experience and help us grow:
[2026-02-06 04:51:05,094 greetings INFO] GitHub issues: https://github.com/haddocking/haddock3/issues
[2026-02-06 04:51:05,094 greetings INFO] BioExcel feedback: https://www.bonvinlab.org/feedback
[2026-02-06 04:51:05,094 greetings INFO] BioExcel forum: https://ask.bioexcel.eu/c/haddock/6
[2026-02-06 04:51:05,094 cli INFO] Finished at 06/02/2026 04:51:05. Do pobachennya! Dovidenia! Au revoir!
