[2026-02-06 05:08:49,228 cli INFO] 
##############################################
#                                            #
#                 HADDOCK3                   #
#                                            #
##############################################

!! Some of the HADDOCK3 components use CNS (Crystallographic and NMR System) which is free of use for non-profit applications. !!
!! For commercial use it is your own responsibility to have a proper license. !!
!! For details refer to the DISCLAIMER file in the HADDOCK3 repository. !!

Starting HADDOCK3 v2024.10.0b7 on 2026-02-06 05:08:00

Python 3.10.12 (main, Feb  4 2025, 14:57:36) [GCC 11.4.0]

[2026-02-06 05:08:52,917 libworkflow INFO] Reading instructions step 0_topoaa
[2026-02-06 05:08:52,917 libworkflow INFO] Reading instructions step 1_rigidbody
[2026-02-06 05:08:52,917 libworkflow INFO] Reading instructions step 2_flexref
[2026-02-06 05:08:52,917 libworkflow INFO] Reading instructions step 3_emref
[2026-02-06 05:08:52,931 base_cns_module INFO] Running [topoaa] module
[2026-02-06 05:08:52,931 __init__ INFO] [topoaa] Molecule 1: receptor_single_refold_1G16_Epi.pdb
[2026-02-06 05:08:52,932 __init__ INFO] [topoaa] Sanitizing molecule receptor_single_refold_1G16_Epi.pdb
[2026-02-06 05:08:52,939 __init__ INFO] [topoaa] Topology CNS input created
[2026-02-06 05:08:52,939 __init__ INFO] [topoaa] Molecule 2: ligand_single_refold_1G16_Epi.pdb
[2026-02-06 05:08:52,939 __init__ INFO] [topoaa] Sanitizing molecule ligand_single_refold_1G16_Epi.pdb
[2026-02-06 05:08:52,942 __init__ INFO] [topoaa] Topology CNS input created
[2026-02-06 05:08:52,942 __init__ INFO] [topoaa] Running CNS Jobs n=2
[2026-02-06 05:08:52,943 libutil INFO] Selected 2 cores to process 2 jobs, with 32 maximum available cores.
[2026-02-06 05:08:52,944 libparallel INFO] Using 2 cores
[2026-02-06 05:08:56,172 libparallel INFO] 2 tasks finished
[2026-02-06 05:08:56,172 __init__ INFO] [topoaa] CNS jobs have finished
[2026-02-06 05:08:56,173 base_cns_module INFO] Module [topoaa] finished.
[2026-02-06 05:08:56,173 __init__ INFO] [topoaa] took 3 seconds
[2026-02-06 05:08:56,504 base_cns_module INFO] Running [rigidbody] module
[2026-02-06 05:08:56,504 __init__ INFO] [rigidbody] crossdock=true
[2026-02-06 05:08:56,504 __init__ INFO] [rigidbody] Preparing jobs...
[2026-02-06 05:08:56,506 libutil INFO] Selected 20 cores to process 20 jobs, with 32 maximum available cores.
[2026-02-06 05:08:56,506 libparallel INFO] Using 20 cores
[2026-02-06 05:08:56,531 libparallel INFO] 20 tasks finished
[2026-02-06 05:08:56,531 __init__ INFO] [rigidbody] Preparation took 0.02727 seconds
[2026-02-06 05:08:56,533 __init__ INFO] [rigidbody] Running CNS Jobs n=20
[2026-02-06 05:08:56,533 libutil INFO] Selected 20 cores to process 20 jobs, with 32 maximum available cores.
[2026-02-06 05:08:56,533 libparallel INFO] Using 20 cores
[2026-02-06 05:09:07,013 libparallel INFO] 20 tasks finished
[2026-02-06 05:09:07,013 __init__ INFO] [rigidbody] CNS jobs have finished
[2026-02-06 05:09:07,049 base_cns_module INFO] Module [rigidbody] finished.
[2026-02-06 05:09:07,049 __init__ INFO] [rigidbody] took 11 seconds
[2026-02-06 05:09:07,424 base_cns_module INFO] Running [flexref] module
[2026-02-06 05:09:07,481 __init__ INFO] [flexref] Running CNS Jobs n=20
[2026-02-06 05:09:07,481 libutil INFO] Selected 20 cores to process 20 jobs, with 32 maximum available cores.
[2026-02-06 05:09:07,481 libparallel INFO] Using 20 cores
[2026-02-06 05:10:41,153 libparallel INFO] 20 tasks finished
[2026-02-06 05:10:41,154 __init__ INFO] [flexref] CNS jobs have finished
[2026-02-06 05:10:41,187 base_cns_module INFO] Module [flexref] finished.
[2026-02-06 05:10:41,187 __init__ INFO] [flexref] took 1 minute and 34 seconds
[2026-02-06 05:10:41,525 base_cns_module INFO] Running [emref] module
[2026-02-06 05:10:41,582 __init__ INFO] [emref] Running CNS Jobs n=20
[2026-02-06 05:10:41,582 libutil INFO] Selected 20 cores to process 20 jobs, with 32 maximum available cores.
[2026-02-06 05:10:41,582 libparallel INFO] Using 20 cores
[2026-02-06 05:10:48,818 libparallel INFO] 20 tasks finished
[2026-02-06 05:10:48,819 __init__ INFO] [emref] CNS jobs have finished
[2026-02-06 05:10:48,866 base_cns_module INFO] Module [emref] finished.
[2026-02-06 05:10:48,866 __init__ INFO] [emref] took 7 seconds
[2026-02-06 05:10:48,866 cli_analyse INFO] Running haddock3-analyse on ./, modules [], with top_cluster = 10
[2026-02-06 05:10:48,881 cli_analyse INFO] Created directory: /mnt/Data/PopOS/Data_Ana/Wu/clawdPorjects/HADDOCK_test/results/run_refold_1G16_Epi/analysis
[2026-02-06 05:10:48,881 cli_analyse INFO] Reading input run directory
[2026-02-06 05:10:48,881 cli_analyse INFO] selected steps: 0_topoaa, 1_rigidbody, 2_flexref, 3_emref
[2026-02-06 05:10:48,881 cli_analyse INFO] Analysing step 0_topoaa
[2026-02-06 05:10:48,882 cli_analyse WARNING] Could not execute the analysis for step 0_topoaa. The following error occurred 'dict' object has no attribute 'rel_path'
[2026-02-06 05:10:48,882 cli_analyse INFO] Analysing step 1_rigidbody
[2026-02-06 05:10:48,883 cli_unpack INFO] Unpacking '../1_rigidbody' folder
[2026-02-06 05:10:48,884 libtimer INFO] unpacking took 0 seconds
[2026-02-06 05:10:48,896 capri INFO] Found previous CNS step: 1_rigidbody
[2026-02-06 05:10:49,004 capri INFO] Saved scoring weights to: weights_params.json
[2026-02-06 05:10:49,004 __init__ INFO] [caprieval] No reference structure provided. Using the structure with the lowest score from previous step
[2026-02-06 05:10:49,088 libutil INFO] Selected 20 cores to process 20 jobs, with 32 maximum available cores.
[2026-02-06 05:10:49,088 libparallel INFO] Using 20 cores
[2026-02-06 05:10:49,557 libparallel INFO] 20 tasks finished
[2026-02-06 05:10:49,557 capri INFO] Rearranging cluster information into capri_clt.tsv
[2026-02-06 05:10:49,561 cli_clean INFO] Compressing '../1_rigidbody' folder
[2026-02-06 05:10:49,561 clean_steps INFO] Cleaning output for '../1_rigidbody' using 20 cores.
[2026-02-06 05:10:49,682 libtimer INFO] compressing took 0 seconds
[2026-02-06 05:10:49,682 cli_analyse INFO] CAPRI files identified
[2026-02-06 05:10:49,684 cli_analyse INFO] Plotting results..
[2026-02-06 05:10:50,894 cli_analyse INFO] Summary archive summary.tgz created!
[2026-02-06 05:10:50,895 cli_analyse INFO] Analysing step 2_flexref
[2026-02-06 05:10:50,897 cli_unpack INFO] Unpacking '../2_flexref' folder
[2026-02-06 05:10:50,897 libtimer INFO] unpacking took 0 seconds
[2026-02-06 05:10:50,910 capri INFO] Found previous CNS step: 2_flexref
[2026-02-06 05:10:51,150 capri INFO] Saved scoring weights to: weights_params.json
[2026-02-06 05:10:51,150 __init__ INFO] [caprieval] No reference structure provided. Using the structure with the lowest score from previous step
[2026-02-06 05:10:51,234 libutil INFO] Selected 20 cores to process 20 jobs, with 32 maximum available cores.
[2026-02-06 05:10:51,234 libparallel INFO] Using 20 cores
[2026-02-06 05:10:51,685 libparallel INFO] 20 tasks finished
[2026-02-06 05:10:51,686 capri INFO] Rearranging cluster information into capri_clt.tsv
[2026-02-06 05:10:51,691 cli_clean INFO] Compressing '../2_flexref' folder
[2026-02-06 05:10:51,692 clean_steps INFO] Cleaning output for '../2_flexref' using 20 cores.
[2026-02-06 05:10:51,812 libtimer INFO] compressing took 0 seconds
[2026-02-06 05:10:51,812 cli_analyse INFO] CAPRI files identified
[2026-02-06 05:10:51,815 cli_analyse INFO] Plotting results..
[2026-02-06 05:10:52,921 cli_analyse INFO] Summary archive summary.tgz created!
[2026-02-06 05:10:52,922 cli_analyse INFO] Analysing step 3_emref
[2026-02-06 05:10:52,924 cli_unpack INFO] Unpacking '../3_emref' folder
[2026-02-06 05:10:52,924 libtimer INFO] unpacking took 0 seconds
[2026-02-06 05:10:52,937 capri INFO] Found previous CNS step: 3_emref
[2026-02-06 05:10:53,038 capri INFO] Saved scoring weights to: weights_params.json
[2026-02-06 05:10:53,038 __init__ INFO] [caprieval] No reference structure provided. Using the structure with the lowest score from previous step
[2026-02-06 05:10:53,121 libutil INFO] Selected 20 cores to process 20 jobs, with 32 maximum available cores.
[2026-02-06 05:10:53,121 libparallel INFO] Using 20 cores
[2026-02-06 05:10:53,503 libparallel INFO] 20 tasks finished
[2026-02-06 05:10:53,503 capri INFO] Rearranging cluster information into capri_clt.tsv
[2026-02-06 05:10:53,508 cli_clean INFO] Compressing '../3_emref' folder
[2026-02-06 05:10:53,508 clean_steps INFO] Cleaning output for '../3_emref' using 20 cores.
[2026-02-06 05:10:53,629 libtimer INFO] compressing took 0 seconds
[2026-02-06 05:10:53,630 cli_analyse INFO] CAPRI files identified
[2026-02-06 05:10:53,632 cli_analyse INFO] Plotting results..
[2026-02-06 05:10:54,732 cli_analyse INFO] Summary archive summary.tgz created!
[2026-02-06 05:10:54,732 cli_analyse INFO] moving files to analysis folder
[2026-02-06 05:10:54,732 cli_analyse INFO] cancelling unsuccesful analysis folders
[2026-02-06 05:10:54,732 cli_analyse INFO] updating paths in analysis/1_rigidbody_analysis/capri_ss.tsv
[2026-02-06 05:10:54,733 cli_analyse INFO] View the results in analysis/1_rigidbody_analysis/report.html
[2026-02-06 05:10:54,733 cli_analyse INFO] To view structures or download the structure files, in a terminal run the command `python -m http.server --directory /mnt/Data/PopOS/Data_Ana/Wu/clawdPorjects/HADDOCK_test/results/run_refold_1G16_Epi`. By default, http server runs on `http://0.0.0.0:8000/`. Open the link http://0.0.0.0:8000/analysis/1_rigidbody_analysis/report.html in a web browser.
[2026-02-06 05:10:54,733 cli_analyse INFO] updating paths in analysis/2_flexref_analysis/capri_ss.tsv
[2026-02-06 05:10:54,733 cli_analyse INFO] View the results in analysis/2_flexref_analysis/report.html
[2026-02-06 05:10:54,733 cli_analyse INFO] To view structures or download the structure files, in a terminal run the command `python -m http.server --directory /mnt/Data/PopOS/Data_Ana/Wu/clawdPorjects/HADDOCK_test/results/run_refold_1G16_Epi`. By default, http server runs on `http://0.0.0.0:8000/`. Open the link http://0.0.0.0:8000/analysis/2_flexref_analysis/report.html in a web browser.
[2026-02-06 05:10:54,733 cli_analyse INFO] updating paths in analysis/3_emref_analysis/capri_ss.tsv
[2026-02-06 05:10:54,733 cli_analyse INFO] View the results in analysis/3_emref_analysis/report.html
[2026-02-06 05:10:54,733 cli_analyse INFO] To view structures or download the structure files, in a terminal run the command `python -m http.server --directory /mnt/Data/PopOS/Data_Ana/Wu/clawdPorjects/HADDOCK_test/results/run_refold_1G16_Epi`. By default, http server runs on `http://0.0.0.0:8000/`. Open the link http://0.0.0.0:8000/analysis/3_emref_analysis/report.html in a web browser.
[2026-02-06 05:10:54,733 cli_traceback INFO] Running haddock3-traceback on ./
[2026-02-06 05:10:54,733 cli_traceback INFO] Reading input run directory
[2026-02-06 05:10:54,733 cli_traceback INFO] All_steps: 0_topoaa, 1_rigidbody, 2_flexref, 3_emref
[2026-02-06 05:10:54,733 cli_traceback INFO] Modules not to be analysed: 0_topoaa
[2026-02-06 05:10:54,734 cli_traceback INFO] Steps to trace back: 1_rigidbody, 2_flexref, 3_emref
[2026-02-06 05:10:54,734 cli_traceback INFO] Created directory: /mnt/Data/PopOS/Data_Ana/Wu/clawdPorjects/HADDOCK_test/results/run_refold_1G16_Epi/traceback
[2026-02-06 05:10:54,734 cli_traceback INFO] Tracing back step 3_emref
[2026-02-06 05:10:54,736 cli_traceback INFO] Tracing back step 2_flexref
[2026-02-06 05:10:54,738 cli_traceback INFO] Tracing back step 1_rigidbody
[2026-02-06 05:10:54,741 cli_traceback INFO] Output dataframe traceback/traceback.tsv created with shape (20, 8)
[2026-02-06 05:10:54,768 clean_steps INFO] Cleaning output for '0_topoaa' using 20 cores.
[2026-02-06 05:10:54,916 libtimer INFO] cleaning output files took 0 seconds
[2026-02-06 05:10:54,916 clean_steps INFO] Cleaning output for '1_rigidbody' using 20 cores.
[2026-02-06 05:10:54,926 libtimer INFO] cleaning output files took 0 seconds
[2026-02-06 05:10:54,926 clean_steps INFO] Cleaning output for '2_flexref' using 20 cores.
[2026-02-06 05:10:54,945 libtimer INFO] cleaning output files took 0 seconds
[2026-02-06 05:10:54,946 clean_steps INFO] Cleaning output for '3_emref' using 20 cores.
[2026-02-06 05:10:54,966 libtimer INFO] cleaning output files took 0 seconds
[2026-02-06 05:10:54,966 cli INFO] This HADDOCK3 run took: 2 minutes and 6 seconds
[2026-02-06 05:10:54,966 greetings INFO] Your feedback matters in Haddock3! Share your experience and help us grow:
[2026-02-06 05:10:54,966 greetings INFO] GitHub issues: https://github.com/haddocking/haddock3/issues
[2026-02-06 05:10:54,966 greetings INFO] BioExcel feedback: https://www.bonvinlab.org/feedback
[2026-02-06 05:10:54,966 greetings INFO] BioExcel forum: https://ask.bioexcel.eu/c/haddock/6
[2026-02-06 05:10:54,966 cli INFO] Finished at 06/02/2026 05:10:54. Au revoir! Adiós! Tchau!
