[2026-02-06 04:21:23,765 cli INFO] 
##############################################
#                                            #
#                 HADDOCK3                   #
#                                            #
##############################################

!! Some of the HADDOCK3 components use CNS (Crystallographic and NMR System) which is free of use for non-profit applications. !!
!! For commercial use it is your own responsibility to have a proper license. !!
!! For details refer to the DISCLAIMER file in the HADDOCK3 repository. !!

Starting HADDOCK3 v2024.10.0b7 on 2026-02-06 04:21:00

Python 3.10.12 (main, Feb  4 2025, 14:57:36) [GCC 11.4.0]

[2026-02-06 04:21:27,474 libworkflow INFO] Reading instructions step 0_topoaa
[2026-02-06 04:21:27,474 libworkflow INFO] Reading instructions step 1_rigidbody
[2026-02-06 04:21:27,474 libworkflow INFO] Reading instructions step 2_flexref
[2026-02-06 04:21:27,474 libworkflow INFO] Reading instructions step 3_emref
[2026-02-06 04:21:27,488 base_cns_module INFO] Running [topoaa] module
[2026-02-06 04:21:27,488 __init__ INFO] [topoaa] Molecule 1: receptor_single_9B2M_Epi.pdb
[2026-02-06 04:21:27,492 __init__ INFO] [topoaa] Sanitizing molecule receptor_single_9B2M_Epi.pdb
[2026-02-06 04:21:27,511 __init__ INFO] [topoaa] Topology CNS input created
[2026-02-06 04:21:27,511 __init__ INFO] [topoaa] Molecule 2: ligand_single_9B2M_Epi.pdb
[2026-02-06 04:21:27,511 __init__ INFO] [topoaa] Sanitizing molecule ligand_single_9B2M_Epi.pdb
[2026-02-06 04:21:27,515 __init__ INFO] [topoaa] Topology CNS input created
[2026-02-06 04:21:27,515 __init__ INFO] [topoaa] Running CNS Jobs n=2
[2026-02-06 04:21:27,515 libutil INFO] Selected 2 cores to process 2 jobs, with 32 maximum available cores.
[2026-02-06 04:21:27,516 libparallel INFO] Using 2 cores
[2026-02-06 04:21:47,178 libparallel INFO] 2 tasks finished
[2026-02-06 04:21:47,178 __init__ INFO] [topoaa] CNS jobs have finished
[2026-02-06 04:21:47,179 base_cns_module INFO] Module [topoaa] finished.
[2026-02-06 04:21:47,179 __init__ INFO] [topoaa] took 20 seconds
[2026-02-06 04:21:47,515 base_cns_module INFO] Running [rigidbody] module
[2026-02-06 04:21:47,515 __init__ INFO] [rigidbody] crossdock=true
[2026-02-06 04:21:47,515 __init__ INFO] [rigidbody] Preparing jobs...
[2026-02-06 04:21:47,520 libutil INFO] Selected 20 cores to process 20 jobs, with 32 maximum available cores.
[2026-02-06 04:21:47,520 libparallel INFO] Using 20 cores
[2026-02-06 04:21:47,548 libparallel INFO] 20 tasks finished
[2026-02-06 04:21:47,548 __init__ INFO] [rigidbody] Preparation took 0.033212 seconds
[2026-02-06 04:21:47,549 __init__ INFO] [rigidbody] Running CNS Jobs n=20
[2026-02-06 04:21:47,549 libutil INFO] Selected 20 cores to process 20 jobs, with 32 maximum available cores.
[2026-02-06 04:21:47,550 libparallel INFO] Using 20 cores
[2026-02-06 04:22:20,313 libparallel INFO] 20 tasks finished
[2026-02-06 04:22:20,314 __init__ INFO] [rigidbody] CNS jobs have finished
[2026-02-06 04:22:20,371 base_cns_module INFO] Module [rigidbody] finished.
[2026-02-06 04:22:20,371 __init__ INFO] [rigidbody] took 33 seconds
[2026-02-06 04:22:20,751 base_cns_module INFO] Running [flexref] module
[2026-02-06 04:22:20,872 __init__ INFO] [flexref] Running CNS Jobs n=20
[2026-02-06 04:22:20,872 libutil INFO] Selected 20 cores to process 20 jobs, with 32 maximum available cores.
[2026-02-06 04:22:20,872 libparallel INFO] Using 20 cores
[2026-02-06 04:26:55,017 libparallel INFO] 20 tasks finished
[2026-02-06 04:26:55,018 __init__ INFO] [flexref] CNS jobs have finished
[2026-02-06 04:26:55,086 base_cns_module INFO] Module [flexref] finished.
[2026-02-06 04:26:55,086 __init__ INFO] [flexref] took 4 minutes and 34 seconds
[2026-02-06 04:26:55,425 base_cns_module INFO] Running [emref] module
[2026-02-06 04:26:55,543 __init__ INFO] [emref] Running CNS Jobs n=20
[2026-02-06 04:26:55,543 libutil INFO] Selected 20 cores to process 20 jobs, with 32 maximum available cores.
[2026-02-06 04:26:55,544 libparallel INFO] Using 20 cores
[2026-02-06 04:27:14,082 libparallel INFO] 20 tasks finished
[2026-02-06 04:27:14,082 __init__ INFO] [emref] CNS jobs have finished
[2026-02-06 04:27:14,140 base_cns_module INFO] Module [emref] finished.
[2026-02-06 04:27:14,140 __init__ INFO] [emref] took 19 seconds
[2026-02-06 04:27:14,140 cli_analyse INFO] Running haddock3-analyse on ./, modules [], with top_cluster = 10
[2026-02-06 04:27:14,147 cli_analyse INFO] Created directory: /mnt/Data/PopOS/Data_Ana/Wu/clawdPorjects/HADDOCK_test/results/run_9B2M_Epi/analysis
[2026-02-06 04:27:14,147 cli_analyse INFO] Reading input run directory
[2026-02-06 04:27:14,147 cli_analyse INFO] selected steps: 0_topoaa, 1_rigidbody, 2_flexref, 3_emref
[2026-02-06 04:27:14,147 cli_analyse INFO] Analysing step 0_topoaa
[2026-02-06 04:27:14,147 cli_analyse WARNING] Could not execute the analysis for step 0_topoaa. The following error occurred 'dict' object has no attribute 'rel_path'
[2026-02-06 04:27:14,147 cli_analyse INFO] Analysing step 1_rigidbody
[2026-02-06 04:27:14,149 cli_unpack INFO] Unpacking '../1_rigidbody' folder
[2026-02-06 04:27:14,149 libtimer INFO] unpacking took 0 seconds
[2026-02-06 04:27:14,162 capri INFO] Found previous CNS step: 1_rigidbody
[2026-02-06 04:27:14,270 capri INFO] Saved scoring weights to: weights_params.json
[2026-02-06 04:27:14,270 __init__ INFO] [caprieval] No reference structure provided. Using the structure with the lowest score from previous step
[2026-02-06 04:27:14,470 libutil INFO] Selected 20 cores to process 20 jobs, with 32 maximum available cores.
[2026-02-06 04:27:14,470 libparallel INFO] Using 20 cores
[2026-02-06 04:27:15,643 libparallel INFO] 20 tasks finished
[2026-02-06 04:27:15,643 capri INFO] Rearranging cluster information into capri_clt.tsv
[2026-02-06 04:27:15,648 cli_clean INFO] Compressing '../1_rigidbody' folder
[2026-02-06 04:27:15,648 clean_steps INFO] Cleaning output for '../1_rigidbody' using 20 cores.
[2026-02-06 04:27:15,902 libtimer INFO] compressing took 0 seconds
[2026-02-06 04:27:15,902 cli_analyse INFO] CAPRI files identified
[2026-02-06 04:27:15,904 cli_analyse INFO] Plotting results..
[2026-02-06 04:27:17,841 cli_analyse INFO] Summary archive summary.tgz created!
[2026-02-06 04:27:17,842 cli_analyse INFO] Analysing step 2_flexref
[2026-02-06 04:27:17,844 cli_unpack INFO] Unpacking '../2_flexref' folder
[2026-02-06 04:27:17,844 libtimer INFO] unpacking took 0 seconds
[2026-02-06 04:27:17,858 capri INFO] Found previous CNS step: 2_flexref
[2026-02-06 04:27:18,094 capri INFO] Saved scoring weights to: weights_params.json
[2026-02-06 04:27:18,094 __init__ INFO] [caprieval] No reference structure provided. Using the structure with the lowest score from previous step
[2026-02-06 04:27:18,302 libutil INFO] Selected 20 cores to process 20 jobs, with 32 maximum available cores.
[2026-02-06 04:27:18,302 libparallel INFO] Using 20 cores
[2026-02-06 04:27:19,380 libparallel INFO] 20 tasks finished
[2026-02-06 04:27:19,381 capri INFO] Rearranging cluster information into capri_clt.tsv
[2026-02-06 04:27:19,389 cli_clean INFO] Compressing '../2_flexref' folder
[2026-02-06 04:27:19,390 clean_steps INFO] Cleaning output for '../2_flexref' using 20 cores.
[2026-02-06 04:27:19,623 libtimer INFO] compressing took 0 seconds
[2026-02-06 04:27:19,623 cli_analyse INFO] CAPRI files identified
[2026-02-06 04:27:19,625 cli_analyse INFO] Plotting results..
[2026-02-06 04:27:21,472 cli_analyse INFO] Summary archive summary.tgz created!
[2026-02-06 04:27:21,473 cli_analyse INFO] Analysing step 3_emref
[2026-02-06 04:27:21,475 cli_unpack INFO] Unpacking '../3_emref' folder
[2026-02-06 04:27:21,475 libtimer INFO] unpacking took 0 seconds
[2026-02-06 04:27:21,488 capri INFO] Found previous CNS step: 3_emref
[2026-02-06 04:27:21,589 capri INFO] Saved scoring weights to: weights_params.json
[2026-02-06 04:27:21,589 __init__ INFO] [caprieval] No reference structure provided. Using the structure with the lowest score from previous step
[2026-02-06 04:27:21,792 libutil INFO] Selected 20 cores to process 20 jobs, with 32 maximum available cores.
[2026-02-06 04:27:21,792 libparallel INFO] Using 20 cores
[2026-02-06 04:27:22,830 libparallel INFO] 20 tasks finished
[2026-02-06 04:27:22,831 capri INFO] Rearranging cluster information into capri_clt.tsv
[2026-02-06 04:27:22,838 cli_clean INFO] Compressing '../3_emref' folder
[2026-02-06 04:27:22,839 clean_steps INFO] Cleaning output for '../3_emref' using 20 cores.
[2026-02-06 04:27:23,073 libtimer INFO] compressing took 0 seconds
[2026-02-06 04:27:23,073 cli_analyse INFO] CAPRI files identified
[2026-02-06 04:27:23,074 cli_analyse INFO] Plotting results..
[2026-02-06 04:27:24,914 cli_analyse INFO] Summary archive summary.tgz created!
[2026-02-06 04:27:24,914 cli_analyse INFO] moving files to analysis folder
[2026-02-06 04:27:24,914 cli_analyse INFO] cancelling unsuccesful analysis folders
[2026-02-06 04:27:24,914 cli_analyse INFO] updating paths in analysis/1_rigidbody_analysis/capri_ss.tsv
[2026-02-06 04:27:24,915 cli_analyse INFO] View the results in analysis/1_rigidbody_analysis/report.html
[2026-02-06 04:27:24,915 cli_analyse INFO] To view structures or download the structure files, in a terminal run the command `python -m http.server --directory /mnt/Data/PopOS/Data_Ana/Wu/clawdPorjects/HADDOCK_test/results/run_9B2M_Epi`. By default, http server runs on `http://0.0.0.0:8000/`. Open the link http://0.0.0.0:8000/analysis/1_rigidbody_analysis/report.html in a web browser.
[2026-02-06 04:27:24,915 cli_analyse INFO] updating paths in analysis/2_flexref_analysis/capri_ss.tsv
[2026-02-06 04:27:24,915 cli_analyse INFO] View the results in analysis/2_flexref_analysis/report.html
[2026-02-06 04:27:24,915 cli_analyse INFO] To view structures or download the structure files, in a terminal run the command `python -m http.server --directory /mnt/Data/PopOS/Data_Ana/Wu/clawdPorjects/HADDOCK_test/results/run_9B2M_Epi`. By default, http server runs on `http://0.0.0.0:8000/`. Open the link http://0.0.0.0:8000/analysis/2_flexref_analysis/report.html in a web browser.
[2026-02-06 04:27:24,915 cli_analyse INFO] updating paths in analysis/3_emref_analysis/capri_ss.tsv
[2026-02-06 04:27:24,915 cli_analyse INFO] View the results in analysis/3_emref_analysis/report.html
[2026-02-06 04:27:24,915 cli_analyse INFO] To view structures or download the structure files, in a terminal run the command `python -m http.server --directory /mnt/Data/PopOS/Data_Ana/Wu/clawdPorjects/HADDOCK_test/results/run_9B2M_Epi`. By default, http server runs on `http://0.0.0.0:8000/`. Open the link http://0.0.0.0:8000/analysis/3_emref_analysis/report.html in a web browser.
[2026-02-06 04:27:24,915 cli_traceback INFO] Running haddock3-traceback on ./
[2026-02-06 04:27:24,915 cli_traceback INFO] Reading input run directory
[2026-02-06 04:27:24,915 cli_traceback INFO] All_steps: 0_topoaa, 1_rigidbody, 2_flexref, 3_emref
[2026-02-06 04:27:24,916 cli_traceback INFO] Modules not to be analysed: 0_topoaa
[2026-02-06 04:27:24,916 cli_traceback INFO] Steps to trace back: 1_rigidbody, 2_flexref, 3_emref
[2026-02-06 04:27:24,916 cli_traceback INFO] Created directory: /mnt/Data/PopOS/Data_Ana/Wu/clawdPorjects/HADDOCK_test/results/run_9B2M_Epi/traceback
[2026-02-06 04:27:24,916 cli_traceback INFO] Tracing back step 3_emref
[2026-02-06 04:27:24,918 cli_traceback INFO] Tracing back step 2_flexref
[2026-02-06 04:27:24,920 cli_traceback INFO] Tracing back step 1_rigidbody
[2026-02-06 04:27:24,924 cli_traceback INFO] Output dataframe traceback/traceback.tsv created with shape (20, 8)
[2026-02-06 04:27:24,951 clean_steps INFO] Cleaning output for '0_topoaa' using 20 cores.
[2026-02-06 04:27:25,248 libtimer INFO] cleaning output files took 0 seconds
[2026-02-06 04:27:25,248 clean_steps INFO] Cleaning output for '1_rigidbody' using 20 cores.
[2026-02-06 04:27:25,258 libtimer INFO] cleaning output files took 0 seconds
[2026-02-06 04:27:25,258 clean_steps INFO] Cleaning output for '2_flexref' using 20 cores.
[2026-02-06 04:27:25,267 libtimer INFO] cleaning output files took 0 seconds
[2026-02-06 04:27:25,267 clean_steps INFO] Cleaning output for '3_emref' using 20 cores.
[2026-02-06 04:27:25,281 libtimer INFO] cleaning output files took 0 seconds
[2026-02-06 04:27:25,281 cli INFO] This HADDOCK3 run took: 6 minutes and 2 seconds
[2026-02-06 04:27:25,281 greetings INFO] Your feedback matters in Haddock3! Share your experience and help us grow:
[2026-02-06 04:27:25,281 greetings INFO] GitHub issues: https://github.com/haddocking/haddock3/issues
[2026-02-06 04:27:25,281 greetings INFO] BioExcel feedback: https://www.bonvinlab.org/feedback
[2026-02-06 04:27:25,281 greetings INFO] BioExcel forum: https://ask.bioexcel.eu/c/haddock/6
[2026-02-06 04:27:25,281 cli INFO] Finished at 06/02/2026 04:27:25. Tchau! Good bye! Ciao!
