[2026-02-13 10:14:49,913 cli INFO] 
##############################################
#                                            #
#                 HADDOCK3                   #
#                                            #
##############################################

!! Some of the HADDOCK3 components use CNS (Crystallographic and NMR System) which is free of use for non-profit applications. !!
!! For commercial use it is your own responsibility to have a proper license. !!
!! For details refer to the DISCLAIMER file in the HADDOCK3 repository. !!

Starting HADDOCK3 v2024.10.0b7 on 2026-02-13 10:14:00

Python 3.10.12 (main, Feb  4 2025, 14:57:36) [GCC 11.4.0]

[2026-02-13 10:14:53,594 libworkflow INFO] Reading instructions step 0_topoaa
[2026-02-13 10:14:53,594 libworkflow INFO] Reading instructions step 1_rigidbody
[2026-02-13 10:14:53,594 libworkflow INFO] Reading instructions step 2_flexref
[2026-02-13 10:14:53,594 libworkflow INFO] Reading instructions step 3_emref
[2026-02-13 10:14:53,608 base_cns_module INFO] Running [topoaa] module
[2026-02-13 10:14:53,608 __init__ INFO] [topoaa] Molecule 1: receptor_single_Neg_ACATCCAAGACGAACG-1_contig_1_1.pdb
[2026-02-13 10:14:53,610 __init__ INFO] [topoaa] Sanitizing molecule receptor_single_Neg_ACATCCAAGACGAACG-1_contig_1_1.pdb
[2026-02-13 10:14:53,617 __init__ INFO] [topoaa] Topology CNS input created
[2026-02-13 10:14:53,617 __init__ INFO] [topoaa] Molecule 2: ligand_single_Neg_ACATCCAAGACGAACG-1_contig_1_1.pdb
[2026-02-13 10:14:53,618 __init__ INFO] [topoaa] Sanitizing molecule ligand_single_Neg_ACATCCAAGACGAACG-1_contig_1_1.pdb
[2026-02-13 10:14:53,624 __init__ INFO] [topoaa] Topology CNS input created
[2026-02-13 10:14:53,624 __init__ INFO] [topoaa] Running CNS Jobs n=2
[2026-02-13 10:14:53,625 libutil INFO] Selected 2 cores to process 2 jobs, with 32 maximum available cores.
[2026-02-13 10:14:53,626 libparallel INFO] Using 2 cores
[2026-02-13 10:14:56,867 libparallel INFO] 2 tasks finished
[2026-02-13 10:14:56,868 __init__ INFO] [topoaa] CNS jobs have finished
[2026-02-13 10:14:56,870 base_cns_module INFO] Module [topoaa] finished.
[2026-02-13 10:14:56,870 __init__ INFO] [topoaa] took 3 seconds
[2026-02-13 10:14:57,210 base_cns_module INFO] Running [rigidbody] module
[2026-02-13 10:14:57,211 __init__ INFO] [rigidbody] crossdock=true
[2026-02-13 10:14:57,211 __init__ INFO] [rigidbody] Preparing jobs...
[2026-02-13 10:14:57,213 libutil INFO] Selected 20 cores to process 20 jobs, with 32 maximum available cores.
[2026-02-13 10:14:57,213 libparallel INFO] Using 20 cores
[2026-02-13 10:14:57,239 libparallel INFO] 20 tasks finished
[2026-02-13 10:14:57,239 __init__ INFO] [rigidbody] Preparation took 0.028339 seconds
[2026-02-13 10:14:57,241 __init__ INFO] [rigidbody] Running CNS Jobs n=20
[2026-02-13 10:14:57,241 libutil INFO] Selected 20 cores to process 20 jobs, with 32 maximum available cores.
[2026-02-13 10:14:57,241 libparallel INFO] Using 20 cores
[2026-02-13 10:15:07,681 libparallel INFO] 20 tasks finished
[2026-02-13 10:15:07,681 __init__ INFO] [rigidbody] CNS jobs have finished
[2026-02-13 10:15:07,718 base_cns_module INFO] Module [rigidbody] finished.
[2026-02-13 10:15:07,718 __init__ INFO] [rigidbody] took 11 seconds
[2026-02-13 10:15:08,099 base_cns_module INFO] Running [flexref] module
[2026-02-13 10:15:08,156 __init__ INFO] [flexref] Running CNS Jobs n=20
[2026-02-13 10:15:08,157 libutil INFO] Selected 20 cores to process 20 jobs, with 32 maximum available cores.
[2026-02-13 10:15:08,157 libparallel INFO] Using 20 cores
[2026-02-13 10:16:40,685 libparallel INFO] 20 tasks finished
[2026-02-13 10:16:40,686 __init__ INFO] [flexref] CNS jobs have finished
[2026-02-13 10:16:40,725 base_cns_module INFO] Module [flexref] finished.
[2026-02-13 10:16:40,725 __init__ INFO] [flexref] took 1 minute and 33 seconds
[2026-02-13 10:16:41,065 base_cns_module INFO] Running [emref] module
[2026-02-13 10:16:41,121 __init__ INFO] [emref] Running CNS Jobs n=20
[2026-02-13 10:16:41,121 libutil INFO] Selected 20 cores to process 20 jobs, with 32 maximum available cores.
[2026-02-13 10:16:41,121 libparallel INFO] Using 20 cores
[2026-02-13 10:16:48,023 libparallel INFO] 20 tasks finished
[2026-02-13 10:16:48,023 __init__ INFO] [emref] CNS jobs have finished
[2026-02-13 10:16:48,072 base_cns_module INFO] Module [emref] finished.
[2026-02-13 10:16:48,072 __init__ INFO] [emref] took 7 seconds
[2026-02-13 10:16:48,072 cli_analyse INFO] Running haddock3-analyse on ./, modules [], with top_cluster = 10
[2026-02-13 10:16:48,081 cli_analyse INFO] Created directory: /mnt/Data/PopOS/Data_Ana/Wu/clawdPorjects/HADDOCK_test/results/run_Neg_ACATCCAAGACGAACG-1_contig_1_1/analysis
[2026-02-13 10:16:48,081 cli_analyse INFO] Reading input run directory
[2026-02-13 10:16:48,082 cli_analyse INFO] selected steps: 0_topoaa, 1_rigidbody, 2_flexref, 3_emref
[2026-02-13 10:16:48,082 cli_analyse INFO] Analysing step 0_topoaa
[2026-02-13 10:16:48,082 cli_analyse WARNING] Could not execute the analysis for step 0_topoaa. The following error occurred 'dict' object has no attribute 'rel_path'
[2026-02-13 10:16:48,083 cli_analyse INFO] Analysing step 1_rigidbody
[2026-02-13 10:16:48,085 cli_unpack INFO] Unpacking '../1_rigidbody' folder
[2026-02-13 10:16:48,085 libtimer INFO] unpacking took 0 seconds
[2026-02-13 10:16:48,115 capri INFO] Found previous CNS step: 1_rigidbody
[2026-02-13 10:16:48,225 capri INFO] Saved scoring weights to: weights_params.json
[2026-02-13 10:16:48,225 __init__ INFO] [caprieval] No reference structure provided. Using the structure with the lowest score from previous step
[2026-02-13 10:16:48,310 libutil INFO] Selected 20 cores to process 20 jobs, with 32 maximum available cores.
[2026-02-13 10:16:48,311 libparallel INFO] Using 20 cores
[2026-02-13 10:16:48,732 libparallel INFO] 20 tasks finished
[2026-02-13 10:16:48,733 capri INFO] Rearranging cluster information into capri_clt.tsv
[2026-02-13 10:16:48,737 cli_clean INFO] Compressing '../1_rigidbody' folder
[2026-02-13 10:16:48,737 clean_steps INFO] Cleaning output for '../1_rigidbody' using 20 cores.
[2026-02-13 10:16:48,861 libtimer INFO] compressing took 0 seconds
[2026-02-13 10:16:48,861 cli_analyse INFO] CAPRI files identified
[2026-02-13 10:16:48,863 cli_analyse INFO] Plotting results..
[2026-02-13 10:16:50,096 cli_analyse INFO] Summary archive summary.tgz created!
[2026-02-13 10:16:50,096 cli_analyse INFO] Analysing step 2_flexref
[2026-02-13 10:16:50,098 cli_unpack INFO] Unpacking '../2_flexref' folder
[2026-02-13 10:16:50,098 libtimer INFO] unpacking took 0 seconds
[2026-02-13 10:16:50,111 capri INFO] Found previous CNS step: 2_flexref
[2026-02-13 10:16:50,350 capri INFO] Saved scoring weights to: weights_params.json
[2026-02-13 10:16:50,350 __init__ INFO] [caprieval] No reference structure provided. Using the structure with the lowest score from previous step
[2026-02-13 10:16:50,436 libutil INFO] Selected 20 cores to process 20 jobs, with 32 maximum available cores.
[2026-02-13 10:16:50,437 libparallel INFO] Using 20 cores
[2026-02-13 10:16:50,813 libparallel INFO] 20 tasks finished
[2026-02-13 10:16:50,814 capri INFO] Rearranging cluster information into capri_clt.tsv
[2026-02-13 10:16:50,818 cli_clean INFO] Compressing '../2_flexref' folder
[2026-02-13 10:16:50,818 clean_steps INFO] Cleaning output for '../2_flexref' using 20 cores.
[2026-02-13 10:16:50,936 libtimer INFO] compressing took 0 seconds
[2026-02-13 10:16:50,936 cli_analyse INFO] CAPRI files identified
[2026-02-13 10:16:50,937 cli_analyse INFO] Plotting results..
[2026-02-13 10:16:52,041 cli_analyse INFO] Summary archive summary.tgz created!
[2026-02-13 10:16:52,042 cli_analyse INFO] Analysing step 3_emref
[2026-02-13 10:16:52,044 cli_unpack INFO] Unpacking '../3_emref' folder
[2026-02-13 10:16:52,044 libtimer INFO] unpacking took 0 seconds
[2026-02-13 10:16:52,058 capri INFO] Found previous CNS step: 3_emref
[2026-02-13 10:16:52,159 capri INFO] Saved scoring weights to: weights_params.json
[2026-02-13 10:16:52,159 __init__ INFO] [caprieval] No reference structure provided. Using the structure with the lowest score from previous step
[2026-02-13 10:16:52,244 libutil INFO] Selected 20 cores to process 20 jobs, with 32 maximum available cores.
[2026-02-13 10:16:52,244 libparallel INFO] Using 20 cores
[2026-02-13 10:16:52,636 libparallel INFO] 20 tasks finished
[2026-02-13 10:16:52,637 capri INFO] Rearranging cluster information into capri_clt.tsv
[2026-02-13 10:16:52,642 cli_clean INFO] Compressing '../3_emref' folder
[2026-02-13 10:16:52,642 clean_steps INFO] Cleaning output for '../3_emref' using 20 cores.
[2026-02-13 10:16:52,763 libtimer INFO] compressing took 0 seconds
[2026-02-13 10:16:52,763 cli_analyse INFO] CAPRI files identified
[2026-02-13 10:16:52,766 cli_analyse INFO] Plotting results..
[2026-02-13 10:16:53,875 cli_analyse INFO] Summary archive summary.tgz created!
[2026-02-13 10:16:53,875 cli_analyse INFO] moving files to analysis folder
[2026-02-13 10:16:53,875 cli_analyse INFO] cancelling unsuccesful analysis folders
[2026-02-13 10:16:53,875 cli_analyse INFO] updating paths in analysis/1_rigidbody_analysis/capri_ss.tsv
[2026-02-13 10:16:53,875 cli_analyse INFO] View the results in analysis/1_rigidbody_analysis/report.html
[2026-02-13 10:16:53,875 cli_analyse INFO] To view structures or download the structure files, in a terminal run the command `python -m http.server --directory /mnt/Data/PopOS/Data_Ana/Wu/clawdPorjects/HADDOCK_test/results/run_Neg_ACATCCAAGACGAACG-1_contig_1_1`. By default, http server runs on `http://0.0.0.0:8000/`. Open the link http://0.0.0.0:8000/analysis/1_rigidbody_analysis/report.html in a web browser.
[2026-02-13 10:16:53,875 cli_analyse INFO] updating paths in analysis/2_flexref_analysis/capri_ss.tsv
[2026-02-13 10:16:53,876 cli_analyse INFO] View the results in analysis/2_flexref_analysis/report.html
[2026-02-13 10:16:53,876 cli_analyse INFO] To view structures or download the structure files, in a terminal run the command `python -m http.server --directory /mnt/Data/PopOS/Data_Ana/Wu/clawdPorjects/HADDOCK_test/results/run_Neg_ACATCCAAGACGAACG-1_contig_1_1`. By default, http server runs on `http://0.0.0.0:8000/`. Open the link http://0.0.0.0:8000/analysis/2_flexref_analysis/report.html in a web browser.
[2026-02-13 10:16:53,876 cli_analyse INFO] updating paths in analysis/3_emref_analysis/capri_ss.tsv
[2026-02-13 10:16:53,876 cli_analyse INFO] View the results in analysis/3_emref_analysis/report.html
[2026-02-13 10:16:53,876 cli_analyse INFO] To view structures or download the structure files, in a terminal run the command `python -m http.server --directory /mnt/Data/PopOS/Data_Ana/Wu/clawdPorjects/HADDOCK_test/results/run_Neg_ACATCCAAGACGAACG-1_contig_1_1`. By default, http server runs on `http://0.0.0.0:8000/`. Open the link http://0.0.0.0:8000/analysis/3_emref_analysis/report.html in a web browser.
[2026-02-13 10:16:53,876 cli_traceback INFO] Running haddock3-traceback on ./
[2026-02-13 10:16:53,876 cli_traceback INFO] Reading input run directory
[2026-02-13 10:16:53,876 cli_traceback INFO] All_steps: 0_topoaa, 1_rigidbody, 2_flexref, 3_emref
[2026-02-13 10:16:53,876 cli_traceback INFO] Modules not to be analysed: 0_topoaa
[2026-02-13 10:16:53,876 cli_traceback INFO] Steps to trace back: 1_rigidbody, 2_flexref, 3_emref
[2026-02-13 10:16:53,876 cli_traceback INFO] Created directory: /mnt/Data/PopOS/Data_Ana/Wu/clawdPorjects/HADDOCK_test/results/run_Neg_ACATCCAAGACGAACG-1_contig_1_1/traceback
[2026-02-13 10:16:53,877 cli_traceback INFO] Tracing back step 3_emref
[2026-02-13 10:16:53,879 cli_traceback INFO] Tracing back step 2_flexref
[2026-02-13 10:16:53,881 cli_traceback INFO] Tracing back step 1_rigidbody
[2026-02-13 10:16:53,884 cli_traceback INFO] Output dataframe traceback/traceback.tsv created with shape (20, 8)
[2026-02-13 10:16:53,911 clean_steps INFO] Cleaning output for '0_topoaa' using 20 cores.
[2026-02-13 10:16:54,042 libtimer INFO] cleaning output files took 0 seconds
[2026-02-13 10:16:54,043 clean_steps INFO] Cleaning output for '1_rigidbody' using 20 cores.
[2026-02-13 10:16:54,052 libtimer INFO] cleaning output files took 0 seconds
[2026-02-13 10:16:54,052 clean_steps INFO] Cleaning output for '2_flexref' using 20 cores.
[2026-02-13 10:16:54,067 libtimer INFO] cleaning output files took 0 seconds
[2026-02-13 10:16:54,067 clean_steps INFO] Cleaning output for '3_emref' using 20 cores.
[2026-02-13 10:16:54,101 libtimer INFO] cleaning output files took 0 seconds
[2026-02-13 10:16:54,102 cli INFO] This HADDOCK3 run took: 2 minutes and 4 seconds
[2026-02-13 10:16:54,102 greetings INFO] Your feedback matters in Haddock3! Share your experience and help us grow:
[2026-02-13 10:16:54,102 greetings INFO] GitHub issues: https://github.com/haddocking/haddock3/issues
[2026-02-13 10:16:54,102 greetings INFO] BioExcel feedback: https://www.bonvinlab.org/feedback
[2026-02-13 10:16:54,102 greetings INFO] BioExcel forum: https://ask.bioexcel.eu/c/haddock/6
[2026-02-13 10:16:54,102 cli INFO] Finished at 13/02/2026 10:16:54. Tchau! 再见! Até logo!
