[2026-02-13 11:31:19,513 cli INFO] 
##############################################
#                                            #
#                 HADDOCK3                   #
#                                            #
##############################################

!! Some of the HADDOCK3 components use CNS (Crystallographic and NMR System) which is free of use for non-profit applications. !!
!! For commercial use it is your own responsibility to have a proper license. !!
!! For details refer to the DISCLAIMER file in the HADDOCK3 repository. !!

Starting HADDOCK3 v2024.10.0b7 on 2026-02-13 11:31:00

Python 3.10.12 (main, Feb  4 2025, 14:57:36) [GCC 11.4.0]

[2026-02-13 11:31:23,318 libworkflow INFO] Reading instructions step 0_topoaa
[2026-02-13 11:31:23,318 libworkflow INFO] Reading instructions step 1_rigidbody
[2026-02-13 11:31:23,318 libworkflow INFO] Reading instructions step 2_flexref
[2026-02-13 11:31:23,318 libworkflow INFO] Reading instructions step 3_emref
[2026-02-13 11:31:23,332 base_cns_module INFO] Running [topoaa] module
[2026-02-13 11:31:23,333 __init__ INFO] [topoaa] Molecule 1: receptor_single_Neg_CTAATTCGTGTGGATT-1_contig_1_1.pdb
[2026-02-13 11:31:23,334 __init__ INFO] [topoaa] Sanitizing molecule receptor_single_Neg_CTAATTCGTGTGGATT-1_contig_1_1.pdb
[2026-02-13 11:31:23,341 __init__ INFO] [topoaa] Topology CNS input created
[2026-02-13 11:31:23,341 __init__ INFO] [topoaa] Molecule 2: ligand_single_Neg_CTAATTCGTGTGGATT-1_contig_1_1.pdb
[2026-02-13 11:31:23,342 __init__ INFO] [topoaa] Sanitizing molecule ligand_single_Neg_CTAATTCGTGTGGATT-1_contig_1_1.pdb
[2026-02-13 11:31:23,348 __init__ INFO] [topoaa] Topology CNS input created
[2026-02-13 11:31:23,348 __init__ INFO] [topoaa] Running CNS Jobs n=2
[2026-02-13 11:31:23,348 libutil INFO] Selected 2 cores to process 2 jobs, with 32 maximum available cores.
[2026-02-13 11:31:23,349 libparallel INFO] Using 2 cores
[2026-02-13 11:31:26,585 libparallel INFO] 2 tasks finished
[2026-02-13 11:31:26,585 __init__ INFO] [topoaa] CNS jobs have finished
[2026-02-13 11:31:26,586 base_cns_module INFO] Module [topoaa] finished.
[2026-02-13 11:31:26,586 __init__ INFO] [topoaa] took 3 seconds
[2026-02-13 11:31:26,931 base_cns_module INFO] Running [rigidbody] module
[2026-02-13 11:31:26,932 __init__ INFO] [rigidbody] crossdock=true
[2026-02-13 11:31:26,932 __init__ INFO] [rigidbody] Preparing jobs...
[2026-02-13 11:31:26,934 libutil INFO] Selected 20 cores to process 20 jobs, with 32 maximum available cores.
[2026-02-13 11:31:26,934 libparallel INFO] Using 20 cores
[2026-02-13 11:31:26,961 libparallel INFO] 20 tasks finished
[2026-02-13 11:31:26,961 __init__ INFO] [rigidbody] Preparation took 0.02954 seconds
[2026-02-13 11:31:26,963 __init__ INFO] [rigidbody] Running CNS Jobs n=20
[2026-02-13 11:31:26,963 libutil INFO] Selected 20 cores to process 20 jobs, with 32 maximum available cores.
[2026-02-13 11:31:26,963 libparallel INFO] Using 20 cores
[2026-02-13 11:31:37,516 libparallel INFO] 20 tasks finished
[2026-02-13 11:31:37,516 __init__ INFO] [rigidbody] CNS jobs have finished
[2026-02-13 11:31:37,553 base_cns_module INFO] Module [rigidbody] finished.
[2026-02-13 11:31:37,554 __init__ INFO] [rigidbody] took 11 seconds
[2026-02-13 11:31:37,944 base_cns_module INFO] Running [flexref] module
[2026-02-13 11:31:38,002 __init__ INFO] [flexref] Running CNS Jobs n=20
[2026-02-13 11:31:38,002 libutil INFO] Selected 20 cores to process 20 jobs, with 32 maximum available cores.
[2026-02-13 11:31:38,003 libparallel INFO] Using 20 cores
[2026-02-13 11:33:14,474 libparallel INFO] 20 tasks finished
[2026-02-13 11:33:14,475 __init__ INFO] [flexref] CNS jobs have finished
[2026-02-13 11:33:14,508 base_cns_module INFO] Module [flexref] finished.
[2026-02-13 11:33:14,508 __init__ INFO] [flexref] took 1 minute and 37 seconds
[2026-02-13 11:33:14,853 base_cns_module INFO] Running [emref] module
[2026-02-13 11:33:14,911 __init__ INFO] [emref] Running CNS Jobs n=20
[2026-02-13 11:33:14,911 libutil INFO] Selected 20 cores to process 20 jobs, with 32 maximum available cores.
[2026-02-13 11:33:14,911 libparallel INFO] Using 20 cores
[2026-02-13 11:33:22,714 libparallel INFO] 20 tasks finished
[2026-02-13 11:33:22,714 __init__ INFO] [emref] CNS jobs have finished
[2026-02-13 11:33:22,749 base_cns_module INFO] Module [emref] finished.
[2026-02-13 11:33:22,749 __init__ INFO] [emref] took 8 seconds
[2026-02-13 11:33:22,749 cli_analyse INFO] Running haddock3-analyse on ./, modules [], with top_cluster = 10
[2026-02-13 11:33:22,756 cli_analyse INFO] Created directory: /mnt/Data/PopOS/Data_Ana/Wu/clawdPorjects/HADDOCK_test/results/run_Neg_CTAATTCGTGTGGATT-1_contig_1_1/analysis
[2026-02-13 11:33:22,756 cli_analyse INFO] Reading input run directory
[2026-02-13 11:33:22,756 cli_analyse INFO] selected steps: 0_topoaa, 1_rigidbody, 2_flexref, 3_emref
[2026-02-13 11:33:22,756 cli_analyse INFO] Analysing step 0_topoaa
[2026-02-13 11:33:22,756 cli_analyse WARNING] Could not execute the analysis for step 0_topoaa. The following error occurred 'dict' object has no attribute 'rel_path'
[2026-02-13 11:33:22,756 cli_analyse INFO] Analysing step 1_rigidbody
[2026-02-13 11:33:22,758 cli_unpack INFO] Unpacking '../1_rigidbody' folder
[2026-02-13 11:33:22,758 libtimer INFO] unpacking took 0 seconds
[2026-02-13 11:33:22,771 capri INFO] Found previous CNS step: 1_rigidbody
[2026-02-13 11:33:22,880 capri INFO] Saved scoring weights to: weights_params.json
[2026-02-13 11:33:22,880 __init__ INFO] [caprieval] No reference structure provided. Using the structure with the lowest score from previous step
[2026-02-13 11:33:22,966 libutil INFO] Selected 20 cores to process 20 jobs, with 32 maximum available cores.
[2026-02-13 11:33:22,966 libparallel INFO] Using 20 cores
[2026-02-13 11:33:23,598 libparallel INFO] 20 tasks finished
[2026-02-13 11:33:23,599 capri INFO] Rearranging cluster information into capri_clt.tsv
[2026-02-13 11:33:23,605 cli_clean INFO] Compressing '../1_rigidbody' folder
[2026-02-13 11:33:23,605 clean_steps INFO] Cleaning output for '../1_rigidbody' using 20 cores.
[2026-02-13 11:33:23,729 libtimer INFO] compressing took 0 seconds
[2026-02-13 11:33:23,730 cli_analyse INFO] CAPRI files identified
[2026-02-13 11:33:23,731 cli_analyse INFO] Plotting results..
[2026-02-13 11:33:24,967 cli_analyse INFO] Summary archive summary.tgz created!
[2026-02-13 11:33:24,967 cli_analyse INFO] Analysing step 2_flexref
[2026-02-13 11:33:24,969 cli_unpack INFO] Unpacking '../2_flexref' folder
[2026-02-13 11:33:24,970 libtimer INFO] unpacking took 0 seconds
[2026-02-13 11:33:24,983 capri INFO] Found previous CNS step: 2_flexref
[2026-02-13 11:33:25,222 capri INFO] Saved scoring weights to: weights_params.json
[2026-02-13 11:33:25,222 __init__ INFO] [caprieval] No reference structure provided. Using the structure with the lowest score from previous step
[2026-02-13 11:33:25,309 libutil INFO] Selected 20 cores to process 20 jobs, with 32 maximum available cores.
[2026-02-13 11:33:25,309 libparallel INFO] Using 20 cores
[2026-02-13 11:33:25,708 libparallel INFO] 20 tasks finished
[2026-02-13 11:33:25,709 capri INFO] Rearranging cluster information into capri_clt.tsv
[2026-02-13 11:33:25,716 cli_clean INFO] Compressing '../2_flexref' folder
[2026-02-13 11:33:25,716 clean_steps INFO] Cleaning output for '../2_flexref' using 20 cores.
[2026-02-13 11:33:25,843 libtimer INFO] compressing took 0 seconds
[2026-02-13 11:33:25,843 cli_analyse INFO] CAPRI files identified
[2026-02-13 11:33:25,845 cli_analyse INFO] Plotting results..
[2026-02-13 11:33:26,970 cli_analyse INFO] Summary archive summary.tgz created!
[2026-02-13 11:33:26,970 cli_analyse INFO] Analysing step 3_emref
[2026-02-13 11:33:26,972 cli_unpack INFO] Unpacking '../3_emref' folder
[2026-02-13 11:33:26,973 libtimer INFO] unpacking took 0 seconds
[2026-02-13 11:33:26,986 capri INFO] Found previous CNS step: 3_emref
[2026-02-13 11:33:27,088 capri INFO] Saved scoring weights to: weights_params.json
[2026-02-13 11:33:27,088 __init__ INFO] [caprieval] No reference structure provided. Using the structure with the lowest score from previous step
[2026-02-13 11:33:27,174 libutil INFO] Selected 20 cores to process 20 jobs, with 32 maximum available cores.
[2026-02-13 11:33:27,174 libparallel INFO] Using 20 cores
[2026-02-13 11:33:27,646 libparallel INFO] 20 tasks finished
[2026-02-13 11:33:27,647 capri INFO] Rearranging cluster information into capri_clt.tsv
[2026-02-13 11:33:27,651 cli_clean INFO] Compressing '../3_emref' folder
[2026-02-13 11:33:27,651 clean_steps INFO] Cleaning output for '../3_emref' using 20 cores.
[2026-02-13 11:33:27,785 libtimer INFO] compressing took 0 seconds
[2026-02-13 11:33:27,786 cli_analyse INFO] CAPRI files identified
[2026-02-13 11:33:27,787 cli_analyse INFO] Plotting results..
[2026-02-13 11:33:28,916 cli_analyse INFO] Summary archive summary.tgz created!
[2026-02-13 11:33:28,917 cli_analyse INFO] moving files to analysis folder
[2026-02-13 11:33:28,917 cli_analyse INFO] cancelling unsuccesful analysis folders
[2026-02-13 11:33:28,917 cli_analyse INFO] updating paths in analysis/1_rigidbody_analysis/capri_ss.tsv
[2026-02-13 11:33:28,917 cli_analyse INFO] View the results in analysis/1_rigidbody_analysis/report.html
[2026-02-13 11:33:28,917 cli_analyse INFO] To view structures or download the structure files, in a terminal run the command `python -m http.server --directory /mnt/Data/PopOS/Data_Ana/Wu/clawdPorjects/HADDOCK_test/results/run_Neg_CTAATTCGTGTGGATT-1_contig_1_1`. By default, http server runs on `http://0.0.0.0:8000/`. Open the link http://0.0.0.0:8000/analysis/1_rigidbody_analysis/report.html in a web browser.
[2026-02-13 11:33:28,917 cli_analyse INFO] updating paths in analysis/2_flexref_analysis/capri_ss.tsv
[2026-02-13 11:33:28,917 cli_analyse INFO] View the results in analysis/2_flexref_analysis/report.html
[2026-02-13 11:33:28,917 cli_analyse INFO] To view structures or download the structure files, in a terminal run the command `python -m http.server --directory /mnt/Data/PopOS/Data_Ana/Wu/clawdPorjects/HADDOCK_test/results/run_Neg_CTAATTCGTGTGGATT-1_contig_1_1`. By default, http server runs on `http://0.0.0.0:8000/`. Open the link http://0.0.0.0:8000/analysis/2_flexref_analysis/report.html in a web browser.
[2026-02-13 11:33:28,917 cli_analyse INFO] updating paths in analysis/3_emref_analysis/capri_ss.tsv
[2026-02-13 11:33:28,918 cli_analyse INFO] View the results in analysis/3_emref_analysis/report.html
[2026-02-13 11:33:28,918 cli_analyse INFO] To view structures or download the structure files, in a terminal run the command `python -m http.server --directory /mnt/Data/PopOS/Data_Ana/Wu/clawdPorjects/HADDOCK_test/results/run_Neg_CTAATTCGTGTGGATT-1_contig_1_1`. By default, http server runs on `http://0.0.0.0:8000/`. Open the link http://0.0.0.0:8000/analysis/3_emref_analysis/report.html in a web browser.
[2026-02-13 11:33:28,918 cli_traceback INFO] Running haddock3-traceback on ./
[2026-02-13 11:33:28,918 cli_traceback INFO] Reading input run directory
[2026-02-13 11:33:28,918 cli_traceback INFO] All_steps: 0_topoaa, 1_rigidbody, 2_flexref, 3_emref
[2026-02-13 11:33:28,918 cli_traceback INFO] Modules not to be analysed: 0_topoaa
[2026-02-13 11:33:28,918 cli_traceback INFO] Steps to trace back: 1_rigidbody, 2_flexref, 3_emref
[2026-02-13 11:33:28,918 cli_traceback INFO] Created directory: /mnt/Data/PopOS/Data_Ana/Wu/clawdPorjects/HADDOCK_test/results/run_Neg_CTAATTCGTGTGGATT-1_contig_1_1/traceback
[2026-02-13 11:33:28,918 cli_traceback INFO] Tracing back step 3_emref
[2026-02-13 11:33:28,921 cli_traceback INFO] Tracing back step 2_flexref
[2026-02-13 11:33:28,923 cli_traceback INFO] Tracing back step 1_rigidbody
[2026-02-13 11:33:28,927 cli_traceback INFO] Output dataframe traceback/traceback.tsv created with shape (20, 8)
[2026-02-13 11:33:28,953 clean_steps INFO] Cleaning output for '0_topoaa' using 20 cores.
[2026-02-13 11:33:29,090 libtimer INFO] cleaning output files took 0 seconds
[2026-02-13 11:33:29,090 clean_steps INFO] Cleaning output for '1_rigidbody' using 20 cores.
[2026-02-13 11:33:29,099 libtimer INFO] cleaning output files took 0 seconds
[2026-02-13 11:33:29,099 clean_steps INFO] Cleaning output for '2_flexref' using 20 cores.
[2026-02-13 11:33:29,109 libtimer INFO] cleaning output files took 0 seconds
[2026-02-13 11:33:29,109 clean_steps INFO] Cleaning output for '3_emref' using 20 cores.
[2026-02-13 11:33:29,123 libtimer INFO] cleaning output files took 0 seconds
[2026-02-13 11:33:29,123 cli INFO] This HADDOCK3 run took: 2 minutes and 10 seconds
[2026-02-13 11:33:29,123 greetings INFO] Your feedback matters in Haddock3! Share your experience and help us grow:
[2026-02-13 11:33:29,123 greetings INFO] GitHub issues: https://github.com/haddocking/haddock3/issues
[2026-02-13 11:33:29,123 greetings INFO] BioExcel feedback: https://www.bonvinlab.org/feedback
[2026-02-13 11:33:29,123 greetings INFO] BioExcel forum: https://ask.bioexcel.eu/c/haddock/6
[2026-02-13 11:33:29,124 cli INFO] Finished at 13/02/2026 11:33:29. 再见! Dovidenia! Adiós!
