[2026-02-13 13:17:32,056 cli INFO] 
##############################################
#                                            #
#                 HADDOCK3                   #
#                                            #
##############################################

!! Some of the HADDOCK3 components use CNS (Crystallographic and NMR System) which is free of use for non-profit applications. !!
!! For commercial use it is your own responsibility to have a proper license. !!
!! For details refer to the DISCLAIMER file in the HADDOCK3 repository. !!

Starting HADDOCK3 v2024.10.0b7 on 2026-02-13 13:17:00

Python 3.10.12 (main, Feb  4 2025, 14:57:36) [GCC 11.4.0]

[2026-02-13 13:17:35,881 libworkflow INFO] Reading instructions step 0_topoaa
[2026-02-13 13:17:35,881 libworkflow INFO] Reading instructions step 1_rigidbody
[2026-02-13 13:17:35,882 libworkflow INFO] Reading instructions step 2_flexref
[2026-02-13 13:17:35,882 libworkflow INFO] Reading instructions step 3_emref
[2026-02-13 13:17:35,896 base_cns_module INFO] Running [topoaa] module
[2026-02-13 13:17:35,896 __init__ INFO] [topoaa] Molecule 1: receptor_single_Pos_GGGTTCCCACTACGCA-1_contig_1_1.pdb
[2026-02-13 13:17:35,897 __init__ INFO] [topoaa] Sanitizing molecule receptor_single_Pos_GGGTTCCCACTACGCA-1_contig_1_1.pdb
[2026-02-13 13:17:35,904 __init__ INFO] [topoaa] Topology CNS input created
[2026-02-13 13:17:35,904 __init__ INFO] [topoaa] Molecule 2: ligand_single_Pos_GGGTTCCCACTACGCA-1_contig_1_1.pdb
[2026-02-13 13:17:35,906 __init__ INFO] [topoaa] Sanitizing molecule ligand_single_Pos_GGGTTCCCACTACGCA-1_contig_1_1.pdb
[2026-02-13 13:17:35,912 __init__ INFO] [topoaa] Topology CNS input created
[2026-02-13 13:17:35,912 __init__ INFO] [topoaa] Running CNS Jobs n=2
[2026-02-13 13:17:35,912 libutil INFO] Selected 2 cores to process 2 jobs, with 32 maximum available cores.
[2026-02-13 13:17:35,913 libparallel INFO] Using 2 cores
[2026-02-13 13:17:39,154 libparallel INFO] 2 tasks finished
[2026-02-13 13:17:39,155 __init__ INFO] [topoaa] CNS jobs have finished
[2026-02-13 13:17:39,157 base_cns_module INFO] Module [topoaa] finished.
[2026-02-13 13:17:39,157 __init__ INFO] [topoaa] took 3 seconds
[2026-02-13 13:17:39,558 base_cns_module INFO] Running [rigidbody] module
[2026-02-13 13:17:39,558 __init__ INFO] [rigidbody] crossdock=true
[2026-02-13 13:17:39,558 __init__ INFO] [rigidbody] Preparing jobs...
[2026-02-13 13:17:39,560 libutil INFO] Selected 20 cores to process 20 jobs, with 32 maximum available cores.
[2026-02-13 13:17:39,560 libparallel INFO] Using 20 cores
[2026-02-13 13:17:39,589 libparallel INFO] 20 tasks finished
[2026-02-13 13:17:39,589 __init__ INFO] [rigidbody] Preparation took 0.030997 seconds
[2026-02-13 13:17:39,590 __init__ INFO] [rigidbody] Running CNS Jobs n=20
[2026-02-13 13:17:39,591 libutil INFO] Selected 20 cores to process 20 jobs, with 32 maximum available cores.
[2026-02-13 13:17:39,591 libparallel INFO] Using 20 cores
[2026-02-13 13:17:50,889 libparallel INFO] 20 tasks finished
[2026-02-13 13:17:50,890 __init__ INFO] [rigidbody] CNS jobs have finished
[2026-02-13 13:17:50,924 base_cns_module INFO] Module [rigidbody] finished.
[2026-02-13 13:17:50,924 __init__ INFO] [rigidbody] took 11 seconds
[2026-02-13 13:17:51,323 base_cns_module INFO] Running [flexref] module
[2026-02-13 13:17:51,381 __init__ INFO] [flexref] Running CNS Jobs n=20
[2026-02-13 13:17:51,381 libutil INFO] Selected 20 cores to process 20 jobs, with 32 maximum available cores.
[2026-02-13 13:17:51,381 libparallel INFO] Using 20 cores
[2026-02-13 13:19:26,560 libparallel INFO] 20 tasks finished
[2026-02-13 13:19:26,561 __init__ INFO] [flexref] CNS jobs have finished
[2026-02-13 13:19:26,591 base_cns_module INFO] Module [flexref] finished.
[2026-02-13 13:19:26,591 __init__ INFO] [flexref] took 1 minute and 35 seconds
[2026-02-13 13:19:26,939 base_cns_module INFO] Running [emref] module
[2026-02-13 13:19:26,996 __init__ INFO] [emref] Running CNS Jobs n=20
[2026-02-13 13:19:26,996 libutil INFO] Selected 20 cores to process 20 jobs, with 32 maximum available cores.
[2026-02-13 13:19:26,997 libparallel INFO] Using 20 cores
[2026-02-13 13:19:34,415 libparallel INFO] 20 tasks finished
[2026-02-13 13:19:34,416 __init__ INFO] [emref] CNS jobs have finished
[2026-02-13 13:19:34,449 base_cns_module INFO] Module [emref] finished.
[2026-02-13 13:19:34,449 __init__ INFO] [emref] took 8 seconds
[2026-02-13 13:19:34,449 cli_analyse INFO] Running haddock3-analyse on ./, modules [], with top_cluster = 10
[2026-02-13 13:19:34,456 cli_analyse INFO] Created directory: /mnt/Data/PopOS/Data_Ana/Wu/clawdPorjects/HADDOCK_test/results/run_Pos_GGGTTCCCACTACGCA-1_contig_1_1/analysis
[2026-02-13 13:19:34,456 cli_analyse INFO] Reading input run directory
[2026-02-13 13:19:34,456 cli_analyse INFO] selected steps: 0_topoaa, 1_rigidbody, 2_flexref, 3_emref
[2026-02-13 13:19:34,456 cli_analyse INFO] Analysing step 0_topoaa
[2026-02-13 13:19:34,457 cli_analyse WARNING] Could not execute the analysis for step 0_topoaa. The following error occurred 'dict' object has no attribute 'rel_path'
[2026-02-13 13:19:34,457 cli_analyse INFO] Analysing step 1_rigidbody
[2026-02-13 13:19:34,458 cli_unpack INFO] Unpacking '../1_rigidbody' folder
[2026-02-13 13:19:34,459 libtimer INFO] unpacking took 0 seconds
[2026-02-13 13:19:34,472 capri INFO] Found previous CNS step: 1_rigidbody
[2026-02-13 13:19:34,580 capri INFO] Saved scoring weights to: weights_params.json
[2026-02-13 13:19:34,580 __init__ INFO] [caprieval] No reference structure provided. Using the structure with the lowest score from previous step
[2026-02-13 13:19:34,666 libutil INFO] Selected 20 cores to process 20 jobs, with 32 maximum available cores.
[2026-02-13 13:19:34,667 libparallel INFO] Using 20 cores
[2026-02-13 13:19:35,211 libparallel INFO] 20 tasks finished
[2026-02-13 13:19:35,211 capri INFO] Rearranging cluster information into capri_clt.tsv
[2026-02-13 13:19:35,215 cli_clean INFO] Compressing '../1_rigidbody' folder
[2026-02-13 13:19:35,215 clean_steps INFO] Cleaning output for '../1_rigidbody' using 20 cores.
[2026-02-13 13:19:35,346 libtimer INFO] compressing took 0 seconds
[2026-02-13 13:19:35,347 cli_analyse INFO] CAPRI files identified
[2026-02-13 13:19:35,349 cli_analyse INFO] Plotting results..
[2026-02-13 13:19:36,587 cli_analyse INFO] Summary archive summary.tgz created!
[2026-02-13 13:19:36,587 cli_analyse INFO] Analysing step 2_flexref
[2026-02-13 13:19:36,589 cli_unpack INFO] Unpacking '../2_flexref' folder
[2026-02-13 13:19:36,590 libtimer INFO] unpacking took 0 seconds
[2026-02-13 13:19:36,603 capri INFO] Found previous CNS step: 2_flexref
[2026-02-13 13:19:36,841 capri INFO] Saved scoring weights to: weights_params.json
[2026-02-13 13:19:36,841 __init__ INFO] [caprieval] No reference structure provided. Using the structure with the lowest score from previous step
[2026-02-13 13:19:36,928 libutil INFO] Selected 20 cores to process 20 jobs, with 32 maximum available cores.
[2026-02-13 13:19:36,928 libparallel INFO] Using 20 cores
[2026-02-13 13:19:37,349 libparallel INFO] 20 tasks finished
[2026-02-13 13:19:37,350 capri INFO] Rearranging cluster information into capri_clt.tsv
[2026-02-13 13:19:37,357 cli_clean INFO] Compressing '../2_flexref' folder
[2026-02-13 13:19:37,357 clean_steps INFO] Cleaning output for '../2_flexref' using 20 cores.
[2026-02-13 13:19:37,479 libtimer INFO] compressing took 0 seconds
[2026-02-13 13:19:37,479 cli_analyse INFO] CAPRI files identified
[2026-02-13 13:19:37,482 cli_analyse INFO] Plotting results..
[2026-02-13 13:19:38,668 cli_analyse INFO] Summary archive summary.tgz created!
[2026-02-13 13:19:38,668 cli_analyse INFO] Analysing step 3_emref
[2026-02-13 13:19:38,670 cli_unpack INFO] Unpacking '../3_emref' folder
[2026-02-13 13:19:38,670 libtimer INFO] unpacking took 0 seconds
[2026-02-13 13:19:38,684 capri INFO] Found previous CNS step: 3_emref
[2026-02-13 13:19:38,785 capri INFO] Saved scoring weights to: weights_params.json
[2026-02-13 13:19:38,785 __init__ INFO] [caprieval] No reference structure provided. Using the structure with the lowest score from previous step
[2026-02-13 13:19:38,870 libutil INFO] Selected 20 cores to process 20 jobs, with 32 maximum available cores.
[2026-02-13 13:19:38,871 libparallel INFO] Using 20 cores
[2026-02-13 13:19:39,283 libparallel INFO] 20 tasks finished
[2026-02-13 13:19:39,284 capri INFO] Rearranging cluster information into capri_clt.tsv
[2026-02-13 13:19:39,288 cli_clean INFO] Compressing '../3_emref' folder
[2026-02-13 13:19:39,288 clean_steps INFO] Cleaning output for '../3_emref' using 20 cores.
[2026-02-13 13:19:39,410 libtimer INFO] compressing took 0 seconds
[2026-02-13 13:19:39,411 cli_analyse INFO] CAPRI files identified
[2026-02-13 13:19:39,413 cli_analyse INFO] Plotting results..
[2026-02-13 13:19:40,550 cli_analyse INFO] Summary archive summary.tgz created!
[2026-02-13 13:19:40,550 cli_analyse INFO] moving files to analysis folder
[2026-02-13 13:19:40,551 cli_analyse INFO] cancelling unsuccesful analysis folders
[2026-02-13 13:19:40,551 cli_analyse INFO] updating paths in analysis/1_rigidbody_analysis/capri_ss.tsv
[2026-02-13 13:19:40,551 cli_analyse INFO] View the results in analysis/1_rigidbody_analysis/report.html
[2026-02-13 13:19:40,551 cli_analyse INFO] To view structures or download the structure files, in a terminal run the command `python -m http.server --directory /mnt/Data/PopOS/Data_Ana/Wu/clawdPorjects/HADDOCK_test/results/run_Pos_GGGTTCCCACTACGCA-1_contig_1_1`. By default, http server runs on `http://0.0.0.0:8000/`. Open the link http://0.0.0.0:8000/analysis/1_rigidbody_analysis/report.html in a web browser.
[2026-02-13 13:19:40,551 cli_analyse INFO] updating paths in analysis/2_flexref_analysis/capri_ss.tsv
[2026-02-13 13:19:40,551 cli_analyse INFO] View the results in analysis/2_flexref_analysis/report.html
[2026-02-13 13:19:40,551 cli_analyse INFO] To view structures or download the structure files, in a terminal run the command `python -m http.server --directory /mnt/Data/PopOS/Data_Ana/Wu/clawdPorjects/HADDOCK_test/results/run_Pos_GGGTTCCCACTACGCA-1_contig_1_1`. By default, http server runs on `http://0.0.0.0:8000/`. Open the link http://0.0.0.0:8000/analysis/2_flexref_analysis/report.html in a web browser.
[2026-02-13 13:19:40,551 cli_analyse INFO] updating paths in analysis/3_emref_analysis/capri_ss.tsv
[2026-02-13 13:19:40,551 cli_analyse INFO] View the results in analysis/3_emref_analysis/report.html
[2026-02-13 13:19:40,551 cli_analyse INFO] To view structures or download the structure files, in a terminal run the command `python -m http.server --directory /mnt/Data/PopOS/Data_Ana/Wu/clawdPorjects/HADDOCK_test/results/run_Pos_GGGTTCCCACTACGCA-1_contig_1_1`. By default, http server runs on `http://0.0.0.0:8000/`. Open the link http://0.0.0.0:8000/analysis/3_emref_analysis/report.html in a web browser.
[2026-02-13 13:19:40,551 cli_traceback INFO] Running haddock3-traceback on ./
[2026-02-13 13:19:40,551 cli_traceback INFO] Reading input run directory
[2026-02-13 13:19:40,552 cli_traceback INFO] All_steps: 0_topoaa, 1_rigidbody, 2_flexref, 3_emref
[2026-02-13 13:19:40,552 cli_traceback INFO] Modules not to be analysed: 0_topoaa
[2026-02-13 13:19:40,552 cli_traceback INFO] Steps to trace back: 1_rigidbody, 2_flexref, 3_emref
[2026-02-13 13:19:40,552 cli_traceback INFO] Created directory: /mnt/Data/PopOS/Data_Ana/Wu/clawdPorjects/HADDOCK_test/results/run_Pos_GGGTTCCCACTACGCA-1_contig_1_1/traceback
[2026-02-13 13:19:40,552 cli_traceback INFO] Tracing back step 3_emref
[2026-02-13 13:19:40,554 cli_traceback INFO] Tracing back step 2_flexref
[2026-02-13 13:19:40,556 cli_traceback INFO] Tracing back step 1_rigidbody
[2026-02-13 13:19:40,560 cli_traceback INFO] Output dataframe traceback/traceback.tsv created with shape (20, 8)
[2026-02-13 13:19:40,587 clean_steps INFO] Cleaning output for '0_topoaa' using 20 cores.
[2026-02-13 13:19:40,722 libtimer INFO] cleaning output files took 0 seconds
[2026-02-13 13:19:40,722 clean_steps INFO] Cleaning output for '1_rigidbody' using 20 cores.
[2026-02-13 13:19:40,730 libtimer INFO] cleaning output files took 0 seconds
[2026-02-13 13:19:40,730 clean_steps INFO] Cleaning output for '2_flexref' using 20 cores.
[2026-02-13 13:19:40,738 libtimer INFO] cleaning output files took 0 seconds
[2026-02-13 13:19:40,738 clean_steps INFO] Cleaning output for '3_emref' using 20 cores.
[2026-02-13 13:19:40,747 libtimer INFO] cleaning output files took 0 seconds
[2026-02-13 13:19:40,747 cli INFO] This HADDOCK3 run took: 2 minutes and 9 seconds
[2026-02-13 13:19:40,747 greetings INFO] Your feedback matters in Haddock3! Share your experience and help us grow:
[2026-02-13 13:19:40,747 greetings INFO] GitHub issues: https://github.com/haddocking/haddock3/issues
[2026-02-13 13:19:40,747 greetings INFO] BioExcel feedback: https://www.bonvinlab.org/feedback
[2026-02-13 13:19:40,747 greetings INFO] BioExcel forum: https://ask.bioexcel.eu/c/haddock/6
[2026-02-13 13:19:40,747 cli INFO] Finished at 13/02/2026 13:19:40. Até logo! 再见! Tchau!
