[2026-02-13 12:51:53,460 cli INFO] 
##############################################
#                                            #
#                 HADDOCK3                   #
#                                            #
##############################################

!! Some of the HADDOCK3 components use CNS (Crystallographic and NMR System) which is free of use for non-profit applications. !!
!! For commercial use it is your own responsibility to have a proper license. !!
!! For details refer to the DISCLAIMER file in the HADDOCK3 repository. !!

Starting HADDOCK3 v2024.10.0b7 on 2026-02-13 12:51:00

Python 3.10.12 (main, Feb  4 2025, 14:57:36) [GCC 11.4.0]

[2026-02-13 12:51:57,271 libworkflow INFO] Reading instructions step 0_topoaa
[2026-02-13 12:51:57,271 libworkflow INFO] Reading instructions step 1_rigidbody
[2026-02-13 12:51:57,271 libworkflow INFO] Reading instructions step 2_flexref
[2026-02-13 12:51:57,271 libworkflow INFO] Reading instructions step 3_emref
[2026-02-13 12:51:57,285 base_cns_module INFO] Running [topoaa] module
[2026-02-13 12:51:57,285 __init__ INFO] [topoaa] Molecule 1: receptor_single_Pos_CCGGCTTTCCAATGCA-1_contig_1_1.pdb
[2026-02-13 12:51:57,287 __init__ INFO] [topoaa] Sanitizing molecule receptor_single_Pos_CCGGCTTTCCAATGCA-1_contig_1_1.pdb
[2026-02-13 12:51:57,295 __init__ INFO] [topoaa] Topology CNS input created
[2026-02-13 12:51:57,295 __init__ INFO] [topoaa] Molecule 2: ligand_single_Pos_CCGGCTTTCCAATGCA-1_contig_1_1.pdb
[2026-02-13 12:51:57,296 __init__ INFO] [topoaa] Sanitizing molecule ligand_single_Pos_CCGGCTTTCCAATGCA-1_contig_1_1.pdb
[2026-02-13 12:51:57,302 __init__ INFO] [topoaa] Topology CNS input created
[2026-02-13 12:51:57,302 __init__ INFO] [topoaa] Running CNS Jobs n=2
[2026-02-13 12:51:57,302 libutil INFO] Selected 2 cores to process 2 jobs, with 32 maximum available cores.
[2026-02-13 12:51:57,303 libparallel INFO] Using 2 cores
[2026-02-13 12:52:00,544 libparallel INFO] 2 tasks finished
[2026-02-13 12:52:00,544 __init__ INFO] [topoaa] CNS jobs have finished
[2026-02-13 12:52:00,548 base_cns_module INFO] Module [topoaa] finished.
[2026-02-13 12:52:00,548 __init__ INFO] [topoaa] took 3 seconds
[2026-02-13 12:52:00,903 base_cns_module INFO] Running [rigidbody] module
[2026-02-13 12:52:00,904 __init__ INFO] [rigidbody] crossdock=true
[2026-02-13 12:52:00,904 __init__ INFO] [rigidbody] Preparing jobs...
[2026-02-13 12:52:00,906 libutil INFO] Selected 20 cores to process 20 jobs, with 32 maximum available cores.
[2026-02-13 12:52:00,906 libparallel INFO] Using 20 cores
[2026-02-13 12:52:00,935 libparallel INFO] 20 tasks finished
[2026-02-13 12:52:00,936 __init__ INFO] [rigidbody] Preparation took 0.031802 seconds
[2026-02-13 12:52:00,937 __init__ INFO] [rigidbody] Running CNS Jobs n=20
[2026-02-13 12:52:00,937 libutil INFO] Selected 20 cores to process 20 jobs, with 32 maximum available cores.
[2026-02-13 12:52:00,938 libparallel INFO] Using 20 cores
[2026-02-13 12:52:11,729 libparallel INFO] 20 tasks finished
[2026-02-13 12:52:11,730 __init__ INFO] [rigidbody] CNS jobs have finished
[2026-02-13 12:52:11,756 base_cns_module INFO] Module [rigidbody] finished.
[2026-02-13 12:52:11,757 __init__ INFO] [rigidbody] took 11 seconds
[2026-02-13 12:52:12,146 base_cns_module INFO] Running [flexref] module
[2026-02-13 12:52:12,205 __init__ INFO] [flexref] Running CNS Jobs n=20
[2026-02-13 12:52:12,205 libutil INFO] Selected 20 cores to process 20 jobs, with 32 maximum available cores.
[2026-02-13 12:52:12,206 libparallel INFO] Using 20 cores
[2026-02-13 12:53:45,793 libparallel INFO] 20 tasks finished
[2026-02-13 12:53:45,794 __init__ INFO] [flexref] CNS jobs have finished
[2026-02-13 12:53:45,831 base_cns_module INFO] Module [flexref] finished.
[2026-02-13 12:53:45,831 __init__ INFO] [flexref] took 1 minute and 34 seconds
[2026-02-13 12:53:46,188 base_cns_module INFO] Running [emref] module
[2026-02-13 12:53:46,245 __init__ INFO] [emref] Running CNS Jobs n=20
[2026-02-13 12:53:46,245 libutil INFO] Selected 20 cores to process 20 jobs, with 32 maximum available cores.
[2026-02-13 12:53:46,246 libparallel INFO] Using 20 cores
[2026-02-13 12:53:53,959 libparallel INFO] 20 tasks finished
[2026-02-13 12:53:53,959 __init__ INFO] [emref] CNS jobs have finished
[2026-02-13 12:53:53,990 base_cns_module INFO] Module [emref] finished.
[2026-02-13 12:53:53,990 __init__ INFO] [emref] took 8 seconds
[2026-02-13 12:53:53,990 cli_analyse INFO] Running haddock3-analyse on ./, modules [], with top_cluster = 10
[2026-02-13 12:53:53,997 cli_analyse INFO] Created directory: /mnt/Data/PopOS/Data_Ana/Wu/clawdPorjects/HADDOCK_test/results/run_Pos_CCGGCTTTCCAATGCA-1_contig_1_1/analysis
[2026-02-13 12:53:53,997 cli_analyse INFO] Reading input run directory
[2026-02-13 12:53:53,997 cli_analyse INFO] selected steps: 0_topoaa, 1_rigidbody, 2_flexref, 3_emref
[2026-02-13 12:53:53,997 cli_analyse INFO] Analysing step 0_topoaa
[2026-02-13 12:53:53,998 cli_analyse WARNING] Could not execute the analysis for step 0_topoaa. The following error occurred 'dict' object has no attribute 'rel_path'
[2026-02-13 12:53:53,998 cli_analyse INFO] Analysing step 1_rigidbody
[2026-02-13 12:53:53,999 cli_unpack INFO] Unpacking '../1_rigidbody' folder
[2026-02-13 12:53:54,000 libtimer INFO] unpacking took 0 seconds
[2026-02-13 12:53:54,013 capri INFO] Found previous CNS step: 1_rigidbody
[2026-02-13 12:53:54,122 capri INFO] Saved scoring weights to: weights_params.json
[2026-02-13 12:53:54,122 __init__ INFO] [caprieval] No reference structure provided. Using the structure with the lowest score from previous step
[2026-02-13 12:53:54,208 libutil INFO] Selected 20 cores to process 20 jobs, with 32 maximum available cores.
[2026-02-13 12:53:54,209 libparallel INFO] Using 20 cores
[2026-02-13 12:53:54,718 libparallel INFO] 20 tasks finished
[2026-02-13 12:53:54,719 capri INFO] Rearranging cluster information into capri_clt.tsv
[2026-02-13 12:53:54,724 cli_clean INFO] Compressing '../1_rigidbody' folder
[2026-02-13 12:53:54,724 clean_steps INFO] Cleaning output for '../1_rigidbody' using 20 cores.
[2026-02-13 12:53:54,858 libtimer INFO] compressing took 0 seconds
[2026-02-13 12:53:54,859 cli_analyse INFO] CAPRI files identified
[2026-02-13 12:53:54,861 cli_analyse INFO] Plotting results..
[2026-02-13 12:53:56,089 cli_analyse INFO] Summary archive summary.tgz created!
[2026-02-13 12:53:56,089 cli_analyse INFO] Analysing step 2_flexref
[2026-02-13 12:53:56,091 cli_unpack INFO] Unpacking '../2_flexref' folder
[2026-02-13 12:53:56,092 libtimer INFO] unpacking took 0 seconds
[2026-02-13 12:53:56,105 capri INFO] Found previous CNS step: 2_flexref
[2026-02-13 12:53:56,343 capri INFO] Saved scoring weights to: weights_params.json
[2026-02-13 12:53:56,343 __init__ INFO] [caprieval] No reference structure provided. Using the structure with the lowest score from previous step
[2026-02-13 12:53:56,430 libutil INFO] Selected 20 cores to process 20 jobs, with 32 maximum available cores.
[2026-02-13 12:53:56,430 libparallel INFO] Using 20 cores
[2026-02-13 12:53:56,818 libparallel INFO] 20 tasks finished
[2026-02-13 12:53:56,819 capri INFO] Rearranging cluster information into capri_clt.tsv
[2026-02-13 12:53:56,828 cli_clean INFO] Compressing '../2_flexref' folder
[2026-02-13 12:53:56,829 clean_steps INFO] Cleaning output for '../2_flexref' using 20 cores.
[2026-02-13 12:53:56,959 libtimer INFO] compressing took 0 seconds
[2026-02-13 12:53:56,960 cli_analyse INFO] CAPRI files identified
[2026-02-13 12:53:56,962 cli_analyse INFO] Plotting results..
[2026-02-13 12:53:58,055 cli_analyse INFO] Summary archive summary.tgz created!
[2026-02-13 12:53:58,055 cli_analyse INFO] Analysing step 3_emref
[2026-02-13 12:53:58,057 cli_unpack INFO] Unpacking '../3_emref' folder
[2026-02-13 12:53:58,057 libtimer INFO] unpacking took 0 seconds
[2026-02-13 12:53:58,081 capri INFO] Found previous CNS step: 3_emref
[2026-02-13 12:53:58,185 capri INFO] Saved scoring weights to: weights_params.json
[2026-02-13 12:53:58,185 __init__ INFO] [caprieval] No reference structure provided. Using the structure with the lowest score from previous step
[2026-02-13 12:53:58,270 libutil INFO] Selected 20 cores to process 20 jobs, with 32 maximum available cores.
[2026-02-13 12:53:58,270 libparallel INFO] Using 20 cores
[2026-02-13 12:53:58,660 libparallel INFO] 20 tasks finished
[2026-02-13 12:53:58,661 capri INFO] Rearranging cluster information into capri_clt.tsv
[2026-02-13 12:53:58,666 cli_clean INFO] Compressing '../3_emref' folder
[2026-02-13 12:53:58,666 clean_steps INFO] Cleaning output for '../3_emref' using 20 cores.
[2026-02-13 12:53:58,791 libtimer INFO] compressing took 0 seconds
[2026-02-13 12:53:58,791 cli_analyse INFO] CAPRI files identified
[2026-02-13 12:53:58,793 cli_analyse INFO] Plotting results..
[2026-02-13 12:53:59,892 cli_analyse INFO] Summary archive summary.tgz created!
[2026-02-13 12:53:59,892 cli_analyse INFO] moving files to analysis folder
[2026-02-13 12:53:59,892 cli_analyse INFO] cancelling unsuccesful analysis folders
[2026-02-13 12:53:59,892 cli_analyse INFO] updating paths in analysis/1_rigidbody_analysis/capri_ss.tsv
[2026-02-13 12:53:59,892 cli_analyse INFO] View the results in analysis/1_rigidbody_analysis/report.html
[2026-02-13 12:53:59,892 cli_analyse INFO] To view structures or download the structure files, in a terminal run the command `python -m http.server --directory /mnt/Data/PopOS/Data_Ana/Wu/clawdPorjects/HADDOCK_test/results/run_Pos_CCGGCTTTCCAATGCA-1_contig_1_1`. By default, http server runs on `http://0.0.0.0:8000/`. Open the link http://0.0.0.0:8000/analysis/1_rigidbody_analysis/report.html in a web browser.
[2026-02-13 12:53:59,892 cli_analyse INFO] updating paths in analysis/2_flexref_analysis/capri_ss.tsv
[2026-02-13 12:53:59,893 cli_analyse INFO] View the results in analysis/2_flexref_analysis/report.html
[2026-02-13 12:53:59,893 cli_analyse INFO] To view structures or download the structure files, in a terminal run the command `python -m http.server --directory /mnt/Data/PopOS/Data_Ana/Wu/clawdPorjects/HADDOCK_test/results/run_Pos_CCGGCTTTCCAATGCA-1_contig_1_1`. By default, http server runs on `http://0.0.0.0:8000/`. Open the link http://0.0.0.0:8000/analysis/2_flexref_analysis/report.html in a web browser.
[2026-02-13 12:53:59,893 cli_analyse INFO] updating paths in analysis/3_emref_analysis/capri_ss.tsv
[2026-02-13 12:53:59,893 cli_analyse INFO] View the results in analysis/3_emref_analysis/report.html
[2026-02-13 12:53:59,893 cli_analyse INFO] To view structures or download the structure files, in a terminal run the command `python -m http.server --directory /mnt/Data/PopOS/Data_Ana/Wu/clawdPorjects/HADDOCK_test/results/run_Pos_CCGGCTTTCCAATGCA-1_contig_1_1`. By default, http server runs on `http://0.0.0.0:8000/`. Open the link http://0.0.0.0:8000/analysis/3_emref_analysis/report.html in a web browser.
[2026-02-13 12:53:59,893 cli_traceback INFO] Running haddock3-traceback on ./
[2026-02-13 12:53:59,893 cli_traceback INFO] Reading input run directory
[2026-02-13 12:53:59,893 cli_traceback INFO] All_steps: 0_topoaa, 1_rigidbody, 2_flexref, 3_emref
[2026-02-13 12:53:59,893 cli_traceback INFO] Modules not to be analysed: 0_topoaa
[2026-02-13 12:53:59,893 cli_traceback INFO] Steps to trace back: 1_rigidbody, 2_flexref, 3_emref
[2026-02-13 12:53:59,894 cli_traceback INFO] Created directory: /mnt/Data/PopOS/Data_Ana/Wu/clawdPorjects/HADDOCK_test/results/run_Pos_CCGGCTTTCCAATGCA-1_contig_1_1/traceback
[2026-02-13 12:53:59,894 cli_traceback INFO] Tracing back step 3_emref
[2026-02-13 12:53:59,896 cli_traceback INFO] Tracing back step 2_flexref
[2026-02-13 12:53:59,898 cli_traceback INFO] Tracing back step 1_rigidbody
[2026-02-13 12:53:59,902 cli_traceback INFO] Output dataframe traceback/traceback.tsv created with shape (20, 8)
[2026-02-13 12:53:59,930 clean_steps INFO] Cleaning output for '0_topoaa' using 20 cores.
[2026-02-13 12:54:00,062 libtimer INFO] cleaning output files took 0 seconds
[2026-02-13 12:54:00,062 clean_steps INFO] Cleaning output for '1_rigidbody' using 20 cores.
[2026-02-13 12:54:00,074 libtimer INFO] cleaning output files took 0 seconds
[2026-02-13 12:54:00,074 clean_steps INFO] Cleaning output for '2_flexref' using 20 cores.
[2026-02-13 12:54:00,083 libtimer INFO] cleaning output files took 0 seconds
[2026-02-13 12:54:00,083 clean_steps INFO] Cleaning output for '3_emref' using 20 cores.
[2026-02-13 12:54:00,091 libtimer INFO] cleaning output files took 0 seconds
[2026-02-13 12:54:00,091 cli INFO] This HADDOCK3 run took: 2 minutes and 7 seconds
[2026-02-13 12:54:00,091 greetings INFO] Your feedback matters in Haddock3! Share your experience and help us grow:
[2026-02-13 12:54:00,091 greetings INFO] GitHub issues: https://github.com/haddocking/haddock3/issues
[2026-02-13 12:54:00,091 greetings INFO] BioExcel feedback: https://www.bonvinlab.org/feedback
[2026-02-13 12:54:00,091 greetings INFO] BioExcel forum: https://ask.bioexcel.eu/c/haddock/6
[2026-02-13 12:54:00,092 cli INFO] Finished at 13/02/2026 12:54:00. Até logo! Au revoir! Agur!
