[2026-02-13 13:02:43,333 cli INFO] 
##############################################
#                                            #
#                 HADDOCK3                   #
#                                            #
##############################################

!! Some of the HADDOCK3 components use CNS (Crystallographic and NMR System) which is free of use for non-profit applications. !!
!! For commercial use it is your own responsibility to have a proper license. !!
!! For details refer to the DISCLAIMER file in the HADDOCK3 repository. !!

Starting HADDOCK3 v2024.10.0b7 on 2026-02-13 13:02:00

Python 3.10.12 (main, Feb  4 2025, 14:57:36) [GCC 11.4.0]

[2026-02-13 13:02:47,137 libworkflow INFO] Reading instructions step 0_topoaa
[2026-02-13 13:02:47,137 libworkflow INFO] Reading instructions step 1_rigidbody
[2026-02-13 13:02:47,137 libworkflow INFO] Reading instructions step 2_flexref
[2026-02-13 13:02:47,138 libworkflow INFO] Reading instructions step 3_emref
[2026-02-13 13:02:47,152 base_cns_module INFO] Running [topoaa] module
[2026-02-13 13:02:47,152 __init__ INFO] [topoaa] Molecule 1: receptor_single_Pos_CGCATCACAAATTTCG-1_contig_1_1.pdb
[2026-02-13 13:02:47,153 __init__ INFO] [topoaa] Sanitizing molecule receptor_single_Pos_CGCATCACAAATTTCG-1_contig_1_1.pdb
[2026-02-13 13:02:47,160 __init__ INFO] [topoaa] Topology CNS input created
[2026-02-13 13:02:47,160 __init__ INFO] [topoaa] Molecule 2: ligand_single_Pos_CGCATCACAAATTTCG-1_contig_1_1.pdb
[2026-02-13 13:02:47,161 __init__ INFO] [topoaa] Sanitizing molecule ligand_single_Pos_CGCATCACAAATTTCG-1_contig_1_1.pdb
[2026-02-13 13:02:47,167 __init__ INFO] [topoaa] Topology CNS input created
[2026-02-13 13:02:47,167 __init__ INFO] [topoaa] Running CNS Jobs n=2
[2026-02-13 13:02:47,167 libutil INFO] Selected 2 cores to process 2 jobs, with 32 maximum available cores.
[2026-02-13 13:02:47,168 libparallel INFO] Using 2 cores
[2026-02-13 13:02:50,413 libparallel INFO] 2 tasks finished
[2026-02-13 13:02:50,413 __init__ INFO] [topoaa] CNS jobs have finished
[2026-02-13 13:02:50,415 base_cns_module INFO] Module [topoaa] finished.
[2026-02-13 13:02:50,415 __init__ INFO] [topoaa] took 3 seconds
[2026-02-13 13:02:50,765 base_cns_module INFO] Running [rigidbody] module
[2026-02-13 13:02:50,765 __init__ INFO] [rigidbody] crossdock=true
[2026-02-13 13:02:50,765 __init__ INFO] [rigidbody] Preparing jobs...
[2026-02-13 13:02:50,767 libutil INFO] Selected 20 cores to process 20 jobs, with 32 maximum available cores.
[2026-02-13 13:02:50,767 libparallel INFO] Using 20 cores
[2026-02-13 13:02:50,794 libparallel INFO] 20 tasks finished
[2026-02-13 13:02:50,795 __init__ INFO] [rigidbody] Preparation took 0.029379 seconds
[2026-02-13 13:02:50,796 __init__ INFO] [rigidbody] Running CNS Jobs n=20
[2026-02-13 13:02:50,796 libutil INFO] Selected 20 cores to process 20 jobs, with 32 maximum available cores.
[2026-02-13 13:02:50,797 libparallel INFO] Using 20 cores
[2026-02-13 13:03:01,417 libparallel INFO] 20 tasks finished
[2026-02-13 13:03:01,417 __init__ INFO] [rigidbody] CNS jobs have finished
[2026-02-13 13:03:01,454 base_cns_module INFO] Module [rigidbody] finished.
[2026-02-13 13:03:01,454 __init__ INFO] [rigidbody] took 11 seconds
[2026-02-13 13:03:01,838 base_cns_module INFO] Running [flexref] module
[2026-02-13 13:03:01,896 __init__ INFO] [flexref] Running CNS Jobs n=20
[2026-02-13 13:03:01,896 libutil INFO] Selected 20 cores to process 20 jobs, with 32 maximum available cores.
[2026-02-13 13:03:01,896 libparallel INFO] Using 20 cores
[2026-02-13 13:04:37,002 libparallel INFO] 20 tasks finished
[2026-02-13 13:04:37,002 __init__ INFO] [flexref] CNS jobs have finished
[2026-02-13 13:04:37,033 base_cns_module INFO] Module [flexref] finished.
[2026-02-13 13:04:37,033 __init__ INFO] [flexref] took 1 minute and 35 seconds
[2026-02-13 13:04:37,384 base_cns_module INFO] Running [emref] module
[2026-02-13 13:04:37,441 __init__ INFO] [emref] Running CNS Jobs n=20
[2026-02-13 13:04:37,441 libutil INFO] Selected 20 cores to process 20 jobs, with 32 maximum available cores.
[2026-02-13 13:04:37,441 libparallel INFO] Using 20 cores
[2026-02-13 13:04:44,986 libparallel INFO] 20 tasks finished
[2026-02-13 13:04:44,986 __init__ INFO] [emref] CNS jobs have finished
[2026-02-13 13:04:45,020 base_cns_module INFO] Module [emref] finished.
[2026-02-13 13:04:45,020 __init__ INFO] [emref] took 8 seconds
[2026-02-13 13:04:45,020 cli_analyse INFO] Running haddock3-analyse on ./, modules [], with top_cluster = 10
[2026-02-13 13:04:45,027 cli_analyse INFO] Created directory: /mnt/Data/PopOS/Data_Ana/Wu/clawdPorjects/HADDOCK_test/results/run_Pos_CGCATCACAAATTTCG-1_contig_1_1/analysis
[2026-02-13 13:04:45,027 cli_analyse INFO] Reading input run directory
[2026-02-13 13:04:45,027 cli_analyse INFO] selected steps: 0_topoaa, 1_rigidbody, 2_flexref, 3_emref
[2026-02-13 13:04:45,027 cli_analyse INFO] Analysing step 0_topoaa
[2026-02-13 13:04:45,027 cli_analyse WARNING] Could not execute the analysis for step 0_topoaa. The following error occurred 'dict' object has no attribute 'rel_path'
[2026-02-13 13:04:45,027 cli_analyse INFO] Analysing step 1_rigidbody
[2026-02-13 13:04:45,029 cli_unpack INFO] Unpacking '../1_rigidbody' folder
[2026-02-13 13:04:45,029 libtimer INFO] unpacking took 0 seconds
[2026-02-13 13:04:45,042 capri INFO] Found previous CNS step: 1_rigidbody
[2026-02-13 13:04:45,150 capri INFO] Saved scoring weights to: weights_params.json
[2026-02-13 13:04:45,150 __init__ INFO] [caprieval] No reference structure provided. Using the structure with the lowest score from previous step
[2026-02-13 13:04:45,235 libutil INFO] Selected 20 cores to process 20 jobs, with 32 maximum available cores.
[2026-02-13 13:04:45,235 libparallel INFO] Using 20 cores
[2026-02-13 13:04:45,740 libparallel INFO] 20 tasks finished
[2026-02-13 13:04:45,741 capri INFO] Rearranging cluster information into capri_clt.tsv
[2026-02-13 13:04:45,745 cli_clean INFO] Compressing '../1_rigidbody' folder
[2026-02-13 13:04:45,745 clean_steps INFO] Cleaning output for '../1_rigidbody' using 20 cores.
[2026-02-13 13:04:45,874 libtimer INFO] compressing took 0 seconds
[2026-02-13 13:04:45,875 cli_analyse INFO] CAPRI files identified
[2026-02-13 13:04:45,878 cli_analyse INFO] Plotting results..
[2026-02-13 13:04:47,112 cli_analyse INFO] Summary archive summary.tgz created!
[2026-02-13 13:04:47,112 cli_analyse INFO] Analysing step 2_flexref
[2026-02-13 13:04:47,114 cli_unpack INFO] Unpacking '../2_flexref' folder
[2026-02-13 13:04:47,114 libtimer INFO] unpacking took 0 seconds
[2026-02-13 13:04:47,128 capri INFO] Found previous CNS step: 2_flexref
[2026-02-13 13:04:47,365 capri INFO] Saved scoring weights to: weights_params.json
[2026-02-13 13:04:47,365 __init__ INFO] [caprieval] No reference structure provided. Using the structure with the lowest score from previous step
[2026-02-13 13:04:47,453 libutil INFO] Selected 20 cores to process 20 jobs, with 32 maximum available cores.
[2026-02-13 13:04:47,453 libparallel INFO] Using 20 cores
[2026-02-13 13:04:47,831 libparallel INFO] 20 tasks finished
[2026-02-13 13:04:47,832 capri INFO] Rearranging cluster information into capri_clt.tsv
[2026-02-13 13:04:47,836 cli_clean INFO] Compressing '../2_flexref' folder
[2026-02-13 13:04:47,836 clean_steps INFO] Cleaning output for '../2_flexref' using 20 cores.
[2026-02-13 13:04:47,955 libtimer INFO] compressing took 0 seconds
[2026-02-13 13:04:47,955 cli_analyse INFO] CAPRI files identified
[2026-02-13 13:04:47,957 cli_analyse INFO] Plotting results..
[2026-02-13 13:04:49,067 cli_analyse INFO] Summary archive summary.tgz created!
[2026-02-13 13:04:49,067 cli_analyse INFO] Analysing step 3_emref
[2026-02-13 13:04:49,069 cli_unpack INFO] Unpacking '../3_emref' folder
[2026-02-13 13:04:49,070 libtimer INFO] unpacking took 0 seconds
[2026-02-13 13:04:49,084 capri INFO] Found previous CNS step: 3_emref
[2026-02-13 13:04:49,188 capri INFO] Saved scoring weights to: weights_params.json
[2026-02-13 13:04:49,188 __init__ INFO] [caprieval] No reference structure provided. Using the structure with the lowest score from previous step
[2026-02-13 13:04:49,274 libutil INFO] Selected 20 cores to process 20 jobs, with 32 maximum available cores.
[2026-02-13 13:04:49,275 libparallel INFO] Using 20 cores
[2026-02-13 13:04:49,676 libparallel INFO] 20 tasks finished
[2026-02-13 13:04:49,677 capri INFO] Rearranging cluster information into capri_clt.tsv
[2026-02-13 13:04:49,685 cli_clean INFO] Compressing '../3_emref' folder
[2026-02-13 13:04:49,685 clean_steps INFO] Cleaning output for '../3_emref' using 20 cores.
[2026-02-13 13:04:49,812 libtimer INFO] compressing took 0 seconds
[2026-02-13 13:04:49,812 cli_analyse INFO] CAPRI files identified
[2026-02-13 13:04:49,814 cli_analyse INFO] Plotting results..
[2026-02-13 13:04:50,939 cli_analyse INFO] Summary archive summary.tgz created!
[2026-02-13 13:04:50,939 cli_analyse INFO] moving files to analysis folder
[2026-02-13 13:04:50,940 cli_analyse INFO] cancelling unsuccesful analysis folders
[2026-02-13 13:04:50,940 cli_analyse INFO] updating paths in analysis/1_rigidbody_analysis/capri_ss.tsv
[2026-02-13 13:04:50,940 cli_analyse INFO] View the results in analysis/1_rigidbody_analysis/report.html
[2026-02-13 13:04:50,940 cli_analyse INFO] To view structures or download the structure files, in a terminal run the command `python -m http.server --directory /mnt/Data/PopOS/Data_Ana/Wu/clawdPorjects/HADDOCK_test/results/run_Pos_CGCATCACAAATTTCG-1_contig_1_1`. By default, http server runs on `http://0.0.0.0:8000/`. Open the link http://0.0.0.0:8000/analysis/1_rigidbody_analysis/report.html in a web browser.
[2026-02-13 13:04:50,940 cli_analyse INFO] updating paths in analysis/2_flexref_analysis/capri_ss.tsv
[2026-02-13 13:04:50,940 cli_analyse INFO] View the results in analysis/2_flexref_analysis/report.html
[2026-02-13 13:04:50,940 cli_analyse INFO] To view structures or download the structure files, in a terminal run the command `python -m http.server --directory /mnt/Data/PopOS/Data_Ana/Wu/clawdPorjects/HADDOCK_test/results/run_Pos_CGCATCACAAATTTCG-1_contig_1_1`. By default, http server runs on `http://0.0.0.0:8000/`. Open the link http://0.0.0.0:8000/analysis/2_flexref_analysis/report.html in a web browser.
[2026-02-13 13:04:50,940 cli_analyse INFO] updating paths in analysis/3_emref_analysis/capri_ss.tsv
[2026-02-13 13:04:50,940 cli_analyse INFO] View the results in analysis/3_emref_analysis/report.html
[2026-02-13 13:04:50,940 cli_analyse INFO] To view structures or download the structure files, in a terminal run the command `python -m http.server --directory /mnt/Data/PopOS/Data_Ana/Wu/clawdPorjects/HADDOCK_test/results/run_Pos_CGCATCACAAATTTCG-1_contig_1_1`. By default, http server runs on `http://0.0.0.0:8000/`. Open the link http://0.0.0.0:8000/analysis/3_emref_analysis/report.html in a web browser.
[2026-02-13 13:04:50,940 cli_traceback INFO] Running haddock3-traceback on ./
[2026-02-13 13:04:50,940 cli_traceback INFO] Reading input run directory
[2026-02-13 13:04:50,941 cli_traceback INFO] All_steps: 0_topoaa, 1_rigidbody, 2_flexref, 3_emref
[2026-02-13 13:04:50,941 cli_traceback INFO] Modules not to be analysed: 0_topoaa
[2026-02-13 13:04:50,941 cli_traceback INFO] Steps to trace back: 1_rigidbody, 2_flexref, 3_emref
[2026-02-13 13:04:50,941 cli_traceback INFO] Created directory: /mnt/Data/PopOS/Data_Ana/Wu/clawdPorjects/HADDOCK_test/results/run_Pos_CGCATCACAAATTTCG-1_contig_1_1/traceback
[2026-02-13 13:04:50,941 cli_traceback INFO] Tracing back step 3_emref
[2026-02-13 13:04:50,943 cli_traceback INFO] Tracing back step 2_flexref
[2026-02-13 13:04:50,945 cli_traceback INFO] Tracing back step 1_rigidbody
[2026-02-13 13:04:50,949 cli_traceback INFO] Output dataframe traceback/traceback.tsv created with shape (20, 8)
[2026-02-13 13:04:50,976 clean_steps INFO] Cleaning output for '0_topoaa' using 20 cores.
[2026-02-13 13:04:51,114 libtimer INFO] cleaning output files took 0 seconds
[2026-02-13 13:04:51,114 clean_steps INFO] Cleaning output for '1_rigidbody' using 20 cores.
[2026-02-13 13:04:51,123 libtimer INFO] cleaning output files took 0 seconds
[2026-02-13 13:04:51,123 clean_steps INFO] Cleaning output for '2_flexref' using 20 cores.
[2026-02-13 13:04:51,131 libtimer INFO] cleaning output files took 0 seconds
[2026-02-13 13:04:51,131 clean_steps INFO] Cleaning output for '3_emref' using 20 cores.
[2026-02-13 13:04:51,138 libtimer INFO] cleaning output files took 0 seconds
[2026-02-13 13:04:51,138 cli INFO] This HADDOCK3 run took: 2 minutes and 8 seconds
[2026-02-13 13:04:51,138 greetings INFO] Your feedback matters in Haddock3! Share your experience and help us grow:
[2026-02-13 13:04:51,138 greetings INFO] GitHub issues: https://github.com/haddocking/haddock3/issues
[2026-02-13 13:04:51,138 greetings INFO] BioExcel feedback: https://www.bonvinlab.org/feedback
[2026-02-13 13:04:51,138 greetings INFO] BioExcel forum: https://ask.bioexcel.eu/c/haddock/6
[2026-02-13 13:04:51,139 cli INFO] Finished at 13/02/2026 13:04:51. 再见! Tot ziens! Ciao!
