[2026-02-06 04:51:05,688 cli INFO] 
##############################################
#                                            #
#                 HADDOCK3                   #
#                                            #
##############################################

!! Some of the HADDOCK3 components use CNS (Crystallographic and NMR System) which is free of use for non-profit applications. !!
!! For commercial use it is your own responsibility to have a proper license. !!
!! For details refer to the DISCLAIMER file in the HADDOCK3 repository. !!

Starting HADDOCK3 v2024.10.0b7 on 2026-02-06 04:51:00

Python 3.10.12 (main, Feb  4 2025, 14:57:36) [GCC 11.4.0]

[2026-02-06 04:51:09,440 libworkflow INFO] Reading instructions step 0_topoaa
[2026-02-06 04:51:09,441 libworkflow INFO] Reading instructions step 1_rigidbody
[2026-02-06 04:51:09,441 libworkflow INFO] Reading instructions step 2_flexref
[2026-02-06 04:51:09,441 libworkflow INFO] Reading instructions step 3_emref
[2026-02-06 04:51:09,455 base_cns_module INFO] Running [topoaa] module
[2026-02-06 04:51:09,455 __init__ INFO] [topoaa] Molecule 1: receptor_single_9DO2_Epi.pdb
[2026-02-06 04:51:09,458 __init__ INFO] [topoaa] Sanitizing molecule receptor_single_9DO2_Epi.pdb
[2026-02-06 04:51:09,469 __init__ INFO] [topoaa] Topology CNS input created
[2026-02-06 04:51:09,469 __init__ INFO] [topoaa] Molecule 2: ligand_single_9DO2_Epi.pdb
[2026-02-06 04:51:09,470 __init__ INFO] [topoaa] Sanitizing molecule ligand_single_9DO2_Epi.pdb
[2026-02-06 04:51:09,473 __init__ INFO] [topoaa] Topology CNS input created
[2026-02-06 04:51:09,474 __init__ INFO] [topoaa] Running CNS Jobs n=2
[2026-02-06 04:51:09,474 libutil INFO] Selected 2 cores to process 2 jobs, with 32 maximum available cores.
[2026-02-06 04:51:09,475 libparallel INFO] Using 2 cores
[2026-02-06 04:51:16,711 libparallel INFO] 2 tasks finished
[2026-02-06 04:51:16,711 __init__ INFO] [topoaa] CNS jobs have finished
[2026-02-06 04:51:16,713 base_cns_module INFO] Module [topoaa] finished.
[2026-02-06 04:51:16,713 __init__ INFO] [topoaa] took 7 seconds
[2026-02-06 04:51:17,059 base_cns_module INFO] Running [rigidbody] module
[2026-02-06 04:51:17,060 __init__ INFO] [rigidbody] crossdock=true
[2026-02-06 04:51:17,060 __init__ INFO] [rigidbody] Preparing jobs...
[2026-02-06 04:51:17,065 libutil INFO] Selected 20 cores to process 20 jobs, with 32 maximum available cores.
[2026-02-06 04:51:17,066 libparallel INFO] Using 20 cores
[2026-02-06 04:51:17,092 libparallel INFO] 20 tasks finished
[2026-02-06 04:51:17,093 __init__ INFO] [rigidbody] Preparation took 0.032488 seconds
[2026-02-06 04:51:17,093 __init__ INFO] [rigidbody] Running CNS Jobs n=20
[2026-02-06 04:51:17,093 libutil INFO] Selected 20 cores to process 20 jobs, with 32 maximum available cores.
[2026-02-06 04:51:17,094 libparallel INFO] Using 20 cores
[2026-02-06 04:51:35,547 libparallel INFO] 20 tasks finished
[2026-02-06 04:51:35,547 __init__ INFO] [rigidbody] CNS jobs have finished
[2026-02-06 04:51:35,595 base_cns_module INFO] Module [rigidbody] finished.
[2026-02-06 04:51:35,595 __init__ INFO] [rigidbody] took 19 seconds
[2026-02-06 04:51:35,979 base_cns_module INFO] Running [flexref] module
[2026-02-06 04:51:36,061 __init__ INFO] [flexref] Running CNS Jobs n=20
[2026-02-06 04:51:36,062 libutil INFO] Selected 20 cores to process 20 jobs, with 32 maximum available cores.
[2026-02-06 04:51:36,062 libparallel INFO] Using 20 cores
[2026-02-06 04:54:14,367 libparallel INFO] 20 tasks finished
[2026-02-06 04:54:14,367 __init__ INFO] [flexref] CNS jobs have finished
[2026-02-06 04:54:14,410 base_cns_module INFO] Module [flexref] finished.
[2026-02-06 04:54:14,410 __init__ INFO] [flexref] took 2 minutes and 38 seconds
[2026-02-06 04:54:14,753 base_cns_module INFO] Running [emref] module
[2026-02-06 04:54:14,835 __init__ INFO] [emref] Running CNS Jobs n=20
[2026-02-06 04:54:14,835 libutil INFO] Selected 20 cores to process 20 jobs, with 32 maximum available cores.
[2026-02-06 04:54:14,836 libparallel INFO] Using 20 cores
[2026-02-06 04:54:26,337 libparallel INFO] 20 tasks finished
[2026-02-06 04:54:26,337 __init__ INFO] [emref] CNS jobs have finished
[2026-02-06 04:54:26,414 base_cns_module INFO] Module [emref] finished.
[2026-02-06 04:54:26,414 __init__ INFO] [emref] took 12 seconds
[2026-02-06 04:54:26,414 cli_analyse INFO] Running haddock3-analyse on ./, modules [], with top_cluster = 10
[2026-02-06 04:54:26,421 cli_analyse INFO] Created directory: /mnt/Data/PopOS/Data_Ana/Wu/clawdPorjects/HADDOCK_test/results/run_9DO2_Epi/analysis
[2026-02-06 04:54:26,422 cli_analyse INFO] Reading input run directory
[2026-02-06 04:54:26,422 cli_analyse INFO] selected steps: 0_topoaa, 1_rigidbody, 2_flexref, 3_emref
[2026-02-06 04:54:26,422 cli_analyse INFO] Analysing step 0_topoaa
[2026-02-06 04:54:26,422 cli_analyse WARNING] Could not execute the analysis for step 0_topoaa. The following error occurred 'dict' object has no attribute 'rel_path'
[2026-02-06 04:54:26,422 cli_analyse INFO] Analysing step 1_rigidbody
[2026-02-06 04:54:26,423 cli_unpack INFO] Unpacking '../1_rigidbody' folder
[2026-02-06 04:54:26,424 libtimer INFO] unpacking took 0 seconds
[2026-02-06 04:54:26,437 capri INFO] Found previous CNS step: 1_rigidbody
[2026-02-06 04:54:26,544 capri INFO] Saved scoring weights to: weights_params.json
[2026-02-06 04:54:26,544 __init__ INFO] [caprieval] No reference structure provided. Using the structure with the lowest score from previous step
[2026-02-06 04:54:26,679 libutil INFO] Selected 20 cores to process 20 jobs, with 32 maximum available cores.
[2026-02-06 04:54:26,679 libparallel INFO] Using 20 cores
[2026-02-06 04:54:27,405 libparallel INFO] 20 tasks finished
[2026-02-06 04:54:27,406 capri INFO] Rearranging cluster information into capri_clt.tsv
[2026-02-06 04:54:27,411 cli_clean INFO] Compressing '../1_rigidbody' folder
[2026-02-06 04:54:27,411 clean_steps INFO] Cleaning output for '../1_rigidbody' using 20 cores.
[2026-02-06 04:54:27,594 libtimer INFO] compressing took 0 seconds
[2026-02-06 04:54:27,595 cli_analyse INFO] CAPRI files identified
[2026-02-06 04:54:27,596 cli_analyse INFO] Plotting results..
[2026-02-06 04:54:29,150 cli_analyse INFO] Summary archive summary.tgz created!
[2026-02-06 04:54:29,150 cli_analyse INFO] Analysing step 2_flexref
[2026-02-06 04:54:29,152 cli_unpack INFO] Unpacking '../2_flexref' folder
[2026-02-06 04:54:29,152 libtimer INFO] unpacking took 0 seconds
[2026-02-06 04:54:29,166 capri INFO] Found previous CNS step: 2_flexref
[2026-02-06 04:54:29,403 capri INFO] Saved scoring weights to: weights_params.json
[2026-02-06 04:54:29,403 __init__ INFO] [caprieval] No reference structure provided. Using the structure with the lowest score from previous step
[2026-02-06 04:54:29,545 libutil INFO] Selected 20 cores to process 20 jobs, with 32 maximum available cores.
[2026-02-06 04:54:29,545 libparallel INFO] Using 20 cores
[2026-02-06 04:54:30,334 libparallel INFO] 20 tasks finished
[2026-02-06 04:54:30,335 capri INFO] Rearranging cluster information into capri_clt.tsv
[2026-02-06 04:54:30,342 cli_clean INFO] Compressing '../2_flexref' folder
[2026-02-06 04:54:30,342 clean_steps INFO] Cleaning output for '../2_flexref' using 20 cores.
[2026-02-06 04:54:30,518 libtimer INFO] compressing took 0 seconds
[2026-02-06 04:54:30,518 cli_analyse INFO] CAPRI files identified
[2026-02-06 04:54:30,519 cli_analyse INFO] Plotting results..
[2026-02-06 04:54:31,915 cli_analyse INFO] Summary archive summary.tgz created!
[2026-02-06 04:54:31,915 cli_analyse INFO] Analysing step 3_emref
[2026-02-06 04:54:31,918 cli_unpack INFO] Unpacking '../3_emref' folder
[2026-02-06 04:54:31,918 libtimer INFO] unpacking took 0 seconds
[2026-02-06 04:54:31,931 capri INFO] Found previous CNS step: 3_emref
[2026-02-06 04:54:32,032 capri INFO] Saved scoring weights to: weights_params.json
[2026-02-06 04:54:32,032 __init__ INFO] [caprieval] No reference structure provided. Using the structure with the lowest score from previous step
[2026-02-06 04:54:32,168 libutil INFO] Selected 20 cores to process 20 jobs, with 32 maximum available cores.
[2026-02-06 04:54:32,168 libparallel INFO] Using 20 cores
[2026-02-06 04:54:32,835 libparallel INFO] 20 tasks finished
[2026-02-06 04:54:32,836 capri INFO] Rearranging cluster information into capri_clt.tsv
[2026-02-06 04:54:32,843 cli_clean INFO] Compressing '../3_emref' folder
[2026-02-06 04:54:32,843 clean_steps INFO] Cleaning output for '../3_emref' using 20 cores.
[2026-02-06 04:54:33,015 libtimer INFO] compressing took 0 seconds
[2026-02-06 04:54:33,015 cli_analyse INFO] CAPRI files identified
[2026-02-06 04:54:33,018 cli_analyse INFO] Plotting results..
[2026-02-06 04:54:34,429 cli_analyse INFO] Summary archive summary.tgz created!
[2026-02-06 04:54:34,430 cli_analyse INFO] moving files to analysis folder
[2026-02-06 04:54:34,430 cli_analyse INFO] cancelling unsuccesful analysis folders
[2026-02-06 04:54:34,430 cli_analyse INFO] updating paths in analysis/1_rigidbody_analysis/capri_ss.tsv
[2026-02-06 04:54:34,430 cli_analyse INFO] View the results in analysis/1_rigidbody_analysis/report.html
[2026-02-06 04:54:34,430 cli_analyse INFO] To view structures or download the structure files, in a terminal run the command `python -m http.server --directory /mnt/Data/PopOS/Data_Ana/Wu/clawdPorjects/HADDOCK_test/results/run_9DO2_Epi`. By default, http server runs on `http://0.0.0.0:8000/`. Open the link http://0.0.0.0:8000/analysis/1_rigidbody_analysis/report.html in a web browser.
[2026-02-06 04:54:34,430 cli_analyse INFO] updating paths in analysis/2_flexref_analysis/capri_ss.tsv
[2026-02-06 04:54:34,430 cli_analyse INFO] View the results in analysis/2_flexref_analysis/report.html
[2026-02-06 04:54:34,430 cli_analyse INFO] To view structures or download the structure files, in a terminal run the command `python -m http.server --directory /mnt/Data/PopOS/Data_Ana/Wu/clawdPorjects/HADDOCK_test/results/run_9DO2_Epi`. By default, http server runs on `http://0.0.0.0:8000/`. Open the link http://0.0.0.0:8000/analysis/2_flexref_analysis/report.html in a web browser.
[2026-02-06 04:54:34,430 cli_analyse INFO] updating paths in analysis/3_emref_analysis/capri_ss.tsv
[2026-02-06 04:54:34,430 cli_analyse INFO] View the results in analysis/3_emref_analysis/report.html
[2026-02-06 04:54:34,430 cli_analyse INFO] To view structures or download the structure files, in a terminal run the command `python -m http.server --directory /mnt/Data/PopOS/Data_Ana/Wu/clawdPorjects/HADDOCK_test/results/run_9DO2_Epi`. By default, http server runs on `http://0.0.0.0:8000/`. Open the link http://0.0.0.0:8000/analysis/3_emref_analysis/report.html in a web browser.
[2026-02-06 04:54:34,431 cli_traceback INFO] Running haddock3-traceback on ./
[2026-02-06 04:54:34,431 cli_traceback INFO] Reading input run directory
[2026-02-06 04:54:34,431 cli_traceback INFO] All_steps: 0_topoaa, 1_rigidbody, 2_flexref, 3_emref
[2026-02-06 04:54:34,431 cli_traceback INFO] Modules not to be analysed: 0_topoaa
[2026-02-06 04:54:34,431 cli_traceback INFO] Steps to trace back: 1_rigidbody, 2_flexref, 3_emref
[2026-02-06 04:54:34,431 cli_traceback INFO] Created directory: /mnt/Data/PopOS/Data_Ana/Wu/clawdPorjects/HADDOCK_test/results/run_9DO2_Epi/traceback
[2026-02-06 04:54:34,431 cli_traceback INFO] Tracing back step 3_emref
[2026-02-06 04:54:34,433 cli_traceback INFO] Tracing back step 2_flexref
[2026-02-06 04:54:34,435 cli_traceback INFO] Tracing back step 1_rigidbody
[2026-02-06 04:54:34,439 cli_traceback INFO] Output dataframe traceback/traceback.tsv created with shape (20, 8)
[2026-02-06 04:54:34,466 clean_steps INFO] Cleaning output for '0_topoaa' using 20 cores.
[2026-02-06 04:54:34,664 libtimer INFO] cleaning output files took 0 seconds
[2026-02-06 04:54:34,664 clean_steps INFO] Cleaning output for '1_rigidbody' using 20 cores.
[2026-02-06 04:54:34,672 libtimer INFO] cleaning output files took 0 seconds
[2026-02-06 04:54:34,673 clean_steps INFO] Cleaning output for '2_flexref' using 20 cores.
[2026-02-06 04:54:34,680 libtimer INFO] cleaning output files took 0 seconds
[2026-02-06 04:54:34,680 clean_steps INFO] Cleaning output for '3_emref' using 20 cores.
[2026-02-06 04:54:34,688 libtimer INFO] cleaning output files took 0 seconds
[2026-02-06 04:54:34,688 cli INFO] This HADDOCK3 run took: 3 minutes and 29 seconds
[2026-02-06 04:54:34,688 greetings INFO] Your feedback matters in Haddock3! Share your experience and help us grow:
[2026-02-06 04:54:34,688 greetings INFO] GitHub issues: https://github.com/haddocking/haddock3/issues
[2026-02-06 04:54:34,688 greetings INFO] BioExcel feedback: https://www.bonvinlab.org/feedback
[2026-02-06 04:54:34,688 greetings INFO] BioExcel forum: https://ask.bioexcel.eu/c/haddock/6
[2026-02-06 04:54:34,688 cli INFO] Finished at 06/02/2026 04:54:34. Ciao! La revedere! Tchau!
