[2026-02-06 15:02:10,935 cli INFO] 
##############################################
#                                            #
#                 HADDOCK3                   #
#                                            #
##############################################

!! Some of the HADDOCK3 components use CNS (Crystallographic and NMR System) which is free of use for non-profit applications. !!
!! For commercial use it is your own responsibility to have a proper license. !!
!! For details refer to the DISCLAIMER file in the HADDOCK3 repository. !!

Starting HADDOCK3 v2024.10.0b7 on 2026-02-06 15:02:00

Python 3.10.12 (main, Feb  4 2025, 14:57:36) [GCC 11.4.0]

[2026-02-06 15:02:14,664 libworkflow INFO] Reading instructions step 0_topoaa
[2026-02-06 15:02:14,664 libworkflow INFO] Reading instructions step 1_rigidbody
[2026-02-06 15:02:14,665 libworkflow INFO] Reading instructions step 2_flexref
[2026-02-06 15:02:14,665 libworkflow INFO] Reading instructions step 3_emref
[2026-02-06 15:02:14,679 base_cns_module INFO] Running [topoaa] module
[2026-02-06 15:02:14,679 __init__ INFO] [topoaa] Molecule 1: receptor_single_refold_TG2001_Epi.pdb
[2026-02-06 15:02:14,682 __init__ INFO] [topoaa] Sanitizing molecule receptor_single_refold_TG2001_Epi.pdb
[2026-02-06 15:02:14,702 __init__ INFO] [topoaa] Topology CNS input created
[2026-02-06 15:02:14,702 __init__ INFO] [topoaa] Molecule 2: ligand_single_refold_TG2001_Epi.pdb
[2026-02-06 15:02:14,703 __init__ INFO] [topoaa] Sanitizing molecule ligand_single_refold_TG2001_Epi.pdb
[2026-02-06 15:02:14,706 __init__ INFO] [topoaa] Topology CNS input created
[2026-02-06 15:02:14,706 __init__ INFO] [topoaa] Running CNS Jobs n=2
[2026-02-06 15:02:14,706 libutil INFO] Selected 2 cores to process 2 jobs, with 32 maximum available cores.
[2026-02-06 15:02:14,707 libparallel INFO] Using 2 cores
[2026-02-06 15:02:34,883 libparallel INFO] 2 tasks finished
[2026-02-06 15:02:34,883 __init__ INFO] [topoaa] CNS jobs have finished
[2026-02-06 15:02:34,884 base_cns_module INFO] Module [topoaa] finished.
[2026-02-06 15:02:34,884 __init__ INFO] [topoaa] took 20 seconds
[2026-02-06 15:02:35,225 base_cns_module INFO] Running [rigidbody] module
[2026-02-06 15:02:35,225 __init__ INFO] [rigidbody] crossdock=true
[2026-02-06 15:02:35,225 __init__ INFO] [rigidbody] Preparing jobs...
[2026-02-06 15:02:35,230 libutil INFO] Selected 20 cores to process 20 jobs, with 32 maximum available cores.
[2026-02-06 15:02:35,230 libparallel INFO] Using 20 cores
[2026-02-06 15:02:35,258 libparallel INFO] 20 tasks finished
[2026-02-06 15:02:35,259 __init__ INFO] [rigidbody] Preparation took 0.033232 seconds
[2026-02-06 15:02:35,259 __init__ INFO] [rigidbody] Running CNS Jobs n=20
[2026-02-06 15:02:35,259 libutil INFO] Selected 20 cores to process 20 jobs, with 32 maximum available cores.
[2026-02-06 15:02:35,260 libparallel INFO] Using 20 cores
[2026-02-06 15:03:09,338 libparallel INFO] 20 tasks finished
[2026-02-06 15:03:09,338 __init__ INFO] [rigidbody] CNS jobs have finished
[2026-02-06 15:03:09,407 base_cns_module INFO] Module [rigidbody] finished.
[2026-02-06 15:03:09,407 __init__ INFO] [rigidbody] took 34 seconds
[2026-02-06 15:03:09,786 base_cns_module INFO] Running [flexref] module
[2026-02-06 15:03:09,906 __init__ INFO] [flexref] Running CNS Jobs n=20
[2026-02-06 15:03:09,906 libutil INFO] Selected 20 cores to process 20 jobs, with 32 maximum available cores.
[2026-02-06 15:03:09,906 libparallel INFO] Using 20 cores
[2026-02-06 15:07:34,051 libparallel INFO] 20 tasks finished
[2026-02-06 15:07:34,051 __init__ INFO] [flexref] CNS jobs have finished
[2026-02-06 15:07:34,167 base_cns_module INFO] Module [flexref] finished.
[2026-02-06 15:07:34,167 __init__ INFO] [flexref] took 4 minutes and 24 seconds
[2026-02-06 15:07:34,507 base_cns_module INFO] Running [emref] module
[2026-02-06 15:07:34,626 __init__ INFO] [emref] Running CNS Jobs n=20
[2026-02-06 15:07:34,626 libutil INFO] Selected 20 cores to process 20 jobs, with 32 maximum available cores.
[2026-02-06 15:07:34,626 libparallel INFO] Using 20 cores
[2026-02-06 15:07:53,095 libparallel INFO] 20 tasks finished
[2026-02-06 15:07:53,095 __init__ INFO] [emref] CNS jobs have finished
[2026-02-06 15:07:53,152 base_cns_module INFO] Module [emref] finished.
[2026-02-06 15:07:53,152 __init__ INFO] [emref] took 19 seconds
[2026-02-06 15:07:53,152 cli_analyse INFO] Running haddock3-analyse on ./, modules [], with top_cluster = 10
[2026-02-06 15:07:53,159 cli_analyse INFO] Created directory: /mnt/Data/PopOS/Data_Ana/Wu/clawdPorjects/HADDOCK_test/results/run_refold_TG2001_Epi/analysis
[2026-02-06 15:07:53,159 cli_analyse INFO] Reading input run directory
[2026-02-06 15:07:53,159 cli_analyse INFO] selected steps: 0_topoaa, 1_rigidbody, 2_flexref, 3_emref
[2026-02-06 15:07:53,159 cli_analyse INFO] Analysing step 0_topoaa
[2026-02-06 15:07:53,160 cli_analyse WARNING] Could not execute the analysis for step 0_topoaa. The following error occurred 'dict' object has no attribute 'rel_path'
[2026-02-06 15:07:53,160 cli_analyse INFO] Analysing step 1_rigidbody
[2026-02-06 15:07:53,161 cli_unpack INFO] Unpacking '../1_rigidbody' folder
[2026-02-06 15:07:53,161 libtimer INFO] unpacking took 0 seconds
[2026-02-06 15:07:53,174 capri INFO] Found previous CNS step: 1_rigidbody
[2026-02-06 15:07:53,281 capri INFO] Saved scoring weights to: weights_params.json
[2026-02-06 15:07:53,281 __init__ INFO] [caprieval] No reference structure provided. Using the structure with the lowest score from previous step
[2026-02-06 15:07:53,476 libutil INFO] Selected 20 cores to process 20 jobs, with 32 maximum available cores.
[2026-02-06 15:07:53,476 libparallel INFO] Using 20 cores
[2026-02-06 15:07:54,500 libparallel INFO] 20 tasks finished
[2026-02-06 15:07:54,501 capri INFO] Rearranging cluster information into capri_clt.tsv
[2026-02-06 15:07:54,506 cli_clean INFO] Compressing '../1_rigidbody' folder
[2026-02-06 15:07:54,506 clean_steps INFO] Cleaning output for '../1_rigidbody' using 20 cores.
[2026-02-06 15:07:54,737 libtimer INFO] compressing took 0 seconds
[2026-02-06 15:07:54,737 cli_analyse INFO] CAPRI files identified
[2026-02-06 15:07:54,739 cli_analyse INFO] Plotting results..
[2026-02-06 15:07:56,632 cli_analyse INFO] Summary archive summary.tgz created!
[2026-02-06 15:07:56,632 cli_analyse INFO] Analysing step 2_flexref
[2026-02-06 15:07:56,634 cli_unpack INFO] Unpacking '../2_flexref' folder
[2026-02-06 15:07:56,634 libtimer INFO] unpacking took 0 seconds
[2026-02-06 15:07:56,648 capri INFO] Found previous CNS step: 2_flexref
[2026-02-06 15:07:56,883 capri INFO] Saved scoring weights to: weights_params.json
[2026-02-06 15:07:56,883 __init__ INFO] [caprieval] No reference structure provided. Using the structure with the lowest score from previous step
[2026-02-06 15:07:57,088 libutil INFO] Selected 20 cores to process 20 jobs, with 32 maximum available cores.
[2026-02-06 15:07:57,088 libparallel INFO] Using 20 cores
[2026-02-06 15:07:58,024 libparallel INFO] 20 tasks finished
[2026-02-06 15:07:58,024 capri INFO] Rearranging cluster information into capri_clt.tsv
[2026-02-06 15:07:58,029 cli_clean INFO] Compressing '../2_flexref' folder
[2026-02-06 15:07:58,029 clean_steps INFO] Cleaning output for '../2_flexref' using 20 cores.
[2026-02-06 15:07:58,249 libtimer INFO] compressing took 0 seconds
[2026-02-06 15:07:58,250 cli_analyse INFO] CAPRI files identified
[2026-02-06 15:07:58,251 cli_analyse INFO] Plotting results..
[2026-02-06 15:08:00,197 cli_analyse INFO] Summary archive summary.tgz created!
[2026-02-06 15:08:00,197 cli_analyse INFO] Analysing step 3_emref
[2026-02-06 15:08:00,199 cli_unpack INFO] Unpacking '../3_emref' folder
[2026-02-06 15:08:00,199 libtimer INFO] unpacking took 0 seconds
[2026-02-06 15:08:00,213 capri INFO] Found previous CNS step: 3_emref
[2026-02-06 15:08:00,313 capri INFO] Saved scoring weights to: weights_params.json
[2026-02-06 15:08:00,313 __init__ INFO] [caprieval] No reference structure provided. Using the structure with the lowest score from previous step
[2026-02-06 15:08:00,509 libutil INFO] Selected 20 cores to process 20 jobs, with 32 maximum available cores.
[2026-02-06 15:08:00,509 libparallel INFO] Using 20 cores
[2026-02-06 15:08:01,488 libparallel INFO] 20 tasks finished
[2026-02-06 15:08:01,489 capri INFO] Rearranging cluster information into capri_clt.tsv
[2026-02-06 15:08:01,494 cli_clean INFO] Compressing '../3_emref' folder
[2026-02-06 15:08:01,494 clean_steps INFO] Cleaning output for '../3_emref' using 20 cores.
[2026-02-06 15:08:01,721 libtimer INFO] compressing took 0 seconds
[2026-02-06 15:08:01,722 cli_analyse INFO] CAPRI files identified
[2026-02-06 15:08:01,723 cli_analyse INFO] Plotting results..
[2026-02-06 15:08:03,615 cli_analyse INFO] Summary archive summary.tgz created!
[2026-02-06 15:08:03,616 cli_analyse INFO] moving files to analysis folder
[2026-02-06 15:08:03,616 cli_analyse INFO] cancelling unsuccesful analysis folders
[2026-02-06 15:08:03,616 cli_analyse INFO] updating paths in analysis/1_rigidbody_analysis/capri_ss.tsv
[2026-02-06 15:08:03,616 cli_analyse INFO] View the results in analysis/1_rigidbody_analysis/report.html
[2026-02-06 15:08:03,616 cli_analyse INFO] To view structures or download the structure files, in a terminal run the command `python -m http.server --directory /mnt/Data/PopOS/Data_Ana/Wu/clawdPorjects/HADDOCK_test/results/run_refold_TG2001_Epi`. By default, http server runs on `http://0.0.0.0:8000/`. Open the link http://0.0.0.0:8000/analysis/1_rigidbody_analysis/report.html in a web browser.
[2026-02-06 15:08:03,616 cli_analyse INFO] updating paths in analysis/2_flexref_analysis/capri_ss.tsv
[2026-02-06 15:08:03,616 cli_analyse INFO] View the results in analysis/2_flexref_analysis/report.html
[2026-02-06 15:08:03,616 cli_analyse INFO] To view structures or download the structure files, in a terminal run the command `python -m http.server --directory /mnt/Data/PopOS/Data_Ana/Wu/clawdPorjects/HADDOCK_test/results/run_refold_TG2001_Epi`. By default, http server runs on `http://0.0.0.0:8000/`. Open the link http://0.0.0.0:8000/analysis/2_flexref_analysis/report.html in a web browser.
[2026-02-06 15:08:03,616 cli_analyse INFO] updating paths in analysis/3_emref_analysis/capri_ss.tsv
[2026-02-06 15:08:03,617 cli_analyse INFO] View the results in analysis/3_emref_analysis/report.html
[2026-02-06 15:08:03,617 cli_analyse INFO] To view structures or download the structure files, in a terminal run the command `python -m http.server --directory /mnt/Data/PopOS/Data_Ana/Wu/clawdPorjects/HADDOCK_test/results/run_refold_TG2001_Epi`. By default, http server runs on `http://0.0.0.0:8000/`. Open the link http://0.0.0.0:8000/analysis/3_emref_analysis/report.html in a web browser.
[2026-02-06 15:08:03,617 cli_traceback INFO] Running haddock3-traceback on ./
[2026-02-06 15:08:03,617 cli_traceback INFO] Reading input run directory
[2026-02-06 15:08:03,617 cli_traceback INFO] All_steps: 0_topoaa, 1_rigidbody, 2_flexref, 3_emref
[2026-02-06 15:08:03,617 cli_traceback INFO] Modules not to be analysed: 0_topoaa
[2026-02-06 15:08:03,617 cli_traceback INFO] Steps to trace back: 1_rigidbody, 2_flexref, 3_emref
[2026-02-06 15:08:03,617 cli_traceback INFO] Created directory: /mnt/Data/PopOS/Data_Ana/Wu/clawdPorjects/HADDOCK_test/results/run_refold_TG2001_Epi/traceback
[2026-02-06 15:08:03,617 cli_traceback INFO] Tracing back step 3_emref
[2026-02-06 15:08:03,619 cli_traceback INFO] Tracing back step 2_flexref
[2026-02-06 15:08:03,621 cli_traceback INFO] Tracing back step 1_rigidbody
[2026-02-06 15:08:03,625 cli_traceback INFO] Output dataframe traceback/traceback.tsv created with shape (20, 8)
[2026-02-06 15:08:03,653 clean_steps INFO] Cleaning output for '0_topoaa' using 20 cores.
[2026-02-06 15:08:03,958 libtimer INFO] cleaning output files took 0 seconds
[2026-02-06 15:08:03,958 clean_steps INFO] Cleaning output for '1_rigidbody' using 20 cores.
[2026-02-06 15:08:03,967 libtimer INFO] cleaning output files took 0 seconds
[2026-02-06 15:08:03,967 clean_steps INFO] Cleaning output for '2_flexref' using 20 cores.
[2026-02-06 15:08:03,975 libtimer INFO] cleaning output files took 0 seconds
[2026-02-06 15:08:03,975 clean_steps INFO] Cleaning output for '3_emref' using 20 cores.
[2026-02-06 15:08:03,988 libtimer INFO] cleaning output files took 0 seconds
[2026-02-06 15:08:03,988 cli INFO] This HADDOCK3 run took: 5 minutes and 53 seconds
[2026-02-06 15:08:03,988 greetings INFO] Your feedback matters in Haddock3! Share your experience and help us grow:
[2026-02-06 15:08:03,988 greetings INFO] GitHub issues: https://github.com/haddocking/haddock3/issues
[2026-02-06 15:08:03,988 greetings INFO] BioExcel feedback: https://www.bonvinlab.org/feedback
[2026-02-06 15:08:03,988 greetings INFO] BioExcel forum: https://ask.bioexcel.eu/c/haddock/6
[2026-02-06 15:08:03,988 cli INFO] Finished at 06/02/2026 15:08:03. Dovidenia! Até logo! Adéu-siau!
