[2026-02-06 07:11:50,826 cli INFO] 
##############################################
#                                            #
#                 HADDOCK3                   #
#                                            #
##############################################

!! Some of the HADDOCK3 components use CNS (Crystallographic and NMR System) which is free of use for non-profit applications. !!
!! For commercial use it is your own responsibility to have a proper license. !!
!! For details refer to the DISCLAIMER file in the HADDOCK3 repository. !!

Starting HADDOCK3 v2024.10.0b7 on 2026-02-06 07:11:00

Python 3.10.12 (main, Feb  4 2025, 14:57:36) [GCC 11.4.0]

[2026-02-06 07:11:54,432 libworkflow INFO] Reading instructions step 0_topoaa
[2026-02-06 07:11:54,432 libworkflow INFO] Reading instructions step 1_rigidbody
[2026-02-06 07:11:54,433 libworkflow INFO] Reading instructions step 2_flexref
[2026-02-06 07:11:54,433 libworkflow INFO] Reading instructions step 3_emref
[2026-02-06 07:11:54,446 base_cns_module INFO] Running [topoaa] module
[2026-02-06 07:11:54,447 __init__ INFO] [topoaa] Molecule 1: receptor_single_TG0032_Epi.pdb
[2026-02-06 07:11:54,450 __init__ INFO] [topoaa] Sanitizing molecule receptor_single_TG0032_Epi.pdb
[2026-02-06 07:11:54,469 __init__ INFO] [topoaa] Topology CNS input created
[2026-02-06 07:11:54,469 __init__ INFO] [topoaa] Molecule 2: ligand_single_TG0032_Epi.pdb
[2026-02-06 07:11:54,469 __init__ INFO] [topoaa] Sanitizing molecule ligand_single_TG0032_Epi.pdb
[2026-02-06 07:11:54,472 __init__ INFO] [topoaa] Topology CNS input created
[2026-02-06 07:11:54,472 __init__ INFO] [topoaa] Running CNS Jobs n=2
[2026-02-06 07:11:54,473 libutil INFO] Selected 2 cores to process 2 jobs, with 32 maximum available cores.
[2026-02-06 07:11:54,474 libparallel INFO] Using 2 cores
[2026-02-06 07:12:14,783 libparallel INFO] 2 tasks finished
[2026-02-06 07:12:14,783 __init__ INFO] [topoaa] CNS jobs have finished
[2026-02-06 07:12:14,785 base_cns_module INFO] Module [topoaa] finished.
[2026-02-06 07:12:14,785 __init__ INFO] [topoaa] took 20 seconds
[2026-02-06 07:12:15,122 base_cns_module INFO] Running [rigidbody] module
[2026-02-06 07:12:15,123 __init__ INFO] [rigidbody] crossdock=true
[2026-02-06 07:12:15,123 __init__ INFO] [rigidbody] Preparing jobs...
[2026-02-06 07:12:15,127 libutil INFO] Selected 20 cores to process 20 jobs, with 32 maximum available cores.
[2026-02-06 07:12:15,128 libparallel INFO] Using 20 cores
[2026-02-06 07:12:15,156 libparallel INFO] 20 tasks finished
[2026-02-06 07:12:15,157 __init__ INFO] [rigidbody] Preparation took 0.033562 seconds
[2026-02-06 07:12:15,158 __init__ INFO] [rigidbody] Running CNS Jobs n=20
[2026-02-06 07:12:15,158 libutil INFO] Selected 20 cores to process 20 jobs, with 32 maximum available cores.
[2026-02-06 07:12:15,159 libparallel INFO] Using 20 cores
[2026-02-06 07:12:47,035 libparallel INFO] 20 tasks finished
[2026-02-06 07:12:47,035 __init__ INFO] [rigidbody] CNS jobs have finished
[2026-02-06 07:12:47,097 base_cns_module INFO] Module [rigidbody] finished.
[2026-02-06 07:12:47,097 __init__ INFO] [rigidbody] took 32 seconds
[2026-02-06 07:12:47,468 base_cns_module INFO] Running [flexref] module
[2026-02-06 07:12:47,590 __init__ INFO] [flexref] Running CNS Jobs n=20
[2026-02-06 07:12:47,590 libutil INFO] Selected 20 cores to process 20 jobs, with 32 maximum available cores.
[2026-02-06 07:12:47,590 libparallel INFO] Using 20 cores
[2026-02-06 07:17:21,072 libparallel INFO] 20 tasks finished
[2026-02-06 07:17:21,072 __init__ INFO] [flexref] CNS jobs have finished
[2026-02-06 07:17:21,128 base_cns_module INFO] Module [flexref] finished.
[2026-02-06 07:17:21,129 __init__ INFO] [flexref] took 4 minutes and 34 seconds
[2026-02-06 07:17:21,460 base_cns_module INFO] Running [emref] module
[2026-02-06 07:17:21,579 __init__ INFO] [emref] Running CNS Jobs n=20
[2026-02-06 07:17:21,580 libutil INFO] Selected 20 cores to process 20 jobs, with 32 maximum available cores.
[2026-02-06 07:17:21,580 libparallel INFO] Using 20 cores
[2026-02-06 07:17:40,503 libparallel INFO] 20 tasks finished
[2026-02-06 07:17:40,503 __init__ INFO] [emref] CNS jobs have finished
[2026-02-06 07:17:40,568 base_cns_module INFO] Module [emref] finished.
[2026-02-06 07:17:40,568 __init__ INFO] [emref] took 19 seconds
[2026-02-06 07:17:40,568 cli_analyse INFO] Running haddock3-analyse on ./, modules [], with top_cluster = 10
[2026-02-06 07:17:40,575 cli_analyse INFO] Created directory: /mnt/Data/PopOS/Data_Ana/Wu/clawdPorjects/HADDOCK_test/results/run_TG0032_Epi/analysis
[2026-02-06 07:17:40,575 cli_analyse INFO] Reading input run directory
[2026-02-06 07:17:40,575 cli_analyse INFO] selected steps: 0_topoaa, 1_rigidbody, 2_flexref, 3_emref
[2026-02-06 07:17:40,575 cli_analyse INFO] Analysing step 0_topoaa
[2026-02-06 07:17:40,576 cli_analyse WARNING] Could not execute the analysis for step 0_topoaa. The following error occurred 'dict' object has no attribute 'rel_path'
[2026-02-06 07:17:40,576 cli_analyse INFO] Analysing step 1_rigidbody
[2026-02-06 07:17:40,577 cli_unpack INFO] Unpacking '../1_rigidbody' folder
[2026-02-06 07:17:40,578 libtimer INFO] unpacking took 0 seconds
[2026-02-06 07:17:40,591 capri INFO] Found previous CNS step: 1_rigidbody
[2026-02-06 07:17:40,699 capri INFO] Saved scoring weights to: weights_params.json
[2026-02-06 07:17:40,699 __init__ INFO] [caprieval] No reference structure provided. Using the structure with the lowest score from previous step
[2026-02-06 07:17:40,896 libutil INFO] Selected 20 cores to process 20 jobs, with 32 maximum available cores.
[2026-02-06 07:17:40,896 libparallel INFO] Using 20 cores
[2026-02-06 07:17:41,919 libparallel INFO] 20 tasks finished
[2026-02-06 07:17:41,921 capri INFO] Rearranging cluster information into capri_clt.tsv
[2026-02-06 07:17:41,926 cli_clean INFO] Compressing '../1_rigidbody' folder
[2026-02-06 07:17:41,926 clean_steps INFO] Cleaning output for '../1_rigidbody' using 20 cores.
[2026-02-06 07:17:42,150 libtimer INFO] compressing took 0 seconds
[2026-02-06 07:17:42,150 cli_analyse INFO] CAPRI files identified
[2026-02-06 07:17:42,152 cli_analyse INFO] Plotting results..
[2026-02-06 07:17:44,045 cli_analyse INFO] Summary archive summary.tgz created!
[2026-02-06 07:17:44,045 cli_analyse INFO] Analysing step 2_flexref
[2026-02-06 07:17:44,047 cli_unpack INFO] Unpacking '../2_flexref' folder
[2026-02-06 07:17:44,048 libtimer INFO] unpacking took 0 seconds
[2026-02-06 07:17:44,061 capri INFO] Found previous CNS step: 2_flexref
[2026-02-06 07:17:44,299 capri INFO] Saved scoring weights to: weights_params.json
[2026-02-06 07:17:44,299 __init__ INFO] [caprieval] No reference structure provided. Using the structure with the lowest score from previous step
[2026-02-06 07:17:44,501 libutil INFO] Selected 20 cores to process 20 jobs, with 32 maximum available cores.
[2026-02-06 07:17:44,502 libparallel INFO] Using 20 cores
[2026-02-06 07:17:45,696 libparallel INFO] 20 tasks finished
[2026-02-06 07:17:45,697 capri INFO] Rearranging cluster information into capri_clt.tsv
[2026-02-06 07:17:45,702 cli_clean INFO] Compressing '../2_flexref' folder
[2026-02-06 07:17:45,702 clean_steps INFO] Cleaning output for '../2_flexref' using 20 cores.
[2026-02-06 07:17:45,926 libtimer INFO] compressing took 0 seconds
[2026-02-06 07:17:45,926 cli_analyse INFO] CAPRI files identified
[2026-02-06 07:17:45,928 cli_analyse INFO] Plotting results..
[2026-02-06 07:17:47,799 cli_analyse INFO] Summary archive summary.tgz created!
[2026-02-06 07:17:47,799 cli_analyse INFO] Analysing step 3_emref
[2026-02-06 07:17:47,801 cli_unpack INFO] Unpacking '../3_emref' folder
[2026-02-06 07:17:47,801 libtimer INFO] unpacking took 0 seconds
[2026-02-06 07:17:47,814 capri INFO] Found previous CNS step: 3_emref
[2026-02-06 07:17:47,916 capri INFO] Saved scoring weights to: weights_params.json
[2026-02-06 07:17:47,916 __init__ INFO] [caprieval] No reference structure provided. Using the structure with the lowest score from previous step
[2026-02-06 07:17:48,113 libutil INFO] Selected 20 cores to process 20 jobs, with 32 maximum available cores.
[2026-02-06 07:17:48,113 libparallel INFO] Using 20 cores
[2026-02-06 07:17:49,103 libparallel INFO] 20 tasks finished
[2026-02-06 07:17:49,103 capri INFO] Rearranging cluster information into capri_clt.tsv
[2026-02-06 07:17:49,108 cli_clean INFO] Compressing '../3_emref' folder
[2026-02-06 07:17:49,108 clean_steps INFO] Cleaning output for '../3_emref' using 20 cores.
[2026-02-06 07:17:49,333 libtimer INFO] compressing took 0 seconds
[2026-02-06 07:17:49,334 cli_analyse INFO] CAPRI files identified
[2026-02-06 07:17:49,336 cli_analyse INFO] Plotting results..
[2026-02-06 07:17:51,137 cli_analyse INFO] Summary archive summary.tgz created!
[2026-02-06 07:17:51,137 cli_analyse INFO] moving files to analysis folder
[2026-02-06 07:17:51,137 cli_analyse INFO] cancelling unsuccesful analysis folders
[2026-02-06 07:17:51,137 cli_analyse INFO] updating paths in analysis/1_rigidbody_analysis/capri_ss.tsv
[2026-02-06 07:17:51,138 cli_analyse INFO] View the results in analysis/1_rigidbody_analysis/report.html
[2026-02-06 07:17:51,138 cli_analyse INFO] To view structures or download the structure files, in a terminal run the command `python -m http.server --directory /mnt/Data/PopOS/Data_Ana/Wu/clawdPorjects/HADDOCK_test/results/run_TG0032_Epi`. By default, http server runs on `http://0.0.0.0:8000/`. Open the link http://0.0.0.0:8000/analysis/1_rigidbody_analysis/report.html in a web browser.
[2026-02-06 07:17:51,138 cli_analyse INFO] updating paths in analysis/2_flexref_analysis/capri_ss.tsv
[2026-02-06 07:17:51,138 cli_analyse INFO] View the results in analysis/2_flexref_analysis/report.html
[2026-02-06 07:17:51,138 cli_analyse INFO] To view structures or download the structure files, in a terminal run the command `python -m http.server --directory /mnt/Data/PopOS/Data_Ana/Wu/clawdPorjects/HADDOCK_test/results/run_TG0032_Epi`. By default, http server runs on `http://0.0.0.0:8000/`. Open the link http://0.0.0.0:8000/analysis/2_flexref_analysis/report.html in a web browser.
[2026-02-06 07:17:51,138 cli_analyse INFO] updating paths in analysis/3_emref_analysis/capri_ss.tsv
[2026-02-06 07:17:51,138 cli_analyse INFO] View the results in analysis/3_emref_analysis/report.html
[2026-02-06 07:17:51,138 cli_analyse INFO] To view structures or download the structure files, in a terminal run the command `python -m http.server --directory /mnt/Data/PopOS/Data_Ana/Wu/clawdPorjects/HADDOCK_test/results/run_TG0032_Epi`. By default, http server runs on `http://0.0.0.0:8000/`. Open the link http://0.0.0.0:8000/analysis/3_emref_analysis/report.html in a web browser.
[2026-02-06 07:17:51,138 cli_traceback INFO] Running haddock3-traceback on ./
[2026-02-06 07:17:51,138 cli_traceback INFO] Reading input run directory
[2026-02-06 07:17:51,138 cli_traceback INFO] All_steps: 0_topoaa, 1_rigidbody, 2_flexref, 3_emref
[2026-02-06 07:17:51,139 cli_traceback INFO] Modules not to be analysed: 0_topoaa
[2026-02-06 07:17:51,139 cli_traceback INFO] Steps to trace back: 1_rigidbody, 2_flexref, 3_emref
[2026-02-06 07:17:51,139 cli_traceback INFO] Created directory: /mnt/Data/PopOS/Data_Ana/Wu/clawdPorjects/HADDOCK_test/results/run_TG0032_Epi/traceback
[2026-02-06 07:17:51,139 cli_traceback INFO] Tracing back step 3_emref
[2026-02-06 07:17:51,142 cli_traceback INFO] Tracing back step 2_flexref
[2026-02-06 07:17:51,144 cli_traceback INFO] Tracing back step 1_rigidbody
[2026-02-06 07:17:51,148 cli_traceback INFO] Output dataframe traceback/traceback.tsv created with shape (20, 8)
[2026-02-06 07:17:51,176 clean_steps INFO] Cleaning output for '0_topoaa' using 20 cores.
[2026-02-06 07:17:51,488 libtimer INFO] cleaning output files took 0 seconds
[2026-02-06 07:17:51,489 clean_steps INFO] Cleaning output for '1_rigidbody' using 20 cores.
[2026-02-06 07:17:51,497 libtimer INFO] cleaning output files took 0 seconds
[2026-02-06 07:17:51,498 clean_steps INFO] Cleaning output for '2_flexref' using 20 cores.
[2026-02-06 07:17:51,507 libtimer INFO] cleaning output files took 0 seconds
[2026-02-06 07:17:51,507 clean_steps INFO] Cleaning output for '3_emref' using 20 cores.
[2026-02-06 07:17:51,517 libtimer INFO] cleaning output files took 0 seconds
[2026-02-06 07:17:51,518 cli INFO] This HADDOCK3 run took: 6 minutes and 1 seconds
[2026-02-06 07:17:51,518 greetings INFO] Your feedback matters in Haddock3! Share your experience and help us grow:
[2026-02-06 07:17:51,518 greetings INFO] GitHub issues: https://github.com/haddocking/haddock3/issues
[2026-02-06 07:17:51,518 greetings INFO] BioExcel feedback: https://www.bonvinlab.org/feedback
[2026-02-06 07:17:51,518 greetings INFO] BioExcel forum: https://ask.bioexcel.eu/c/haddock/6
[2026-02-06 07:17:51,518 cli INFO] Finished at 06/02/2026 07:17:51. Até logo! Dovidenia! Tchau!
