[2026-02-13 12:17:46,409 cli INFO] 
##############################################
#                                            #
#                 HADDOCK3                   #
#                                            #
##############################################

!! Some of the HADDOCK3 components use CNS (Crystallographic and NMR System) which is free of use for non-profit applications. !!
!! For commercial use it is your own responsibility to have a proper license. !!
!! For details refer to the DISCLAIMER file in the HADDOCK3 repository. !!

Starting HADDOCK3 v2024.10.0b7 on 2026-02-13 12:17:00

Python 3.10.12 (main, Feb  4 2025, 14:57:36) [GCC 11.4.0]

[2026-02-13 12:17:50,139 libworkflow INFO] Reading instructions step 0_topoaa
[2026-02-13 12:17:50,139 libworkflow INFO] Reading instructions step 1_rigidbody
[2026-02-13 12:17:50,139 libworkflow INFO] Reading instructions step 2_flexref
[2026-02-13 12:17:50,139 libworkflow INFO] Reading instructions step 3_emref
[2026-02-13 12:17:50,153 base_cns_module INFO] Running [topoaa] module
[2026-02-13 12:17:50,153 __init__ INFO] [topoaa] Molecule 1: receptor_single_Pos_ACCTGTAAGCAAATGA-1_contig_1_1.pdb
[2026-02-13 12:17:50,155 __init__ INFO] [topoaa] Sanitizing molecule receptor_single_Pos_ACCTGTAAGCAAATGA-1_contig_1_1.pdb
[2026-02-13 12:17:50,161 __init__ INFO] [topoaa] Topology CNS input created
[2026-02-13 12:17:50,161 __init__ INFO] [topoaa] Molecule 2: ligand_single_Pos_ACCTGTAAGCAAATGA-1_contig_1_1.pdb
[2026-02-13 12:17:50,162 __init__ INFO] [topoaa] Sanitizing molecule ligand_single_Pos_ACCTGTAAGCAAATGA-1_contig_1_1.pdb
[2026-02-13 12:17:50,168 __init__ INFO] [topoaa] Topology CNS input created
[2026-02-13 12:17:50,168 __init__ INFO] [topoaa] Running CNS Jobs n=2
[2026-02-13 12:17:50,168 libutil INFO] Selected 2 cores to process 2 jobs, with 32 maximum available cores.
[2026-02-13 12:17:50,169 libparallel INFO] Using 2 cores
[2026-02-13 12:17:53,400 libparallel INFO] 2 tasks finished
[2026-02-13 12:17:53,400 __init__ INFO] [topoaa] CNS jobs have finished
[2026-02-13 12:17:53,402 base_cns_module INFO] Module [topoaa] finished.
[2026-02-13 12:17:53,402 __init__ INFO] [topoaa] took 3 seconds
[2026-02-13 12:17:53,750 base_cns_module INFO] Running [rigidbody] module
[2026-02-13 12:17:53,750 __init__ INFO] [rigidbody] crossdock=true
[2026-02-13 12:17:53,750 __init__ INFO] [rigidbody] Preparing jobs...
[2026-02-13 12:17:53,752 libutil INFO] Selected 20 cores to process 20 jobs, with 32 maximum available cores.
[2026-02-13 12:17:53,752 libparallel INFO] Using 20 cores
[2026-02-13 12:17:53,781 libparallel INFO] 20 tasks finished
[2026-02-13 12:17:53,781 __init__ INFO] [rigidbody] Preparation took 0.031133 seconds
[2026-02-13 12:17:53,783 __init__ INFO] [rigidbody] Running CNS Jobs n=20
[2026-02-13 12:17:53,783 libutil INFO] Selected 20 cores to process 20 jobs, with 32 maximum available cores.
[2026-02-13 12:17:53,783 libparallel INFO] Using 20 cores
[2026-02-13 12:18:04,884 libparallel INFO] 20 tasks finished
[2026-02-13 12:18:04,884 __init__ INFO] [rigidbody] CNS jobs have finished
[2026-02-13 12:18:04,924 base_cns_module INFO] Module [rigidbody] finished.
[2026-02-13 12:18:04,924 __init__ INFO] [rigidbody] took 11 seconds
[2026-02-13 12:18:05,309 base_cns_module INFO] Running [flexref] module
[2026-02-13 12:18:05,367 __init__ INFO] [flexref] Running CNS Jobs n=20
[2026-02-13 12:18:05,367 libutil INFO] Selected 20 cores to process 20 jobs, with 32 maximum available cores.
[2026-02-13 12:18:05,367 libparallel INFO] Using 20 cores
[2026-02-13 12:19:40,166 libparallel INFO] 20 tasks finished
[2026-02-13 12:19:40,166 __init__ INFO] [flexref] CNS jobs have finished
[2026-02-13 12:19:40,196 base_cns_module INFO] Module [flexref] finished.
[2026-02-13 12:19:40,196 __init__ INFO] [flexref] took 1 minute and 35 seconds
[2026-02-13 12:19:40,539 base_cns_module INFO] Running [emref] module
[2026-02-13 12:19:40,596 __init__ INFO] [emref] Running CNS Jobs n=20
[2026-02-13 12:19:40,596 libutil INFO] Selected 20 cores to process 20 jobs, with 32 maximum available cores.
[2026-02-13 12:19:40,596 libparallel INFO] Using 20 cores
[2026-02-13 12:19:48,106 libparallel INFO] 20 tasks finished
[2026-02-13 12:19:48,106 __init__ INFO] [emref] CNS jobs have finished
[2026-02-13 12:19:48,136 base_cns_module INFO] Module [emref] finished.
[2026-02-13 12:19:48,136 __init__ INFO] [emref] took 8 seconds
[2026-02-13 12:19:48,136 cli_analyse INFO] Running haddock3-analyse on ./, modules [], with top_cluster = 10
[2026-02-13 12:19:48,143 cli_analyse INFO] Created directory: /mnt/Data/PopOS/Data_Ana/Wu/clawdPorjects/HADDOCK_test/results/run_Pos_ACCTGTAAGCAAATGA-1_contig_1_1/analysis
[2026-02-13 12:19:48,143 cli_analyse INFO] Reading input run directory
[2026-02-13 12:19:48,143 cli_analyse INFO] selected steps: 0_topoaa, 1_rigidbody, 2_flexref, 3_emref
[2026-02-13 12:19:48,143 cli_analyse INFO] Analysing step 0_topoaa
[2026-02-13 12:19:48,143 cli_analyse WARNING] Could not execute the analysis for step 0_topoaa. The following error occurred 'dict' object has no attribute 'rel_path'
[2026-02-13 12:19:48,143 cli_analyse INFO] Analysing step 1_rigidbody
[2026-02-13 12:19:48,145 cli_unpack INFO] Unpacking '../1_rigidbody' folder
[2026-02-13 12:19:48,145 libtimer INFO] unpacking took 0 seconds
[2026-02-13 12:19:48,158 capri INFO] Found previous CNS step: 1_rigidbody
[2026-02-13 12:19:48,266 capri INFO] Saved scoring weights to: weights_params.json
[2026-02-13 12:19:48,266 __init__ INFO] [caprieval] No reference structure provided. Using the structure with the lowest score from previous step
[2026-02-13 12:19:48,353 libutil INFO] Selected 20 cores to process 20 jobs, with 32 maximum available cores.
[2026-02-13 12:19:48,353 libparallel INFO] Using 20 cores
[2026-02-13 12:19:48,819 libparallel INFO] 20 tasks finished
[2026-02-13 12:19:48,819 capri INFO] Rearranging cluster information into capri_clt.tsv
[2026-02-13 12:19:48,823 cli_clean INFO] Compressing '../1_rigidbody' folder
[2026-02-13 12:19:48,823 clean_steps INFO] Cleaning output for '../1_rigidbody' using 20 cores.
[2026-02-13 12:19:48,960 libtimer INFO] compressing took 0 seconds
[2026-02-13 12:19:48,960 cli_analyse INFO] CAPRI files identified
[2026-02-13 12:19:48,962 cli_analyse INFO] Plotting results..
[2026-02-13 12:19:50,191 cli_analyse INFO] Summary archive summary.tgz created!
[2026-02-13 12:19:50,192 cli_analyse INFO] Analysing step 2_flexref
[2026-02-13 12:19:50,194 cli_unpack INFO] Unpacking '../2_flexref' folder
[2026-02-13 12:19:50,194 libtimer INFO] unpacking took 0 seconds
[2026-02-13 12:19:50,207 capri INFO] Found previous CNS step: 2_flexref
[2026-02-13 12:19:50,445 capri INFO] Saved scoring weights to: weights_params.json
[2026-02-13 12:19:50,445 __init__ INFO] [caprieval] No reference structure provided. Using the structure with the lowest score from previous step
[2026-02-13 12:19:50,532 libutil INFO] Selected 20 cores to process 20 jobs, with 32 maximum available cores.
[2026-02-13 12:19:50,533 libparallel INFO] Using 20 cores
[2026-02-13 12:19:50,937 libparallel INFO] 20 tasks finished
[2026-02-13 12:19:50,937 capri INFO] Rearranging cluster information into capri_clt.tsv
[2026-02-13 12:19:50,941 cli_clean INFO] Compressing '../2_flexref' folder
[2026-02-13 12:19:50,941 clean_steps INFO] Cleaning output for '../2_flexref' using 20 cores.
[2026-02-13 12:19:51,062 libtimer INFO] compressing took 0 seconds
[2026-02-13 12:19:51,062 cli_analyse INFO] CAPRI files identified
[2026-02-13 12:19:51,064 cli_analyse INFO] Plotting results..
[2026-02-13 12:19:52,174 cli_analyse INFO] Summary archive summary.tgz created!
[2026-02-13 12:19:52,174 cli_analyse INFO] Analysing step 3_emref
[2026-02-13 12:19:52,176 cli_unpack INFO] Unpacking '../3_emref' folder
[2026-02-13 12:19:52,176 libtimer INFO] unpacking took 0 seconds
[2026-02-13 12:19:52,190 capri INFO] Found previous CNS step: 3_emref
[2026-02-13 12:19:52,291 capri INFO] Saved scoring weights to: weights_params.json
[2026-02-13 12:19:52,292 __init__ INFO] [caprieval] No reference structure provided. Using the structure with the lowest score from previous step
[2026-02-13 12:19:52,380 libutil INFO] Selected 20 cores to process 20 jobs, with 32 maximum available cores.
[2026-02-13 12:19:52,380 libparallel INFO] Using 20 cores
[2026-02-13 12:19:52,778 libparallel INFO] 20 tasks finished
[2026-02-13 12:19:52,779 capri INFO] Rearranging cluster information into capri_clt.tsv
[2026-02-13 12:19:52,783 cli_clean INFO] Compressing '../3_emref' folder
[2026-02-13 12:19:52,784 clean_steps INFO] Cleaning output for '../3_emref' using 20 cores.
[2026-02-13 12:19:52,901 libtimer INFO] compressing took 0 seconds
[2026-02-13 12:19:52,901 cli_analyse INFO] CAPRI files identified
[2026-02-13 12:19:52,902 cli_analyse INFO] Plotting results..
[2026-02-13 12:19:54,040 cli_analyse INFO] Summary archive summary.tgz created!
[2026-02-13 12:19:54,040 cli_analyse INFO] moving files to analysis folder
[2026-02-13 12:19:54,040 cli_analyse INFO] cancelling unsuccesful analysis folders
[2026-02-13 12:19:54,040 cli_analyse INFO] updating paths in analysis/1_rigidbody_analysis/capri_ss.tsv
[2026-02-13 12:19:54,040 cli_analyse INFO] View the results in analysis/1_rigidbody_analysis/report.html
[2026-02-13 12:19:54,040 cli_analyse INFO] To view structures or download the structure files, in a terminal run the command `python -m http.server --directory /mnt/Data/PopOS/Data_Ana/Wu/clawdPorjects/HADDOCK_test/results/run_Pos_ACCTGTAAGCAAATGA-1_contig_1_1`. By default, http server runs on `http://0.0.0.0:8000/`. Open the link http://0.0.0.0:8000/analysis/1_rigidbody_analysis/report.html in a web browser.
[2026-02-13 12:19:54,040 cli_analyse INFO] updating paths in analysis/2_flexref_analysis/capri_ss.tsv
[2026-02-13 12:19:54,040 cli_analyse INFO] View the results in analysis/2_flexref_analysis/report.html
[2026-02-13 12:19:54,040 cli_analyse INFO] To view structures or download the structure files, in a terminal run the command `python -m http.server --directory /mnt/Data/PopOS/Data_Ana/Wu/clawdPorjects/HADDOCK_test/results/run_Pos_ACCTGTAAGCAAATGA-1_contig_1_1`. By default, http server runs on `http://0.0.0.0:8000/`. Open the link http://0.0.0.0:8000/analysis/2_flexref_analysis/report.html in a web browser.
[2026-02-13 12:19:54,040 cli_analyse INFO] updating paths in analysis/3_emref_analysis/capri_ss.tsv
[2026-02-13 12:19:54,041 cli_analyse INFO] View the results in analysis/3_emref_analysis/report.html
[2026-02-13 12:19:54,041 cli_analyse INFO] To view structures or download the structure files, in a terminal run the command `python -m http.server --directory /mnt/Data/PopOS/Data_Ana/Wu/clawdPorjects/HADDOCK_test/results/run_Pos_ACCTGTAAGCAAATGA-1_contig_1_1`. By default, http server runs on `http://0.0.0.0:8000/`. Open the link http://0.0.0.0:8000/analysis/3_emref_analysis/report.html in a web browser.
[2026-02-13 12:19:54,041 cli_traceback INFO] Running haddock3-traceback on ./
[2026-02-13 12:19:54,041 cli_traceback INFO] Reading input run directory
[2026-02-13 12:19:54,041 cli_traceback INFO] All_steps: 0_topoaa, 1_rigidbody, 2_flexref, 3_emref
[2026-02-13 12:19:54,041 cli_traceback INFO] Modules not to be analysed: 0_topoaa
[2026-02-13 12:19:54,041 cli_traceback INFO] Steps to trace back: 1_rigidbody, 2_flexref, 3_emref
[2026-02-13 12:19:54,041 cli_traceback INFO] Created directory: /mnt/Data/PopOS/Data_Ana/Wu/clawdPorjects/HADDOCK_test/results/run_Pos_ACCTGTAAGCAAATGA-1_contig_1_1/traceback
[2026-02-13 12:19:54,041 cli_traceback INFO] Tracing back step 3_emref
[2026-02-13 12:19:54,043 cli_traceback INFO] Tracing back step 2_flexref
[2026-02-13 12:19:54,045 cli_traceback INFO] Tracing back step 1_rigidbody
[2026-02-13 12:19:54,049 cli_traceback INFO] Output dataframe traceback/traceback.tsv created with shape (20, 8)
[2026-02-13 12:19:54,076 clean_steps INFO] Cleaning output for '0_topoaa' using 20 cores.
[2026-02-13 12:19:54,212 libtimer INFO] cleaning output files took 0 seconds
[2026-02-13 12:19:54,212 clean_steps INFO] Cleaning output for '1_rigidbody' using 20 cores.
[2026-02-13 12:19:54,221 libtimer INFO] cleaning output files took 0 seconds
[2026-02-13 12:19:54,221 clean_steps INFO] Cleaning output for '2_flexref' using 20 cores.
[2026-02-13 12:19:54,230 libtimer INFO] cleaning output files took 0 seconds
[2026-02-13 12:19:54,230 clean_steps INFO] Cleaning output for '3_emref' using 20 cores.
[2026-02-13 12:19:54,239 libtimer INFO] cleaning output files took 0 seconds
[2026-02-13 12:19:54,239 cli INFO] This HADDOCK3 run took: 2 minutes and 8 seconds
[2026-02-13 12:19:54,239 greetings INFO] Your feedback matters in Haddock3! Share your experience and help us grow:
[2026-02-13 12:19:54,239 greetings INFO] GitHub issues: https://github.com/haddocking/haddock3/issues
[2026-02-13 12:19:54,239 greetings INFO] BioExcel feedback: https://www.bonvinlab.org/feedback
[2026-02-13 12:19:54,239 greetings INFO] BioExcel forum: https://ask.bioexcel.eu/c/haddock/6
[2026-02-13 12:19:54,239 cli INFO] Finished at 13/02/2026 12:19:54. Good bye! Adéu-siau! Tot ziens!
