[2026-02-13 11:29:11,044 cli INFO] 
##############################################
#                                            #
#                 HADDOCK3                   #
#                                            #
##############################################

!! Some of the HADDOCK3 components use CNS (Crystallographic and NMR System) which is free of use for non-profit applications. !!
!! For commercial use it is your own responsibility to have a proper license. !!
!! For details refer to the DISCLAIMER file in the HADDOCK3 repository. !!

Starting HADDOCK3 v2024.10.0b7 on 2026-02-13 11:29:00

Python 3.10.12 (main, Feb  4 2025, 14:57:36) [GCC 11.4.0]

[2026-02-13 11:29:14,858 libworkflow INFO] Reading instructions step 0_topoaa
[2026-02-13 11:29:14,858 libworkflow INFO] Reading instructions step 1_rigidbody
[2026-02-13 11:29:14,858 libworkflow INFO] Reading instructions step 2_flexref
[2026-02-13 11:29:14,858 libworkflow INFO] Reading instructions step 3_emref
[2026-02-13 11:29:14,872 base_cns_module INFO] Running [topoaa] module
[2026-02-13 11:29:14,873 __init__ INFO] [topoaa] Molecule 1: receptor_single_Neg_CGGTGCATCGTTCATC-1_contig_1_1.pdb
[2026-02-13 11:29:14,874 __init__ INFO] [topoaa] Sanitizing molecule receptor_single_Neg_CGGTGCATCGTTCATC-1_contig_1_1.pdb
[2026-02-13 11:29:14,881 __init__ INFO] [topoaa] Topology CNS input created
[2026-02-13 11:29:14,881 __init__ INFO] [topoaa] Molecule 2: ligand_single_Neg_CGGTGCATCGTTCATC-1_contig_1_1.pdb
[2026-02-13 11:29:14,883 __init__ INFO] [topoaa] Sanitizing molecule ligand_single_Neg_CGGTGCATCGTTCATC-1_contig_1_1.pdb
[2026-02-13 11:29:14,889 __init__ INFO] [topoaa] Topology CNS input created
[2026-02-13 11:29:14,889 __init__ INFO] [topoaa] Running CNS Jobs n=2
[2026-02-13 11:29:14,889 libutil INFO] Selected 2 cores to process 2 jobs, with 32 maximum available cores.
[2026-02-13 11:29:14,890 libparallel INFO] Using 2 cores
[2026-02-13 11:29:18,142 libparallel INFO] 2 tasks finished
[2026-02-13 11:29:18,142 __init__ INFO] [topoaa] CNS jobs have finished
[2026-02-13 11:29:18,144 base_cns_module INFO] Module [topoaa] finished.
[2026-02-13 11:29:18,144 __init__ INFO] [topoaa] took 3 seconds
[2026-02-13 11:29:18,490 base_cns_module INFO] Running [rigidbody] module
[2026-02-13 11:29:18,490 __init__ INFO] [rigidbody] crossdock=true
[2026-02-13 11:29:18,490 __init__ INFO] [rigidbody] Preparing jobs...
[2026-02-13 11:29:18,492 libutil INFO] Selected 20 cores to process 20 jobs, with 32 maximum available cores.
[2026-02-13 11:29:18,493 libparallel INFO] Using 20 cores
[2026-02-13 11:29:18,520 libparallel INFO] 20 tasks finished
[2026-02-13 11:29:18,521 __init__ INFO] [rigidbody] Preparation took 0.030192 seconds
[2026-02-13 11:29:18,522 __init__ INFO] [rigidbody] Running CNS Jobs n=20
[2026-02-13 11:29:18,522 libutil INFO] Selected 20 cores to process 20 jobs, with 32 maximum available cores.
[2026-02-13 11:29:18,523 libparallel INFO] Using 20 cores
[2026-02-13 11:29:28,473 libparallel INFO] 20 tasks finished
[2026-02-13 11:29:28,473 __init__ INFO] [rigidbody] CNS jobs have finished
[2026-02-13 11:29:28,500 base_cns_module INFO] Module [rigidbody] finished.
[2026-02-13 11:29:28,500 __init__ INFO] [rigidbody] took 10 seconds
[2026-02-13 11:29:28,887 base_cns_module INFO] Running [flexref] module
[2026-02-13 11:29:28,944 __init__ INFO] [flexref] Running CNS Jobs n=20
[2026-02-13 11:29:28,944 libutil INFO] Selected 20 cores to process 20 jobs, with 32 maximum available cores.
[2026-02-13 11:29:28,944 libparallel INFO] Using 20 cores
[2026-02-13 11:31:05,209 libparallel INFO] 20 tasks finished
[2026-02-13 11:31:05,210 __init__ INFO] [flexref] CNS jobs have finished
[2026-02-13 11:31:05,239 base_cns_module INFO] Module [flexref] finished.
[2026-02-13 11:31:05,239 __init__ INFO] [flexref] took 1 minute and 36 seconds
[2026-02-13 11:31:05,586 base_cns_module INFO] Running [emref] module
[2026-02-13 11:31:05,642 __init__ INFO] [emref] Running CNS Jobs n=20
[2026-02-13 11:31:05,643 libutil INFO] Selected 20 cores to process 20 jobs, with 32 maximum available cores.
[2026-02-13 11:31:05,643 libparallel INFO] Using 20 cores
[2026-02-13 11:31:12,590 libparallel INFO] 20 tasks finished
[2026-02-13 11:31:12,591 __init__ INFO] [emref] CNS jobs have finished
[2026-02-13 11:31:12,629 base_cns_module INFO] Module [emref] finished.
[2026-02-13 11:31:12,629 __init__ INFO] [emref] took 7 seconds
[2026-02-13 11:31:12,629 cli_analyse INFO] Running haddock3-analyse on ./, modules [], with top_cluster = 10
[2026-02-13 11:31:12,635 cli_analyse INFO] Created directory: /mnt/Data/PopOS/Data_Ana/Wu/clawdPorjects/HADDOCK_test/results/run_Neg_CGGTGCATCGTTCATC-1_contig_1_1/analysis
[2026-02-13 11:31:12,636 cli_analyse INFO] Reading input run directory
[2026-02-13 11:31:12,636 cli_analyse INFO] selected steps: 0_topoaa, 1_rigidbody, 2_flexref, 3_emref
[2026-02-13 11:31:12,636 cli_analyse INFO] Analysing step 0_topoaa
[2026-02-13 11:31:12,636 cli_analyse WARNING] Could not execute the analysis for step 0_topoaa. The following error occurred 'dict' object has no attribute 'rel_path'
[2026-02-13 11:31:12,636 cli_analyse INFO] Analysing step 1_rigidbody
[2026-02-13 11:31:12,637 cli_unpack INFO] Unpacking '../1_rigidbody' folder
[2026-02-13 11:31:12,638 libtimer INFO] unpacking took 0 seconds
[2026-02-13 11:31:12,651 capri INFO] Found previous CNS step: 1_rigidbody
[2026-02-13 11:31:12,760 capri INFO] Saved scoring weights to: weights_params.json
[2026-02-13 11:31:12,760 __init__ INFO] [caprieval] No reference structure provided. Using the structure with the lowest score from previous step
[2026-02-13 11:31:12,845 libutil INFO] Selected 20 cores to process 20 jobs, with 32 maximum available cores.
[2026-02-13 11:31:12,845 libparallel INFO] Using 20 cores
[2026-02-13 11:31:13,270 libparallel INFO] 20 tasks finished
[2026-02-13 11:31:13,271 capri INFO] Rearranging cluster information into capri_clt.tsv
[2026-02-13 11:31:13,275 cli_clean INFO] Compressing '../1_rigidbody' folder
[2026-02-13 11:31:13,275 clean_steps INFO] Cleaning output for '../1_rigidbody' using 20 cores.
[2026-02-13 11:31:13,392 libtimer INFO] compressing took 0 seconds
[2026-02-13 11:31:13,392 cli_analyse INFO] CAPRI files identified
[2026-02-13 11:31:13,394 cli_analyse INFO] Plotting results..
[2026-02-13 11:31:14,692 cli_analyse INFO] Summary archive summary.tgz created!
[2026-02-13 11:31:14,692 cli_analyse INFO] Analysing step 2_flexref
[2026-02-13 11:31:14,694 cli_unpack INFO] Unpacking '../2_flexref' folder
[2026-02-13 11:31:14,695 libtimer INFO] unpacking took 0 seconds
[2026-02-13 11:31:14,708 capri INFO] Found previous CNS step: 2_flexref
[2026-02-13 11:31:14,948 capri INFO] Saved scoring weights to: weights_params.json
[2026-02-13 11:31:14,948 __init__ INFO] [caprieval] No reference structure provided. Using the structure with the lowest score from previous step
[2026-02-13 11:31:15,034 libutil INFO] Selected 20 cores to process 20 jobs, with 32 maximum available cores.
[2026-02-13 11:31:15,034 libparallel INFO] Using 20 cores
[2026-02-13 11:31:15,420 libparallel INFO] 20 tasks finished
[2026-02-13 11:31:15,421 capri INFO] Rearranging cluster information into capri_clt.tsv
[2026-02-13 11:31:15,428 cli_clean INFO] Compressing '../2_flexref' folder
[2026-02-13 11:31:15,428 clean_steps INFO] Cleaning output for '../2_flexref' using 20 cores.
[2026-02-13 11:31:15,554 libtimer INFO] compressing took 0 seconds
[2026-02-13 11:31:15,554 cli_analyse INFO] CAPRI files identified
[2026-02-13 11:31:15,556 cli_analyse INFO] Plotting results..
[2026-02-13 11:31:16,660 cli_analyse INFO] Summary archive summary.tgz created!
[2026-02-13 11:31:16,660 cli_analyse INFO] Analysing step 3_emref
[2026-02-13 11:31:16,662 cli_unpack INFO] Unpacking '../3_emref' folder
[2026-02-13 11:31:16,663 libtimer INFO] unpacking took 0 seconds
[2026-02-13 11:31:16,676 capri INFO] Found previous CNS step: 3_emref
[2026-02-13 11:31:16,778 capri INFO] Saved scoring weights to: weights_params.json
[2026-02-13 11:31:16,778 __init__ INFO] [caprieval] No reference structure provided. Using the structure with the lowest score from previous step
[2026-02-13 11:31:16,862 libutil INFO] Selected 20 cores to process 20 jobs, with 32 maximum available cores.
[2026-02-13 11:31:16,863 libparallel INFO] Using 20 cores
[2026-02-13 11:31:17,477 libparallel INFO] 20 tasks finished
[2026-02-13 11:31:17,478 capri INFO] Rearranging cluster information into capri_clt.tsv
[2026-02-13 11:31:17,486 cli_clean INFO] Compressing '../3_emref' folder
[2026-02-13 11:31:17,486 clean_steps INFO] Cleaning output for '../3_emref' using 20 cores.
[2026-02-13 11:31:17,645 libtimer INFO] compressing took 0 seconds
[2026-02-13 11:31:17,645 cli_analyse INFO] CAPRI files identified
[2026-02-13 11:31:17,648 cli_analyse INFO] Plotting results..
[2026-02-13 11:31:18,790 cli_analyse INFO] Summary archive summary.tgz created!
[2026-02-13 11:31:18,790 cli_analyse INFO] moving files to analysis folder
[2026-02-13 11:31:18,791 cli_analyse INFO] cancelling unsuccesful analysis folders
[2026-02-13 11:31:18,791 cli_analyse INFO] updating paths in analysis/1_rigidbody_analysis/capri_ss.tsv
[2026-02-13 11:31:18,791 cli_analyse INFO] View the results in analysis/1_rigidbody_analysis/report.html
[2026-02-13 11:31:18,791 cli_analyse INFO] To view structures or download the structure files, in a terminal run the command `python -m http.server --directory /mnt/Data/PopOS/Data_Ana/Wu/clawdPorjects/HADDOCK_test/results/run_Neg_CGGTGCATCGTTCATC-1_contig_1_1`. By default, http server runs on `http://0.0.0.0:8000/`. Open the link http://0.0.0.0:8000/analysis/1_rigidbody_analysis/report.html in a web browser.
[2026-02-13 11:31:18,791 cli_analyse INFO] updating paths in analysis/2_flexref_analysis/capri_ss.tsv
[2026-02-13 11:31:18,791 cli_analyse INFO] View the results in analysis/2_flexref_analysis/report.html
[2026-02-13 11:31:18,791 cli_analyse INFO] To view structures or download the structure files, in a terminal run the command `python -m http.server --directory /mnt/Data/PopOS/Data_Ana/Wu/clawdPorjects/HADDOCK_test/results/run_Neg_CGGTGCATCGTTCATC-1_contig_1_1`. By default, http server runs on `http://0.0.0.0:8000/`. Open the link http://0.0.0.0:8000/analysis/2_flexref_analysis/report.html in a web browser.
[2026-02-13 11:31:18,791 cli_analyse INFO] updating paths in analysis/3_emref_analysis/capri_ss.tsv
[2026-02-13 11:31:18,791 cli_analyse INFO] View the results in analysis/3_emref_analysis/report.html
[2026-02-13 11:31:18,791 cli_analyse INFO] To view structures or download the structure files, in a terminal run the command `python -m http.server --directory /mnt/Data/PopOS/Data_Ana/Wu/clawdPorjects/HADDOCK_test/results/run_Neg_CGGTGCATCGTTCATC-1_contig_1_1`. By default, http server runs on `http://0.0.0.0:8000/`. Open the link http://0.0.0.0:8000/analysis/3_emref_analysis/report.html in a web browser.
[2026-02-13 11:31:18,791 cli_traceback INFO] Running haddock3-traceback on ./
[2026-02-13 11:31:18,791 cli_traceback INFO] Reading input run directory
[2026-02-13 11:31:18,791 cli_traceback INFO] All_steps: 0_topoaa, 1_rigidbody, 2_flexref, 3_emref
[2026-02-13 11:31:18,792 cli_traceback INFO] Modules not to be analysed: 0_topoaa
[2026-02-13 11:31:18,792 cli_traceback INFO] Steps to trace back: 1_rigidbody, 2_flexref, 3_emref
[2026-02-13 11:31:18,792 cli_traceback INFO] Created directory: /mnt/Data/PopOS/Data_Ana/Wu/clawdPorjects/HADDOCK_test/results/run_Neg_CGGTGCATCGTTCATC-1_contig_1_1/traceback
[2026-02-13 11:31:18,792 cli_traceback INFO] Tracing back step 3_emref
[2026-02-13 11:31:18,794 cli_traceback INFO] Tracing back step 2_flexref
[2026-02-13 11:31:18,796 cli_traceback INFO] Tracing back step 1_rigidbody
[2026-02-13 11:31:18,800 cli_traceback INFO] Output dataframe traceback/traceback.tsv created with shape (20, 8)
[2026-02-13 11:31:18,827 clean_steps INFO] Cleaning output for '0_topoaa' using 20 cores.
[2026-02-13 11:31:18,965 libtimer INFO] cleaning output files took 0 seconds
[2026-02-13 11:31:18,965 clean_steps INFO] Cleaning output for '1_rigidbody' using 20 cores.
[2026-02-13 11:31:18,973 libtimer INFO] cleaning output files took 0 seconds
[2026-02-13 11:31:18,973 clean_steps INFO] Cleaning output for '2_flexref' using 20 cores.
[2026-02-13 11:31:18,981 libtimer INFO] cleaning output files took 0 seconds
[2026-02-13 11:31:18,981 clean_steps INFO] Cleaning output for '3_emref' using 20 cores.
[2026-02-13 11:31:18,988 libtimer INFO] cleaning output files took 0 seconds
[2026-02-13 11:31:18,988 cli INFO] This HADDOCK3 run took: 2 minutes and 8 seconds
[2026-02-13 11:31:18,988 greetings INFO] Your feedback matters in Haddock3! Share your experience and help us grow:
[2026-02-13 11:31:18,989 greetings INFO] GitHub issues: https://github.com/haddocking/haddock3/issues
[2026-02-13 11:31:18,989 greetings INFO] BioExcel feedback: https://www.bonvinlab.org/feedback
[2026-02-13 11:31:18,989 greetings INFO] BioExcel forum: https://ask.bioexcel.eu/c/haddock/6
[2026-02-13 11:31:18,989 cli INFO] Finished at 13/02/2026 11:31:18. Au revoir! Dovidenia! Adiós!
