[2026-02-13 12:45:23,370 cli INFO] 
##############################################
#                                            #
#                 HADDOCK3                   #
#                                            #
##############################################

!! Some of the HADDOCK3 components use CNS (Crystallographic and NMR System) which is free of use for non-profit applications. !!
!! For commercial use it is your own responsibility to have a proper license. !!
!! For details refer to the DISCLAIMER file in the HADDOCK3 repository. !!

Starting HADDOCK3 v2024.10.0b7 on 2026-02-13 12:45:00

Python 3.10.12 (main, Feb  4 2025, 14:57:36) [GCC 11.4.0]

[2026-02-13 12:45:27,150 libworkflow INFO] Reading instructions step 0_topoaa
[2026-02-13 12:45:27,150 libworkflow INFO] Reading instructions step 1_rigidbody
[2026-02-13 12:45:27,150 libworkflow INFO] Reading instructions step 2_flexref
[2026-02-13 12:45:27,150 libworkflow INFO] Reading instructions step 3_emref
[2026-02-13 12:45:27,165 base_cns_module INFO] Running [topoaa] module
[2026-02-13 12:45:27,165 __init__ INFO] [topoaa] Molecule 1: receptor_single_Pos_CAATGTTAGCAAAGCG-1_contig_1_1.pdb
[2026-02-13 12:45:27,166 __init__ INFO] [topoaa] Sanitizing molecule receptor_single_Pos_CAATGTTAGCAAAGCG-1_contig_1_1.pdb
[2026-02-13 12:45:27,173 __init__ INFO] [topoaa] Topology CNS input created
[2026-02-13 12:45:27,173 __init__ INFO] [topoaa] Molecule 2: ligand_single_Pos_CAATGTTAGCAAAGCG-1_contig_1_1.pdb
[2026-02-13 12:45:27,175 __init__ INFO] [topoaa] Sanitizing molecule ligand_single_Pos_CAATGTTAGCAAAGCG-1_contig_1_1.pdb
[2026-02-13 12:45:27,181 __init__ INFO] [topoaa] Topology CNS input created
[2026-02-13 12:45:27,181 __init__ INFO] [topoaa] Running CNS Jobs n=2
[2026-02-13 12:45:27,181 libutil INFO] Selected 2 cores to process 2 jobs, with 32 maximum available cores.
[2026-02-13 12:45:27,182 libparallel INFO] Using 2 cores
[2026-02-13 12:45:30,418 libparallel INFO] 2 tasks finished
[2026-02-13 12:45:30,419 __init__ INFO] [topoaa] CNS jobs have finished
[2026-02-13 12:45:30,421 base_cns_module INFO] Module [topoaa] finished.
[2026-02-13 12:45:30,421 __init__ INFO] [topoaa] took 3 seconds
[2026-02-13 12:45:30,769 base_cns_module INFO] Running [rigidbody] module
[2026-02-13 12:45:30,770 __init__ INFO] [rigidbody] crossdock=true
[2026-02-13 12:45:30,770 __init__ INFO] [rigidbody] Preparing jobs...
[2026-02-13 12:45:30,772 libutil INFO] Selected 20 cores to process 20 jobs, with 32 maximum available cores.
[2026-02-13 12:45:30,772 libparallel INFO] Using 20 cores
[2026-02-13 12:45:30,801 libparallel INFO] 20 tasks finished
[2026-02-13 12:45:30,801 __init__ INFO] [rigidbody] Preparation took 0.031588 seconds
[2026-02-13 12:45:30,803 __init__ INFO] [rigidbody] Running CNS Jobs n=20
[2026-02-13 12:45:30,803 libutil INFO] Selected 20 cores to process 20 jobs, with 32 maximum available cores.
[2026-02-13 12:45:30,803 libparallel INFO] Using 20 cores
[2026-02-13 12:45:41,756 libparallel INFO] 20 tasks finished
[2026-02-13 12:45:41,757 __init__ INFO] [rigidbody] CNS jobs have finished
[2026-02-13 12:45:41,794 base_cns_module INFO] Module [rigidbody] finished.
[2026-02-13 12:45:41,794 __init__ INFO] [rigidbody] took 11 seconds
[2026-02-13 12:45:42,183 base_cns_module INFO] Running [flexref] module
[2026-02-13 12:45:42,241 __init__ INFO] [flexref] Running CNS Jobs n=20
[2026-02-13 12:45:42,241 libutil INFO] Selected 20 cores to process 20 jobs, with 32 maximum available cores.
[2026-02-13 12:45:42,241 libparallel INFO] Using 20 cores
[2026-02-13 12:47:14,146 libparallel INFO] 20 tasks finished
[2026-02-13 12:47:14,146 __init__ INFO] [flexref] CNS jobs have finished
[2026-02-13 12:47:14,174 base_cns_module INFO] Module [flexref] finished.
[2026-02-13 12:47:14,174 __init__ INFO] [flexref] took 1 minute and 32 seconds
[2026-02-13 12:47:14,522 base_cns_module INFO] Running [emref] module
[2026-02-13 12:47:14,578 __init__ INFO] [emref] Running CNS Jobs n=20
[2026-02-13 12:47:14,578 libutil INFO] Selected 20 cores to process 20 jobs, with 32 maximum available cores.
[2026-02-13 12:47:14,579 libparallel INFO] Using 20 cores
[2026-02-13 12:47:21,836 libparallel INFO] 20 tasks finished
[2026-02-13 12:47:21,836 __init__ INFO] [emref] CNS jobs have finished
[2026-02-13 12:47:21,917 base_cns_module INFO] Module [emref] finished.
[2026-02-13 12:47:21,918 __init__ INFO] [emref] took 7 seconds
[2026-02-13 12:47:21,918 cli_analyse INFO] Running haddock3-analyse on ./, modules [], with top_cluster = 10
[2026-02-13 12:47:21,924 cli_analyse INFO] Created directory: /mnt/Data/PopOS/Data_Ana/Wu/clawdPorjects/HADDOCK_test/results/run_Pos_CAATGTTAGCAAAGCG-1_contig_1_1/analysis
[2026-02-13 12:47:21,924 cli_analyse INFO] Reading input run directory
[2026-02-13 12:47:21,925 cli_analyse INFO] selected steps: 0_topoaa, 1_rigidbody, 2_flexref, 3_emref
[2026-02-13 12:47:21,925 cli_analyse INFO] Analysing step 0_topoaa
[2026-02-13 12:47:21,925 cli_analyse WARNING] Could not execute the analysis for step 0_topoaa. The following error occurred 'dict' object has no attribute 'rel_path'
[2026-02-13 12:47:21,925 cli_analyse INFO] Analysing step 1_rigidbody
[2026-02-13 12:47:21,926 cli_unpack INFO] Unpacking '../1_rigidbody' folder
[2026-02-13 12:47:21,927 libtimer INFO] unpacking took 0 seconds
[2026-02-13 12:47:21,940 capri INFO] Found previous CNS step: 1_rigidbody
[2026-02-13 12:47:22,047 capri INFO] Saved scoring weights to: weights_params.json
[2026-02-13 12:47:22,047 __init__ INFO] [caprieval] No reference structure provided. Using the structure with the lowest score from previous step
[2026-02-13 12:47:22,133 libutil INFO] Selected 20 cores to process 20 jobs, with 32 maximum available cores.
[2026-02-13 12:47:22,133 libparallel INFO] Using 20 cores
[2026-02-13 12:47:22,575 libparallel INFO] 20 tasks finished
[2026-02-13 12:47:22,576 capri INFO] Rearranging cluster information into capri_clt.tsv
[2026-02-13 12:47:22,583 cli_clean INFO] Compressing '../1_rigidbody' folder
[2026-02-13 12:47:22,584 clean_steps INFO] Cleaning output for '../1_rigidbody' using 20 cores.
[2026-02-13 12:47:22,720 libtimer INFO] compressing took 0 seconds
[2026-02-13 12:47:22,721 cli_analyse INFO] CAPRI files identified
[2026-02-13 12:47:22,723 cli_analyse INFO] Plotting results..
[2026-02-13 12:47:23,937 cli_analyse INFO] Summary archive summary.tgz created!
[2026-02-13 12:47:23,938 cli_analyse INFO] Analysing step 2_flexref
[2026-02-13 12:47:23,940 cli_unpack INFO] Unpacking '../2_flexref' folder
[2026-02-13 12:47:23,940 libtimer INFO] unpacking took 0 seconds
[2026-02-13 12:47:23,954 capri INFO] Found previous CNS step: 2_flexref
[2026-02-13 12:47:24,190 capri INFO] Saved scoring weights to: weights_params.json
[2026-02-13 12:47:24,190 __init__ INFO] [caprieval] No reference structure provided. Using the structure with the lowest score from previous step
[2026-02-13 12:47:24,277 libutil INFO] Selected 20 cores to process 20 jobs, with 32 maximum available cores.
[2026-02-13 12:47:24,277 libparallel INFO] Using 20 cores
[2026-02-13 12:47:24,669 libparallel INFO] 20 tasks finished
[2026-02-13 12:47:24,671 capri INFO] Rearranging cluster information into capri_clt.tsv
[2026-02-13 12:47:24,675 cli_clean INFO] Compressing '../2_flexref' folder
[2026-02-13 12:47:24,675 clean_steps INFO] Cleaning output for '../2_flexref' using 20 cores.
[2026-02-13 12:47:24,795 libtimer INFO] compressing took 0 seconds
[2026-02-13 12:47:24,795 cli_analyse INFO] CAPRI files identified
[2026-02-13 12:47:24,796 cli_analyse INFO] Plotting results..
[2026-02-13 12:47:25,888 cli_analyse INFO] Summary archive summary.tgz created!
[2026-02-13 12:47:25,889 cli_analyse INFO] Analysing step 3_emref
[2026-02-13 12:47:25,891 cli_unpack INFO] Unpacking '../3_emref' folder
[2026-02-13 12:47:25,891 libtimer INFO] unpacking took 0 seconds
[2026-02-13 12:47:25,905 capri INFO] Found previous CNS step: 3_emref
[2026-02-13 12:47:26,004 capri INFO] Saved scoring weights to: weights_params.json
[2026-02-13 12:47:26,005 __init__ INFO] [caprieval] No reference structure provided. Using the structure with the lowest score from previous step
[2026-02-13 12:47:26,091 libutil INFO] Selected 20 cores to process 20 jobs, with 32 maximum available cores.
[2026-02-13 12:47:26,091 libparallel INFO] Using 20 cores
[2026-02-13 12:47:26,493 libparallel INFO] 20 tasks finished
[2026-02-13 12:47:26,495 capri INFO] Rearranging cluster information into capri_clt.tsv
[2026-02-13 12:47:26,499 cli_clean INFO] Compressing '../3_emref' folder
[2026-02-13 12:47:26,499 clean_steps INFO] Cleaning output for '../3_emref' using 20 cores.
[2026-02-13 12:47:26,625 libtimer INFO] compressing took 0 seconds
[2026-02-13 12:47:26,625 cli_analyse INFO] CAPRI files identified
[2026-02-13 12:47:26,627 cli_analyse INFO] Plotting results..
[2026-02-13 12:47:27,730 cli_analyse INFO] Summary archive summary.tgz created!
[2026-02-13 12:47:27,730 cli_analyse INFO] moving files to analysis folder
[2026-02-13 12:47:27,731 cli_analyse INFO] cancelling unsuccesful analysis folders
[2026-02-13 12:47:27,731 cli_analyse INFO] updating paths in analysis/1_rigidbody_analysis/capri_ss.tsv
[2026-02-13 12:47:27,731 cli_analyse INFO] View the results in analysis/1_rigidbody_analysis/report.html
[2026-02-13 12:47:27,731 cli_analyse INFO] To view structures or download the structure files, in a terminal run the command `python -m http.server --directory /mnt/Data/PopOS/Data_Ana/Wu/clawdPorjects/HADDOCK_test/results/run_Pos_CAATGTTAGCAAAGCG-1_contig_1_1`. By default, http server runs on `http://0.0.0.0:8000/`. Open the link http://0.0.0.0:8000/analysis/1_rigidbody_analysis/report.html in a web browser.
[2026-02-13 12:47:27,731 cli_analyse INFO] updating paths in analysis/2_flexref_analysis/capri_ss.tsv
[2026-02-13 12:47:27,731 cli_analyse INFO] View the results in analysis/2_flexref_analysis/report.html
[2026-02-13 12:47:27,731 cli_analyse INFO] To view structures or download the structure files, in a terminal run the command `python -m http.server --directory /mnt/Data/PopOS/Data_Ana/Wu/clawdPorjects/HADDOCK_test/results/run_Pos_CAATGTTAGCAAAGCG-1_contig_1_1`. By default, http server runs on `http://0.0.0.0:8000/`. Open the link http://0.0.0.0:8000/analysis/2_flexref_analysis/report.html in a web browser.
[2026-02-13 12:47:27,731 cli_analyse INFO] updating paths in analysis/3_emref_analysis/capri_ss.tsv
[2026-02-13 12:47:27,731 cli_analyse INFO] View the results in analysis/3_emref_analysis/report.html
[2026-02-13 12:47:27,731 cli_analyse INFO] To view structures or download the structure files, in a terminal run the command `python -m http.server --directory /mnt/Data/PopOS/Data_Ana/Wu/clawdPorjects/HADDOCK_test/results/run_Pos_CAATGTTAGCAAAGCG-1_contig_1_1`. By default, http server runs on `http://0.0.0.0:8000/`. Open the link http://0.0.0.0:8000/analysis/3_emref_analysis/report.html in a web browser.
[2026-02-13 12:47:27,732 cli_traceback INFO] Running haddock3-traceback on ./
[2026-02-13 12:47:27,732 cli_traceback INFO] Reading input run directory
[2026-02-13 12:47:27,732 cli_traceback INFO] All_steps: 0_topoaa, 1_rigidbody, 2_flexref, 3_emref
[2026-02-13 12:47:27,732 cli_traceback INFO] Modules not to be analysed: 0_topoaa
[2026-02-13 12:47:27,732 cli_traceback INFO] Steps to trace back: 1_rigidbody, 2_flexref, 3_emref
[2026-02-13 12:47:27,732 cli_traceback INFO] Created directory: /mnt/Data/PopOS/Data_Ana/Wu/clawdPorjects/HADDOCK_test/results/run_Pos_CAATGTTAGCAAAGCG-1_contig_1_1/traceback
[2026-02-13 12:47:27,732 cli_traceback INFO] Tracing back step 3_emref
[2026-02-13 12:47:27,734 cli_traceback INFO] Tracing back step 2_flexref
[2026-02-13 12:47:27,736 cli_traceback INFO] Tracing back step 1_rigidbody
[2026-02-13 12:47:27,741 cli_traceback INFO] Output dataframe traceback/traceback.tsv created with shape (20, 8)
[2026-02-13 12:47:27,768 clean_steps INFO] Cleaning output for '0_topoaa' using 20 cores.
[2026-02-13 12:47:27,905 libtimer INFO] cleaning output files took 0 seconds
[2026-02-13 12:47:27,905 clean_steps INFO] Cleaning output for '1_rigidbody' using 20 cores.
[2026-02-13 12:47:27,915 libtimer INFO] cleaning output files took 0 seconds
[2026-02-13 12:47:27,915 clean_steps INFO] Cleaning output for '2_flexref' using 20 cores.
[2026-02-13 12:47:27,931 libtimer INFO] cleaning output files took 0 seconds
[2026-02-13 12:47:27,931 clean_steps INFO] Cleaning output for '3_emref' using 20 cores.
[2026-02-13 12:47:27,960 libtimer INFO] cleaning output files took 0 seconds
[2026-02-13 12:47:27,960 cli INFO] This HADDOCK3 run took: 2 minutes and 5 seconds
[2026-02-13 12:47:27,960 greetings INFO] Your feedback matters in Haddock3! Share your experience and help us grow:
[2026-02-13 12:47:27,960 greetings INFO] GitHub issues: https://github.com/haddocking/haddock3/issues
[2026-02-13 12:47:27,961 greetings INFO] BioExcel feedback: https://www.bonvinlab.org/feedback
[2026-02-13 12:47:27,961 greetings INFO] BioExcel forum: https://ask.bioexcel.eu/c/haddock/6
[2026-02-13 12:47:27,961 cli INFO] Finished at 13/02/2026 12:47:27. Au revoir! Good bye! Do pobachennya!
