[2026-02-13 12:49:39,820 cli INFO] 
##############################################
#                                            #
#                 HADDOCK3                   #
#                                            #
##############################################

!! Some of the HADDOCK3 components use CNS (Crystallographic and NMR System) which is free of use for non-profit applications. !!
!! For commercial use it is your own responsibility to have a proper license. !!
!! For details refer to the DISCLAIMER file in the HADDOCK3 repository. !!

Starting HADDOCK3 v2024.10.0b7 on 2026-02-13 12:49:00

Python 3.10.12 (main, Feb  4 2025, 14:57:36) [GCC 11.4.0]

[2026-02-13 12:49:43,658 libworkflow INFO] Reading instructions step 0_topoaa
[2026-02-13 12:49:43,658 libworkflow INFO] Reading instructions step 1_rigidbody
[2026-02-13 12:49:43,658 libworkflow INFO] Reading instructions step 2_flexref
[2026-02-13 12:49:43,659 libworkflow INFO] Reading instructions step 3_emref
[2026-02-13 12:49:43,673 base_cns_module INFO] Running [topoaa] module
[2026-02-13 12:49:43,673 __init__ INFO] [topoaa] Molecule 1: receptor_single_Pos_CCGCGTTTCATGGTAT-1_contig_1_1.pdb
[2026-02-13 12:49:43,674 __init__ INFO] [topoaa] Sanitizing molecule receptor_single_Pos_CCGCGTTTCATGGTAT-1_contig_1_1.pdb
[2026-02-13 12:49:43,681 __init__ INFO] [topoaa] Topology CNS input created
[2026-02-13 12:49:43,681 __init__ INFO] [topoaa] Molecule 2: ligand_single_Pos_CCGCGTTTCATGGTAT-1_contig_1_1.pdb
[2026-02-13 12:49:43,682 __init__ INFO] [topoaa] Sanitizing molecule ligand_single_Pos_CCGCGTTTCATGGTAT-1_contig_1_1.pdb
[2026-02-13 12:49:43,688 __init__ INFO] [topoaa] Topology CNS input created
[2026-02-13 12:49:43,688 __init__ INFO] [topoaa] Running CNS Jobs n=2
[2026-02-13 12:49:43,688 libutil INFO] Selected 2 cores to process 2 jobs, with 32 maximum available cores.
[2026-02-13 12:49:43,689 libparallel INFO] Using 2 cores
[2026-02-13 12:49:46,955 libparallel INFO] 2 tasks finished
[2026-02-13 12:49:46,955 __init__ INFO] [topoaa] CNS jobs have finished
[2026-02-13 12:49:46,957 base_cns_module INFO] Module [topoaa] finished.
[2026-02-13 12:49:46,957 __init__ INFO] [topoaa] took 3 seconds
[2026-02-13 12:49:47,335 base_cns_module INFO] Running [rigidbody] module
[2026-02-13 12:49:47,335 __init__ INFO] [rigidbody] crossdock=true
[2026-02-13 12:49:47,335 __init__ INFO] [rigidbody] Preparing jobs...
[2026-02-13 12:49:47,337 libutil INFO] Selected 20 cores to process 20 jobs, with 32 maximum available cores.
[2026-02-13 12:49:47,338 libparallel INFO] Using 20 cores
[2026-02-13 12:49:47,367 libparallel INFO] 20 tasks finished
[2026-02-13 12:49:47,368 __init__ INFO] [rigidbody] Preparation took 0.032509 seconds
[2026-02-13 12:49:47,369 __init__ INFO] [rigidbody] Running CNS Jobs n=20
[2026-02-13 12:49:47,369 libutil INFO] Selected 20 cores to process 20 jobs, with 32 maximum available cores.
[2026-02-13 12:49:47,370 libparallel INFO] Using 20 cores
[2026-02-13 12:49:58,682 libparallel INFO] 20 tasks finished
[2026-02-13 12:49:58,682 __init__ INFO] [rigidbody] CNS jobs have finished
[2026-02-13 12:49:58,719 base_cns_module INFO] Module [rigidbody] finished.
[2026-02-13 12:49:58,719 __init__ INFO] [rigidbody] took 11 seconds
[2026-02-13 12:49:59,108 base_cns_module INFO] Running [flexref] module
[2026-02-13 12:49:59,167 __init__ INFO] [flexref] Running CNS Jobs n=20
[2026-02-13 12:49:59,167 libutil INFO] Selected 20 cores to process 20 jobs, with 32 maximum available cores.
[2026-02-13 12:49:59,167 libparallel INFO] Using 20 cores
[2026-02-13 12:51:38,666 libparallel INFO] 20 tasks finished
[2026-02-13 12:51:38,667 __init__ INFO] [flexref] CNS jobs have finished
[2026-02-13 12:51:38,715 base_cns_module INFO] Module [flexref] finished.
[2026-02-13 12:51:38,715 __init__ INFO] [flexref] took 1 minute and 40 seconds
[2026-02-13 12:51:39,089 base_cns_module INFO] Running [emref] module
[2026-02-13 12:51:39,150 __init__ INFO] [emref] Running CNS Jobs n=20
[2026-02-13 12:51:39,150 libutil INFO] Selected 20 cores to process 20 jobs, with 32 maximum available cores.
[2026-02-13 12:51:39,151 libparallel INFO] Using 20 cores
[2026-02-13 12:51:46,807 libparallel INFO] 20 tasks finished
[2026-02-13 12:51:46,807 __init__ INFO] [emref] CNS jobs have finished
[2026-02-13 12:51:46,839 base_cns_module INFO] Module [emref] finished.
[2026-02-13 12:51:46,839 __init__ INFO] [emref] took 8 seconds
[2026-02-13 12:51:46,839 cli_analyse INFO] Running haddock3-analyse on ./, modules [], with top_cluster = 10
[2026-02-13 12:51:46,846 cli_analyse INFO] Created directory: /mnt/Data/PopOS/Data_Ana/Wu/clawdPorjects/HADDOCK_test/results/run_Pos_CCGCGTTTCATGGTAT-1_contig_1_1/analysis
[2026-02-13 12:51:46,846 cli_analyse INFO] Reading input run directory
[2026-02-13 12:51:46,846 cli_analyse INFO] selected steps: 0_topoaa, 1_rigidbody, 2_flexref, 3_emref
[2026-02-13 12:51:46,846 cli_analyse INFO] Analysing step 0_topoaa
[2026-02-13 12:51:46,846 cli_analyse WARNING] Could not execute the analysis for step 0_topoaa. The following error occurred 'dict' object has no attribute 'rel_path'
[2026-02-13 12:51:46,846 cli_analyse INFO] Analysing step 1_rigidbody
[2026-02-13 12:51:46,848 cli_unpack INFO] Unpacking '../1_rigidbody' folder
[2026-02-13 12:51:46,848 libtimer INFO] unpacking took 0 seconds
[2026-02-13 12:51:46,861 capri INFO] Found previous CNS step: 1_rigidbody
[2026-02-13 12:51:46,971 capri INFO] Saved scoring weights to: weights_params.json
[2026-02-13 12:51:46,971 __init__ INFO] [caprieval] No reference structure provided. Using the structure with the lowest score from previous step
[2026-02-13 12:51:47,056 libutil INFO] Selected 20 cores to process 20 jobs, with 32 maximum available cores.
[2026-02-13 12:51:47,056 libparallel INFO] Using 20 cores
[2026-02-13 12:51:47,486 libparallel INFO] 20 tasks finished
[2026-02-13 12:51:47,487 capri INFO] Rearranging cluster information into capri_clt.tsv
[2026-02-13 12:51:47,491 cli_clean INFO] Compressing '../1_rigidbody' folder
[2026-02-13 12:51:47,491 clean_steps INFO] Cleaning output for '../1_rigidbody' using 20 cores.
[2026-02-13 12:51:47,611 libtimer INFO] compressing took 0 seconds
[2026-02-13 12:51:47,611 cli_analyse INFO] CAPRI files identified
[2026-02-13 12:51:47,613 cli_analyse INFO] Plotting results..
[2026-02-13 12:51:48,834 cli_analyse INFO] Summary archive summary.tgz created!
[2026-02-13 12:51:48,834 cli_analyse INFO] Analysing step 2_flexref
[2026-02-13 12:51:48,836 cli_unpack INFO] Unpacking '../2_flexref' folder
[2026-02-13 12:51:48,837 libtimer INFO] unpacking took 0 seconds
[2026-02-13 12:51:48,850 capri INFO] Found previous CNS step: 2_flexref
[2026-02-13 12:51:49,097 capri INFO] Saved scoring weights to: weights_params.json
[2026-02-13 12:51:49,097 __init__ INFO] [caprieval] No reference structure provided. Using the structure with the lowest score from previous step
[2026-02-13 12:51:49,185 libutil INFO] Selected 20 cores to process 20 jobs, with 32 maximum available cores.
[2026-02-13 12:51:49,185 libparallel INFO] Using 20 cores
[2026-02-13 12:51:49,577 libparallel INFO] 20 tasks finished
[2026-02-13 12:51:49,579 capri INFO] Rearranging cluster information into capri_clt.tsv
[2026-02-13 12:51:49,586 cli_clean INFO] Compressing '../2_flexref' folder
[2026-02-13 12:51:49,587 clean_steps INFO] Cleaning output for '../2_flexref' using 20 cores.
[2026-02-13 12:51:49,720 libtimer INFO] compressing took 0 seconds
[2026-02-13 12:51:49,720 cli_analyse INFO] CAPRI files identified
[2026-02-13 12:51:49,722 cli_analyse INFO] Plotting results..
[2026-02-13 12:51:50,835 cli_analyse INFO] Summary archive summary.tgz created!
[2026-02-13 12:51:50,835 cli_analyse INFO] Analysing step 3_emref
[2026-02-13 12:51:50,838 cli_unpack INFO] Unpacking '../3_emref' folder
[2026-02-13 12:51:50,838 libtimer INFO] unpacking took 0 seconds
[2026-02-13 12:51:50,851 capri INFO] Found previous CNS step: 3_emref
[2026-02-13 12:51:50,953 capri INFO] Saved scoring weights to: weights_params.json
[2026-02-13 12:51:50,953 __init__ INFO] [caprieval] No reference structure provided. Using the structure with the lowest score from previous step
[2026-02-13 12:51:51,038 libutil INFO] Selected 20 cores to process 20 jobs, with 32 maximum available cores.
[2026-02-13 12:51:51,039 libparallel INFO] Using 20 cores
[2026-02-13 12:51:51,445 libparallel INFO] 20 tasks finished
[2026-02-13 12:51:51,446 capri INFO] Rearranging cluster information into capri_clt.tsv
[2026-02-13 12:51:51,453 cli_clean INFO] Compressing '../3_emref' folder
[2026-02-13 12:51:51,453 clean_steps INFO] Cleaning output for '../3_emref' using 20 cores.
[2026-02-13 12:51:51,579 libtimer INFO] compressing took 0 seconds
[2026-02-13 12:51:51,579 cli_analyse INFO] CAPRI files identified
[2026-02-13 12:51:51,581 cli_analyse INFO] Plotting results..
[2026-02-13 12:51:52,695 cli_analyse INFO] Summary archive summary.tgz created!
[2026-02-13 12:51:52,695 cli_analyse INFO] moving files to analysis folder
[2026-02-13 12:51:52,695 cli_analyse INFO] cancelling unsuccesful analysis folders
[2026-02-13 12:51:52,695 cli_analyse INFO] updating paths in analysis/1_rigidbody_analysis/capri_ss.tsv
[2026-02-13 12:51:52,696 cli_analyse INFO] View the results in analysis/1_rigidbody_analysis/report.html
[2026-02-13 12:51:52,696 cli_analyse INFO] To view structures or download the structure files, in a terminal run the command `python -m http.server --directory /mnt/Data/PopOS/Data_Ana/Wu/clawdPorjects/HADDOCK_test/results/run_Pos_CCGCGTTTCATGGTAT-1_contig_1_1`. By default, http server runs on `http://0.0.0.0:8000/`. Open the link http://0.0.0.0:8000/analysis/1_rigidbody_analysis/report.html in a web browser.
[2026-02-13 12:51:52,696 cli_analyse INFO] updating paths in analysis/2_flexref_analysis/capri_ss.tsv
[2026-02-13 12:51:52,696 cli_analyse INFO] View the results in analysis/2_flexref_analysis/report.html
[2026-02-13 12:51:52,696 cli_analyse INFO] To view structures or download the structure files, in a terminal run the command `python -m http.server --directory /mnt/Data/PopOS/Data_Ana/Wu/clawdPorjects/HADDOCK_test/results/run_Pos_CCGCGTTTCATGGTAT-1_contig_1_1`. By default, http server runs on `http://0.0.0.0:8000/`. Open the link http://0.0.0.0:8000/analysis/2_flexref_analysis/report.html in a web browser.
[2026-02-13 12:51:52,696 cli_analyse INFO] updating paths in analysis/3_emref_analysis/capri_ss.tsv
[2026-02-13 12:51:52,696 cli_analyse INFO] View the results in analysis/3_emref_analysis/report.html
[2026-02-13 12:51:52,696 cli_analyse INFO] To view structures or download the structure files, in a terminal run the command `python -m http.server --directory /mnt/Data/PopOS/Data_Ana/Wu/clawdPorjects/HADDOCK_test/results/run_Pos_CCGCGTTTCATGGTAT-1_contig_1_1`. By default, http server runs on `http://0.0.0.0:8000/`. Open the link http://0.0.0.0:8000/analysis/3_emref_analysis/report.html in a web browser.
[2026-02-13 12:51:52,696 cli_traceback INFO] Running haddock3-traceback on ./
[2026-02-13 12:51:52,696 cli_traceback INFO] Reading input run directory
[2026-02-13 12:51:52,696 cli_traceback INFO] All_steps: 0_topoaa, 1_rigidbody, 2_flexref, 3_emref
[2026-02-13 12:51:52,697 cli_traceback INFO] Modules not to be analysed: 0_topoaa
[2026-02-13 12:51:52,697 cli_traceback INFO] Steps to trace back: 1_rigidbody, 2_flexref, 3_emref
[2026-02-13 12:51:52,697 cli_traceback INFO] Created directory: /mnt/Data/PopOS/Data_Ana/Wu/clawdPorjects/HADDOCK_test/results/run_Pos_CCGCGTTTCATGGTAT-1_contig_1_1/traceback
[2026-02-13 12:51:52,697 cli_traceback INFO] Tracing back step 3_emref
[2026-02-13 12:51:52,699 cli_traceback INFO] Tracing back step 2_flexref
[2026-02-13 12:51:52,701 cli_traceback INFO] Tracing back step 1_rigidbody
[2026-02-13 12:51:52,705 cli_traceback INFO] Output dataframe traceback/traceback.tsv created with shape (20, 8)
[2026-02-13 12:51:52,733 clean_steps INFO] Cleaning output for '0_topoaa' using 20 cores.
[2026-02-13 12:51:52,880 libtimer INFO] cleaning output files took 0 seconds
[2026-02-13 12:51:52,880 clean_steps INFO] Cleaning output for '1_rigidbody' using 20 cores.
[2026-02-13 12:51:52,890 libtimer INFO] cleaning output files took 0 seconds
[2026-02-13 12:51:52,890 clean_steps INFO] Cleaning output for '2_flexref' using 20 cores.
[2026-02-13 12:51:52,907 libtimer INFO] cleaning output files took 0 seconds
[2026-02-13 12:51:52,908 clean_steps INFO] Cleaning output for '3_emref' using 20 cores.
[2026-02-13 12:51:52,925 libtimer INFO] cleaning output files took 0 seconds
[2026-02-13 12:51:52,926 cli INFO] This HADDOCK3 run took: 2 minutes and 13 seconds
[2026-02-13 12:51:52,926 greetings INFO] Your feedback matters in Haddock3! Share your experience and help us grow:
[2026-02-13 12:51:52,926 greetings INFO] GitHub issues: https://github.com/haddocking/haddock3/issues
[2026-02-13 12:51:52,926 greetings INFO] BioExcel feedback: https://www.bonvinlab.org/feedback
[2026-02-13 12:51:52,926 greetings INFO] BioExcel forum: https://ask.bioexcel.eu/c/haddock/6
[2026-02-13 12:51:52,926 cli INFO] Finished at 13/02/2026 12:51:52. Ciao! Do pobachennya! Até logo!
