[2026-02-13 12:11:21,169 cli INFO] 
##############################################
#                                            #
#                 HADDOCK3                   #
#                                            #
##############################################

!! Some of the HADDOCK3 components use CNS (Crystallographic and NMR System) which is free of use for non-profit applications. !!
!! For commercial use it is your own responsibility to have a proper license. !!
!! For details refer to the DISCLAIMER file in the HADDOCK3 repository. !!

Starting HADDOCK3 v2024.10.0b7 on 2026-02-13 12:11:00

Python 3.10.12 (main, Feb  4 2025, 14:57:36) [GCC 11.4.0]

[2026-02-13 12:11:24,862 libworkflow INFO] Reading instructions step 0_topoaa
[2026-02-13 12:11:24,862 libworkflow INFO] Reading instructions step 1_rigidbody
[2026-02-13 12:11:24,862 libworkflow INFO] Reading instructions step 2_flexref
[2026-02-13 12:11:24,862 libworkflow INFO] Reading instructions step 3_emref
[2026-02-13 12:11:24,876 base_cns_module INFO] Running [topoaa] module
[2026-02-13 12:11:24,876 __init__ INFO] [topoaa] Molecule 1: receptor_single_Pos_AATCAGCGTACGTTGG-1_contig_1_1.pdb
[2026-02-13 12:11:24,878 __init__ INFO] [topoaa] Sanitizing molecule receptor_single_Pos_AATCAGCGTACGTTGG-1_contig_1_1.pdb
[2026-02-13 12:11:24,885 __init__ INFO] [topoaa] Topology CNS input created
[2026-02-13 12:11:24,885 __init__ INFO] [topoaa] Molecule 2: ligand_single_Pos_AATCAGCGTACGTTGG-1_contig_1_1.pdb
[2026-02-13 12:11:24,886 __init__ INFO] [topoaa] Sanitizing molecule ligand_single_Pos_AATCAGCGTACGTTGG-1_contig_1_1.pdb
[2026-02-13 12:11:24,892 __init__ INFO] [topoaa] Topology CNS input created
[2026-02-13 12:11:24,892 __init__ INFO] [topoaa] Running CNS Jobs n=2
[2026-02-13 12:11:24,892 libutil INFO] Selected 2 cores to process 2 jobs, with 32 maximum available cores.
[2026-02-13 12:11:24,893 libparallel INFO] Using 2 cores
[2026-02-13 12:11:28,127 libparallel INFO] 2 tasks finished
[2026-02-13 12:11:28,127 __init__ INFO] [topoaa] CNS jobs have finished
[2026-02-13 12:11:28,129 base_cns_module INFO] Module [topoaa] finished.
[2026-02-13 12:11:28,129 __init__ INFO] [topoaa] took 3 seconds
[2026-02-13 12:11:28,469 base_cns_module INFO] Running [rigidbody] module
[2026-02-13 12:11:28,470 __init__ INFO] [rigidbody] crossdock=true
[2026-02-13 12:11:28,470 __init__ INFO] [rigidbody] Preparing jobs...
[2026-02-13 12:11:28,472 libutil INFO] Selected 20 cores to process 20 jobs, with 32 maximum available cores.
[2026-02-13 12:11:28,472 libparallel INFO] Using 20 cores
[2026-02-13 12:11:28,501 libparallel INFO] 20 tasks finished
[2026-02-13 12:11:28,502 __init__ INFO] [rigidbody] Preparation took 0.031857 seconds
[2026-02-13 12:11:28,503 __init__ INFO] [rigidbody] Running CNS Jobs n=20
[2026-02-13 12:11:28,503 libutil INFO] Selected 20 cores to process 20 jobs, with 32 maximum available cores.
[2026-02-13 12:11:28,504 libparallel INFO] Using 20 cores
[2026-02-13 12:11:39,220 libparallel INFO] 20 tasks finished
[2026-02-13 12:11:39,220 __init__ INFO] [rigidbody] CNS jobs have finished
[2026-02-13 12:11:39,248 base_cns_module INFO] Module [rigidbody] finished.
[2026-02-13 12:11:39,248 __init__ INFO] [rigidbody] took 11 seconds
[2026-02-13 12:11:39,626 base_cns_module INFO] Running [flexref] module
[2026-02-13 12:11:39,683 __init__ INFO] [flexref] Running CNS Jobs n=20
[2026-02-13 12:11:39,683 libutil INFO] Selected 20 cores to process 20 jobs, with 32 maximum available cores.
[2026-02-13 12:11:39,683 libparallel INFO] Using 20 cores
[2026-02-13 12:13:14,185 libparallel INFO] 20 tasks finished
[2026-02-13 12:13:14,185 __init__ INFO] [flexref] CNS jobs have finished
[2026-02-13 12:13:14,212 base_cns_module INFO] Module [flexref] finished.
[2026-02-13 12:13:14,212 __init__ INFO] [flexref] took 1 minute and 35 seconds
[2026-02-13 12:13:14,554 base_cns_module INFO] Running [emref] module
[2026-02-13 12:13:14,610 __init__ INFO] [emref] Running CNS Jobs n=20
[2026-02-13 12:13:14,610 libutil INFO] Selected 20 cores to process 20 jobs, with 32 maximum available cores.
[2026-02-13 12:13:14,611 libparallel INFO] Using 20 cores
[2026-02-13 12:13:21,886 libparallel INFO] 20 tasks finished
[2026-02-13 12:13:21,886 __init__ INFO] [emref] CNS jobs have finished
[2026-02-13 12:13:21,915 base_cns_module INFO] Module [emref] finished.
[2026-02-13 12:13:21,915 __init__ INFO] [emref] took 7 seconds
[2026-02-13 12:13:21,915 cli_analyse INFO] Running haddock3-analyse on ./, modules [], with top_cluster = 10
[2026-02-13 12:13:21,921 cli_analyse INFO] Created directory: /mnt/Data/PopOS/Data_Ana/Wu/clawdPorjects/HADDOCK_test/results/run_Pos_AATCAGCGTACGTTGG-1_contig_1_1/analysis
[2026-02-13 12:13:21,922 cli_analyse INFO] Reading input run directory
[2026-02-13 12:13:21,922 cli_analyse INFO] selected steps: 0_topoaa, 1_rigidbody, 2_flexref, 3_emref
[2026-02-13 12:13:21,922 cli_analyse INFO] Analysing step 0_topoaa
[2026-02-13 12:13:21,922 cli_analyse WARNING] Could not execute the analysis for step 0_topoaa. The following error occurred 'dict' object has no attribute 'rel_path'
[2026-02-13 12:13:21,922 cli_analyse INFO] Analysing step 1_rigidbody
[2026-02-13 12:13:21,923 cli_unpack INFO] Unpacking '../1_rigidbody' folder
[2026-02-13 12:13:21,924 libtimer INFO] unpacking took 0 seconds
[2026-02-13 12:13:21,937 capri INFO] Found previous CNS step: 1_rigidbody
[2026-02-13 12:13:22,044 capri INFO] Saved scoring weights to: weights_params.json
[2026-02-13 12:13:22,044 __init__ INFO] [caprieval] No reference structure provided. Using the structure with the lowest score from previous step
[2026-02-13 12:13:22,130 libutil INFO] Selected 20 cores to process 20 jobs, with 32 maximum available cores.
[2026-02-13 12:13:22,130 libparallel INFO] Using 20 cores
[2026-02-13 12:13:22,582 libparallel INFO] 20 tasks finished
[2026-02-13 12:13:22,583 capri INFO] Rearranging cluster information into capri_clt.tsv
[2026-02-13 12:13:22,590 cli_clean INFO] Compressing '../1_rigidbody' folder
[2026-02-13 12:13:22,591 clean_steps INFO] Cleaning output for '../1_rigidbody' using 20 cores.
[2026-02-13 12:13:22,711 libtimer INFO] compressing took 0 seconds
[2026-02-13 12:13:22,711 cli_analyse INFO] CAPRI files identified
[2026-02-13 12:13:22,713 cli_analyse INFO] Plotting results..
[2026-02-13 12:13:23,918 cli_analyse INFO] Summary archive summary.tgz created!
[2026-02-13 12:13:23,918 cli_analyse INFO] Analysing step 2_flexref
[2026-02-13 12:13:23,920 cli_unpack INFO] Unpacking '../2_flexref' folder
[2026-02-13 12:13:23,920 libtimer INFO] unpacking took 0 seconds
[2026-02-13 12:13:23,934 capri INFO] Found previous CNS step: 2_flexref
[2026-02-13 12:13:24,170 capri INFO] Saved scoring weights to: weights_params.json
[2026-02-13 12:13:24,170 __init__ INFO] [caprieval] No reference structure provided. Using the structure with the lowest score from previous step
[2026-02-13 12:13:24,257 libutil INFO] Selected 20 cores to process 20 jobs, with 32 maximum available cores.
[2026-02-13 12:13:24,257 libparallel INFO] Using 20 cores
[2026-02-13 12:13:24,653 libparallel INFO] 20 tasks finished
[2026-02-13 12:13:24,654 capri INFO] Rearranging cluster information into capri_clt.tsv
[2026-02-13 12:13:24,660 cli_clean INFO] Compressing '../2_flexref' folder
[2026-02-13 12:13:24,660 clean_steps INFO] Cleaning output for '../2_flexref' using 20 cores.
[2026-02-13 12:13:24,780 libtimer INFO] compressing took 0 seconds
[2026-02-13 12:13:24,780 cli_analyse INFO] CAPRI files identified
[2026-02-13 12:13:24,782 cli_analyse INFO] Plotting results..
[2026-02-13 12:13:25,875 cli_analyse INFO] Summary archive summary.tgz created!
[2026-02-13 12:13:25,875 cli_analyse INFO] Analysing step 3_emref
[2026-02-13 12:13:25,878 cli_unpack INFO] Unpacking '../3_emref' folder
[2026-02-13 12:13:25,878 libtimer INFO] unpacking took 0 seconds
[2026-02-13 12:13:25,891 capri INFO] Found previous CNS step: 3_emref
[2026-02-13 12:13:25,992 capri INFO] Saved scoring weights to: weights_params.json
[2026-02-13 12:13:25,992 __init__ INFO] [caprieval] No reference structure provided. Using the structure with the lowest score from previous step
[2026-02-13 12:13:26,078 libutil INFO] Selected 20 cores to process 20 jobs, with 32 maximum available cores.
[2026-02-13 12:13:26,078 libparallel INFO] Using 20 cores
[2026-02-13 12:13:26,480 libparallel INFO] 20 tasks finished
[2026-02-13 12:13:26,480 capri INFO] Rearranging cluster information into capri_clt.tsv
[2026-02-13 12:13:26,488 cli_clean INFO] Compressing '../3_emref' folder
[2026-02-13 12:13:26,488 clean_steps INFO] Cleaning output for '../3_emref' using 20 cores.
[2026-02-13 12:13:26,628 libtimer INFO] compressing took 0 seconds
[2026-02-13 12:13:26,628 cli_analyse INFO] CAPRI files identified
[2026-02-13 12:13:26,630 cli_analyse INFO] Plotting results..
[2026-02-13 12:13:27,755 cli_analyse INFO] Summary archive summary.tgz created!
[2026-02-13 12:13:27,755 cli_analyse INFO] moving files to analysis folder
[2026-02-13 12:13:27,755 cli_analyse INFO] cancelling unsuccesful analysis folders
[2026-02-13 12:13:27,755 cli_analyse INFO] updating paths in analysis/1_rigidbody_analysis/capri_ss.tsv
[2026-02-13 12:13:27,755 cli_analyse INFO] View the results in analysis/1_rigidbody_analysis/report.html
[2026-02-13 12:13:27,755 cli_analyse INFO] To view structures or download the structure files, in a terminal run the command `python -m http.server --directory /mnt/Data/PopOS/Data_Ana/Wu/clawdPorjects/HADDOCK_test/results/run_Pos_AATCAGCGTACGTTGG-1_contig_1_1`. By default, http server runs on `http://0.0.0.0:8000/`. Open the link http://0.0.0.0:8000/analysis/1_rigidbody_analysis/report.html in a web browser.
[2026-02-13 12:13:27,755 cli_analyse INFO] updating paths in analysis/2_flexref_analysis/capri_ss.tsv
[2026-02-13 12:13:27,756 cli_analyse INFO] View the results in analysis/2_flexref_analysis/report.html
[2026-02-13 12:13:27,756 cli_analyse INFO] To view structures or download the structure files, in a terminal run the command `python -m http.server --directory /mnt/Data/PopOS/Data_Ana/Wu/clawdPorjects/HADDOCK_test/results/run_Pos_AATCAGCGTACGTTGG-1_contig_1_1`. By default, http server runs on `http://0.0.0.0:8000/`. Open the link http://0.0.0.0:8000/analysis/2_flexref_analysis/report.html in a web browser.
[2026-02-13 12:13:27,756 cli_analyse INFO] updating paths in analysis/3_emref_analysis/capri_ss.tsv
[2026-02-13 12:13:27,756 cli_analyse INFO] View the results in analysis/3_emref_analysis/report.html
[2026-02-13 12:13:27,756 cli_analyse INFO] To view structures or download the structure files, in a terminal run the command `python -m http.server --directory /mnt/Data/PopOS/Data_Ana/Wu/clawdPorjects/HADDOCK_test/results/run_Pos_AATCAGCGTACGTTGG-1_contig_1_1`. By default, http server runs on `http://0.0.0.0:8000/`. Open the link http://0.0.0.0:8000/analysis/3_emref_analysis/report.html in a web browser.
[2026-02-13 12:13:27,756 cli_traceback INFO] Running haddock3-traceback on ./
[2026-02-13 12:13:27,756 cli_traceback INFO] Reading input run directory
[2026-02-13 12:13:27,756 cli_traceback INFO] All_steps: 0_topoaa, 1_rigidbody, 2_flexref, 3_emref
[2026-02-13 12:13:27,756 cli_traceback INFO] Modules not to be analysed: 0_topoaa
[2026-02-13 12:13:27,756 cli_traceback INFO] Steps to trace back: 1_rigidbody, 2_flexref, 3_emref
[2026-02-13 12:13:27,756 cli_traceback INFO] Created directory: /mnt/Data/PopOS/Data_Ana/Wu/clawdPorjects/HADDOCK_test/results/run_Pos_AATCAGCGTACGTTGG-1_contig_1_1/traceback
[2026-02-13 12:13:27,757 cli_traceback INFO] Tracing back step 3_emref
[2026-02-13 12:13:27,759 cli_traceback INFO] Tracing back step 2_flexref
[2026-02-13 12:13:27,761 cli_traceback INFO] Tracing back step 1_rigidbody
[2026-02-13 12:13:27,765 cli_traceback INFO] Output dataframe traceback/traceback.tsv created with shape (20, 8)
[2026-02-13 12:13:27,792 clean_steps INFO] Cleaning output for '0_topoaa' using 20 cores.
[2026-02-13 12:13:27,940 libtimer INFO] cleaning output files took 0 seconds
[2026-02-13 12:13:27,940 clean_steps INFO] Cleaning output for '1_rigidbody' using 20 cores.
[2026-02-13 12:13:27,949 libtimer INFO] cleaning output files took 0 seconds
[2026-02-13 12:13:27,949 clean_steps INFO] Cleaning output for '2_flexref' using 20 cores.
[2026-02-13 12:13:27,961 libtimer INFO] cleaning output files took 0 seconds
[2026-02-13 12:13:27,961 clean_steps INFO] Cleaning output for '3_emref' using 20 cores.
[2026-02-13 12:13:27,981 libtimer INFO] cleaning output files took 0 seconds
[2026-02-13 12:13:27,981 cli INFO] This HADDOCK3 run took: 2 minutes and 7 seconds
[2026-02-13 12:13:27,982 greetings INFO] Your feedback matters in Haddock3! Share your experience and help us grow:
[2026-02-13 12:13:27,982 greetings INFO] GitHub issues: https://github.com/haddocking/haddock3/issues
[2026-02-13 12:13:27,982 greetings INFO] BioExcel feedback: https://www.bonvinlab.org/feedback
[2026-02-13 12:13:27,982 greetings INFO] BioExcel forum: https://ask.bioexcel.eu/c/haddock/6
[2026-02-13 12:13:27,982 cli INFO] Finished at 13/02/2026 12:13:27. Dovidenia! Good bye! Adiós!
