[2026-02-06 06:03:25,472 cli INFO] 
##############################################
#                                            #
#                 HADDOCK3                   #
#                                            #
##############################################

!! Some of the HADDOCK3 components use CNS (Crystallographic and NMR System) which is free of use for non-profit applications. !!
!! For commercial use it is your own responsibility to have a proper license. !!
!! For details refer to the DISCLAIMER file in the HADDOCK3 repository. !!

Starting HADDOCK3 v2024.10.0b7 on 2026-02-06 06:03:00

Python 3.10.12 (main, Feb  4 2025, 14:57:36) [GCC 11.4.0]

[2026-02-06 06:03:29,121 libworkflow INFO] Reading instructions step 0_topoaa
[2026-02-06 06:03:29,121 libworkflow INFO] Reading instructions step 1_rigidbody
[2026-02-06 06:03:29,121 libworkflow INFO] Reading instructions step 2_flexref
[2026-02-06 06:03:29,122 libworkflow INFO] Reading instructions step 3_emref
[2026-02-06 06:03:29,135 base_cns_module INFO] Running [topoaa] module
[2026-02-06 06:03:29,136 __init__ INFO] [topoaa] Molecule 1: receptor_single_refold_9DO2_Epi.pdb
[2026-02-06 06:03:29,138 __init__ INFO] [topoaa] Sanitizing molecule receptor_single_refold_9DO2_Epi.pdb
[2026-02-06 06:03:29,150 __init__ INFO] [topoaa] Topology CNS input created
[2026-02-06 06:03:29,150 __init__ INFO] [topoaa] Molecule 2: ligand_single_refold_9DO2_Epi.pdb
[2026-02-06 06:03:29,150 __init__ INFO] [topoaa] Sanitizing molecule ligand_single_refold_9DO2_Epi.pdb
[2026-02-06 06:03:29,154 __init__ INFO] [topoaa] Topology CNS input created
[2026-02-06 06:03:29,154 __init__ INFO] [topoaa] Running CNS Jobs n=2
[2026-02-06 06:03:29,154 libutil INFO] Selected 2 cores to process 2 jobs, with 32 maximum available cores.
[2026-02-06 06:03:29,155 libparallel INFO] Using 2 cores
[2026-02-06 06:03:36,375 libparallel INFO] 2 tasks finished
[2026-02-06 06:03:36,375 __init__ INFO] [topoaa] CNS jobs have finished
[2026-02-06 06:03:36,377 base_cns_module INFO] Module [topoaa] finished.
[2026-02-06 06:03:36,377 __init__ INFO] [topoaa] took 7 seconds
[2026-02-06 06:03:36,709 base_cns_module INFO] Running [rigidbody] module
[2026-02-06 06:03:36,710 __init__ INFO] [rigidbody] crossdock=true
[2026-02-06 06:03:36,710 __init__ INFO] [rigidbody] Preparing jobs...
[2026-02-06 06:03:36,713 libutil INFO] Selected 20 cores to process 20 jobs, with 32 maximum available cores.
[2026-02-06 06:03:36,713 libparallel INFO] Using 20 cores
[2026-02-06 06:03:36,741 libparallel INFO] 20 tasks finished
[2026-02-06 06:03:36,742 __init__ INFO] [rigidbody] Preparation took 0.031934 seconds
[2026-02-06 06:03:36,743 __init__ INFO] [rigidbody] Running CNS Jobs n=20
[2026-02-06 06:03:36,743 libutil INFO] Selected 20 cores to process 20 jobs, with 32 maximum available cores.
[2026-02-06 06:03:36,743 libparallel INFO] Using 20 cores
[2026-02-06 06:03:54,655 libparallel INFO] 20 tasks finished
[2026-02-06 06:03:54,655 __init__ INFO] [rigidbody] CNS jobs have finished
[2026-02-06 06:03:54,697 base_cns_module INFO] Module [rigidbody] finished.
[2026-02-06 06:03:54,697 __init__ INFO] [rigidbody] took 18 seconds
[2026-02-06 06:03:55,069 base_cns_module INFO] Running [flexref] module
[2026-02-06 06:03:55,152 __init__ INFO] [flexref] Running CNS Jobs n=20
[2026-02-06 06:03:55,152 libutil INFO] Selected 20 cores to process 20 jobs, with 32 maximum available cores.
[2026-02-06 06:03:55,152 libparallel INFO] Using 20 cores
[2026-02-06 06:06:34,454 libparallel INFO] 20 tasks finished
[2026-02-06 06:06:34,454 __init__ INFO] [flexref] CNS jobs have finished
[2026-02-06 06:06:34,546 base_cns_module INFO] Module [flexref] finished.
[2026-02-06 06:06:34,546 __init__ INFO] [flexref] took 2 minutes and 39 seconds
[2026-02-06 06:06:34,880 base_cns_module INFO] Running [emref] module
[2026-02-06 06:06:34,962 __init__ INFO] [emref] Running CNS Jobs n=20
[2026-02-06 06:06:34,963 libutil INFO] Selected 20 cores to process 20 jobs, with 32 maximum available cores.
[2026-02-06 06:06:34,963 libparallel INFO] Using 20 cores
[2026-02-06 06:06:46,370 libparallel INFO] 20 tasks finished
[2026-02-06 06:06:46,371 __init__ INFO] [emref] CNS jobs have finished
[2026-02-06 06:06:46,409 base_cns_module INFO] Module [emref] finished.
[2026-02-06 06:06:46,409 __init__ INFO] [emref] took 12 seconds
[2026-02-06 06:06:46,409 cli_analyse INFO] Running haddock3-analyse on ./, modules [], with top_cluster = 10
[2026-02-06 06:06:46,415 cli_analyse INFO] Created directory: /mnt/Data/PopOS/Data_Ana/Wu/clawdPorjects/HADDOCK_test/results/run_refold_9DO2_Epi/analysis
[2026-02-06 06:06:46,416 cli_analyse INFO] Reading input run directory
[2026-02-06 06:06:46,416 cli_analyse INFO] selected steps: 0_topoaa, 1_rigidbody, 2_flexref, 3_emref
[2026-02-06 06:06:46,416 cli_analyse INFO] Analysing step 0_topoaa
[2026-02-06 06:06:46,416 cli_analyse WARNING] Could not execute the analysis for step 0_topoaa. The following error occurred 'dict' object has no attribute 'rel_path'
[2026-02-06 06:06:46,416 cli_analyse INFO] Analysing step 1_rigidbody
[2026-02-06 06:06:46,417 cli_unpack INFO] Unpacking '../1_rigidbody' folder
[2026-02-06 06:06:46,418 libtimer INFO] unpacking took 0 seconds
[2026-02-06 06:06:46,431 capri INFO] Found previous CNS step: 1_rigidbody
[2026-02-06 06:06:46,540 capri INFO] Saved scoring weights to: weights_params.json
[2026-02-06 06:06:46,540 __init__ INFO] [caprieval] No reference structure provided. Using the structure with the lowest score from previous step
[2026-02-06 06:06:46,674 libutil INFO] Selected 20 cores to process 20 jobs, with 32 maximum available cores.
[2026-02-06 06:06:46,674 libparallel INFO] Using 20 cores
[2026-02-06 06:06:47,347 libparallel INFO] 20 tasks finished
[2026-02-06 06:06:47,349 capri INFO] Rearranging cluster information into capri_clt.tsv
[2026-02-06 06:06:47,356 cli_clean INFO] Compressing '../1_rigidbody' folder
[2026-02-06 06:06:47,356 clean_steps INFO] Cleaning output for '../1_rigidbody' using 20 cores.
[2026-02-06 06:06:47,532 libtimer INFO] compressing took 0 seconds
[2026-02-06 06:06:47,532 cli_analyse INFO] CAPRI files identified
[2026-02-06 06:06:47,535 cli_analyse INFO] Plotting results..
[2026-02-06 06:06:49,050 cli_analyse INFO] Summary archive summary.tgz created!
[2026-02-06 06:06:49,050 cli_analyse INFO] Analysing step 2_flexref
[2026-02-06 06:06:49,052 cli_unpack INFO] Unpacking '../2_flexref' folder
[2026-02-06 06:06:49,052 libtimer INFO] unpacking took 0 seconds
[2026-02-06 06:06:49,065 capri INFO] Found previous CNS step: 2_flexref
[2026-02-06 06:06:49,305 capri INFO] Saved scoring weights to: weights_params.json
[2026-02-06 06:06:49,305 __init__ INFO] [caprieval] No reference structure provided. Using the structure with the lowest score from previous step
[2026-02-06 06:06:49,448 libutil INFO] Selected 20 cores to process 20 jobs, with 32 maximum available cores.
[2026-02-06 06:06:49,448 libparallel INFO] Using 20 cores
[2026-02-06 06:06:50,167 libparallel INFO] 20 tasks finished
[2026-02-06 06:06:50,168 capri INFO] Rearranging cluster information into capri_clt.tsv
[2026-02-06 06:06:50,172 cli_clean INFO] Compressing '../2_flexref' folder
[2026-02-06 06:06:50,172 clean_steps INFO] Cleaning output for '../2_flexref' using 20 cores.
[2026-02-06 06:06:50,339 libtimer INFO] compressing took 0 seconds
[2026-02-06 06:06:50,340 cli_analyse INFO] CAPRI files identified
[2026-02-06 06:06:50,342 cli_analyse INFO] Plotting results..
[2026-02-06 06:06:51,838 cli_analyse INFO] Summary archive summary.tgz created!
[2026-02-06 06:06:51,838 cli_analyse INFO] Analysing step 3_emref
[2026-02-06 06:06:51,841 cli_unpack INFO] Unpacking '../3_emref' folder
[2026-02-06 06:06:51,841 libtimer INFO] unpacking took 0 seconds
[2026-02-06 06:06:51,854 capri INFO] Found previous CNS step: 3_emref
[2026-02-06 06:06:51,956 capri INFO] Saved scoring weights to: weights_params.json
[2026-02-06 06:06:51,956 __init__ INFO] [caprieval] No reference structure provided. Using the structure with the lowest score from previous step
[2026-02-06 06:06:52,091 libutil INFO] Selected 20 cores to process 20 jobs, with 32 maximum available cores.
[2026-02-06 06:06:52,091 libparallel INFO] Using 20 cores
[2026-02-06 06:06:52,797 libparallel INFO] 20 tasks finished
[2026-02-06 06:06:52,798 capri INFO] Rearranging cluster information into capri_clt.tsv
[2026-02-06 06:06:52,803 cli_clean INFO] Compressing '../3_emref' folder
[2026-02-06 06:06:52,803 clean_steps INFO] Cleaning output for '../3_emref' using 20 cores.
[2026-02-06 06:06:52,987 libtimer INFO] compressing took 0 seconds
[2026-02-06 06:06:52,988 cli_analyse INFO] CAPRI files identified
[2026-02-06 06:06:52,990 cli_analyse INFO] Plotting results..
[2026-02-06 06:06:54,385 cli_analyse INFO] Summary archive summary.tgz created!
[2026-02-06 06:06:54,385 cli_analyse INFO] moving files to analysis folder
[2026-02-06 06:06:54,386 cli_analyse INFO] cancelling unsuccesful analysis folders
[2026-02-06 06:06:54,386 cli_analyse INFO] updating paths in analysis/1_rigidbody_analysis/capri_ss.tsv
[2026-02-06 06:06:54,386 cli_analyse INFO] View the results in analysis/1_rigidbody_analysis/report.html
[2026-02-06 06:06:54,386 cli_analyse INFO] To view structures or download the structure files, in a terminal run the command `python -m http.server --directory /mnt/Data/PopOS/Data_Ana/Wu/clawdPorjects/HADDOCK_test/results/run_refold_9DO2_Epi`. By default, http server runs on `http://0.0.0.0:8000/`. Open the link http://0.0.0.0:8000/analysis/1_rigidbody_analysis/report.html in a web browser.
[2026-02-06 06:06:54,386 cli_analyse INFO] updating paths in analysis/2_flexref_analysis/capri_ss.tsv
[2026-02-06 06:06:54,386 cli_analyse INFO] View the results in analysis/2_flexref_analysis/report.html
[2026-02-06 06:06:54,386 cli_analyse INFO] To view structures or download the structure files, in a terminal run the command `python -m http.server --directory /mnt/Data/PopOS/Data_Ana/Wu/clawdPorjects/HADDOCK_test/results/run_refold_9DO2_Epi`. By default, http server runs on `http://0.0.0.0:8000/`. Open the link http://0.0.0.0:8000/analysis/2_flexref_analysis/report.html in a web browser.
[2026-02-06 06:06:54,386 cli_analyse INFO] updating paths in analysis/3_emref_analysis/capri_ss.tsv
[2026-02-06 06:06:54,386 cli_analyse INFO] View the results in analysis/3_emref_analysis/report.html
[2026-02-06 06:06:54,386 cli_analyse INFO] To view structures or download the structure files, in a terminal run the command `python -m http.server --directory /mnt/Data/PopOS/Data_Ana/Wu/clawdPorjects/HADDOCK_test/results/run_refold_9DO2_Epi`. By default, http server runs on `http://0.0.0.0:8000/`. Open the link http://0.0.0.0:8000/analysis/3_emref_analysis/report.html in a web browser.
[2026-02-06 06:06:54,386 cli_traceback INFO] Running haddock3-traceback on ./
[2026-02-06 06:06:54,386 cli_traceback INFO] Reading input run directory
[2026-02-06 06:06:54,387 cli_traceback INFO] All_steps: 0_topoaa, 1_rigidbody, 2_flexref, 3_emref
[2026-02-06 06:06:54,387 cli_traceback INFO] Modules not to be analysed: 0_topoaa
[2026-02-06 06:06:54,387 cli_traceback INFO] Steps to trace back: 1_rigidbody, 2_flexref, 3_emref
[2026-02-06 06:06:54,387 cli_traceback INFO] Created directory: /mnt/Data/PopOS/Data_Ana/Wu/clawdPorjects/HADDOCK_test/results/run_refold_9DO2_Epi/traceback
[2026-02-06 06:06:54,387 cli_traceback INFO] Tracing back step 3_emref
[2026-02-06 06:06:54,389 cli_traceback INFO] Tracing back step 2_flexref
[2026-02-06 06:06:54,391 cli_traceback INFO] Tracing back step 1_rigidbody
[2026-02-06 06:06:54,395 cli_traceback INFO] Output dataframe traceback/traceback.tsv created with shape (20, 8)
[2026-02-06 06:06:54,423 clean_steps INFO] Cleaning output for '0_topoaa' using 20 cores.
[2026-02-06 06:06:54,629 libtimer INFO] cleaning output files took 0 seconds
[2026-02-06 06:06:54,630 clean_steps INFO] Cleaning output for '1_rigidbody' using 20 cores.
[2026-02-06 06:06:54,637 libtimer INFO] cleaning output files took 0 seconds
[2026-02-06 06:06:54,638 clean_steps INFO] Cleaning output for '2_flexref' using 20 cores.
[2026-02-06 06:06:54,647 libtimer INFO] cleaning output files took 0 seconds
[2026-02-06 06:06:54,647 clean_steps INFO] Cleaning output for '3_emref' using 20 cores.
[2026-02-06 06:06:54,662 libtimer INFO] cleaning output files took 0 seconds
[2026-02-06 06:06:54,663 cli INFO] This HADDOCK3 run took: 3 minutes and 29 seconds
[2026-02-06 06:06:54,663 greetings INFO] Your feedback matters in Haddock3! Share your experience and help us grow:
[2026-02-06 06:06:54,663 greetings INFO] GitHub issues: https://github.com/haddocking/haddock3/issues
[2026-02-06 06:06:54,663 greetings INFO] BioExcel feedback: https://www.bonvinlab.org/feedback
[2026-02-06 06:06:54,663 greetings INFO] BioExcel forum: https://ask.bioexcel.eu/c/haddock/6
[2026-02-06 06:06:54,663 cli INFO] Finished at 06/02/2026 06:06:54. Tot ziens! Adiós! La revedere!
