[2026-02-06 05:12:59,726 cli INFO] 
##############################################
#                                            #
#                 HADDOCK3                   #
#                                            #
##############################################

!! Some of the HADDOCK3 components use CNS (Crystallographic and NMR System) which is free of use for non-profit applications. !!
!! For commercial use it is your own responsibility to have a proper license. !!
!! For details refer to the DISCLAIMER file in the HADDOCK3 repository. !!

Starting HADDOCK3 v2024.10.0b7 on 2026-02-06 05:12:00

Python 3.10.12 (main, Feb  4 2025, 14:57:36) [GCC 11.4.0]

[2026-02-06 05:13:03,364 libworkflow INFO] Reading instructions step 0_topoaa
[2026-02-06 05:13:03,364 libworkflow INFO] Reading instructions step 1_rigidbody
[2026-02-06 05:13:03,364 libworkflow INFO] Reading instructions step 2_flexref
[2026-02-06 05:13:03,365 libworkflow INFO] Reading instructions step 3_emref
[2026-02-06 05:13:03,378 base_cns_module INFO] Running [topoaa] module
[2026-02-06 05:13:03,378 __init__ INFO] [topoaa] Molecule 1: receptor_single_refold_1G23_Epi.pdb
[2026-02-06 05:13:03,380 __init__ INFO] [topoaa] Sanitizing molecule receptor_single_refold_1G23_Epi.pdb
[2026-02-06 05:13:03,386 __init__ INFO] [topoaa] Topology CNS input created
[2026-02-06 05:13:03,386 __init__ INFO] [topoaa] Molecule 2: ligand_single_refold_1G23_Epi.pdb
[2026-02-06 05:13:03,387 __init__ INFO] [topoaa] Sanitizing molecule ligand_single_refold_1G23_Epi.pdb
[2026-02-06 05:13:03,390 __init__ INFO] [topoaa] Topology CNS input created
[2026-02-06 05:13:03,390 __init__ INFO] [topoaa] Running CNS Jobs n=2
[2026-02-06 05:13:03,390 libutil INFO] Selected 2 cores to process 2 jobs, with 32 maximum available cores.
[2026-02-06 05:13:03,391 libparallel INFO] Using 2 cores
[2026-02-06 05:13:06,625 libparallel INFO] 2 tasks finished
[2026-02-06 05:13:06,626 __init__ INFO] [topoaa] CNS jobs have finished
[2026-02-06 05:13:06,628 base_cns_module INFO] Module [topoaa] finished.
[2026-02-06 05:13:06,628 __init__ INFO] [topoaa] took 3 seconds
[2026-02-06 05:13:06,961 base_cns_module INFO] Running [rigidbody] module
[2026-02-06 05:13:06,962 __init__ INFO] [rigidbody] crossdock=true
[2026-02-06 05:13:06,962 __init__ INFO] [rigidbody] Preparing jobs...
[2026-02-06 05:13:06,964 libutil INFO] Selected 20 cores to process 20 jobs, with 32 maximum available cores.
[2026-02-06 05:13:06,964 libparallel INFO] Using 20 cores
[2026-02-06 05:13:06,989 libparallel INFO] 20 tasks finished
[2026-02-06 05:13:06,990 __init__ INFO] [rigidbody] Preparation took 0.027951 seconds
[2026-02-06 05:13:06,991 __init__ INFO] [rigidbody] Running CNS Jobs n=20
[2026-02-06 05:13:06,991 libutil INFO] Selected 20 cores to process 20 jobs, with 32 maximum available cores.
[2026-02-06 05:13:06,992 libparallel INFO] Using 20 cores
[2026-02-06 05:13:17,863 libparallel INFO] 20 tasks finished
[2026-02-06 05:13:17,863 __init__ INFO] [rigidbody] CNS jobs have finished
[2026-02-06 05:13:17,895 base_cns_module INFO] Module [rigidbody] finished.
[2026-02-06 05:13:17,895 __init__ INFO] [rigidbody] took 11 seconds
[2026-02-06 05:13:18,266 base_cns_module INFO] Running [flexref] module
[2026-02-06 05:13:18,325 __init__ INFO] [flexref] Running CNS Jobs n=20
[2026-02-06 05:13:18,325 libutil INFO] Selected 20 cores to process 20 jobs, with 32 maximum available cores.
[2026-02-06 05:13:18,325 libparallel INFO] Using 20 cores
[2026-02-06 05:14:51,769 libparallel INFO] 20 tasks finished
[2026-02-06 05:14:51,769 __init__ INFO] [flexref] CNS jobs have finished
[2026-02-06 05:14:51,800 base_cns_module INFO] Module [flexref] finished.
[2026-02-06 05:14:51,800 __init__ INFO] [flexref] took 1 minute and 34 seconds
[2026-02-06 05:14:52,132 base_cns_module INFO] Running [emref] module
[2026-02-06 05:14:52,189 __init__ INFO] [emref] Running CNS Jobs n=20
[2026-02-06 05:14:52,189 libutil INFO] Selected 20 cores to process 20 jobs, with 32 maximum available cores.
[2026-02-06 05:14:52,189 libparallel INFO] Using 20 cores
[2026-02-06 05:14:59,439 libparallel INFO] 20 tasks finished
[2026-02-06 05:14:59,439 __init__ INFO] [emref] CNS jobs have finished
[2026-02-06 05:14:59,479 base_cns_module INFO] Module [emref] finished.
[2026-02-06 05:14:59,479 __init__ INFO] [emref] took 7 seconds
[2026-02-06 05:14:59,480 cli_analyse INFO] Running haddock3-analyse on ./, modules [], with top_cluster = 10
[2026-02-06 05:14:59,487 cli_analyse INFO] Created directory: /mnt/Data/PopOS/Data_Ana/Wu/clawdPorjects/HADDOCK_test/results/run_refold_1G23_Epi/analysis
[2026-02-06 05:14:59,487 cli_analyse INFO] Reading input run directory
[2026-02-06 05:14:59,488 cli_analyse INFO] selected steps: 0_topoaa, 1_rigidbody, 2_flexref, 3_emref
[2026-02-06 05:14:59,488 cli_analyse INFO] Analysing step 0_topoaa
[2026-02-06 05:14:59,488 cli_analyse WARNING] Could not execute the analysis for step 0_topoaa. The following error occurred 'dict' object has no attribute 'rel_path'
[2026-02-06 05:14:59,488 cli_analyse INFO] Analysing step 1_rigidbody
[2026-02-06 05:14:59,489 cli_unpack INFO] Unpacking '../1_rigidbody' folder
[2026-02-06 05:14:59,490 libtimer INFO] unpacking took 0 seconds
[2026-02-06 05:14:59,502 capri INFO] Found previous CNS step: 1_rigidbody
[2026-02-06 05:14:59,610 capri INFO] Saved scoring weights to: weights_params.json
[2026-02-06 05:14:59,610 __init__ INFO] [caprieval] No reference structure provided. Using the structure with the lowest score from previous step
[2026-02-06 05:14:59,695 libutil INFO] Selected 20 cores to process 20 jobs, with 32 maximum available cores.
[2026-02-06 05:14:59,695 libparallel INFO] Using 20 cores
[2026-02-06 05:15:00,206 libparallel INFO] 20 tasks finished
[2026-02-06 05:15:00,206 capri INFO] Rearranging cluster information into capri_clt.tsv
[2026-02-06 05:15:00,211 cli_clean INFO] Compressing '../1_rigidbody' folder
[2026-02-06 05:15:00,211 clean_steps INFO] Cleaning output for '../1_rigidbody' using 20 cores.
[2026-02-06 05:15:00,371 libtimer INFO] compressing took 0 seconds
[2026-02-06 05:15:00,371 cli_analyse INFO] CAPRI files identified
[2026-02-06 05:15:00,373 cli_analyse INFO] Plotting results..
[2026-02-06 05:15:01,675 cli_analyse INFO] Summary archive summary.tgz created!
[2026-02-06 05:15:01,675 cli_analyse INFO] Analysing step 2_flexref
[2026-02-06 05:15:01,677 cli_unpack INFO] Unpacking '../2_flexref' folder
[2026-02-06 05:15:01,678 libtimer INFO] unpacking took 0 seconds
[2026-02-06 05:15:01,691 capri INFO] Found previous CNS step: 2_flexref
[2026-02-06 05:15:01,927 capri INFO] Saved scoring weights to: weights_params.json
[2026-02-06 05:15:01,927 __init__ INFO] [caprieval] No reference structure provided. Using the structure with the lowest score from previous step
[2026-02-06 05:15:02,013 libutil INFO] Selected 20 cores to process 20 jobs, with 32 maximum available cores.
[2026-02-06 05:15:02,013 libparallel INFO] Using 20 cores
[2026-02-06 05:15:02,400 libparallel INFO] 20 tasks finished
[2026-02-06 05:15:02,402 capri INFO] Rearranging cluster information into capri_clt.tsv
[2026-02-06 05:15:02,409 cli_clean INFO] Compressing '../2_flexref' folder
[2026-02-06 05:15:02,409 clean_steps INFO] Cleaning output for '../2_flexref' using 20 cores.
[2026-02-06 05:15:02,545 libtimer INFO] compressing took 0 seconds
[2026-02-06 05:15:02,545 cli_analyse INFO] CAPRI files identified
[2026-02-06 05:15:02,548 cli_analyse INFO] Plotting results..
[2026-02-06 05:15:03,646 cli_analyse INFO] Summary archive summary.tgz created!
[2026-02-06 05:15:03,647 cli_analyse INFO] Analysing step 3_emref
[2026-02-06 05:15:03,649 cli_unpack INFO] Unpacking '../3_emref' folder
[2026-02-06 05:15:03,649 libtimer INFO] unpacking took 0 seconds
[2026-02-06 05:15:03,662 capri INFO] Found previous CNS step: 3_emref
[2026-02-06 05:15:03,763 capri INFO] Saved scoring weights to: weights_params.json
[2026-02-06 05:15:03,763 __init__ INFO] [caprieval] No reference structure provided. Using the structure with the lowest score from previous step
[2026-02-06 05:15:03,848 libutil INFO] Selected 20 cores to process 20 jobs, with 32 maximum available cores.
[2026-02-06 05:15:03,848 libparallel INFO] Using 20 cores
[2026-02-06 05:15:04,267 libparallel INFO] 20 tasks finished
[2026-02-06 05:15:04,268 capri INFO] Rearranging cluster information into capri_clt.tsv
[2026-02-06 05:15:04,276 cli_clean INFO] Compressing '../3_emref' folder
[2026-02-06 05:15:04,276 clean_steps INFO] Cleaning output for '../3_emref' using 20 cores.
[2026-02-06 05:15:04,413 libtimer INFO] compressing took 0 seconds
[2026-02-06 05:15:04,413 cli_analyse INFO] CAPRI files identified
[2026-02-06 05:15:04,415 cli_analyse INFO] Plotting results..
[2026-02-06 05:15:05,523 cli_analyse INFO] Summary archive summary.tgz created!
[2026-02-06 05:15:05,523 cli_analyse INFO] moving files to analysis folder
[2026-02-06 05:15:05,523 cli_analyse INFO] cancelling unsuccesful analysis folders
[2026-02-06 05:15:05,523 cli_analyse INFO] updating paths in analysis/1_rigidbody_analysis/capri_ss.tsv
[2026-02-06 05:15:05,524 cli_analyse INFO] View the results in analysis/1_rigidbody_analysis/report.html
[2026-02-06 05:15:05,524 cli_analyse INFO] To view structures or download the structure files, in a terminal run the command `python -m http.server --directory /mnt/Data/PopOS/Data_Ana/Wu/clawdPorjects/HADDOCK_test/results/run_refold_1G23_Epi`. By default, http server runs on `http://0.0.0.0:8000/`. Open the link http://0.0.0.0:8000/analysis/1_rigidbody_analysis/report.html in a web browser.
[2026-02-06 05:15:05,524 cli_analyse INFO] updating paths in analysis/2_flexref_analysis/capri_ss.tsv
[2026-02-06 05:15:05,524 cli_analyse INFO] View the results in analysis/2_flexref_analysis/report.html
[2026-02-06 05:15:05,524 cli_analyse INFO] To view structures or download the structure files, in a terminal run the command `python -m http.server --directory /mnt/Data/PopOS/Data_Ana/Wu/clawdPorjects/HADDOCK_test/results/run_refold_1G23_Epi`. By default, http server runs on `http://0.0.0.0:8000/`. Open the link http://0.0.0.0:8000/analysis/2_flexref_analysis/report.html in a web browser.
[2026-02-06 05:15:05,524 cli_analyse INFO] updating paths in analysis/3_emref_analysis/capri_ss.tsv
[2026-02-06 05:15:05,524 cli_analyse INFO] View the results in analysis/3_emref_analysis/report.html
[2026-02-06 05:15:05,524 cli_analyse INFO] To view structures or download the structure files, in a terminal run the command `python -m http.server --directory /mnt/Data/PopOS/Data_Ana/Wu/clawdPorjects/HADDOCK_test/results/run_refold_1G23_Epi`. By default, http server runs on `http://0.0.0.0:8000/`. Open the link http://0.0.0.0:8000/analysis/3_emref_analysis/report.html in a web browser.
[2026-02-06 05:15:05,524 cli_traceback INFO] Running haddock3-traceback on ./
[2026-02-06 05:15:05,524 cli_traceback INFO] Reading input run directory
[2026-02-06 05:15:05,524 cli_traceback INFO] All_steps: 0_topoaa, 1_rigidbody, 2_flexref, 3_emref
[2026-02-06 05:15:05,525 cli_traceback INFO] Modules not to be analysed: 0_topoaa
[2026-02-06 05:15:05,525 cli_traceback INFO] Steps to trace back: 1_rigidbody, 2_flexref, 3_emref
[2026-02-06 05:15:05,525 cli_traceback INFO] Created directory: /mnt/Data/PopOS/Data_Ana/Wu/clawdPorjects/HADDOCK_test/results/run_refold_1G23_Epi/traceback
[2026-02-06 05:15:05,525 cli_traceback INFO] Tracing back step 3_emref
[2026-02-06 05:15:05,527 cli_traceback INFO] Tracing back step 2_flexref
[2026-02-06 05:15:05,529 cli_traceback INFO] Tracing back step 1_rigidbody
[2026-02-06 05:15:05,533 cli_traceback INFO] Output dataframe traceback/traceback.tsv created with shape (20, 8)
[2026-02-06 05:15:05,560 clean_steps INFO] Cleaning output for '0_topoaa' using 20 cores.
[2026-02-06 05:15:05,708 libtimer INFO] cleaning output files took 0 seconds
[2026-02-06 05:15:05,708 clean_steps INFO] Cleaning output for '1_rigidbody' using 20 cores.
[2026-02-06 05:15:05,716 libtimer INFO] cleaning output files took 0 seconds
[2026-02-06 05:15:05,717 clean_steps INFO] Cleaning output for '2_flexref' using 20 cores.
[2026-02-06 05:15:05,731 libtimer INFO] cleaning output files took 0 seconds
[2026-02-06 05:15:05,732 clean_steps INFO] Cleaning output for '3_emref' using 20 cores.
[2026-02-06 05:15:05,747 libtimer INFO] cleaning output files took 0 seconds
[2026-02-06 05:15:05,748 cli INFO] This HADDOCK3 run took: 2 minutes and 6 seconds
[2026-02-06 05:15:05,748 greetings INFO] Your feedback matters in Haddock3! Share your experience and help us grow:
[2026-02-06 05:15:05,748 greetings INFO] GitHub issues: https://github.com/haddocking/haddock3/issues
[2026-02-06 05:15:05,748 greetings INFO] BioExcel feedback: https://www.bonvinlab.org/feedback
[2026-02-06 05:15:05,748 greetings INFO] BioExcel forum: https://ask.bioexcel.eu/c/haddock/6
[2026-02-06 05:15:05,748 cli INFO] Finished at 06/02/2026 05:15:05. Até logo! Tchau! Dovidenia!
