[2026-02-13 11:33:29,699 cli INFO] 
##############################################
#                                            #
#                 HADDOCK3                   #
#                                            #
##############################################

!! Some of the HADDOCK3 components use CNS (Crystallographic and NMR System) which is free of use for non-profit applications. !!
!! For commercial use it is your own responsibility to have a proper license. !!
!! For details refer to the DISCLAIMER file in the HADDOCK3 repository. !!

Starting HADDOCK3 v2024.10.0b7 on 2026-02-13 11:33:00

Python 3.10.12 (main, Feb  4 2025, 14:57:36) [GCC 11.4.0]

[2026-02-13 11:33:33,480 libworkflow INFO] Reading instructions step 0_topoaa
[2026-02-13 11:33:33,480 libworkflow INFO] Reading instructions step 1_rigidbody
[2026-02-13 11:33:33,480 libworkflow INFO] Reading instructions step 2_flexref
[2026-02-13 11:33:33,480 libworkflow INFO] Reading instructions step 3_emref
[2026-02-13 11:33:33,495 base_cns_module INFO] Running [topoaa] module
[2026-02-13 11:33:33,495 __init__ INFO] [topoaa] Molecule 1: receptor_single_Neg_CTACAAGTCAACGCTA-1_contig_1_1.pdb
[2026-02-13 11:33:33,497 __init__ INFO] [topoaa] Sanitizing molecule receptor_single_Neg_CTACAAGTCAACGCTA-1_contig_1_1.pdb
[2026-02-13 11:33:33,504 __init__ INFO] [topoaa] Topology CNS input created
[2026-02-13 11:33:33,504 __init__ INFO] [topoaa] Molecule 2: ligand_single_Neg_CTACAAGTCAACGCTA-1_contig_1_1.pdb
[2026-02-13 11:33:33,505 __init__ INFO] [topoaa] Sanitizing molecule ligand_single_Neg_CTACAAGTCAACGCTA-1_contig_1_1.pdb
[2026-02-13 11:33:33,511 __init__ INFO] [topoaa] Topology CNS input created
[2026-02-13 11:33:33,511 __init__ INFO] [topoaa] Running CNS Jobs n=2
[2026-02-13 11:33:33,511 libutil INFO] Selected 2 cores to process 2 jobs, with 32 maximum available cores.
[2026-02-13 11:33:33,512 libparallel INFO] Using 2 cores
[2026-02-13 11:33:36,745 libparallel INFO] 2 tasks finished
[2026-02-13 11:33:36,745 __init__ INFO] [topoaa] CNS jobs have finished
[2026-02-13 11:33:36,747 base_cns_module INFO] Module [topoaa] finished.
[2026-02-13 11:33:36,747 __init__ INFO] [topoaa] took 3 seconds
[2026-02-13 11:33:37,091 base_cns_module INFO] Running [rigidbody] module
[2026-02-13 11:33:37,092 __init__ INFO] [rigidbody] crossdock=true
[2026-02-13 11:33:37,092 __init__ INFO] [rigidbody] Preparing jobs...
[2026-02-13 11:33:37,094 libutil INFO] Selected 20 cores to process 20 jobs, with 32 maximum available cores.
[2026-02-13 11:33:37,094 libparallel INFO] Using 20 cores
[2026-02-13 11:33:37,121 libparallel INFO] 20 tasks finished
[2026-02-13 11:33:37,122 __init__ INFO] [rigidbody] Preparation took 0.029821 seconds
[2026-02-13 11:33:37,123 __init__ INFO] [rigidbody] Running CNS Jobs n=20
[2026-02-13 11:33:37,123 libutil INFO] Selected 20 cores to process 20 jobs, with 32 maximum available cores.
[2026-02-13 11:33:37,124 libparallel INFO] Using 20 cores
[2026-02-13 11:33:47,901 libparallel INFO] 20 tasks finished
[2026-02-13 11:33:47,901 __init__ INFO] [rigidbody] CNS jobs have finished
[2026-02-13 11:33:47,939 base_cns_module INFO] Module [rigidbody] finished.
[2026-02-13 11:33:47,940 __init__ INFO] [rigidbody] took 11 seconds
[2026-02-13 11:33:48,335 base_cns_module INFO] Running [flexref] module
[2026-02-13 11:33:48,393 __init__ INFO] [flexref] Running CNS Jobs n=20
[2026-02-13 11:33:48,393 libutil INFO] Selected 20 cores to process 20 jobs, with 32 maximum available cores.
[2026-02-13 11:33:48,394 libparallel INFO] Using 20 cores
[2026-02-13 11:35:21,875 libparallel INFO] 20 tasks finished
[2026-02-13 11:35:21,875 __init__ INFO] [flexref] CNS jobs have finished
[2026-02-13 11:35:21,907 libutil ERROR] 5.00% of output was not generated for this module and tolerance was set to 5.00%.
Traceback (most recent call last):
  File "/home/yiran/BioTools/haddock3/src/haddock/libs/libutil.py", line 378, in log_error_and_exit
    yield
  File "/home/yiran/BioTools/haddock3/src/haddock/clis/cli.py", line 195, in main
    workflow.run()
  File "/home/yiran/BioTools/haddock3/src/haddock/libs/libworkflow.py", line 43, in run
    step.execute()
  File "/home/yiran/BioTools/haddock3/src/haddock/libs/libworkflow.py", line 162, in execute
    self.module.run()  # type: ignore
  File "/home/yiran/BioTools/haddock3/src/haddock/modules/base_cns_module.py", line 61, in run
    self._run()
  File "/home/yiran/BioTools/haddock3/src/haddock/modules/refinement/flexref/__init__.py", line 159, in _run
    self.export_io_models(faulty_tolerance=self.params["tolerance"])
  File "/home/yiran/BioTools/haddock3/src/haddock/modules/__init__.py", line 309, in export_io_models
    self.finish_with_error(_msg)
  File "/home/yiran/BioTools/haddock3/src/haddock/modules/__init__.py", line 317, in finish_with_error
    raise RuntimeError(reason)
RuntimeError: 5.00% of output was not generated for this module and tolerance was set to 5.00%.
[2026-02-13 11:35:21,907 libutil ERROR] 5.00% of output was not generated for this module and tolerance was set to 5.00%.
[2026-02-13 11:35:21,907 libutil ERROR] An error has occurred, see log file. And contact the developers if needed.
[2026-02-13 11:35:21,907 libutil INFO] Finished at 13/02/2026 11:35:21. For any help contact us at https://github.com/haddocking/haddock3/issues. Tchau! 再见! Dovidenia!.
