[2026-02-06 11:12:47,919 cli INFO] 
##############################################
#                                            #
#                 HADDOCK3                   #
#                                            #
##############################################

!! Some of the HADDOCK3 components use CNS (Crystallographic and NMR System) which is free of use for non-profit applications. !!
!! For commercial use it is your own responsibility to have a proper license. !!
!! For details refer to the DISCLAIMER file in the HADDOCK3 repository. !!

Starting HADDOCK3 v2024.10.0b7 on 2026-02-06 11:12:00

Python 3.10.12 (main, Feb  4 2025, 14:57:36) [GCC 11.4.0]

[2026-02-06 11:12:51,594 libworkflow INFO] Reading instructions step 0_topoaa
[2026-02-06 11:12:51,594 libworkflow INFO] Reading instructions step 1_rigidbody
[2026-02-06 11:12:51,595 libworkflow INFO] Reading instructions step 2_flexref
[2026-02-06 11:12:51,595 libworkflow INFO] Reading instructions step 3_emref
[2026-02-06 11:12:51,608 base_cns_module INFO] Running [topoaa] module
[2026-02-06 11:12:51,608 __init__ INFO] [topoaa] Molecule 1: receptor_single_14-1_Epi.pdb
[2026-02-06 11:12:51,610 __init__ INFO] [topoaa] Sanitizing molecule receptor_single_14-1_Epi.pdb
[2026-02-06 11:12:51,617 __init__ INFO] [topoaa] Topology CNS input created
[2026-02-06 11:12:51,617 __init__ INFO] [topoaa] Molecule 2: ligand_single_14-1_Epi.pdb
[2026-02-06 11:12:51,618 __init__ INFO] [topoaa] Sanitizing molecule ligand_single_14-1_Epi.pdb
[2026-02-06 11:12:51,621 __init__ INFO] [topoaa] Topology CNS input created
[2026-02-06 11:12:51,621 __init__ INFO] [topoaa] Running CNS Jobs n=2
[2026-02-06 11:12:51,621 libutil INFO] Selected 2 cores to process 2 jobs, with 32 maximum available cores.
[2026-02-06 11:12:51,622 libparallel INFO] Using 2 cores
[2026-02-06 11:12:54,948 libparallel INFO] 2 tasks finished
[2026-02-06 11:12:54,949 __init__ INFO] [topoaa] CNS jobs have finished
[2026-02-06 11:12:54,950 base_cns_module INFO] Module [topoaa] finished.
[2026-02-06 11:12:54,950 __init__ INFO] [topoaa] took 3 seconds
[2026-02-06 11:12:55,304 base_cns_module INFO] Running [rigidbody] module
[2026-02-06 11:12:55,304 __init__ INFO] [rigidbody] crossdock=true
[2026-02-06 11:12:55,304 __init__ INFO] [rigidbody] Preparing jobs...
[2026-02-06 11:12:55,306 libutil INFO] Selected 20 cores to process 20 jobs, with 32 maximum available cores.
[2026-02-06 11:12:55,306 libparallel INFO] Using 20 cores
[2026-02-06 11:12:55,332 libparallel INFO] 20 tasks finished
[2026-02-06 11:12:55,332 __init__ INFO] [rigidbody] Preparation took 0.027754 seconds
[2026-02-06 11:12:55,333 __init__ INFO] [rigidbody] Running CNS Jobs n=20
[2026-02-06 11:12:55,333 libutil INFO] Selected 20 cores to process 20 jobs, with 32 maximum available cores.
[2026-02-06 11:12:55,333 libparallel INFO] Using 20 cores
[2026-02-06 11:13:05,736 libparallel INFO] 20 tasks finished
[2026-02-06 11:13:05,737 __init__ INFO] [rigidbody] CNS jobs have finished
[2026-02-06 11:13:05,769 base_cns_module INFO] Module [rigidbody] finished.
[2026-02-06 11:13:05,769 __init__ INFO] [rigidbody] took 10 seconds
[2026-02-06 11:13:06,148 base_cns_module INFO] Running [flexref] module
[2026-02-06 11:13:06,206 __init__ INFO] [flexref] Running CNS Jobs n=20
[2026-02-06 11:13:06,206 libutil INFO] Selected 20 cores to process 20 jobs, with 32 maximum available cores.
[2026-02-06 11:13:06,206 libparallel INFO] Using 20 cores
[2026-02-06 11:14:37,935 libparallel INFO] 20 tasks finished
[2026-02-06 11:14:37,935 __init__ INFO] [flexref] CNS jobs have finished
[2026-02-06 11:14:37,964 base_cns_module INFO] Module [flexref] finished.
[2026-02-06 11:14:37,964 __init__ INFO] [flexref] took 1 minute and 32 seconds
[2026-02-06 11:14:38,303 base_cns_module INFO] Running [emref] module
[2026-02-06 11:14:38,360 __init__ INFO] [emref] Running CNS Jobs n=20
[2026-02-06 11:14:38,360 libutil INFO] Selected 20 cores to process 20 jobs, with 32 maximum available cores.
[2026-02-06 11:14:38,360 libparallel INFO] Using 20 cores
[2026-02-06 11:14:45,426 libparallel INFO] 20 tasks finished
[2026-02-06 11:14:45,426 __init__ INFO] [emref] CNS jobs have finished
[2026-02-06 11:14:45,458 base_cns_module INFO] Module [emref] finished.
[2026-02-06 11:14:45,459 __init__ INFO] [emref] took 7 seconds
[2026-02-06 11:14:45,459 cli_analyse INFO] Running haddock3-analyse on ./, modules [], with top_cluster = 10
[2026-02-06 11:14:45,465 cli_analyse INFO] Created directory: /mnt/Data/PopOS/Data_Ana/Wu/clawdPorjects/HADDOCK_test/results/run_14-1_Epi/analysis
[2026-02-06 11:14:45,465 cli_analyse INFO] Reading input run directory
[2026-02-06 11:14:45,465 cli_analyse INFO] selected steps: 0_topoaa, 1_rigidbody, 2_flexref, 3_emref
[2026-02-06 11:14:45,465 cli_analyse INFO] Analysing step 0_topoaa
[2026-02-06 11:14:45,466 cli_analyse WARNING] Could not execute the analysis for step 0_topoaa. The following error occurred 'dict' object has no attribute 'rel_path'
[2026-02-06 11:14:45,466 cli_analyse INFO] Analysing step 1_rigidbody
[2026-02-06 11:14:45,467 cli_unpack INFO] Unpacking '../1_rigidbody' folder
[2026-02-06 11:14:45,468 libtimer INFO] unpacking took 0 seconds
[2026-02-06 11:14:45,481 capri INFO] Found previous CNS step: 1_rigidbody
[2026-02-06 11:14:45,588 capri INFO] Saved scoring weights to: weights_params.json
[2026-02-06 11:14:45,588 __init__ INFO] [caprieval] No reference structure provided. Using the structure with the lowest score from previous step
[2026-02-06 11:14:45,671 libutil INFO] Selected 20 cores to process 20 jobs, with 32 maximum available cores.
[2026-02-06 11:14:45,672 libparallel INFO] Using 20 cores
[2026-02-06 11:14:46,084 libparallel INFO] 20 tasks finished
[2026-02-06 11:14:46,084 capri INFO] Rearranging cluster information into capri_clt.tsv
[2026-02-06 11:14:46,089 cli_clean INFO] Compressing '../1_rigidbody' folder
[2026-02-06 11:14:46,089 clean_steps INFO] Cleaning output for '../1_rigidbody' using 20 cores.
[2026-02-06 11:14:46,214 libtimer INFO] compressing took 0 seconds
[2026-02-06 11:14:46,215 cli_analyse INFO] CAPRI files identified
[2026-02-06 11:14:46,217 cli_analyse INFO] Plotting results..
[2026-02-06 11:14:47,434 cli_analyse INFO] Summary archive summary.tgz created!
[2026-02-06 11:14:47,434 cli_analyse INFO] Analysing step 2_flexref
[2026-02-06 11:14:47,436 cli_unpack INFO] Unpacking '../2_flexref' folder
[2026-02-06 11:14:47,436 libtimer INFO] unpacking took 0 seconds
[2026-02-06 11:14:47,449 capri INFO] Found previous CNS step: 2_flexref
[2026-02-06 11:14:47,685 capri INFO] Saved scoring weights to: weights_params.json
[2026-02-06 11:14:47,685 __init__ INFO] [caprieval] No reference structure provided. Using the structure with the lowest score from previous step
[2026-02-06 11:14:47,770 libutil INFO] Selected 20 cores to process 20 jobs, with 32 maximum available cores.
[2026-02-06 11:14:47,770 libparallel INFO] Using 20 cores
[2026-02-06 11:14:48,159 libparallel INFO] 20 tasks finished
[2026-02-06 11:14:48,160 capri INFO] Rearranging cluster information into capri_clt.tsv
[2026-02-06 11:14:48,166 cli_clean INFO] Compressing '../2_flexref' folder
[2026-02-06 11:14:48,167 clean_steps INFO] Cleaning output for '../2_flexref' using 20 cores.
[2026-02-06 11:14:48,288 libtimer INFO] compressing took 0 seconds
[2026-02-06 11:14:48,288 cli_analyse INFO] CAPRI files identified
[2026-02-06 11:14:48,291 cli_analyse INFO] Plotting results..
[2026-02-06 11:14:49,385 cli_analyse INFO] Summary archive summary.tgz created!
[2026-02-06 11:14:49,385 cli_analyse INFO] Analysing step 3_emref
[2026-02-06 11:14:49,388 cli_unpack INFO] Unpacking '../3_emref' folder
[2026-02-06 11:14:49,388 libtimer INFO] unpacking took 0 seconds
[2026-02-06 11:14:49,401 capri INFO] Found previous CNS step: 3_emref
[2026-02-06 11:14:49,503 capri INFO] Saved scoring weights to: weights_params.json
[2026-02-06 11:14:49,503 __init__ INFO] [caprieval] No reference structure provided. Using the structure with the lowest score from previous step
[2026-02-06 11:14:49,588 libutil INFO] Selected 20 cores to process 20 jobs, with 32 maximum available cores.
[2026-02-06 11:14:49,588 libparallel INFO] Using 20 cores
[2026-02-06 11:14:49,998 libparallel INFO] 20 tasks finished
[2026-02-06 11:14:49,999 capri INFO] Rearranging cluster information into capri_clt.tsv
[2026-02-06 11:14:50,006 cli_clean INFO] Compressing '../3_emref' folder
[2026-02-06 11:14:50,006 clean_steps INFO] Cleaning output for '../3_emref' using 20 cores.
[2026-02-06 11:14:50,134 libtimer INFO] compressing took 0 seconds
[2026-02-06 11:14:50,134 cli_analyse INFO] CAPRI files identified
[2026-02-06 11:14:50,136 cli_analyse INFO] Plotting results..
[2026-02-06 11:14:51,233 cli_analyse INFO] Summary archive summary.tgz created!
[2026-02-06 11:14:51,234 cli_analyse INFO] moving files to analysis folder
[2026-02-06 11:14:51,234 cli_analyse INFO] cancelling unsuccesful analysis folders
[2026-02-06 11:14:51,234 cli_analyse INFO] updating paths in analysis/1_rigidbody_analysis/capri_ss.tsv
[2026-02-06 11:14:51,234 cli_analyse INFO] View the results in analysis/1_rigidbody_analysis/report.html
[2026-02-06 11:14:51,234 cli_analyse INFO] To view structures or download the structure files, in a terminal run the command `python -m http.server --directory /mnt/Data/PopOS/Data_Ana/Wu/clawdPorjects/HADDOCK_test/results/run_14-1_Epi`. By default, http server runs on `http://0.0.0.0:8000/`. Open the link http://0.0.0.0:8000/analysis/1_rigidbody_analysis/report.html in a web browser.
[2026-02-06 11:14:51,234 cli_analyse INFO] updating paths in analysis/2_flexref_analysis/capri_ss.tsv
[2026-02-06 11:14:51,234 cli_analyse INFO] View the results in analysis/2_flexref_analysis/report.html
[2026-02-06 11:14:51,234 cli_analyse INFO] To view structures or download the structure files, in a terminal run the command `python -m http.server --directory /mnt/Data/PopOS/Data_Ana/Wu/clawdPorjects/HADDOCK_test/results/run_14-1_Epi`. By default, http server runs on `http://0.0.0.0:8000/`. Open the link http://0.0.0.0:8000/analysis/2_flexref_analysis/report.html in a web browser.
[2026-02-06 11:14:51,234 cli_analyse INFO] updating paths in analysis/3_emref_analysis/capri_ss.tsv
[2026-02-06 11:14:51,235 cli_analyse INFO] View the results in analysis/3_emref_analysis/report.html
[2026-02-06 11:14:51,235 cli_analyse INFO] To view structures or download the structure files, in a terminal run the command `python -m http.server --directory /mnt/Data/PopOS/Data_Ana/Wu/clawdPorjects/HADDOCK_test/results/run_14-1_Epi`. By default, http server runs on `http://0.0.0.0:8000/`. Open the link http://0.0.0.0:8000/analysis/3_emref_analysis/report.html in a web browser.
[2026-02-06 11:14:51,235 cli_traceback INFO] Running haddock3-traceback on ./
[2026-02-06 11:14:51,235 cli_traceback INFO] Reading input run directory
[2026-02-06 11:14:51,235 cli_traceback INFO] All_steps: 0_topoaa, 1_rigidbody, 2_flexref, 3_emref
[2026-02-06 11:14:51,235 cli_traceback INFO] Modules not to be analysed: 0_topoaa
[2026-02-06 11:14:51,235 cli_traceback INFO] Steps to trace back: 1_rigidbody, 2_flexref, 3_emref
[2026-02-06 11:14:51,235 cli_traceback INFO] Created directory: /mnt/Data/PopOS/Data_Ana/Wu/clawdPorjects/HADDOCK_test/results/run_14-1_Epi/traceback
[2026-02-06 11:14:51,235 cli_traceback INFO] Tracing back step 3_emref
[2026-02-06 11:14:51,238 cli_traceback INFO] Tracing back step 2_flexref
[2026-02-06 11:14:51,240 cli_traceback INFO] Tracing back step 1_rigidbody
[2026-02-06 11:14:51,244 cli_traceback INFO] Output dataframe traceback/traceback.tsv created with shape (20, 8)
[2026-02-06 11:14:51,272 clean_steps INFO] Cleaning output for '0_topoaa' using 20 cores.
[2026-02-06 11:14:51,410 libtimer INFO] cleaning output files took 0 seconds
[2026-02-06 11:14:51,410 clean_steps INFO] Cleaning output for '1_rigidbody' using 20 cores.
[2026-02-06 11:14:51,425 libtimer INFO] cleaning output files took 0 seconds
[2026-02-06 11:14:51,425 clean_steps INFO] Cleaning output for '2_flexref' using 20 cores.
[2026-02-06 11:14:51,440 libtimer INFO] cleaning output files took 0 seconds
[2026-02-06 11:14:51,440 clean_steps INFO] Cleaning output for '3_emref' using 20 cores.
[2026-02-06 11:14:51,452 libtimer INFO] cleaning output files took 0 seconds
[2026-02-06 11:14:51,452 cli INFO] This HADDOCK3 run took: 2 minutes and 4 seconds
[2026-02-06 11:14:51,452 greetings INFO] Your feedback matters in Haddock3! Share your experience and help us grow:
[2026-02-06 11:14:51,452 greetings INFO] GitHub issues: https://github.com/haddocking/haddock3/issues
[2026-02-06 11:14:51,452 greetings INFO] BioExcel feedback: https://www.bonvinlab.org/feedback
[2026-02-06 11:14:51,452 greetings INFO] BioExcel forum: https://ask.bioexcel.eu/c/haddock/6
[2026-02-06 11:14:51,452 cli INFO] Finished at 06/02/2026 11:14:51. Ciao! Tot ziens! Dovidenia!
