[2026-02-13 10:59:19,227 cli INFO] 
##############################################
#                                            #
#                 HADDOCK3                   #
#                                            #
##############################################

!! Some of the HADDOCK3 components use CNS (Crystallographic and NMR System) which is free of use for non-profit applications. !!
!! For commercial use it is your own responsibility to have a proper license. !!
!! For details refer to the DISCLAIMER file in the HADDOCK3 repository. !!

Starting HADDOCK3 v2024.10.0b7 on 2026-02-13 10:59:00

Python 3.10.12 (main, Feb  4 2025, 14:57:36) [GCC 11.4.0]

[2026-02-13 10:59:22,888 libworkflow INFO] Reading instructions step 0_topoaa
[2026-02-13 10:59:22,888 libworkflow INFO] Reading instructions step 1_rigidbody
[2026-02-13 10:59:22,889 libworkflow INFO] Reading instructions step 2_flexref
[2026-02-13 10:59:22,889 libworkflow INFO] Reading instructions step 3_emref
[2026-02-13 10:59:22,903 base_cns_module INFO] Running [topoaa] module
[2026-02-13 10:59:22,903 __init__ INFO] [topoaa] Molecule 1: receptor_single_Neg_CACAGAACAGTGGACG-1_contig_1_1.pdb
[2026-02-13 10:59:22,904 __init__ INFO] [topoaa] Sanitizing molecule receptor_single_Neg_CACAGAACAGTGGACG-1_contig_1_1.pdb
[2026-02-13 10:59:22,911 __init__ INFO] [topoaa] Topology CNS input created
[2026-02-13 10:59:22,911 __init__ INFO] [topoaa] Molecule 2: ligand_single_Neg_CACAGAACAGTGGACG-1_contig_1_1.pdb
[2026-02-13 10:59:22,912 __init__ INFO] [topoaa] Sanitizing molecule ligand_single_Neg_CACAGAACAGTGGACG-1_contig_1_1.pdb
[2026-02-13 10:59:22,919 __init__ INFO] [topoaa] Topology CNS input created
[2026-02-13 10:59:22,919 __init__ INFO] [topoaa] Running CNS Jobs n=2
[2026-02-13 10:59:22,919 libutil INFO] Selected 2 cores to process 2 jobs, with 32 maximum available cores.
[2026-02-13 10:59:22,920 libparallel INFO] Using 2 cores
[2026-02-13 10:59:26,163 libparallel INFO] 2 tasks finished
[2026-02-13 10:59:26,163 __init__ INFO] [topoaa] CNS jobs have finished
[2026-02-13 10:59:26,166 base_cns_module INFO] Module [topoaa] finished.
[2026-02-13 10:59:26,166 __init__ INFO] [topoaa] took 3 seconds
[2026-02-13 10:59:26,501 base_cns_module INFO] Running [rigidbody] module
[2026-02-13 10:59:26,502 __init__ INFO] [rigidbody] crossdock=true
[2026-02-13 10:59:26,502 __init__ INFO] [rigidbody] Preparing jobs...
[2026-02-13 10:59:26,504 libutil INFO] Selected 20 cores to process 20 jobs, with 32 maximum available cores.
[2026-02-13 10:59:26,504 libparallel INFO] Using 20 cores
[2026-02-13 10:59:26,532 libparallel INFO] 20 tasks finished
[2026-02-13 10:59:26,533 __init__ INFO] [rigidbody] Preparation took 0.030916 seconds
[2026-02-13 10:59:26,533 __init__ INFO] [rigidbody] Running CNS Jobs n=20
[2026-02-13 10:59:26,533 libutil INFO] Selected 20 cores to process 20 jobs, with 32 maximum available cores.
[2026-02-13 10:59:26,534 libparallel INFO] Using 20 cores
[2026-02-13 10:59:37,371 libparallel INFO] 20 tasks finished
[2026-02-13 10:59:37,372 __init__ INFO] [rigidbody] CNS jobs have finished
[2026-02-13 10:59:37,401 base_cns_module INFO] Module [rigidbody] finished.
[2026-02-13 10:59:37,401 __init__ INFO] [rigidbody] took 11 seconds
[2026-02-13 10:59:37,780 base_cns_module INFO] Running [flexref] module
[2026-02-13 10:59:37,837 __init__ INFO] [flexref] Running CNS Jobs n=20
[2026-02-13 10:59:37,837 libutil INFO] Selected 20 cores to process 20 jobs, with 32 maximum available cores.
[2026-02-13 10:59:37,838 libparallel INFO] Using 20 cores
[2026-02-13 11:01:13,286 libparallel INFO] 20 tasks finished
[2026-02-13 11:01:13,286 __init__ INFO] [flexref] CNS jobs have finished
[2026-02-13 11:01:13,326 base_cns_module INFO] Module [flexref] finished.
[2026-02-13 11:01:13,326 __init__ INFO] [flexref] took 1 minute and 36 seconds
[2026-02-13 11:01:13,664 base_cns_module INFO] Running [emref] module
[2026-02-13 11:01:13,720 __init__ INFO] [emref] Running CNS Jobs n=20
[2026-02-13 11:01:13,720 libutil INFO] Selected 20 cores to process 20 jobs, with 32 maximum available cores.
[2026-02-13 11:01:13,721 libparallel INFO] Using 20 cores
[2026-02-13 11:01:20,794 libparallel INFO] 20 tasks finished
[2026-02-13 11:01:20,794 __init__ INFO] [emref] CNS jobs have finished
[2026-02-13 11:01:20,823 base_cns_module INFO] Module [emref] finished.
[2026-02-13 11:01:20,823 __init__ INFO] [emref] took 7 seconds
[2026-02-13 11:01:20,823 cli_analyse INFO] Running haddock3-analyse on ./, modules [], with top_cluster = 10
[2026-02-13 11:01:20,830 cli_analyse INFO] Created directory: /mnt/Data/PopOS/Data_Ana/Wu/clawdPorjects/HADDOCK_test/results/run_Neg_CACAGAACAGTGGACG-1_contig_1_1/analysis
[2026-02-13 11:01:20,830 cli_analyse INFO] Reading input run directory
[2026-02-13 11:01:20,830 cli_analyse INFO] selected steps: 0_topoaa, 1_rigidbody, 2_flexref, 3_emref
[2026-02-13 11:01:20,830 cli_analyse INFO] Analysing step 0_topoaa
[2026-02-13 11:01:20,830 cli_analyse WARNING] Could not execute the analysis for step 0_topoaa. The following error occurred 'dict' object has no attribute 'rel_path'
[2026-02-13 11:01:20,830 cli_analyse INFO] Analysing step 1_rigidbody
[2026-02-13 11:01:20,831 cli_unpack INFO] Unpacking '../1_rigidbody' folder
[2026-02-13 11:01:20,832 libtimer INFO] unpacking took 0 seconds
[2026-02-13 11:01:20,845 capri INFO] Found previous CNS step: 1_rigidbody
[2026-02-13 11:01:20,954 capri INFO] Saved scoring weights to: weights_params.json
[2026-02-13 11:01:20,954 __init__ INFO] [caprieval] No reference structure provided. Using the structure with the lowest score from previous step
[2026-02-13 11:01:21,038 libutil INFO] Selected 20 cores to process 20 jobs, with 32 maximum available cores.
[2026-02-13 11:01:21,038 libparallel INFO] Using 20 cores
[2026-02-13 11:01:21,469 libparallel INFO] 20 tasks finished
[2026-02-13 11:01:21,470 capri INFO] Rearranging cluster information into capri_clt.tsv
[2026-02-13 11:01:21,477 cli_clean INFO] Compressing '../1_rigidbody' folder
[2026-02-13 11:01:21,477 clean_steps INFO] Cleaning output for '../1_rigidbody' using 20 cores.
[2026-02-13 11:01:21,610 libtimer INFO] compressing took 0 seconds
[2026-02-13 11:01:21,610 cli_analyse INFO] CAPRI files identified
[2026-02-13 11:01:21,612 cli_analyse INFO] Plotting results..
[2026-02-13 11:01:22,824 cli_analyse INFO] Summary archive summary.tgz created!
[2026-02-13 11:01:22,825 cli_analyse INFO] Analysing step 2_flexref
[2026-02-13 11:01:22,827 cli_unpack INFO] Unpacking '../2_flexref' folder
[2026-02-13 11:01:22,827 libtimer INFO] unpacking took 0 seconds
[2026-02-13 11:01:22,840 capri INFO] Found previous CNS step: 2_flexref
[2026-02-13 11:01:23,078 capri INFO] Saved scoring weights to: weights_params.json
[2026-02-13 11:01:23,078 __init__ INFO] [caprieval] No reference structure provided. Using the structure with the lowest score from previous step
[2026-02-13 11:01:23,163 libutil INFO] Selected 20 cores to process 20 jobs, with 32 maximum available cores.
[2026-02-13 11:01:23,164 libparallel INFO] Using 20 cores
[2026-02-13 11:01:23,564 libparallel INFO] 20 tasks finished
[2026-02-13 11:01:23,565 capri INFO] Rearranging cluster information into capri_clt.tsv
[2026-02-13 11:01:23,571 cli_clean INFO] Compressing '../2_flexref' folder
[2026-02-13 11:01:23,571 clean_steps INFO] Cleaning output for '../2_flexref' using 20 cores.
[2026-02-13 11:01:23,695 libtimer INFO] compressing took 0 seconds
[2026-02-13 11:01:23,696 cli_analyse INFO] CAPRI files identified
[2026-02-13 11:01:23,697 cli_analyse INFO] Plotting results..
[2026-02-13 11:01:24,807 cli_analyse INFO] Summary archive summary.tgz created!
[2026-02-13 11:01:24,808 cli_analyse INFO] Analysing step 3_emref
[2026-02-13 11:01:24,810 cli_unpack INFO] Unpacking '../3_emref' folder
[2026-02-13 11:01:24,810 libtimer INFO] unpacking took 0 seconds
[2026-02-13 11:01:24,823 capri INFO] Found previous CNS step: 3_emref
[2026-02-13 11:01:24,925 capri INFO] Saved scoring weights to: weights_params.json
[2026-02-13 11:01:24,925 __init__ INFO] [caprieval] No reference structure provided. Using the structure with the lowest score from previous step
[2026-02-13 11:01:25,010 libutil INFO] Selected 20 cores to process 20 jobs, with 32 maximum available cores.
[2026-02-13 11:01:25,010 libparallel INFO] Using 20 cores
[2026-02-13 11:01:25,410 libparallel INFO] 20 tasks finished
[2026-02-13 11:01:25,411 capri INFO] Rearranging cluster information into capri_clt.tsv
[2026-02-13 11:01:25,418 cli_clean INFO] Compressing '../3_emref' folder
[2026-02-13 11:01:25,418 clean_steps INFO] Cleaning output for '../3_emref' using 20 cores.
[2026-02-13 11:01:25,542 libtimer INFO] compressing took 0 seconds
[2026-02-13 11:01:25,543 cli_analyse INFO] CAPRI files identified
[2026-02-13 11:01:25,544 cli_analyse INFO] Plotting results..
[2026-02-13 11:01:26,658 cli_analyse INFO] Summary archive summary.tgz created!
[2026-02-13 11:01:26,659 cli_analyse INFO] moving files to analysis folder
[2026-02-13 11:01:26,659 cli_analyse INFO] cancelling unsuccesful analysis folders
[2026-02-13 11:01:26,659 cli_analyse INFO] updating paths in analysis/1_rigidbody_analysis/capri_ss.tsv
[2026-02-13 11:01:26,659 cli_analyse INFO] View the results in analysis/1_rigidbody_analysis/report.html
[2026-02-13 11:01:26,659 cli_analyse INFO] To view structures or download the structure files, in a terminal run the command `python -m http.server --directory /mnt/Data/PopOS/Data_Ana/Wu/clawdPorjects/HADDOCK_test/results/run_Neg_CACAGAACAGTGGACG-1_contig_1_1`. By default, http server runs on `http://0.0.0.0:8000/`. Open the link http://0.0.0.0:8000/analysis/1_rigidbody_analysis/report.html in a web browser.
[2026-02-13 11:01:26,659 cli_analyse INFO] updating paths in analysis/2_flexref_analysis/capri_ss.tsv
[2026-02-13 11:01:26,659 cli_analyse INFO] View the results in analysis/2_flexref_analysis/report.html
[2026-02-13 11:01:26,659 cli_analyse INFO] To view structures or download the structure files, in a terminal run the command `python -m http.server --directory /mnt/Data/PopOS/Data_Ana/Wu/clawdPorjects/HADDOCK_test/results/run_Neg_CACAGAACAGTGGACG-1_contig_1_1`. By default, http server runs on `http://0.0.0.0:8000/`. Open the link http://0.0.0.0:8000/analysis/2_flexref_analysis/report.html in a web browser.
[2026-02-13 11:01:26,660 cli_analyse INFO] updating paths in analysis/3_emref_analysis/capri_ss.tsv
[2026-02-13 11:01:26,660 cli_analyse INFO] View the results in analysis/3_emref_analysis/report.html
[2026-02-13 11:01:26,660 cli_analyse INFO] To view structures or download the structure files, in a terminal run the command `python -m http.server --directory /mnt/Data/PopOS/Data_Ana/Wu/clawdPorjects/HADDOCK_test/results/run_Neg_CACAGAACAGTGGACG-1_contig_1_1`. By default, http server runs on `http://0.0.0.0:8000/`. Open the link http://0.0.0.0:8000/analysis/3_emref_analysis/report.html in a web browser.
[2026-02-13 11:01:26,660 cli_traceback INFO] Running haddock3-traceback on ./
[2026-02-13 11:01:26,660 cli_traceback INFO] Reading input run directory
[2026-02-13 11:01:26,660 cli_traceback INFO] All_steps: 0_topoaa, 1_rigidbody, 2_flexref, 3_emref
[2026-02-13 11:01:26,660 cli_traceback INFO] Modules not to be analysed: 0_topoaa
[2026-02-13 11:01:26,660 cli_traceback INFO] Steps to trace back: 1_rigidbody, 2_flexref, 3_emref
[2026-02-13 11:01:26,660 cli_traceback INFO] Created directory: /mnt/Data/PopOS/Data_Ana/Wu/clawdPorjects/HADDOCK_test/results/run_Neg_CACAGAACAGTGGACG-1_contig_1_1/traceback
[2026-02-13 11:01:26,661 cli_traceback INFO] Tracing back step 3_emref
[2026-02-13 11:01:26,663 cli_traceback INFO] Tracing back step 2_flexref
[2026-02-13 11:01:26,665 cli_traceback INFO] Tracing back step 1_rigidbody
[2026-02-13 11:01:26,669 cli_traceback INFO] Output dataframe traceback/traceback.tsv created with shape (20, 8)
[2026-02-13 11:01:26,697 clean_steps INFO] Cleaning output for '0_topoaa' using 20 cores.
[2026-02-13 11:01:26,830 libtimer INFO] cleaning output files took 0 seconds
[2026-02-13 11:01:26,830 clean_steps INFO] Cleaning output for '1_rigidbody' using 20 cores.
[2026-02-13 11:01:26,845 libtimer INFO] cleaning output files took 0 seconds
[2026-02-13 11:01:26,845 clean_steps INFO] Cleaning output for '2_flexref' using 20 cores.
[2026-02-13 11:01:26,857 libtimer INFO] cleaning output files took 0 seconds
[2026-02-13 11:01:26,857 clean_steps INFO] Cleaning output for '3_emref' using 20 cores.
[2026-02-13 11:01:26,868 libtimer INFO] cleaning output files took 0 seconds
[2026-02-13 11:01:26,869 cli INFO] This HADDOCK3 run took: 2 minutes and 8 seconds
[2026-02-13 11:01:26,869 greetings INFO] Your feedback matters in Haddock3! Share your experience and help us grow:
[2026-02-13 11:01:26,869 greetings INFO] GitHub issues: https://github.com/haddocking/haddock3/issues
[2026-02-13 11:01:26,869 greetings INFO] BioExcel feedback: https://www.bonvinlab.org/feedback
[2026-02-13 11:01:26,869 greetings INFO] BioExcel forum: https://ask.bioexcel.eu/c/haddock/6
[2026-02-13 11:01:26,869 cli INFO] Finished at 13/02/2026 11:01:26. Tot ziens! Good bye! Agur!
