[2026-02-13 10:10:51,147 cli INFO] 
##############################################
#                                            #
#                 HADDOCK3                   #
#                                            #
##############################################

!! Some of the HADDOCK3 components use CNS (Crystallographic and NMR System) which is free of use for non-profit applications. !!
!! For commercial use it is your own responsibility to have a proper license. !!
!! For details refer to the DISCLAIMER file in the HADDOCK3 repository. !!

Starting HADDOCK3 v2024.10.0b7 on 2026-02-13 10:10:00

Python 3.10.12 (main, Feb  4 2025, 14:57:36) [GCC 11.4.0]

[2026-02-13 10:10:54,877 libworkflow INFO] Reading instructions step 0_topoaa
[2026-02-13 10:10:54,877 libworkflow INFO] Reading instructions step 1_rigidbody
[2026-02-13 10:10:54,877 libworkflow INFO] Reading instructions step 2_flexref
[2026-02-13 10:10:54,877 libworkflow INFO] Reading instructions step 3_emref
[2026-02-13 10:10:54,891 base_cns_module INFO] Running [topoaa] module
[2026-02-13 10:10:54,891 __init__ INFO] [topoaa] Molecule 1: receptor_single_Neg_AAAGTGGGTCCGTGTT-1_contig_1_1.pdb
[2026-02-13 10:10:54,893 __init__ INFO] [topoaa] Sanitizing molecule receptor_single_Neg_AAAGTGGGTCCGTGTT-1_contig_1_1.pdb
[2026-02-13 10:10:54,900 __init__ INFO] [topoaa] Topology CNS input created
[2026-02-13 10:10:54,900 __init__ INFO] [topoaa] Molecule 2: ligand_single_Neg_AAAGTGGGTCCGTGTT-1_contig_1_1.pdb
[2026-02-13 10:10:54,902 __init__ INFO] [topoaa] Sanitizing molecule ligand_single_Neg_AAAGTGGGTCCGTGTT-1_contig_1_1.pdb
[2026-02-13 10:10:54,908 __init__ INFO] [topoaa] Topology CNS input created
[2026-02-13 10:10:54,908 __init__ INFO] [topoaa] Running CNS Jobs n=2
[2026-02-13 10:10:54,908 libutil INFO] Selected 2 cores to process 2 jobs, with 32 maximum available cores.
[2026-02-13 10:10:54,909 libparallel INFO] Using 2 cores
[2026-02-13 10:10:58,142 libparallel INFO] 2 tasks finished
[2026-02-13 10:10:58,142 __init__ INFO] [topoaa] CNS jobs have finished
[2026-02-13 10:10:58,144 base_cns_module INFO] Module [topoaa] finished.
[2026-02-13 10:10:58,145 __init__ INFO] [topoaa] took 3 seconds
[2026-02-13 10:10:58,494 base_cns_module INFO] Running [rigidbody] module
[2026-02-13 10:10:58,495 __init__ INFO] [rigidbody] crossdock=true
[2026-02-13 10:10:58,495 __init__ INFO] [rigidbody] Preparing jobs...
[2026-02-13 10:10:58,497 libutil INFO] Selected 20 cores to process 20 jobs, with 32 maximum available cores.
[2026-02-13 10:10:58,497 libparallel INFO] Using 20 cores
[2026-02-13 10:10:58,524 libparallel INFO] 20 tasks finished
[2026-02-13 10:10:58,525 __init__ INFO] [rigidbody] Preparation took 0.030038 seconds
[2026-02-13 10:10:58,526 __init__ INFO] [rigidbody] Running CNS Jobs n=20
[2026-02-13 10:10:58,526 libutil INFO] Selected 20 cores to process 20 jobs, with 32 maximum available cores.
[2026-02-13 10:10:58,526 libparallel INFO] Using 20 cores
[2026-02-13 10:11:08,609 libparallel INFO] 20 tasks finished
[2026-02-13 10:11:08,610 __init__ INFO] [rigidbody] CNS jobs have finished
[2026-02-13 10:11:08,641 base_cns_module INFO] Module [rigidbody] finished.
[2026-02-13 10:11:08,641 __init__ INFO] [rigidbody] took 10 seconds
[2026-02-13 10:11:09,021 base_cns_module INFO] Running [flexref] module
[2026-02-13 10:11:09,078 __init__ INFO] [flexref] Running CNS Jobs n=20
[2026-02-13 10:11:09,079 libutil INFO] Selected 20 cores to process 20 jobs, with 32 maximum available cores.
[2026-02-13 10:11:09,079 libparallel INFO] Using 20 cores
[2026-02-13 10:12:41,244 libparallel INFO] 20 tasks finished
[2026-02-13 10:12:41,244 __init__ INFO] [flexref] CNS jobs have finished
[2026-02-13 10:12:41,275 base_cns_module INFO] Module [flexref] finished.
[2026-02-13 10:12:41,275 __init__ INFO] [flexref] took 1 minute and 32 seconds
[2026-02-13 10:12:41,618 base_cns_module INFO] Running [emref] module
[2026-02-13 10:12:41,674 __init__ INFO] [emref] Running CNS Jobs n=20
[2026-02-13 10:12:41,674 libutil INFO] Selected 20 cores to process 20 jobs, with 32 maximum available cores.
[2026-02-13 10:12:41,674 libparallel INFO] Using 20 cores
[2026-02-13 10:12:48,869 libparallel INFO] 20 tasks finished
[2026-02-13 10:12:48,869 __init__ INFO] [emref] CNS jobs have finished
[2026-02-13 10:12:48,896 base_cns_module INFO] Module [emref] finished.
[2026-02-13 10:12:48,896 __init__ INFO] [emref] took 7 seconds
[2026-02-13 10:12:48,896 cli_analyse INFO] Running haddock3-analyse on ./, modules [], with top_cluster = 10
[2026-02-13 10:12:48,903 cli_analyse INFO] Created directory: /mnt/Data/PopOS/Data_Ana/Wu/clawdPorjects/HADDOCK_test/results/run_Neg_AAAGTGGGTCCGTGTT-1_contig_1_1/analysis
[2026-02-13 10:12:48,903 cli_analyse INFO] Reading input run directory
[2026-02-13 10:12:48,903 cli_analyse INFO] selected steps: 0_topoaa, 1_rigidbody, 2_flexref, 3_emref
[2026-02-13 10:12:48,903 cli_analyse INFO] Analysing step 0_topoaa
[2026-02-13 10:12:48,904 cli_analyse WARNING] Could not execute the analysis for step 0_topoaa. The following error occurred 'dict' object has no attribute 'rel_path'
[2026-02-13 10:12:48,904 cli_analyse INFO] Analysing step 1_rigidbody
[2026-02-13 10:12:48,905 cli_unpack INFO] Unpacking '../1_rigidbody' folder
[2026-02-13 10:12:48,905 libtimer INFO] unpacking took 0 seconds
[2026-02-13 10:12:48,918 capri INFO] Found previous CNS step: 1_rigidbody
[2026-02-13 10:12:49,027 capri INFO] Saved scoring weights to: weights_params.json
[2026-02-13 10:12:49,027 __init__ INFO] [caprieval] No reference structure provided. Using the structure with the lowest score from previous step
[2026-02-13 10:12:49,112 libutil INFO] Selected 20 cores to process 20 jobs, with 32 maximum available cores.
[2026-02-13 10:12:49,112 libparallel INFO] Using 20 cores
[2026-02-13 10:12:49,819 libparallel INFO] 20 tasks finished
[2026-02-13 10:12:49,821 capri INFO] Rearranging cluster information into capri_clt.tsv
[2026-02-13 10:12:49,832 cli_clean INFO] Compressing '../1_rigidbody' folder
[2026-02-13 10:12:49,832 clean_steps INFO] Cleaning output for '../1_rigidbody' using 20 cores.
[2026-02-13 10:12:49,964 libtimer INFO] compressing took 0 seconds
[2026-02-13 10:12:49,964 cli_analyse INFO] CAPRI files identified
[2026-02-13 10:12:49,966 cli_analyse INFO] Plotting results..
[2026-02-13 10:12:51,174 cli_analyse INFO] Summary archive summary.tgz created!
[2026-02-13 10:12:51,174 cli_analyse INFO] Analysing step 2_flexref
[2026-02-13 10:12:51,177 cli_unpack INFO] Unpacking '../2_flexref' folder
[2026-02-13 10:12:51,177 libtimer INFO] unpacking took 0 seconds
[2026-02-13 10:12:51,190 capri INFO] Found previous CNS step: 2_flexref
[2026-02-13 10:12:51,427 capri INFO] Saved scoring weights to: weights_params.json
[2026-02-13 10:12:51,427 __init__ INFO] [caprieval] No reference structure provided. Using the structure with the lowest score from previous step
[2026-02-13 10:12:51,511 libutil INFO] Selected 20 cores to process 20 jobs, with 32 maximum available cores.
[2026-02-13 10:12:51,512 libparallel INFO] Using 20 cores
[2026-02-13 10:12:51,899 libparallel INFO] 20 tasks finished
[2026-02-13 10:12:51,900 capri INFO] Rearranging cluster information into capri_clt.tsv
[2026-02-13 10:12:51,904 cli_clean INFO] Compressing '../2_flexref' folder
[2026-02-13 10:12:51,904 clean_steps INFO] Cleaning output for '../2_flexref' using 20 cores.
[2026-02-13 10:12:52,023 libtimer INFO] compressing took 0 seconds
[2026-02-13 10:12:52,023 cli_analyse INFO] CAPRI files identified
[2026-02-13 10:12:52,025 cli_analyse INFO] Plotting results..
[2026-02-13 10:12:53,151 cli_analyse INFO] Summary archive summary.tgz created!
[2026-02-13 10:12:53,151 cli_analyse INFO] Analysing step 3_emref
[2026-02-13 10:12:53,153 cli_unpack INFO] Unpacking '../3_emref' folder
[2026-02-13 10:12:53,153 libtimer INFO] unpacking took 0 seconds
[2026-02-13 10:12:53,166 capri INFO] Found previous CNS step: 3_emref
[2026-02-13 10:12:53,268 capri INFO] Saved scoring weights to: weights_params.json
[2026-02-13 10:12:53,268 __init__ INFO] [caprieval] No reference structure provided. Using the structure with the lowest score from previous step
[2026-02-13 10:12:53,351 libutil INFO] Selected 20 cores to process 20 jobs, with 32 maximum available cores.
[2026-02-13 10:12:53,352 libparallel INFO] Using 20 cores
[2026-02-13 10:12:53,772 libparallel INFO] 20 tasks finished
[2026-02-13 10:12:53,773 capri INFO] Rearranging cluster information into capri_clt.tsv
[2026-02-13 10:12:53,778 cli_clean INFO] Compressing '../3_emref' folder
[2026-02-13 10:12:53,778 clean_steps INFO] Cleaning output for '../3_emref' using 20 cores.
[2026-02-13 10:12:53,910 libtimer INFO] compressing took 0 seconds
[2026-02-13 10:12:53,911 cli_analyse INFO] CAPRI files identified
[2026-02-13 10:12:53,913 cli_analyse INFO] Plotting results..
[2026-02-13 10:12:55,022 cli_analyse INFO] Summary archive summary.tgz created!
[2026-02-13 10:12:55,022 cli_analyse INFO] moving files to analysis folder
[2026-02-13 10:12:55,022 cli_analyse INFO] cancelling unsuccesful analysis folders
[2026-02-13 10:12:55,022 cli_analyse INFO] updating paths in analysis/1_rigidbody_analysis/capri_ss.tsv
[2026-02-13 10:12:55,022 cli_analyse INFO] View the results in analysis/1_rigidbody_analysis/report.html
[2026-02-13 10:12:55,022 cli_analyse INFO] To view structures or download the structure files, in a terminal run the command `python -m http.server --directory /mnt/Data/PopOS/Data_Ana/Wu/clawdPorjects/HADDOCK_test/results/run_Neg_AAAGTGGGTCCGTGTT-1_contig_1_1`. By default, http server runs on `http://0.0.0.0:8000/`. Open the link http://0.0.0.0:8000/analysis/1_rigidbody_analysis/report.html in a web browser.
[2026-02-13 10:12:55,022 cli_analyse INFO] updating paths in analysis/2_flexref_analysis/capri_ss.tsv
[2026-02-13 10:12:55,022 cli_analyse INFO] View the results in analysis/2_flexref_analysis/report.html
[2026-02-13 10:12:55,022 cli_analyse INFO] To view structures or download the structure files, in a terminal run the command `python -m http.server --directory /mnt/Data/PopOS/Data_Ana/Wu/clawdPorjects/HADDOCK_test/results/run_Neg_AAAGTGGGTCCGTGTT-1_contig_1_1`. By default, http server runs on `http://0.0.0.0:8000/`. Open the link http://0.0.0.0:8000/analysis/2_flexref_analysis/report.html in a web browser.
[2026-02-13 10:12:55,022 cli_analyse INFO] updating paths in analysis/3_emref_analysis/capri_ss.tsv
[2026-02-13 10:12:55,023 cli_analyse INFO] View the results in analysis/3_emref_analysis/report.html
[2026-02-13 10:12:55,023 cli_analyse INFO] To view structures or download the structure files, in a terminal run the command `python -m http.server --directory /mnt/Data/PopOS/Data_Ana/Wu/clawdPorjects/HADDOCK_test/results/run_Neg_AAAGTGGGTCCGTGTT-1_contig_1_1`. By default, http server runs on `http://0.0.0.0:8000/`. Open the link http://0.0.0.0:8000/analysis/3_emref_analysis/report.html in a web browser.
[2026-02-13 10:12:55,023 cli_traceback INFO] Running haddock3-traceback on ./
[2026-02-13 10:12:55,023 cli_traceback INFO] Reading input run directory
[2026-02-13 10:12:55,023 cli_traceback INFO] All_steps: 0_topoaa, 1_rigidbody, 2_flexref, 3_emref
[2026-02-13 10:12:55,023 cli_traceback INFO] Modules not to be analysed: 0_topoaa
[2026-02-13 10:12:55,023 cli_traceback INFO] Steps to trace back: 1_rigidbody, 2_flexref, 3_emref
[2026-02-13 10:12:55,023 cli_traceback INFO] Created directory: /mnt/Data/PopOS/Data_Ana/Wu/clawdPorjects/HADDOCK_test/results/run_Neg_AAAGTGGGTCCGTGTT-1_contig_1_1/traceback
[2026-02-13 10:12:55,023 cli_traceback INFO] Tracing back step 3_emref
[2026-02-13 10:12:55,025 cli_traceback INFO] Tracing back step 2_flexref
[2026-02-13 10:12:55,027 cli_traceback INFO] Tracing back step 1_rigidbody
[2026-02-13 10:12:55,031 cli_traceback INFO] Output dataframe traceback/traceback.tsv created with shape (20, 8)
[2026-02-13 10:12:55,058 clean_steps INFO] Cleaning output for '0_topoaa' using 20 cores.
[2026-02-13 10:12:55,190 libtimer INFO] cleaning output files took 0 seconds
[2026-02-13 10:12:55,190 clean_steps INFO] Cleaning output for '1_rigidbody' using 20 cores.
[2026-02-13 10:12:55,198 libtimer INFO] cleaning output files took 0 seconds
[2026-02-13 10:12:55,198 clean_steps INFO] Cleaning output for '2_flexref' using 20 cores.
[2026-02-13 10:12:55,208 libtimer INFO] cleaning output files took 0 seconds
[2026-02-13 10:12:55,209 clean_steps INFO] Cleaning output for '3_emref' using 20 cores.
[2026-02-13 10:12:55,222 libtimer INFO] cleaning output files took 0 seconds
[2026-02-13 10:12:55,222 cli INFO] This HADDOCK3 run took: 2 minutes and 4 seconds
[2026-02-13 10:12:55,222 greetings INFO] Your feedback matters in Haddock3! Share your experience and help us grow:
[2026-02-13 10:12:55,222 greetings INFO] GitHub issues: https://github.com/haddocking/haddock3/issues
[2026-02-13 10:12:55,222 greetings INFO] BioExcel feedback: https://www.bonvinlab.org/feedback
[2026-02-13 10:12:55,223 greetings INFO] BioExcel forum: https://ask.bioexcel.eu/c/haddock/6
[2026-02-13 10:12:55,223 cli INFO] Finished at 13/02/2026 10:12:55. Good bye! Dovidenia! Agur!
