[2026-02-06 07:47:54,097 cli INFO] 
##############################################
#                                            #
#                 HADDOCK3                   #
#                                            #
##############################################

!! Some of the HADDOCK3 components use CNS (Crystallographic and NMR System) which is free of use for non-profit applications. !!
!! For commercial use it is your own responsibility to have a proper license. !!
!! For details refer to the DISCLAIMER file in the HADDOCK3 repository. !!

Starting HADDOCK3 v2024.10.0b7 on 2026-02-06 07:47:00

Python 3.10.12 (main, Feb  4 2025, 14:57:36) [GCC 11.4.0]

[2026-02-06 07:47:57,764 libworkflow INFO] Reading instructions step 0_topoaa
[2026-02-06 07:47:57,764 libworkflow INFO] Reading instructions step 1_rigidbody
[2026-02-06 07:47:57,764 libworkflow INFO] Reading instructions step 2_flexref
[2026-02-06 07:47:57,765 libworkflow INFO] Reading instructions step 3_emref
[2026-02-06 07:47:57,784 base_cns_module INFO] Running [topoaa] module
[2026-02-06 07:47:57,784 __init__ INFO] [topoaa] Molecule 1: receptor_single_TG2001_Epi.pdb
[2026-02-06 07:47:57,789 __init__ INFO] [topoaa] Sanitizing molecule receptor_single_TG2001_Epi.pdb
[2026-02-06 07:47:57,810 __init__ INFO] [topoaa] Topology CNS input created
[2026-02-06 07:47:57,810 __init__ INFO] [topoaa] Molecule 2: ligand_single_TG2001_Epi.pdb
[2026-02-06 07:47:57,811 __init__ INFO] [topoaa] Sanitizing molecule ligand_single_TG2001_Epi.pdb
[2026-02-06 07:47:57,814 __init__ INFO] [topoaa] Topology CNS input created
[2026-02-06 07:47:57,814 __init__ INFO] [topoaa] Running CNS Jobs n=2
[2026-02-06 07:47:57,814 libutil INFO] Selected 2 cores to process 2 jobs, with 32 maximum available cores.
[2026-02-06 07:47:57,815 libparallel INFO] Using 2 cores
[2026-02-06 07:48:17,999 libparallel INFO] 2 tasks finished
[2026-02-06 07:48:17,999 __init__ INFO] [topoaa] CNS jobs have finished
[2026-02-06 07:48:18,001 base_cns_module INFO] Module [topoaa] finished.
[2026-02-06 07:48:18,001 __init__ INFO] [topoaa] took 20 seconds
[2026-02-06 07:48:18,340 base_cns_module INFO] Running [rigidbody] module
[2026-02-06 07:48:18,341 __init__ INFO] [rigidbody] crossdock=true
[2026-02-06 07:48:18,341 __init__ INFO] [rigidbody] Preparing jobs...
[2026-02-06 07:48:18,345 libutil INFO] Selected 20 cores to process 20 jobs, with 32 maximum available cores.
[2026-02-06 07:48:18,345 libparallel INFO] Using 20 cores
[2026-02-06 07:48:18,377 libparallel INFO] 20 tasks finished
[2026-02-06 07:48:18,378 __init__ INFO] [rigidbody] Preparation took 0.037044 seconds
[2026-02-06 07:48:18,379 __init__ INFO] [rigidbody] Running CNS Jobs n=20
[2026-02-06 07:48:18,379 libutil INFO] Selected 20 cores to process 20 jobs, with 32 maximum available cores.
[2026-02-06 07:48:18,380 libparallel INFO] Using 20 cores
[2026-02-06 07:48:53,423 libparallel INFO] 20 tasks finished
[2026-02-06 07:48:53,423 __init__ INFO] [rigidbody] CNS jobs have finished
[2026-02-06 07:48:53,485 base_cns_module INFO] Module [rigidbody] finished.
[2026-02-06 07:48:53,485 __init__ INFO] [rigidbody] took 35 seconds
[2026-02-06 07:48:53,864 base_cns_module INFO] Running [flexref] module
[2026-02-06 07:48:53,983 __init__ INFO] [flexref] Running CNS Jobs n=20
[2026-02-06 07:48:53,984 libutil INFO] Selected 20 cores to process 20 jobs, with 32 maximum available cores.
[2026-02-06 07:48:53,984 libparallel INFO] Using 20 cores
[2026-02-06 07:53:26,074 libparallel INFO] 20 tasks finished
[2026-02-06 07:53:26,074 __init__ INFO] [flexref] CNS jobs have finished
[2026-02-06 07:53:26,134 base_cns_module INFO] Module [flexref] finished.
[2026-02-06 07:53:26,134 __init__ INFO] [flexref] took 4 minutes and 32 seconds
[2026-02-06 07:53:26,473 base_cns_module INFO] Running [emref] module
[2026-02-06 07:53:26,591 __init__ INFO] [emref] Running CNS Jobs n=20
[2026-02-06 07:53:26,592 libutil INFO] Selected 20 cores to process 20 jobs, with 32 maximum available cores.
[2026-02-06 07:53:26,592 libparallel INFO] Using 20 cores
[2026-02-06 07:53:45,285 libparallel INFO] 20 tasks finished
[2026-02-06 07:53:45,285 __init__ INFO] [emref] CNS jobs have finished
[2026-02-06 07:53:45,343 base_cns_module INFO] Module [emref] finished.
[2026-02-06 07:53:45,343 __init__ INFO] [emref] took 19 seconds
[2026-02-06 07:53:45,343 cli_analyse INFO] Running haddock3-analyse on ./, modules [], with top_cluster = 10
[2026-02-06 07:53:45,350 cli_analyse INFO] Created directory: /mnt/Data/PopOS/Data_Ana/Wu/clawdPorjects/HADDOCK_test/results/run_TG2001_Epi/analysis
[2026-02-06 07:53:45,350 cli_analyse INFO] Reading input run directory
[2026-02-06 07:53:45,350 cli_analyse INFO] selected steps: 0_topoaa, 1_rigidbody, 2_flexref, 3_emref
[2026-02-06 07:53:45,350 cli_analyse INFO] Analysing step 0_topoaa
[2026-02-06 07:53:45,350 cli_analyse WARNING] Could not execute the analysis for step 0_topoaa. The following error occurred 'dict' object has no attribute 'rel_path'
[2026-02-06 07:53:45,350 cli_analyse INFO] Analysing step 1_rigidbody
[2026-02-06 07:53:45,352 cli_unpack INFO] Unpacking '../1_rigidbody' folder
[2026-02-06 07:53:45,352 libtimer INFO] unpacking took 0 seconds
[2026-02-06 07:53:45,365 capri INFO] Found previous CNS step: 1_rigidbody
[2026-02-06 07:53:45,475 capri INFO] Saved scoring weights to: weights_params.json
[2026-02-06 07:53:45,475 __init__ INFO] [caprieval] No reference structure provided. Using the structure with the lowest score from previous step
[2026-02-06 07:53:45,674 libutil INFO] Selected 20 cores to process 20 jobs, with 32 maximum available cores.
[2026-02-06 07:53:45,675 libparallel INFO] Using 20 cores
[2026-02-06 07:53:46,671 libparallel INFO] 20 tasks finished
[2026-02-06 07:53:46,672 capri INFO] Rearranging cluster information into capri_clt.tsv
[2026-02-06 07:53:46,677 cli_clean INFO] Compressing '../1_rigidbody' folder
[2026-02-06 07:53:46,677 clean_steps INFO] Cleaning output for '../1_rigidbody' using 20 cores.
[2026-02-06 07:53:46,916 libtimer INFO] compressing took 0 seconds
[2026-02-06 07:53:46,916 cli_analyse INFO] CAPRI files identified
[2026-02-06 07:53:46,919 cli_analyse INFO] Plotting results..
[2026-02-06 07:53:48,935 cli_analyse INFO] Summary archive summary.tgz created!
[2026-02-06 07:53:48,935 cli_analyse INFO] Analysing step 2_flexref
[2026-02-06 07:53:48,937 cli_unpack INFO] Unpacking '../2_flexref' folder
[2026-02-06 07:53:48,938 libtimer INFO] unpacking took 0 seconds
[2026-02-06 07:53:48,951 capri INFO] Found previous CNS step: 2_flexref
[2026-02-06 07:53:49,191 capri INFO] Saved scoring weights to: weights_params.json
[2026-02-06 07:53:49,191 __init__ INFO] [caprieval] No reference structure provided. Using the structure with the lowest score from previous step
[2026-02-06 07:53:49,399 libutil INFO] Selected 20 cores to process 20 jobs, with 32 maximum available cores.
[2026-02-06 07:53:49,399 libparallel INFO] Using 20 cores
[2026-02-06 07:53:50,345 libparallel INFO] 20 tasks finished
[2026-02-06 07:53:50,346 capri INFO] Rearranging cluster information into capri_clt.tsv
[2026-02-06 07:53:50,353 cli_clean INFO] Compressing '../2_flexref' folder
[2026-02-06 07:53:50,353 clean_steps INFO] Cleaning output for '../2_flexref' using 20 cores.
[2026-02-06 07:53:50,580 libtimer INFO] compressing took 0 seconds
[2026-02-06 07:53:50,581 cli_analyse INFO] CAPRI files identified
[2026-02-06 07:53:50,582 cli_analyse INFO] Plotting results..
[2026-02-06 07:53:52,371 cli_analyse INFO] Summary archive summary.tgz created!
[2026-02-06 07:53:52,371 cli_analyse INFO] Analysing step 3_emref
[2026-02-06 07:53:52,373 cli_unpack INFO] Unpacking '../3_emref' folder
[2026-02-06 07:53:52,374 libtimer INFO] unpacking took 0 seconds
[2026-02-06 07:53:52,387 capri INFO] Found previous CNS step: 3_emref
[2026-02-06 07:53:52,489 capri INFO] Saved scoring weights to: weights_params.json
[2026-02-06 07:53:52,489 __init__ INFO] [caprieval] No reference structure provided. Using the structure with the lowest score from previous step
[2026-02-06 07:53:52,690 libutil INFO] Selected 20 cores to process 20 jobs, with 32 maximum available cores.
[2026-02-06 07:53:52,691 libparallel INFO] Using 20 cores
[2026-02-06 07:53:53,682 libparallel INFO] 20 tasks finished
[2026-02-06 07:53:53,683 capri INFO] Rearranging cluster information into capri_clt.tsv
[2026-02-06 07:53:53,687 cli_clean INFO] Compressing '../3_emref' folder
[2026-02-06 07:53:53,688 clean_steps INFO] Cleaning output for '../3_emref' using 20 cores.
[2026-02-06 07:53:53,909 libtimer INFO] compressing took 0 seconds
[2026-02-06 07:53:53,910 cli_analyse INFO] CAPRI files identified
[2026-02-06 07:53:53,912 cli_analyse INFO] Plotting results..
[2026-02-06 07:53:55,684 cli_analyse INFO] Summary archive summary.tgz created!
[2026-02-06 07:53:55,684 cli_analyse INFO] moving files to analysis folder
[2026-02-06 07:53:55,684 cli_analyse INFO] cancelling unsuccesful analysis folders
[2026-02-06 07:53:55,684 cli_analyse INFO] updating paths in analysis/1_rigidbody_analysis/capri_ss.tsv
[2026-02-06 07:53:55,684 cli_analyse INFO] View the results in analysis/1_rigidbody_analysis/report.html
[2026-02-06 07:53:55,684 cli_analyse INFO] To view structures or download the structure files, in a terminal run the command `python -m http.server --directory /mnt/Data/PopOS/Data_Ana/Wu/clawdPorjects/HADDOCK_test/results/run_TG2001_Epi`. By default, http server runs on `http://0.0.0.0:8000/`. Open the link http://0.0.0.0:8000/analysis/1_rigidbody_analysis/report.html in a web browser.
[2026-02-06 07:53:55,684 cli_analyse INFO] updating paths in analysis/2_flexref_analysis/capri_ss.tsv
[2026-02-06 07:53:55,685 cli_analyse INFO] View the results in analysis/2_flexref_analysis/report.html
[2026-02-06 07:53:55,685 cli_analyse INFO] To view structures or download the structure files, in a terminal run the command `python -m http.server --directory /mnt/Data/PopOS/Data_Ana/Wu/clawdPorjects/HADDOCK_test/results/run_TG2001_Epi`. By default, http server runs on `http://0.0.0.0:8000/`. Open the link http://0.0.0.0:8000/analysis/2_flexref_analysis/report.html in a web browser.
[2026-02-06 07:53:55,685 cli_analyse INFO] updating paths in analysis/3_emref_analysis/capri_ss.tsv
[2026-02-06 07:53:55,685 cli_analyse INFO] View the results in analysis/3_emref_analysis/report.html
[2026-02-06 07:53:55,685 cli_analyse INFO] To view structures or download the structure files, in a terminal run the command `python -m http.server --directory /mnt/Data/PopOS/Data_Ana/Wu/clawdPorjects/HADDOCK_test/results/run_TG2001_Epi`. By default, http server runs on `http://0.0.0.0:8000/`. Open the link http://0.0.0.0:8000/analysis/3_emref_analysis/report.html in a web browser.
[2026-02-06 07:53:55,685 cli_traceback INFO] Running haddock3-traceback on ./
[2026-02-06 07:53:55,685 cli_traceback INFO] Reading input run directory
[2026-02-06 07:53:55,685 cli_traceback INFO] All_steps: 0_topoaa, 1_rigidbody, 2_flexref, 3_emref
[2026-02-06 07:53:55,685 cli_traceback INFO] Modules not to be analysed: 0_topoaa
[2026-02-06 07:53:55,685 cli_traceback INFO] Steps to trace back: 1_rigidbody, 2_flexref, 3_emref
[2026-02-06 07:53:55,685 cli_traceback INFO] Created directory: /mnt/Data/PopOS/Data_Ana/Wu/clawdPorjects/HADDOCK_test/results/run_TG2001_Epi/traceback
[2026-02-06 07:53:55,685 cli_traceback INFO] Tracing back step 3_emref
[2026-02-06 07:53:55,687 cli_traceback INFO] Tracing back step 2_flexref
[2026-02-06 07:53:55,690 cli_traceback INFO] Tracing back step 1_rigidbody
[2026-02-06 07:53:55,694 cli_traceback INFO] Output dataframe traceback/traceback.tsv created with shape (20, 8)
[2026-02-06 07:53:55,721 clean_steps INFO] Cleaning output for '0_topoaa' using 20 cores.
[2026-02-06 07:53:56,048 libtimer INFO] cleaning output files took 0 seconds
[2026-02-06 07:53:56,048 clean_steps INFO] Cleaning output for '1_rigidbody' using 20 cores.
[2026-02-06 07:53:56,057 libtimer INFO] cleaning output files took 0 seconds
[2026-02-06 07:53:56,057 clean_steps INFO] Cleaning output for '2_flexref' using 20 cores.
[2026-02-06 07:53:56,068 libtimer INFO] cleaning output files took 0 seconds
[2026-02-06 07:53:56,069 clean_steps INFO] Cleaning output for '3_emref' using 20 cores.
[2026-02-06 07:53:56,082 libtimer INFO] cleaning output files took 0 seconds
[2026-02-06 07:53:56,082 cli INFO] This HADDOCK3 run took: 6 minutes and 2 seconds
[2026-02-06 07:53:56,082 greetings INFO] Your feedback matters in Haddock3! Share your experience and help us grow:
[2026-02-06 07:53:56,083 greetings INFO] GitHub issues: https://github.com/haddocking/haddock3/issues
[2026-02-06 07:53:56,083 greetings INFO] BioExcel feedback: https://www.bonvinlab.org/feedback
[2026-02-06 07:53:56,083 greetings INFO] BioExcel forum: https://ask.bioexcel.eu/c/haddock/6
[2026-02-06 07:53:56,083 cli INFO] Finished at 06/02/2026 07:53:56. Agur! Tot ziens! Ciao!
