[2026-02-06 06:54:03,855 cli INFO] 
##############################################
#                                            #
#                 HADDOCK3                   #
#                                            #
##############################################

!! Some of the HADDOCK3 components use CNS (Crystallographic and NMR System) which is free of use for non-profit applications. !!
!! For commercial use it is your own responsibility to have a proper license. !!
!! For details refer to the DISCLAIMER file in the HADDOCK3 repository. !!

Starting HADDOCK3 v2024.10.0b7 on 2026-02-06 06:54:00

Python 3.10.12 (main, Feb  4 2025, 14:57:36) [GCC 11.4.0]

[2026-02-06 06:54:07,518 libworkflow INFO] Reading instructions step 0_topoaa
[2026-02-06 06:54:07,518 libworkflow INFO] Reading instructions step 1_rigidbody
[2026-02-06 06:54:07,518 libworkflow INFO] Reading instructions step 2_flexref
[2026-02-06 06:54:07,519 libworkflow INFO] Reading instructions step 3_emref
[2026-02-06 06:54:07,532 base_cns_module INFO] Running [topoaa] module
[2026-02-06 06:54:07,532 __init__ INFO] [topoaa] Molecule 1: receptor_single_refold_TG2006_Epi.pdb
[2026-02-06 06:54:07,536 __init__ INFO] [topoaa] Sanitizing molecule receptor_single_refold_TG2006_Epi.pdb
[2026-02-06 06:54:07,555 __init__ INFO] [topoaa] Topology CNS input created
[2026-02-06 06:54:07,555 __init__ INFO] [topoaa] Molecule 2: ligand_single_refold_TG2006_Epi.pdb
[2026-02-06 06:54:07,556 __init__ INFO] [topoaa] Sanitizing molecule ligand_single_refold_TG2006_Epi.pdb
[2026-02-06 06:54:07,559 __init__ INFO] [topoaa] Topology CNS input created
[2026-02-06 06:54:07,559 __init__ INFO] [topoaa] Running CNS Jobs n=2
[2026-02-06 06:54:07,559 libutil INFO] Selected 2 cores to process 2 jobs, with 32 maximum available cores.
[2026-02-06 06:54:07,560 libparallel INFO] Using 2 cores
[2026-02-06 06:54:27,729 libparallel INFO] 2 tasks finished
[2026-02-06 06:54:27,729 __init__ INFO] [topoaa] CNS jobs have finished
[2026-02-06 06:54:27,731 base_cns_module INFO] Module [topoaa] finished.
[2026-02-06 06:54:27,731 __init__ INFO] [topoaa] took 20 seconds
[2026-02-06 06:54:28,064 base_cns_module INFO] Running [rigidbody] module
[2026-02-06 06:54:28,064 __init__ INFO] [rigidbody] crossdock=true
[2026-02-06 06:54:28,064 __init__ INFO] [rigidbody] Preparing jobs...
[2026-02-06 06:54:28,068 libutil INFO] Selected 20 cores to process 20 jobs, with 32 maximum available cores.
[2026-02-06 06:54:28,069 libparallel INFO] Using 20 cores
[2026-02-06 06:54:28,097 libparallel INFO] 20 tasks finished
[2026-02-06 06:54:28,097 __init__ INFO] [rigidbody] Preparation took 0.032905 seconds
[2026-02-06 06:54:28,098 __init__ INFO] [rigidbody] Running CNS Jobs n=20
[2026-02-06 06:54:28,098 libutil INFO] Selected 20 cores to process 20 jobs, with 32 maximum available cores.
[2026-02-06 06:54:28,099 libparallel INFO] Using 20 cores
[2026-02-06 06:55:00,169 libparallel INFO] 20 tasks finished
[2026-02-06 06:55:00,170 __init__ INFO] [rigidbody] CNS jobs have finished
[2026-02-06 06:55:00,224 base_cns_module INFO] Module [rigidbody] finished.
[2026-02-06 06:55:00,224 __init__ INFO] [rigidbody] took 32 seconds
[2026-02-06 06:55:00,596 base_cns_module INFO] Running [flexref] module
[2026-02-06 06:55:00,716 __init__ INFO] [flexref] Running CNS Jobs n=20
[2026-02-06 06:55:00,716 libutil INFO] Selected 20 cores to process 20 jobs, with 32 maximum available cores.
[2026-02-06 06:55:00,716 libparallel INFO] Using 20 cores
[2026-02-06 06:59:28,300 libparallel INFO] 20 tasks finished
[2026-02-06 06:59:28,301 __init__ INFO] [flexref] CNS jobs have finished
[2026-02-06 06:59:28,359 base_cns_module INFO] Module [flexref] finished.
[2026-02-06 06:59:28,359 __init__ INFO] [flexref] took 4 minutes and 28 seconds
[2026-02-06 06:59:28,693 base_cns_module INFO] Running [emref] module
[2026-02-06 06:59:28,812 __init__ INFO] [emref] Running CNS Jobs n=20
[2026-02-06 06:59:28,812 libutil INFO] Selected 20 cores to process 20 jobs, with 32 maximum available cores.
[2026-02-06 06:59:28,813 libparallel INFO] Using 20 cores
[2026-02-06 06:59:47,721 libparallel INFO] 20 tasks finished
[2026-02-06 06:59:47,721 __init__ INFO] [emref] CNS jobs have finished
[2026-02-06 06:59:47,789 base_cns_module INFO] Module [emref] finished.
[2026-02-06 06:59:47,789 __init__ INFO] [emref] took 19 seconds
[2026-02-06 06:59:47,789 cli_analyse INFO] Running haddock3-analyse on ./, modules [], with top_cluster = 10
[2026-02-06 06:59:47,796 cli_analyse INFO] Created directory: /mnt/Data/PopOS/Data_Ana/Wu/clawdPorjects/HADDOCK_test/results/run_refold_TG2006_Epi/analysis
[2026-02-06 06:59:47,796 cli_analyse INFO] Reading input run directory
[2026-02-06 06:59:47,796 cli_analyse INFO] selected steps: 0_topoaa, 1_rigidbody, 2_flexref, 3_emref
[2026-02-06 06:59:47,796 cli_analyse INFO] Analysing step 0_topoaa
[2026-02-06 06:59:47,797 cli_analyse WARNING] Could not execute the analysis for step 0_topoaa. The following error occurred 'dict' object has no attribute 'rel_path'
[2026-02-06 06:59:47,797 cli_analyse INFO] Analysing step 1_rigidbody
[2026-02-06 06:59:47,798 cli_unpack INFO] Unpacking '../1_rigidbody' folder
[2026-02-06 06:59:47,798 libtimer INFO] unpacking took 0 seconds
[2026-02-06 06:59:47,811 capri INFO] Found previous CNS step: 1_rigidbody
[2026-02-06 06:59:47,919 capri INFO] Saved scoring weights to: weights_params.json
[2026-02-06 06:59:47,919 __init__ INFO] [caprieval] No reference structure provided. Using the structure with the lowest score from previous step
[2026-02-06 06:59:48,121 libutil INFO] Selected 20 cores to process 20 jobs, with 32 maximum available cores.
[2026-02-06 06:59:48,121 libparallel INFO] Using 20 cores
[2026-02-06 06:59:49,168 libparallel INFO] 20 tasks finished
[2026-02-06 06:59:49,169 capri INFO] Rearranging cluster information into capri_clt.tsv
[2026-02-06 06:59:49,173 cli_clean INFO] Compressing '../1_rigidbody' folder
[2026-02-06 06:59:49,173 clean_steps INFO] Cleaning output for '../1_rigidbody' using 20 cores.
[2026-02-06 06:59:49,396 libtimer INFO] compressing took 0 seconds
[2026-02-06 06:59:49,396 cli_analyse INFO] CAPRI files identified
[2026-02-06 06:59:49,399 cli_analyse INFO] Plotting results..
[2026-02-06 06:59:51,284 cli_analyse INFO] Summary archive summary.tgz created!
[2026-02-06 06:59:51,284 cli_analyse INFO] Analysing step 2_flexref
[2026-02-06 06:59:51,286 cli_unpack INFO] Unpacking '../2_flexref' folder
[2026-02-06 06:59:51,286 libtimer INFO] unpacking took 0 seconds
[2026-02-06 06:59:51,299 capri INFO] Found previous CNS step: 2_flexref
[2026-02-06 06:59:51,536 capri INFO] Saved scoring weights to: weights_params.json
[2026-02-06 06:59:51,536 __init__ INFO] [caprieval] No reference structure provided. Using the structure with the lowest score from previous step
[2026-02-06 06:59:51,747 libutil INFO] Selected 20 cores to process 20 jobs, with 32 maximum available cores.
[2026-02-06 06:59:51,747 libparallel INFO] Using 20 cores
[2026-02-06 06:59:52,804 libparallel INFO] 20 tasks finished
[2026-02-06 06:59:52,805 capri INFO] Rearranging cluster information into capri_clt.tsv
[2026-02-06 06:59:52,809 cli_clean INFO] Compressing '../2_flexref' folder
[2026-02-06 06:59:52,809 clean_steps INFO] Cleaning output for '../2_flexref' using 20 cores.
[2026-02-06 06:59:53,036 libtimer INFO] compressing took 0 seconds
[2026-02-06 06:59:53,037 cli_analyse INFO] CAPRI files identified
[2026-02-06 06:59:53,039 cli_analyse INFO] Plotting results..
[2026-02-06 06:59:55,000 cli_analyse INFO] Summary archive summary.tgz created!
[2026-02-06 06:59:55,000 cli_analyse INFO] Analysing step 3_emref
[2026-02-06 06:59:55,002 cli_unpack INFO] Unpacking '../3_emref' folder
[2026-02-06 06:59:55,003 libtimer INFO] unpacking took 0 seconds
[2026-02-06 06:59:55,016 capri INFO] Found previous CNS step: 3_emref
[2026-02-06 06:59:55,116 capri INFO] Saved scoring weights to: weights_params.json
[2026-02-06 06:59:55,116 __init__ INFO] [caprieval] No reference structure provided. Using the structure with the lowest score from previous step
[2026-02-06 06:59:55,322 libutil INFO] Selected 20 cores to process 20 jobs, with 32 maximum available cores.
[2026-02-06 06:59:55,322 libparallel INFO] Using 20 cores
[2026-02-06 06:59:56,439 libparallel INFO] 20 tasks finished
[2026-02-06 06:59:56,439 capri INFO] Rearranging cluster information into capri_clt.tsv
[2026-02-06 06:59:56,444 cli_clean INFO] Compressing '../3_emref' folder
[2026-02-06 06:59:56,444 clean_steps INFO] Cleaning output for '../3_emref' using 20 cores.
[2026-02-06 06:59:56,702 libtimer INFO] compressing took 0 seconds
[2026-02-06 06:59:56,702 cli_analyse INFO] CAPRI files identified
[2026-02-06 06:59:56,704 cli_analyse INFO] Plotting results..
[2026-02-06 06:59:58,502 cli_analyse INFO] Summary archive summary.tgz created!
[2026-02-06 06:59:58,502 cli_analyse INFO] moving files to analysis folder
[2026-02-06 06:59:58,502 cli_analyse INFO] cancelling unsuccesful analysis folders
[2026-02-06 06:59:58,502 cli_analyse INFO] updating paths in analysis/1_rigidbody_analysis/capri_ss.tsv
[2026-02-06 06:59:58,503 cli_analyse INFO] View the results in analysis/1_rigidbody_analysis/report.html
[2026-02-06 06:59:58,503 cli_analyse INFO] To view structures or download the structure files, in a terminal run the command `python -m http.server --directory /mnt/Data/PopOS/Data_Ana/Wu/clawdPorjects/HADDOCK_test/results/run_refold_TG2006_Epi`. By default, http server runs on `http://0.0.0.0:8000/`. Open the link http://0.0.0.0:8000/analysis/1_rigidbody_analysis/report.html in a web browser.
[2026-02-06 06:59:58,503 cli_analyse INFO] updating paths in analysis/2_flexref_analysis/capri_ss.tsv
[2026-02-06 06:59:58,503 cli_analyse INFO] View the results in analysis/2_flexref_analysis/report.html
[2026-02-06 06:59:58,503 cli_analyse INFO] To view structures or download the structure files, in a terminal run the command `python -m http.server --directory /mnt/Data/PopOS/Data_Ana/Wu/clawdPorjects/HADDOCK_test/results/run_refold_TG2006_Epi`. By default, http server runs on `http://0.0.0.0:8000/`. Open the link http://0.0.0.0:8000/analysis/2_flexref_analysis/report.html in a web browser.
[2026-02-06 06:59:58,503 cli_analyse INFO] updating paths in analysis/3_emref_analysis/capri_ss.tsv
[2026-02-06 06:59:58,503 cli_analyse INFO] View the results in analysis/3_emref_analysis/report.html
[2026-02-06 06:59:58,503 cli_analyse INFO] To view structures or download the structure files, in a terminal run the command `python -m http.server --directory /mnt/Data/PopOS/Data_Ana/Wu/clawdPorjects/HADDOCK_test/results/run_refold_TG2006_Epi`. By default, http server runs on `http://0.0.0.0:8000/`. Open the link http://0.0.0.0:8000/analysis/3_emref_analysis/report.html in a web browser.
[2026-02-06 06:59:58,503 cli_traceback INFO] Running haddock3-traceback on ./
[2026-02-06 06:59:58,503 cli_traceback INFO] Reading input run directory
[2026-02-06 06:59:58,503 cli_traceback INFO] All_steps: 0_topoaa, 1_rigidbody, 2_flexref, 3_emref
[2026-02-06 06:59:58,504 cli_traceback INFO] Modules not to be analysed: 0_topoaa
[2026-02-06 06:59:58,504 cli_traceback INFO] Steps to trace back: 1_rigidbody, 2_flexref, 3_emref
[2026-02-06 06:59:58,504 cli_traceback INFO] Created directory: /mnt/Data/PopOS/Data_Ana/Wu/clawdPorjects/HADDOCK_test/results/run_refold_TG2006_Epi/traceback
[2026-02-06 06:59:58,504 cli_traceback INFO] Tracing back step 3_emref
[2026-02-06 06:59:58,506 cli_traceback INFO] Tracing back step 2_flexref
[2026-02-06 06:59:58,508 cli_traceback INFO] Tracing back step 1_rigidbody
[2026-02-06 06:59:58,512 cli_traceback INFO] Output dataframe traceback/traceback.tsv created with shape (20, 8)
[2026-02-06 06:59:58,539 clean_steps INFO] Cleaning output for '0_topoaa' using 20 cores.
[2026-02-06 06:59:58,838 libtimer INFO] cleaning output files took 0 seconds
[2026-02-06 06:59:58,838 clean_steps INFO] Cleaning output for '1_rigidbody' using 20 cores.
[2026-02-06 06:59:58,847 libtimer INFO] cleaning output files took 0 seconds
[2026-02-06 06:59:58,847 clean_steps INFO] Cleaning output for '2_flexref' using 20 cores.
[2026-02-06 06:59:58,855 libtimer INFO] cleaning output files took 0 seconds
[2026-02-06 06:59:58,855 clean_steps INFO] Cleaning output for '3_emref' using 20 cores.
[2026-02-06 06:59:58,864 libtimer INFO] cleaning output files took 0 seconds
[2026-02-06 06:59:58,865 cli INFO] This HADDOCK3 run took: 5 minutes and 55 seconds
[2026-02-06 06:59:58,865 greetings INFO] Your feedback matters in Haddock3! Share your experience and help us grow:
[2026-02-06 06:59:58,865 greetings INFO] GitHub issues: https://github.com/haddocking/haddock3/issues
[2026-02-06 06:59:58,865 greetings INFO] BioExcel feedback: https://www.bonvinlab.org/feedback
[2026-02-06 06:59:58,865 greetings INFO] BioExcel forum: https://ask.bioexcel.eu/c/haddock/6
[2026-02-06 06:59:58,865 cli INFO] Finished at 06/02/2026 06:59:58. 再见! La revedere! Agur!
