[2026-02-13 12:54:00,634 cli INFO] 
##############################################
#                                            #
#                 HADDOCK3                   #
#                                            #
##############################################

!! Some of the HADDOCK3 components use CNS (Crystallographic and NMR System) which is free of use for non-profit applications. !!
!! For commercial use it is your own responsibility to have a proper license. !!
!! For details refer to the DISCLAIMER file in the HADDOCK3 repository. !!

Starting HADDOCK3 v2024.10.0b7 on 2026-02-13 12:54:00

Python 3.10.12 (main, Feb  4 2025, 14:57:36) [GCC 11.4.0]

[2026-02-13 12:54:04,304 libworkflow INFO] Reading instructions step 0_topoaa
[2026-02-13 12:54:04,304 libworkflow INFO] Reading instructions step 1_rigidbody
[2026-02-13 12:54:04,304 libworkflow INFO] Reading instructions step 2_flexref
[2026-02-13 12:54:04,304 libworkflow INFO] Reading instructions step 3_emref
[2026-02-13 12:54:04,318 base_cns_module INFO] Running [topoaa] module
[2026-02-13 12:54:04,318 __init__ INFO] [topoaa] Molecule 1: receptor_single_Pos_CCTACTCCAGTATGCT-1_contig_1_1.pdb
[2026-02-13 12:54:04,320 __init__ INFO] [topoaa] Sanitizing molecule receptor_single_Pos_CCTACTCCAGTATGCT-1_contig_1_1.pdb
[2026-02-13 12:54:04,327 __init__ INFO] [topoaa] Topology CNS input created
[2026-02-13 12:54:04,327 __init__ INFO] [topoaa] Molecule 2: ligand_single_Pos_CCTACTCCAGTATGCT-1_contig_1_1.pdb
[2026-02-13 12:54:04,328 __init__ INFO] [topoaa] Sanitizing molecule ligand_single_Pos_CCTACTCCAGTATGCT-1_contig_1_1.pdb
[2026-02-13 12:54:04,334 __init__ INFO] [topoaa] Topology CNS input created
[2026-02-13 12:54:04,334 __init__ INFO] [topoaa] Running CNS Jobs n=2
[2026-02-13 12:54:04,334 libutil INFO] Selected 2 cores to process 2 jobs, with 32 maximum available cores.
[2026-02-13 12:54:04,335 libparallel INFO] Using 2 cores
[2026-02-13 12:54:07,573 libparallel INFO] 2 tasks finished
[2026-02-13 12:54:07,573 __init__ INFO] [topoaa] CNS jobs have finished
[2026-02-13 12:54:07,575 base_cns_module INFO] Module [topoaa] finished.
[2026-02-13 12:54:07,575 __init__ INFO] [topoaa] took 3 seconds
[2026-02-13 12:54:07,912 base_cns_module INFO] Running [rigidbody] module
[2026-02-13 12:54:07,913 __init__ INFO] [rigidbody] crossdock=true
[2026-02-13 12:54:07,913 __init__ INFO] [rigidbody] Preparing jobs...
[2026-02-13 12:54:07,915 libutil INFO] Selected 20 cores to process 20 jobs, with 32 maximum available cores.
[2026-02-13 12:54:07,915 libparallel INFO] Using 20 cores
[2026-02-13 12:54:07,943 libparallel INFO] 20 tasks finished
[2026-02-13 12:54:07,944 __init__ INFO] [rigidbody] Preparation took 0.031089 seconds
[2026-02-13 12:54:07,945 __init__ INFO] [rigidbody] Running CNS Jobs n=20
[2026-02-13 12:54:07,945 libutil INFO] Selected 20 cores to process 20 jobs, with 32 maximum available cores.
[2026-02-13 12:54:07,946 libparallel INFO] Using 20 cores
[2026-02-13 12:54:19,254 libparallel INFO] 20 tasks finished
[2026-02-13 12:54:19,254 __init__ INFO] [rigidbody] CNS jobs have finished
[2026-02-13 12:54:19,345 base_cns_module INFO] Module [rigidbody] finished.
[2026-02-13 12:54:19,345 __init__ INFO] [rigidbody] took 11 seconds
[2026-02-13 12:54:19,719 base_cns_module INFO] Running [flexref] module
[2026-02-13 12:54:19,776 __init__ INFO] [flexref] Running CNS Jobs n=20
[2026-02-13 12:54:19,776 libutil INFO] Selected 20 cores to process 20 jobs, with 32 maximum available cores.
[2026-02-13 12:54:19,777 libparallel INFO] Using 20 cores
[2026-02-13 12:55:56,284 libparallel INFO] 20 tasks finished
[2026-02-13 12:55:56,284 __init__ INFO] [flexref] CNS jobs have finished
[2026-02-13 12:55:56,346 base_cns_module INFO] Module [flexref] finished.
[2026-02-13 12:55:56,346 __init__ INFO] [flexref] took 1 minute and 37 seconds
[2026-02-13 12:55:56,685 base_cns_module INFO] Running [emref] module
[2026-02-13 12:55:56,742 __init__ INFO] [emref] Running CNS Jobs n=20
[2026-02-13 12:55:56,742 libutil INFO] Selected 20 cores to process 20 jobs, with 32 maximum available cores.
[2026-02-13 12:55:56,742 libparallel INFO] Using 20 cores
[2026-02-13 12:56:04,089 libparallel INFO] 20 tasks finished
[2026-02-13 12:56:04,089 __init__ INFO] [emref] CNS jobs have finished
[2026-02-13 12:56:04,153 base_cns_module INFO] Module [emref] finished.
[2026-02-13 12:56:04,153 __init__ INFO] [emref] took 7 seconds
[2026-02-13 12:56:04,153 cli_analyse INFO] Running haddock3-analyse on ./, modules [], with top_cluster = 10
[2026-02-13 12:56:04,173 cli_analyse INFO] Created directory: /mnt/Data/PopOS/Data_Ana/Wu/clawdPorjects/HADDOCK_test/results/run_Pos_CCTACTCCAGTATGCT-1_contig_1_1/analysis
[2026-02-13 12:56:04,174 cli_analyse INFO] Reading input run directory
[2026-02-13 12:56:04,174 cli_analyse INFO] selected steps: 0_topoaa, 1_rigidbody, 2_flexref, 3_emref
[2026-02-13 12:56:04,174 cli_analyse INFO] Analysing step 0_topoaa
[2026-02-13 12:56:04,174 cli_analyse WARNING] Could not execute the analysis for step 0_topoaa. The following error occurred 'dict' object has no attribute 'rel_path'
[2026-02-13 12:56:04,174 cli_analyse INFO] Analysing step 1_rigidbody
[2026-02-13 12:56:04,176 cli_unpack INFO] Unpacking '../1_rigidbody' folder
[2026-02-13 12:56:04,176 libtimer INFO] unpacking took 0 seconds
[2026-02-13 12:56:04,189 capri INFO] Found previous CNS step: 1_rigidbody
[2026-02-13 12:56:04,299 capri INFO] Saved scoring weights to: weights_params.json
[2026-02-13 12:56:04,299 __init__ INFO] [caprieval] No reference structure provided. Using the structure with the lowest score from previous step
[2026-02-13 12:56:04,384 libutil INFO] Selected 20 cores to process 20 jobs, with 32 maximum available cores.
[2026-02-13 12:56:04,384 libparallel INFO] Using 20 cores
[2026-02-13 12:56:04,835 libparallel INFO] 20 tasks finished
[2026-02-13 12:56:04,836 capri INFO] Rearranging cluster information into capri_clt.tsv
[2026-02-13 12:56:04,840 cli_clean INFO] Compressing '../1_rigidbody' folder
[2026-02-13 12:56:04,840 clean_steps INFO] Cleaning output for '../1_rigidbody' using 20 cores.
[2026-02-13 12:56:04,963 libtimer INFO] compressing took 0 seconds
[2026-02-13 12:56:04,963 cli_analyse INFO] CAPRI files identified
[2026-02-13 12:56:04,966 cli_analyse INFO] Plotting results..
[2026-02-13 12:56:06,225 cli_analyse INFO] Summary archive summary.tgz created!
[2026-02-13 12:56:06,225 cli_analyse INFO] Analysing step 2_flexref
[2026-02-13 12:56:06,228 cli_unpack INFO] Unpacking '../2_flexref' folder
[2026-02-13 12:56:06,228 libtimer INFO] unpacking took 0 seconds
[2026-02-13 12:56:06,241 capri INFO] Found previous CNS step: 2_flexref
[2026-02-13 12:56:06,479 capri INFO] Saved scoring weights to: weights_params.json
[2026-02-13 12:56:06,479 __init__ INFO] [caprieval] No reference structure provided. Using the structure with the lowest score from previous step
[2026-02-13 12:56:06,565 libutil INFO] Selected 20 cores to process 20 jobs, with 32 maximum available cores.
[2026-02-13 12:56:06,565 libparallel INFO] Using 20 cores
[2026-02-13 12:56:06,953 libparallel INFO] 20 tasks finished
[2026-02-13 12:56:06,954 capri INFO] Rearranging cluster information into capri_clt.tsv
[2026-02-13 12:56:06,958 cli_clean INFO] Compressing '../2_flexref' folder
[2026-02-13 12:56:06,958 clean_steps INFO] Cleaning output for '../2_flexref' using 20 cores.
[2026-02-13 12:56:07,079 libtimer INFO] compressing took 0 seconds
[2026-02-13 12:56:07,079 cli_analyse INFO] CAPRI files identified
[2026-02-13 12:56:07,081 cli_analyse INFO] Plotting results..
[2026-02-13 12:56:08,221 cli_analyse INFO] Summary archive summary.tgz created!
[2026-02-13 12:56:08,221 cli_analyse INFO] Analysing step 3_emref
[2026-02-13 12:56:08,223 cli_unpack INFO] Unpacking '../3_emref' folder
[2026-02-13 12:56:08,224 libtimer INFO] unpacking took 0 seconds
[2026-02-13 12:56:08,237 capri INFO] Found previous CNS step: 3_emref
[2026-02-13 12:56:08,339 capri INFO] Saved scoring weights to: weights_params.json
[2026-02-13 12:56:08,339 __init__ INFO] [caprieval] No reference structure provided. Using the structure with the lowest score from previous step
[2026-02-13 12:56:08,423 libutil INFO] Selected 20 cores to process 20 jobs, with 32 maximum available cores.
[2026-02-13 12:56:08,423 libparallel INFO] Using 20 cores
[2026-02-13 12:56:08,821 libparallel INFO] 20 tasks finished
[2026-02-13 12:56:08,822 capri INFO] Rearranging cluster information into capri_clt.tsv
[2026-02-13 12:56:08,830 cli_clean INFO] Compressing '../3_emref' folder
[2026-02-13 12:56:08,830 clean_steps INFO] Cleaning output for '../3_emref' using 20 cores.
[2026-02-13 12:56:08,958 libtimer INFO] compressing took 0 seconds
[2026-02-13 12:56:08,958 cli_analyse INFO] CAPRI files identified
[2026-02-13 12:56:08,959 cli_analyse INFO] Plotting results..
[2026-02-13 12:56:10,072 cli_analyse INFO] Summary archive summary.tgz created!
[2026-02-13 12:56:10,072 cli_analyse INFO] moving files to analysis folder
[2026-02-13 12:56:10,072 cli_analyse INFO] cancelling unsuccesful analysis folders
[2026-02-13 12:56:10,072 cli_analyse INFO] updating paths in analysis/1_rigidbody_analysis/capri_ss.tsv
[2026-02-13 12:56:10,072 cli_analyse INFO] View the results in analysis/1_rigidbody_analysis/report.html
[2026-02-13 12:56:10,072 cli_analyse INFO] To view structures or download the structure files, in a terminal run the command `python -m http.server --directory /mnt/Data/PopOS/Data_Ana/Wu/clawdPorjects/HADDOCK_test/results/run_Pos_CCTACTCCAGTATGCT-1_contig_1_1`. By default, http server runs on `http://0.0.0.0:8000/`. Open the link http://0.0.0.0:8000/analysis/1_rigidbody_analysis/report.html in a web browser.
[2026-02-13 12:56:10,072 cli_analyse INFO] updating paths in analysis/2_flexref_analysis/capri_ss.tsv
[2026-02-13 12:56:10,072 cli_analyse INFO] View the results in analysis/2_flexref_analysis/report.html
[2026-02-13 12:56:10,073 cli_analyse INFO] To view structures or download the structure files, in a terminal run the command `python -m http.server --directory /mnt/Data/PopOS/Data_Ana/Wu/clawdPorjects/HADDOCK_test/results/run_Pos_CCTACTCCAGTATGCT-1_contig_1_1`. By default, http server runs on `http://0.0.0.0:8000/`. Open the link http://0.0.0.0:8000/analysis/2_flexref_analysis/report.html in a web browser.
[2026-02-13 12:56:10,073 cli_analyse INFO] updating paths in analysis/3_emref_analysis/capri_ss.tsv
[2026-02-13 12:56:10,073 cli_analyse INFO] View the results in analysis/3_emref_analysis/report.html
[2026-02-13 12:56:10,073 cli_analyse INFO] To view structures or download the structure files, in a terminal run the command `python -m http.server --directory /mnt/Data/PopOS/Data_Ana/Wu/clawdPorjects/HADDOCK_test/results/run_Pos_CCTACTCCAGTATGCT-1_contig_1_1`. By default, http server runs on `http://0.0.0.0:8000/`. Open the link http://0.0.0.0:8000/analysis/3_emref_analysis/report.html in a web browser.
[2026-02-13 12:56:10,073 cli_traceback INFO] Running haddock3-traceback on ./
[2026-02-13 12:56:10,073 cli_traceback INFO] Reading input run directory
[2026-02-13 12:56:10,073 cli_traceback INFO] All_steps: 0_topoaa, 1_rigidbody, 2_flexref, 3_emref
[2026-02-13 12:56:10,073 cli_traceback INFO] Modules not to be analysed: 0_topoaa
[2026-02-13 12:56:10,073 cli_traceback INFO] Steps to trace back: 1_rigidbody, 2_flexref, 3_emref
[2026-02-13 12:56:10,073 cli_traceback INFO] Created directory: /mnt/Data/PopOS/Data_Ana/Wu/clawdPorjects/HADDOCK_test/results/run_Pos_CCTACTCCAGTATGCT-1_contig_1_1/traceback
[2026-02-13 12:56:10,073 cli_traceback INFO] Tracing back step 3_emref
[2026-02-13 12:56:10,075 cli_traceback INFO] Tracing back step 2_flexref
[2026-02-13 12:56:10,078 cli_traceback INFO] Tracing back step 1_rigidbody
[2026-02-13 12:56:10,081 cli_traceback INFO] Output dataframe traceback/traceback.tsv created with shape (20, 8)
[2026-02-13 12:56:10,108 clean_steps INFO] Cleaning output for '0_topoaa' using 20 cores.
[2026-02-13 12:56:10,240 libtimer INFO] cleaning output files took 0 seconds
[2026-02-13 12:56:10,241 clean_steps INFO] Cleaning output for '1_rigidbody' using 20 cores.
[2026-02-13 12:56:10,249 libtimer INFO] cleaning output files took 0 seconds
[2026-02-13 12:56:10,249 clean_steps INFO] Cleaning output for '2_flexref' using 20 cores.
[2026-02-13 12:56:10,259 libtimer INFO] cleaning output files took 0 seconds
[2026-02-13 12:56:10,259 clean_steps INFO] Cleaning output for '3_emref' using 20 cores.
[2026-02-13 12:56:10,272 libtimer INFO] cleaning output files took 0 seconds
[2026-02-13 12:56:10,273 cli INFO] This HADDOCK3 run took: 2 minutes and 10 seconds
[2026-02-13 12:56:10,273 greetings INFO] Your feedback matters in Haddock3! Share your experience and help us grow:
[2026-02-13 12:56:10,273 greetings INFO] GitHub issues: https://github.com/haddocking/haddock3/issues
[2026-02-13 12:56:10,273 greetings INFO] BioExcel feedback: https://www.bonvinlab.org/feedback
[2026-02-13 12:56:10,273 greetings INFO] BioExcel forum: https://ask.bioexcel.eu/c/haddock/6
[2026-02-13 12:56:10,273 cli INFO] Finished at 13/02/2026 12:56:10. Adéu-siau! Agur! Good bye!
