[2026-02-13 10:25:05,506 cli INFO] 
##############################################
#                                            #
#                 HADDOCK3                   #
#                                            #
##############################################

!! Some of the HADDOCK3 components use CNS (Crystallographic and NMR System) which is free of use for non-profit applications. !!
!! For commercial use it is your own responsibility to have a proper license. !!
!! For details refer to the DISCLAIMER file in the HADDOCK3 repository. !!

Starting HADDOCK3 v2024.10.0b7 on 2026-02-13 10:25:00

Python 3.10.12 (main, Feb  4 2025, 14:57:36) [GCC 11.4.0]

[2026-02-13 10:25:09,182 libworkflow INFO] Reading instructions step 0_topoaa
[2026-02-13 10:25:09,182 libworkflow INFO] Reading instructions step 1_rigidbody
[2026-02-13 10:25:09,182 libworkflow INFO] Reading instructions step 2_flexref
[2026-02-13 10:25:09,183 libworkflow INFO] Reading instructions step 3_emref
[2026-02-13 10:25:09,197 base_cns_module INFO] Running [topoaa] module
[2026-02-13 10:25:09,197 __init__ INFO] [topoaa] Molecule 1: receptor_single_Neg_ACTCCCATCGTTCGTT-1_contig_1_1.pdb
[2026-02-13 10:25:09,198 __init__ INFO] [topoaa] Sanitizing molecule receptor_single_Neg_ACTCCCATCGTTCGTT-1_contig_1_1.pdb
[2026-02-13 10:25:09,205 __init__ INFO] [topoaa] Topology CNS input created
[2026-02-13 10:25:09,205 __init__ INFO] [topoaa] Molecule 2: ligand_single_Neg_ACTCCCATCGTTCGTT-1_contig_1_1.pdb
[2026-02-13 10:25:09,206 __init__ INFO] [topoaa] Sanitizing molecule ligand_single_Neg_ACTCCCATCGTTCGTT-1_contig_1_1.pdb
[2026-02-13 10:25:09,212 __init__ INFO] [topoaa] Topology CNS input created
[2026-02-13 10:25:09,212 __init__ INFO] [topoaa] Running CNS Jobs n=2
[2026-02-13 10:25:09,212 libutil INFO] Selected 2 cores to process 2 jobs, with 32 maximum available cores.
[2026-02-13 10:25:09,213 libparallel INFO] Using 2 cores
[2026-02-13 10:25:12,456 libparallel INFO] 2 tasks finished
[2026-02-13 10:25:12,456 __init__ INFO] [topoaa] CNS jobs have finished
[2026-02-13 10:25:12,457 base_cns_module INFO] Module [topoaa] finished.
[2026-02-13 10:25:12,457 __init__ INFO] [topoaa] took 3 seconds
[2026-02-13 10:25:12,789 base_cns_module INFO] Running [rigidbody] module
[2026-02-13 10:25:12,790 __init__ INFO] [rigidbody] crossdock=true
[2026-02-13 10:25:12,790 __init__ INFO] [rigidbody] Preparing jobs...
[2026-02-13 10:25:12,792 libutil INFO] Selected 20 cores to process 20 jobs, with 32 maximum available cores.
[2026-02-13 10:25:12,792 libparallel INFO] Using 20 cores
[2026-02-13 10:25:12,818 libparallel INFO] 20 tasks finished
[2026-02-13 10:25:12,819 __init__ INFO] [rigidbody] Preparation took 0.028781 seconds
[2026-02-13 10:25:12,819 __init__ INFO] [rigidbody] Running CNS Jobs n=20
[2026-02-13 10:25:12,819 libutil INFO] Selected 20 cores to process 20 jobs, with 32 maximum available cores.
[2026-02-13 10:25:12,820 libparallel INFO] Using 20 cores
[2026-02-13 10:25:22,935 libparallel INFO] 20 tasks finished
[2026-02-13 10:25:22,935 __init__ INFO] [rigidbody] CNS jobs have finished
[2026-02-13 10:25:22,987 base_cns_module INFO] Module [rigidbody] finished.
[2026-02-13 10:25:22,987 __init__ INFO] [rigidbody] took 10 seconds
[2026-02-13 10:25:23,366 base_cns_module INFO] Running [flexref] module
[2026-02-13 10:25:23,424 __init__ INFO] [flexref] Running CNS Jobs n=20
[2026-02-13 10:25:23,424 libutil INFO] Selected 20 cores to process 20 jobs, with 32 maximum available cores.
[2026-02-13 10:25:23,424 libparallel INFO] Using 20 cores
[2026-02-13 10:26:58,006 libparallel INFO] 20 tasks finished
[2026-02-13 10:26:58,006 __init__ INFO] [flexref] CNS jobs have finished
[2026-02-13 10:26:58,034 base_cns_module INFO] Module [flexref] finished.
[2026-02-13 10:26:58,035 __init__ INFO] [flexref] took 1 minute and 35 seconds
[2026-02-13 10:26:58,374 base_cns_module INFO] Running [emref] module
[2026-02-13 10:26:58,431 __init__ INFO] [emref] Running CNS Jobs n=20
[2026-02-13 10:26:58,431 libutil INFO] Selected 20 cores to process 20 jobs, with 32 maximum available cores.
[2026-02-13 10:26:58,431 libparallel INFO] Using 20 cores
[2026-02-13 10:27:05,694 libparallel INFO] 20 tasks finished
[2026-02-13 10:27:05,694 __init__ INFO] [emref] CNS jobs have finished
[2026-02-13 10:27:05,723 base_cns_module INFO] Module [emref] finished.
[2026-02-13 10:27:05,723 __init__ INFO] [emref] took 7 seconds
[2026-02-13 10:27:05,723 cli_analyse INFO] Running haddock3-analyse on ./, modules [], with top_cluster = 10
[2026-02-13 10:27:05,729 cli_analyse INFO] Created directory: /mnt/Data/PopOS/Data_Ana/Wu/clawdPorjects/HADDOCK_test/results/run_Neg_ACTCCCATCGTTCGTT-1_contig_1_1/analysis
[2026-02-13 10:27:05,730 cli_analyse INFO] Reading input run directory
[2026-02-13 10:27:05,730 cli_analyse INFO] selected steps: 0_topoaa, 1_rigidbody, 2_flexref, 3_emref
[2026-02-13 10:27:05,730 cli_analyse INFO] Analysing step 0_topoaa
[2026-02-13 10:27:05,730 cli_analyse WARNING] Could not execute the analysis for step 0_topoaa. The following error occurred 'dict' object has no attribute 'rel_path'
[2026-02-13 10:27:05,730 cli_analyse INFO] Analysing step 1_rigidbody
[2026-02-13 10:27:05,731 cli_unpack INFO] Unpacking '../1_rigidbody' folder
[2026-02-13 10:27:05,732 libtimer INFO] unpacking took 0 seconds
[2026-02-13 10:27:05,745 capri INFO] Found previous CNS step: 1_rigidbody
[2026-02-13 10:27:05,854 capri INFO] Saved scoring weights to: weights_params.json
[2026-02-13 10:27:05,854 __init__ INFO] [caprieval] No reference structure provided. Using the structure with the lowest score from previous step
[2026-02-13 10:27:05,937 libutil INFO] Selected 20 cores to process 20 jobs, with 32 maximum available cores.
[2026-02-13 10:27:05,937 libparallel INFO] Using 20 cores
[2026-02-13 10:27:06,357 libparallel INFO] 20 tasks finished
[2026-02-13 10:27:06,358 capri INFO] Rearranging cluster information into capri_clt.tsv
[2026-02-13 10:27:06,366 cli_clean INFO] Compressing '../1_rigidbody' folder
[2026-02-13 10:27:06,366 clean_steps INFO] Cleaning output for '../1_rigidbody' using 20 cores.
[2026-02-13 10:27:06,495 libtimer INFO] compressing took 0 seconds
[2026-02-13 10:27:06,495 cli_analyse INFO] CAPRI files identified
[2026-02-13 10:27:06,497 cli_analyse INFO] Plotting results..
[2026-02-13 10:27:07,721 cli_analyse INFO] Summary archive summary.tgz created!
[2026-02-13 10:27:07,721 cli_analyse INFO] Analysing step 2_flexref
[2026-02-13 10:27:07,723 cli_unpack INFO] Unpacking '../2_flexref' folder
[2026-02-13 10:27:07,723 libtimer INFO] unpacking took 0 seconds
[2026-02-13 10:27:07,737 capri INFO] Found previous CNS step: 2_flexref
[2026-02-13 10:27:07,974 capri INFO] Saved scoring weights to: weights_params.json
[2026-02-13 10:27:07,974 __init__ INFO] [caprieval] No reference structure provided. Using the structure with the lowest score from previous step
[2026-02-13 10:27:08,058 libutil INFO] Selected 20 cores to process 20 jobs, with 32 maximum available cores.
[2026-02-13 10:27:08,059 libparallel INFO] Using 20 cores
[2026-02-13 10:27:08,438 libparallel INFO] 20 tasks finished
[2026-02-13 10:27:08,439 capri INFO] Rearranging cluster information into capri_clt.tsv
[2026-02-13 10:27:08,447 cli_clean INFO] Compressing '../2_flexref' folder
[2026-02-13 10:27:08,447 clean_steps INFO] Cleaning output for '../2_flexref' using 20 cores.
[2026-02-13 10:27:08,583 libtimer INFO] compressing took 0 seconds
[2026-02-13 10:27:08,583 cli_analyse INFO] CAPRI files identified
[2026-02-13 10:27:08,585 cli_analyse INFO] Plotting results..
[2026-02-13 10:27:09,689 cli_analyse INFO] Summary archive summary.tgz created!
[2026-02-13 10:27:09,690 cli_analyse INFO] Analysing step 3_emref
[2026-02-13 10:27:09,692 cli_unpack INFO] Unpacking '../3_emref' folder
[2026-02-13 10:27:09,692 libtimer INFO] unpacking took 0 seconds
[2026-02-13 10:27:09,705 capri INFO] Found previous CNS step: 3_emref
[2026-02-13 10:27:09,806 capri INFO] Saved scoring weights to: weights_params.json
[2026-02-13 10:27:09,807 __init__ INFO] [caprieval] No reference structure provided. Using the structure with the lowest score from previous step
[2026-02-13 10:27:09,890 libutil INFO] Selected 20 cores to process 20 jobs, with 32 maximum available cores.
[2026-02-13 10:27:09,891 libparallel INFO] Using 20 cores
[2026-02-13 10:27:10,275 libparallel INFO] 20 tasks finished
[2026-02-13 10:27:10,276 capri INFO] Rearranging cluster information into capri_clt.tsv
[2026-02-13 10:27:10,282 cli_clean INFO] Compressing '../3_emref' folder
[2026-02-13 10:27:10,282 clean_steps INFO] Cleaning output for '../3_emref' using 20 cores.
[2026-02-13 10:27:10,401 libtimer INFO] compressing took 0 seconds
[2026-02-13 10:27:10,401 cli_analyse INFO] CAPRI files identified
[2026-02-13 10:27:10,403 cli_analyse INFO] Plotting results..
[2026-02-13 10:27:11,523 cli_analyse INFO] Summary archive summary.tgz created!
[2026-02-13 10:27:11,523 cli_analyse INFO] moving files to analysis folder
[2026-02-13 10:27:11,523 cli_analyse INFO] cancelling unsuccesful analysis folders
[2026-02-13 10:27:11,523 cli_analyse INFO] updating paths in analysis/1_rigidbody_analysis/capri_ss.tsv
[2026-02-13 10:27:11,523 cli_analyse INFO] View the results in analysis/1_rigidbody_analysis/report.html
[2026-02-13 10:27:11,523 cli_analyse INFO] To view structures or download the structure files, in a terminal run the command `python -m http.server --directory /mnt/Data/PopOS/Data_Ana/Wu/clawdPorjects/HADDOCK_test/results/run_Neg_ACTCCCATCGTTCGTT-1_contig_1_1`. By default, http server runs on `http://0.0.0.0:8000/`. Open the link http://0.0.0.0:8000/analysis/1_rigidbody_analysis/report.html in a web browser.
[2026-02-13 10:27:11,523 cli_analyse INFO] updating paths in analysis/2_flexref_analysis/capri_ss.tsv
[2026-02-13 10:27:11,524 cli_analyse INFO] View the results in analysis/2_flexref_analysis/report.html
[2026-02-13 10:27:11,524 cli_analyse INFO] To view structures or download the structure files, in a terminal run the command `python -m http.server --directory /mnt/Data/PopOS/Data_Ana/Wu/clawdPorjects/HADDOCK_test/results/run_Neg_ACTCCCATCGTTCGTT-1_contig_1_1`. By default, http server runs on `http://0.0.0.0:8000/`. Open the link http://0.0.0.0:8000/analysis/2_flexref_analysis/report.html in a web browser.
[2026-02-13 10:27:11,524 cli_analyse INFO] updating paths in analysis/3_emref_analysis/capri_ss.tsv
[2026-02-13 10:27:11,524 cli_analyse INFO] View the results in analysis/3_emref_analysis/report.html
[2026-02-13 10:27:11,524 cli_analyse INFO] To view structures or download the structure files, in a terminal run the command `python -m http.server --directory /mnt/Data/PopOS/Data_Ana/Wu/clawdPorjects/HADDOCK_test/results/run_Neg_ACTCCCATCGTTCGTT-1_contig_1_1`. By default, http server runs on `http://0.0.0.0:8000/`. Open the link http://0.0.0.0:8000/analysis/3_emref_analysis/report.html in a web browser.
[2026-02-13 10:27:11,524 cli_traceback INFO] Running haddock3-traceback on ./
[2026-02-13 10:27:11,524 cli_traceback INFO] Reading input run directory
[2026-02-13 10:27:11,524 cli_traceback INFO] All_steps: 0_topoaa, 1_rigidbody, 2_flexref, 3_emref
[2026-02-13 10:27:11,524 cli_traceback INFO] Modules not to be analysed: 0_topoaa
[2026-02-13 10:27:11,524 cli_traceback INFO] Steps to trace back: 1_rigidbody, 2_flexref, 3_emref
[2026-02-13 10:27:11,524 cli_traceback INFO] Created directory: /mnt/Data/PopOS/Data_Ana/Wu/clawdPorjects/HADDOCK_test/results/run_Neg_ACTCCCATCGTTCGTT-1_contig_1_1/traceback
[2026-02-13 10:27:11,524 cli_traceback INFO] Tracing back step 3_emref
[2026-02-13 10:27:11,526 cli_traceback INFO] Tracing back step 2_flexref
[2026-02-13 10:27:11,529 cli_traceback INFO] Tracing back step 1_rigidbody
[2026-02-13 10:27:11,532 cli_traceback INFO] Output dataframe traceback/traceback.tsv created with shape (20, 8)
[2026-02-13 10:27:11,559 clean_steps INFO] Cleaning output for '0_topoaa' using 20 cores.
[2026-02-13 10:27:11,692 libtimer INFO] cleaning output files took 0 seconds
[2026-02-13 10:27:11,692 clean_steps INFO] Cleaning output for '1_rigidbody' using 20 cores.
[2026-02-13 10:27:11,700 libtimer INFO] cleaning output files took 0 seconds
[2026-02-13 10:27:11,700 clean_steps INFO] Cleaning output for '2_flexref' using 20 cores.
[2026-02-13 10:27:11,710 libtimer INFO] cleaning output files took 0 seconds
[2026-02-13 10:27:11,710 clean_steps INFO] Cleaning output for '3_emref' using 20 cores.
[2026-02-13 10:27:11,723 libtimer INFO] cleaning output files took 0 seconds
[2026-02-13 10:27:11,723 cli INFO] This HADDOCK3 run took: 2 minutes and 6 seconds
[2026-02-13 10:27:11,723 greetings INFO] Your feedback matters in Haddock3! Share your experience and help us grow:
[2026-02-13 10:27:11,723 greetings INFO] GitHub issues: https://github.com/haddocking/haddock3/issues
[2026-02-13 10:27:11,723 greetings INFO] BioExcel feedback: https://www.bonvinlab.org/feedback
[2026-02-13 10:27:11,724 greetings INFO] BioExcel forum: https://ask.bioexcel.eu/c/haddock/6
[2026-02-13 10:27:11,724 cli INFO] Finished at 13/02/2026 10:27:11. Tot ziens! Agur! Do pobachennya!
