[2026-02-13 10:48:38,080 cli INFO] 
##############################################
#                                            #
#                 HADDOCK3                   #
#                                            #
##############################################

!! Some of the HADDOCK3 components use CNS (Crystallographic and NMR System) which is free of use for non-profit applications. !!
!! For commercial use it is your own responsibility to have a proper license. !!
!! For details refer to the DISCLAIMER file in the HADDOCK3 repository. !!

Starting HADDOCK3 v2024.10.0b7 on 2026-02-13 10:48:00

Python 3.10.12 (main, Feb  4 2025, 14:57:36) [GCC 11.4.0]

[2026-02-13 10:48:41,874 libworkflow INFO] Reading instructions step 0_topoaa
[2026-02-13 10:48:41,874 libworkflow INFO] Reading instructions step 1_rigidbody
[2026-02-13 10:48:41,874 libworkflow INFO] Reading instructions step 2_flexref
[2026-02-13 10:48:41,875 libworkflow INFO] Reading instructions step 3_emref
[2026-02-13 10:48:41,889 base_cns_module INFO] Running [topoaa] module
[2026-02-13 10:48:41,889 __init__ INFO] [topoaa] Molecule 1: receptor_single_Neg_ATGCAGTGTCGTTCTA-1_contig_1_1.pdb
[2026-02-13 10:48:41,891 __init__ INFO] [topoaa] Sanitizing molecule receptor_single_Neg_ATGCAGTGTCGTTCTA-1_contig_1_1.pdb
[2026-02-13 10:48:41,898 __init__ INFO] [topoaa] Topology CNS input created
[2026-02-13 10:48:41,898 __init__ INFO] [topoaa] Molecule 2: ligand_single_Neg_ATGCAGTGTCGTTCTA-1_contig_1_1.pdb
[2026-02-13 10:48:41,899 __init__ INFO] [topoaa] Sanitizing molecule ligand_single_Neg_ATGCAGTGTCGTTCTA-1_contig_1_1.pdb
[2026-02-13 10:48:41,906 __init__ INFO] [topoaa] Topology CNS input created
[2026-02-13 10:48:41,906 __init__ INFO] [topoaa] Running CNS Jobs n=2
[2026-02-13 10:48:41,906 libutil INFO] Selected 2 cores to process 2 jobs, with 32 maximum available cores.
[2026-02-13 10:48:41,907 libparallel INFO] Using 2 cores
[2026-02-13 10:48:45,149 libparallel INFO] 2 tasks finished
[2026-02-13 10:48:45,149 __init__ INFO] [topoaa] CNS jobs have finished
[2026-02-13 10:48:45,151 base_cns_module INFO] Module [topoaa] finished.
[2026-02-13 10:48:45,151 __init__ INFO] [topoaa] took 3 seconds
[2026-02-13 10:48:45,498 base_cns_module INFO] Running [rigidbody] module
[2026-02-13 10:48:45,498 __init__ INFO] [rigidbody] crossdock=true
[2026-02-13 10:48:45,498 __init__ INFO] [rigidbody] Preparing jobs...
[2026-02-13 10:48:45,500 libutil INFO] Selected 20 cores to process 20 jobs, with 32 maximum available cores.
[2026-02-13 10:48:45,501 libparallel INFO] Using 20 cores
[2026-02-13 10:48:45,529 libparallel INFO] 20 tasks finished
[2026-02-13 10:48:45,530 __init__ INFO] [rigidbody] Preparation took 0.031349 seconds
[2026-02-13 10:48:45,531 __init__ INFO] [rigidbody] Running CNS Jobs n=20
[2026-02-13 10:48:45,531 libutil INFO] Selected 20 cores to process 20 jobs, with 32 maximum available cores.
[2026-02-13 10:48:45,532 libparallel INFO] Using 20 cores
[2026-02-13 10:48:56,200 libparallel INFO] 20 tasks finished
[2026-02-13 10:48:56,201 __init__ INFO] [rigidbody] CNS jobs have finished
[2026-02-13 10:48:56,227 base_cns_module INFO] Module [rigidbody] finished.
[2026-02-13 10:48:56,227 __init__ INFO] [rigidbody] took 11 seconds
[2026-02-13 10:48:56,615 base_cns_module INFO] Running [flexref] module
[2026-02-13 10:48:56,674 __init__ INFO] [flexref] Running CNS Jobs n=20
[2026-02-13 10:48:56,674 libutil INFO] Selected 20 cores to process 20 jobs, with 32 maximum available cores.
[2026-02-13 10:48:56,674 libparallel INFO] Using 20 cores
[2026-02-13 10:50:32,942 libparallel INFO] 20 tasks finished
[2026-02-13 10:50:32,943 __init__ INFO] [flexref] CNS jobs have finished
[2026-02-13 10:50:32,977 base_cns_module INFO] Module [flexref] finished.
[2026-02-13 10:50:32,977 __init__ INFO] [flexref] took 1 minute and 36 seconds
[2026-02-13 10:50:33,326 base_cns_module INFO] Running [emref] module
[2026-02-13 10:50:33,384 __init__ INFO] [emref] Running CNS Jobs n=20
[2026-02-13 10:50:33,384 libutil INFO] Selected 20 cores to process 20 jobs, with 32 maximum available cores.
[2026-02-13 10:50:33,384 libparallel INFO] Using 20 cores
[2026-02-13 10:50:40,997 libparallel INFO] 20 tasks finished
[2026-02-13 10:50:40,998 __init__ INFO] [emref] CNS jobs have finished
[2026-02-13 10:50:41,029 base_cns_module INFO] Module [emref] finished.
[2026-02-13 10:50:41,029 __init__ INFO] [emref] took 8 seconds
[2026-02-13 10:50:41,029 cli_analyse INFO] Running haddock3-analyse on ./, modules [], with top_cluster = 10
[2026-02-13 10:50:41,036 cli_analyse INFO] Created directory: /mnt/Data/PopOS/Data_Ana/Wu/clawdPorjects/HADDOCK_test/results/run_Neg_ATGCAGTGTCGTTCTA-1_contig_1_1/analysis
[2026-02-13 10:50:41,036 cli_analyse INFO] Reading input run directory
[2026-02-13 10:50:41,036 cli_analyse INFO] selected steps: 0_topoaa, 1_rigidbody, 2_flexref, 3_emref
[2026-02-13 10:50:41,036 cli_analyse INFO] Analysing step 0_topoaa
[2026-02-13 10:50:41,037 cli_analyse WARNING] Could not execute the analysis for step 0_topoaa. The following error occurred 'dict' object has no attribute 'rel_path'
[2026-02-13 10:50:41,037 cli_analyse INFO] Analysing step 1_rigidbody
[2026-02-13 10:50:41,038 cli_unpack INFO] Unpacking '../1_rigidbody' folder
[2026-02-13 10:50:41,039 libtimer INFO] unpacking took 0 seconds
[2026-02-13 10:50:41,052 capri INFO] Found previous CNS step: 1_rigidbody
[2026-02-13 10:50:41,158 capri INFO] Saved scoring weights to: weights_params.json
[2026-02-13 10:50:41,158 __init__ INFO] [caprieval] No reference structure provided. Using the structure with the lowest score from previous step
[2026-02-13 10:50:41,244 libutil INFO] Selected 20 cores to process 20 jobs, with 32 maximum available cores.
[2026-02-13 10:50:41,244 libparallel INFO] Using 20 cores
[2026-02-13 10:50:41,674 libparallel INFO] 20 tasks finished
[2026-02-13 10:50:41,675 capri INFO] Rearranging cluster information into capri_clt.tsv
[2026-02-13 10:50:41,679 cli_clean INFO] Compressing '../1_rigidbody' folder
[2026-02-13 10:50:41,679 clean_steps INFO] Cleaning output for '../1_rigidbody' using 20 cores.
[2026-02-13 10:50:41,800 libtimer INFO] compressing took 0 seconds
[2026-02-13 10:50:41,800 cli_analyse INFO] CAPRI files identified
[2026-02-13 10:50:41,803 cli_analyse INFO] Plotting results..
[2026-02-13 10:50:43,029 cli_analyse INFO] Summary archive summary.tgz created!
[2026-02-13 10:50:43,029 cli_analyse INFO] Analysing step 2_flexref
[2026-02-13 10:50:43,031 cli_unpack INFO] Unpacking '../2_flexref' folder
[2026-02-13 10:50:43,032 libtimer INFO] unpacking took 0 seconds
[2026-02-13 10:50:43,045 capri INFO] Found previous CNS step: 2_flexref
[2026-02-13 10:50:43,281 capri INFO] Saved scoring weights to: weights_params.json
[2026-02-13 10:50:43,282 __init__ INFO] [caprieval] No reference structure provided. Using the structure with the lowest score from previous step
[2026-02-13 10:50:43,367 libutil INFO] Selected 20 cores to process 20 jobs, with 32 maximum available cores.
[2026-02-13 10:50:43,367 libparallel INFO] Using 20 cores
[2026-02-13 10:50:43,767 libparallel INFO] 20 tasks finished
[2026-02-13 10:50:43,768 capri INFO] Rearranging cluster information into capri_clt.tsv
[2026-02-13 10:50:43,774 cli_clean INFO] Compressing '../2_flexref' folder
[2026-02-13 10:50:43,775 clean_steps INFO] Cleaning output for '../2_flexref' using 20 cores.
[2026-02-13 10:50:43,899 libtimer INFO] compressing took 0 seconds
[2026-02-13 10:50:43,900 cli_analyse INFO] CAPRI files identified
[2026-02-13 10:50:43,901 cli_analyse INFO] Plotting results..
[2026-02-13 10:50:45,020 cli_analyse INFO] Summary archive summary.tgz created!
[2026-02-13 10:50:45,020 cli_analyse INFO] Analysing step 3_emref
[2026-02-13 10:50:45,022 cli_unpack INFO] Unpacking '../3_emref' folder
[2026-02-13 10:50:45,023 libtimer INFO] unpacking took 0 seconds
[2026-02-13 10:50:45,037 capri INFO] Found previous CNS step: 3_emref
[2026-02-13 10:50:45,137 capri INFO] Saved scoring weights to: weights_params.json
[2026-02-13 10:50:45,137 __init__ INFO] [caprieval] No reference structure provided. Using the structure with the lowest score from previous step
[2026-02-13 10:50:45,223 libutil INFO] Selected 20 cores to process 20 jobs, with 32 maximum available cores.
[2026-02-13 10:50:45,224 libparallel INFO] Using 20 cores
[2026-02-13 10:50:45,663 libparallel INFO] 20 tasks finished
[2026-02-13 10:50:45,664 capri INFO] Rearranging cluster information into capri_clt.tsv
[2026-02-13 10:50:45,671 cli_clean INFO] Compressing '../3_emref' folder
[2026-02-13 10:50:45,671 clean_steps INFO] Cleaning output for '../3_emref' using 20 cores.
[2026-02-13 10:50:45,843 libtimer INFO] compressing took 0 seconds
[2026-02-13 10:50:45,843 cli_analyse INFO] CAPRI files identified
[2026-02-13 10:50:45,846 cli_analyse INFO] Plotting results..
[2026-02-13 10:50:46,958 cli_analyse INFO] Summary archive summary.tgz created!
[2026-02-13 10:50:46,958 cli_analyse INFO] moving files to analysis folder
[2026-02-13 10:50:46,959 cli_analyse INFO] cancelling unsuccesful analysis folders
[2026-02-13 10:50:46,959 cli_analyse INFO] updating paths in analysis/1_rigidbody_analysis/capri_ss.tsv
[2026-02-13 10:50:46,959 cli_analyse INFO] View the results in analysis/1_rigidbody_analysis/report.html
[2026-02-13 10:50:46,959 cli_analyse INFO] To view structures or download the structure files, in a terminal run the command `python -m http.server --directory /mnt/Data/PopOS/Data_Ana/Wu/clawdPorjects/HADDOCK_test/results/run_Neg_ATGCAGTGTCGTTCTA-1_contig_1_1`. By default, http server runs on `http://0.0.0.0:8000/`. Open the link http://0.0.0.0:8000/analysis/1_rigidbody_analysis/report.html in a web browser.
[2026-02-13 10:50:46,959 cli_analyse INFO] updating paths in analysis/2_flexref_analysis/capri_ss.tsv
[2026-02-13 10:50:46,959 cli_analyse INFO] View the results in analysis/2_flexref_analysis/report.html
[2026-02-13 10:50:46,959 cli_analyse INFO] To view structures or download the structure files, in a terminal run the command `python -m http.server --directory /mnt/Data/PopOS/Data_Ana/Wu/clawdPorjects/HADDOCK_test/results/run_Neg_ATGCAGTGTCGTTCTA-1_contig_1_1`. By default, http server runs on `http://0.0.0.0:8000/`. Open the link http://0.0.0.0:8000/analysis/2_flexref_analysis/report.html in a web browser.
[2026-02-13 10:50:46,959 cli_analyse INFO] updating paths in analysis/3_emref_analysis/capri_ss.tsv
[2026-02-13 10:50:46,959 cli_analyse INFO] View the results in analysis/3_emref_analysis/report.html
[2026-02-13 10:50:46,959 cli_analyse INFO] To view structures or download the structure files, in a terminal run the command `python -m http.server --directory /mnt/Data/PopOS/Data_Ana/Wu/clawdPorjects/HADDOCK_test/results/run_Neg_ATGCAGTGTCGTTCTA-1_contig_1_1`. By default, http server runs on `http://0.0.0.0:8000/`. Open the link http://0.0.0.0:8000/analysis/3_emref_analysis/report.html in a web browser.
[2026-02-13 10:50:46,959 cli_traceback INFO] Running haddock3-traceback on ./
[2026-02-13 10:50:46,959 cli_traceback INFO] Reading input run directory
[2026-02-13 10:50:46,960 cli_traceback INFO] All_steps: 0_topoaa, 1_rigidbody, 2_flexref, 3_emref
[2026-02-13 10:50:46,960 cli_traceback INFO] Modules not to be analysed: 0_topoaa
[2026-02-13 10:50:46,960 cli_traceback INFO] Steps to trace back: 1_rigidbody, 2_flexref, 3_emref
[2026-02-13 10:50:46,960 cli_traceback INFO] Created directory: /mnt/Data/PopOS/Data_Ana/Wu/clawdPorjects/HADDOCK_test/results/run_Neg_ATGCAGTGTCGTTCTA-1_contig_1_1/traceback
[2026-02-13 10:50:46,960 cli_traceback INFO] Tracing back step 3_emref
[2026-02-13 10:50:46,962 cli_traceback INFO] Tracing back step 2_flexref
[2026-02-13 10:50:46,964 cli_traceback INFO] Tracing back step 1_rigidbody
[2026-02-13 10:50:46,968 cli_traceback INFO] Output dataframe traceback/traceback.tsv created with shape (20, 8)
[2026-02-13 10:50:46,995 clean_steps INFO] Cleaning output for '0_topoaa' using 20 cores.
[2026-02-13 10:50:47,130 libtimer INFO] cleaning output files took 0 seconds
[2026-02-13 10:50:47,130 clean_steps INFO] Cleaning output for '1_rigidbody' using 20 cores.
[2026-02-13 10:50:47,142 libtimer INFO] cleaning output files took 0 seconds
[2026-02-13 10:50:47,142 clean_steps INFO] Cleaning output for '2_flexref' using 20 cores.
[2026-02-13 10:50:47,158 libtimer INFO] cleaning output files took 0 seconds
[2026-02-13 10:50:47,158 clean_steps INFO] Cleaning output for '3_emref' using 20 cores.
[2026-02-13 10:50:47,176 libtimer INFO] cleaning output files took 0 seconds
[2026-02-13 10:50:47,176 cli INFO] This HADDOCK3 run took: 2 minutes and 9 seconds
[2026-02-13 10:50:47,176 greetings INFO] Your feedback matters in Haddock3! Share your experience and help us grow:
[2026-02-13 10:50:47,176 greetings INFO] GitHub issues: https://github.com/haddocking/haddock3/issues
[2026-02-13 10:50:47,176 greetings INFO] BioExcel feedback: https://www.bonvinlab.org/feedback
[2026-02-13 10:50:47,176 greetings INFO] BioExcel forum: https://ask.bioexcel.eu/c/haddock/6
[2026-02-13 10:50:47,176 cli INFO] Finished at 13/02/2026 10:50:47. Do pobachennya! Good bye! Adiós!
