[2026-02-13 12:58:22,740 cli INFO] 
##############################################
#                                            #
#                 HADDOCK3                   #
#                                            #
##############################################

!! Some of the HADDOCK3 components use CNS (Crystallographic and NMR System) which is free of use for non-profit applications. !!
!! For commercial use it is your own responsibility to have a proper license. !!
!! For details refer to the DISCLAIMER file in the HADDOCK3 repository. !!

Starting HADDOCK3 v2024.10.0b7 on 2026-02-13 12:58:00

Python 3.10.12 (main, Feb  4 2025, 14:57:36) [GCC 11.4.0]

[2026-02-13 12:58:26,479 libworkflow INFO] Reading instructions step 0_topoaa
[2026-02-13 12:58:26,479 libworkflow INFO] Reading instructions step 1_rigidbody
[2026-02-13 12:58:26,479 libworkflow INFO] Reading instructions step 2_flexref
[2026-02-13 12:58:26,479 libworkflow INFO] Reading instructions step 3_emref
[2026-02-13 12:58:26,493 base_cns_module INFO] Running [topoaa] module
[2026-02-13 12:58:26,493 __init__ INFO] [topoaa] Molecule 1: receptor_single_Pos_CCTTACCCAGTACGCC-1_contig_1_1.pdb
[2026-02-13 12:58:26,495 __init__ INFO] [topoaa] Sanitizing molecule receptor_single_Pos_CCTTACCCAGTACGCC-1_contig_1_1.pdb
[2026-02-13 12:58:26,502 __init__ INFO] [topoaa] Topology CNS input created
[2026-02-13 12:58:26,502 __init__ INFO] [topoaa] Molecule 2: ligand_single_Pos_CCTTACCCAGTACGCC-1_contig_1_1.pdb
[2026-02-13 12:58:26,503 __init__ INFO] [topoaa] Sanitizing molecule ligand_single_Pos_CCTTACCCAGTACGCC-1_contig_1_1.pdb
[2026-02-13 12:58:26,510 __init__ INFO] [topoaa] Topology CNS input created
[2026-02-13 12:58:26,510 __init__ INFO] [topoaa] Running CNS Jobs n=2
[2026-02-13 12:58:26,510 libutil INFO] Selected 2 cores to process 2 jobs, with 32 maximum available cores.
[2026-02-13 12:58:26,511 libparallel INFO] Using 2 cores
[2026-02-13 12:58:29,745 libparallel INFO] 2 tasks finished
[2026-02-13 12:58:29,745 __init__ INFO] [topoaa] CNS jobs have finished
[2026-02-13 12:58:29,747 base_cns_module INFO] Module [topoaa] finished.
[2026-02-13 12:58:29,747 __init__ INFO] [topoaa] took 3 seconds
[2026-02-13 12:58:30,092 base_cns_module INFO] Running [rigidbody] module
[2026-02-13 12:58:30,092 __init__ INFO] [rigidbody] crossdock=true
[2026-02-13 12:58:30,092 __init__ INFO] [rigidbody] Preparing jobs...
[2026-02-13 12:58:30,094 libutil INFO] Selected 20 cores to process 20 jobs, with 32 maximum available cores.
[2026-02-13 12:58:30,094 libparallel INFO] Using 20 cores
[2026-02-13 12:58:30,121 libparallel INFO] 20 tasks finished
[2026-02-13 12:58:30,122 __init__ INFO] [rigidbody] Preparation took 0.029803 seconds
[2026-02-13 12:58:30,123 __init__ INFO] [rigidbody] Running CNS Jobs n=20
[2026-02-13 12:58:30,123 libutil INFO] Selected 20 cores to process 20 jobs, with 32 maximum available cores.
[2026-02-13 12:58:30,124 libparallel INFO] Using 20 cores
[2026-02-13 12:58:41,647 libparallel INFO] 20 tasks finished
[2026-02-13 12:58:41,647 __init__ INFO] [rigidbody] CNS jobs have finished
[2026-02-13 12:58:41,702 base_cns_module INFO] Module [rigidbody] finished.
[2026-02-13 12:58:41,702 __init__ INFO] [rigidbody] took 12 seconds
[2026-02-13 12:58:42,087 base_cns_module INFO] Running [flexref] module
[2026-02-13 12:58:42,146 __init__ INFO] [flexref] Running CNS Jobs n=20
[2026-02-13 12:58:42,146 libutil INFO] Selected 20 cores to process 20 jobs, with 32 maximum available cores.
[2026-02-13 12:58:42,147 libparallel INFO] Using 20 cores
[2026-02-13 13:00:18,000 libparallel INFO] 20 tasks finished
[2026-02-13 13:00:18,000 __init__ INFO] [flexref] CNS jobs have finished
[2026-02-13 13:00:18,032 base_cns_module INFO] Module [flexref] finished.
[2026-02-13 13:00:18,032 __init__ INFO] [flexref] took 1 minute and 36 seconds
[2026-02-13 13:00:18,381 base_cns_module INFO] Running [emref] module
[2026-02-13 13:00:18,439 __init__ INFO] [emref] Running CNS Jobs n=20
[2026-02-13 13:00:18,439 libutil INFO] Selected 20 cores to process 20 jobs, with 32 maximum available cores.
[2026-02-13 13:00:18,440 libparallel INFO] Using 20 cores
[2026-02-13 13:00:26,313 libparallel INFO] 20 tasks finished
[2026-02-13 13:00:26,313 __init__ INFO] [emref] CNS jobs have finished
[2026-02-13 13:00:26,348 base_cns_module INFO] Module [emref] finished.
[2026-02-13 13:00:26,348 __init__ INFO] [emref] took 8 seconds
[2026-02-13 13:00:26,348 cli_analyse INFO] Running haddock3-analyse on ./, modules [], with top_cluster = 10
[2026-02-13 13:00:26,355 cli_analyse INFO] Created directory: /mnt/Data/PopOS/Data_Ana/Wu/clawdPorjects/HADDOCK_test/results/run_Pos_CCTTACCCAGTACGCC-1_contig_1_1/analysis
[2026-02-13 13:00:26,355 cli_analyse INFO] Reading input run directory
[2026-02-13 13:00:26,355 cli_analyse INFO] selected steps: 0_topoaa, 1_rigidbody, 2_flexref, 3_emref
[2026-02-13 13:00:26,355 cli_analyse INFO] Analysing step 0_topoaa
[2026-02-13 13:00:26,355 cli_analyse WARNING] Could not execute the analysis for step 0_topoaa. The following error occurred 'dict' object has no attribute 'rel_path'
[2026-02-13 13:00:26,355 cli_analyse INFO] Analysing step 1_rigidbody
[2026-02-13 13:00:26,357 cli_unpack INFO] Unpacking '../1_rigidbody' folder
[2026-02-13 13:00:26,357 libtimer INFO] unpacking took 0 seconds
[2026-02-13 13:00:26,370 capri INFO] Found previous CNS step: 1_rigidbody
[2026-02-13 13:00:26,479 capri INFO] Saved scoring weights to: weights_params.json
[2026-02-13 13:00:26,479 __init__ INFO] [caprieval] No reference structure provided. Using the structure with the lowest score from previous step
[2026-02-13 13:00:26,566 libutil INFO] Selected 20 cores to process 20 jobs, with 32 maximum available cores.
[2026-02-13 13:00:26,566 libparallel INFO] Using 20 cores
[2026-02-13 13:00:27,012 libparallel INFO] 20 tasks finished
[2026-02-13 13:00:27,013 capri INFO] Rearranging cluster information into capri_clt.tsv
[2026-02-13 13:00:27,018 cli_clean INFO] Compressing '../1_rigidbody' folder
[2026-02-13 13:00:27,018 clean_steps INFO] Cleaning output for '../1_rigidbody' using 20 cores.
[2026-02-13 13:00:27,139 libtimer INFO] compressing took 0 seconds
[2026-02-13 13:00:27,139 cli_analyse INFO] CAPRI files identified
[2026-02-13 13:00:27,141 cli_analyse INFO] Plotting results..
[2026-02-13 13:00:28,399 cli_analyse INFO] Summary archive summary.tgz created!
[2026-02-13 13:00:28,399 cli_analyse INFO] Analysing step 2_flexref
[2026-02-13 13:00:28,401 cli_unpack INFO] Unpacking '../2_flexref' folder
[2026-02-13 13:00:28,401 libtimer INFO] unpacking took 0 seconds
[2026-02-13 13:00:28,415 capri INFO] Found previous CNS step: 2_flexref
[2026-02-13 13:00:28,653 capri INFO] Saved scoring weights to: weights_params.json
[2026-02-13 13:00:28,653 __init__ INFO] [caprieval] No reference structure provided. Using the structure with the lowest score from previous step
[2026-02-13 13:00:28,739 libutil INFO] Selected 20 cores to process 20 jobs, with 32 maximum available cores.
[2026-02-13 13:00:28,739 libparallel INFO] Using 20 cores
[2026-02-13 13:00:29,135 libparallel INFO] 20 tasks finished
[2026-02-13 13:00:29,136 capri INFO] Rearranging cluster information into capri_clt.tsv
[2026-02-13 13:00:29,140 cli_clean INFO] Compressing '../2_flexref' folder
[2026-02-13 13:00:29,140 clean_steps INFO] Cleaning output for '../2_flexref' using 20 cores.
[2026-02-13 13:00:29,264 libtimer INFO] compressing took 0 seconds
[2026-02-13 13:00:29,264 cli_analyse INFO] CAPRI files identified
[2026-02-13 13:00:29,266 cli_analyse INFO] Plotting results..
[2026-02-13 13:00:30,405 cli_analyse INFO] Summary archive summary.tgz created!
[2026-02-13 13:00:30,405 cli_analyse INFO] Analysing step 3_emref
[2026-02-13 13:00:30,407 cli_unpack INFO] Unpacking '../3_emref' folder
[2026-02-13 13:00:30,408 libtimer INFO] unpacking took 0 seconds
[2026-02-13 13:00:30,421 capri INFO] Found previous CNS step: 3_emref
[2026-02-13 13:00:30,523 capri INFO] Saved scoring weights to: weights_params.json
[2026-02-13 13:00:30,523 __init__ INFO] [caprieval] No reference structure provided. Using the structure with the lowest score from previous step
[2026-02-13 13:00:30,610 libutil INFO] Selected 20 cores to process 20 jobs, with 32 maximum available cores.
[2026-02-13 13:00:30,611 libparallel INFO] Using 20 cores
[2026-02-13 13:00:31,019 libparallel INFO] 20 tasks finished
[2026-02-13 13:00:31,020 capri INFO] Rearranging cluster information into capri_clt.tsv
[2026-02-13 13:00:31,028 cli_clean INFO] Compressing '../3_emref' folder
[2026-02-13 13:00:31,028 clean_steps INFO] Cleaning output for '../3_emref' using 20 cores.
[2026-02-13 13:00:31,152 libtimer INFO] compressing took 0 seconds
[2026-02-13 13:00:31,152 cli_analyse INFO] CAPRI files identified
[2026-02-13 13:00:31,154 cli_analyse INFO] Plotting results..
[2026-02-13 13:00:32,289 cli_analyse INFO] Summary archive summary.tgz created!
[2026-02-13 13:00:32,289 cli_analyse INFO] moving files to analysis folder
[2026-02-13 13:00:32,289 cli_analyse INFO] cancelling unsuccesful analysis folders
[2026-02-13 13:00:32,289 cli_analyse INFO] updating paths in analysis/1_rigidbody_analysis/capri_ss.tsv
[2026-02-13 13:00:32,289 cli_analyse INFO] View the results in analysis/1_rigidbody_analysis/report.html
[2026-02-13 13:00:32,289 cli_analyse INFO] To view structures or download the structure files, in a terminal run the command `python -m http.server --directory /mnt/Data/PopOS/Data_Ana/Wu/clawdPorjects/HADDOCK_test/results/run_Pos_CCTTACCCAGTACGCC-1_contig_1_1`. By default, http server runs on `http://0.0.0.0:8000/`. Open the link http://0.0.0.0:8000/analysis/1_rigidbody_analysis/report.html in a web browser.
[2026-02-13 13:00:32,289 cli_analyse INFO] updating paths in analysis/2_flexref_analysis/capri_ss.tsv
[2026-02-13 13:00:32,289 cli_analyse INFO] View the results in analysis/2_flexref_analysis/report.html
[2026-02-13 13:00:32,289 cli_analyse INFO] To view structures or download the structure files, in a terminal run the command `python -m http.server --directory /mnt/Data/PopOS/Data_Ana/Wu/clawdPorjects/HADDOCK_test/results/run_Pos_CCTTACCCAGTACGCC-1_contig_1_1`. By default, http server runs on `http://0.0.0.0:8000/`. Open the link http://0.0.0.0:8000/analysis/2_flexref_analysis/report.html in a web browser.
[2026-02-13 13:00:32,290 cli_analyse INFO] updating paths in analysis/3_emref_analysis/capri_ss.tsv
[2026-02-13 13:00:32,290 cli_analyse INFO] View the results in analysis/3_emref_analysis/report.html
[2026-02-13 13:00:32,290 cli_analyse INFO] To view structures or download the structure files, in a terminal run the command `python -m http.server --directory /mnt/Data/PopOS/Data_Ana/Wu/clawdPorjects/HADDOCK_test/results/run_Pos_CCTTACCCAGTACGCC-1_contig_1_1`. By default, http server runs on `http://0.0.0.0:8000/`. Open the link http://0.0.0.0:8000/analysis/3_emref_analysis/report.html in a web browser.
[2026-02-13 13:00:32,290 cli_traceback INFO] Running haddock3-traceback on ./
[2026-02-13 13:00:32,290 cli_traceback INFO] Reading input run directory
[2026-02-13 13:00:32,290 cli_traceback INFO] All_steps: 0_topoaa, 1_rigidbody, 2_flexref, 3_emref
[2026-02-13 13:00:32,290 cli_traceback INFO] Modules not to be analysed: 0_topoaa
[2026-02-13 13:00:32,290 cli_traceback INFO] Steps to trace back: 1_rigidbody, 2_flexref, 3_emref
[2026-02-13 13:00:32,290 cli_traceback INFO] Created directory: /mnt/Data/PopOS/Data_Ana/Wu/clawdPorjects/HADDOCK_test/results/run_Pos_CCTTACCCAGTACGCC-1_contig_1_1/traceback
[2026-02-13 13:00:32,290 cli_traceback INFO] Tracing back step 3_emref
[2026-02-13 13:00:32,292 cli_traceback INFO] Tracing back step 2_flexref
[2026-02-13 13:00:32,295 cli_traceback INFO] Tracing back step 1_rigidbody
[2026-02-13 13:00:32,299 cli_traceback INFO] Output dataframe traceback/traceback.tsv created with shape (20, 8)
[2026-02-13 13:00:32,326 clean_steps INFO] Cleaning output for '0_topoaa' using 20 cores.
[2026-02-13 13:00:32,461 libtimer INFO] cleaning output files took 0 seconds
[2026-02-13 13:00:32,462 clean_steps INFO] Cleaning output for '1_rigidbody' using 20 cores.
[2026-02-13 13:00:32,472 libtimer INFO] cleaning output files took 0 seconds
[2026-02-13 13:00:32,472 clean_steps INFO] Cleaning output for '2_flexref' using 20 cores.
[2026-02-13 13:00:32,483 libtimer INFO] cleaning output files took 0 seconds
[2026-02-13 13:00:32,484 clean_steps INFO] Cleaning output for '3_emref' using 20 cores.
[2026-02-13 13:00:32,504 libtimer INFO] cleaning output files took 0 seconds
[2026-02-13 13:00:32,504 cli INFO] This HADDOCK3 run took: 2 minutes and 10 seconds
[2026-02-13 13:00:32,505 greetings INFO] Your feedback matters in Haddock3! Share your experience and help us grow:
[2026-02-13 13:00:32,505 greetings INFO] GitHub issues: https://github.com/haddocking/haddock3/issues
[2026-02-13 13:00:32,505 greetings INFO] BioExcel feedback: https://www.bonvinlab.org/feedback
[2026-02-13 13:00:32,505 greetings INFO] BioExcel forum: https://ask.bioexcel.eu/c/haddock/6
[2026-02-13 13:00:32,505 cli INFO] Finished at 13/02/2026 13:00:32. Do pobachennya! Tot ziens! La revedere!
