[2026-02-13 10:44:20,051 cli INFO] 
##############################################
#                                            #
#                 HADDOCK3                   #
#                                            #
##############################################

!! Some of the HADDOCK3 components use CNS (Crystallographic and NMR System) which is free of use for non-profit applications. !!
!! For commercial use it is your own responsibility to have a proper license. !!
!! For details refer to the DISCLAIMER file in the HADDOCK3 repository. !!

Starting HADDOCK3 v2024.10.0b7 on 2026-02-13 10:44:00

Python 3.10.12 (main, Feb  4 2025, 14:57:36) [GCC 11.4.0]

[2026-02-13 10:44:23,872 libworkflow INFO] Reading instructions step 0_topoaa
[2026-02-13 10:44:23,872 libworkflow INFO] Reading instructions step 1_rigidbody
[2026-02-13 10:44:23,873 libworkflow INFO] Reading instructions step 2_flexref
[2026-02-13 10:44:23,873 libworkflow INFO] Reading instructions step 3_emref
[2026-02-13 10:44:23,887 base_cns_module INFO] Running [topoaa] module
[2026-02-13 10:44:23,888 __init__ INFO] [topoaa] Molecule 1: receptor_single_Neg_AGTGGTCTCCGCTACC-1_contig_1_1.pdb
[2026-02-13 10:44:23,889 __init__ INFO] [topoaa] Sanitizing molecule receptor_single_Neg_AGTGGTCTCCGCTACC-1_contig_1_1.pdb
[2026-02-13 10:44:23,896 __init__ INFO] [topoaa] Topology CNS input created
[2026-02-13 10:44:23,896 __init__ INFO] [topoaa] Molecule 2: ligand_single_Neg_AGTGGTCTCCGCTACC-1_contig_1_1.pdb
[2026-02-13 10:44:23,897 __init__ INFO] [topoaa] Sanitizing molecule ligand_single_Neg_AGTGGTCTCCGCTACC-1_contig_1_1.pdb
[2026-02-13 10:44:23,903 __init__ INFO] [topoaa] Topology CNS input created
[2026-02-13 10:44:23,904 __init__ INFO] [topoaa] Running CNS Jobs n=2
[2026-02-13 10:44:23,904 libutil INFO] Selected 2 cores to process 2 jobs, with 32 maximum available cores.
[2026-02-13 10:44:23,905 libparallel INFO] Using 2 cores
[2026-02-13 10:44:27,141 libparallel INFO] 2 tasks finished
[2026-02-13 10:44:27,142 __init__ INFO] [topoaa] CNS jobs have finished
[2026-02-13 10:44:27,143 base_cns_module INFO] Module [topoaa] finished.
[2026-02-13 10:44:27,143 __init__ INFO] [topoaa] took 3 seconds
[2026-02-13 10:44:27,487 base_cns_module INFO] Running [rigidbody] module
[2026-02-13 10:44:27,487 __init__ INFO] [rigidbody] crossdock=true
[2026-02-13 10:44:27,487 __init__ INFO] [rigidbody] Preparing jobs...
[2026-02-13 10:44:27,489 libutil INFO] Selected 20 cores to process 20 jobs, with 32 maximum available cores.
[2026-02-13 10:44:27,490 libparallel INFO] Using 20 cores
[2026-02-13 10:44:27,518 libparallel INFO] 20 tasks finished
[2026-02-13 10:44:27,518 __init__ INFO] [rigidbody] Preparation took 0.030572 seconds
[2026-02-13 10:44:27,519 __init__ INFO] [rigidbody] Running CNS Jobs n=20
[2026-02-13 10:44:27,519 libutil INFO] Selected 20 cores to process 20 jobs, with 32 maximum available cores.
[2026-02-13 10:44:27,520 libparallel INFO] Using 20 cores
[2026-02-13 10:44:39,214 libparallel INFO] 20 tasks finished
[2026-02-13 10:44:39,214 __init__ INFO] [rigidbody] CNS jobs have finished
[2026-02-13 10:44:39,244 base_cns_module INFO] Module [rigidbody] finished.
[2026-02-13 10:44:39,244 __init__ INFO] [rigidbody] took 12 seconds
[2026-02-13 10:44:39,642 base_cns_module INFO] Running [flexref] module
[2026-02-13 10:44:39,702 __init__ INFO] [flexref] Running CNS Jobs n=20
[2026-02-13 10:44:39,702 libutil INFO] Selected 20 cores to process 20 jobs, with 32 maximum available cores.
[2026-02-13 10:44:39,702 libparallel INFO] Using 20 cores
[2026-02-13 10:46:15,829 libparallel INFO] 20 tasks finished
[2026-02-13 10:46:15,829 __init__ INFO] [flexref] CNS jobs have finished
[2026-02-13 10:46:15,871 base_cns_module INFO] Module [flexref] finished.
[2026-02-13 10:46:15,871 __init__ INFO] [flexref] took 1 minute and 36 seconds
[2026-02-13 10:46:16,219 base_cns_module INFO] Running [emref] module
[2026-02-13 10:46:16,276 __init__ INFO] [emref] Running CNS Jobs n=20
[2026-02-13 10:46:16,276 libutil INFO] Selected 20 cores to process 20 jobs, with 32 maximum available cores.
[2026-02-13 10:46:16,276 libparallel INFO] Using 20 cores
[2026-02-13 10:46:23,384 libparallel INFO] 20 tasks finished
[2026-02-13 10:46:23,384 __init__ INFO] [emref] CNS jobs have finished
[2026-02-13 10:46:23,437 base_cns_module INFO] Module [emref] finished.
[2026-02-13 10:46:23,437 __init__ INFO] [emref] took 7 seconds
[2026-02-13 10:46:23,437 cli_analyse INFO] Running haddock3-analyse on ./, modules [], with top_cluster = 10
[2026-02-13 10:46:23,452 cli_analyse INFO] Created directory: /mnt/Data/PopOS/Data_Ana/Wu/clawdPorjects/HADDOCK_test/results/run_Neg_AGTGGTCTCCGCTACC-1_contig_1_1/analysis
[2026-02-13 10:46:23,452 cli_analyse INFO] Reading input run directory
[2026-02-13 10:46:23,452 cli_analyse INFO] selected steps: 0_topoaa, 1_rigidbody, 2_flexref, 3_emref
[2026-02-13 10:46:23,453 cli_analyse INFO] Analysing step 0_topoaa
[2026-02-13 10:46:23,453 cli_analyse WARNING] Could not execute the analysis for step 0_topoaa. The following error occurred 'dict' object has no attribute 'rel_path'
[2026-02-13 10:46:23,453 cli_analyse INFO] Analysing step 1_rigidbody
[2026-02-13 10:46:23,454 cli_unpack INFO] Unpacking '../1_rigidbody' folder
[2026-02-13 10:46:23,455 libtimer INFO] unpacking took 0 seconds
[2026-02-13 10:46:23,468 capri INFO] Found previous CNS step: 1_rigidbody
[2026-02-13 10:46:23,578 capri INFO] Saved scoring weights to: weights_params.json
[2026-02-13 10:46:23,578 __init__ INFO] [caprieval] No reference structure provided. Using the structure with the lowest score from previous step
[2026-02-13 10:46:23,662 libutil INFO] Selected 20 cores to process 20 jobs, with 32 maximum available cores.
[2026-02-13 10:46:23,663 libparallel INFO] Using 20 cores
[2026-02-13 10:46:24,081 libparallel INFO] 20 tasks finished
[2026-02-13 10:46:24,082 capri INFO] Rearranging cluster information into capri_clt.tsv
[2026-02-13 10:46:24,089 cli_clean INFO] Compressing '../1_rigidbody' folder
[2026-02-13 10:46:24,089 clean_steps INFO] Cleaning output for '../1_rigidbody' using 20 cores.
[2026-02-13 10:46:24,207 libtimer INFO] compressing took 0 seconds
[2026-02-13 10:46:24,207 cli_analyse INFO] CAPRI files identified
[2026-02-13 10:46:24,209 cli_analyse INFO] Plotting results..
[2026-02-13 10:46:25,500 cli_analyse INFO] Summary archive summary.tgz created!
[2026-02-13 10:46:25,500 cli_analyse INFO] Analysing step 2_flexref
[2026-02-13 10:46:25,503 cli_unpack INFO] Unpacking '../2_flexref' folder
[2026-02-13 10:46:25,503 libtimer INFO] unpacking took 0 seconds
[2026-02-13 10:46:25,516 capri INFO] Found previous CNS step: 2_flexref
[2026-02-13 10:46:25,765 capri INFO] Saved scoring weights to: weights_params.json
[2026-02-13 10:46:25,765 __init__ INFO] [caprieval] No reference structure provided. Using the structure with the lowest score from previous step
[2026-02-13 10:46:25,850 libutil INFO] Selected 20 cores to process 20 jobs, with 32 maximum available cores.
[2026-02-13 10:46:25,850 libparallel INFO] Using 20 cores
[2026-02-13 10:46:26,245 libparallel INFO] 20 tasks finished
[2026-02-13 10:46:26,246 capri INFO] Rearranging cluster information into capri_clt.tsv
[2026-02-13 10:46:26,250 cli_clean INFO] Compressing '../2_flexref' folder
[2026-02-13 10:46:26,250 clean_steps INFO] Cleaning output for '../2_flexref' using 20 cores.
[2026-02-13 10:46:26,369 libtimer INFO] compressing took 0 seconds
[2026-02-13 10:46:26,369 cli_analyse INFO] CAPRI files identified
[2026-02-13 10:46:26,371 cli_analyse INFO] Plotting results..
[2026-02-13 10:46:27,489 cli_analyse INFO] Summary archive summary.tgz created!
[2026-02-13 10:46:27,489 cli_analyse INFO] Analysing step 3_emref
[2026-02-13 10:46:27,491 cli_unpack INFO] Unpacking '../3_emref' folder
[2026-02-13 10:46:27,492 libtimer INFO] unpacking took 0 seconds
[2026-02-13 10:46:27,505 capri INFO] Found previous CNS step: 3_emref
[2026-02-13 10:46:27,608 capri INFO] Saved scoring weights to: weights_params.json
[2026-02-13 10:46:27,608 __init__ INFO] [caprieval] No reference structure provided. Using the structure with the lowest score from previous step
[2026-02-13 10:46:27,693 libutil INFO] Selected 20 cores to process 20 jobs, with 32 maximum available cores.
[2026-02-13 10:46:27,693 libparallel INFO] Using 20 cores
[2026-02-13 10:46:28,091 libparallel INFO] 20 tasks finished
[2026-02-13 10:46:28,092 capri INFO] Rearranging cluster information into capri_clt.tsv
[2026-02-13 10:46:28,098 cli_clean INFO] Compressing '../3_emref' folder
[2026-02-13 10:46:28,099 clean_steps INFO] Cleaning output for '../3_emref' using 20 cores.
[2026-02-13 10:46:28,219 libtimer INFO] compressing took 0 seconds
[2026-02-13 10:46:28,219 cli_analyse INFO] CAPRI files identified
[2026-02-13 10:46:28,220 cli_analyse INFO] Plotting results..
[2026-02-13 10:46:29,315 cli_analyse INFO] Summary archive summary.tgz created!
[2026-02-13 10:46:29,315 cli_analyse INFO] moving files to analysis folder
[2026-02-13 10:46:29,315 cli_analyse INFO] cancelling unsuccesful analysis folders
[2026-02-13 10:46:29,316 cli_analyse INFO] updating paths in analysis/1_rigidbody_analysis/capri_ss.tsv
[2026-02-13 10:46:29,316 cli_analyse INFO] View the results in analysis/1_rigidbody_analysis/report.html
[2026-02-13 10:46:29,316 cli_analyse INFO] To view structures or download the structure files, in a terminal run the command `python -m http.server --directory /mnt/Data/PopOS/Data_Ana/Wu/clawdPorjects/HADDOCK_test/results/run_Neg_AGTGGTCTCCGCTACC-1_contig_1_1`. By default, http server runs on `http://0.0.0.0:8000/`. Open the link http://0.0.0.0:8000/analysis/1_rigidbody_analysis/report.html in a web browser.
[2026-02-13 10:46:29,316 cli_analyse INFO] updating paths in analysis/2_flexref_analysis/capri_ss.tsv
[2026-02-13 10:46:29,316 cli_analyse INFO] View the results in analysis/2_flexref_analysis/report.html
[2026-02-13 10:46:29,316 cli_analyse INFO] To view structures or download the structure files, in a terminal run the command `python -m http.server --directory /mnt/Data/PopOS/Data_Ana/Wu/clawdPorjects/HADDOCK_test/results/run_Neg_AGTGGTCTCCGCTACC-1_contig_1_1`. By default, http server runs on `http://0.0.0.0:8000/`. Open the link http://0.0.0.0:8000/analysis/2_flexref_analysis/report.html in a web browser.
[2026-02-13 10:46:29,316 cli_analyse INFO] updating paths in analysis/3_emref_analysis/capri_ss.tsv
[2026-02-13 10:46:29,316 cli_analyse INFO] View the results in analysis/3_emref_analysis/report.html
[2026-02-13 10:46:29,316 cli_analyse INFO] To view structures or download the structure files, in a terminal run the command `python -m http.server --directory /mnt/Data/PopOS/Data_Ana/Wu/clawdPorjects/HADDOCK_test/results/run_Neg_AGTGGTCTCCGCTACC-1_contig_1_1`. By default, http server runs on `http://0.0.0.0:8000/`. Open the link http://0.0.0.0:8000/analysis/3_emref_analysis/report.html in a web browser.
[2026-02-13 10:46:29,316 cli_traceback INFO] Running haddock3-traceback on ./
[2026-02-13 10:46:29,316 cli_traceback INFO] Reading input run directory
[2026-02-13 10:46:29,317 cli_traceback INFO] All_steps: 0_topoaa, 1_rigidbody, 2_flexref, 3_emref
[2026-02-13 10:46:29,317 cli_traceback INFO] Modules not to be analysed: 0_topoaa
[2026-02-13 10:46:29,317 cli_traceback INFO] Steps to trace back: 1_rigidbody, 2_flexref, 3_emref
[2026-02-13 10:46:29,317 cli_traceback INFO] Created directory: /mnt/Data/PopOS/Data_Ana/Wu/clawdPorjects/HADDOCK_test/results/run_Neg_AGTGGTCTCCGCTACC-1_contig_1_1/traceback
[2026-02-13 10:46:29,317 cli_traceback INFO] Tracing back step 3_emref
[2026-02-13 10:46:29,319 cli_traceback INFO] Tracing back step 2_flexref
[2026-02-13 10:46:29,321 cli_traceback INFO] Tracing back step 1_rigidbody
[2026-02-13 10:46:29,325 cli_traceback INFO] Output dataframe traceback/traceback.tsv created with shape (20, 8)
[2026-02-13 10:46:29,353 clean_steps INFO] Cleaning output for '0_topoaa' using 20 cores.
[2026-02-13 10:46:29,480 libtimer INFO] cleaning output files took 0 seconds
[2026-02-13 10:46:29,480 clean_steps INFO] Cleaning output for '1_rigidbody' using 20 cores.
[2026-02-13 10:46:29,490 libtimer INFO] cleaning output files took 0 seconds
[2026-02-13 10:46:29,490 clean_steps INFO] Cleaning output for '2_flexref' using 20 cores.
[2026-02-13 10:46:29,499 libtimer INFO] cleaning output files took 0 seconds
[2026-02-13 10:46:29,499 clean_steps INFO] Cleaning output for '3_emref' using 20 cores.
[2026-02-13 10:46:29,506 libtimer INFO] cleaning output files took 0 seconds
[2026-02-13 10:46:29,507 cli INFO] This HADDOCK3 run took: 2 minutes and 9 seconds
[2026-02-13 10:46:29,507 greetings INFO] Your feedback matters in Haddock3! Share your experience and help us grow:
[2026-02-13 10:46:29,507 greetings INFO] GitHub issues: https://github.com/haddocking/haddock3/issues
[2026-02-13 10:46:29,507 greetings INFO] BioExcel feedback: https://www.bonvinlab.org/feedback
[2026-02-13 10:46:29,507 greetings INFO] BioExcel forum: https://ask.bioexcel.eu/c/haddock/6
[2026-02-13 10:46:29,507 cli INFO] Finished at 13/02/2026 10:46:29. Tot ziens! Agur! Au revoir!
