[2026-02-06 20:54:03,737 cli INFO] 
##############################################
#                                            #
#                 HADDOCK3                   #
#                                            #
##############################################

!! Some of the HADDOCK3 components use CNS (Crystallographic and NMR System) which is free of use for non-profit applications. !!
!! For commercial use it is your own responsibility to have a proper license. !!
!! For details refer to the DISCLAIMER file in the HADDOCK3 repository. !!

Starting HADDOCK3 v2024.10.0b7 on 2026-02-06 20:54:00

Python 3.10.12 (main, Feb  4 2025, 14:57:36) [GCC 11.4.0]

[2026-02-06 20:54:07,499 libworkflow INFO] Reading instructions step 0_topoaa
[2026-02-06 20:54:07,499 libworkflow INFO] Reading instructions step 1_rigidbody
[2026-02-06 20:54:07,499 libworkflow INFO] Reading instructions step 2_flexref
[2026-02-06 20:54:07,499 libworkflow INFO] Reading instructions step 3_emref
[2026-02-06 20:54:07,499 libworkflow INFO] Reading instructions step 4_caprieval
[2026-02-06 20:54:07,513 base_cns_module INFO] Running [topoaa] module
[2026-02-06 20:54:07,513 __init__ INFO] [topoaa] Molecule 1: receptor_single_refold_1G17_Epi.pdb
[2026-02-06 20:54:07,515 __init__ INFO] [topoaa] Sanitizing molecule receptor_single_refold_1G17_Epi.pdb
[2026-02-06 20:54:07,522 __init__ INFO] [topoaa] Topology CNS input created
[2026-02-06 20:54:07,522 __init__ INFO] [topoaa] Molecule 2: ligand_single_refold_1G17_Epi.pdb
[2026-02-06 20:54:07,523 __init__ INFO] [topoaa] Sanitizing molecule ligand_single_refold_1G17_Epi.pdb
[2026-02-06 20:54:07,527 __init__ INFO] [topoaa] Topology CNS input created
[2026-02-06 20:54:07,527 __init__ INFO] [topoaa] Running CNS Jobs n=2
[2026-02-06 20:54:07,527 libutil INFO] Selected 2 cores to process 2 jobs, with 32 maximum available cores.
[2026-02-06 20:54:07,528 libparallel INFO] Using 2 cores
[2026-02-06 20:54:10,789 libparallel INFO] 2 tasks finished
[2026-02-06 20:54:10,789 __init__ INFO] [topoaa] CNS jobs have finished
[2026-02-06 20:54:10,791 base_cns_module INFO] Module [topoaa] finished.
[2026-02-06 20:54:10,792 __init__ INFO] [topoaa] took 3 seconds
[2026-02-06 20:54:11,126 base_cns_module INFO] Running [rigidbody] module
[2026-02-06 20:54:11,127 __init__ INFO] [rigidbody] crossdock=true
[2026-02-06 20:54:11,127 __init__ INFO] [rigidbody] Preparing jobs...
[2026-02-06 20:54:11,129 libutil INFO] Selected 20 cores to process 20 jobs, with 32 maximum available cores.
[2026-02-06 20:54:11,129 libparallel INFO] Using 20 cores
[2026-02-06 20:54:11,156 libparallel INFO] 20 tasks finished
[2026-02-06 20:54:11,157 __init__ INFO] [rigidbody] Preparation took 0.030276 seconds
[2026-02-06 20:54:11,158 __init__ INFO] [rigidbody] Running CNS Jobs n=20
[2026-02-06 20:54:11,158 libutil INFO] Selected 20 cores to process 20 jobs, with 32 maximum available cores.
[2026-02-06 20:54:11,159 libparallel INFO] Using 20 cores
[2026-02-06 20:54:22,606 libparallel INFO] 20 tasks finished
[2026-02-06 20:54:22,606 __init__ INFO] [rigidbody] CNS jobs have finished
[2026-02-06 20:54:22,631 base_cns_module INFO] Module [rigidbody] finished.
[2026-02-06 20:54:22,631 __init__ INFO] [rigidbody] took 12 seconds
[2026-02-06 20:54:23,014 base_cns_module INFO] Running [flexref] module
[2026-02-06 20:54:23,073 __init__ INFO] [flexref] Running CNS Jobs n=20
[2026-02-06 20:54:23,073 libutil INFO] Selected 20 cores to process 20 jobs, with 32 maximum available cores.
[2026-02-06 20:54:23,074 libparallel INFO] Using 20 cores
[2026-02-06 20:55:53,406 libparallel INFO] 20 tasks finished
[2026-02-06 20:55:53,407 __init__ INFO] [flexref] CNS jobs have finished
[2026-02-06 20:55:53,446 base_cns_module INFO] Module [flexref] finished.
[2026-02-06 20:55:53,446 __init__ INFO] [flexref] took 1 minute and 30 seconds
[2026-02-06 20:55:53,785 base_cns_module INFO] Running [emref] module
[2026-02-06 20:55:53,842 __init__ INFO] [emref] Running CNS Jobs n=20
[2026-02-06 20:55:53,842 libutil INFO] Selected 20 cores to process 20 jobs, with 32 maximum available cores.
[2026-02-06 20:55:53,842 libparallel INFO] Using 20 cores
[2026-02-06 20:56:00,756 libparallel INFO] 20 tasks finished
[2026-02-06 20:56:00,757 __init__ INFO] [emref] CNS jobs have finished
[2026-02-06 20:56:00,789 base_cns_module INFO] Module [emref] finished.
[2026-02-06 20:56:00,789 __init__ INFO] [emref] took 7 seconds
[2026-02-06 20:56:00,804 __init__ INFO] Running [caprieval] module
[2026-02-06 20:56:00,804 capri INFO] Found previous CNS step: 3_emref
[2026-02-06 20:56:00,904 capri INFO] Saved scoring weights to: weights_params.json
[2026-02-06 20:56:00,904 __init__ INFO] [caprieval] No reference structure provided. Using the structure with the lowest score from previous step
[2026-02-06 20:56:00,987 libutil INFO] Selected 20 cores to process 20 jobs, with 32 maximum available cores.
[2026-02-06 20:56:00,987 libparallel INFO] Using 20 cores
[2026-02-06 20:56:01,388 libparallel INFO] 20 tasks finished
[2026-02-06 20:56:01,389 capri INFO] Rearranging cluster information into capri_clt.tsv
[2026-02-06 20:56:01,393 __init__ INFO] Module [caprieval] finished.
[2026-02-06 20:56:01,393 __init__ INFO] [caprieval] took 1 seconds
[2026-02-06 20:56:01,393 cli_analyse INFO] Running haddock3-analyse on ./, modules [4], with top_cluster = 10
[2026-02-06 20:56:01,399 cli_analyse INFO] Created directory: /mnt/Data/PopOS/Data_Ana/Wu/clawdPorjects/HADDOCK_test/results_full/run_refold_1G17_Epi/analysis
[2026-02-06 20:56:01,400 cli_analyse INFO] Reading input run directory
[2026-02-06 20:56:01,400 cli_analyse INFO] selected steps: 4_caprieval
[2026-02-06 20:56:01,400 cli_analyse INFO] Analysing step 4_caprieval
[2026-02-06 20:56:01,400 cli_analyse INFO] step 4_caprieval is caprieval, files should be already available
[2026-02-06 20:56:01,400 cli_analyse INFO] CAPRI files identified
[2026-02-06 20:56:01,402 cli_analyse INFO] Plotting results..
[2026-02-06 20:56:02,585 cli_analyse INFO] Summary archive summary.tgz created!
[2026-02-06 20:56:02,585 cli_analyse INFO] moving files to analysis folder
[2026-02-06 20:56:02,585 cli_analyse INFO] updating paths in analysis/4_caprieval_analysis/capri_ss.tsv
[2026-02-06 20:56:02,585 cli_analyse INFO] View the results in analysis/4_caprieval_analysis/report.html
[2026-02-06 20:56:02,586 cli_analyse INFO] To view structures or download the structure files, in a terminal run the command `python -m http.server --directory /mnt/Data/PopOS/Data_Ana/Wu/clawdPorjects/HADDOCK_test/results_full/run_refold_1G17_Epi`. By default, http server runs on `http://0.0.0.0:8000/`. Open the link http://0.0.0.0:8000/analysis/4_caprieval_analysis/report.html in a web browser.
[2026-02-06 20:56:02,586 cli_traceback INFO] Running haddock3-traceback on ./
[2026-02-06 20:56:02,586 cli_traceback INFO] Reading input run directory
[2026-02-06 20:56:02,586 cli_traceback INFO] All_steps: 0_topoaa, 1_rigidbody, 2_flexref, 3_emref, 4_caprieval
[2026-02-06 20:56:02,586 cli_traceback INFO] Modules not to be analysed: 0_topoaa, 4_caprieval
[2026-02-06 20:56:02,586 cli_traceback INFO] Steps to trace back: 1_rigidbody, 2_flexref, 3_emref
[2026-02-06 20:56:02,586 cli_traceback INFO] Created directory: /mnt/Data/PopOS/Data_Ana/Wu/clawdPorjects/HADDOCK_test/results_full/run_refold_1G17_Epi/traceback
[2026-02-06 20:56:02,586 cli_traceback INFO] Tracing back step 3_emref
[2026-02-06 20:56:02,588 cli_traceback INFO] Tracing back step 2_flexref
[2026-02-06 20:56:02,590 cli_traceback INFO] Tracing back step 1_rigidbody
[2026-02-06 20:56:02,594 cli_traceback INFO] Output dataframe traceback/traceback.tsv created with shape (20, 8)
[2026-02-06 20:56:02,621 clean_steps INFO] Cleaning output for '0_topoaa' using 20 cores.
[2026-02-06 20:56:02,749 libtimer INFO] cleaning output files took 0 seconds
[2026-02-06 20:56:02,749 clean_steps INFO] Cleaning output for '1_rigidbody' using 20 cores.
[2026-02-06 20:56:02,868 libtimer INFO] cleaning output files took 0 seconds
[2026-02-06 20:56:02,868 clean_steps INFO] Cleaning output for '2_flexref' using 20 cores.
[2026-02-06 20:56:02,985 libtimer INFO] cleaning output files took 0 seconds
[2026-02-06 20:56:02,985 clean_steps INFO] Cleaning output for '3_emref' using 20 cores.
[2026-02-06 20:56:03,099 libtimer INFO] cleaning output files took 0 seconds
[2026-02-06 20:56:03,100 clean_steps INFO] Cleaning output for '4_caprieval' using 20 cores.
[2026-02-06 20:56:03,111 libtimer INFO] cleaning output files took 0 seconds
[2026-02-06 20:56:03,111 cli INFO] This HADDOCK3 run took: 1 minute and 59 seconds
[2026-02-06 20:56:03,111 greetings INFO] Your feedback matters in Haddock3! Share your experience and help us grow:
[2026-02-06 20:56:03,111 greetings INFO] GitHub issues: https://github.com/haddocking/haddock3/issues
[2026-02-06 20:56:03,112 greetings INFO] BioExcel feedback: https://www.bonvinlab.org/feedback
[2026-02-06 20:56:03,112 greetings INFO] BioExcel forum: https://ask.bioexcel.eu/c/haddock/6
[2026-02-06 20:56:03,112 cli INFO] Finished at 06/02/2026 20:56:03. La revedere! Tchau! Agur!
