[2026-02-06 06:25:11,895 cli INFO] 
##############################################
#                                            #
#                 HADDOCK3                   #
#                                            #
##############################################

!! Some of the HADDOCK3 components use CNS (Crystallographic and NMR System) which is free of use for non-profit applications. !!
!! For commercial use it is your own responsibility to have a proper license. !!
!! For details refer to the DISCLAIMER file in the HADDOCK3 repository. !!

Starting HADDOCK3 v2024.10.0b7 on 2026-02-06 06:25:00

Python 3.10.12 (main, Feb  4 2025, 14:57:36) [GCC 11.4.0]

[2026-02-06 06:25:15,621 libworkflow INFO] Reading instructions step 0_topoaa
[2026-02-06 06:25:15,621 libworkflow INFO] Reading instructions step 1_rigidbody
[2026-02-06 06:25:15,621 libworkflow INFO] Reading instructions step 2_flexref
[2026-02-06 06:25:15,622 libworkflow INFO] Reading instructions step 3_emref
[2026-02-06 06:25:15,635 base_cns_module INFO] Running [topoaa] module
[2026-02-06 06:25:15,635 __init__ INFO] [topoaa] Molecule 1: receptor_single_refold_TG0056_Epi.pdb
[2026-02-06 06:25:15,639 __init__ INFO] [topoaa] Sanitizing molecule receptor_single_refold_TG0056_Epi.pdb
[2026-02-06 06:25:15,659 __init__ INFO] [topoaa] Topology CNS input created
[2026-02-06 06:25:15,659 __init__ INFO] [topoaa] Molecule 2: ligand_single_refold_TG0056_Epi.pdb
[2026-02-06 06:25:15,660 __init__ INFO] [topoaa] Sanitizing molecule ligand_single_refold_TG0056_Epi.pdb
[2026-02-06 06:25:15,663 __init__ INFO] [topoaa] Topology CNS input created
[2026-02-06 06:25:15,663 __init__ INFO] [topoaa] Running CNS Jobs n=2
[2026-02-06 06:25:15,663 libutil INFO] Selected 2 cores to process 2 jobs, with 32 maximum available cores.
[2026-02-06 06:25:15,664 libparallel INFO] Using 2 cores
[2026-02-06 06:25:35,974 libparallel INFO] 2 tasks finished
[2026-02-06 06:25:35,974 __init__ INFO] [topoaa] CNS jobs have finished
[2026-02-06 06:25:35,976 base_cns_module INFO] Module [topoaa] finished.
[2026-02-06 06:25:35,976 __init__ INFO] [topoaa] took 20 seconds
[2026-02-06 06:25:36,319 base_cns_module INFO] Running [rigidbody] module
[2026-02-06 06:25:36,319 __init__ INFO] [rigidbody] crossdock=true
[2026-02-06 06:25:36,319 __init__ INFO] [rigidbody] Preparing jobs...
[2026-02-06 06:25:36,323 libutil INFO] Selected 20 cores to process 20 jobs, with 32 maximum available cores.
[2026-02-06 06:25:36,324 libparallel INFO] Using 20 cores
[2026-02-06 06:25:36,354 libparallel INFO] 20 tasks finished
[2026-02-06 06:25:36,355 __init__ INFO] [rigidbody] Preparation took 0.035345 seconds
[2026-02-06 06:25:36,356 __init__ INFO] [rigidbody] Running CNS Jobs n=20
[2026-02-06 06:25:36,356 libutil INFO] Selected 20 cores to process 20 jobs, with 32 maximum available cores.
[2026-02-06 06:25:36,357 libparallel INFO] Using 20 cores
[2026-02-06 06:26:09,304 libparallel INFO] 20 tasks finished
[2026-02-06 06:26:09,304 __init__ INFO] [rigidbody] CNS jobs have finished
[2026-02-06 06:26:09,365 base_cns_module INFO] Module [rigidbody] finished.
[2026-02-06 06:26:09,365 __init__ INFO] [rigidbody] took 33 seconds
[2026-02-06 06:26:09,749 base_cns_module INFO] Running [flexref] module
[2026-02-06 06:26:09,869 __init__ INFO] [flexref] Running CNS Jobs n=20
[2026-02-06 06:26:09,869 libutil INFO] Selected 20 cores to process 20 jobs, with 32 maximum available cores.
[2026-02-06 06:26:09,869 libparallel INFO] Using 20 cores
[2026-02-06 06:30:44,905 libparallel INFO] 20 tasks finished
[2026-02-06 06:30:44,905 __init__ INFO] [flexref] CNS jobs have finished
[2026-02-06 06:30:44,973 base_cns_module INFO] Module [flexref] finished.
[2026-02-06 06:30:44,973 __init__ INFO] [flexref] took 4 minutes and 35 seconds
[2026-02-06 06:30:45,317 base_cns_module INFO] Running [emref] module
[2026-02-06 06:30:45,436 __init__ INFO] [emref] Running CNS Jobs n=20
[2026-02-06 06:30:45,436 libutil INFO] Selected 20 cores to process 20 jobs, with 32 maximum available cores.
[2026-02-06 06:30:45,436 libparallel INFO] Using 20 cores
[2026-02-06 06:31:03,913 libparallel INFO] 20 tasks finished
[2026-02-06 06:31:03,914 __init__ INFO] [emref] CNS jobs have finished
[2026-02-06 06:31:03,975 base_cns_module INFO] Module [emref] finished.
[2026-02-06 06:31:03,975 __init__ INFO] [emref] took 19 seconds
[2026-02-06 06:31:03,975 cli_analyse INFO] Running haddock3-analyse on ./, modules [], with top_cluster = 10
[2026-02-06 06:31:03,985 cli_analyse INFO] Created directory: /mnt/Data/PopOS/Data_Ana/Wu/clawdPorjects/HADDOCK_test/results/run_refold_TG0056_Epi/analysis
[2026-02-06 06:31:03,985 cli_analyse INFO] Reading input run directory
[2026-02-06 06:31:03,986 cli_analyse INFO] selected steps: 0_topoaa, 1_rigidbody, 2_flexref, 3_emref
[2026-02-06 06:31:03,986 cli_analyse INFO] Analysing step 0_topoaa
[2026-02-06 06:31:03,986 cli_analyse WARNING] Could not execute the analysis for step 0_topoaa. The following error occurred 'dict' object has no attribute 'rel_path'
[2026-02-06 06:31:03,986 cli_analyse INFO] Analysing step 1_rigidbody
[2026-02-06 06:31:03,987 cli_unpack INFO] Unpacking '../1_rigidbody' folder
[2026-02-06 06:31:03,988 libtimer INFO] unpacking took 0 seconds
[2026-02-06 06:31:04,001 capri INFO] Found previous CNS step: 1_rigidbody
[2026-02-06 06:31:04,109 capri INFO] Saved scoring weights to: weights_params.json
[2026-02-06 06:31:04,109 __init__ INFO] [caprieval] No reference structure provided. Using the structure with the lowest score from previous step
[2026-02-06 06:31:04,306 libutil INFO] Selected 20 cores to process 20 jobs, with 32 maximum available cores.
[2026-02-06 06:31:04,306 libparallel INFO] Using 20 cores
[2026-02-06 06:31:05,426 libparallel INFO] 20 tasks finished
[2026-02-06 06:31:05,427 capri INFO] Rearranging cluster information into capri_clt.tsv
[2026-02-06 06:31:05,434 cli_clean INFO] Compressing '../1_rigidbody' folder
[2026-02-06 06:31:05,435 clean_steps INFO] Cleaning output for '../1_rigidbody' using 20 cores.
[2026-02-06 06:31:05,659 libtimer INFO] compressing took 0 seconds
[2026-02-06 06:31:05,659 cli_analyse INFO] CAPRI files identified
[2026-02-06 06:31:05,661 cli_analyse INFO] Plotting results..
[2026-02-06 06:31:07,575 cli_analyse INFO] Summary archive summary.tgz created!
[2026-02-06 06:31:07,575 cli_analyse INFO] Analysing step 2_flexref
[2026-02-06 06:31:07,577 cli_unpack INFO] Unpacking '../2_flexref' folder
[2026-02-06 06:31:07,578 libtimer INFO] unpacking took 0 seconds
[2026-02-06 06:31:07,591 capri INFO] Found previous CNS step: 2_flexref
[2026-02-06 06:31:07,829 capri INFO] Saved scoring weights to: weights_params.json
[2026-02-06 06:31:07,829 __init__ INFO] [caprieval] No reference structure provided. Using the structure with the lowest score from previous step
[2026-02-06 06:31:08,037 libutil INFO] Selected 20 cores to process 20 jobs, with 32 maximum available cores.
[2026-02-06 06:31:08,037 libparallel INFO] Using 20 cores
[2026-02-06 06:31:09,063 libparallel INFO] 20 tasks finished
[2026-02-06 06:31:09,063 capri INFO] Rearranging cluster information into capri_clt.tsv
[2026-02-06 06:31:09,067 cli_clean INFO] Compressing '../2_flexref' folder
[2026-02-06 06:31:09,068 clean_steps INFO] Cleaning output for '../2_flexref' using 20 cores.
[2026-02-06 06:31:09,289 libtimer INFO] compressing took 0 seconds
[2026-02-06 06:31:09,289 cli_analyse INFO] CAPRI files identified
[2026-02-06 06:31:09,291 cli_analyse INFO] Plotting results..
[2026-02-06 06:31:11,083 cli_analyse INFO] Summary archive summary.tgz created!
[2026-02-06 06:31:11,083 cli_analyse INFO] Analysing step 3_emref
[2026-02-06 06:31:11,085 cli_unpack INFO] Unpacking '../3_emref' folder
[2026-02-06 06:31:11,086 libtimer INFO] unpacking took 0 seconds
[2026-02-06 06:31:11,099 capri INFO] Found previous CNS step: 3_emref
[2026-02-06 06:31:11,201 capri INFO] Saved scoring weights to: weights_params.json
[2026-02-06 06:31:11,201 __init__ INFO] [caprieval] No reference structure provided. Using the structure with the lowest score from previous step
[2026-02-06 06:31:11,402 libutil INFO] Selected 20 cores to process 20 jobs, with 32 maximum available cores.
[2026-02-06 06:31:11,402 libparallel INFO] Using 20 cores
[2026-02-06 06:31:12,437 libparallel INFO] 20 tasks finished
[2026-02-06 06:31:12,438 capri INFO] Rearranging cluster information into capri_clt.tsv
[2026-02-06 06:31:12,443 cli_clean INFO] Compressing '../3_emref' folder
[2026-02-06 06:31:12,443 clean_steps INFO] Cleaning output for '../3_emref' using 20 cores.
[2026-02-06 06:31:12,697 libtimer INFO] compressing took 0 seconds
[2026-02-06 06:31:12,698 cli_analyse INFO] CAPRI files identified
[2026-02-06 06:31:12,700 cli_analyse INFO] Plotting results..
[2026-02-06 06:31:14,505 cli_analyse INFO] Summary archive summary.tgz created!
[2026-02-06 06:31:14,505 cli_analyse INFO] moving files to analysis folder
[2026-02-06 06:31:14,505 cli_analyse INFO] cancelling unsuccesful analysis folders
[2026-02-06 06:31:14,505 cli_analyse INFO] updating paths in analysis/1_rigidbody_analysis/capri_ss.tsv
[2026-02-06 06:31:14,505 cli_analyse INFO] View the results in analysis/1_rigidbody_analysis/report.html
[2026-02-06 06:31:14,505 cli_analyse INFO] To view structures or download the structure files, in a terminal run the command `python -m http.server --directory /mnt/Data/PopOS/Data_Ana/Wu/clawdPorjects/HADDOCK_test/results/run_refold_TG0056_Epi`. By default, http server runs on `http://0.0.0.0:8000/`. Open the link http://0.0.0.0:8000/analysis/1_rigidbody_analysis/report.html in a web browser.
[2026-02-06 06:31:14,505 cli_analyse INFO] updating paths in analysis/2_flexref_analysis/capri_ss.tsv
[2026-02-06 06:31:14,506 cli_analyse INFO] View the results in analysis/2_flexref_analysis/report.html
[2026-02-06 06:31:14,506 cli_analyse INFO] To view structures or download the structure files, in a terminal run the command `python -m http.server --directory /mnt/Data/PopOS/Data_Ana/Wu/clawdPorjects/HADDOCK_test/results/run_refold_TG0056_Epi`. By default, http server runs on `http://0.0.0.0:8000/`. Open the link http://0.0.0.0:8000/analysis/2_flexref_analysis/report.html in a web browser.
[2026-02-06 06:31:14,506 cli_analyse INFO] updating paths in analysis/3_emref_analysis/capri_ss.tsv
[2026-02-06 06:31:14,506 cli_analyse INFO] View the results in analysis/3_emref_analysis/report.html
[2026-02-06 06:31:14,506 cli_analyse INFO] To view structures or download the structure files, in a terminal run the command `python -m http.server --directory /mnt/Data/PopOS/Data_Ana/Wu/clawdPorjects/HADDOCK_test/results/run_refold_TG0056_Epi`. By default, http server runs on `http://0.0.0.0:8000/`. Open the link http://0.0.0.0:8000/analysis/3_emref_analysis/report.html in a web browser.
[2026-02-06 06:31:14,506 cli_traceback INFO] Running haddock3-traceback on ./
[2026-02-06 06:31:14,506 cli_traceback INFO] Reading input run directory
[2026-02-06 06:31:14,506 cli_traceback INFO] All_steps: 0_topoaa, 1_rigidbody, 2_flexref, 3_emref
[2026-02-06 06:31:14,506 cli_traceback INFO] Modules not to be analysed: 0_topoaa
[2026-02-06 06:31:14,507 cli_traceback INFO] Steps to trace back: 1_rigidbody, 2_flexref, 3_emref
[2026-02-06 06:31:14,507 cli_traceback INFO] Created directory: /mnt/Data/PopOS/Data_Ana/Wu/clawdPorjects/HADDOCK_test/results/run_refold_TG0056_Epi/traceback
[2026-02-06 06:31:14,507 cli_traceback INFO] Tracing back step 3_emref
[2026-02-06 06:31:14,509 cli_traceback INFO] Tracing back step 2_flexref
[2026-02-06 06:31:14,511 cli_traceback INFO] Tracing back step 1_rigidbody
[2026-02-06 06:31:14,515 cli_traceback INFO] Output dataframe traceback/traceback.tsv created with shape (20, 8)
[2026-02-06 06:31:14,543 clean_steps INFO] Cleaning output for '0_topoaa' using 20 cores.
[2026-02-06 06:31:14,843 libtimer INFO] cleaning output files took 0 seconds
[2026-02-06 06:31:14,844 clean_steps INFO] Cleaning output for '1_rigidbody' using 20 cores.
[2026-02-06 06:31:14,852 libtimer INFO] cleaning output files took 0 seconds
[2026-02-06 06:31:14,852 clean_steps INFO] Cleaning output for '2_flexref' using 20 cores.
[2026-02-06 06:31:14,860 libtimer INFO] cleaning output files took 0 seconds
[2026-02-06 06:31:14,860 clean_steps INFO] Cleaning output for '3_emref' using 20 cores.
[2026-02-06 06:31:14,868 libtimer INFO] cleaning output files took 0 seconds
[2026-02-06 06:31:14,869 cli INFO] This HADDOCK3 run took: 6 minutes and 3 seconds
[2026-02-06 06:31:14,869 greetings INFO] Your feedback matters in Haddock3! Share your experience and help us grow:
[2026-02-06 06:31:14,869 greetings INFO] GitHub issues: https://github.com/haddocking/haddock3/issues
[2026-02-06 06:31:14,869 greetings INFO] BioExcel feedback: https://www.bonvinlab.org/feedback
[2026-02-06 06:31:14,869 greetings INFO] BioExcel forum: https://ask.bioexcel.eu/c/haddock/6
[2026-02-06 06:31:14,869 cli INFO] Finished at 06/02/2026 06:31:14. Adiós! Ciao! Até logo!
