[2026-02-06 05:10:55,484 cli INFO] 
##############################################
#                                            #
#                 HADDOCK3                   #
#                                            #
##############################################

!! Some of the HADDOCK3 components use CNS (Crystallographic and NMR System) which is free of use for non-profit applications. !!
!! For commercial use it is your own responsibility to have a proper license. !!
!! For details refer to the DISCLAIMER file in the HADDOCK3 repository. !!

Starting HADDOCK3 v2024.10.0b7 on 2026-02-06 05:10:00

Python 3.10.12 (main, Feb  4 2025, 14:57:36) [GCC 11.4.0]

[2026-02-06 05:10:59,213 libworkflow INFO] Reading instructions step 0_topoaa
[2026-02-06 05:10:59,213 libworkflow INFO] Reading instructions step 1_rigidbody
[2026-02-06 05:10:59,213 libworkflow INFO] Reading instructions step 2_flexref
[2026-02-06 05:10:59,214 libworkflow INFO] Reading instructions step 3_emref
[2026-02-06 05:10:59,227 base_cns_module INFO] Running [topoaa] module
[2026-02-06 05:10:59,228 __init__ INFO] [topoaa] Molecule 1: receptor_single_refold_1G17_Epi.pdb
[2026-02-06 05:10:59,229 __init__ INFO] [topoaa] Sanitizing molecule receptor_single_refold_1G17_Epi.pdb
[2026-02-06 05:10:59,236 __init__ INFO] [topoaa] Topology CNS input created
[2026-02-06 05:10:59,236 __init__ INFO] [topoaa] Molecule 2: ligand_single_refold_1G17_Epi.pdb
[2026-02-06 05:10:59,237 __init__ INFO] [topoaa] Sanitizing molecule ligand_single_refold_1G17_Epi.pdb
[2026-02-06 05:10:59,240 __init__ INFO] [topoaa] Topology CNS input created
[2026-02-06 05:10:59,240 __init__ INFO] [topoaa] Running CNS Jobs n=2
[2026-02-06 05:10:59,240 libutil INFO] Selected 2 cores to process 2 jobs, with 32 maximum available cores.
[2026-02-06 05:10:59,241 libparallel INFO] Using 2 cores
[2026-02-06 05:11:02,517 libparallel INFO] 2 tasks finished
[2026-02-06 05:11:02,518 __init__ INFO] [topoaa] CNS jobs have finished
[2026-02-06 05:11:02,519 base_cns_module INFO] Module [topoaa] finished.
[2026-02-06 05:11:02,519 __init__ INFO] [topoaa] took 3 seconds
[2026-02-06 05:11:02,861 base_cns_module INFO] Running [rigidbody] module
[2026-02-06 05:11:02,861 __init__ INFO] [rigidbody] crossdock=true
[2026-02-06 05:11:02,861 __init__ INFO] [rigidbody] Preparing jobs...
[2026-02-06 05:11:02,863 libutil INFO] Selected 20 cores to process 20 jobs, with 32 maximum available cores.
[2026-02-06 05:11:02,864 libparallel INFO] Using 20 cores
[2026-02-06 05:11:02,890 libparallel INFO] 20 tasks finished
[2026-02-06 05:11:02,890 __init__ INFO] [rigidbody] Preparation took 0.02896 seconds
[2026-02-06 05:11:02,892 __init__ INFO] [rigidbody] Running CNS Jobs n=20
[2026-02-06 05:11:02,892 libutil INFO] Selected 20 cores to process 20 jobs, with 32 maximum available cores.
[2026-02-06 05:11:02,892 libparallel INFO] Using 20 cores
[2026-02-06 05:11:13,438 libparallel INFO] 20 tasks finished
[2026-02-06 05:11:13,438 __init__ INFO] [rigidbody] CNS jobs have finished
[2026-02-06 05:11:13,467 base_cns_module INFO] Module [rigidbody] finished.
[2026-02-06 05:11:13,467 __init__ INFO] [rigidbody] took 11 seconds
[2026-02-06 05:11:13,848 base_cns_module INFO] Running [flexref] module
[2026-02-06 05:11:13,905 __init__ INFO] [flexref] Running CNS Jobs n=20
[2026-02-06 05:11:13,905 libutil INFO] Selected 20 cores to process 20 jobs, with 32 maximum available cores.
[2026-02-06 05:11:13,906 libparallel INFO] Using 20 cores
[2026-02-06 05:12:45,619 libparallel INFO] 20 tasks finished
[2026-02-06 05:12:45,619 __init__ INFO] [flexref] CNS jobs have finished
[2026-02-06 05:12:45,666 base_cns_module INFO] Module [flexref] finished.
[2026-02-06 05:12:45,666 __init__ INFO] [flexref] took 1 minute and 32 seconds
[2026-02-06 05:12:46,011 base_cns_module INFO] Running [emref] module
[2026-02-06 05:12:46,067 __init__ INFO] [emref] Running CNS Jobs n=20
[2026-02-06 05:12:46,068 libutil INFO] Selected 20 cores to process 20 jobs, with 32 maximum available cores.
[2026-02-06 05:12:46,068 libparallel INFO] Using 20 cores
[2026-02-06 05:12:53,150 libparallel INFO] 20 tasks finished
[2026-02-06 05:12:53,150 __init__ INFO] [emref] CNS jobs have finished
[2026-02-06 05:12:53,178 base_cns_module INFO] Module [emref] finished.
[2026-02-06 05:12:53,178 __init__ INFO] [emref] took 7 seconds
[2026-02-06 05:12:53,178 cli_analyse INFO] Running haddock3-analyse on ./, modules [], with top_cluster = 10
[2026-02-06 05:12:53,184 cli_analyse INFO] Created directory: /mnt/Data/PopOS/Data_Ana/Wu/clawdPorjects/HADDOCK_test/results/run_refold_1G17_Epi/analysis
[2026-02-06 05:12:53,184 cli_analyse INFO] Reading input run directory
[2026-02-06 05:12:53,185 cli_analyse INFO] selected steps: 0_topoaa, 1_rigidbody, 2_flexref, 3_emref
[2026-02-06 05:12:53,185 cli_analyse INFO] Analysing step 0_topoaa
[2026-02-06 05:12:53,185 cli_analyse WARNING] Could not execute the analysis for step 0_topoaa. The following error occurred 'dict' object has no attribute 'rel_path'
[2026-02-06 05:12:53,185 cli_analyse INFO] Analysing step 1_rigidbody
[2026-02-06 05:12:53,187 cli_unpack INFO] Unpacking '../1_rigidbody' folder
[2026-02-06 05:12:53,187 libtimer INFO] unpacking took 0 seconds
[2026-02-06 05:12:53,200 capri INFO] Found previous CNS step: 1_rigidbody
[2026-02-06 05:12:53,307 capri INFO] Saved scoring weights to: weights_params.json
[2026-02-06 05:12:53,307 __init__ INFO] [caprieval] No reference structure provided. Using the structure with the lowest score from previous step
[2026-02-06 05:12:53,392 libutil INFO] Selected 20 cores to process 20 jobs, with 32 maximum available cores.
[2026-02-06 05:12:53,393 libparallel INFO] Using 20 cores
[2026-02-06 05:12:53,825 libparallel INFO] 20 tasks finished
[2026-02-06 05:12:53,826 capri INFO] Rearranging cluster information into capri_clt.tsv
[2026-02-06 05:12:53,832 cli_clean INFO] Compressing '../1_rigidbody' folder
[2026-02-06 05:12:53,832 clean_steps INFO] Cleaning output for '../1_rigidbody' using 20 cores.
[2026-02-06 05:12:53,956 libtimer INFO] compressing took 0 seconds
[2026-02-06 05:12:53,956 cli_analyse INFO] CAPRI files identified
[2026-02-06 05:12:53,959 cli_analyse INFO] Plotting results..
[2026-02-06 05:12:55,179 cli_analyse INFO] Summary archive summary.tgz created!
[2026-02-06 05:12:55,179 cli_analyse INFO] Analysing step 2_flexref
[2026-02-06 05:12:55,181 cli_unpack INFO] Unpacking '../2_flexref' folder
[2026-02-06 05:12:55,182 libtimer INFO] unpacking took 0 seconds
[2026-02-06 05:12:55,195 capri INFO] Found previous CNS step: 2_flexref
[2026-02-06 05:12:55,432 capri INFO] Saved scoring weights to: weights_params.json
[2026-02-06 05:12:55,432 __init__ INFO] [caprieval] No reference structure provided. Using the structure with the lowest score from previous step
[2026-02-06 05:12:55,517 libutil INFO] Selected 20 cores to process 20 jobs, with 32 maximum available cores.
[2026-02-06 05:12:55,517 libparallel INFO] Using 20 cores
[2026-02-06 05:12:55,899 libparallel INFO] 20 tasks finished
[2026-02-06 05:12:55,900 capri INFO] Rearranging cluster information into capri_clt.tsv
[2026-02-06 05:12:55,904 cli_clean INFO] Compressing '../2_flexref' folder
[2026-02-06 05:12:55,904 clean_steps INFO] Cleaning output for '../2_flexref' using 20 cores.
[2026-02-06 05:12:56,026 libtimer INFO] compressing took 0 seconds
[2026-02-06 05:12:56,026 cli_analyse INFO] CAPRI files identified
[2026-02-06 05:12:56,028 cli_analyse INFO] Plotting results..
[2026-02-06 05:12:57,126 cli_analyse INFO] Summary archive summary.tgz created!
[2026-02-06 05:12:57,126 cli_analyse INFO] Analysing step 3_emref
[2026-02-06 05:12:57,128 cli_unpack INFO] Unpacking '../3_emref' folder
[2026-02-06 05:12:57,128 libtimer INFO] unpacking took 0 seconds
[2026-02-06 05:12:57,142 capri INFO] Found previous CNS step: 3_emref
[2026-02-06 05:12:57,242 capri INFO] Saved scoring weights to: weights_params.json
[2026-02-06 05:12:57,242 __init__ INFO] [caprieval] No reference structure provided. Using the structure with the lowest score from previous step
[2026-02-06 05:12:57,327 libutil INFO] Selected 20 cores to process 20 jobs, with 32 maximum available cores.
[2026-02-06 05:12:57,328 libparallel INFO] Using 20 cores
[2026-02-06 05:12:57,734 libparallel INFO] 20 tasks finished
[2026-02-06 05:12:57,735 capri INFO] Rearranging cluster information into capri_clt.tsv
[2026-02-06 05:12:57,741 cli_clean INFO] Compressing '../3_emref' folder
[2026-02-06 05:12:57,741 clean_steps INFO] Cleaning output for '../3_emref' using 20 cores.
[2026-02-06 05:12:57,864 libtimer INFO] compressing took 0 seconds
[2026-02-06 05:12:57,864 cli_analyse INFO] CAPRI files identified
[2026-02-06 05:12:57,867 cli_analyse INFO] Plotting results..
[2026-02-06 05:12:58,969 cli_analyse INFO] Summary archive summary.tgz created!
[2026-02-06 05:12:58,969 cli_analyse INFO] moving files to analysis folder
[2026-02-06 05:12:58,970 cli_analyse INFO] cancelling unsuccesful analysis folders
[2026-02-06 05:12:58,970 cli_analyse INFO] updating paths in analysis/1_rigidbody_analysis/capri_ss.tsv
[2026-02-06 05:12:58,970 cli_analyse INFO] View the results in analysis/1_rigidbody_analysis/report.html
[2026-02-06 05:12:58,970 cli_analyse INFO] To view structures or download the structure files, in a terminal run the command `python -m http.server --directory /mnt/Data/PopOS/Data_Ana/Wu/clawdPorjects/HADDOCK_test/results/run_refold_1G17_Epi`. By default, http server runs on `http://0.0.0.0:8000/`. Open the link http://0.0.0.0:8000/analysis/1_rigidbody_analysis/report.html in a web browser.
[2026-02-06 05:12:58,970 cli_analyse INFO] updating paths in analysis/2_flexref_analysis/capri_ss.tsv
[2026-02-06 05:12:58,970 cli_analyse INFO] View the results in analysis/2_flexref_analysis/report.html
[2026-02-06 05:12:58,970 cli_analyse INFO] To view structures or download the structure files, in a terminal run the command `python -m http.server --directory /mnt/Data/PopOS/Data_Ana/Wu/clawdPorjects/HADDOCK_test/results/run_refold_1G17_Epi`. By default, http server runs on `http://0.0.0.0:8000/`. Open the link http://0.0.0.0:8000/analysis/2_flexref_analysis/report.html in a web browser.
[2026-02-06 05:12:58,970 cli_analyse INFO] updating paths in analysis/3_emref_analysis/capri_ss.tsv
[2026-02-06 05:12:58,970 cli_analyse INFO] View the results in analysis/3_emref_analysis/report.html
[2026-02-06 05:12:58,970 cli_analyse INFO] To view structures or download the structure files, in a terminal run the command `python -m http.server --directory /mnt/Data/PopOS/Data_Ana/Wu/clawdPorjects/HADDOCK_test/results/run_refold_1G17_Epi`. By default, http server runs on `http://0.0.0.0:8000/`. Open the link http://0.0.0.0:8000/analysis/3_emref_analysis/report.html in a web browser.
[2026-02-06 05:12:58,970 cli_traceback INFO] Running haddock3-traceback on ./
[2026-02-06 05:12:58,970 cli_traceback INFO] Reading input run directory
[2026-02-06 05:12:58,970 cli_traceback INFO] All_steps: 0_topoaa, 1_rigidbody, 2_flexref, 3_emref
[2026-02-06 05:12:58,971 cli_traceback INFO] Modules not to be analysed: 0_topoaa
[2026-02-06 05:12:58,971 cli_traceback INFO] Steps to trace back: 1_rigidbody, 2_flexref, 3_emref
[2026-02-06 05:12:58,971 cli_traceback INFO] Created directory: /mnt/Data/PopOS/Data_Ana/Wu/clawdPorjects/HADDOCK_test/results/run_refold_1G17_Epi/traceback
[2026-02-06 05:12:58,971 cli_traceback INFO] Tracing back step 3_emref
[2026-02-06 05:12:58,973 cli_traceback INFO] Tracing back step 2_flexref
[2026-02-06 05:12:58,975 cli_traceback INFO] Tracing back step 1_rigidbody
[2026-02-06 05:12:58,979 cli_traceback INFO] Output dataframe traceback/traceback.tsv created with shape (20, 8)
[2026-02-06 05:12:59,006 clean_steps INFO] Cleaning output for '0_topoaa' using 20 cores.
[2026-02-06 05:12:59,139 libtimer INFO] cleaning output files took 0 seconds
[2026-02-06 05:12:59,139 clean_steps INFO] Cleaning output for '1_rigidbody' using 20 cores.
[2026-02-06 05:12:59,147 libtimer INFO] cleaning output files took 0 seconds
[2026-02-06 05:12:59,147 clean_steps INFO] Cleaning output for '2_flexref' using 20 cores.
[2026-02-06 05:12:59,159 libtimer INFO] cleaning output files took 0 seconds
[2026-02-06 05:12:59,159 clean_steps INFO] Cleaning output for '3_emref' using 20 cores.
[2026-02-06 05:12:59,179 libtimer INFO] cleaning output files took 0 seconds
[2026-02-06 05:12:59,180 cli INFO] This HADDOCK3 run took: 2 minutes and 4 seconds
[2026-02-06 05:12:59,180 greetings INFO] Your feedback matters in Haddock3! Share your experience and help us grow:
[2026-02-06 05:12:59,180 greetings INFO] GitHub issues: https://github.com/haddocking/haddock3/issues
[2026-02-06 05:12:59,180 greetings INFO] BioExcel feedback: https://www.bonvinlab.org/feedback
[2026-02-06 05:12:59,180 greetings INFO] BioExcel forum: https://ask.bioexcel.eu/c/haddock/6
[2026-02-06 05:12:59,180 cli INFO] Finished at 06/02/2026 05:12:59. Adiós! Au revoir! Até logo!
