[2026-02-13 11:27:03,175 cli INFO] 
##############################################
#                                            #
#                 HADDOCK3                   #
#                                            #
##############################################

!! Some of the HADDOCK3 components use CNS (Crystallographic and NMR System) which is free of use for non-profit applications. !!
!! For commercial use it is your own responsibility to have a proper license. !!
!! For details refer to the DISCLAIMER file in the HADDOCK3 repository. !!

Starting HADDOCK3 v2024.10.0b7 on 2026-02-13 11:27:00

Python 3.10.12 (main, Feb  4 2025, 14:57:36) [GCC 11.4.0]

[2026-02-13 11:27:06,851 libworkflow INFO] Reading instructions step 0_topoaa
[2026-02-13 11:27:06,851 libworkflow INFO] Reading instructions step 1_rigidbody
[2026-02-13 11:27:06,851 libworkflow INFO] Reading instructions step 2_flexref
[2026-02-13 11:27:06,852 libworkflow INFO] Reading instructions step 3_emref
[2026-02-13 11:27:06,865 base_cns_module INFO] Running [topoaa] module
[2026-02-13 11:27:06,866 __init__ INFO] [topoaa] Molecule 1: receptor_single_Neg_CGCTTGCTCCTGTCAT-1_contig_1_1.pdb
[2026-02-13 11:27:06,867 __init__ INFO] [topoaa] Sanitizing molecule receptor_single_Neg_CGCTTGCTCCTGTCAT-1_contig_1_1.pdb
[2026-02-13 11:27:06,874 __init__ INFO] [topoaa] Topology CNS input created
[2026-02-13 11:27:06,874 __init__ INFO] [topoaa] Molecule 2: ligand_single_Neg_CGCTTGCTCCTGTCAT-1_contig_1_1.pdb
[2026-02-13 11:27:06,875 __init__ INFO] [topoaa] Sanitizing molecule ligand_single_Neg_CGCTTGCTCCTGTCAT-1_contig_1_1.pdb
[2026-02-13 11:27:06,881 __init__ INFO] [topoaa] Topology CNS input created
[2026-02-13 11:27:06,881 __init__ INFO] [topoaa] Running CNS Jobs n=2
[2026-02-13 11:27:06,881 libutil INFO] Selected 2 cores to process 2 jobs, with 32 maximum available cores.
[2026-02-13 11:27:06,882 libparallel INFO] Using 2 cores
[2026-02-13 11:27:10,124 libparallel INFO] 2 tasks finished
[2026-02-13 11:27:10,124 __init__ INFO] [topoaa] CNS jobs have finished
[2026-02-13 11:27:10,126 base_cns_module INFO] Module [topoaa] finished.
[2026-02-13 11:27:10,126 __init__ INFO] [topoaa] took 3 seconds
[2026-02-13 11:27:10,464 base_cns_module INFO] Running [rigidbody] module
[2026-02-13 11:27:10,465 __init__ INFO] [rigidbody] crossdock=true
[2026-02-13 11:27:10,465 __init__ INFO] [rigidbody] Preparing jobs...
[2026-02-13 11:27:10,466 libutil INFO] Selected 20 cores to process 20 jobs, with 32 maximum available cores.
[2026-02-13 11:27:10,467 libparallel INFO] Using 20 cores
[2026-02-13 11:27:10,493 libparallel INFO] 20 tasks finished
[2026-02-13 11:27:10,494 __init__ INFO] [rigidbody] Preparation took 0.029214 seconds
[2026-02-13 11:27:10,495 __init__ INFO] [rigidbody] Running CNS Jobs n=20
[2026-02-13 11:27:10,495 libutil INFO] Selected 20 cores to process 20 jobs, with 32 maximum available cores.
[2026-02-13 11:27:10,496 libparallel INFO] Using 20 cores
[2026-02-13 11:27:20,965 libparallel INFO] 20 tasks finished
[2026-02-13 11:27:20,965 __init__ INFO] [rigidbody] CNS jobs have finished
[2026-02-13 11:27:20,992 base_cns_module INFO] Module [rigidbody] finished.
[2026-02-13 11:27:20,992 __init__ INFO] [rigidbody] took 11 seconds
[2026-02-13 11:27:21,368 base_cns_module INFO] Running [flexref] module
[2026-02-13 11:27:21,425 __init__ INFO] [flexref] Running CNS Jobs n=20
[2026-02-13 11:27:21,426 libutil INFO] Selected 20 cores to process 20 jobs, with 32 maximum available cores.
[2026-02-13 11:27:21,426 libparallel INFO] Using 20 cores
[2026-02-13 11:28:56,286 libparallel INFO] 20 tasks finished
[2026-02-13 11:28:56,286 __init__ INFO] [flexref] CNS jobs have finished
[2026-02-13 11:28:56,318 base_cns_module INFO] Module [flexref] finished.
[2026-02-13 11:28:56,318 __init__ INFO] [flexref] took 1 minute and 35 seconds
[2026-02-13 11:28:56,656 base_cns_module INFO] Running [emref] module
[2026-02-13 11:28:56,713 __init__ INFO] [emref] Running CNS Jobs n=20
[2026-02-13 11:28:56,714 libutil INFO] Selected 20 cores to process 20 jobs, with 32 maximum available cores.
[2026-02-13 11:28:56,714 libparallel INFO] Using 20 cores
[2026-02-13 11:29:04,245 libparallel INFO] 20 tasks finished
[2026-02-13 11:29:04,246 __init__ INFO] [emref] CNS jobs have finished
[2026-02-13 11:29:04,332 base_cns_module INFO] Module [emref] finished.
[2026-02-13 11:29:04,332 __init__ INFO] [emref] took 8 seconds
[2026-02-13 11:29:04,332 cli_analyse INFO] Running haddock3-analyse on ./, modules [], with top_cluster = 10
[2026-02-13 11:29:04,339 cli_analyse INFO] Created directory: /mnt/Data/PopOS/Data_Ana/Wu/clawdPorjects/HADDOCK_test/results/run_Neg_CGCTTGCTCCTGTCAT-1_contig_1_1/analysis
[2026-02-13 11:29:04,339 cli_analyse INFO] Reading input run directory
[2026-02-13 11:29:04,339 cli_analyse INFO] selected steps: 0_topoaa, 1_rigidbody, 2_flexref, 3_emref
[2026-02-13 11:29:04,339 cli_analyse INFO] Analysing step 0_topoaa
[2026-02-13 11:29:04,340 cli_analyse WARNING] Could not execute the analysis for step 0_topoaa. The following error occurred 'dict' object has no attribute 'rel_path'
[2026-02-13 11:29:04,340 cli_analyse INFO] Analysing step 1_rigidbody
[2026-02-13 11:29:04,341 cli_unpack INFO] Unpacking '../1_rigidbody' folder
[2026-02-13 11:29:04,341 libtimer INFO] unpacking took 0 seconds
[2026-02-13 11:29:04,354 capri INFO] Found previous CNS step: 1_rigidbody
[2026-02-13 11:29:04,462 capri INFO] Saved scoring weights to: weights_params.json
[2026-02-13 11:29:04,462 __init__ INFO] [caprieval] No reference structure provided. Using the structure with the lowest score from previous step
[2026-02-13 11:29:04,549 libutil INFO] Selected 20 cores to process 20 jobs, with 32 maximum available cores.
[2026-02-13 11:29:04,550 libparallel INFO] Using 20 cores
[2026-02-13 11:29:05,073 libparallel INFO] 20 tasks finished
[2026-02-13 11:29:05,074 capri INFO] Rearranging cluster information into capri_clt.tsv
[2026-02-13 11:29:05,081 cli_clean INFO] Compressing '../1_rigidbody' folder
[2026-02-13 11:29:05,081 clean_steps INFO] Cleaning output for '../1_rigidbody' using 20 cores.
[2026-02-13 11:29:05,284 libtimer INFO] compressing took 0 seconds
[2026-02-13 11:29:05,284 cli_analyse INFO] CAPRI files identified
[2026-02-13 11:29:05,286 cli_analyse INFO] Plotting results..
[2026-02-13 11:29:06,495 cli_analyse INFO] Summary archive summary.tgz created!
[2026-02-13 11:29:06,496 cli_analyse INFO] Analysing step 2_flexref
[2026-02-13 11:29:06,498 cli_unpack INFO] Unpacking '../2_flexref' folder
[2026-02-13 11:29:06,498 libtimer INFO] unpacking took 0 seconds
[2026-02-13 11:29:06,511 capri INFO] Found previous CNS step: 2_flexref
[2026-02-13 11:29:06,748 capri INFO] Saved scoring weights to: weights_params.json
[2026-02-13 11:29:06,748 __init__ INFO] [caprieval] No reference structure provided. Using the structure with the lowest score from previous step
[2026-02-13 11:29:06,836 libutil INFO] Selected 20 cores to process 20 jobs, with 32 maximum available cores.
[2026-02-13 11:29:06,836 libparallel INFO] Using 20 cores
[2026-02-13 11:29:07,229 libparallel INFO] 20 tasks finished
[2026-02-13 11:29:07,230 capri INFO] Rearranging cluster information into capri_clt.tsv
[2026-02-13 11:29:07,235 cli_clean INFO] Compressing '../2_flexref' folder
[2026-02-13 11:29:07,235 clean_steps INFO] Cleaning output for '../2_flexref' using 20 cores.
[2026-02-13 11:29:07,355 libtimer INFO] compressing took 0 seconds
[2026-02-13 11:29:07,355 cli_analyse INFO] CAPRI files identified
[2026-02-13 11:29:07,358 cli_analyse INFO] Plotting results..
[2026-02-13 11:29:08,456 cli_analyse INFO] Summary archive summary.tgz created!
[2026-02-13 11:29:08,456 cli_analyse INFO] Analysing step 3_emref
[2026-02-13 11:29:08,458 cli_unpack INFO] Unpacking '../3_emref' folder
[2026-02-13 11:29:08,458 libtimer INFO] unpacking took 0 seconds
[2026-02-13 11:29:08,471 capri INFO] Found previous CNS step: 3_emref
[2026-02-13 11:29:08,573 capri INFO] Saved scoring weights to: weights_params.json
[2026-02-13 11:29:08,573 __init__ INFO] [caprieval] No reference structure provided. Using the structure with the lowest score from previous step
[2026-02-13 11:29:08,660 libutil INFO] Selected 20 cores to process 20 jobs, with 32 maximum available cores.
[2026-02-13 11:29:08,660 libparallel INFO] Using 20 cores
[2026-02-13 11:29:09,056 libparallel INFO] 20 tasks finished
[2026-02-13 11:29:09,057 capri INFO] Rearranging cluster information into capri_clt.tsv
[2026-02-13 11:29:09,065 cli_clean INFO] Compressing '../3_emref' folder
[2026-02-13 11:29:09,065 clean_steps INFO] Cleaning output for '../3_emref' using 20 cores.
[2026-02-13 11:29:09,190 libtimer INFO] compressing took 0 seconds
[2026-02-13 11:29:09,190 cli_analyse INFO] CAPRI files identified
[2026-02-13 11:29:09,192 cli_analyse INFO] Plotting results..
[2026-02-13 11:29:10,302 cli_analyse INFO] Summary archive summary.tgz created!
[2026-02-13 11:29:10,302 cli_analyse INFO] moving files to analysis folder
[2026-02-13 11:29:10,302 cli_analyse INFO] cancelling unsuccesful analysis folders
[2026-02-13 11:29:10,303 cli_analyse INFO] updating paths in analysis/1_rigidbody_analysis/capri_ss.tsv
[2026-02-13 11:29:10,303 cli_analyse INFO] View the results in analysis/1_rigidbody_analysis/report.html
[2026-02-13 11:29:10,303 cli_analyse INFO] To view structures or download the structure files, in a terminal run the command `python -m http.server --directory /mnt/Data/PopOS/Data_Ana/Wu/clawdPorjects/HADDOCK_test/results/run_Neg_CGCTTGCTCCTGTCAT-1_contig_1_1`. By default, http server runs on `http://0.0.0.0:8000/`. Open the link http://0.0.0.0:8000/analysis/1_rigidbody_analysis/report.html in a web browser.
[2026-02-13 11:29:10,303 cli_analyse INFO] updating paths in analysis/2_flexref_analysis/capri_ss.tsv
[2026-02-13 11:29:10,303 cli_analyse INFO] View the results in analysis/2_flexref_analysis/report.html
[2026-02-13 11:29:10,303 cli_analyse INFO] To view structures or download the structure files, in a terminal run the command `python -m http.server --directory /mnt/Data/PopOS/Data_Ana/Wu/clawdPorjects/HADDOCK_test/results/run_Neg_CGCTTGCTCCTGTCAT-1_contig_1_1`. By default, http server runs on `http://0.0.0.0:8000/`. Open the link http://0.0.0.0:8000/analysis/2_flexref_analysis/report.html in a web browser.
[2026-02-13 11:29:10,303 cli_analyse INFO] updating paths in analysis/3_emref_analysis/capri_ss.tsv
[2026-02-13 11:29:10,303 cli_analyse INFO] View the results in analysis/3_emref_analysis/report.html
[2026-02-13 11:29:10,303 cli_analyse INFO] To view structures or download the structure files, in a terminal run the command `python -m http.server --directory /mnt/Data/PopOS/Data_Ana/Wu/clawdPorjects/HADDOCK_test/results/run_Neg_CGCTTGCTCCTGTCAT-1_contig_1_1`. By default, http server runs on `http://0.0.0.0:8000/`. Open the link http://0.0.0.0:8000/analysis/3_emref_analysis/report.html in a web browser.
[2026-02-13 11:29:10,303 cli_traceback INFO] Running haddock3-traceback on ./
[2026-02-13 11:29:10,303 cli_traceback INFO] Reading input run directory
[2026-02-13 11:29:10,303 cli_traceback INFO] All_steps: 0_topoaa, 1_rigidbody, 2_flexref, 3_emref
[2026-02-13 11:29:10,304 cli_traceback INFO] Modules not to be analysed: 0_topoaa
[2026-02-13 11:29:10,304 cli_traceback INFO] Steps to trace back: 1_rigidbody, 2_flexref, 3_emref
[2026-02-13 11:29:10,305 cli_traceback INFO] Created directory: /mnt/Data/PopOS/Data_Ana/Wu/clawdPorjects/HADDOCK_test/results/run_Neg_CGCTTGCTCCTGTCAT-1_contig_1_1/traceback
[2026-02-13 11:29:10,305 cli_traceback INFO] Tracing back step 3_emref
[2026-02-13 11:29:10,307 cli_traceback INFO] Tracing back step 2_flexref
[2026-02-13 11:29:10,309 cli_traceback INFO] Tracing back step 1_rigidbody
[2026-02-13 11:29:10,313 cli_traceback INFO] Output dataframe traceback/traceback.tsv created with shape (20, 8)
[2026-02-13 11:29:10,341 clean_steps INFO] Cleaning output for '0_topoaa' using 20 cores.
[2026-02-13 11:29:10,485 libtimer INFO] cleaning output files took 0 seconds
[2026-02-13 11:29:10,485 clean_steps INFO] Cleaning output for '1_rigidbody' using 20 cores.
[2026-02-13 11:29:10,495 libtimer INFO] cleaning output files took 0 seconds
[2026-02-13 11:29:10,495 clean_steps INFO] Cleaning output for '2_flexref' using 20 cores.
[2026-02-13 11:29:10,503 libtimer INFO] cleaning output files took 0 seconds
[2026-02-13 11:29:10,503 clean_steps INFO] Cleaning output for '3_emref' using 20 cores.
[2026-02-13 11:29:10,511 libtimer INFO] cleaning output files took 0 seconds
[2026-02-13 11:29:10,511 cli INFO] This HADDOCK3 run took: 2 minutes and 7 seconds
[2026-02-13 11:29:10,511 greetings INFO] Your feedback matters in Haddock3! Share your experience and help us grow:
[2026-02-13 11:29:10,511 greetings INFO] GitHub issues: https://github.com/haddocking/haddock3/issues
[2026-02-13 11:29:10,511 greetings INFO] BioExcel feedback: https://www.bonvinlab.org/feedback
[2026-02-13 11:29:10,511 greetings INFO] BioExcel forum: https://ask.bioexcel.eu/c/haddock/6
[2026-02-13 11:29:10,511 cli INFO] Finished at 13/02/2026 11:29:10. Agur! La revedere! Adiós!
