[2026-02-13 12:02:48,486 cli INFO] 
##############################################
#                                            #
#                 HADDOCK3                   #
#                                            #
##############################################

!! Some of the HADDOCK3 components use CNS (Crystallographic and NMR System) which is free of use for non-profit applications. !!
!! For commercial use it is your own responsibility to have a proper license. !!
!! For details refer to the DISCLAIMER file in the HADDOCK3 repository. !!

Starting HADDOCK3 v2024.10.0b7 on 2026-02-13 12:02:00

Python 3.10.12 (main, Feb  4 2025, 14:57:36) [GCC 11.4.0]

[2026-02-13 12:02:52,183 libworkflow INFO] Reading instructions step 0_topoaa
[2026-02-13 12:02:52,183 libworkflow INFO] Reading instructions step 1_rigidbody
[2026-02-13 12:02:52,183 libworkflow INFO] Reading instructions step 2_flexref
[2026-02-13 12:02:52,183 libworkflow INFO] Reading instructions step 3_emref
[2026-02-13 12:02:52,197 base_cns_module INFO] Running [topoaa] module
[2026-02-13 12:02:52,197 __init__ INFO] [topoaa] Molecule 1: receptor_single_Neg_GTTGCTTTCACCACAA-1_contig_1_1.pdb
[2026-02-13 12:02:52,199 __init__ INFO] [topoaa] Sanitizing molecule receptor_single_Neg_GTTGCTTTCACCACAA-1_contig_1_1.pdb
[2026-02-13 12:02:52,206 __init__ INFO] [topoaa] Topology CNS input created
[2026-02-13 12:02:52,206 __init__ INFO] [topoaa] Molecule 2: ligand_single_Neg_GTTGCTTTCACCACAA-1_contig_1_1.pdb
[2026-02-13 12:02:52,207 __init__ INFO] [topoaa] Sanitizing molecule ligand_single_Neg_GTTGCTTTCACCACAA-1_contig_1_1.pdb
[2026-02-13 12:02:52,213 __init__ INFO] [topoaa] Topology CNS input created
[2026-02-13 12:02:52,213 __init__ INFO] [topoaa] Running CNS Jobs n=2
[2026-02-13 12:02:52,213 libutil INFO] Selected 2 cores to process 2 jobs, with 32 maximum available cores.
[2026-02-13 12:02:52,214 libparallel INFO] Using 2 cores
[2026-02-13 12:02:55,450 libparallel INFO] 2 tasks finished
[2026-02-13 12:02:55,451 __init__ INFO] [topoaa] CNS jobs have finished
[2026-02-13 12:02:55,453 base_cns_module INFO] Module [topoaa] finished.
[2026-02-13 12:02:55,453 __init__ INFO] [topoaa] took 3 seconds
[2026-02-13 12:02:55,791 base_cns_module INFO] Running [rigidbody] module
[2026-02-13 12:02:55,792 __init__ INFO] [rigidbody] crossdock=true
[2026-02-13 12:02:55,792 __init__ INFO] [rigidbody] Preparing jobs...
[2026-02-13 12:02:55,794 libutil INFO] Selected 20 cores to process 20 jobs, with 32 maximum available cores.
[2026-02-13 12:02:55,794 libparallel INFO] Using 20 cores
[2026-02-13 12:02:55,819 libparallel INFO] 20 tasks finished
[2026-02-13 12:02:55,820 __init__ INFO] [rigidbody] Preparation took 0.027886 seconds
[2026-02-13 12:02:55,820 __init__ INFO] [rigidbody] Running CNS Jobs n=20
[2026-02-13 12:02:55,820 libutil INFO] Selected 20 cores to process 20 jobs, with 32 maximum available cores.
[2026-02-13 12:02:55,821 libparallel INFO] Using 20 cores
[2026-02-13 12:03:06,275 libparallel INFO] 20 tasks finished
[2026-02-13 12:03:06,275 __init__ INFO] [rigidbody] CNS jobs have finished
[2026-02-13 12:03:06,305 base_cns_module INFO] Module [rigidbody] finished.
[2026-02-13 12:03:06,305 __init__ INFO] [rigidbody] took 11 seconds
[2026-02-13 12:03:06,680 base_cns_module INFO] Running [flexref] module
[2026-02-13 12:03:06,737 __init__ INFO] [flexref] Running CNS Jobs n=20
[2026-02-13 12:03:06,738 libutil INFO] Selected 20 cores to process 20 jobs, with 32 maximum available cores.
[2026-02-13 12:03:06,738 libparallel INFO] Using 20 cores
[2026-02-13 12:04:40,884 libparallel INFO] 20 tasks finished
[2026-02-13 12:04:40,885 __init__ INFO] [flexref] CNS jobs have finished
[2026-02-13 12:04:40,921 base_cns_module INFO] Module [flexref] finished.
[2026-02-13 12:04:40,921 __init__ INFO] [flexref] took 1 minute and 34 seconds
[2026-02-13 12:04:41,262 base_cns_module INFO] Running [emref] module
[2026-02-13 12:04:41,318 __init__ INFO] [emref] Running CNS Jobs n=20
[2026-02-13 12:04:41,318 libutil INFO] Selected 20 cores to process 20 jobs, with 32 maximum available cores.
[2026-02-13 12:04:41,318 libparallel INFO] Using 20 cores
[2026-02-13 12:04:48,815 libparallel INFO] 20 tasks finished
[2026-02-13 12:04:48,816 __init__ INFO] [emref] CNS jobs have finished
[2026-02-13 12:04:48,844 base_cns_module INFO] Module [emref] finished.
[2026-02-13 12:04:48,844 __init__ INFO] [emref] took 8 seconds
[2026-02-13 12:04:48,844 cli_analyse INFO] Running haddock3-analyse on ./, modules [], with top_cluster = 10
[2026-02-13 12:04:48,851 cli_analyse INFO] Created directory: /mnt/Data/PopOS/Data_Ana/Wu/clawdPorjects/HADDOCK_test/results/run_Neg_GTTGCTTTCACCACAA-1_contig_1_1/analysis
[2026-02-13 12:04:48,851 cli_analyse INFO] Reading input run directory
[2026-02-13 12:04:48,851 cli_analyse INFO] selected steps: 0_topoaa, 1_rigidbody, 2_flexref, 3_emref
[2026-02-13 12:04:48,851 cli_analyse INFO] Analysing step 0_topoaa
[2026-02-13 12:04:48,851 cli_analyse WARNING] Could not execute the analysis for step 0_topoaa. The following error occurred 'dict' object has no attribute 'rel_path'
[2026-02-13 12:04:48,851 cli_analyse INFO] Analysing step 1_rigidbody
[2026-02-13 12:04:48,853 cli_unpack INFO] Unpacking '../1_rigidbody' folder
[2026-02-13 12:04:48,853 libtimer INFO] unpacking took 0 seconds
[2026-02-13 12:04:48,866 capri INFO] Found previous CNS step: 1_rigidbody
[2026-02-13 12:04:48,974 capri INFO] Saved scoring weights to: weights_params.json
[2026-02-13 12:04:48,974 __init__ INFO] [caprieval] No reference structure provided. Using the structure with the lowest score from previous step
[2026-02-13 12:04:49,059 libutil INFO] Selected 20 cores to process 20 jobs, with 32 maximum available cores.
[2026-02-13 12:04:49,060 libparallel INFO] Using 20 cores
[2026-02-13 12:04:49,486 libparallel INFO] 20 tasks finished
[2026-02-13 12:04:49,487 capri INFO] Rearranging cluster information into capri_clt.tsv
[2026-02-13 12:04:49,493 cli_clean INFO] Compressing '../1_rigidbody' folder
[2026-02-13 12:04:49,493 clean_steps INFO] Cleaning output for '../1_rigidbody' using 20 cores.
[2026-02-13 12:04:49,621 libtimer INFO] compressing took 0 seconds
[2026-02-13 12:04:49,622 cli_analyse INFO] CAPRI files identified
[2026-02-13 12:04:49,625 cli_analyse INFO] Plotting results..
[2026-02-13 12:04:50,836 cli_analyse INFO] Summary archive summary.tgz created!
[2026-02-13 12:04:50,836 cli_analyse INFO] Analysing step 2_flexref
[2026-02-13 12:04:50,839 cli_unpack INFO] Unpacking '../2_flexref' folder
[2026-02-13 12:04:50,839 libtimer INFO] unpacking took 0 seconds
[2026-02-13 12:04:50,852 capri INFO] Found previous CNS step: 2_flexref
[2026-02-13 12:04:51,101 capri INFO] Saved scoring weights to: weights_params.json
[2026-02-13 12:04:51,102 __init__ INFO] [caprieval] No reference structure provided. Using the structure with the lowest score from previous step
[2026-02-13 12:04:51,189 libutil INFO] Selected 20 cores to process 20 jobs, with 32 maximum available cores.
[2026-02-13 12:04:51,189 libparallel INFO] Using 20 cores
[2026-02-13 12:04:51,630 libparallel INFO] 20 tasks finished
[2026-02-13 12:04:51,631 capri INFO] Rearranging cluster information into capri_clt.tsv
[2026-02-13 12:04:51,636 cli_clean INFO] Compressing '../2_flexref' folder
[2026-02-13 12:04:51,636 clean_steps INFO] Cleaning output for '../2_flexref' using 20 cores.
[2026-02-13 12:04:51,765 libtimer INFO] compressing took 0 seconds
[2026-02-13 12:04:51,765 cli_analyse INFO] CAPRI files identified
[2026-02-13 12:04:51,768 cli_analyse INFO] Plotting results..
[2026-02-13 12:04:52,871 cli_analyse INFO] Summary archive summary.tgz created!
[2026-02-13 12:04:52,871 cli_analyse INFO] Analysing step 3_emref
[2026-02-13 12:04:52,874 cli_unpack INFO] Unpacking '../3_emref' folder
[2026-02-13 12:04:52,874 libtimer INFO] unpacking took 0 seconds
[2026-02-13 12:04:52,887 capri INFO] Found previous CNS step: 3_emref
[2026-02-13 12:04:52,989 capri INFO] Saved scoring weights to: weights_params.json
[2026-02-13 12:04:52,989 __init__ INFO] [caprieval] No reference structure provided. Using the structure with the lowest score from previous step
[2026-02-13 12:04:53,072 libutil INFO] Selected 20 cores to process 20 jobs, with 32 maximum available cores.
[2026-02-13 12:04:53,073 libparallel INFO] Using 20 cores
[2026-02-13 12:04:53,458 libparallel INFO] 20 tasks finished
[2026-02-13 12:04:53,460 capri INFO] Rearranging cluster information into capri_clt.tsv
[2026-02-13 12:04:53,468 cli_clean INFO] Compressing '../3_emref' folder
[2026-02-13 12:04:53,468 clean_steps INFO] Cleaning output for '../3_emref' using 20 cores.
[2026-02-13 12:04:53,589 libtimer INFO] compressing took 0 seconds
[2026-02-13 12:04:53,589 cli_analyse INFO] CAPRI files identified
[2026-02-13 12:04:53,591 cli_analyse INFO] Plotting results..
[2026-02-13 12:04:54,697 cli_analyse INFO] Summary archive summary.tgz created!
[2026-02-13 12:04:54,697 cli_analyse INFO] moving files to analysis folder
[2026-02-13 12:04:54,697 cli_analyse INFO] cancelling unsuccesful analysis folders
[2026-02-13 12:04:54,698 cli_analyse INFO] updating paths in analysis/1_rigidbody_analysis/capri_ss.tsv
[2026-02-13 12:04:54,698 cli_analyse INFO] View the results in analysis/1_rigidbody_analysis/report.html
[2026-02-13 12:04:54,698 cli_analyse INFO] To view structures or download the structure files, in a terminal run the command `python -m http.server --directory /mnt/Data/PopOS/Data_Ana/Wu/clawdPorjects/HADDOCK_test/results/run_Neg_GTTGCTTTCACCACAA-1_contig_1_1`. By default, http server runs on `http://0.0.0.0:8000/`. Open the link http://0.0.0.0:8000/analysis/1_rigidbody_analysis/report.html in a web browser.
[2026-02-13 12:04:54,698 cli_analyse INFO] updating paths in analysis/2_flexref_analysis/capri_ss.tsv
[2026-02-13 12:04:54,698 cli_analyse INFO] View the results in analysis/2_flexref_analysis/report.html
[2026-02-13 12:04:54,698 cli_analyse INFO] To view structures or download the structure files, in a terminal run the command `python -m http.server --directory /mnt/Data/PopOS/Data_Ana/Wu/clawdPorjects/HADDOCK_test/results/run_Neg_GTTGCTTTCACCACAA-1_contig_1_1`. By default, http server runs on `http://0.0.0.0:8000/`. Open the link http://0.0.0.0:8000/analysis/2_flexref_analysis/report.html in a web browser.
[2026-02-13 12:04:54,698 cli_analyse INFO] updating paths in analysis/3_emref_analysis/capri_ss.tsv
[2026-02-13 12:04:54,698 cli_analyse INFO] View the results in analysis/3_emref_analysis/report.html
[2026-02-13 12:04:54,698 cli_analyse INFO] To view structures or download the structure files, in a terminal run the command `python -m http.server --directory /mnt/Data/PopOS/Data_Ana/Wu/clawdPorjects/HADDOCK_test/results/run_Neg_GTTGCTTTCACCACAA-1_contig_1_1`. By default, http server runs on `http://0.0.0.0:8000/`. Open the link http://0.0.0.0:8000/analysis/3_emref_analysis/report.html in a web browser.
[2026-02-13 12:04:54,698 cli_traceback INFO] Running haddock3-traceback on ./
[2026-02-13 12:04:54,698 cli_traceback INFO] Reading input run directory
[2026-02-13 12:04:54,698 cli_traceback INFO] All_steps: 0_topoaa, 1_rigidbody, 2_flexref, 3_emref
[2026-02-13 12:04:54,699 cli_traceback INFO] Modules not to be analysed: 0_topoaa
[2026-02-13 12:04:54,699 cli_traceback INFO] Steps to trace back: 1_rigidbody, 2_flexref, 3_emref
[2026-02-13 12:04:54,699 cli_traceback INFO] Created directory: /mnt/Data/PopOS/Data_Ana/Wu/clawdPorjects/HADDOCK_test/results/run_Neg_GTTGCTTTCACCACAA-1_contig_1_1/traceback
[2026-02-13 12:04:54,699 cli_traceback INFO] Tracing back step 3_emref
[2026-02-13 12:04:54,701 cli_traceback INFO] Tracing back step 2_flexref
[2026-02-13 12:04:54,703 cli_traceback INFO] Tracing back step 1_rigidbody
[2026-02-13 12:04:54,707 cli_traceback INFO] Output dataframe traceback/traceback.tsv created with shape (20, 8)
[2026-02-13 12:04:54,734 clean_steps INFO] Cleaning output for '0_topoaa' using 20 cores.
[2026-02-13 12:04:54,878 libtimer INFO] cleaning output files took 0 seconds
[2026-02-13 12:04:54,878 clean_steps INFO] Cleaning output for '1_rigidbody' using 20 cores.
[2026-02-13 12:04:54,889 libtimer INFO] cleaning output files took 0 seconds
[2026-02-13 12:04:54,890 clean_steps INFO] Cleaning output for '2_flexref' using 20 cores.
[2026-02-13 12:04:54,906 libtimer INFO] cleaning output files took 0 seconds
[2026-02-13 12:04:54,907 clean_steps INFO] Cleaning output for '3_emref' using 20 cores.
[2026-02-13 12:04:54,934 libtimer INFO] cleaning output files took 0 seconds
[2026-02-13 12:04:54,934 cli INFO] This HADDOCK3 run took: 2 minutes and 6 seconds
[2026-02-13 12:04:54,934 greetings INFO] Your feedback matters in Haddock3! Share your experience and help us grow:
[2026-02-13 12:04:54,934 greetings INFO] GitHub issues: https://github.com/haddocking/haddock3/issues
[2026-02-13 12:04:54,934 greetings INFO] BioExcel feedback: https://www.bonvinlab.org/feedback
[2026-02-13 12:04:54,934 greetings INFO] BioExcel forum: https://ask.bioexcel.eu/c/haddock/6
[2026-02-13 12:04:54,934 cli INFO] Finished at 13/02/2026 12:04:54. La revedere! Tot ziens! Au revoir!
