[2026-02-06 11:00:08,001 cli INFO] 
##############################################
#                                            #
#                 HADDOCK3                   #
#                                            #
##############################################

!! Some of the HADDOCK3 components use CNS (Crystallographic and NMR System) which is free of use for non-profit applications. !!
!! For commercial use it is your own responsibility to have a proper license. !!
!! For details refer to the DISCLAIMER file in the HADDOCK3 repository. !!

Starting HADDOCK3 v2024.10.0b7 on 2026-02-06 11:00:00

Python 3.10.12 (main, Feb  4 2025, 14:57:36) [GCC 11.4.0]

[2026-02-06 11:00:11,658 libworkflow INFO] Reading instructions step 0_topoaa
[2026-02-06 11:00:11,659 libworkflow INFO] Reading instructions step 1_rigidbody
[2026-02-06 11:00:11,659 libworkflow INFO] Reading instructions step 2_flexref
[2026-02-06 11:00:11,659 libworkflow INFO] Reading instructions step 3_emref
[2026-02-06 11:00:11,672 base_cns_module INFO] Running [topoaa] module
[2026-02-06 11:00:11,673 __init__ INFO] [topoaa] Molecule 1: receptor_single_9BLL_Epi.pdb
[2026-02-06 11:00:11,673 __init__ INFO] [topoaa] Sanitizing molecule receptor_single_9BLL_Epi.pdb
[2026-02-06 11:00:11,676 __init__ INFO] [topoaa] Topology CNS input created
[2026-02-06 11:00:11,676 __init__ INFO] [topoaa] Molecule 2: ligand_single_9BLL_Epi.pdb
[2026-02-06 11:00:11,677 __init__ INFO] [topoaa] Sanitizing molecule ligand_single_9BLL_Epi.pdb
[2026-02-06 11:00:11,680 __init__ INFO] [topoaa] Topology CNS input created
[2026-02-06 11:00:11,680 __init__ INFO] [topoaa] Running CNS Jobs n=2
[2026-02-06 11:00:11,680 libutil INFO] Selected 2 cores to process 2 jobs, with 32 maximum available cores.
[2026-02-06 11:00:11,682 libparallel INFO] Using 2 cores
[2026-02-06 11:00:12,576 libparallel INFO] 2 tasks finished
[2026-02-06 11:00:12,576 __init__ INFO] [topoaa] CNS jobs have finished
[2026-02-06 11:00:12,578 base_cns_module INFO] Module [topoaa] finished.
[2026-02-06 11:00:12,578 __init__ INFO] [topoaa] took 1 seconds
[2026-02-06 11:00:12,914 base_cns_module INFO] Running [rigidbody] module
[2026-02-06 11:00:12,914 __init__ INFO] [rigidbody] crossdock=true
[2026-02-06 11:00:12,915 __init__ INFO] [rigidbody] Preparing jobs...
[2026-02-06 11:00:12,916 libutil INFO] Selected 20 cores to process 20 jobs, with 32 maximum available cores.
[2026-02-06 11:00:12,916 libparallel INFO] Using 20 cores
[2026-02-06 11:00:12,941 libparallel INFO] 20 tasks finished
[2026-02-06 11:00:12,942 __init__ INFO] [rigidbody] Preparation took 0.027297 seconds
[2026-02-06 11:00:12,943 __init__ INFO] [rigidbody] Running CNS Jobs n=20
[2026-02-06 11:00:12,943 libutil INFO] Selected 20 cores to process 20 jobs, with 32 maximum available cores.
[2026-02-06 11:00:12,943 libparallel INFO] Using 20 cores
[2026-02-06 11:00:18,401 libparallel INFO] 20 tasks finished
[2026-02-06 11:00:18,401 __init__ INFO] [rigidbody] CNS jobs have finished
[2026-02-06 11:00:18,418 base_cns_module INFO] Module [rigidbody] finished.
[2026-02-06 11:00:18,419 __init__ INFO] [rigidbody] took 6 seconds
[2026-02-06 11:00:18,794 base_cns_module INFO] Running [flexref] module
[2026-02-06 11:00:18,833 __init__ INFO] [flexref] Running CNS Jobs n=20
[2026-02-06 11:00:18,833 libutil INFO] Selected 20 cores to process 20 jobs, with 32 maximum available cores.
[2026-02-06 11:00:18,833 libparallel INFO] Using 20 cores
[2026-02-06 11:01:09,876 libparallel INFO] 20 tasks finished
[2026-02-06 11:01:09,876 __init__ INFO] [flexref] CNS jobs have finished
[2026-02-06 11:01:09,896 base_cns_module INFO] Module [flexref] finished.
[2026-02-06 11:01:09,896 __init__ INFO] [flexref] took 51 seconds
[2026-02-06 11:01:10,238 base_cns_module INFO] Running [emref] module
[2026-02-06 11:01:10,276 __init__ INFO] [emref] Running CNS Jobs n=20
[2026-02-06 11:01:10,276 libutil INFO] Selected 20 cores to process 20 jobs, with 32 maximum available cores.
[2026-02-06 11:01:10,276 libparallel INFO] Using 20 cores
[2026-02-06 11:01:14,352 libparallel INFO] 20 tasks finished
[2026-02-06 11:01:14,353 __init__ INFO] [emref] CNS jobs have finished
[2026-02-06 11:01:14,372 base_cns_module INFO] Module [emref] finished.
[2026-02-06 11:01:14,372 __init__ INFO] [emref] took 4 seconds
[2026-02-06 11:01:14,372 cli_analyse INFO] Running haddock3-analyse on ./, modules [], with top_cluster = 10
[2026-02-06 11:01:14,379 cli_analyse INFO] Created directory: /mnt/Data/PopOS/Data_Ana/Wu/clawdPorjects/HADDOCK_test/results/run_9BLL_Epi/analysis
[2026-02-06 11:01:14,379 cli_analyse INFO] Reading input run directory
[2026-02-06 11:01:14,379 cli_analyse INFO] selected steps: 0_topoaa, 1_rigidbody, 2_flexref, 3_emref
[2026-02-06 11:01:14,379 cli_analyse INFO] Analysing step 0_topoaa
[2026-02-06 11:01:14,379 cli_analyse WARNING] Could not execute the analysis for step 0_topoaa. The following error occurred 'dict' object has no attribute 'rel_path'
[2026-02-06 11:01:14,379 cli_analyse INFO] Analysing step 1_rigidbody
[2026-02-06 11:01:14,381 cli_unpack INFO] Unpacking '../1_rigidbody' folder
[2026-02-06 11:01:14,381 libtimer INFO] unpacking took 0 seconds
[2026-02-06 11:01:14,394 capri INFO] Found previous CNS step: 1_rigidbody
[2026-02-06 11:01:14,502 capri INFO] Saved scoring weights to: weights_params.json
[2026-02-06 11:01:14,502 __init__ INFO] [caprieval] No reference structure provided. Using the structure with the lowest score from previous step
[2026-02-06 11:01:14,553 libutil INFO] Selected 20 cores to process 20 jobs, with 32 maximum available cores.
[2026-02-06 11:01:14,554 libparallel INFO] Using 20 cores
[2026-02-06 11:01:14,748 libparallel INFO] 20 tasks finished
[2026-02-06 11:01:14,749 capri INFO] Rearranging cluster information into capri_clt.tsv
[2026-02-06 11:01:14,752 cli_clean INFO] Compressing '../1_rigidbody' folder
[2026-02-06 11:01:14,753 clean_steps INFO] Cleaning output for '../1_rigidbody' using 20 cores.
[2026-02-06 11:01:14,843 libtimer INFO] compressing took 0 seconds
[2026-02-06 11:01:14,843 cli_analyse INFO] CAPRI files identified
[2026-02-06 11:01:14,845 cli_analyse INFO] Plotting results..
[2026-02-06 11:01:15,848 cli_analyse INFO] Summary archive summary.tgz created!
[2026-02-06 11:01:15,848 cli_analyse INFO] Analysing step 2_flexref
[2026-02-06 11:01:15,850 cli_unpack INFO] Unpacking '../2_flexref' folder
[2026-02-06 11:01:15,850 libtimer INFO] unpacking took 0 seconds
[2026-02-06 11:01:15,863 capri INFO] Found previous CNS step: 2_flexref
[2026-02-06 11:01:16,101 capri INFO] Saved scoring weights to: weights_params.json
[2026-02-06 11:01:16,101 __init__ INFO] [caprieval] No reference structure provided. Using the structure with the lowest score from previous step
[2026-02-06 11:01:16,152 libutil INFO] Selected 20 cores to process 20 jobs, with 32 maximum available cores.
[2026-02-06 11:01:16,153 libparallel INFO] Using 20 cores
[2026-02-06 11:01:16,369 libparallel INFO] 20 tasks finished
[2026-02-06 11:01:16,370 capri INFO] Rearranging cluster information into capri_clt.tsv
[2026-02-06 11:01:16,374 cli_clean INFO] Compressing '../2_flexref' folder
[2026-02-06 11:01:16,375 clean_steps INFO] Cleaning output for '../2_flexref' using 20 cores.
[2026-02-06 11:01:16,470 libtimer INFO] compressing took 0 seconds
[2026-02-06 11:01:16,471 cli_analyse INFO] CAPRI files identified
[2026-02-06 11:01:16,473 cli_analyse INFO] Plotting results..
[2026-02-06 11:01:17,366 cli_analyse INFO] Summary archive summary.tgz created!
[2026-02-06 11:01:17,366 cli_analyse INFO] Analysing step 3_emref
[2026-02-06 11:01:17,368 cli_unpack INFO] Unpacking '../3_emref' folder
[2026-02-06 11:01:17,368 libtimer INFO] unpacking took 0 seconds
[2026-02-06 11:01:17,382 capri INFO] Found previous CNS step: 3_emref
[2026-02-06 11:01:17,483 capri INFO] Saved scoring weights to: weights_params.json
[2026-02-06 11:01:17,484 __init__ INFO] [caprieval] No reference structure provided. Using the structure with the lowest score from previous step
[2026-02-06 11:01:17,535 libutil INFO] Selected 20 cores to process 20 jobs, with 32 maximum available cores.
[2026-02-06 11:01:17,535 libparallel INFO] Using 20 cores
[2026-02-06 11:01:17,754 libparallel INFO] 20 tasks finished
[2026-02-06 11:01:17,754 capri INFO] Rearranging cluster information into capri_clt.tsv
[2026-02-06 11:01:17,759 cli_clean INFO] Compressing '../3_emref' folder
[2026-02-06 11:01:17,759 clean_steps INFO] Cleaning output for '../3_emref' using 20 cores.
[2026-02-06 11:01:17,850 libtimer INFO] compressing took 0 seconds
[2026-02-06 11:01:17,850 cli_analyse INFO] CAPRI files identified
[2026-02-06 11:01:17,852 cli_analyse INFO] Plotting results..
[2026-02-06 11:01:18,745 cli_analyse INFO] Summary archive summary.tgz created!
[2026-02-06 11:01:18,745 cli_analyse INFO] moving files to analysis folder
[2026-02-06 11:01:18,746 cli_analyse INFO] cancelling unsuccesful analysis folders
[2026-02-06 11:01:18,746 cli_analyse INFO] updating paths in analysis/1_rigidbody_analysis/capri_ss.tsv
[2026-02-06 11:01:18,746 cli_analyse INFO] View the results in analysis/1_rigidbody_analysis/report.html
[2026-02-06 11:01:18,746 cli_analyse INFO] To view structures or download the structure files, in a terminal run the command `python -m http.server --directory /mnt/Data/PopOS/Data_Ana/Wu/clawdPorjects/HADDOCK_test/results/run_9BLL_Epi`. By default, http server runs on `http://0.0.0.0:8000/`. Open the link http://0.0.0.0:8000/analysis/1_rigidbody_analysis/report.html in a web browser.
[2026-02-06 11:01:18,746 cli_analyse INFO] updating paths in analysis/2_flexref_analysis/capri_ss.tsv
[2026-02-06 11:01:18,746 cli_analyse INFO] View the results in analysis/2_flexref_analysis/report.html
[2026-02-06 11:01:18,746 cli_analyse INFO] To view structures or download the structure files, in a terminal run the command `python -m http.server --directory /mnt/Data/PopOS/Data_Ana/Wu/clawdPorjects/HADDOCK_test/results/run_9BLL_Epi`. By default, http server runs on `http://0.0.0.0:8000/`. Open the link http://0.0.0.0:8000/analysis/2_flexref_analysis/report.html in a web browser.
[2026-02-06 11:01:18,746 cli_analyse INFO] updating paths in analysis/3_emref_analysis/capri_ss.tsv
[2026-02-06 11:01:18,746 cli_analyse INFO] View the results in analysis/3_emref_analysis/report.html
[2026-02-06 11:01:18,746 cli_analyse INFO] To view structures or download the structure files, in a terminal run the command `python -m http.server --directory /mnt/Data/PopOS/Data_Ana/Wu/clawdPorjects/HADDOCK_test/results/run_9BLL_Epi`. By default, http server runs on `http://0.0.0.0:8000/`. Open the link http://0.0.0.0:8000/analysis/3_emref_analysis/report.html in a web browser.
[2026-02-06 11:01:18,746 cli_traceback INFO] Running haddock3-traceback on ./
[2026-02-06 11:01:18,746 cli_traceback INFO] Reading input run directory
[2026-02-06 11:01:18,746 cli_traceback INFO] All_steps: 0_topoaa, 1_rigidbody, 2_flexref, 3_emref
[2026-02-06 11:01:18,747 cli_traceback INFO] Modules not to be analysed: 0_topoaa
[2026-02-06 11:01:18,747 cli_traceback INFO] Steps to trace back: 1_rigidbody, 2_flexref, 3_emref
[2026-02-06 11:01:18,747 cli_traceback INFO] Created directory: /mnt/Data/PopOS/Data_Ana/Wu/clawdPorjects/HADDOCK_test/results/run_9BLL_Epi/traceback
[2026-02-06 11:01:18,747 cli_traceback INFO] Tracing back step 3_emref
[2026-02-06 11:01:18,749 cli_traceback INFO] Tracing back step 2_flexref
[2026-02-06 11:01:18,751 cli_traceback INFO] Tracing back step 1_rigidbody
[2026-02-06 11:01:18,755 cli_traceback INFO] Output dataframe traceback/traceback.tsv created with shape (20, 8)
[2026-02-06 11:01:18,781 clean_steps INFO] Cleaning output for '0_topoaa' using 20 cores.
[2026-02-06 11:01:18,871 libtimer INFO] cleaning output files took 0 seconds
[2026-02-06 11:01:18,871 clean_steps INFO] Cleaning output for '1_rigidbody' using 20 cores.
[2026-02-06 11:01:18,879 libtimer INFO] cleaning output files took 0 seconds
[2026-02-06 11:01:18,879 clean_steps INFO] Cleaning output for '2_flexref' using 20 cores.
[2026-02-06 11:01:18,887 libtimer INFO] cleaning output files took 0 seconds
[2026-02-06 11:01:18,887 clean_steps INFO] Cleaning output for '3_emref' using 20 cores.
[2026-02-06 11:01:18,899 libtimer INFO] cleaning output files took 0 seconds
[2026-02-06 11:01:18,899 cli INFO] This HADDOCK3 run took: 1 minute and 11 seconds
[2026-02-06 11:01:18,899 greetings INFO] Your feedback matters in Haddock3! Share your experience and help us grow:
[2026-02-06 11:01:18,900 greetings INFO] GitHub issues: https://github.com/haddocking/haddock3/issues
[2026-02-06 11:01:18,900 greetings INFO] BioExcel feedback: https://www.bonvinlab.org/feedback
[2026-02-06 11:01:18,900 greetings INFO] BioExcel forum: https://ask.bioexcel.eu/c/haddock/6
[2026-02-06 11:01:18,900 cli INFO] Finished at 06/02/2026 11:01:18. 再见! Até logo! Agur!
