[2026-02-06 04:17:36,150 cli INFO] 
##############################################
#                                            #
#                 HADDOCK3                   #
#                                            #
##############################################

!! Some of the HADDOCK3 components use CNS (Crystallographic and NMR System) which is free of use for non-profit applications. !!
!! For commercial use it is your own responsibility to have a proper license. !!
!! For details refer to the DISCLAIMER file in the HADDOCK3 repository. !!

Starting HADDOCK3 v2024.10.0b7 on 2026-02-06 04:17:00

Python 3.10.12 (main, Feb  4 2025, 14:57:36) [GCC 11.4.0]

[2026-02-06 04:17:39,886 libworkflow INFO] Reading instructions step 0_topoaa
[2026-02-06 04:17:39,886 libworkflow INFO] Reading instructions step 1_rigidbody
[2026-02-06 04:17:39,887 libworkflow INFO] Reading instructions step 2_flexref
[2026-02-06 04:17:39,887 libworkflow INFO] Reading instructions step 3_emref
[2026-02-06 04:17:39,901 base_cns_module INFO] Running [topoaa] module
[2026-02-06 04:17:39,901 __init__ INFO] [topoaa] Molecule 1: receptor_single_8IUZ_Epi.pdb
[2026-02-06 04:17:39,902 __init__ INFO] [topoaa] Sanitizing molecule receptor_single_8IUZ_Epi.pdb
[2026-02-06 04:17:39,909 __init__ INFO] [topoaa] Topology CNS input created
[2026-02-06 04:17:39,909 __init__ INFO] [topoaa] Molecule 2: ligand_single_8IUZ_Epi.pdb
[2026-02-06 04:17:39,910 __init__ INFO] [topoaa] Sanitizing molecule ligand_single_8IUZ_Epi.pdb
[2026-02-06 04:17:39,913 __init__ INFO] [topoaa] Topology CNS input created
[2026-02-06 04:17:39,913 __init__ INFO] [topoaa] Running CNS Jobs n=2
[2026-02-06 04:17:39,913 libutil INFO] Selected 2 cores to process 2 jobs, with 32 maximum available cores.
[2026-02-06 04:17:39,914 libparallel INFO] Using 2 cores
[2026-02-06 04:17:42,978 libparallel INFO] 2 tasks finished
[2026-02-06 04:17:42,978 __init__ INFO] [topoaa] CNS jobs have finished
[2026-02-06 04:17:42,980 base_cns_module INFO] Module [topoaa] finished.
[2026-02-06 04:17:42,980 __init__ INFO] [topoaa] took 3 seconds
[2026-02-06 04:17:43,331 base_cns_module INFO] Running [rigidbody] module
[2026-02-06 04:17:43,331 __init__ INFO] [rigidbody] crossdock=true
[2026-02-06 04:17:43,331 __init__ INFO] [rigidbody] Preparing jobs...
[2026-02-06 04:17:43,333 libutil INFO] Selected 20 cores to process 20 jobs, with 32 maximum available cores.
[2026-02-06 04:17:43,333 libparallel INFO] Using 20 cores
[2026-02-06 04:17:43,360 libparallel INFO] 20 tasks finished
[2026-02-06 04:17:43,361 __init__ INFO] [rigidbody] Preparation took 0.029744 seconds
[2026-02-06 04:17:43,362 __init__ INFO] [rigidbody] Running CNS Jobs n=20
[2026-02-06 04:17:43,362 libutil INFO] Selected 20 cores to process 20 jobs, with 32 maximum available cores.
[2026-02-06 04:17:43,363 libparallel INFO] Using 20 cores
[2026-02-06 04:17:52,963 libparallel INFO] 20 tasks finished
[2026-02-06 04:17:52,963 __init__ INFO] [rigidbody] CNS jobs have finished
[2026-02-06 04:17:52,988 base_cns_module INFO] Module [rigidbody] finished.
[2026-02-06 04:17:52,988 __init__ INFO] [rigidbody] took 10 seconds
[2026-02-06 04:17:53,372 base_cns_module INFO] Running [flexref] module
[2026-02-06 04:17:53,430 __init__ INFO] [flexref] Running CNS Jobs n=20
[2026-02-06 04:17:53,430 libutil INFO] Selected 20 cores to process 20 jobs, with 32 maximum available cores.
[2026-02-06 04:17:53,430 libparallel INFO] Using 20 cores
[2026-02-06 04:19:22,876 libparallel INFO] 20 tasks finished
[2026-02-06 04:19:22,877 __init__ INFO] [flexref] CNS jobs have finished
[2026-02-06 04:19:22,904 base_cns_module INFO] Module [flexref] finished.
[2026-02-06 04:19:22,904 __init__ INFO] [flexref] took 1 minute and 30 seconds
[2026-02-06 04:19:23,252 base_cns_module INFO] Running [emref] module
[2026-02-06 04:19:23,309 __init__ INFO] [emref] Running CNS Jobs n=20
[2026-02-06 04:19:23,309 libutil INFO] Selected 20 cores to process 20 jobs, with 32 maximum available cores.
[2026-02-06 04:19:23,309 libparallel INFO] Using 20 cores
[2026-02-06 04:19:29,940 libparallel INFO] 20 tasks finished
[2026-02-06 04:19:29,940 __init__ INFO] [emref] CNS jobs have finished
[2026-02-06 04:19:29,970 base_cns_module INFO] Module [emref] finished.
[2026-02-06 04:19:29,970 __init__ INFO] [emref] took 7 seconds
[2026-02-06 04:19:29,970 cli_analyse INFO] Running haddock3-analyse on ./, modules [], with top_cluster = 10
[2026-02-06 04:19:29,977 cli_analyse INFO] Created directory: /mnt/Data/PopOS/Data_Ana/Wu/clawdPorjects/HADDOCK_test/results/run_8IUZ_Epi/analysis
[2026-02-06 04:19:29,977 cli_analyse INFO] Reading input run directory
[2026-02-06 04:19:29,977 cli_analyse INFO] selected steps: 0_topoaa, 1_rigidbody, 2_flexref, 3_emref
[2026-02-06 04:19:29,977 cli_analyse INFO] Analysing step 0_topoaa
[2026-02-06 04:19:29,978 cli_analyse WARNING] Could not execute the analysis for step 0_topoaa. The following error occurred 'dict' object has no attribute 'rel_path'
[2026-02-06 04:19:29,978 cli_analyse INFO] Analysing step 1_rigidbody
[2026-02-06 04:19:29,979 cli_unpack INFO] Unpacking '../1_rigidbody' folder
[2026-02-06 04:19:29,979 libtimer INFO] unpacking took 0 seconds
[2026-02-06 04:19:29,993 capri INFO] Found previous CNS step: 1_rigidbody
[2026-02-06 04:19:30,101 capri INFO] Saved scoring weights to: weights_params.json
[2026-02-06 04:19:30,101 __init__ INFO] [caprieval] No reference structure provided. Using the structure with the lowest score from previous step
[2026-02-06 04:19:30,184 libutil INFO] Selected 20 cores to process 20 jobs, with 32 maximum available cores.
[2026-02-06 04:19:30,184 libparallel INFO] Using 20 cores
[2026-02-06 04:19:30,615 libparallel INFO] 20 tasks finished
[2026-02-06 04:19:30,616 capri INFO] Rearranging cluster information into capri_clt.tsv
[2026-02-06 04:19:30,620 cli_clean INFO] Compressing '../1_rigidbody' folder
[2026-02-06 04:19:30,621 clean_steps INFO] Cleaning output for '../1_rigidbody' using 20 cores.
[2026-02-06 04:19:30,742 libtimer INFO] compressing took 0 seconds
[2026-02-06 04:19:30,742 cli_analyse INFO] CAPRI files identified
[2026-02-06 04:19:30,744 cli_analyse INFO] Plotting results..
[2026-02-06 04:19:31,965 cli_analyse INFO] Summary archive summary.tgz created!
[2026-02-06 04:19:31,965 cli_analyse INFO] Analysing step 2_flexref
[2026-02-06 04:19:31,967 cli_unpack INFO] Unpacking '../2_flexref' folder
[2026-02-06 04:19:31,968 libtimer INFO] unpacking took 0 seconds
[2026-02-06 04:19:31,981 capri INFO] Found previous CNS step: 2_flexref
[2026-02-06 04:19:32,219 capri INFO] Saved scoring weights to: weights_params.json
[2026-02-06 04:19:32,219 __init__ INFO] [caprieval] No reference structure provided. Using the structure with the lowest score from previous step
[2026-02-06 04:19:32,303 libutil INFO] Selected 20 cores to process 20 jobs, with 32 maximum available cores.
[2026-02-06 04:19:32,304 libparallel INFO] Using 20 cores
[2026-02-06 04:19:32,687 libparallel INFO] 20 tasks finished
[2026-02-06 04:19:32,688 capri INFO] Rearranging cluster information into capri_clt.tsv
[2026-02-06 04:19:32,692 cli_clean INFO] Compressing '../2_flexref' folder
[2026-02-06 04:19:32,692 clean_steps INFO] Cleaning output for '../2_flexref' using 20 cores.
[2026-02-06 04:19:32,820 libtimer INFO] compressing took 0 seconds
[2026-02-06 04:19:32,821 cli_analyse INFO] CAPRI files identified
[2026-02-06 04:19:32,823 cli_analyse INFO] Plotting results..
[2026-02-06 04:19:33,918 cli_analyse INFO] Summary archive summary.tgz created!
[2026-02-06 04:19:33,918 cli_analyse INFO] Analysing step 3_emref
[2026-02-06 04:19:33,920 cli_unpack INFO] Unpacking '../3_emref' folder
[2026-02-06 04:19:33,920 libtimer INFO] unpacking took 0 seconds
[2026-02-06 04:19:33,934 capri INFO] Found previous CNS step: 3_emref
[2026-02-06 04:19:34,035 capri INFO] Saved scoring weights to: weights_params.json
[2026-02-06 04:19:34,035 __init__ INFO] [caprieval] No reference structure provided. Using the structure with the lowest score from previous step
[2026-02-06 04:19:34,119 libutil INFO] Selected 20 cores to process 20 jobs, with 32 maximum available cores.
[2026-02-06 04:19:34,119 libparallel INFO] Using 20 cores
[2026-02-06 04:19:34,518 libparallel INFO] 20 tasks finished
[2026-02-06 04:19:34,519 capri INFO] Rearranging cluster information into capri_clt.tsv
[2026-02-06 04:19:34,524 cli_clean INFO] Compressing '../3_emref' folder
[2026-02-06 04:19:34,524 clean_steps INFO] Cleaning output for '../3_emref' using 20 cores.
[2026-02-06 04:19:34,645 libtimer INFO] compressing took 0 seconds
[2026-02-06 04:19:34,645 cli_analyse INFO] CAPRI files identified
[2026-02-06 04:19:34,647 cli_analyse INFO] Plotting results..
[2026-02-06 04:19:35,755 cli_analyse INFO] Summary archive summary.tgz created!
[2026-02-06 04:19:35,755 cli_analyse INFO] moving files to analysis folder
[2026-02-06 04:19:35,755 cli_analyse INFO] cancelling unsuccesful analysis folders
[2026-02-06 04:19:35,756 cli_analyse INFO] updating paths in analysis/1_rigidbody_analysis/capri_ss.tsv
[2026-02-06 04:19:35,756 cli_analyse INFO] View the results in analysis/1_rigidbody_analysis/report.html
[2026-02-06 04:19:35,756 cli_analyse INFO] To view structures or download the structure files, in a terminal run the command `python -m http.server --directory /mnt/Data/PopOS/Data_Ana/Wu/clawdPorjects/HADDOCK_test/results/run_8IUZ_Epi`. By default, http server runs on `http://0.0.0.0:8000/`. Open the link http://0.0.0.0:8000/analysis/1_rigidbody_analysis/report.html in a web browser.
[2026-02-06 04:19:35,756 cli_analyse INFO] updating paths in analysis/2_flexref_analysis/capri_ss.tsv
[2026-02-06 04:19:35,756 cli_analyse INFO] View the results in analysis/2_flexref_analysis/report.html
[2026-02-06 04:19:35,756 cli_analyse INFO] To view structures or download the structure files, in a terminal run the command `python -m http.server --directory /mnt/Data/PopOS/Data_Ana/Wu/clawdPorjects/HADDOCK_test/results/run_8IUZ_Epi`. By default, http server runs on `http://0.0.0.0:8000/`. Open the link http://0.0.0.0:8000/analysis/2_flexref_analysis/report.html in a web browser.
[2026-02-06 04:19:35,756 cli_analyse INFO] updating paths in analysis/3_emref_analysis/capri_ss.tsv
[2026-02-06 04:19:35,756 cli_analyse INFO] View the results in analysis/3_emref_analysis/report.html
[2026-02-06 04:19:35,756 cli_analyse INFO] To view structures or download the structure files, in a terminal run the command `python -m http.server --directory /mnt/Data/PopOS/Data_Ana/Wu/clawdPorjects/HADDOCK_test/results/run_8IUZ_Epi`. By default, http server runs on `http://0.0.0.0:8000/`. Open the link http://0.0.0.0:8000/analysis/3_emref_analysis/report.html in a web browser.
[2026-02-06 04:19:35,756 cli_traceback INFO] Running haddock3-traceback on ./
[2026-02-06 04:19:35,756 cli_traceback INFO] Reading input run directory
[2026-02-06 04:19:35,756 cli_traceback INFO] All_steps: 0_topoaa, 1_rigidbody, 2_flexref, 3_emref
[2026-02-06 04:19:35,757 cli_traceback INFO] Modules not to be analysed: 0_topoaa
[2026-02-06 04:19:35,757 cli_traceback INFO] Steps to trace back: 1_rigidbody, 2_flexref, 3_emref
[2026-02-06 04:19:35,757 cli_traceback INFO] Created directory: /mnt/Data/PopOS/Data_Ana/Wu/clawdPorjects/HADDOCK_test/results/run_8IUZ_Epi/traceback
[2026-02-06 04:19:35,757 cli_traceback INFO] Tracing back step 3_emref
[2026-02-06 04:19:35,759 cli_traceback INFO] Tracing back step 2_flexref
[2026-02-06 04:19:35,761 cli_traceback INFO] Tracing back step 1_rigidbody
[2026-02-06 04:19:35,765 cli_traceback INFO] Output dataframe traceback/traceback.tsv created with shape (20, 8)
[2026-02-06 04:19:35,791 clean_steps INFO] Cleaning output for '0_topoaa' using 20 cores.
[2026-02-06 04:19:35,931 libtimer INFO] cleaning output files took 0 seconds
[2026-02-06 04:19:35,931 clean_steps INFO] Cleaning output for '1_rigidbody' using 20 cores.
[2026-02-06 04:19:35,939 libtimer INFO] cleaning output files took 0 seconds
[2026-02-06 04:19:35,940 clean_steps INFO] Cleaning output for '2_flexref' using 20 cores.
[2026-02-06 04:19:35,950 libtimer INFO] cleaning output files took 0 seconds
[2026-02-06 04:19:35,950 clean_steps INFO] Cleaning output for '3_emref' using 20 cores.
[2026-02-06 04:19:35,975 libtimer INFO] cleaning output files took 0 seconds
[2026-02-06 04:19:35,976 cli INFO] This HADDOCK3 run took: 2 minutes and 0 seconds
[2026-02-06 04:19:35,976 greetings INFO] Your feedback matters in Haddock3! Share your experience and help us grow:
[2026-02-06 04:19:35,976 greetings INFO] GitHub issues: https://github.com/haddocking/haddock3/issues
[2026-02-06 04:19:35,976 greetings INFO] BioExcel feedback: https://www.bonvinlab.org/feedback
[2026-02-06 04:19:35,977 greetings INFO] BioExcel forum: https://ask.bioexcel.eu/c/haddock/6
[2026-02-06 04:19:35,977 cli INFO] Finished at 06/02/2026 04:19:35. Adéu-siau! Do pobachennya! Adiós!
