[2026-02-13 12:39:01,190 cli INFO] 
##############################################
#                                            #
#                 HADDOCK3                   #
#                                            #
##############################################

!! Some of the HADDOCK3 components use CNS (Crystallographic and NMR System) which is free of use for non-profit applications. !!
!! For commercial use it is your own responsibility to have a proper license. !!
!! For details refer to the DISCLAIMER file in the HADDOCK3 repository. !!

Starting HADDOCK3 v2024.10.0b7 on 2026-02-13 12:39:00

Python 3.10.12 (main, Feb  4 2025, 14:57:36) [GCC 11.4.0]

[2026-02-13 12:39:04,844 libworkflow INFO] Reading instructions step 0_topoaa
[2026-02-13 12:39:04,844 libworkflow INFO] Reading instructions step 1_rigidbody
[2026-02-13 12:39:04,844 libworkflow INFO] Reading instructions step 2_flexref
[2026-02-13 12:39:04,844 libworkflow INFO] Reading instructions step 3_emref
[2026-02-13 12:39:04,858 base_cns_module INFO] Running [topoaa] module
[2026-02-13 12:39:04,858 __init__ INFO] [topoaa] Molecule 1: receptor_single_Pos_ATGGGGCAGAATCTGT-1_contig_1_1.pdb
[2026-02-13 12:39:04,860 __init__ INFO] [topoaa] Sanitizing molecule receptor_single_Pos_ATGGGGCAGAATCTGT-1_contig_1_1.pdb
[2026-02-13 12:39:04,867 __init__ INFO] [topoaa] Topology CNS input created
[2026-02-13 12:39:04,867 __init__ INFO] [topoaa] Molecule 2: ligand_single_Pos_ATGGGGCAGAATCTGT-1_contig_1_1.pdb
[2026-02-13 12:39:04,868 __init__ INFO] [topoaa] Sanitizing molecule ligand_single_Pos_ATGGGGCAGAATCTGT-1_contig_1_1.pdb
[2026-02-13 12:39:04,874 __init__ INFO] [topoaa] Topology CNS input created
[2026-02-13 12:39:04,874 __init__ INFO] [topoaa] Running CNS Jobs n=2
[2026-02-13 12:39:04,874 libutil INFO] Selected 2 cores to process 2 jobs, with 32 maximum available cores.
[2026-02-13 12:39:04,875 libparallel INFO] Using 2 cores
[2026-02-13 12:39:08,113 libparallel INFO] 2 tasks finished
[2026-02-13 12:39:08,113 __init__ INFO] [topoaa] CNS jobs have finished
[2026-02-13 12:39:08,116 base_cns_module INFO] Module [topoaa] finished.
[2026-02-13 12:39:08,116 __init__ INFO] [topoaa] took 3 seconds
[2026-02-13 12:39:08,462 base_cns_module INFO] Running [rigidbody] module
[2026-02-13 12:39:08,462 __init__ INFO] [rigidbody] crossdock=true
[2026-02-13 12:39:08,462 __init__ INFO] [rigidbody] Preparing jobs...
[2026-02-13 12:39:08,464 libutil INFO] Selected 20 cores to process 20 jobs, with 32 maximum available cores.
[2026-02-13 12:39:08,465 libparallel INFO] Using 20 cores
[2026-02-13 12:39:08,493 libparallel INFO] 20 tasks finished
[2026-02-13 12:39:08,493 __init__ INFO] [rigidbody] Preparation took 0.030733 seconds
[2026-02-13 12:39:08,494 __init__ INFO] [rigidbody] Running CNS Jobs n=20
[2026-02-13 12:39:08,494 libutil INFO] Selected 20 cores to process 20 jobs, with 32 maximum available cores.
[2026-02-13 12:39:08,495 libparallel INFO] Using 20 cores
[2026-02-13 12:39:19,536 libparallel INFO] 20 tasks finished
[2026-02-13 12:39:19,537 __init__ INFO] [rigidbody] CNS jobs have finished
[2026-02-13 12:39:19,568 base_cns_module INFO] Module [rigidbody] finished.
[2026-02-13 12:39:19,568 __init__ INFO] [rigidbody] took 11 seconds
[2026-02-13 12:39:19,947 base_cns_module INFO] Running [flexref] module
[2026-02-13 12:39:20,004 __init__ INFO] [flexref] Running CNS Jobs n=20
[2026-02-13 12:39:20,004 libutil INFO] Selected 20 cores to process 20 jobs, with 32 maximum available cores.
[2026-02-13 12:39:20,005 libparallel INFO] Using 20 cores
[2026-02-13 12:40:54,866 libparallel INFO] 20 tasks finished
[2026-02-13 12:40:54,866 __init__ INFO] [flexref] CNS jobs have finished
[2026-02-13 12:40:54,934 base_cns_module INFO] Module [flexref] finished.
[2026-02-13 12:40:54,934 __init__ INFO] [flexref] took 1 minute and 35 seconds
[2026-02-13 12:40:55,272 base_cns_module INFO] Running [emref] module
[2026-02-13 12:40:55,328 __init__ INFO] [emref] Running CNS Jobs n=20
[2026-02-13 12:40:55,328 libutil INFO] Selected 20 cores to process 20 jobs, with 32 maximum available cores.
[2026-02-13 12:40:55,328 libparallel INFO] Using 20 cores
[2026-02-13 12:41:02,687 libparallel INFO] 20 tasks finished
[2026-02-13 12:41:02,687 __init__ INFO] [emref] CNS jobs have finished
[2026-02-13 12:41:02,727 base_cns_module INFO] Module [emref] finished.
[2026-02-13 12:41:02,727 __init__ INFO] [emref] took 7 seconds
[2026-02-13 12:41:02,727 cli_analyse INFO] Running haddock3-analyse on ./, modules [], with top_cluster = 10
[2026-02-13 12:41:02,734 cli_analyse INFO] Created directory: /mnt/Data/PopOS/Data_Ana/Wu/clawdPorjects/HADDOCK_test/results/run_Pos_ATGGGGCAGAATCTGT-1_contig_1_1/analysis
[2026-02-13 12:41:02,734 cli_analyse INFO] Reading input run directory
[2026-02-13 12:41:02,734 cli_analyse INFO] selected steps: 0_topoaa, 1_rigidbody, 2_flexref, 3_emref
[2026-02-13 12:41:02,734 cli_analyse INFO] Analysing step 0_topoaa
[2026-02-13 12:41:02,734 cli_analyse WARNING] Could not execute the analysis for step 0_topoaa. The following error occurred 'dict' object has no attribute 'rel_path'
[2026-02-13 12:41:02,734 cli_analyse INFO] Analysing step 1_rigidbody
[2026-02-13 12:41:02,736 cli_unpack INFO] Unpacking '../1_rigidbody' folder
[2026-02-13 12:41:02,736 libtimer INFO] unpacking took 0 seconds
[2026-02-13 12:41:02,749 capri INFO] Found previous CNS step: 1_rigidbody
[2026-02-13 12:41:02,857 capri INFO] Saved scoring weights to: weights_params.json
[2026-02-13 12:41:02,857 __init__ INFO] [caprieval] No reference structure provided. Using the structure with the lowest score from previous step
[2026-02-13 12:41:02,940 libutil INFO] Selected 20 cores to process 20 jobs, with 32 maximum available cores.
[2026-02-13 12:41:02,941 libparallel INFO] Using 20 cores
[2026-02-13 12:41:03,359 libparallel INFO] 20 tasks finished
[2026-02-13 12:41:03,360 capri INFO] Rearranging cluster information into capri_clt.tsv
[2026-02-13 12:41:03,367 cli_clean INFO] Compressing '../1_rigidbody' folder
[2026-02-13 12:41:03,367 clean_steps INFO] Cleaning output for '../1_rigidbody' using 20 cores.
[2026-02-13 12:41:03,492 libtimer INFO] compressing took 0 seconds
[2026-02-13 12:41:03,492 cli_analyse INFO] CAPRI files identified
[2026-02-13 12:41:03,494 cli_analyse INFO] Plotting results..
[2026-02-13 12:41:04,695 cli_analyse INFO] Summary archive summary.tgz created!
[2026-02-13 12:41:04,695 cli_analyse INFO] Analysing step 2_flexref
[2026-02-13 12:41:04,697 cli_unpack INFO] Unpacking '../2_flexref' folder
[2026-02-13 12:41:04,697 libtimer INFO] unpacking took 0 seconds
[2026-02-13 12:41:04,711 capri INFO] Found previous CNS step: 2_flexref
[2026-02-13 12:41:04,947 capri INFO] Saved scoring weights to: weights_params.json
[2026-02-13 12:41:04,947 __init__ INFO] [caprieval] No reference structure provided. Using the structure with the lowest score from previous step
[2026-02-13 12:41:05,032 libutil INFO] Selected 20 cores to process 20 jobs, with 32 maximum available cores.
[2026-02-13 12:41:05,032 libparallel INFO] Using 20 cores
[2026-02-13 12:41:05,424 libparallel INFO] 20 tasks finished
[2026-02-13 12:41:05,425 capri INFO] Rearranging cluster information into capri_clt.tsv
[2026-02-13 12:41:05,430 cli_clean INFO] Compressing '../2_flexref' folder
[2026-02-13 12:41:05,430 clean_steps INFO] Cleaning output for '../2_flexref' using 20 cores.
[2026-02-13 12:41:05,553 libtimer INFO] compressing took 0 seconds
[2026-02-13 12:41:05,553 cli_analyse INFO] CAPRI files identified
[2026-02-13 12:41:05,554 cli_analyse INFO] Plotting results..
[2026-02-13 12:41:06,646 cli_analyse INFO] Summary archive summary.tgz created!
[2026-02-13 12:41:06,646 cli_analyse INFO] Analysing step 3_emref
[2026-02-13 12:41:06,649 cli_unpack INFO] Unpacking '../3_emref' folder
[2026-02-13 12:41:06,649 libtimer INFO] unpacking took 0 seconds
[2026-02-13 12:41:06,662 capri INFO] Found previous CNS step: 3_emref
[2026-02-13 12:41:06,762 capri INFO] Saved scoring weights to: weights_params.json
[2026-02-13 12:41:06,762 __init__ INFO] [caprieval] No reference structure provided. Using the structure with the lowest score from previous step
[2026-02-13 12:41:06,846 libutil INFO] Selected 20 cores to process 20 jobs, with 32 maximum available cores.
[2026-02-13 12:41:06,846 libparallel INFO] Using 20 cores
[2026-02-13 12:41:07,253 libparallel INFO] 20 tasks finished
[2026-02-13 12:41:07,255 capri INFO] Rearranging cluster information into capri_clt.tsv
[2026-02-13 12:41:07,259 cli_clean INFO] Compressing '../3_emref' folder
[2026-02-13 12:41:07,259 clean_steps INFO] Cleaning output for '../3_emref' using 20 cores.
[2026-02-13 12:41:07,377 libtimer INFO] compressing took 0 seconds
[2026-02-13 12:41:07,377 cli_analyse INFO] CAPRI files identified
[2026-02-13 12:41:07,379 cli_analyse INFO] Plotting results..
[2026-02-13 12:41:08,488 cli_analyse INFO] Summary archive summary.tgz created!
[2026-02-13 12:41:08,489 cli_analyse INFO] moving files to analysis folder
[2026-02-13 12:41:08,489 cli_analyse INFO] cancelling unsuccesful analysis folders
[2026-02-13 12:41:08,489 cli_analyse INFO] updating paths in analysis/1_rigidbody_analysis/capri_ss.tsv
[2026-02-13 12:41:08,489 cli_analyse INFO] View the results in analysis/1_rigidbody_analysis/report.html
[2026-02-13 12:41:08,489 cli_analyse INFO] To view structures or download the structure files, in a terminal run the command `python -m http.server --directory /mnt/Data/PopOS/Data_Ana/Wu/clawdPorjects/HADDOCK_test/results/run_Pos_ATGGGGCAGAATCTGT-1_contig_1_1`. By default, http server runs on `http://0.0.0.0:8000/`. Open the link http://0.0.0.0:8000/analysis/1_rigidbody_analysis/report.html in a web browser.
[2026-02-13 12:41:08,489 cli_analyse INFO] updating paths in analysis/2_flexref_analysis/capri_ss.tsv
[2026-02-13 12:41:08,489 cli_analyse INFO] View the results in analysis/2_flexref_analysis/report.html
[2026-02-13 12:41:08,489 cli_analyse INFO] To view structures or download the structure files, in a terminal run the command `python -m http.server --directory /mnt/Data/PopOS/Data_Ana/Wu/clawdPorjects/HADDOCK_test/results/run_Pos_ATGGGGCAGAATCTGT-1_contig_1_1`. By default, http server runs on `http://0.0.0.0:8000/`. Open the link http://0.0.0.0:8000/analysis/2_flexref_analysis/report.html in a web browser.
[2026-02-13 12:41:08,489 cli_analyse INFO] updating paths in analysis/3_emref_analysis/capri_ss.tsv
[2026-02-13 12:41:08,490 cli_analyse INFO] View the results in analysis/3_emref_analysis/report.html
[2026-02-13 12:41:08,490 cli_analyse INFO] To view structures or download the structure files, in a terminal run the command `python -m http.server --directory /mnt/Data/PopOS/Data_Ana/Wu/clawdPorjects/HADDOCK_test/results/run_Pos_ATGGGGCAGAATCTGT-1_contig_1_1`. By default, http server runs on `http://0.0.0.0:8000/`. Open the link http://0.0.0.0:8000/analysis/3_emref_analysis/report.html in a web browser.
[2026-02-13 12:41:08,490 cli_traceback INFO] Running haddock3-traceback on ./
[2026-02-13 12:41:08,490 cli_traceback INFO] Reading input run directory
[2026-02-13 12:41:08,490 cli_traceback INFO] All_steps: 0_topoaa, 1_rigidbody, 2_flexref, 3_emref
[2026-02-13 12:41:08,490 cli_traceback INFO] Modules not to be analysed: 0_topoaa
[2026-02-13 12:41:08,490 cli_traceback INFO] Steps to trace back: 1_rigidbody, 2_flexref, 3_emref
[2026-02-13 12:41:08,490 cli_traceback INFO] Created directory: /mnt/Data/PopOS/Data_Ana/Wu/clawdPorjects/HADDOCK_test/results/run_Pos_ATGGGGCAGAATCTGT-1_contig_1_1/traceback
[2026-02-13 12:41:08,490 cli_traceback INFO] Tracing back step 3_emref
[2026-02-13 12:41:08,492 cli_traceback INFO] Tracing back step 2_flexref
[2026-02-13 12:41:08,494 cli_traceback INFO] Tracing back step 1_rigidbody
[2026-02-13 12:41:08,498 cli_traceback INFO] Output dataframe traceback/traceback.tsv created with shape (20, 8)
[2026-02-13 12:41:08,525 clean_steps INFO] Cleaning output for '0_topoaa' using 20 cores.
[2026-02-13 12:41:08,675 libtimer INFO] cleaning output files took 0 seconds
[2026-02-13 12:41:08,676 clean_steps INFO] Cleaning output for '1_rigidbody' using 20 cores.
[2026-02-13 12:41:08,683 libtimer INFO] cleaning output files took 0 seconds
[2026-02-13 12:41:08,684 clean_steps INFO] Cleaning output for '2_flexref' using 20 cores.
[2026-02-13 12:41:08,696 libtimer INFO] cleaning output files took 0 seconds
[2026-02-13 12:41:08,696 clean_steps INFO] Cleaning output for '3_emref' using 20 cores.
[2026-02-13 12:41:08,717 libtimer INFO] cleaning output files took 0 seconds
[2026-02-13 12:41:08,718 cli INFO] This HADDOCK3 run took: 2 minutes and 8 seconds
[2026-02-13 12:41:08,718 greetings INFO] Your feedback matters in Haddock3! Share your experience and help us grow:
[2026-02-13 12:41:08,718 greetings INFO] GitHub issues: https://github.com/haddocking/haddock3/issues
[2026-02-13 12:41:08,718 greetings INFO] BioExcel feedback: https://www.bonvinlab.org/feedback
[2026-02-13 12:41:08,718 greetings INFO] BioExcel forum: https://ask.bioexcel.eu/c/haddock/6
[2026-02-13 12:41:08,718 cli INFO] Finished at 13/02/2026 12:41:08. La revedere! Dovidenia! Do pobachennya!
