[2026-02-13 12:04:55,473 cli INFO] 
##############################################
#                                            #
#                 HADDOCK3                   #
#                                            #
##############################################

!! Some of the HADDOCK3 components use CNS (Crystallographic and NMR System) which is free of use for non-profit applications. !!
!! For commercial use it is your own responsibility to have a proper license. !!
!! For details refer to the DISCLAIMER file in the HADDOCK3 repository. !!

Starting HADDOCK3 v2024.10.0b7 on 2026-02-13 12:04:00

Python 3.10.12 (main, Feb  4 2025, 14:57:36) [GCC 11.4.0]

[2026-02-13 12:04:59,218 libworkflow INFO] Reading instructions step 0_topoaa
[2026-02-13 12:04:59,218 libworkflow INFO] Reading instructions step 1_rigidbody
[2026-02-13 12:04:59,219 libworkflow INFO] Reading instructions step 2_flexref
[2026-02-13 12:04:59,219 libworkflow INFO] Reading instructions step 3_emref
[2026-02-13 12:04:59,233 base_cns_module INFO] Running [topoaa] module
[2026-02-13 12:04:59,233 __init__ INFO] [topoaa] Molecule 1: receptor_single_Pos_AAACCGACACACATAC-1_contig_1_1.pdb
[2026-02-13 12:04:59,235 __init__ INFO] [topoaa] Sanitizing molecule receptor_single_Pos_AAACCGACACACATAC-1_contig_1_1.pdb
[2026-02-13 12:04:59,241 __init__ INFO] [topoaa] Topology CNS input created
[2026-02-13 12:04:59,241 __init__ INFO] [topoaa] Molecule 2: ligand_single_Pos_AAACCGACACACATAC-1_contig_1_1.pdb
[2026-02-13 12:04:59,243 __init__ INFO] [topoaa] Sanitizing molecule ligand_single_Pos_AAACCGACACACATAC-1_contig_1_1.pdb
[2026-02-13 12:04:59,248 __init__ INFO] [topoaa] Topology CNS input created
[2026-02-13 12:04:59,249 __init__ INFO] [topoaa] Running CNS Jobs n=2
[2026-02-13 12:04:59,249 libutil INFO] Selected 2 cores to process 2 jobs, with 32 maximum available cores.
[2026-02-13 12:04:59,250 libparallel INFO] Using 2 cores
[2026-02-13 12:05:02,487 libparallel INFO] 2 tasks finished
[2026-02-13 12:05:02,487 __init__ INFO] [topoaa] CNS jobs have finished
[2026-02-13 12:05:02,489 base_cns_module INFO] Module [topoaa] finished.
[2026-02-13 12:05:02,489 __init__ INFO] [topoaa] took 3 seconds
[2026-02-13 12:05:02,832 base_cns_module INFO] Running [rigidbody] module
[2026-02-13 12:05:02,833 __init__ INFO] [rigidbody] crossdock=true
[2026-02-13 12:05:02,833 __init__ INFO] [rigidbody] Preparing jobs...
[2026-02-13 12:05:02,835 libutil INFO] Selected 20 cores to process 20 jobs, with 32 maximum available cores.
[2026-02-13 12:05:02,835 libparallel INFO] Using 20 cores
[2026-02-13 12:05:02,861 libparallel INFO] 20 tasks finished
[2026-02-13 12:05:02,862 __init__ INFO] [rigidbody] Preparation took 0.028694 seconds
[2026-02-13 12:05:02,863 __init__ INFO] [rigidbody] Running CNS Jobs n=20
[2026-02-13 12:05:02,863 libutil INFO] Selected 20 cores to process 20 jobs, with 32 maximum available cores.
[2026-02-13 12:05:02,864 libparallel INFO] Using 20 cores
[2026-02-13 12:05:13,645 libparallel INFO] 20 tasks finished
[2026-02-13 12:05:13,645 __init__ INFO] [rigidbody] CNS jobs have finished
[2026-02-13 12:05:13,681 base_cns_module INFO] Module [rigidbody] finished.
[2026-02-13 12:05:13,681 __init__ INFO] [rigidbody] took 11 seconds
[2026-02-13 12:05:14,066 base_cns_module INFO] Running [flexref] module
[2026-02-13 12:05:14,125 __init__ INFO] [flexref] Running CNS Jobs n=20
[2026-02-13 12:05:14,125 libutil INFO] Selected 20 cores to process 20 jobs, with 32 maximum available cores.
[2026-02-13 12:05:14,125 libparallel INFO] Using 20 cores
[2026-02-13 12:06:51,158 libparallel INFO] 20 tasks finished
[2026-02-13 12:06:51,159 __init__ INFO] [flexref] CNS jobs have finished
[2026-02-13 12:06:51,209 base_cns_module INFO] Module [flexref] finished.
[2026-02-13 12:06:51,209 __init__ INFO] [flexref] took 1 minute and 37 seconds
[2026-02-13 12:06:51,553 base_cns_module INFO] Running [emref] module
[2026-02-13 12:06:51,609 __init__ INFO] [emref] Running CNS Jobs n=20
[2026-02-13 12:06:51,609 libutil INFO] Selected 20 cores to process 20 jobs, with 32 maximum available cores.
[2026-02-13 12:06:51,610 libparallel INFO] Using 20 cores
[2026-02-13 12:06:59,196 libparallel INFO] 20 tasks finished
[2026-02-13 12:06:59,196 __init__ INFO] [emref] CNS jobs have finished
[2026-02-13 12:06:59,228 base_cns_module INFO] Module [emref] finished.
[2026-02-13 12:06:59,228 __init__ INFO] [emref] took 8 seconds
[2026-02-13 12:06:59,228 cli_analyse INFO] Running haddock3-analyse on ./, modules [], with top_cluster = 10
[2026-02-13 12:06:59,235 cli_analyse INFO] Created directory: /mnt/Data/PopOS/Data_Ana/Wu/clawdPorjects/HADDOCK_test/results/run_Pos_AAACCGACACACATAC-1_contig_1_1/analysis
[2026-02-13 12:06:59,235 cli_analyse INFO] Reading input run directory
[2026-02-13 12:06:59,235 cli_analyse INFO] selected steps: 0_topoaa, 1_rigidbody, 2_flexref, 3_emref
[2026-02-13 12:06:59,235 cli_analyse INFO] Analysing step 0_topoaa
[2026-02-13 12:06:59,235 cli_analyse WARNING] Could not execute the analysis for step 0_topoaa. The following error occurred 'dict' object has no attribute 'rel_path'
[2026-02-13 12:06:59,235 cli_analyse INFO] Analysing step 1_rigidbody
[2026-02-13 12:06:59,237 cli_unpack INFO] Unpacking '../1_rigidbody' folder
[2026-02-13 12:06:59,237 libtimer INFO] unpacking took 0 seconds
[2026-02-13 12:06:59,250 capri INFO] Found previous CNS step: 1_rigidbody
[2026-02-13 12:06:59,363 capri INFO] Saved scoring weights to: weights_params.json
[2026-02-13 12:06:59,363 __init__ INFO] [caprieval] No reference structure provided. Using the structure with the lowest score from previous step
[2026-02-13 12:06:59,452 libutil INFO] Selected 20 cores to process 20 jobs, with 32 maximum available cores.
[2026-02-13 12:06:59,453 libparallel INFO] Using 20 cores
[2026-02-13 12:07:00,029 libparallel INFO] 20 tasks finished
[2026-02-13 12:07:00,031 capri INFO] Rearranging cluster information into capri_clt.tsv
[2026-02-13 12:07:00,039 cli_clean INFO] Compressing '../1_rigidbody' folder
[2026-02-13 12:07:00,039 clean_steps INFO] Cleaning output for '../1_rigidbody' using 20 cores.
[2026-02-13 12:07:00,166 libtimer INFO] compressing took 0 seconds
[2026-02-13 12:07:00,167 cli_analyse INFO] CAPRI files identified
[2026-02-13 12:07:00,168 cli_analyse INFO] Plotting results..
[2026-02-13 12:07:01,380 cli_analyse INFO] Summary archive summary.tgz created!
[2026-02-13 12:07:01,380 cli_analyse INFO] Analysing step 2_flexref
[2026-02-13 12:07:01,382 cli_unpack INFO] Unpacking '../2_flexref' folder
[2026-02-13 12:07:01,382 libtimer INFO] unpacking took 0 seconds
[2026-02-13 12:07:01,396 capri INFO] Found previous CNS step: 2_flexref
[2026-02-13 12:07:01,632 capri INFO] Saved scoring weights to: weights_params.json
[2026-02-13 12:07:01,632 __init__ INFO] [caprieval] No reference structure provided. Using the structure with the lowest score from previous step
[2026-02-13 12:07:01,719 libutil INFO] Selected 20 cores to process 20 jobs, with 32 maximum available cores.
[2026-02-13 12:07:01,719 libparallel INFO] Using 20 cores
[2026-02-13 12:07:02,096 libparallel INFO] 20 tasks finished
[2026-02-13 12:07:02,097 capri INFO] Rearranging cluster information into capri_clt.tsv
[2026-02-13 12:07:02,104 cli_clean INFO] Compressing '../2_flexref' folder
[2026-02-13 12:07:02,104 clean_steps INFO] Cleaning output for '../2_flexref' using 20 cores.
[2026-02-13 12:07:02,229 libtimer INFO] compressing took 0 seconds
[2026-02-13 12:07:02,229 cli_analyse INFO] CAPRI files identified
[2026-02-13 12:07:02,231 cli_analyse INFO] Plotting results..
[2026-02-13 12:07:03,365 cli_analyse INFO] Summary archive summary.tgz created!
[2026-02-13 12:07:03,365 cli_analyse INFO] Analysing step 3_emref
[2026-02-13 12:07:03,367 cli_unpack INFO] Unpacking '../3_emref' folder
[2026-02-13 12:07:03,367 libtimer INFO] unpacking took 0 seconds
[2026-02-13 12:07:03,381 capri INFO] Found previous CNS step: 3_emref
[2026-02-13 12:07:03,482 capri INFO] Saved scoring weights to: weights_params.json
[2026-02-13 12:07:03,482 __init__ INFO] [caprieval] No reference structure provided. Using the structure with the lowest score from previous step
[2026-02-13 12:07:03,569 libutil INFO] Selected 20 cores to process 20 jobs, with 32 maximum available cores.
[2026-02-13 12:07:03,569 libparallel INFO] Using 20 cores
[2026-02-13 12:07:03,977 libparallel INFO] 20 tasks finished
[2026-02-13 12:07:03,978 capri INFO] Rearranging cluster information into capri_clt.tsv
[2026-02-13 12:07:03,982 cli_clean INFO] Compressing '../3_emref' folder
[2026-02-13 12:07:03,982 clean_steps INFO] Cleaning output for '../3_emref' using 20 cores.
[2026-02-13 12:07:04,104 libtimer INFO] compressing took 0 seconds
[2026-02-13 12:07:04,104 cli_analyse INFO] CAPRI files identified
[2026-02-13 12:07:04,106 cli_analyse INFO] Plotting results..
[2026-02-13 12:07:05,205 cli_analyse INFO] Summary archive summary.tgz created!
[2026-02-13 12:07:05,205 cli_analyse INFO] moving files to analysis folder
[2026-02-13 12:07:05,205 cli_analyse INFO] cancelling unsuccesful analysis folders
[2026-02-13 12:07:05,205 cli_analyse INFO] updating paths in analysis/1_rigidbody_analysis/capri_ss.tsv
[2026-02-13 12:07:05,206 cli_analyse INFO] View the results in analysis/1_rigidbody_analysis/report.html
[2026-02-13 12:07:05,206 cli_analyse INFO] To view structures or download the structure files, in a terminal run the command `python -m http.server --directory /mnt/Data/PopOS/Data_Ana/Wu/clawdPorjects/HADDOCK_test/results/run_Pos_AAACCGACACACATAC-1_contig_1_1`. By default, http server runs on `http://0.0.0.0:8000/`. Open the link http://0.0.0.0:8000/analysis/1_rigidbody_analysis/report.html in a web browser.
[2026-02-13 12:07:05,206 cli_analyse INFO] updating paths in analysis/2_flexref_analysis/capri_ss.tsv
[2026-02-13 12:07:05,206 cli_analyse INFO] View the results in analysis/2_flexref_analysis/report.html
[2026-02-13 12:07:05,206 cli_analyse INFO] To view structures or download the structure files, in a terminal run the command `python -m http.server --directory /mnt/Data/PopOS/Data_Ana/Wu/clawdPorjects/HADDOCK_test/results/run_Pos_AAACCGACACACATAC-1_contig_1_1`. By default, http server runs on `http://0.0.0.0:8000/`. Open the link http://0.0.0.0:8000/analysis/2_flexref_analysis/report.html in a web browser.
[2026-02-13 12:07:05,206 cli_analyse INFO] updating paths in analysis/3_emref_analysis/capri_ss.tsv
[2026-02-13 12:07:05,206 cli_analyse INFO] View the results in analysis/3_emref_analysis/report.html
[2026-02-13 12:07:05,206 cli_analyse INFO] To view structures or download the structure files, in a terminal run the command `python -m http.server --directory /mnt/Data/PopOS/Data_Ana/Wu/clawdPorjects/HADDOCK_test/results/run_Pos_AAACCGACACACATAC-1_contig_1_1`. By default, http server runs on `http://0.0.0.0:8000/`. Open the link http://0.0.0.0:8000/analysis/3_emref_analysis/report.html in a web browser.
[2026-02-13 12:07:05,206 cli_traceback INFO] Running haddock3-traceback on ./
[2026-02-13 12:07:05,206 cli_traceback INFO] Reading input run directory
[2026-02-13 12:07:05,206 cli_traceback INFO] All_steps: 0_topoaa, 1_rigidbody, 2_flexref, 3_emref
[2026-02-13 12:07:05,207 cli_traceback INFO] Modules not to be analysed: 0_topoaa
[2026-02-13 12:07:05,207 cli_traceback INFO] Steps to trace back: 1_rigidbody, 2_flexref, 3_emref
[2026-02-13 12:07:05,207 cli_traceback INFO] Created directory: /mnt/Data/PopOS/Data_Ana/Wu/clawdPorjects/HADDOCK_test/results/run_Pos_AAACCGACACACATAC-1_contig_1_1/traceback
[2026-02-13 12:07:05,207 cli_traceback INFO] Tracing back step 3_emref
[2026-02-13 12:07:05,209 cli_traceback INFO] Tracing back step 2_flexref
[2026-02-13 12:07:05,211 cli_traceback INFO] Tracing back step 1_rigidbody
[2026-02-13 12:07:05,215 cli_traceback INFO] Output dataframe traceback/traceback.tsv created with shape (20, 8)
[2026-02-13 12:07:05,242 clean_steps INFO] Cleaning output for '0_topoaa' using 20 cores.
[2026-02-13 12:07:05,372 libtimer INFO] cleaning output files took 0 seconds
[2026-02-13 12:07:05,373 clean_steps INFO] Cleaning output for '1_rigidbody' using 20 cores.
[2026-02-13 12:07:05,384 libtimer INFO] cleaning output files took 0 seconds
[2026-02-13 12:07:05,384 clean_steps INFO] Cleaning output for '2_flexref' using 20 cores.
[2026-02-13 12:07:05,397 libtimer INFO] cleaning output files took 0 seconds
[2026-02-13 12:07:05,397 clean_steps INFO] Cleaning output for '3_emref' using 20 cores.
[2026-02-13 12:07:05,413 libtimer INFO] cleaning output files took 0 seconds
[2026-02-13 12:07:05,414 cli INFO] This HADDOCK3 run took: 2 minutes and 10 seconds
[2026-02-13 12:07:05,414 greetings INFO] Your feedback matters in Haddock3! Share your experience and help us grow:
[2026-02-13 12:07:05,414 greetings INFO] GitHub issues: https://github.com/haddocking/haddock3/issues
[2026-02-13 12:07:05,414 greetings INFO] BioExcel feedback: https://www.bonvinlab.org/feedback
[2026-02-13 12:07:05,414 greetings INFO] BioExcel forum: https://ask.bioexcel.eu/c/haddock/6
[2026-02-13 12:07:05,414 cli INFO] Finished at 13/02/2026 12:07:05. Do pobachennya! Agur! Adéu-siau!
