[2026-02-13 13:04:51,671 cli INFO] 
##############################################
#                                            #
#                 HADDOCK3                   #
#                                            #
##############################################

!! Some of the HADDOCK3 components use CNS (Crystallographic and NMR System) which is free of use for non-profit applications. !!
!! For commercial use it is your own responsibility to have a proper license. !!
!! For details refer to the DISCLAIMER file in the HADDOCK3 repository. !!

Starting HADDOCK3 v2024.10.0b7 on 2026-02-13 13:04:00

Python 3.10.12 (main, Feb  4 2025, 14:57:36) [GCC 11.4.0]

[2026-02-13 13:04:55,386 libworkflow INFO] Reading instructions step 0_topoaa
[2026-02-13 13:04:55,386 libworkflow INFO] Reading instructions step 1_rigidbody
[2026-02-13 13:04:55,386 libworkflow INFO] Reading instructions step 2_flexref
[2026-02-13 13:04:55,387 libworkflow INFO] Reading instructions step 3_emref
[2026-02-13 13:04:55,400 base_cns_module INFO] Running [topoaa] module
[2026-02-13 13:04:55,401 __init__ INFO] [topoaa] Molecule 1: receptor_single_Pos_CGTAATTAGCGTACCG-1_contig_1_1.pdb
[2026-02-13 13:04:55,402 __init__ INFO] [topoaa] Sanitizing molecule receptor_single_Pos_CGTAATTAGCGTACCG-1_contig_1_1.pdb
[2026-02-13 13:04:55,409 __init__ INFO] [topoaa] Topology CNS input created
[2026-02-13 13:04:55,409 __init__ INFO] [topoaa] Molecule 2: ligand_single_Pos_CGTAATTAGCGTACCG-1_contig_1_1.pdb
[2026-02-13 13:04:55,410 __init__ INFO] [topoaa] Sanitizing molecule ligand_single_Pos_CGTAATTAGCGTACCG-1_contig_1_1.pdb
[2026-02-13 13:04:55,416 __init__ INFO] [topoaa] Topology CNS input created
[2026-02-13 13:04:55,416 __init__ INFO] [topoaa] Running CNS Jobs n=2
[2026-02-13 13:04:55,416 libutil INFO] Selected 2 cores to process 2 jobs, with 32 maximum available cores.
[2026-02-13 13:04:55,417 libparallel INFO] Using 2 cores
[2026-02-13 13:04:58,661 libparallel INFO] 2 tasks finished
[2026-02-13 13:04:58,661 __init__ INFO] [topoaa] CNS jobs have finished
[2026-02-13 13:04:58,663 base_cns_module INFO] Module [topoaa] finished.
[2026-02-13 13:04:58,663 __init__ INFO] [topoaa] took 3 seconds
[2026-02-13 13:04:59,005 base_cns_module INFO] Running [rigidbody] module
[2026-02-13 13:04:59,005 __init__ INFO] [rigidbody] crossdock=true
[2026-02-13 13:04:59,005 __init__ INFO] [rigidbody] Preparing jobs...
[2026-02-13 13:04:59,007 libutil INFO] Selected 20 cores to process 20 jobs, with 32 maximum available cores.
[2026-02-13 13:04:59,007 libparallel INFO] Using 20 cores
[2026-02-13 13:04:59,037 libparallel INFO] 20 tasks finished
[2026-02-13 13:04:59,037 __init__ INFO] [rigidbody] Preparation took 0.032083 seconds
[2026-02-13 13:04:59,039 __init__ INFO] [rigidbody] Running CNS Jobs n=20
[2026-02-13 13:04:59,039 libutil INFO] Selected 20 cores to process 20 jobs, with 32 maximum available cores.
[2026-02-13 13:04:59,039 libparallel INFO] Using 20 cores
[2026-02-13 13:05:09,719 libparallel INFO] 20 tasks finished
[2026-02-13 13:05:09,719 __init__ INFO] [rigidbody] CNS jobs have finished
[2026-02-13 13:05:09,767 base_cns_module INFO] Module [rigidbody] finished.
[2026-02-13 13:05:09,767 __init__ INFO] [rigidbody] took 11 seconds
[2026-02-13 13:05:10,153 base_cns_module INFO] Running [flexref] module
[2026-02-13 13:05:10,211 __init__ INFO] [flexref] Running CNS Jobs n=20
[2026-02-13 13:05:10,211 libutil INFO] Selected 20 cores to process 20 jobs, with 32 maximum available cores.
[2026-02-13 13:05:10,211 libparallel INFO] Using 20 cores
[2026-02-13 13:06:46,862 libparallel INFO] 20 tasks finished
[2026-02-13 13:06:46,862 __init__ INFO] [flexref] CNS jobs have finished
[2026-02-13 13:06:46,905 base_cns_module INFO] Module [flexref] finished.
[2026-02-13 13:06:46,905 __init__ INFO] [flexref] took 1 minute and 37 seconds
[2026-02-13 13:06:47,248 base_cns_module INFO] Running [emref] module
[2026-02-13 13:06:47,305 __init__ INFO] [emref] Running CNS Jobs n=20
[2026-02-13 13:06:47,305 libutil INFO] Selected 20 cores to process 20 jobs, with 32 maximum available cores.
[2026-02-13 13:06:47,305 libparallel INFO] Using 20 cores
[2026-02-13 13:06:54,799 libparallel INFO] 20 tasks finished
[2026-02-13 13:06:54,800 __init__ INFO] [emref] CNS jobs have finished
[2026-02-13 13:06:54,848 base_cns_module INFO] Module [emref] finished.
[2026-02-13 13:06:54,848 __init__ INFO] [emref] took 8 seconds
[2026-02-13 13:06:54,848 cli_analyse INFO] Running haddock3-analyse on ./, modules [], with top_cluster = 10
[2026-02-13 13:06:54,854 cli_analyse INFO] Created directory: /mnt/Data/PopOS/Data_Ana/Wu/clawdPorjects/HADDOCK_test/results/run_Pos_CGTAATTAGCGTACCG-1_contig_1_1/analysis
[2026-02-13 13:06:54,854 cli_analyse INFO] Reading input run directory
[2026-02-13 13:06:54,855 cli_analyse INFO] selected steps: 0_topoaa, 1_rigidbody, 2_flexref, 3_emref
[2026-02-13 13:06:54,855 cli_analyse INFO] Analysing step 0_topoaa
[2026-02-13 13:06:54,855 cli_analyse WARNING] Could not execute the analysis for step 0_topoaa. The following error occurred 'dict' object has no attribute 'rel_path'
[2026-02-13 13:06:54,855 cli_analyse INFO] Analysing step 1_rigidbody
[2026-02-13 13:06:54,856 cli_unpack INFO] Unpacking '../1_rigidbody' folder
[2026-02-13 13:06:54,857 libtimer INFO] unpacking took 0 seconds
[2026-02-13 13:06:54,870 capri INFO] Found previous CNS step: 1_rigidbody
[2026-02-13 13:06:54,978 capri INFO] Saved scoring weights to: weights_params.json
[2026-02-13 13:06:54,978 __init__ INFO] [caprieval] No reference structure provided. Using the structure with the lowest score from previous step
[2026-02-13 13:06:55,064 libutil INFO] Selected 20 cores to process 20 jobs, with 32 maximum available cores.
[2026-02-13 13:06:55,064 libparallel INFO] Using 20 cores
[2026-02-13 13:06:55,492 libparallel INFO] 20 tasks finished
[2026-02-13 13:06:55,493 capri INFO] Rearranging cluster information into capri_clt.tsv
[2026-02-13 13:06:55,501 cli_clean INFO] Compressing '../1_rigidbody' folder
[2026-02-13 13:06:55,501 clean_steps INFO] Cleaning output for '../1_rigidbody' using 20 cores.
[2026-02-13 13:06:55,625 libtimer INFO] compressing took 0 seconds
[2026-02-13 13:06:55,625 cli_analyse INFO] CAPRI files identified
[2026-02-13 13:06:55,627 cli_analyse INFO] Plotting results..
[2026-02-13 13:06:56,865 cli_analyse INFO] Summary archive summary.tgz created!
[2026-02-13 13:06:56,865 cli_analyse INFO] Analysing step 2_flexref
[2026-02-13 13:06:56,867 cli_unpack INFO] Unpacking '../2_flexref' folder
[2026-02-13 13:06:56,868 libtimer INFO] unpacking took 0 seconds
[2026-02-13 13:06:56,881 capri INFO] Found previous CNS step: 2_flexref
[2026-02-13 13:06:57,120 capri INFO] Saved scoring weights to: weights_params.json
[2026-02-13 13:06:57,120 __init__ INFO] [caprieval] No reference structure provided. Using the structure with the lowest score from previous step
[2026-02-13 13:06:57,205 libutil INFO] Selected 20 cores to process 20 jobs, with 32 maximum available cores.
[2026-02-13 13:06:57,205 libparallel INFO] Using 20 cores
[2026-02-13 13:06:57,599 libparallel INFO] 20 tasks finished
[2026-02-13 13:06:57,600 capri INFO] Rearranging cluster information into capri_clt.tsv
[2026-02-13 13:06:57,604 cli_clean INFO] Compressing '../2_flexref' folder
[2026-02-13 13:06:57,604 clean_steps INFO] Cleaning output for '../2_flexref' using 20 cores.
[2026-02-13 13:06:57,724 libtimer INFO] compressing took 0 seconds
[2026-02-13 13:06:57,725 cli_analyse INFO] CAPRI files identified
[2026-02-13 13:06:57,727 cli_analyse INFO] Plotting results..
[2026-02-13 13:06:58,832 cli_analyse INFO] Summary archive summary.tgz created!
[2026-02-13 13:06:58,832 cli_analyse INFO] Analysing step 3_emref
[2026-02-13 13:06:58,835 cli_unpack INFO] Unpacking '../3_emref' folder
[2026-02-13 13:06:58,835 libtimer INFO] unpacking took 0 seconds
[2026-02-13 13:06:58,848 capri INFO] Found previous CNS step: 3_emref
[2026-02-13 13:06:58,953 capri INFO] Saved scoring weights to: weights_params.json
[2026-02-13 13:06:58,953 __init__ INFO] [caprieval] No reference structure provided. Using the structure with the lowest score from previous step
[2026-02-13 13:06:59,038 libutil INFO] Selected 20 cores to process 20 jobs, with 32 maximum available cores.
[2026-02-13 13:06:59,038 libparallel INFO] Using 20 cores
[2026-02-13 13:06:59,433 libparallel INFO] 20 tasks finished
[2026-02-13 13:06:59,434 capri INFO] Rearranging cluster information into capri_clt.tsv
[2026-02-13 13:06:59,442 cli_clean INFO] Compressing '../3_emref' folder
[2026-02-13 13:06:59,442 clean_steps INFO] Cleaning output for '../3_emref' using 20 cores.
[2026-02-13 13:06:59,571 libtimer INFO] compressing took 0 seconds
[2026-02-13 13:06:59,571 cli_analyse INFO] CAPRI files identified
[2026-02-13 13:06:59,573 cli_analyse INFO] Plotting results..
[2026-02-13 13:07:00,688 cli_analyse INFO] Summary archive summary.tgz created!
[2026-02-13 13:07:00,688 cli_analyse INFO] moving files to analysis folder
[2026-02-13 13:07:00,688 cli_analyse INFO] cancelling unsuccesful analysis folders
[2026-02-13 13:07:00,688 cli_analyse INFO] updating paths in analysis/1_rigidbody_analysis/capri_ss.tsv
[2026-02-13 13:07:00,688 cli_analyse INFO] View the results in analysis/1_rigidbody_analysis/report.html
[2026-02-13 13:07:00,688 cli_analyse INFO] To view structures or download the structure files, in a terminal run the command `python -m http.server --directory /mnt/Data/PopOS/Data_Ana/Wu/clawdPorjects/HADDOCK_test/results/run_Pos_CGTAATTAGCGTACCG-1_contig_1_1`. By default, http server runs on `http://0.0.0.0:8000/`. Open the link http://0.0.0.0:8000/analysis/1_rigidbody_analysis/report.html in a web browser.
[2026-02-13 13:07:00,688 cli_analyse INFO] updating paths in analysis/2_flexref_analysis/capri_ss.tsv
[2026-02-13 13:07:00,688 cli_analyse INFO] View the results in analysis/2_flexref_analysis/report.html
[2026-02-13 13:07:00,688 cli_analyse INFO] To view structures or download the structure files, in a terminal run the command `python -m http.server --directory /mnt/Data/PopOS/Data_Ana/Wu/clawdPorjects/HADDOCK_test/results/run_Pos_CGTAATTAGCGTACCG-1_contig_1_1`. By default, http server runs on `http://0.0.0.0:8000/`. Open the link http://0.0.0.0:8000/analysis/2_flexref_analysis/report.html in a web browser.
[2026-02-13 13:07:00,689 cli_analyse INFO] updating paths in analysis/3_emref_analysis/capri_ss.tsv
[2026-02-13 13:07:00,689 cli_analyse INFO] View the results in analysis/3_emref_analysis/report.html
[2026-02-13 13:07:00,689 cli_analyse INFO] To view structures or download the structure files, in a terminal run the command `python -m http.server --directory /mnt/Data/PopOS/Data_Ana/Wu/clawdPorjects/HADDOCK_test/results/run_Pos_CGTAATTAGCGTACCG-1_contig_1_1`. By default, http server runs on `http://0.0.0.0:8000/`. Open the link http://0.0.0.0:8000/analysis/3_emref_analysis/report.html in a web browser.
[2026-02-13 13:07:00,689 cli_traceback INFO] Running haddock3-traceback on ./
[2026-02-13 13:07:00,689 cli_traceback INFO] Reading input run directory
[2026-02-13 13:07:00,689 cli_traceback INFO] All_steps: 0_topoaa, 1_rigidbody, 2_flexref, 3_emref
[2026-02-13 13:07:00,690 cli_traceback INFO] Modules not to be analysed: 0_topoaa
[2026-02-13 13:07:00,690 cli_traceback INFO] Steps to trace back: 1_rigidbody, 2_flexref, 3_emref
[2026-02-13 13:07:00,690 cli_traceback INFO] Created directory: /mnt/Data/PopOS/Data_Ana/Wu/clawdPorjects/HADDOCK_test/results/run_Pos_CGTAATTAGCGTACCG-1_contig_1_1/traceback
[2026-02-13 13:07:00,690 cli_traceback INFO] Tracing back step 3_emref
[2026-02-13 13:07:00,692 cli_traceback INFO] Tracing back step 2_flexref
[2026-02-13 13:07:00,694 cli_traceback INFO] Tracing back step 1_rigidbody
[2026-02-13 13:07:00,698 cli_traceback INFO] Output dataframe traceback/traceback.tsv created with shape (20, 8)
[2026-02-13 13:07:00,725 clean_steps INFO] Cleaning output for '0_topoaa' using 20 cores.
[2026-02-13 13:07:00,875 libtimer INFO] cleaning output files took 0 seconds
[2026-02-13 13:07:00,875 clean_steps INFO] Cleaning output for '1_rigidbody' using 20 cores.
[2026-02-13 13:07:00,884 libtimer INFO] cleaning output files took 0 seconds
[2026-02-13 13:07:00,884 clean_steps INFO] Cleaning output for '2_flexref' using 20 cores.
[2026-02-13 13:07:00,899 libtimer INFO] cleaning output files took 0 seconds
[2026-02-13 13:07:00,899 clean_steps INFO] Cleaning output for '3_emref' using 20 cores.
[2026-02-13 13:07:00,914 libtimer INFO] cleaning output files took 0 seconds
[2026-02-13 13:07:00,914 cli INFO] This HADDOCK3 run took: 2 minutes and 9 seconds
[2026-02-13 13:07:00,914 greetings INFO] Your feedback matters in Haddock3! Share your experience and help us grow:
[2026-02-13 13:07:00,914 greetings INFO] GitHub issues: https://github.com/haddocking/haddock3/issues
[2026-02-13 13:07:00,914 greetings INFO] BioExcel feedback: https://www.bonvinlab.org/feedback
[2026-02-13 13:07:00,914 greetings INFO] BioExcel forum: https://ask.bioexcel.eu/c/haddock/6
[2026-02-13 13:07:00,914 cli INFO] Finished at 13/02/2026 13:07:00. Dovidenia! Adéu-siau! Adiós!
