[2026-02-13 12:19:54,794 cli INFO] 
##############################################
#                                            #
#                 HADDOCK3                   #
#                                            #
##############################################

!! Some of the HADDOCK3 components use CNS (Crystallographic and NMR System) which is free of use for non-profit applications. !!
!! For commercial use it is your own responsibility to have a proper license. !!
!! For details refer to the DISCLAIMER file in the HADDOCK3 repository. !!

Starting HADDOCK3 v2024.10.0b7 on 2026-02-13 12:19:00

Python 3.10.12 (main, Feb  4 2025, 14:57:36) [GCC 11.4.0]

[2026-02-13 12:19:58,540 libworkflow INFO] Reading instructions step 0_topoaa
[2026-02-13 12:19:58,540 libworkflow INFO] Reading instructions step 1_rigidbody
[2026-02-13 12:19:58,540 libworkflow INFO] Reading instructions step 2_flexref
[2026-02-13 12:19:58,540 libworkflow INFO] Reading instructions step 3_emref
[2026-02-13 12:19:58,554 base_cns_module INFO] Running [topoaa] module
[2026-02-13 12:19:58,554 __init__ INFO] [topoaa] Molecule 1: receptor_single_Pos_ACTCACTTCACTCGCC-1_contig_1_1.pdb
[2026-02-13 12:19:58,556 __init__ INFO] [topoaa] Sanitizing molecule receptor_single_Pos_ACTCACTTCACTCGCC-1_contig_1_1.pdb
[2026-02-13 12:19:58,563 __init__ INFO] [topoaa] Topology CNS input created
[2026-02-13 12:19:58,563 __init__ INFO] [topoaa] Molecule 2: ligand_single_Pos_ACTCACTTCACTCGCC-1_contig_1_1.pdb
[2026-02-13 12:19:58,564 __init__ INFO] [topoaa] Sanitizing molecule ligand_single_Pos_ACTCACTTCACTCGCC-1_contig_1_1.pdb
[2026-02-13 12:19:58,571 __init__ INFO] [topoaa] Topology CNS input created
[2026-02-13 12:19:58,571 __init__ INFO] [topoaa] Running CNS Jobs n=2
[2026-02-13 12:19:58,572 libutil INFO] Selected 2 cores to process 2 jobs, with 32 maximum available cores.
[2026-02-13 12:19:58,573 libparallel INFO] Using 2 cores
[2026-02-13 12:20:01,811 libparallel INFO] 2 tasks finished
[2026-02-13 12:20:01,812 __init__ INFO] [topoaa] CNS jobs have finished
[2026-02-13 12:20:01,814 base_cns_module INFO] Module [topoaa] finished.
[2026-02-13 12:20:01,814 __init__ INFO] [topoaa] took 3 seconds
[2026-02-13 12:20:02,165 base_cns_module INFO] Running [rigidbody] module
[2026-02-13 12:20:02,166 __init__ INFO] [rigidbody] crossdock=true
[2026-02-13 12:20:02,166 __init__ INFO] [rigidbody] Preparing jobs...
[2026-02-13 12:20:02,168 libutil INFO] Selected 20 cores to process 20 jobs, with 32 maximum available cores.
[2026-02-13 12:20:02,168 libparallel INFO] Using 20 cores
[2026-02-13 12:20:02,196 libparallel INFO] 20 tasks finished
[2026-02-13 12:20:02,197 __init__ INFO] [rigidbody] Preparation took 0.030828 seconds
[2026-02-13 12:20:02,198 __init__ INFO] [rigidbody] Running CNS Jobs n=20
[2026-02-13 12:20:02,198 libutil INFO] Selected 20 cores to process 20 jobs, with 32 maximum available cores.
[2026-02-13 12:20:02,198 libparallel INFO] Using 20 cores
[2026-02-13 12:20:13,332 libparallel INFO] 20 tasks finished
[2026-02-13 12:20:13,332 __init__ INFO] [rigidbody] CNS jobs have finished
[2026-02-13 12:20:13,358 base_cns_module INFO] Module [rigidbody] finished.
[2026-02-13 12:20:13,358 __init__ INFO] [rigidbody] took 11 seconds
[2026-02-13 12:20:13,743 base_cns_module INFO] Running [flexref] module
[2026-02-13 12:20:13,801 __init__ INFO] [flexref] Running CNS Jobs n=20
[2026-02-13 12:20:13,801 libutil INFO] Selected 20 cores to process 20 jobs, with 32 maximum available cores.
[2026-02-13 12:20:13,802 libparallel INFO] Using 20 cores
[2026-02-13 12:21:48,815 libparallel INFO] 20 tasks finished
[2026-02-13 12:21:48,815 __init__ INFO] [flexref] CNS jobs have finished
[2026-02-13 12:21:48,860 base_cns_module INFO] Module [flexref] finished.
[2026-02-13 12:21:48,860 __init__ INFO] [flexref] took 1 minute and 35 seconds
[2026-02-13 12:21:49,207 base_cns_module INFO] Running [emref] module
[2026-02-13 12:21:49,265 __init__ INFO] [emref] Running CNS Jobs n=20
[2026-02-13 12:21:49,265 libutil INFO] Selected 20 cores to process 20 jobs, with 32 maximum available cores.
[2026-02-13 12:21:49,266 libparallel INFO] Using 20 cores
[2026-02-13 12:21:56,649 libparallel INFO] 20 tasks finished
[2026-02-13 12:21:56,650 __init__ INFO] [emref] CNS jobs have finished
[2026-02-13 12:21:56,681 base_cns_module INFO] Module [emref] finished.
[2026-02-13 12:21:56,681 __init__ INFO] [emref] took 7 seconds
[2026-02-13 12:21:56,681 cli_analyse INFO] Running haddock3-analyse on ./, modules [], with top_cluster = 10
[2026-02-13 12:21:56,688 cli_analyse INFO] Created directory: /mnt/Data/PopOS/Data_Ana/Wu/clawdPorjects/HADDOCK_test/results/run_Pos_ACTCACTTCACTCGCC-1_contig_1_1/analysis
[2026-02-13 12:21:56,688 cli_analyse INFO] Reading input run directory
[2026-02-13 12:21:56,688 cli_analyse INFO] selected steps: 0_topoaa, 1_rigidbody, 2_flexref, 3_emref
[2026-02-13 12:21:56,688 cli_analyse INFO] Analysing step 0_topoaa
[2026-02-13 12:21:56,688 cli_analyse WARNING] Could not execute the analysis for step 0_topoaa. The following error occurred 'dict' object has no attribute 'rel_path'
[2026-02-13 12:21:56,688 cli_analyse INFO] Analysing step 1_rigidbody
[2026-02-13 12:21:56,689 cli_unpack INFO] Unpacking '../1_rigidbody' folder
[2026-02-13 12:21:56,690 libtimer INFO] unpacking took 0 seconds
[2026-02-13 12:21:56,703 capri INFO] Found previous CNS step: 1_rigidbody
[2026-02-13 12:21:56,810 capri INFO] Saved scoring weights to: weights_params.json
[2026-02-13 12:21:56,810 __init__ INFO] [caprieval] No reference structure provided. Using the structure with the lowest score from previous step
[2026-02-13 12:21:56,899 libutil INFO] Selected 20 cores to process 20 jobs, with 32 maximum available cores.
[2026-02-13 12:21:56,900 libparallel INFO] Using 20 cores
[2026-02-13 12:21:57,353 libparallel INFO] 20 tasks finished
[2026-02-13 12:21:57,353 capri INFO] Rearranging cluster information into capri_clt.tsv
[2026-02-13 12:21:57,357 cli_clean INFO] Compressing '../1_rigidbody' folder
[2026-02-13 12:21:57,358 clean_steps INFO] Cleaning output for '../1_rigidbody' using 20 cores.
[2026-02-13 12:21:57,477 libtimer INFO] compressing took 0 seconds
[2026-02-13 12:21:57,478 cli_analyse INFO] CAPRI files identified
[2026-02-13 12:21:57,481 cli_analyse INFO] Plotting results..
[2026-02-13 12:21:58,721 cli_analyse INFO] Summary archive summary.tgz created!
[2026-02-13 12:21:58,721 cli_analyse INFO] Analysing step 2_flexref
[2026-02-13 12:21:58,723 cli_unpack INFO] Unpacking '../2_flexref' folder
[2026-02-13 12:21:58,723 libtimer INFO] unpacking took 0 seconds
[2026-02-13 12:21:58,737 capri INFO] Found previous CNS step: 2_flexref
[2026-02-13 12:21:58,973 capri INFO] Saved scoring weights to: weights_params.json
[2026-02-13 12:21:58,973 __init__ INFO] [caprieval] No reference structure provided. Using the structure with the lowest score from previous step
[2026-02-13 12:21:59,061 libutil INFO] Selected 20 cores to process 20 jobs, with 32 maximum available cores.
[2026-02-13 12:21:59,061 libparallel INFO] Using 20 cores
[2026-02-13 12:21:59,466 libparallel INFO] 20 tasks finished
[2026-02-13 12:21:59,467 capri INFO] Rearranging cluster information into capri_clt.tsv
[2026-02-13 12:21:59,474 cli_clean INFO] Compressing '../2_flexref' folder
[2026-02-13 12:21:59,474 clean_steps INFO] Cleaning output for '../2_flexref' using 20 cores.
[2026-02-13 12:21:59,607 libtimer INFO] compressing took 0 seconds
[2026-02-13 12:21:59,607 cli_analyse INFO] CAPRI files identified
[2026-02-13 12:21:59,610 cli_analyse INFO] Plotting results..
[2026-02-13 12:22:00,716 cli_analyse INFO] Summary archive summary.tgz created!
[2026-02-13 12:22:00,716 cli_analyse INFO] Analysing step 3_emref
[2026-02-13 12:22:00,718 cli_unpack INFO] Unpacking '../3_emref' folder
[2026-02-13 12:22:00,719 libtimer INFO] unpacking took 0 seconds
[2026-02-13 12:22:00,732 capri INFO] Found previous CNS step: 3_emref
[2026-02-13 12:22:00,833 capri INFO] Saved scoring weights to: weights_params.json
[2026-02-13 12:22:00,833 __init__ INFO] [caprieval] No reference structure provided. Using the structure with the lowest score from previous step
[2026-02-13 12:22:00,919 libutil INFO] Selected 20 cores to process 20 jobs, with 32 maximum available cores.
[2026-02-13 12:22:00,919 libparallel INFO] Using 20 cores
[2026-02-13 12:22:01,326 libparallel INFO] 20 tasks finished
[2026-02-13 12:22:01,327 capri INFO] Rearranging cluster information into capri_clt.tsv
[2026-02-13 12:22:01,334 cli_clean INFO] Compressing '../3_emref' folder
[2026-02-13 12:22:01,334 clean_steps INFO] Cleaning output for '../3_emref' using 20 cores.
[2026-02-13 12:22:01,456 libtimer INFO] compressing took 0 seconds
[2026-02-13 12:22:01,456 cli_analyse INFO] CAPRI files identified
[2026-02-13 12:22:01,459 cli_analyse INFO] Plotting results..
[2026-02-13 12:22:02,561 cli_analyse INFO] Summary archive summary.tgz created!
[2026-02-13 12:22:02,562 cli_analyse INFO] moving files to analysis folder
[2026-02-13 12:22:02,562 cli_analyse INFO] cancelling unsuccesful analysis folders
[2026-02-13 12:22:02,562 cli_analyse INFO] updating paths in analysis/1_rigidbody_analysis/capri_ss.tsv
[2026-02-13 12:22:02,562 cli_analyse INFO] View the results in analysis/1_rigidbody_analysis/report.html
[2026-02-13 12:22:02,562 cli_analyse INFO] To view structures or download the structure files, in a terminal run the command `python -m http.server --directory /mnt/Data/PopOS/Data_Ana/Wu/clawdPorjects/HADDOCK_test/results/run_Pos_ACTCACTTCACTCGCC-1_contig_1_1`. By default, http server runs on `http://0.0.0.0:8000/`. Open the link http://0.0.0.0:8000/analysis/1_rigidbody_analysis/report.html in a web browser.
[2026-02-13 12:22:02,562 cli_analyse INFO] updating paths in analysis/2_flexref_analysis/capri_ss.tsv
[2026-02-13 12:22:02,562 cli_analyse INFO] View the results in analysis/2_flexref_analysis/report.html
[2026-02-13 12:22:02,562 cli_analyse INFO] To view structures or download the structure files, in a terminal run the command `python -m http.server --directory /mnt/Data/PopOS/Data_Ana/Wu/clawdPorjects/HADDOCK_test/results/run_Pos_ACTCACTTCACTCGCC-1_contig_1_1`. By default, http server runs on `http://0.0.0.0:8000/`. Open the link http://0.0.0.0:8000/analysis/2_flexref_analysis/report.html in a web browser.
[2026-02-13 12:22:02,562 cli_analyse INFO] updating paths in analysis/3_emref_analysis/capri_ss.tsv
[2026-02-13 12:22:02,562 cli_analyse INFO] View the results in analysis/3_emref_analysis/report.html
[2026-02-13 12:22:02,562 cli_analyse INFO] To view structures or download the structure files, in a terminal run the command `python -m http.server --directory /mnt/Data/PopOS/Data_Ana/Wu/clawdPorjects/HADDOCK_test/results/run_Pos_ACTCACTTCACTCGCC-1_contig_1_1`. By default, http server runs on `http://0.0.0.0:8000/`. Open the link http://0.0.0.0:8000/analysis/3_emref_analysis/report.html in a web browser.
[2026-02-13 12:22:02,562 cli_traceback INFO] Running haddock3-traceback on ./
[2026-02-13 12:22:02,563 cli_traceback INFO] Reading input run directory
[2026-02-13 12:22:02,563 cli_traceback INFO] All_steps: 0_topoaa, 1_rigidbody, 2_flexref, 3_emref
[2026-02-13 12:22:02,563 cli_traceback INFO] Modules not to be analysed: 0_topoaa
[2026-02-13 12:22:02,563 cli_traceback INFO] Steps to trace back: 1_rigidbody, 2_flexref, 3_emref
[2026-02-13 12:22:02,563 cli_traceback INFO] Created directory: /mnt/Data/PopOS/Data_Ana/Wu/clawdPorjects/HADDOCK_test/results/run_Pos_ACTCACTTCACTCGCC-1_contig_1_1/traceback
[2026-02-13 12:22:02,563 cli_traceback INFO] Tracing back step 3_emref
[2026-02-13 12:22:02,565 cli_traceback INFO] Tracing back step 2_flexref
[2026-02-13 12:22:02,567 cli_traceback INFO] Tracing back step 1_rigidbody
[2026-02-13 12:22:02,571 cli_traceback INFO] Output dataframe traceback/traceback.tsv created with shape (20, 8)
[2026-02-13 12:22:02,598 clean_steps INFO] Cleaning output for '0_topoaa' using 20 cores.
[2026-02-13 12:22:02,742 libtimer INFO] cleaning output files took 0 seconds
[2026-02-13 12:22:02,742 clean_steps INFO] Cleaning output for '1_rigidbody' using 20 cores.
[2026-02-13 12:22:02,761 libtimer INFO] cleaning output files took 0 seconds
[2026-02-13 12:22:02,762 clean_steps INFO] Cleaning output for '2_flexref' using 20 cores.
[2026-02-13 12:22:02,786 libtimer INFO] cleaning output files took 0 seconds
[2026-02-13 12:22:02,786 clean_steps INFO] Cleaning output for '3_emref' using 20 cores.
[2026-02-13 12:22:02,808 libtimer INFO] cleaning output files took 0 seconds
[2026-02-13 12:22:02,809 cli INFO] This HADDOCK3 run took: 2 minutes and 8 seconds
[2026-02-13 12:22:02,809 greetings INFO] Your feedback matters in Haddock3! Share your experience and help us grow:
[2026-02-13 12:22:02,809 greetings INFO] GitHub issues: https://github.com/haddocking/haddock3/issues
[2026-02-13 12:22:02,809 greetings INFO] BioExcel feedback: https://www.bonvinlab.org/feedback
[2026-02-13 12:22:02,809 greetings INFO] BioExcel forum: https://ask.bioexcel.eu/c/haddock/6
[2026-02-13 12:22:02,809 cli INFO] Finished at 13/02/2026 12:22:02. Do pobachennya! Ciao! Au revoir!
