[2026-02-13 11:43:54,493 cli INFO] 
##############################################
#                                            #
#                 HADDOCK3                   #
#                                            #
##############################################

!! Some of the HADDOCK3 components use CNS (Crystallographic and NMR System) which is free of use for non-profit applications. !!
!! For commercial use it is your own responsibility to have a proper license. !!
!! For details refer to the DISCLAIMER file in the HADDOCK3 repository. !!

Starting HADDOCK3 v2024.10.0b7 on 2026-02-13 11:43:00

Python 3.10.12 (main, Feb  4 2025, 14:57:36) [GCC 11.4.0]

[2026-02-13 11:43:58,205 libworkflow INFO] Reading instructions step 0_topoaa
[2026-02-13 11:43:58,205 libworkflow INFO] Reading instructions step 1_rigidbody
[2026-02-13 11:43:58,205 libworkflow INFO] Reading instructions step 2_flexref
[2026-02-13 11:43:58,205 libworkflow INFO] Reading instructions step 3_emref
[2026-02-13 11:43:58,219 base_cns_module INFO] Running [topoaa] module
[2026-02-13 11:43:58,219 __init__ INFO] [topoaa] Molecule 1: receptor_single_Neg_CTGTCTAGTGGGGAAT-1_contig_2_2.pdb
[2026-02-13 11:43:58,221 __init__ INFO] [topoaa] Sanitizing molecule receptor_single_Neg_CTGTCTAGTGGGGAAT-1_contig_2_2.pdb
[2026-02-13 11:43:58,228 __init__ INFO] [topoaa] Topology CNS input created
[2026-02-13 11:43:58,228 __init__ INFO] [topoaa] Molecule 2: ligand_single_Neg_CTGTCTAGTGGGGAAT-1_contig_2_2.pdb
[2026-02-13 11:43:58,229 __init__ INFO] [topoaa] Sanitizing molecule ligand_single_Neg_CTGTCTAGTGGGGAAT-1_contig_2_2.pdb
[2026-02-13 11:43:58,235 __init__ INFO] [topoaa] Topology CNS input created
[2026-02-13 11:43:58,235 __init__ INFO] [topoaa] Running CNS Jobs n=2
[2026-02-13 11:43:58,235 libutil INFO] Selected 2 cores to process 2 jobs, with 32 maximum available cores.
[2026-02-13 11:43:58,236 libparallel INFO] Using 2 cores
[2026-02-13 11:44:01,487 libparallel INFO] 2 tasks finished
[2026-02-13 11:44:01,487 __init__ INFO] [topoaa] CNS jobs have finished
[2026-02-13 11:44:01,489 base_cns_module INFO] Module [topoaa] finished.
[2026-02-13 11:44:01,489 __init__ INFO] [topoaa] took 3 seconds
[2026-02-13 11:44:01,825 base_cns_module INFO] Running [rigidbody] module
[2026-02-13 11:44:01,826 __init__ INFO] [rigidbody] crossdock=true
[2026-02-13 11:44:01,826 __init__ INFO] [rigidbody] Preparing jobs...
[2026-02-13 11:44:01,828 libutil INFO] Selected 20 cores to process 20 jobs, with 32 maximum available cores.
[2026-02-13 11:44:01,828 libparallel INFO] Using 20 cores
[2026-02-13 11:44:01,855 libparallel INFO] 20 tasks finished
[2026-02-13 11:44:01,855 __init__ INFO] [rigidbody] Preparation took 0.0294 seconds
[2026-02-13 11:44:01,856 __init__ INFO] [rigidbody] Running CNS Jobs n=20
[2026-02-13 11:44:01,856 libutil INFO] Selected 20 cores to process 20 jobs, with 32 maximum available cores.
[2026-02-13 11:44:01,856 libparallel INFO] Using 20 cores
[2026-02-13 11:44:12,889 libparallel INFO] 20 tasks finished
[2026-02-13 11:44:12,889 __init__ INFO] [rigidbody] CNS jobs have finished
[2026-02-13 11:44:12,935 base_cns_module INFO] Module [rigidbody] finished.
[2026-02-13 11:44:12,935 __init__ INFO] [rigidbody] took 11 seconds
[2026-02-13 11:44:13,313 base_cns_module INFO] Running [flexref] module
[2026-02-13 11:44:13,371 __init__ INFO] [flexref] Running CNS Jobs n=20
[2026-02-13 11:44:13,371 libutil INFO] Selected 20 cores to process 20 jobs, with 32 maximum available cores.
[2026-02-13 11:44:13,371 libparallel INFO] Using 20 cores
[2026-02-13 11:45:45,590 libparallel INFO] 20 tasks finished
[2026-02-13 11:45:45,590 __init__ INFO] [flexref] CNS jobs have finished
[2026-02-13 11:45:45,621 base_cns_module INFO] Module [flexref] finished.
[2026-02-13 11:45:45,621 __init__ INFO] [flexref] took 1 minute and 32 seconds
[2026-02-13 11:45:45,967 base_cns_module INFO] Running [emref] module
[2026-02-13 11:45:46,023 __init__ INFO] [emref] Running CNS Jobs n=20
[2026-02-13 11:45:46,023 libutil INFO] Selected 20 cores to process 20 jobs, with 32 maximum available cores.
[2026-02-13 11:45:46,024 libparallel INFO] Using 20 cores
[2026-02-13 11:45:53,530 libparallel INFO] 20 tasks finished
[2026-02-13 11:45:53,530 __init__ INFO] [emref] CNS jobs have finished
[2026-02-13 11:45:53,569 base_cns_module INFO] Module [emref] finished.
[2026-02-13 11:45:53,569 __init__ INFO] [emref] took 8 seconds
[2026-02-13 11:45:53,569 cli_analyse INFO] Running haddock3-analyse on ./, modules [], with top_cluster = 10
[2026-02-13 11:45:53,576 cli_analyse INFO] Created directory: /mnt/Data/PopOS/Data_Ana/Wu/clawdPorjects/HADDOCK_test/results/run_Neg_CTGTCTAGTGGGGAAT-1_contig_2_2/analysis
[2026-02-13 11:45:53,576 cli_analyse INFO] Reading input run directory
[2026-02-13 11:45:53,576 cli_analyse INFO] selected steps: 0_topoaa, 1_rigidbody, 2_flexref, 3_emref
[2026-02-13 11:45:53,576 cli_analyse INFO] Analysing step 0_topoaa
[2026-02-13 11:45:53,576 cli_analyse WARNING] Could not execute the analysis for step 0_topoaa. The following error occurred 'dict' object has no attribute 'rel_path'
[2026-02-13 11:45:53,576 cli_analyse INFO] Analysing step 1_rigidbody
[2026-02-13 11:45:53,578 cli_unpack INFO] Unpacking '../1_rigidbody' folder
[2026-02-13 11:45:53,578 libtimer INFO] unpacking took 0 seconds
[2026-02-13 11:45:53,591 capri INFO] Found previous CNS step: 1_rigidbody
[2026-02-13 11:45:53,700 capri INFO] Saved scoring weights to: weights_params.json
[2026-02-13 11:45:53,700 __init__ INFO] [caprieval] No reference structure provided. Using the structure with the lowest score from previous step
[2026-02-13 11:45:53,785 libutil INFO] Selected 20 cores to process 20 jobs, with 32 maximum available cores.
[2026-02-13 11:45:53,785 libparallel INFO] Using 20 cores
[2026-02-13 11:45:54,212 libparallel INFO] 20 tasks finished
[2026-02-13 11:45:54,213 capri INFO] Rearranging cluster information into capri_clt.tsv
[2026-02-13 11:45:54,219 cli_clean INFO] Compressing '../1_rigidbody' folder
[2026-02-13 11:45:54,219 clean_steps INFO] Cleaning output for '../1_rigidbody' using 20 cores.
[2026-02-13 11:45:54,338 libtimer INFO] compressing took 0 seconds
[2026-02-13 11:45:54,338 cli_analyse INFO] CAPRI files identified
[2026-02-13 11:45:54,340 cli_analyse INFO] Plotting results..
[2026-02-13 11:45:55,618 cli_analyse INFO] Summary archive summary.tgz created!
[2026-02-13 11:45:55,618 cli_analyse INFO] Analysing step 2_flexref
[2026-02-13 11:45:55,620 cli_unpack INFO] Unpacking '../2_flexref' folder
[2026-02-13 11:45:55,620 libtimer INFO] unpacking took 0 seconds
[2026-02-13 11:45:55,633 capri INFO] Found previous CNS step: 2_flexref
[2026-02-13 11:45:55,871 capri INFO] Saved scoring weights to: weights_params.json
[2026-02-13 11:45:55,871 __init__ INFO] [caprieval] No reference structure provided. Using the structure with the lowest score from previous step
[2026-02-13 11:45:55,957 libutil INFO] Selected 20 cores to process 20 jobs, with 32 maximum available cores.
[2026-02-13 11:45:55,957 libparallel INFO] Using 20 cores
[2026-02-13 11:45:56,353 libparallel INFO] 20 tasks finished
[2026-02-13 11:45:56,354 capri INFO] Rearranging cluster information into capri_clt.tsv
[2026-02-13 11:45:56,358 cli_clean INFO] Compressing '../2_flexref' folder
[2026-02-13 11:45:56,358 clean_steps INFO] Cleaning output for '../2_flexref' using 20 cores.
[2026-02-13 11:45:56,479 libtimer INFO] compressing took 0 seconds
[2026-02-13 11:45:56,479 cli_analyse INFO] CAPRI files identified
[2026-02-13 11:45:56,481 cli_analyse INFO] Plotting results..
[2026-02-13 11:45:57,597 cli_analyse INFO] Summary archive summary.tgz created!
[2026-02-13 11:45:57,598 cli_analyse INFO] Analysing step 3_emref
[2026-02-13 11:45:57,600 cli_unpack INFO] Unpacking '../3_emref' folder
[2026-02-13 11:45:57,600 libtimer INFO] unpacking took 0 seconds
[2026-02-13 11:45:57,614 capri INFO] Found previous CNS step: 3_emref
[2026-02-13 11:45:57,715 capri INFO] Saved scoring weights to: weights_params.json
[2026-02-13 11:45:57,715 __init__ INFO] [caprieval] No reference structure provided. Using the structure with the lowest score from previous step
[2026-02-13 11:45:57,800 libutil INFO] Selected 20 cores to process 20 jobs, with 32 maximum available cores.
[2026-02-13 11:45:57,800 libparallel INFO] Using 20 cores
[2026-02-13 11:45:58,202 libparallel INFO] 20 tasks finished
[2026-02-13 11:45:58,203 capri INFO] Rearranging cluster information into capri_clt.tsv
[2026-02-13 11:45:58,211 cli_clean INFO] Compressing '../3_emref' folder
[2026-02-13 11:45:58,211 clean_steps INFO] Cleaning output for '../3_emref' using 20 cores.
[2026-02-13 11:45:58,335 libtimer INFO] compressing took 0 seconds
[2026-02-13 11:45:58,335 cli_analyse INFO] CAPRI files identified
[2026-02-13 11:45:58,337 cli_analyse INFO] Plotting results..
[2026-02-13 11:45:59,440 cli_analyse INFO] Summary archive summary.tgz created!
[2026-02-13 11:45:59,440 cli_analyse INFO] moving files to analysis folder
[2026-02-13 11:45:59,440 cli_analyse INFO] cancelling unsuccesful analysis folders
[2026-02-13 11:45:59,440 cli_analyse INFO] updating paths in analysis/1_rigidbody_analysis/capri_ss.tsv
[2026-02-13 11:45:59,440 cli_analyse INFO] View the results in analysis/1_rigidbody_analysis/report.html
[2026-02-13 11:45:59,440 cli_analyse INFO] To view structures or download the structure files, in a terminal run the command `python -m http.server --directory /mnt/Data/PopOS/Data_Ana/Wu/clawdPorjects/HADDOCK_test/results/run_Neg_CTGTCTAGTGGGGAAT-1_contig_2_2`. By default, http server runs on `http://0.0.0.0:8000/`. Open the link http://0.0.0.0:8000/analysis/1_rigidbody_analysis/report.html in a web browser.
[2026-02-13 11:45:59,441 cli_analyse INFO] updating paths in analysis/2_flexref_analysis/capri_ss.tsv
[2026-02-13 11:45:59,441 cli_analyse INFO] View the results in analysis/2_flexref_analysis/report.html
[2026-02-13 11:45:59,441 cli_analyse INFO] To view structures or download the structure files, in a terminal run the command `python -m http.server --directory /mnt/Data/PopOS/Data_Ana/Wu/clawdPorjects/HADDOCK_test/results/run_Neg_CTGTCTAGTGGGGAAT-1_contig_2_2`. By default, http server runs on `http://0.0.0.0:8000/`. Open the link http://0.0.0.0:8000/analysis/2_flexref_analysis/report.html in a web browser.
[2026-02-13 11:45:59,441 cli_analyse INFO] updating paths in analysis/3_emref_analysis/capri_ss.tsv
[2026-02-13 11:45:59,441 cli_analyse INFO] View the results in analysis/3_emref_analysis/report.html
[2026-02-13 11:45:59,441 cli_analyse INFO] To view structures or download the structure files, in a terminal run the command `python -m http.server --directory /mnt/Data/PopOS/Data_Ana/Wu/clawdPorjects/HADDOCK_test/results/run_Neg_CTGTCTAGTGGGGAAT-1_contig_2_2`. By default, http server runs on `http://0.0.0.0:8000/`. Open the link http://0.0.0.0:8000/analysis/3_emref_analysis/report.html in a web browser.
[2026-02-13 11:45:59,441 cli_traceback INFO] Running haddock3-traceback on ./
[2026-02-13 11:45:59,441 cli_traceback INFO] Reading input run directory
[2026-02-13 11:45:59,441 cli_traceback INFO] All_steps: 0_topoaa, 1_rigidbody, 2_flexref, 3_emref
[2026-02-13 11:45:59,442 cli_traceback INFO] Modules not to be analysed: 0_topoaa
[2026-02-13 11:45:59,442 cli_traceback INFO] Steps to trace back: 1_rigidbody, 2_flexref, 3_emref
[2026-02-13 11:45:59,442 cli_traceback INFO] Created directory: /mnt/Data/PopOS/Data_Ana/Wu/clawdPorjects/HADDOCK_test/results/run_Neg_CTGTCTAGTGGGGAAT-1_contig_2_2/traceback
[2026-02-13 11:45:59,442 cli_traceback INFO] Tracing back step 3_emref
[2026-02-13 11:45:59,444 cli_traceback INFO] Tracing back step 2_flexref
[2026-02-13 11:45:59,446 cli_traceback INFO] Tracing back step 1_rigidbody
[2026-02-13 11:45:59,450 cli_traceback INFO] Output dataframe traceback/traceback.tsv created with shape (20, 8)
[2026-02-13 11:45:59,477 clean_steps INFO] Cleaning output for '0_topoaa' using 20 cores.
[2026-02-13 11:45:59,622 libtimer INFO] cleaning output files took 0 seconds
[2026-02-13 11:45:59,622 clean_steps INFO] Cleaning output for '1_rigidbody' using 20 cores.
[2026-02-13 11:45:59,634 libtimer INFO] cleaning output files took 0 seconds
[2026-02-13 11:45:59,634 clean_steps INFO] Cleaning output for '2_flexref' using 20 cores.
[2026-02-13 11:45:59,647 libtimer INFO] cleaning output files took 0 seconds
[2026-02-13 11:45:59,647 clean_steps INFO] Cleaning output for '3_emref' using 20 cores.
[2026-02-13 11:45:59,657 libtimer INFO] cleaning output files took 0 seconds
[2026-02-13 11:45:59,657 cli INFO] This HADDOCK3 run took: 2 minutes and 5 seconds
[2026-02-13 11:45:59,657 greetings INFO] Your feedback matters in Haddock3! Share your experience and help us grow:
[2026-02-13 11:45:59,657 greetings INFO] GitHub issues: https://github.com/haddocking/haddock3/issues
[2026-02-13 11:45:59,657 greetings INFO] BioExcel feedback: https://www.bonvinlab.org/feedback
[2026-02-13 11:45:59,657 greetings INFO] BioExcel forum: https://ask.bioexcel.eu/c/haddock/6
[2026-02-13 11:45:59,657 cli INFO] Finished at 13/02/2026 11:45:59. La revedere! Dovidenia! Ciao!
