[2026-02-06 20:11:51,932 cli INFO] 
##############################################
#                                            #
#                 HADDOCK3                   #
#                                            #
##############################################

!! Some of the HADDOCK3 components use CNS (Crystallographic and NMR System) which is free of use for non-profit applications. !!
!! For commercial use it is your own responsibility to have a proper license. !!
!! For details refer to the DISCLAIMER file in the HADDOCK3 repository. !!

Starting HADDOCK3 v2024.10.0b7 on 2026-02-06 20:11:00

Python 3.10.12 (main, Feb  4 2025, 14:57:36) [GCC 11.4.0]

[2026-02-06 20:11:55,731 libworkflow INFO] Reading instructions step 0_topoaa
[2026-02-06 20:11:55,731 libworkflow INFO] Reading instructions step 1_rigidbody
[2026-02-06 20:11:55,732 libworkflow INFO] Reading instructions step 2_flexref
[2026-02-06 20:11:55,732 libworkflow INFO] Reading instructions step 3_emref
[2026-02-06 20:11:55,746 base_cns_module INFO] Running [topoaa] module
[2026-02-06 20:11:55,746 __init__ INFO] [topoaa] Molecule 1: receptor_single_refold_8IUZ_Epi.pdb
[2026-02-06 20:11:55,747 __init__ INFO] [topoaa] Sanitizing molecule receptor_single_refold_8IUZ_Epi.pdb
[2026-02-06 20:11:55,754 __init__ INFO] [topoaa] Topology CNS input created
[2026-02-06 20:11:55,754 __init__ INFO] [topoaa] Molecule 2: ligand_single_refold_8IUZ_Epi.pdb
[2026-02-06 20:11:55,755 __init__ INFO] [topoaa] Sanitizing molecule ligand_single_refold_8IUZ_Epi.pdb
[2026-02-06 20:11:55,758 __init__ INFO] [topoaa] Topology CNS input created
[2026-02-06 20:11:55,758 __init__ INFO] [topoaa] Running CNS Jobs n=2
[2026-02-06 20:11:55,758 libutil INFO] Selected 2 cores to process 2 jobs, with 32 maximum available cores.
[2026-02-06 20:11:55,759 libparallel INFO] Using 2 cores
[2026-02-06 20:11:58,815 libparallel INFO] 2 tasks finished
[2026-02-06 20:11:58,816 __init__ INFO] [topoaa] CNS jobs have finished
[2026-02-06 20:11:58,818 base_cns_module INFO] Module [topoaa] finished.
[2026-02-06 20:11:58,818 __init__ INFO] [topoaa] took 3 seconds
[2026-02-06 20:11:59,171 base_cns_module INFO] Running [rigidbody] module
[2026-02-06 20:11:59,172 __init__ INFO] [rigidbody] crossdock=true
[2026-02-06 20:11:59,172 __init__ INFO] [rigidbody] Preparing jobs...
[2026-02-06 20:11:59,174 libutil INFO] Selected 20 cores to process 20 jobs, with 32 maximum available cores.
[2026-02-06 20:11:59,174 libparallel INFO] Using 20 cores
[2026-02-06 20:11:59,200 libparallel INFO] 20 tasks finished
[2026-02-06 20:11:59,200 __init__ INFO] [rigidbody] Preparation took 0.028729 seconds
[2026-02-06 20:11:59,202 __init__ INFO] [rigidbody] Running CNS Jobs n=20
[2026-02-06 20:11:59,202 libutil INFO] Selected 20 cores to process 20 jobs, with 32 maximum available cores.
[2026-02-06 20:11:59,202 libparallel INFO] Using 20 cores
[2026-02-06 20:12:08,959 libparallel INFO] 20 tasks finished
[2026-02-06 20:12:08,959 __init__ INFO] [rigidbody] CNS jobs have finished
[2026-02-06 20:12:08,986 base_cns_module INFO] Module [rigidbody] finished.
[2026-02-06 20:12:08,986 __init__ INFO] [rigidbody] took 10 seconds
[2026-02-06 20:12:09,376 base_cns_module INFO] Running [flexref] module
[2026-02-06 20:12:09,434 __init__ INFO] [flexref] Running CNS Jobs n=20
[2026-02-06 20:12:09,434 libutil INFO] Selected 20 cores to process 20 jobs, with 32 maximum available cores.
[2026-02-06 20:12:09,434 libparallel INFO] Using 20 cores
[2026-02-06 20:13:39,648 libparallel INFO] 20 tasks finished
[2026-02-06 20:13:39,649 __init__ INFO] [flexref] CNS jobs have finished
[2026-02-06 20:13:39,680 base_cns_module INFO] Module [flexref] finished.
[2026-02-06 20:13:39,680 __init__ INFO] [flexref] took 1 minute and 30 seconds
[2026-02-06 20:13:40,029 base_cns_module INFO] Running [emref] module
[2026-02-06 20:13:40,085 __init__ INFO] [emref] Running CNS Jobs n=20
[2026-02-06 20:13:40,085 libutil INFO] Selected 20 cores to process 20 jobs, with 32 maximum available cores.
[2026-02-06 20:13:40,086 libparallel INFO] Using 20 cores
[2026-02-06 20:13:46,839 libparallel INFO] 20 tasks finished
[2026-02-06 20:13:46,840 __init__ INFO] [emref] CNS jobs have finished
[2026-02-06 20:13:46,877 base_cns_module INFO] Module [emref] finished.
[2026-02-06 20:13:46,877 __init__ INFO] [emref] took 7 seconds
[2026-02-06 20:13:46,877 cli_analyse INFO] Running haddock3-analyse on ./, modules [], with top_cluster = 10
[2026-02-06 20:13:46,888 cli_analyse INFO] Created directory: /mnt/Data/PopOS/Data_Ana/Wu/clawdPorjects/HADDOCK_test/results/run_refold_8IUZ_Epi/analysis
[2026-02-06 20:13:46,888 cli_analyse INFO] Reading input run directory
[2026-02-06 20:13:46,889 cli_analyse INFO] selected steps: 0_topoaa, 1_rigidbody, 2_flexref, 3_emref
[2026-02-06 20:13:46,889 cli_analyse INFO] Analysing step 0_topoaa
[2026-02-06 20:13:46,889 cli_analyse WARNING] Could not execute the analysis for step 0_topoaa. The following error occurred 'dict' object has no attribute 'rel_path'
[2026-02-06 20:13:46,889 cli_analyse INFO] Analysing step 1_rigidbody
[2026-02-06 20:13:46,891 cli_unpack INFO] Unpacking '../1_rigidbody' folder
[2026-02-06 20:13:46,891 libtimer INFO] unpacking took 0 seconds
[2026-02-06 20:13:46,905 capri INFO] Found previous CNS step: 1_rigidbody
[2026-02-06 20:13:47,012 capri INFO] Saved scoring weights to: weights_params.json
[2026-02-06 20:13:47,012 __init__ INFO] [caprieval] No reference structure provided. Using the structure with the lowest score from previous step
[2026-02-06 20:13:47,094 libutil INFO] Selected 20 cores to process 20 jobs, with 32 maximum available cores.
[2026-02-06 20:13:47,095 libparallel INFO] Using 20 cores
[2026-02-06 20:13:47,615 libparallel INFO] 20 tasks finished
[2026-02-06 20:13:47,616 capri INFO] Rearranging cluster information into capri_clt.tsv
[2026-02-06 20:13:47,621 cli_clean INFO] Compressing '../1_rigidbody' folder
[2026-02-06 20:13:47,622 clean_steps INFO] Cleaning output for '../1_rigidbody' using 20 cores.
[2026-02-06 20:13:47,745 libtimer INFO] compressing took 0 seconds
[2026-02-06 20:13:47,745 cli_analyse INFO] CAPRI files identified
[2026-02-06 20:13:47,747 cli_analyse INFO] Plotting results..
[2026-02-06 20:13:48,966 cli_analyse INFO] Summary archive summary.tgz created!
[2026-02-06 20:13:48,966 cli_analyse INFO] Analysing step 2_flexref
[2026-02-06 20:13:48,968 cli_unpack INFO] Unpacking '../2_flexref' folder
[2026-02-06 20:13:48,969 libtimer INFO] unpacking took 0 seconds
[2026-02-06 20:13:48,982 capri INFO] Found previous CNS step: 2_flexref
[2026-02-06 20:13:49,219 capri INFO] Saved scoring weights to: weights_params.json
[2026-02-06 20:13:49,219 __init__ INFO] [caprieval] No reference structure provided. Using the structure with the lowest score from previous step
[2026-02-06 20:13:49,302 libutil INFO] Selected 20 cores to process 20 jobs, with 32 maximum available cores.
[2026-02-06 20:13:49,303 libparallel INFO] Using 20 cores
[2026-02-06 20:13:49,700 libparallel INFO] 20 tasks finished
[2026-02-06 20:13:49,701 capri INFO] Rearranging cluster information into capri_clt.tsv
[2026-02-06 20:13:49,707 cli_clean INFO] Compressing '../2_flexref' folder
[2026-02-06 20:13:49,708 clean_steps INFO] Cleaning output for '../2_flexref' using 20 cores.
[2026-02-06 20:13:49,836 libtimer INFO] compressing took 0 seconds
[2026-02-06 20:13:49,836 cli_analyse INFO] CAPRI files identified
[2026-02-06 20:13:49,839 cli_analyse INFO] Plotting results..
[2026-02-06 20:13:51,004 cli_analyse INFO] Summary archive summary.tgz created!
[2026-02-06 20:13:51,004 cli_analyse INFO] Analysing step 3_emref
[2026-02-06 20:13:51,006 cli_unpack INFO] Unpacking '../3_emref' folder
[2026-02-06 20:13:51,006 libtimer INFO] unpacking took 0 seconds
[2026-02-06 20:13:51,020 capri INFO] Found previous CNS step: 3_emref
[2026-02-06 20:13:51,120 capri INFO] Saved scoring weights to: weights_params.json
[2026-02-06 20:13:51,120 __init__ INFO] [caprieval] No reference structure provided. Using the structure with the lowest score from previous step
[2026-02-06 20:13:51,205 libutil INFO] Selected 20 cores to process 20 jobs, with 32 maximum available cores.
[2026-02-06 20:13:51,205 libparallel INFO] Using 20 cores
[2026-02-06 20:13:51,611 libparallel INFO] 20 tasks finished
[2026-02-06 20:13:51,612 capri INFO] Rearranging cluster information into capri_clt.tsv
[2026-02-06 20:13:51,618 cli_clean INFO] Compressing '../3_emref' folder
[2026-02-06 20:13:51,619 clean_steps INFO] Cleaning output for '../3_emref' using 20 cores.
[2026-02-06 20:13:51,743 libtimer INFO] compressing took 0 seconds
[2026-02-06 20:13:51,743 cli_analyse INFO] CAPRI files identified
[2026-02-06 20:13:51,745 cli_analyse INFO] Plotting results..
[2026-02-06 20:13:52,863 cli_analyse INFO] Summary archive summary.tgz created!
[2026-02-06 20:13:52,863 cli_analyse INFO] moving files to analysis folder
[2026-02-06 20:13:52,863 cli_analyse INFO] cancelling unsuccesful analysis folders
[2026-02-06 20:13:52,864 cli_analyse INFO] updating paths in analysis/1_rigidbody_analysis/capri_ss.tsv
[2026-02-06 20:13:52,864 cli_analyse INFO] View the results in analysis/1_rigidbody_analysis/report.html
[2026-02-06 20:13:52,864 cli_analyse INFO] To view structures or download the structure files, in a terminal run the command `python -m http.server --directory /mnt/Data/PopOS/Data_Ana/Wu/clawdPorjects/HADDOCK_test/results/run_refold_8IUZ_Epi`. By default, http server runs on `http://0.0.0.0:8000/`. Open the link http://0.0.0.0:8000/analysis/1_rigidbody_analysis/report.html in a web browser.
[2026-02-06 20:13:52,864 cli_analyse INFO] updating paths in analysis/2_flexref_analysis/capri_ss.tsv
[2026-02-06 20:13:52,864 cli_analyse INFO] View the results in analysis/2_flexref_analysis/report.html
[2026-02-06 20:13:52,864 cli_analyse INFO] To view structures or download the structure files, in a terminal run the command `python -m http.server --directory /mnt/Data/PopOS/Data_Ana/Wu/clawdPorjects/HADDOCK_test/results/run_refold_8IUZ_Epi`. By default, http server runs on `http://0.0.0.0:8000/`. Open the link http://0.0.0.0:8000/analysis/2_flexref_analysis/report.html in a web browser.
[2026-02-06 20:13:52,864 cli_analyse INFO] updating paths in analysis/3_emref_analysis/capri_ss.tsv
[2026-02-06 20:13:52,865 cli_analyse INFO] View the results in analysis/3_emref_analysis/report.html
[2026-02-06 20:13:52,865 cli_analyse INFO] To view structures or download the structure files, in a terminal run the command `python -m http.server --directory /mnt/Data/PopOS/Data_Ana/Wu/clawdPorjects/HADDOCK_test/results/run_refold_8IUZ_Epi`. By default, http server runs on `http://0.0.0.0:8000/`. Open the link http://0.0.0.0:8000/analysis/3_emref_analysis/report.html in a web browser.
[2026-02-06 20:13:52,865 cli_traceback INFO] Running haddock3-traceback on ./
[2026-02-06 20:13:52,865 cli_traceback INFO] Reading input run directory
[2026-02-06 20:13:52,866 cli_traceback INFO] All_steps: 0_topoaa, 1_rigidbody, 2_flexref, 3_emref
[2026-02-06 20:13:52,866 cli_traceback INFO] Modules not to be analysed: 0_topoaa
[2026-02-06 20:13:52,866 cli_traceback INFO] Steps to trace back: 1_rigidbody, 2_flexref, 3_emref
[2026-02-06 20:13:52,866 cli_traceback INFO] Created directory: /mnt/Data/PopOS/Data_Ana/Wu/clawdPorjects/HADDOCK_test/results/run_refold_8IUZ_Epi/traceback
[2026-02-06 20:13:52,866 cli_traceback INFO] Tracing back step 3_emref
[2026-02-06 20:13:52,868 cli_traceback INFO] Tracing back step 2_flexref
[2026-02-06 20:13:52,870 cli_traceback INFO] Tracing back step 1_rigidbody
[2026-02-06 20:13:52,874 cli_traceback INFO] Output dataframe traceback/traceback.tsv created with shape (20, 8)
[2026-02-06 20:13:52,901 clean_steps INFO] Cleaning output for '0_topoaa' using 20 cores.
[2026-02-06 20:13:53,035 libtimer INFO] cleaning output files took 0 seconds
[2026-02-06 20:13:53,035 clean_steps INFO] Cleaning output for '1_rigidbody' using 20 cores.
[2026-02-06 20:13:53,047 libtimer INFO] cleaning output files took 0 seconds
[2026-02-06 20:13:53,047 clean_steps INFO] Cleaning output for '2_flexref' using 20 cores.
[2026-02-06 20:13:53,065 libtimer INFO] cleaning output files took 0 seconds
[2026-02-06 20:13:53,065 clean_steps INFO] Cleaning output for '3_emref' using 20 cores.
[2026-02-06 20:13:53,093 libtimer INFO] cleaning output files took 0 seconds
[2026-02-06 20:13:53,093 cli INFO] This HADDOCK3 run took: 2 minutes and 1 seconds
[2026-02-06 20:13:53,094 greetings INFO] Your feedback matters in Haddock3! Share your experience and help us grow:
[2026-02-06 20:13:53,094 greetings INFO] GitHub issues: https://github.com/haddocking/haddock3/issues
[2026-02-06 20:13:53,094 greetings INFO] BioExcel feedback: https://www.bonvinlab.org/feedback
[2026-02-06 20:13:53,094 greetings INFO] BioExcel forum: https://ask.bioexcel.eu/c/haddock/6
[2026-02-06 20:13:53,094 cli INFO] Finished at 06/02/2026 20:13:53. Até logo! Tchau! Au revoir!
