[2026-02-06 05:34:21,960 cli INFO] 
##############################################
#                                            #
#                 HADDOCK3                   #
#                                            #
##############################################

!! Some of the HADDOCK3 components use CNS (Crystallographic and NMR System) which is free of use for non-profit applications. !!
!! For commercial use it is your own responsibility to have a proper license. !!
!! For details refer to the DISCLAIMER file in the HADDOCK3 repository. !!

Starting HADDOCK3 v2024.10.0b7 on 2026-02-06 05:34:00

Python 3.10.12 (main, Feb  4 2025, 14:57:36) [GCC 11.4.0]

[2026-02-06 05:34:25,681 libworkflow INFO] Reading instructions step 0_topoaa
[2026-02-06 05:34:25,681 libworkflow INFO] Reading instructions step 1_rigidbody
[2026-02-06 05:34:25,681 libworkflow INFO] Reading instructions step 2_flexref
[2026-02-06 05:34:25,681 libworkflow INFO] Reading instructions step 3_emref
[2026-02-06 05:34:25,695 base_cns_module INFO] Running [topoaa] module
[2026-02-06 05:34:25,696 __init__ INFO] [topoaa] Molecule 1: receptor_single_refold_9B2M_Epi.pdb
[2026-02-06 05:34:25,699 __init__ INFO] [topoaa] Sanitizing molecule receptor_single_refold_9B2M_Epi.pdb
[2026-02-06 05:34:25,719 __init__ INFO] [topoaa] Topology CNS input created
[2026-02-06 05:34:25,719 __init__ INFO] [topoaa] Molecule 2: ligand_single_refold_9B2M_Epi.pdb
[2026-02-06 05:34:25,720 __init__ INFO] [topoaa] Sanitizing molecule ligand_single_refold_9B2M_Epi.pdb
[2026-02-06 05:34:25,723 __init__ INFO] [topoaa] Topology CNS input created
[2026-02-06 05:34:25,723 __init__ INFO] [topoaa] Running CNS Jobs n=2
[2026-02-06 05:34:25,723 libutil INFO] Selected 2 cores to process 2 jobs, with 32 maximum available cores.
[2026-02-06 05:34:25,724 libparallel INFO] Using 2 cores
[2026-02-06 05:34:45,369 libparallel INFO] 2 tasks finished
[2026-02-06 05:34:45,369 __init__ INFO] [topoaa] CNS jobs have finished
[2026-02-06 05:34:45,371 base_cns_module INFO] Module [topoaa] finished.
[2026-02-06 05:34:45,371 __init__ INFO] [topoaa] took 20 seconds
[2026-02-06 05:34:45,720 base_cns_module INFO] Running [rigidbody] module
[2026-02-06 05:34:45,721 __init__ INFO] [rigidbody] crossdock=true
[2026-02-06 05:34:45,721 __init__ INFO] [rigidbody] Preparing jobs...
[2026-02-06 05:34:45,725 libutil INFO] Selected 20 cores to process 20 jobs, with 32 maximum available cores.
[2026-02-06 05:34:45,726 libparallel INFO] Using 20 cores
[2026-02-06 05:34:45,756 libparallel INFO] 20 tasks finished
[2026-02-06 05:34:45,757 __init__ INFO] [rigidbody] Preparation took 0.03572 seconds
[2026-02-06 05:34:45,758 __init__ INFO] [rigidbody] Running CNS Jobs n=20
[2026-02-06 05:34:45,758 libutil INFO] Selected 20 cores to process 20 jobs, with 32 maximum available cores.
[2026-02-06 05:34:45,759 libparallel INFO] Using 20 cores
[2026-02-06 05:35:18,725 libparallel INFO] 20 tasks finished
[2026-02-06 05:35:18,725 __init__ INFO] [rigidbody] CNS jobs have finished
[2026-02-06 05:35:18,784 base_cns_module INFO] Module [rigidbody] finished.
[2026-02-06 05:35:18,784 __init__ INFO] [rigidbody] took 33 seconds
[2026-02-06 05:35:19,167 base_cns_module INFO] Running [flexref] module
[2026-02-06 05:35:19,291 __init__ INFO] [flexref] Running CNS Jobs n=20
[2026-02-06 05:35:19,291 libutil INFO] Selected 20 cores to process 20 jobs, with 32 maximum available cores.
[2026-02-06 05:35:19,291 libparallel INFO] Using 20 cores
[2026-02-06 05:39:43,210 libparallel INFO] 20 tasks finished
[2026-02-06 05:39:43,211 __init__ INFO] [flexref] CNS jobs have finished
[2026-02-06 05:39:43,271 base_cns_module INFO] Module [flexref] finished.
[2026-02-06 05:39:43,271 __init__ INFO] [flexref] took 4 minutes and 24 seconds
[2026-02-06 05:39:43,612 base_cns_module INFO] Running [emref] module
[2026-02-06 05:39:43,733 __init__ INFO] [emref] Running CNS Jobs n=20
[2026-02-06 05:39:43,734 libutil INFO] Selected 20 cores to process 20 jobs, with 32 maximum available cores.
[2026-02-06 05:39:43,734 libparallel INFO] Using 20 cores
[2026-02-06 05:40:02,294 libparallel INFO] 20 tasks finished
[2026-02-06 05:40:02,295 __init__ INFO] [emref] CNS jobs have finished
[2026-02-06 05:40:02,372 base_cns_module INFO] Module [emref] finished.
[2026-02-06 05:40:02,372 __init__ INFO] [emref] took 19 seconds
[2026-02-06 05:40:02,372 cli_analyse INFO] Running haddock3-analyse on ./, modules [], with top_cluster = 10
[2026-02-06 05:40:02,378 cli_analyse INFO] Created directory: /mnt/Data/PopOS/Data_Ana/Wu/clawdPorjects/HADDOCK_test/results/run_refold_9B2M_Epi/analysis
[2026-02-06 05:40:02,378 cli_analyse INFO] Reading input run directory
[2026-02-06 05:40:02,379 cli_analyse INFO] selected steps: 0_topoaa, 1_rigidbody, 2_flexref, 3_emref
[2026-02-06 05:40:02,379 cli_analyse INFO] Analysing step 0_topoaa
[2026-02-06 05:40:02,379 cli_analyse WARNING] Could not execute the analysis for step 0_topoaa. The following error occurred 'dict' object has no attribute 'rel_path'
[2026-02-06 05:40:02,379 cli_analyse INFO] Analysing step 1_rigidbody
[2026-02-06 05:40:02,380 cli_unpack INFO] Unpacking '../1_rigidbody' folder
[2026-02-06 05:40:02,381 libtimer INFO] unpacking took 0 seconds
[2026-02-06 05:40:02,394 capri INFO] Found previous CNS step: 1_rigidbody
[2026-02-06 05:40:02,501 capri INFO] Saved scoring weights to: weights_params.json
[2026-02-06 05:40:02,501 __init__ INFO] [caprieval] No reference structure provided. Using the structure with the lowest score from previous step
[2026-02-06 05:40:02,698 libutil INFO] Selected 20 cores to process 20 jobs, with 32 maximum available cores.
[2026-02-06 05:40:02,698 libparallel INFO] Using 20 cores
[2026-02-06 05:40:03,917 libparallel INFO] 20 tasks finished
[2026-02-06 05:40:03,917 capri INFO] Rearranging cluster information into capri_clt.tsv
[2026-02-06 05:40:03,921 cli_clean INFO] Compressing '../1_rigidbody' folder
[2026-02-06 05:40:03,922 clean_steps INFO] Cleaning output for '../1_rigidbody' using 20 cores.
[2026-02-06 05:40:04,246 libtimer INFO] compressing took 0 seconds
[2026-02-06 05:40:04,247 cli_analyse INFO] CAPRI files identified
[2026-02-06 05:40:04,249 cli_analyse INFO] Plotting results..
[2026-02-06 05:40:06,339 cli_analyse INFO] Summary archive summary.tgz created!
[2026-02-06 05:40:06,339 cli_analyse INFO] Analysing step 2_flexref
[2026-02-06 05:40:06,342 cli_unpack INFO] Unpacking '../2_flexref' folder
[2026-02-06 05:40:06,342 libtimer INFO] unpacking took 0 seconds
[2026-02-06 05:40:06,355 capri INFO] Found previous CNS step: 2_flexref
[2026-02-06 05:40:06,606 capri INFO] Saved scoring weights to: weights_params.json
[2026-02-06 05:40:06,606 __init__ INFO] [caprieval] No reference structure provided. Using the structure with the lowest score from previous step
[2026-02-06 05:40:06,814 libutil INFO] Selected 20 cores to process 20 jobs, with 32 maximum available cores.
[2026-02-06 05:40:06,815 libparallel INFO] Using 20 cores
[2026-02-06 05:40:07,883 libparallel INFO] 20 tasks finished
[2026-02-06 05:40:07,884 capri INFO] Rearranging cluster information into capri_clt.tsv
[2026-02-06 05:40:07,888 cli_clean INFO] Compressing '../2_flexref' folder
[2026-02-06 05:40:07,888 clean_steps INFO] Cleaning output for '../2_flexref' using 20 cores.
[2026-02-06 05:40:08,123 libtimer INFO] compressing took 0 seconds
[2026-02-06 05:40:08,124 cli_analyse INFO] CAPRI files identified
[2026-02-06 05:40:08,126 cli_analyse INFO] Plotting results..
[2026-02-06 05:40:10,099 cli_analyse INFO] Summary archive summary.tgz created!
[2026-02-06 05:40:10,099 cli_analyse INFO] Analysing step 3_emref
[2026-02-06 05:40:10,101 cli_unpack INFO] Unpacking '../3_emref' folder
[2026-02-06 05:40:10,101 libtimer INFO] unpacking took 0 seconds
[2026-02-06 05:40:10,114 capri INFO] Found previous CNS step: 3_emref
[2026-02-06 05:40:10,215 capri INFO] Saved scoring weights to: weights_params.json
[2026-02-06 05:40:10,215 __init__ INFO] [caprieval] No reference structure provided. Using the structure with the lowest score from previous step
[2026-02-06 05:40:10,411 libutil INFO] Selected 20 cores to process 20 jobs, with 32 maximum available cores.
[2026-02-06 05:40:10,412 libparallel INFO] Using 20 cores
[2026-02-06 05:40:11,414 libparallel INFO] 20 tasks finished
[2026-02-06 05:40:11,415 capri INFO] Rearranging cluster information into capri_clt.tsv
[2026-02-06 05:40:11,419 cli_clean INFO] Compressing '../3_emref' folder
[2026-02-06 05:40:11,419 clean_steps INFO] Cleaning output for '../3_emref' using 20 cores.
[2026-02-06 05:40:11,650 libtimer INFO] compressing took 0 seconds
[2026-02-06 05:40:11,650 cli_analyse INFO] CAPRI files identified
[2026-02-06 05:40:11,652 cli_analyse INFO] Plotting results..
[2026-02-06 05:40:13,502 cli_analyse INFO] Summary archive summary.tgz created!
[2026-02-06 05:40:13,503 cli_analyse INFO] moving files to analysis folder
[2026-02-06 05:40:13,503 cli_analyse INFO] cancelling unsuccesful analysis folders
[2026-02-06 05:40:13,503 cli_analyse INFO] updating paths in analysis/1_rigidbody_analysis/capri_ss.tsv
[2026-02-06 05:40:13,503 cli_analyse INFO] View the results in analysis/1_rigidbody_analysis/report.html
[2026-02-06 05:40:13,503 cli_analyse INFO] To view structures or download the structure files, in a terminal run the command `python -m http.server --directory /mnt/Data/PopOS/Data_Ana/Wu/clawdPorjects/HADDOCK_test/results/run_refold_9B2M_Epi`. By default, http server runs on `http://0.0.0.0:8000/`. Open the link http://0.0.0.0:8000/analysis/1_rigidbody_analysis/report.html in a web browser.
[2026-02-06 05:40:13,503 cli_analyse INFO] updating paths in analysis/2_flexref_analysis/capri_ss.tsv
[2026-02-06 05:40:13,503 cli_analyse INFO] View the results in analysis/2_flexref_analysis/report.html
[2026-02-06 05:40:13,503 cli_analyse INFO] To view structures or download the structure files, in a terminal run the command `python -m http.server --directory /mnt/Data/PopOS/Data_Ana/Wu/clawdPorjects/HADDOCK_test/results/run_refold_9B2M_Epi`. By default, http server runs on `http://0.0.0.0:8000/`. Open the link http://0.0.0.0:8000/analysis/2_flexref_analysis/report.html in a web browser.
[2026-02-06 05:40:13,503 cli_analyse INFO] updating paths in analysis/3_emref_analysis/capri_ss.tsv
[2026-02-06 05:40:13,503 cli_analyse INFO] View the results in analysis/3_emref_analysis/report.html
[2026-02-06 05:40:13,504 cli_analyse INFO] To view structures or download the structure files, in a terminal run the command `python -m http.server --directory /mnt/Data/PopOS/Data_Ana/Wu/clawdPorjects/HADDOCK_test/results/run_refold_9B2M_Epi`. By default, http server runs on `http://0.0.0.0:8000/`. Open the link http://0.0.0.0:8000/analysis/3_emref_analysis/report.html in a web browser.
[2026-02-06 05:40:13,504 cli_traceback INFO] Running haddock3-traceback on ./
[2026-02-06 05:40:13,504 cli_traceback INFO] Reading input run directory
[2026-02-06 05:40:13,504 cli_traceback INFO] All_steps: 0_topoaa, 1_rigidbody, 2_flexref, 3_emref
[2026-02-06 05:40:13,504 cli_traceback INFO] Modules not to be analysed: 0_topoaa
[2026-02-06 05:40:13,504 cli_traceback INFO] Steps to trace back: 1_rigidbody, 2_flexref, 3_emref
[2026-02-06 05:40:13,504 cli_traceback INFO] Created directory: /mnt/Data/PopOS/Data_Ana/Wu/clawdPorjects/HADDOCK_test/results/run_refold_9B2M_Epi/traceback
[2026-02-06 05:40:13,504 cli_traceback INFO] Tracing back step 3_emref
[2026-02-06 05:40:13,506 cli_traceback INFO] Tracing back step 2_flexref
[2026-02-06 05:40:13,508 cli_traceback INFO] Tracing back step 1_rigidbody
[2026-02-06 05:40:13,512 cli_traceback INFO] Output dataframe traceback/traceback.tsv created with shape (20, 8)
[2026-02-06 05:40:13,539 clean_steps INFO] Cleaning output for '0_topoaa' using 20 cores.
[2026-02-06 05:40:13,829 libtimer INFO] cleaning output files took 0 seconds
[2026-02-06 05:40:13,829 clean_steps INFO] Cleaning output for '1_rigidbody' using 20 cores.
[2026-02-06 05:40:13,837 libtimer INFO] cleaning output files took 0 seconds
[2026-02-06 05:40:13,837 clean_steps INFO] Cleaning output for '2_flexref' using 20 cores.
[2026-02-06 05:40:13,845 libtimer INFO] cleaning output files took 0 seconds
[2026-02-06 05:40:13,846 clean_steps INFO] Cleaning output for '3_emref' using 20 cores.
[2026-02-06 05:40:13,857 libtimer INFO] cleaning output files took 0 seconds
[2026-02-06 05:40:13,857 cli INFO] This HADDOCK3 run took: 5 minutes and 52 seconds
[2026-02-06 05:40:13,857 greetings INFO] Your feedback matters in Haddock3! Share your experience and help us grow:
[2026-02-06 05:40:13,857 greetings INFO] GitHub issues: https://github.com/haddocking/haddock3/issues
[2026-02-06 05:40:13,857 greetings INFO] BioExcel feedback: https://www.bonvinlab.org/feedback
[2026-02-06 05:40:13,857 greetings INFO] BioExcel forum: https://ask.bioexcel.eu/c/haddock/6
[2026-02-06 05:40:13,857 cli INFO] Finished at 06/02/2026 05:40:13. Até logo! La revedere! Good bye!
