[2026-02-13 11:22:47,841 cli INFO] 
##############################################
#                                            #
#                 HADDOCK3                   #
#                                            #
##############################################

!! Some of the HADDOCK3 components use CNS (Crystallographic and NMR System) which is free of use for non-profit applications. !!
!! For commercial use it is your own responsibility to have a proper license. !!
!! For details refer to the DISCLAIMER file in the HADDOCK3 repository. !!

Starting HADDOCK3 v2024.10.0b7 on 2026-02-13 11:22:00

Python 3.10.12 (main, Feb  4 2025, 14:57:36) [GCC 11.4.0]

[2026-02-13 11:22:51,597 libworkflow INFO] Reading instructions step 0_topoaa
[2026-02-13 11:22:51,597 libworkflow INFO] Reading instructions step 1_rigidbody
[2026-02-13 11:22:51,597 libworkflow INFO] Reading instructions step 2_flexref
[2026-02-13 11:22:51,597 libworkflow INFO] Reading instructions step 3_emref
[2026-02-13 11:22:51,611 base_cns_module INFO] Running [topoaa] module
[2026-02-13 11:22:51,611 __init__ INFO] [topoaa] Molecule 1: receptor_single_Neg_CCTTGCCAGAACAGGT-1_contig_1_1.pdb
[2026-02-13 11:22:51,613 __init__ INFO] [topoaa] Sanitizing molecule receptor_single_Neg_CCTTGCCAGAACAGGT-1_contig_1_1.pdb
[2026-02-13 11:22:51,619 __init__ INFO] [topoaa] Topology CNS input created
[2026-02-13 11:22:51,619 __init__ INFO] [topoaa] Molecule 2: ligand_single_Neg_CCTTGCCAGAACAGGT-1_contig_1_1.pdb
[2026-02-13 11:22:51,621 __init__ INFO] [topoaa] Sanitizing molecule ligand_single_Neg_CCTTGCCAGAACAGGT-1_contig_1_1.pdb
[2026-02-13 11:22:51,627 __init__ INFO] [topoaa] Topology CNS input created
[2026-02-13 11:22:51,627 __init__ INFO] [topoaa] Running CNS Jobs n=2
[2026-02-13 11:22:51,627 libutil INFO] Selected 2 cores to process 2 jobs, with 32 maximum available cores.
[2026-02-13 11:22:51,628 libparallel INFO] Using 2 cores
[2026-02-13 11:22:54,854 libparallel INFO] 2 tasks finished
[2026-02-13 11:22:54,855 __init__ INFO] [topoaa] CNS jobs have finished
[2026-02-13 11:22:54,856 base_cns_module INFO] Module [topoaa] finished.
[2026-02-13 11:22:54,856 __init__ INFO] [topoaa] took 3 seconds
[2026-02-13 11:22:55,198 base_cns_module INFO] Running [rigidbody] module
[2026-02-13 11:22:55,199 __init__ INFO] [rigidbody] crossdock=true
[2026-02-13 11:22:55,199 __init__ INFO] [rigidbody] Preparing jobs...
[2026-02-13 11:22:55,201 libutil INFO] Selected 20 cores to process 20 jobs, with 32 maximum available cores.
[2026-02-13 11:22:55,202 libparallel INFO] Using 20 cores
[2026-02-13 11:22:55,229 libparallel INFO] 20 tasks finished
[2026-02-13 11:22:55,230 __init__ INFO] [rigidbody] Preparation took 0.030675 seconds
[2026-02-13 11:22:55,231 __init__ INFO] [rigidbody] Running CNS Jobs n=20
[2026-02-13 11:22:55,231 libutil INFO] Selected 20 cores to process 20 jobs, with 32 maximum available cores.
[2026-02-13 11:22:55,232 libparallel INFO] Using 20 cores
[2026-02-13 11:23:05,668 libparallel INFO] 20 tasks finished
[2026-02-13 11:23:05,669 __init__ INFO] [rigidbody] CNS jobs have finished
[2026-02-13 11:23:05,696 base_cns_module INFO] Module [rigidbody] finished.
[2026-02-13 11:23:05,696 __init__ INFO] [rigidbody] took 10 seconds
[2026-02-13 11:23:06,079 base_cns_module INFO] Running [flexref] module
[2026-02-13 11:23:06,139 __init__ INFO] [flexref] Running CNS Jobs n=20
[2026-02-13 11:23:06,139 libutil INFO] Selected 20 cores to process 20 jobs, with 32 maximum available cores.
[2026-02-13 11:23:06,139 libparallel INFO] Using 20 cores
[2026-02-13 11:24:40,925 libparallel INFO] 20 tasks finished
[2026-02-13 11:24:40,925 __init__ INFO] [flexref] CNS jobs have finished
[2026-02-13 11:24:40,967 base_cns_module INFO] Module [flexref] finished.
[2026-02-13 11:24:40,967 __init__ INFO] [flexref] took 1 minute and 35 seconds
[2026-02-13 11:24:41,310 base_cns_module INFO] Running [emref] module
[2026-02-13 11:24:41,368 __init__ INFO] [emref] Running CNS Jobs n=20
[2026-02-13 11:24:41,368 libutil INFO] Selected 20 cores to process 20 jobs, with 32 maximum available cores.
[2026-02-13 11:24:41,368 libparallel INFO] Using 20 cores
[2026-02-13 11:24:48,716 libparallel INFO] 20 tasks finished
[2026-02-13 11:24:48,716 __init__ INFO] [emref] CNS jobs have finished
[2026-02-13 11:24:48,744 base_cns_module INFO] Module [emref] finished.
[2026-02-13 11:24:48,744 __init__ INFO] [emref] took 7 seconds
[2026-02-13 11:24:48,744 cli_analyse INFO] Running haddock3-analyse on ./, modules [], with top_cluster = 10
[2026-02-13 11:24:48,751 cli_analyse INFO] Created directory: /mnt/Data/PopOS/Data_Ana/Wu/clawdPorjects/HADDOCK_test/results/run_Neg_CCTTGCCAGAACAGGT-1_contig_1_1/analysis
[2026-02-13 11:24:48,751 cli_analyse INFO] Reading input run directory
[2026-02-13 11:24:48,751 cli_analyse INFO] selected steps: 0_topoaa, 1_rigidbody, 2_flexref, 3_emref
[2026-02-13 11:24:48,751 cli_analyse INFO] Analysing step 0_topoaa
[2026-02-13 11:24:48,752 cli_analyse WARNING] Could not execute the analysis for step 0_topoaa. The following error occurred 'dict' object has no attribute 'rel_path'
[2026-02-13 11:24:48,752 cli_analyse INFO] Analysing step 1_rigidbody
[2026-02-13 11:24:48,753 cli_unpack INFO] Unpacking '../1_rigidbody' folder
[2026-02-13 11:24:48,753 libtimer INFO] unpacking took 0 seconds
[2026-02-13 11:24:48,766 capri INFO] Found previous CNS step: 1_rigidbody
[2026-02-13 11:24:48,875 capri INFO] Saved scoring weights to: weights_params.json
[2026-02-13 11:24:48,875 __init__ INFO] [caprieval] No reference structure provided. Using the structure with the lowest score from previous step
[2026-02-13 11:24:48,961 libutil INFO] Selected 20 cores to process 20 jobs, with 32 maximum available cores.
[2026-02-13 11:24:48,961 libparallel INFO] Using 20 cores
[2026-02-13 11:24:49,666 libparallel INFO] 20 tasks finished
[2026-02-13 11:24:49,666 capri INFO] Rearranging cluster information into capri_clt.tsv
[2026-02-13 11:24:49,672 cli_clean INFO] Compressing '../1_rigidbody' folder
[2026-02-13 11:24:49,672 clean_steps INFO] Cleaning output for '../1_rigidbody' using 20 cores.
[2026-02-13 11:24:49,805 libtimer INFO] compressing took 0 seconds
[2026-02-13 11:24:49,805 cli_analyse INFO] CAPRI files identified
[2026-02-13 11:24:49,807 cli_analyse INFO] Plotting results..
[2026-02-13 11:24:51,013 cli_analyse INFO] Summary archive summary.tgz created!
[2026-02-13 11:24:51,014 cli_analyse INFO] Analysing step 2_flexref
[2026-02-13 11:24:51,016 cli_unpack INFO] Unpacking '../2_flexref' folder
[2026-02-13 11:24:51,016 libtimer INFO] unpacking took 0 seconds
[2026-02-13 11:24:51,029 capri INFO] Found previous CNS step: 2_flexref
[2026-02-13 11:24:51,268 capri INFO] Saved scoring weights to: weights_params.json
[2026-02-13 11:24:51,268 __init__ INFO] [caprieval] No reference structure provided. Using the structure with the lowest score from previous step
[2026-02-13 11:24:51,356 libutil INFO] Selected 20 cores to process 20 jobs, with 32 maximum available cores.
[2026-02-13 11:24:51,356 libparallel INFO] Using 20 cores
[2026-02-13 11:24:51,763 libparallel INFO] 20 tasks finished
[2026-02-13 11:24:51,764 capri INFO] Rearranging cluster information into capri_clt.tsv
[2026-02-13 11:24:51,768 cli_clean INFO] Compressing '../2_flexref' folder
[2026-02-13 11:24:51,768 clean_steps INFO] Cleaning output for '../2_flexref' using 20 cores.
[2026-02-13 11:24:51,887 libtimer INFO] compressing took 0 seconds
[2026-02-13 11:24:51,887 cli_analyse INFO] CAPRI files identified
[2026-02-13 11:24:51,888 cli_analyse INFO] Plotting results..
[2026-02-13 11:24:52,996 cli_analyse INFO] Summary archive summary.tgz created!
[2026-02-13 11:24:52,996 cli_analyse INFO] Analysing step 3_emref
[2026-02-13 11:24:52,998 cli_unpack INFO] Unpacking '../3_emref' folder
[2026-02-13 11:24:52,999 libtimer INFO] unpacking took 0 seconds
[2026-02-13 11:24:53,012 capri INFO] Found previous CNS step: 3_emref
[2026-02-13 11:24:53,114 capri INFO] Saved scoring weights to: weights_params.json
[2026-02-13 11:24:53,114 __init__ INFO] [caprieval] No reference structure provided. Using the structure with the lowest score from previous step
[2026-02-13 11:24:53,202 libutil INFO] Selected 20 cores to process 20 jobs, with 32 maximum available cores.
[2026-02-13 11:24:53,202 libparallel INFO] Using 20 cores
[2026-02-13 11:24:53,604 libparallel INFO] 20 tasks finished
[2026-02-13 11:24:53,605 capri INFO] Rearranging cluster information into capri_clt.tsv
[2026-02-13 11:24:53,609 cli_clean INFO] Compressing '../3_emref' folder
[2026-02-13 11:24:53,609 clean_steps INFO] Cleaning output for '../3_emref' using 20 cores.
[2026-02-13 11:24:53,731 libtimer INFO] compressing took 0 seconds
[2026-02-13 11:24:53,732 cli_analyse INFO] CAPRI files identified
[2026-02-13 11:24:53,734 cli_analyse INFO] Plotting results..
[2026-02-13 11:24:54,861 cli_analyse INFO] Summary archive summary.tgz created!
[2026-02-13 11:24:54,861 cli_analyse INFO] moving files to analysis folder
[2026-02-13 11:24:54,861 cli_analyse INFO] cancelling unsuccesful analysis folders
[2026-02-13 11:24:54,861 cli_analyse INFO] updating paths in analysis/1_rigidbody_analysis/capri_ss.tsv
[2026-02-13 11:24:54,862 cli_analyse INFO] View the results in analysis/1_rigidbody_analysis/report.html
[2026-02-13 11:24:54,862 cli_analyse INFO] To view structures or download the structure files, in a terminal run the command `python -m http.server --directory /mnt/Data/PopOS/Data_Ana/Wu/clawdPorjects/HADDOCK_test/results/run_Neg_CCTTGCCAGAACAGGT-1_contig_1_1`. By default, http server runs on `http://0.0.0.0:8000/`. Open the link http://0.0.0.0:8000/analysis/1_rigidbody_analysis/report.html in a web browser.
[2026-02-13 11:24:54,862 cli_analyse INFO] updating paths in analysis/2_flexref_analysis/capri_ss.tsv
[2026-02-13 11:24:54,862 cli_analyse INFO] View the results in analysis/2_flexref_analysis/report.html
[2026-02-13 11:24:54,862 cli_analyse INFO] To view structures or download the structure files, in a terminal run the command `python -m http.server --directory /mnt/Data/PopOS/Data_Ana/Wu/clawdPorjects/HADDOCK_test/results/run_Neg_CCTTGCCAGAACAGGT-1_contig_1_1`. By default, http server runs on `http://0.0.0.0:8000/`. Open the link http://0.0.0.0:8000/analysis/2_flexref_analysis/report.html in a web browser.
[2026-02-13 11:24:54,862 cli_analyse INFO] updating paths in analysis/3_emref_analysis/capri_ss.tsv
[2026-02-13 11:24:54,862 cli_analyse INFO] View the results in analysis/3_emref_analysis/report.html
[2026-02-13 11:24:54,862 cli_analyse INFO] To view structures or download the structure files, in a terminal run the command `python -m http.server --directory /mnt/Data/PopOS/Data_Ana/Wu/clawdPorjects/HADDOCK_test/results/run_Neg_CCTTGCCAGAACAGGT-1_contig_1_1`. By default, http server runs on `http://0.0.0.0:8000/`. Open the link http://0.0.0.0:8000/analysis/3_emref_analysis/report.html in a web browser.
[2026-02-13 11:24:54,862 cli_traceback INFO] Running haddock3-traceback on ./
[2026-02-13 11:24:54,862 cli_traceback INFO] Reading input run directory
[2026-02-13 11:24:54,863 cli_traceback INFO] All_steps: 0_topoaa, 1_rigidbody, 2_flexref, 3_emref
[2026-02-13 11:24:54,863 cli_traceback INFO] Modules not to be analysed: 0_topoaa
[2026-02-13 11:24:54,863 cli_traceback INFO] Steps to trace back: 1_rigidbody, 2_flexref, 3_emref
[2026-02-13 11:24:54,863 cli_traceback INFO] Created directory: /mnt/Data/PopOS/Data_Ana/Wu/clawdPorjects/HADDOCK_test/results/run_Neg_CCTTGCCAGAACAGGT-1_contig_1_1/traceback
[2026-02-13 11:24:54,863 cli_traceback INFO] Tracing back step 3_emref
[2026-02-13 11:24:54,865 cli_traceback INFO] Tracing back step 2_flexref
[2026-02-13 11:24:54,867 cli_traceback INFO] Tracing back step 1_rigidbody
[2026-02-13 11:24:54,871 cli_traceback INFO] Output dataframe traceback/traceback.tsv created with shape (20, 8)
[2026-02-13 11:24:54,899 clean_steps INFO] Cleaning output for '0_topoaa' using 20 cores.
[2026-02-13 11:24:55,031 libtimer INFO] cleaning output files took 0 seconds
[2026-02-13 11:24:55,031 clean_steps INFO] Cleaning output for '1_rigidbody' using 20 cores.
[2026-02-13 11:24:55,039 libtimer INFO] cleaning output files took 0 seconds
[2026-02-13 11:24:55,039 clean_steps INFO] Cleaning output for '2_flexref' using 20 cores.
[2026-02-13 11:24:55,046 libtimer INFO] cleaning output files took 0 seconds
[2026-02-13 11:24:55,046 clean_steps INFO] Cleaning output for '3_emref' using 20 cores.
[2026-02-13 11:24:55,054 libtimer INFO] cleaning output files took 0 seconds
[2026-02-13 11:24:55,055 cli INFO] This HADDOCK3 run took: 2 minutes and 7 seconds
[2026-02-13 11:24:55,055 greetings INFO] Your feedback matters in Haddock3! Share your experience and help us grow:
[2026-02-13 11:24:55,055 greetings INFO] GitHub issues: https://github.com/haddocking/haddock3/issues
[2026-02-13 11:24:55,055 greetings INFO] BioExcel feedback: https://www.bonvinlab.org/feedback
[2026-02-13 11:24:55,055 greetings INFO] BioExcel forum: https://ask.bioexcel.eu/c/haddock/6
[2026-02-13 11:24:55,055 cli INFO] Finished at 13/02/2026 11:24:55. Adiós! Agur! Good bye!
