[2026-02-13 11:12:09,154 cli INFO] 
##############################################
#                                            #
#                 HADDOCK3                   #
#                                            #
##############################################

!! Some of the HADDOCK3 components use CNS (Crystallographic and NMR System) which is free of use for non-profit applications. !!
!! For commercial use it is your own responsibility to have a proper license. !!
!! For details refer to the DISCLAIMER file in the HADDOCK3 repository. !!

Starting HADDOCK3 v2024.10.0b7 on 2026-02-13 11:12:00

Python 3.10.12 (main, Feb  4 2025, 14:57:36) [GCC 11.4.0]

[2026-02-13 11:12:12,843 libworkflow INFO] Reading instructions step 0_topoaa
[2026-02-13 11:12:12,843 libworkflow INFO] Reading instructions step 1_rigidbody
[2026-02-13 11:12:12,843 libworkflow INFO] Reading instructions step 2_flexref
[2026-02-13 11:12:12,843 libworkflow INFO] Reading instructions step 3_emref
[2026-02-13 11:12:12,857 base_cns_module INFO] Running [topoaa] module
[2026-02-13 11:12:12,857 __init__ INFO] [topoaa] Molecule 1: receptor_single_Neg_CCGCCAAAGCATGTTG-1_contig_1_1.pdb
[2026-02-13 11:12:12,859 __init__ INFO] [topoaa] Sanitizing molecule receptor_single_Neg_CCGCCAAAGCATGTTG-1_contig_1_1.pdb
[2026-02-13 11:12:12,866 __init__ INFO] [topoaa] Topology CNS input created
[2026-02-13 11:12:12,866 __init__ INFO] [topoaa] Molecule 2: ligand_single_Neg_CCGCCAAAGCATGTTG-1_contig_1_1.pdb
[2026-02-13 11:12:12,867 __init__ INFO] [topoaa] Sanitizing molecule ligand_single_Neg_CCGCCAAAGCATGTTG-1_contig_1_1.pdb
[2026-02-13 11:12:12,873 __init__ INFO] [topoaa] Topology CNS input created
[2026-02-13 11:12:12,873 __init__ INFO] [topoaa] Running CNS Jobs n=2
[2026-02-13 11:12:12,873 libutil INFO] Selected 2 cores to process 2 jobs, with 32 maximum available cores.
[2026-02-13 11:12:12,874 libparallel INFO] Using 2 cores
[2026-02-13 11:12:16,115 libparallel INFO] 2 tasks finished
[2026-02-13 11:12:16,115 __init__ INFO] [topoaa] CNS jobs have finished
[2026-02-13 11:12:16,117 base_cns_module INFO] Module [topoaa] finished.
[2026-02-13 11:12:16,117 __init__ INFO] [topoaa] took 3 seconds
[2026-02-13 11:12:16,457 base_cns_module INFO] Running [rigidbody] module
[2026-02-13 11:12:16,457 __init__ INFO] [rigidbody] crossdock=true
[2026-02-13 11:12:16,457 __init__ INFO] [rigidbody] Preparing jobs...
[2026-02-13 11:12:16,459 libutil INFO] Selected 20 cores to process 20 jobs, with 32 maximum available cores.
[2026-02-13 11:12:16,460 libparallel INFO] Using 20 cores
[2026-02-13 11:12:16,487 libparallel INFO] 20 tasks finished
[2026-02-13 11:12:16,488 __init__ INFO] [rigidbody] Preparation took 0.030381 seconds
[2026-02-13 11:12:16,489 __init__ INFO] [rigidbody] Running CNS Jobs n=20
[2026-02-13 11:12:16,489 libutil INFO] Selected 20 cores to process 20 jobs, with 32 maximum available cores.
[2026-02-13 11:12:16,489 libparallel INFO] Using 20 cores
[2026-02-13 11:12:26,925 libparallel INFO] 20 tasks finished
[2026-02-13 11:12:26,926 __init__ INFO] [rigidbody] CNS jobs have finished
[2026-02-13 11:12:26,962 base_cns_module INFO] Module [rigidbody] finished.
[2026-02-13 11:12:26,962 __init__ INFO] [rigidbody] took 11 seconds
[2026-02-13 11:12:27,336 base_cns_module INFO] Running [flexref] module
[2026-02-13 11:12:27,394 __init__ INFO] [flexref] Running CNS Jobs n=20
[2026-02-13 11:12:27,394 libutil INFO] Selected 20 cores to process 20 jobs, with 32 maximum available cores.
[2026-02-13 11:12:27,394 libparallel INFO] Using 20 cores
[2026-02-13 11:14:00,138 libparallel INFO] 20 tasks finished
[2026-02-13 11:14:00,138 __init__ INFO] [flexref] CNS jobs have finished
[2026-02-13 11:14:00,165 base_cns_module INFO] Module [flexref] finished.
[2026-02-13 11:14:00,165 __init__ INFO] [flexref] took 1 minute and 33 seconds
[2026-02-13 11:14:00,506 base_cns_module INFO] Running [emref] module
[2026-02-13 11:14:00,563 __init__ INFO] [emref] Running CNS Jobs n=20
[2026-02-13 11:14:00,563 libutil INFO] Selected 20 cores to process 20 jobs, with 32 maximum available cores.
[2026-02-13 11:14:00,563 libparallel INFO] Using 20 cores
[2026-02-13 11:14:07,663 libparallel INFO] 20 tasks finished
[2026-02-13 11:14:07,663 __init__ INFO] [emref] CNS jobs have finished
[2026-02-13 11:14:07,704 base_cns_module INFO] Module [emref] finished.
[2026-02-13 11:14:07,704 __init__ INFO] [emref] took 7 seconds
[2026-02-13 11:14:07,704 cli_analyse INFO] Running haddock3-analyse on ./, modules [], with top_cluster = 10
[2026-02-13 11:14:07,710 cli_analyse INFO] Created directory: /mnt/Data/PopOS/Data_Ana/Wu/clawdPorjects/HADDOCK_test/results/run_Neg_CCGCCAAAGCATGTTG-1_contig_1_1/analysis
[2026-02-13 11:14:07,710 cli_analyse INFO] Reading input run directory
[2026-02-13 11:14:07,711 cli_analyse INFO] selected steps: 0_topoaa, 1_rigidbody, 2_flexref, 3_emref
[2026-02-13 11:14:07,711 cli_analyse INFO] Analysing step 0_topoaa
[2026-02-13 11:14:07,711 cli_analyse WARNING] Could not execute the analysis for step 0_topoaa. The following error occurred 'dict' object has no attribute 'rel_path'
[2026-02-13 11:14:07,711 cli_analyse INFO] Analysing step 1_rigidbody
[2026-02-13 11:14:07,712 cli_unpack INFO] Unpacking '../1_rigidbody' folder
[2026-02-13 11:14:07,713 libtimer INFO] unpacking took 0 seconds
[2026-02-13 11:14:07,726 capri INFO] Found previous CNS step: 1_rigidbody
[2026-02-13 11:14:07,834 capri INFO] Saved scoring weights to: weights_params.json
[2026-02-13 11:14:07,834 __init__ INFO] [caprieval] No reference structure provided. Using the structure with the lowest score from previous step
[2026-02-13 11:14:07,919 libutil INFO] Selected 20 cores to process 20 jobs, with 32 maximum available cores.
[2026-02-13 11:14:07,919 libparallel INFO] Using 20 cores
[2026-02-13 11:14:08,334 libparallel INFO] 20 tasks finished
[2026-02-13 11:14:08,335 capri INFO] Rearranging cluster information into capri_clt.tsv
[2026-02-13 11:14:08,339 cli_clean INFO] Compressing '../1_rigidbody' folder
[2026-02-13 11:14:08,339 clean_steps INFO] Cleaning output for '../1_rigidbody' using 20 cores.
[2026-02-13 11:14:08,466 libtimer INFO] compressing took 0 seconds
[2026-02-13 11:14:08,466 cli_analyse INFO] CAPRI files identified
[2026-02-13 11:14:08,468 cli_analyse INFO] Plotting results..
[2026-02-13 11:14:09,675 cli_analyse INFO] Summary archive summary.tgz created!
[2026-02-13 11:14:09,675 cli_analyse INFO] Analysing step 2_flexref
[2026-02-13 11:14:09,677 cli_unpack INFO] Unpacking '../2_flexref' folder
[2026-02-13 11:14:09,678 libtimer INFO] unpacking took 0 seconds
[2026-02-13 11:14:09,691 capri INFO] Found previous CNS step: 2_flexref
[2026-02-13 11:14:09,929 capri INFO] Saved scoring weights to: weights_params.json
[2026-02-13 11:14:09,929 __init__ INFO] [caprieval] No reference structure provided. Using the structure with the lowest score from previous step
[2026-02-13 11:14:10,017 libutil INFO] Selected 20 cores to process 20 jobs, with 32 maximum available cores.
[2026-02-13 11:14:10,017 libparallel INFO] Using 20 cores
[2026-02-13 11:14:10,397 libparallel INFO] 20 tasks finished
[2026-02-13 11:14:10,398 capri INFO] Rearranging cluster information into capri_clt.tsv
[2026-02-13 11:14:10,405 cli_clean INFO] Compressing '../2_flexref' folder
[2026-02-13 11:14:10,405 clean_steps INFO] Cleaning output for '../2_flexref' using 20 cores.
[2026-02-13 11:14:10,524 libtimer INFO] compressing took 0 seconds
[2026-02-13 11:14:10,524 cli_analyse INFO] CAPRI files identified
[2026-02-13 11:14:10,526 cli_analyse INFO] Plotting results..
[2026-02-13 11:14:11,619 cli_analyse INFO] Summary archive summary.tgz created!
[2026-02-13 11:14:11,619 cli_analyse INFO] Analysing step 3_emref
[2026-02-13 11:14:11,621 cli_unpack INFO] Unpacking '../3_emref' folder
[2026-02-13 11:14:11,622 libtimer INFO] unpacking took 0 seconds
[2026-02-13 11:14:11,635 capri INFO] Found previous CNS step: 3_emref
[2026-02-13 11:14:11,736 capri INFO] Saved scoring weights to: weights_params.json
[2026-02-13 11:14:11,736 __init__ INFO] [caprieval] No reference structure provided. Using the structure with the lowest score from previous step
[2026-02-13 11:14:11,823 libutil INFO] Selected 20 cores to process 20 jobs, with 32 maximum available cores.
[2026-02-13 11:14:11,823 libparallel INFO] Using 20 cores
[2026-02-13 11:14:12,205 libparallel INFO] 20 tasks finished
[2026-02-13 11:14:12,206 capri INFO] Rearranging cluster information into capri_clt.tsv
[2026-02-13 11:14:12,211 cli_clean INFO] Compressing '../3_emref' folder
[2026-02-13 11:14:12,211 clean_steps INFO] Cleaning output for '../3_emref' using 20 cores.
[2026-02-13 11:14:12,332 libtimer INFO] compressing took 0 seconds
[2026-02-13 11:14:12,333 cli_analyse INFO] CAPRI files identified
[2026-02-13 11:14:12,335 cli_analyse INFO] Plotting results..
[2026-02-13 11:14:13,437 cli_analyse INFO] Summary archive summary.tgz created!
[2026-02-13 11:14:13,437 cli_analyse INFO] moving files to analysis folder
[2026-02-13 11:14:13,437 cli_analyse INFO] cancelling unsuccesful analysis folders
[2026-02-13 11:14:13,437 cli_analyse INFO] updating paths in analysis/1_rigidbody_analysis/capri_ss.tsv
[2026-02-13 11:14:13,438 cli_analyse INFO] View the results in analysis/1_rigidbody_analysis/report.html
[2026-02-13 11:14:13,438 cli_analyse INFO] To view structures or download the structure files, in a terminal run the command `python -m http.server --directory /mnt/Data/PopOS/Data_Ana/Wu/clawdPorjects/HADDOCK_test/results/run_Neg_CCGCCAAAGCATGTTG-1_contig_1_1`. By default, http server runs on `http://0.0.0.0:8000/`. Open the link http://0.0.0.0:8000/analysis/1_rigidbody_analysis/report.html in a web browser.
[2026-02-13 11:14:13,438 cli_analyse INFO] updating paths in analysis/2_flexref_analysis/capri_ss.tsv
[2026-02-13 11:14:13,438 cli_analyse INFO] View the results in analysis/2_flexref_analysis/report.html
[2026-02-13 11:14:13,438 cli_analyse INFO] To view structures or download the structure files, in a terminal run the command `python -m http.server --directory /mnt/Data/PopOS/Data_Ana/Wu/clawdPorjects/HADDOCK_test/results/run_Neg_CCGCCAAAGCATGTTG-1_contig_1_1`. By default, http server runs on `http://0.0.0.0:8000/`. Open the link http://0.0.0.0:8000/analysis/2_flexref_analysis/report.html in a web browser.
[2026-02-13 11:14:13,438 cli_analyse INFO] updating paths in analysis/3_emref_analysis/capri_ss.tsv
[2026-02-13 11:14:13,438 cli_analyse INFO] View the results in analysis/3_emref_analysis/report.html
[2026-02-13 11:14:13,438 cli_analyse INFO] To view structures or download the structure files, in a terminal run the command `python -m http.server --directory /mnt/Data/PopOS/Data_Ana/Wu/clawdPorjects/HADDOCK_test/results/run_Neg_CCGCCAAAGCATGTTG-1_contig_1_1`. By default, http server runs on `http://0.0.0.0:8000/`. Open the link http://0.0.0.0:8000/analysis/3_emref_analysis/report.html in a web browser.
[2026-02-13 11:14:13,438 cli_traceback INFO] Running haddock3-traceback on ./
[2026-02-13 11:14:13,438 cli_traceback INFO] Reading input run directory
[2026-02-13 11:14:13,438 cli_traceback INFO] All_steps: 0_topoaa, 1_rigidbody, 2_flexref, 3_emref
[2026-02-13 11:14:13,439 cli_traceback INFO] Modules not to be analysed: 0_topoaa
[2026-02-13 11:14:13,439 cli_traceback INFO] Steps to trace back: 1_rigidbody, 2_flexref, 3_emref
[2026-02-13 11:14:13,439 cli_traceback INFO] Created directory: /mnt/Data/PopOS/Data_Ana/Wu/clawdPorjects/HADDOCK_test/results/run_Neg_CCGCCAAAGCATGTTG-1_contig_1_1/traceback
[2026-02-13 11:14:13,439 cli_traceback INFO] Tracing back step 3_emref
[2026-02-13 11:14:13,441 cli_traceback INFO] Tracing back step 2_flexref
[2026-02-13 11:14:13,443 cli_traceback INFO] Tracing back step 1_rigidbody
[2026-02-13 11:14:13,447 cli_traceback INFO] Output dataframe traceback/traceback.tsv created with shape (20, 8)
[2026-02-13 11:14:13,474 clean_steps INFO] Cleaning output for '0_topoaa' using 20 cores.
[2026-02-13 11:14:13,605 libtimer INFO] cleaning output files took 0 seconds
[2026-02-13 11:14:13,605 clean_steps INFO] Cleaning output for '1_rigidbody' using 20 cores.
[2026-02-13 11:14:13,613 libtimer INFO] cleaning output files took 0 seconds
[2026-02-13 11:14:13,613 clean_steps INFO] Cleaning output for '2_flexref' using 20 cores.
[2026-02-13 11:14:13,622 libtimer INFO] cleaning output files took 0 seconds
[2026-02-13 11:14:13,622 clean_steps INFO] Cleaning output for '3_emref' using 20 cores.
[2026-02-13 11:14:13,634 libtimer INFO] cleaning output files took 0 seconds
[2026-02-13 11:14:13,634 cli INFO] This HADDOCK3 run took: 2 minutes and 4 seconds
[2026-02-13 11:14:13,635 greetings INFO] Your feedback matters in Haddock3! Share your experience and help us grow:
[2026-02-13 11:14:13,635 greetings INFO] GitHub issues: https://github.com/haddocking/haddock3/issues
[2026-02-13 11:14:13,635 greetings INFO] BioExcel feedback: https://www.bonvinlab.org/feedback
[2026-02-13 11:14:13,635 greetings INFO] BioExcel forum: https://ask.bioexcel.eu/c/haddock/6
[2026-02-13 11:14:13,635 cli INFO] Finished at 13/02/2026 11:14:13. Tot ziens! Do pobachennya! Tchau!
