[2026-02-13 11:03:35,294 cli INFO] 
##############################################
#                                            #
#                 HADDOCK3                   #
#                                            #
##############################################

!! Some of the HADDOCK3 components use CNS (Crystallographic and NMR System) which is free of use for non-profit applications. !!
!! For commercial use it is your own responsibility to have a proper license. !!
!! For details refer to the DISCLAIMER file in the HADDOCK3 repository. !!

Starting HADDOCK3 v2024.10.0b7 on 2026-02-13 11:03:00

Python 3.10.12 (main, Feb  4 2025, 14:57:36) [GCC 11.4.0]

[2026-02-13 11:03:38,957 libworkflow INFO] Reading instructions step 0_topoaa
[2026-02-13 11:03:38,957 libworkflow INFO] Reading instructions step 1_rigidbody
[2026-02-13 11:03:38,957 libworkflow INFO] Reading instructions step 2_flexref
[2026-02-13 11:03:38,957 libworkflow INFO] Reading instructions step 3_emref
[2026-02-13 11:03:38,971 base_cns_module INFO] Running [topoaa] module
[2026-02-13 11:03:38,971 __init__ INFO] [topoaa] Molecule 1: receptor_single_Neg_CATAGTAGTACAATTG-1_contig_1_1.pdb
[2026-02-13 11:03:38,973 __init__ INFO] [topoaa] Sanitizing molecule receptor_single_Neg_CATAGTAGTACAATTG-1_contig_1_1.pdb
[2026-02-13 11:03:38,980 __init__ INFO] [topoaa] Topology CNS input created
[2026-02-13 11:03:38,980 __init__ INFO] [topoaa] Molecule 2: ligand_single_Neg_CATAGTAGTACAATTG-1_contig_1_1.pdb
[2026-02-13 11:03:38,981 __init__ INFO] [topoaa] Sanitizing molecule ligand_single_Neg_CATAGTAGTACAATTG-1_contig_1_1.pdb
[2026-02-13 11:03:38,988 __init__ INFO] [topoaa] Topology CNS input created
[2026-02-13 11:03:38,988 __init__ INFO] [topoaa] Running CNS Jobs n=2
[2026-02-13 11:03:38,988 libutil INFO] Selected 2 cores to process 2 jobs, with 32 maximum available cores.
[2026-02-13 11:03:38,989 libparallel INFO] Using 2 cores
[2026-02-13 11:03:42,223 libparallel INFO] 2 tasks finished
[2026-02-13 11:03:42,223 __init__ INFO] [topoaa] CNS jobs have finished
[2026-02-13 11:03:42,225 base_cns_module INFO] Module [topoaa] finished.
[2026-02-13 11:03:42,225 __init__ INFO] [topoaa] took 3 seconds
[2026-02-13 11:03:42,561 base_cns_module INFO] Running [rigidbody] module
[2026-02-13 11:03:42,561 __init__ INFO] [rigidbody] crossdock=true
[2026-02-13 11:03:42,561 __init__ INFO] [rigidbody] Preparing jobs...
[2026-02-13 11:03:42,563 libutil INFO] Selected 20 cores to process 20 jobs, with 32 maximum available cores.
[2026-02-13 11:03:42,564 libparallel INFO] Using 20 cores
[2026-02-13 11:03:42,590 libparallel INFO] 20 tasks finished
[2026-02-13 11:03:42,591 __init__ INFO] [rigidbody] Preparation took 0.029838 seconds
[2026-02-13 11:03:42,592 __init__ INFO] [rigidbody] Running CNS Jobs n=20
[2026-02-13 11:03:42,593 libutil INFO] Selected 20 cores to process 20 jobs, with 32 maximum available cores.
[2026-02-13 11:03:42,593 libparallel INFO] Using 20 cores
[2026-02-13 11:03:53,574 libparallel INFO] 20 tasks finished
[2026-02-13 11:03:53,574 __init__ INFO] [rigidbody] CNS jobs have finished
[2026-02-13 11:03:53,604 base_cns_module INFO] Module [rigidbody] finished.
[2026-02-13 11:03:53,604 __init__ INFO] [rigidbody] took 11 seconds
[2026-02-13 11:03:53,976 base_cns_module INFO] Running [flexref] module
[2026-02-13 11:03:54,033 __init__ INFO] [flexref] Running CNS Jobs n=20
[2026-02-13 11:03:54,033 libutil INFO] Selected 20 cores to process 20 jobs, with 32 maximum available cores.
[2026-02-13 11:03:54,034 libparallel INFO] Using 20 cores
[2026-02-13 11:05:29,527 libparallel INFO] 20 tasks finished
[2026-02-13 11:05:29,527 __init__ INFO] [flexref] CNS jobs have finished
[2026-02-13 11:05:29,556 base_cns_module INFO] Module [flexref] finished.
[2026-02-13 11:05:29,556 __init__ INFO] [flexref] took 1 minute and 36 seconds
[2026-02-13 11:05:29,892 base_cns_module INFO] Running [emref] module
[2026-02-13 11:05:29,949 __init__ INFO] [emref] Running CNS Jobs n=20
[2026-02-13 11:05:29,949 libutil INFO] Selected 20 cores to process 20 jobs, with 32 maximum available cores.
[2026-02-13 11:05:29,949 libparallel INFO] Using 20 cores
[2026-02-13 11:05:37,221 libparallel INFO] 20 tasks finished
[2026-02-13 11:05:37,221 __init__ INFO] [emref] CNS jobs have finished
[2026-02-13 11:05:37,248 base_cns_module INFO] Module [emref] finished.
[2026-02-13 11:05:37,248 __init__ INFO] [emref] took 7 seconds
[2026-02-13 11:05:37,248 cli_analyse INFO] Running haddock3-analyse on ./, modules [], with top_cluster = 10
[2026-02-13 11:05:37,254 cli_analyse INFO] Created directory: /mnt/Data/PopOS/Data_Ana/Wu/clawdPorjects/HADDOCK_test/results/run_Neg_CATAGTAGTACAATTG-1_contig_1_1/analysis
[2026-02-13 11:05:37,254 cli_analyse INFO] Reading input run directory
[2026-02-13 11:05:37,255 cli_analyse INFO] selected steps: 0_topoaa, 1_rigidbody, 2_flexref, 3_emref
[2026-02-13 11:05:37,255 cli_analyse INFO] Analysing step 0_topoaa
[2026-02-13 11:05:37,255 cli_analyse WARNING] Could not execute the analysis for step 0_topoaa. The following error occurred 'dict' object has no attribute 'rel_path'
[2026-02-13 11:05:37,255 cli_analyse INFO] Analysing step 1_rigidbody
[2026-02-13 11:05:37,256 cli_unpack INFO] Unpacking '../1_rigidbody' folder
[2026-02-13 11:05:37,257 libtimer INFO] unpacking took 0 seconds
[2026-02-13 11:05:37,269 capri INFO] Found previous CNS step: 1_rigidbody
[2026-02-13 11:05:37,378 capri INFO] Saved scoring weights to: weights_params.json
[2026-02-13 11:05:37,378 __init__ INFO] [caprieval] No reference structure provided. Using the structure with the lowest score from previous step
[2026-02-13 11:05:37,464 libutil INFO] Selected 20 cores to process 20 jobs, with 32 maximum available cores.
[2026-02-13 11:05:37,465 libparallel INFO] Using 20 cores
[2026-02-13 11:05:37,886 libparallel INFO] 20 tasks finished
[2026-02-13 11:05:37,887 capri INFO] Rearranging cluster information into capri_clt.tsv
[2026-02-13 11:05:37,891 cli_clean INFO] Compressing '../1_rigidbody' folder
[2026-02-13 11:05:37,891 clean_steps INFO] Cleaning output for '../1_rigidbody' using 20 cores.
[2026-02-13 11:05:38,010 libtimer INFO] compressing took 0 seconds
[2026-02-13 11:05:38,010 cli_analyse INFO] CAPRI files identified
[2026-02-13 11:05:38,012 cli_analyse INFO] Plotting results..
[2026-02-13 11:05:39,223 cli_analyse INFO] Summary archive summary.tgz created!
[2026-02-13 11:05:39,223 cli_analyse INFO] Analysing step 2_flexref
[2026-02-13 11:05:39,226 cli_unpack INFO] Unpacking '../2_flexref' folder
[2026-02-13 11:05:39,226 libtimer INFO] unpacking took 0 seconds
[2026-02-13 11:05:39,239 capri INFO] Found previous CNS step: 2_flexref
[2026-02-13 11:05:39,476 capri INFO] Saved scoring weights to: weights_params.json
[2026-02-13 11:05:39,476 __init__ INFO] [caprieval] No reference structure provided. Using the structure with the lowest score from previous step
[2026-02-13 11:05:39,564 libutil INFO] Selected 20 cores to process 20 jobs, with 32 maximum available cores.
[2026-02-13 11:05:39,564 libparallel INFO] Using 20 cores
[2026-02-13 11:05:39,956 libparallel INFO] 20 tasks finished
[2026-02-13 11:05:39,957 capri INFO] Rearranging cluster information into capri_clt.tsv
[2026-02-13 11:05:39,961 cli_clean INFO] Compressing '../2_flexref' folder
[2026-02-13 11:05:39,962 clean_steps INFO] Cleaning output for '../2_flexref' using 20 cores.
[2026-02-13 11:05:40,087 libtimer INFO] compressing took 0 seconds
[2026-02-13 11:05:40,087 cli_analyse INFO] CAPRI files identified
[2026-02-13 11:05:40,089 cli_analyse INFO] Plotting results..
[2026-02-13 11:05:41,198 cli_analyse INFO] Summary archive summary.tgz created!
[2026-02-13 11:05:41,199 cli_analyse INFO] Analysing step 3_emref
[2026-02-13 11:05:41,201 cli_unpack INFO] Unpacking '../3_emref' folder
[2026-02-13 11:05:41,201 libtimer INFO] unpacking took 0 seconds
[2026-02-13 11:05:41,214 capri INFO] Found previous CNS step: 3_emref
[2026-02-13 11:05:41,317 capri INFO] Saved scoring weights to: weights_params.json
[2026-02-13 11:05:41,317 __init__ INFO] [caprieval] No reference structure provided. Using the structure with the lowest score from previous step
[2026-02-13 11:05:41,404 libutil INFO] Selected 20 cores to process 20 jobs, with 32 maximum available cores.
[2026-02-13 11:05:41,404 libparallel INFO] Using 20 cores
[2026-02-13 11:05:41,845 libparallel INFO] 20 tasks finished
[2026-02-13 11:05:41,846 capri INFO] Rearranging cluster information into capri_clt.tsv
[2026-02-13 11:05:41,854 cli_clean INFO] Compressing '../3_emref' folder
[2026-02-13 11:05:41,854 clean_steps INFO] Cleaning output for '../3_emref' using 20 cores.
[2026-02-13 11:05:41,995 libtimer INFO] compressing took 0 seconds
[2026-02-13 11:05:41,995 cli_analyse INFO] CAPRI files identified
[2026-02-13 11:05:41,997 cli_analyse INFO] Plotting results..
[2026-02-13 11:05:43,100 cli_analyse INFO] Summary archive summary.tgz created!
[2026-02-13 11:05:43,101 cli_analyse INFO] moving files to analysis folder
[2026-02-13 11:05:43,101 cli_analyse INFO] cancelling unsuccesful analysis folders
[2026-02-13 11:05:43,101 cli_analyse INFO] updating paths in analysis/1_rigidbody_analysis/capri_ss.tsv
[2026-02-13 11:05:43,101 cli_analyse INFO] View the results in analysis/1_rigidbody_analysis/report.html
[2026-02-13 11:05:43,101 cli_analyse INFO] To view structures or download the structure files, in a terminal run the command `python -m http.server --directory /mnt/Data/PopOS/Data_Ana/Wu/clawdPorjects/HADDOCK_test/results/run_Neg_CATAGTAGTACAATTG-1_contig_1_1`. By default, http server runs on `http://0.0.0.0:8000/`. Open the link http://0.0.0.0:8000/analysis/1_rigidbody_analysis/report.html in a web browser.
[2026-02-13 11:05:43,101 cli_analyse INFO] updating paths in analysis/2_flexref_analysis/capri_ss.tsv
[2026-02-13 11:05:43,101 cli_analyse INFO] View the results in analysis/2_flexref_analysis/report.html
[2026-02-13 11:05:43,101 cli_analyse INFO] To view structures or download the structure files, in a terminal run the command `python -m http.server --directory /mnt/Data/PopOS/Data_Ana/Wu/clawdPorjects/HADDOCK_test/results/run_Neg_CATAGTAGTACAATTG-1_contig_1_1`. By default, http server runs on `http://0.0.0.0:8000/`. Open the link http://0.0.0.0:8000/analysis/2_flexref_analysis/report.html in a web browser.
[2026-02-13 11:05:43,101 cli_analyse INFO] updating paths in analysis/3_emref_analysis/capri_ss.tsv
[2026-02-13 11:05:43,102 cli_analyse INFO] View the results in analysis/3_emref_analysis/report.html
[2026-02-13 11:05:43,102 cli_analyse INFO] To view structures or download the structure files, in a terminal run the command `python -m http.server --directory /mnt/Data/PopOS/Data_Ana/Wu/clawdPorjects/HADDOCK_test/results/run_Neg_CATAGTAGTACAATTG-1_contig_1_1`. By default, http server runs on `http://0.0.0.0:8000/`. Open the link http://0.0.0.0:8000/analysis/3_emref_analysis/report.html in a web browser.
[2026-02-13 11:05:43,102 cli_traceback INFO] Running haddock3-traceback on ./
[2026-02-13 11:05:43,102 cli_traceback INFO] Reading input run directory
[2026-02-13 11:05:43,102 cli_traceback INFO] All_steps: 0_topoaa, 1_rigidbody, 2_flexref, 3_emref
[2026-02-13 11:05:43,102 cli_traceback INFO] Modules not to be analysed: 0_topoaa
[2026-02-13 11:05:43,102 cli_traceback INFO] Steps to trace back: 1_rigidbody, 2_flexref, 3_emref
[2026-02-13 11:05:43,102 cli_traceback INFO] Created directory: /mnt/Data/PopOS/Data_Ana/Wu/clawdPorjects/HADDOCK_test/results/run_Neg_CATAGTAGTACAATTG-1_contig_1_1/traceback
[2026-02-13 11:05:43,102 cli_traceback INFO] Tracing back step 3_emref
[2026-02-13 11:05:43,104 cli_traceback INFO] Tracing back step 2_flexref
[2026-02-13 11:05:43,106 cli_traceback INFO] Tracing back step 1_rigidbody
[2026-02-13 11:05:43,110 cli_traceback INFO] Output dataframe traceback/traceback.tsv created with shape (20, 8)
[2026-02-13 11:05:43,137 clean_steps INFO] Cleaning output for '0_topoaa' using 20 cores.
[2026-02-13 11:05:43,286 libtimer INFO] cleaning output files took 0 seconds
[2026-02-13 11:05:43,287 clean_steps INFO] Cleaning output for '1_rigidbody' using 20 cores.
[2026-02-13 11:05:43,296 libtimer INFO] cleaning output files took 0 seconds
[2026-02-13 11:05:43,296 clean_steps INFO] Cleaning output for '2_flexref' using 20 cores.
[2026-02-13 11:05:43,303 libtimer INFO] cleaning output files took 0 seconds
[2026-02-13 11:05:43,303 clean_steps INFO] Cleaning output for '3_emref' using 20 cores.
[2026-02-13 11:05:43,311 libtimer INFO] cleaning output files took 0 seconds
[2026-02-13 11:05:43,311 cli INFO] This HADDOCK3 run took: 2 minutes and 8 seconds
[2026-02-13 11:05:43,311 greetings INFO] Your feedback matters in Haddock3! Share your experience and help us grow:
[2026-02-13 11:05:43,311 greetings INFO] GitHub issues: https://github.com/haddocking/haddock3/issues
[2026-02-13 11:05:43,311 greetings INFO] BioExcel feedback: https://www.bonvinlab.org/feedback
[2026-02-13 11:05:43,311 greetings INFO] BioExcel forum: https://ask.bioexcel.eu/c/haddock/6
[2026-02-13 11:05:43,311 cli INFO] Finished at 13/02/2026 11:05:43. Até logo! 再见! Agur!
