[2026-02-13 11:07:55,219 cli INFO] 
##############################################
#                                            #
#                 HADDOCK3                   #
#                                            #
##############################################

!! Some of the HADDOCK3 components use CNS (Crystallographic and NMR System) which is free of use for non-profit applications. !!
!! For commercial use it is your own responsibility to have a proper license. !!
!! For details refer to the DISCLAIMER file in the HADDOCK3 repository. !!

Starting HADDOCK3 v2024.10.0b7 on 2026-02-13 11:07:00

Python 3.10.12 (main, Feb  4 2025, 14:57:36) [GCC 11.4.0]

[2026-02-13 11:07:58,998 libworkflow INFO] Reading instructions step 0_topoaa
[2026-02-13 11:07:58,999 libworkflow INFO] Reading instructions step 1_rigidbody
[2026-02-13 11:07:58,999 libworkflow INFO] Reading instructions step 2_flexref
[2026-02-13 11:07:58,999 libworkflow INFO] Reading instructions step 3_emref
[2026-02-13 11:07:59,013 base_cns_module INFO] Running [topoaa] module
[2026-02-13 11:07:59,013 __init__ INFO] [topoaa] Molecule 1: receptor_single_Neg_CATCGACAGCGTTCAA-1_contig_1_1.pdb
[2026-02-13 11:07:59,015 __init__ INFO] [topoaa] Sanitizing molecule receptor_single_Neg_CATCGACAGCGTTCAA-1_contig_1_1.pdb
[2026-02-13 11:07:59,022 __init__ INFO] [topoaa] Topology CNS input created
[2026-02-13 11:07:59,023 __init__ INFO] [topoaa] Molecule 2: ligand_single_Neg_CATCGACAGCGTTCAA-1_contig_1_1.pdb
[2026-02-13 11:07:59,024 __init__ INFO] [topoaa] Sanitizing molecule ligand_single_Neg_CATCGACAGCGTTCAA-1_contig_1_1.pdb
[2026-02-13 11:07:59,030 __init__ INFO] [topoaa] Topology CNS input created
[2026-02-13 11:07:59,031 __init__ INFO] [topoaa] Running CNS Jobs n=2
[2026-02-13 11:07:59,031 libutil INFO] Selected 2 cores to process 2 jobs, with 32 maximum available cores.
[2026-02-13 11:07:59,032 libparallel INFO] Using 2 cores
[2026-02-13 11:08:02,271 libparallel INFO] 2 tasks finished
[2026-02-13 11:08:02,271 __init__ INFO] [topoaa] CNS jobs have finished
[2026-02-13 11:08:02,273 base_cns_module INFO] Module [topoaa] finished.
[2026-02-13 11:08:02,273 __init__ INFO] [topoaa] took 3 seconds
[2026-02-13 11:08:02,619 base_cns_module INFO] Running [rigidbody] module
[2026-02-13 11:08:02,620 __init__ INFO] [rigidbody] crossdock=true
[2026-02-13 11:08:02,620 __init__ INFO] [rigidbody] Preparing jobs...
[2026-02-13 11:08:02,621 libutil INFO] Selected 20 cores to process 20 jobs, with 32 maximum available cores.
[2026-02-13 11:08:02,622 libparallel INFO] Using 20 cores
[2026-02-13 11:08:02,648 libparallel INFO] 20 tasks finished
[2026-02-13 11:08:02,648 __init__ INFO] [rigidbody] Preparation took 0.028566 seconds
[2026-02-13 11:08:02,649 __init__ INFO] [rigidbody] Running CNS Jobs n=20
[2026-02-13 11:08:02,649 libutil INFO] Selected 20 cores to process 20 jobs, with 32 maximum available cores.
[2026-02-13 11:08:02,650 libparallel INFO] Using 20 cores
[2026-02-13 11:08:13,513 libparallel INFO] 20 tasks finished
[2026-02-13 11:08:13,513 __init__ INFO] [rigidbody] CNS jobs have finished
[2026-02-13 11:08:13,552 base_cns_module INFO] Module [rigidbody] finished.
[2026-02-13 11:08:13,552 __init__ INFO] [rigidbody] took 11 seconds
[2026-02-13 11:08:13,937 base_cns_module INFO] Running [flexref] module
[2026-02-13 11:08:13,995 __init__ INFO] [flexref] Running CNS Jobs n=20
[2026-02-13 11:08:13,995 libutil INFO] Selected 20 cores to process 20 jobs, with 32 maximum available cores.
[2026-02-13 11:08:13,996 libparallel INFO] Using 20 cores
[2026-02-13 11:09:47,660 libparallel INFO] 20 tasks finished
[2026-02-13 11:09:47,660 __init__ INFO] [flexref] CNS jobs have finished
[2026-02-13 11:09:47,687 base_cns_module INFO] Module [flexref] finished.
[2026-02-13 11:09:47,687 __init__ INFO] [flexref] took 1 minute and 34 seconds
[2026-02-13 11:09:48,033 base_cns_module INFO] Running [emref] module
[2026-02-13 11:09:48,089 __init__ INFO] [emref] Running CNS Jobs n=20
[2026-02-13 11:09:48,089 libutil INFO] Selected 20 cores to process 20 jobs, with 32 maximum available cores.
[2026-02-13 11:09:48,090 libparallel INFO] Using 20 cores
[2026-02-13 11:09:55,231 libparallel INFO] 20 tasks finished
[2026-02-13 11:09:55,232 __init__ INFO] [emref] CNS jobs have finished
[2026-02-13 11:09:55,275 base_cns_module INFO] Module [emref] finished.
[2026-02-13 11:09:55,275 __init__ INFO] [emref] took 7 seconds
[2026-02-13 11:09:55,275 cli_analyse INFO] Running haddock3-analyse on ./, modules [], with top_cluster = 10
[2026-02-13 11:09:55,282 cli_analyse INFO] Created directory: /mnt/Data/PopOS/Data_Ana/Wu/clawdPorjects/HADDOCK_test/results/run_Neg_CATCGACAGCGTTCAA-1_contig_1_1/analysis
[2026-02-13 11:09:55,282 cli_analyse INFO] Reading input run directory
[2026-02-13 11:09:55,282 cli_analyse INFO] selected steps: 0_topoaa, 1_rigidbody, 2_flexref, 3_emref
[2026-02-13 11:09:55,282 cli_analyse INFO] Analysing step 0_topoaa
[2026-02-13 11:09:55,282 cli_analyse WARNING] Could not execute the analysis for step 0_topoaa. The following error occurred 'dict' object has no attribute 'rel_path'
[2026-02-13 11:09:55,283 cli_analyse INFO] Analysing step 1_rigidbody
[2026-02-13 11:09:55,284 cli_unpack INFO] Unpacking '../1_rigidbody' folder
[2026-02-13 11:09:55,284 libtimer INFO] unpacking took 0 seconds
[2026-02-13 11:09:55,298 capri INFO] Found previous CNS step: 1_rigidbody
[2026-02-13 11:09:55,406 capri INFO] Saved scoring weights to: weights_params.json
[2026-02-13 11:09:55,406 __init__ INFO] [caprieval] No reference structure provided. Using the structure with the lowest score from previous step
[2026-02-13 11:09:55,492 libutil INFO] Selected 20 cores to process 20 jobs, with 32 maximum available cores.
[2026-02-13 11:09:55,492 libparallel INFO] Using 20 cores
[2026-02-13 11:09:55,923 libparallel INFO] 20 tasks finished
[2026-02-13 11:09:55,924 capri INFO] Rearranging cluster information into capri_clt.tsv
[2026-02-13 11:09:55,932 cli_clean INFO] Compressing '../1_rigidbody' folder
[2026-02-13 11:09:55,932 clean_steps INFO] Cleaning output for '../1_rigidbody' using 20 cores.
[2026-02-13 11:09:56,071 libtimer INFO] compressing took 0 seconds
[2026-02-13 11:09:56,071 cli_analyse INFO] CAPRI files identified
[2026-02-13 11:09:56,073 cli_analyse INFO] Plotting results..
[2026-02-13 11:09:57,294 cli_analyse INFO] Summary archive summary.tgz created!
[2026-02-13 11:09:57,294 cli_analyse INFO] Analysing step 2_flexref
[2026-02-13 11:09:57,296 cli_unpack INFO] Unpacking '../2_flexref' folder
[2026-02-13 11:09:57,296 libtimer INFO] unpacking took 0 seconds
[2026-02-13 11:09:57,310 capri INFO] Found previous CNS step: 2_flexref
[2026-02-13 11:09:57,548 capri INFO] Saved scoring weights to: weights_params.json
[2026-02-13 11:09:57,549 __init__ INFO] [caprieval] No reference structure provided. Using the structure with the lowest score from previous step
[2026-02-13 11:09:57,636 libutil INFO] Selected 20 cores to process 20 jobs, with 32 maximum available cores.
[2026-02-13 11:09:57,636 libparallel INFO] Using 20 cores
[2026-02-13 11:09:58,021 libparallel INFO] 20 tasks finished
[2026-02-13 11:09:58,022 capri INFO] Rearranging cluster information into capri_clt.tsv
[2026-02-13 11:09:58,027 cli_clean INFO] Compressing '../2_flexref' folder
[2026-02-13 11:09:58,027 clean_steps INFO] Cleaning output for '../2_flexref' using 20 cores.
[2026-02-13 11:09:58,145 libtimer INFO] compressing took 0 seconds
[2026-02-13 11:09:58,145 cli_analyse INFO] CAPRI files identified
[2026-02-13 11:09:58,148 cli_analyse INFO] Plotting results..
[2026-02-13 11:09:59,241 cli_analyse INFO] Summary archive summary.tgz created!
[2026-02-13 11:09:59,241 cli_analyse INFO] Analysing step 3_emref
[2026-02-13 11:09:59,243 cli_unpack INFO] Unpacking '../3_emref' folder
[2026-02-13 11:09:59,244 libtimer INFO] unpacking took 0 seconds
[2026-02-13 11:09:59,257 capri INFO] Found previous CNS step: 3_emref
[2026-02-13 11:09:59,358 capri INFO] Saved scoring weights to: weights_params.json
[2026-02-13 11:09:59,358 __init__ INFO] [caprieval] No reference structure provided. Using the structure with the lowest score from previous step
[2026-02-13 11:09:59,444 libutil INFO] Selected 20 cores to process 20 jobs, with 32 maximum available cores.
[2026-02-13 11:09:59,444 libparallel INFO] Using 20 cores
[2026-02-13 11:09:59,847 libparallel INFO] 20 tasks finished
[2026-02-13 11:09:59,847 capri INFO] Rearranging cluster information into capri_clt.tsv
[2026-02-13 11:09:59,851 cli_clean INFO] Compressing '../3_emref' folder
[2026-02-13 11:09:59,851 clean_steps INFO] Cleaning output for '../3_emref' using 20 cores.
[2026-02-13 11:09:59,972 libtimer INFO] compressing took 0 seconds
[2026-02-13 11:09:59,972 cli_analyse INFO] CAPRI files identified
[2026-02-13 11:09:59,974 cli_analyse INFO] Plotting results..
[2026-02-13 11:10:01,062 cli_analyse INFO] Summary archive summary.tgz created!
[2026-02-13 11:10:01,062 cli_analyse INFO] moving files to analysis folder
[2026-02-13 11:10:01,062 cli_analyse INFO] cancelling unsuccesful analysis folders
[2026-02-13 11:10:01,062 cli_analyse INFO] updating paths in analysis/1_rigidbody_analysis/capri_ss.tsv
[2026-02-13 11:10:01,062 cli_analyse INFO] View the results in analysis/1_rigidbody_analysis/report.html
[2026-02-13 11:10:01,063 cli_analyse INFO] To view structures or download the structure files, in a terminal run the command `python -m http.server --directory /mnt/Data/PopOS/Data_Ana/Wu/clawdPorjects/HADDOCK_test/results/run_Neg_CATCGACAGCGTTCAA-1_contig_1_1`. By default, http server runs on `http://0.0.0.0:8000/`. Open the link http://0.0.0.0:8000/analysis/1_rigidbody_analysis/report.html in a web browser.
[2026-02-13 11:10:01,063 cli_analyse INFO] updating paths in analysis/2_flexref_analysis/capri_ss.tsv
[2026-02-13 11:10:01,063 cli_analyse INFO] View the results in analysis/2_flexref_analysis/report.html
[2026-02-13 11:10:01,063 cli_analyse INFO] To view structures or download the structure files, in a terminal run the command `python -m http.server --directory /mnt/Data/PopOS/Data_Ana/Wu/clawdPorjects/HADDOCK_test/results/run_Neg_CATCGACAGCGTTCAA-1_contig_1_1`. By default, http server runs on `http://0.0.0.0:8000/`. Open the link http://0.0.0.0:8000/analysis/2_flexref_analysis/report.html in a web browser.
[2026-02-13 11:10:01,063 cli_analyse INFO] updating paths in analysis/3_emref_analysis/capri_ss.tsv
[2026-02-13 11:10:01,063 cli_analyse INFO] View the results in analysis/3_emref_analysis/report.html
[2026-02-13 11:10:01,063 cli_analyse INFO] To view structures or download the structure files, in a terminal run the command `python -m http.server --directory /mnt/Data/PopOS/Data_Ana/Wu/clawdPorjects/HADDOCK_test/results/run_Neg_CATCGACAGCGTTCAA-1_contig_1_1`. By default, http server runs on `http://0.0.0.0:8000/`. Open the link http://0.0.0.0:8000/analysis/3_emref_analysis/report.html in a web browser.
[2026-02-13 11:10:01,063 cli_traceback INFO] Running haddock3-traceback on ./
[2026-02-13 11:10:01,063 cli_traceback INFO] Reading input run directory
[2026-02-13 11:10:01,063 cli_traceback INFO] All_steps: 0_topoaa, 1_rigidbody, 2_flexref, 3_emref
[2026-02-13 11:10:01,064 cli_traceback INFO] Modules not to be analysed: 0_topoaa
[2026-02-13 11:10:01,064 cli_traceback INFO] Steps to trace back: 1_rigidbody, 2_flexref, 3_emref
[2026-02-13 11:10:01,064 cli_traceback INFO] Created directory: /mnt/Data/PopOS/Data_Ana/Wu/clawdPorjects/HADDOCK_test/results/run_Neg_CATCGACAGCGTTCAA-1_contig_1_1/traceback
[2026-02-13 11:10:01,064 cli_traceback INFO] Tracing back step 3_emref
[2026-02-13 11:10:01,066 cli_traceback INFO] Tracing back step 2_flexref
[2026-02-13 11:10:01,068 cli_traceback INFO] Tracing back step 1_rigidbody
[2026-02-13 11:10:01,072 cli_traceback INFO] Output dataframe traceback/traceback.tsv created with shape (20, 8)
[2026-02-13 11:10:01,100 clean_steps INFO] Cleaning output for '0_topoaa' using 20 cores.
[2026-02-13 11:10:01,231 libtimer INFO] cleaning output files took 0 seconds
[2026-02-13 11:10:01,231 clean_steps INFO] Cleaning output for '1_rigidbody' using 20 cores.
[2026-02-13 11:10:01,239 libtimer INFO] cleaning output files took 0 seconds
[2026-02-13 11:10:01,239 clean_steps INFO] Cleaning output for '2_flexref' using 20 cores.
[2026-02-13 11:10:01,249 libtimer INFO] cleaning output files took 0 seconds
[2026-02-13 11:10:01,250 clean_steps INFO] Cleaning output for '3_emref' using 20 cores.
[2026-02-13 11:10:01,259 libtimer INFO] cleaning output files took 0 seconds
[2026-02-13 11:10:01,259 cli INFO] This HADDOCK3 run took: 2 minutes and 6 seconds
[2026-02-13 11:10:01,259 greetings INFO] Your feedback matters in Haddock3! Share your experience and help us grow:
[2026-02-13 11:10:01,259 greetings INFO] GitHub issues: https://github.com/haddocking/haddock3/issues
[2026-02-13 11:10:01,259 greetings INFO] BioExcel feedback: https://www.bonvinlab.org/feedback
[2026-02-13 11:10:01,259 greetings INFO] BioExcel forum: https://ask.bioexcel.eu/c/haddock/6
[2026-02-13 11:10:01,259 cli INFO] Finished at 13/02/2026 11:10:01. 再见! Até logo! Do pobachennya!
