[2026-02-13 11:54:28,414 cli INFO] 
##############################################
#                                            #
#                 HADDOCK3                   #
#                                            #
##############################################

!! Some of the HADDOCK3 components use CNS (Crystallographic and NMR System) which is free of use for non-profit applications. !!
!! For commercial use it is your own responsibility to have a proper license. !!
!! For details refer to the DISCLAIMER file in the HADDOCK3 repository. !!

Starting HADDOCK3 v2024.10.0b7 on 2026-02-13 11:54:00

Python 3.10.12 (main, Feb  4 2025, 14:57:36) [GCC 11.4.0]

[2026-02-13 11:54:32,195 libworkflow INFO] Reading instructions step 0_topoaa
[2026-02-13 11:54:32,195 libworkflow INFO] Reading instructions step 1_rigidbody
[2026-02-13 11:54:32,195 libworkflow INFO] Reading instructions step 2_flexref
[2026-02-13 11:54:32,195 libworkflow INFO] Reading instructions step 3_emref
[2026-02-13 11:54:32,209 base_cns_module INFO] Running [topoaa] module
[2026-02-13 11:54:32,210 __init__ INFO] [topoaa] Molecule 1: receptor_single_Neg_GGTATTAGTGGAACTT-1_contig_1_1.pdb
[2026-02-13 11:54:32,211 __init__ INFO] [topoaa] Sanitizing molecule receptor_single_Neg_GGTATTAGTGGAACTT-1_contig_1_1.pdb
[2026-02-13 11:54:32,218 __init__ INFO] [topoaa] Topology CNS input created
[2026-02-13 11:54:32,218 __init__ INFO] [topoaa] Molecule 2: ligand_single_Neg_GGTATTAGTGGAACTT-1_contig_1_1.pdb
[2026-02-13 11:54:32,219 __init__ INFO] [topoaa] Sanitizing molecule ligand_single_Neg_GGTATTAGTGGAACTT-1_contig_1_1.pdb
[2026-02-13 11:54:32,225 __init__ INFO] [topoaa] Topology CNS input created
[2026-02-13 11:54:32,225 __init__ INFO] [topoaa] Running CNS Jobs n=2
[2026-02-13 11:54:32,225 libutil INFO] Selected 2 cores to process 2 jobs, with 32 maximum available cores.
[2026-02-13 11:54:32,226 libparallel INFO] Using 2 cores
[2026-02-13 11:54:35,465 libparallel INFO] 2 tasks finished
[2026-02-13 11:54:35,466 __init__ INFO] [topoaa] CNS jobs have finished
[2026-02-13 11:54:35,468 base_cns_module INFO] Module [topoaa] finished.
[2026-02-13 11:54:35,468 __init__ INFO] [topoaa] took 3 seconds
[2026-02-13 11:54:35,816 base_cns_module INFO] Running [rigidbody] module
[2026-02-13 11:54:35,816 __init__ INFO] [rigidbody] crossdock=true
[2026-02-13 11:54:35,816 __init__ INFO] [rigidbody] Preparing jobs...
[2026-02-13 11:54:35,818 libutil INFO] Selected 20 cores to process 20 jobs, with 32 maximum available cores.
[2026-02-13 11:54:35,818 libparallel INFO] Using 20 cores
[2026-02-13 11:54:35,846 libparallel INFO] 20 tasks finished
[2026-02-13 11:54:35,847 __init__ INFO] [rigidbody] Preparation took 0.030509 seconds
[2026-02-13 11:54:35,847 __init__ INFO] [rigidbody] Running CNS Jobs n=20
[2026-02-13 11:54:35,847 libutil INFO] Selected 20 cores to process 20 jobs, with 32 maximum available cores.
[2026-02-13 11:54:35,848 libparallel INFO] Using 20 cores
[2026-02-13 11:54:46,154 libparallel INFO] 20 tasks finished
[2026-02-13 11:54:46,154 __init__ INFO] [rigidbody] CNS jobs have finished
[2026-02-13 11:54:46,184 base_cns_module INFO] Module [rigidbody] finished.
[2026-02-13 11:54:46,184 __init__ INFO] [rigidbody] took 10 seconds
[2026-02-13 11:54:46,573 base_cns_module INFO] Running [flexref] module
[2026-02-13 11:54:46,632 __init__ INFO] [flexref] Running CNS Jobs n=20
[2026-02-13 11:54:46,632 libutil INFO] Selected 20 cores to process 20 jobs, with 32 maximum available cores.
[2026-02-13 11:54:46,633 libparallel INFO] Using 20 cores
[2026-02-13 11:56:22,005 libparallel INFO] 20 tasks finished
[2026-02-13 11:56:22,006 __init__ INFO] [flexref] CNS jobs have finished
[2026-02-13 11:56:22,087 base_cns_module INFO] Module [flexref] finished.
[2026-02-13 11:56:22,087 __init__ INFO] [flexref] took 1 minute and 36 seconds
[2026-02-13 11:56:22,443 base_cns_module INFO] Running [emref] module
[2026-02-13 11:56:22,499 __init__ INFO] [emref] Running CNS Jobs n=20
[2026-02-13 11:56:22,499 libutil INFO] Selected 20 cores to process 20 jobs, with 32 maximum available cores.
[2026-02-13 11:56:22,499 libparallel INFO] Using 20 cores
[2026-02-13 11:56:30,287 libparallel INFO] 20 tasks finished
[2026-02-13 11:56:30,287 __init__ INFO] [emref] CNS jobs have finished
[2026-02-13 11:56:30,317 base_cns_module INFO] Module [emref] finished.
[2026-02-13 11:56:30,317 __init__ INFO] [emref] took 8 seconds
[2026-02-13 11:56:30,317 cli_analyse INFO] Running haddock3-analyse on ./, modules [], with top_cluster = 10
[2026-02-13 11:56:30,324 cli_analyse INFO] Created directory: /mnt/Data/PopOS/Data_Ana/Wu/clawdPorjects/HADDOCK_test/results/run_Neg_GGTATTAGTGGAACTT-1_contig_1_1/analysis
[2026-02-13 11:56:30,324 cli_analyse INFO] Reading input run directory
[2026-02-13 11:56:30,324 cli_analyse INFO] selected steps: 0_topoaa, 1_rigidbody, 2_flexref, 3_emref
[2026-02-13 11:56:30,324 cli_analyse INFO] Analysing step 0_topoaa
[2026-02-13 11:56:30,325 cli_analyse WARNING] Could not execute the analysis for step 0_topoaa. The following error occurred 'dict' object has no attribute 'rel_path'
[2026-02-13 11:56:30,325 cli_analyse INFO] Analysing step 1_rigidbody
[2026-02-13 11:56:30,326 cli_unpack INFO] Unpacking '../1_rigidbody' folder
[2026-02-13 11:56:30,327 libtimer INFO] unpacking took 0 seconds
[2026-02-13 11:56:30,340 capri INFO] Found previous CNS step: 1_rigidbody
[2026-02-13 11:56:30,449 capri INFO] Saved scoring weights to: weights_params.json
[2026-02-13 11:56:30,450 __init__ INFO] [caprieval] No reference structure provided. Using the structure with the lowest score from previous step
[2026-02-13 11:56:30,534 libutil INFO] Selected 20 cores to process 20 jobs, with 32 maximum available cores.
[2026-02-13 11:56:30,534 libparallel INFO] Using 20 cores
[2026-02-13 11:56:30,966 libparallel INFO] 20 tasks finished
[2026-02-13 11:56:30,967 capri INFO] Rearranging cluster information into capri_clt.tsv
[2026-02-13 11:56:30,972 cli_clean INFO] Compressing '../1_rigidbody' folder
[2026-02-13 11:56:30,972 clean_steps INFO] Cleaning output for '../1_rigidbody' using 20 cores.
[2026-02-13 11:56:31,093 libtimer INFO] compressing took 0 seconds
[2026-02-13 11:56:31,093 cli_analyse INFO] CAPRI files identified
[2026-02-13 11:56:31,095 cli_analyse INFO] Plotting results..
[2026-02-13 11:56:32,305 cli_analyse INFO] Summary archive summary.tgz created!
[2026-02-13 11:56:32,306 cli_analyse INFO] Analysing step 2_flexref
[2026-02-13 11:56:32,308 cli_unpack INFO] Unpacking '../2_flexref' folder
[2026-02-13 11:56:32,308 libtimer INFO] unpacking took 0 seconds
[2026-02-13 11:56:32,321 capri INFO] Found previous CNS step: 2_flexref
[2026-02-13 11:56:32,561 capri INFO] Saved scoring weights to: weights_params.json
[2026-02-13 11:56:32,561 __init__ INFO] [caprieval] No reference structure provided. Using the structure with the lowest score from previous step
[2026-02-13 11:56:32,646 libutil INFO] Selected 20 cores to process 20 jobs, with 32 maximum available cores.
[2026-02-13 11:56:32,646 libparallel INFO] Using 20 cores
[2026-02-13 11:56:33,053 libparallel INFO] 20 tasks finished
[2026-02-13 11:56:33,053 capri INFO] Rearranging cluster information into capri_clt.tsv
[2026-02-13 11:56:33,058 cli_clean INFO] Compressing '../2_flexref' folder
[2026-02-13 11:56:33,058 clean_steps INFO] Cleaning output for '../2_flexref' using 20 cores.
[2026-02-13 11:56:33,194 libtimer INFO] compressing took 0 seconds
[2026-02-13 11:56:33,194 cli_analyse INFO] CAPRI files identified
[2026-02-13 11:56:33,196 cli_analyse INFO] Plotting results..
[2026-02-13 11:56:34,304 cli_analyse INFO] Summary archive summary.tgz created!
[2026-02-13 11:56:34,304 cli_analyse INFO] Analysing step 3_emref
[2026-02-13 11:56:34,306 cli_unpack INFO] Unpacking '../3_emref' folder
[2026-02-13 11:56:34,306 libtimer INFO] unpacking took 0 seconds
[2026-02-13 11:56:34,320 capri INFO] Found previous CNS step: 3_emref
[2026-02-13 11:56:34,422 capri INFO] Saved scoring weights to: weights_params.json
[2026-02-13 11:56:34,422 __init__ INFO] [caprieval] No reference structure provided. Using the structure with the lowest score from previous step
[2026-02-13 11:56:34,508 libutil INFO] Selected 20 cores to process 20 jobs, with 32 maximum available cores.
[2026-02-13 11:56:34,508 libparallel INFO] Using 20 cores
[2026-02-13 11:56:34,906 libparallel INFO] 20 tasks finished
[2026-02-13 11:56:34,907 capri INFO] Rearranging cluster information into capri_clt.tsv
[2026-02-13 11:56:34,914 cli_clean INFO] Compressing '../3_emref' folder
[2026-02-13 11:56:34,914 clean_steps INFO] Cleaning output for '../3_emref' using 20 cores.
[2026-02-13 11:56:35,044 libtimer INFO] compressing took 0 seconds
[2026-02-13 11:56:35,044 cli_analyse INFO] CAPRI files identified
[2026-02-13 11:56:35,046 cli_analyse INFO] Plotting results..
[2026-02-13 11:56:36,161 cli_analyse INFO] Summary archive summary.tgz created!
[2026-02-13 11:56:36,161 cli_analyse INFO] moving files to analysis folder
[2026-02-13 11:56:36,161 cli_analyse INFO] cancelling unsuccesful analysis folders
[2026-02-13 11:56:36,161 cli_analyse INFO] updating paths in analysis/1_rigidbody_analysis/capri_ss.tsv
[2026-02-13 11:56:36,162 cli_analyse INFO] View the results in analysis/1_rigidbody_analysis/report.html
[2026-02-13 11:56:36,162 cli_analyse INFO] To view structures or download the structure files, in a terminal run the command `python -m http.server --directory /mnt/Data/PopOS/Data_Ana/Wu/clawdPorjects/HADDOCK_test/results/run_Neg_GGTATTAGTGGAACTT-1_contig_1_1`. By default, http server runs on `http://0.0.0.0:8000/`. Open the link http://0.0.0.0:8000/analysis/1_rigidbody_analysis/report.html in a web browser.
[2026-02-13 11:56:36,162 cli_analyse INFO] updating paths in analysis/2_flexref_analysis/capri_ss.tsv
[2026-02-13 11:56:36,162 cli_analyse INFO] View the results in analysis/2_flexref_analysis/report.html
[2026-02-13 11:56:36,162 cli_analyse INFO] To view structures or download the structure files, in a terminal run the command `python -m http.server --directory /mnt/Data/PopOS/Data_Ana/Wu/clawdPorjects/HADDOCK_test/results/run_Neg_GGTATTAGTGGAACTT-1_contig_1_1`. By default, http server runs on `http://0.0.0.0:8000/`. Open the link http://0.0.0.0:8000/analysis/2_flexref_analysis/report.html in a web browser.
[2026-02-13 11:56:36,162 cli_analyse INFO] updating paths in analysis/3_emref_analysis/capri_ss.tsv
[2026-02-13 11:56:36,162 cli_analyse INFO] View the results in analysis/3_emref_analysis/report.html
[2026-02-13 11:56:36,162 cli_analyse INFO] To view structures or download the structure files, in a terminal run the command `python -m http.server --directory /mnt/Data/PopOS/Data_Ana/Wu/clawdPorjects/HADDOCK_test/results/run_Neg_GGTATTAGTGGAACTT-1_contig_1_1`. By default, http server runs on `http://0.0.0.0:8000/`. Open the link http://0.0.0.0:8000/analysis/3_emref_analysis/report.html in a web browser.
[2026-02-13 11:56:36,162 cli_traceback INFO] Running haddock3-traceback on ./
[2026-02-13 11:56:36,162 cli_traceback INFO] Reading input run directory
[2026-02-13 11:56:36,162 cli_traceback INFO] All_steps: 0_topoaa, 1_rigidbody, 2_flexref, 3_emref
[2026-02-13 11:56:36,163 cli_traceback INFO] Modules not to be analysed: 0_topoaa
[2026-02-13 11:56:36,163 cli_traceback INFO] Steps to trace back: 1_rigidbody, 2_flexref, 3_emref
[2026-02-13 11:56:36,163 cli_traceback INFO] Created directory: /mnt/Data/PopOS/Data_Ana/Wu/clawdPorjects/HADDOCK_test/results/run_Neg_GGTATTAGTGGAACTT-1_contig_1_1/traceback
[2026-02-13 11:56:36,163 cli_traceback INFO] Tracing back step 3_emref
[2026-02-13 11:56:36,165 cli_traceback INFO] Tracing back step 2_flexref
[2026-02-13 11:56:36,167 cli_traceback INFO] Tracing back step 1_rigidbody
[2026-02-13 11:56:36,171 cli_traceback INFO] Output dataframe traceback/traceback.tsv created with shape (20, 8)
[2026-02-13 11:56:36,199 clean_steps INFO] Cleaning output for '0_topoaa' using 20 cores.
[2026-02-13 11:56:36,336 libtimer INFO] cleaning output files took 0 seconds
[2026-02-13 11:56:36,336 clean_steps INFO] Cleaning output for '1_rigidbody' using 20 cores.
[2026-02-13 11:56:36,345 libtimer INFO] cleaning output files took 0 seconds
[2026-02-13 11:56:36,345 clean_steps INFO] Cleaning output for '2_flexref' using 20 cores.
[2026-02-13 11:56:36,353 libtimer INFO] cleaning output files took 0 seconds
[2026-02-13 11:56:36,353 clean_steps INFO] Cleaning output for '3_emref' using 20 cores.
[2026-02-13 11:56:36,361 libtimer INFO] cleaning output files took 0 seconds
[2026-02-13 11:56:36,361 cli INFO] This HADDOCK3 run took: 2 minutes and 8 seconds
[2026-02-13 11:56:36,361 greetings INFO] Your feedback matters in Haddock3! Share your experience and help us grow:
[2026-02-13 11:56:36,361 greetings INFO] GitHub issues: https://github.com/haddocking/haddock3/issues
[2026-02-13 11:56:36,361 greetings INFO] BioExcel feedback: https://www.bonvinlab.org/feedback
[2026-02-13 11:56:36,361 greetings INFO] BioExcel forum: https://ask.bioexcel.eu/c/haddock/6
[2026-02-13 11:56:36,361 cli INFO] Finished at 13/02/2026 11:56:36. La revedere! Dovidenia! Au revoir!
