[2026-02-13 10:40:06,199 cli INFO] 
##############################################
#                                            #
#                 HADDOCK3                   #
#                                            #
##############################################

!! Some of the HADDOCK3 components use CNS (Crystallographic and NMR System) which is free of use for non-profit applications. !!
!! For commercial use it is your own responsibility to have a proper license. !!
!! For details refer to the DISCLAIMER file in the HADDOCK3 repository. !!

Starting HADDOCK3 v2024.10.0b7 on 2026-02-13 10:40:00

Python 3.10.12 (main, Feb  4 2025, 14:57:36) [GCC 11.4.0]

[2026-02-13 10:40:09,882 libworkflow INFO] Reading instructions step 0_topoaa
[2026-02-13 10:40:09,882 libworkflow INFO] Reading instructions step 1_rigidbody
[2026-02-13 10:40:09,883 libworkflow INFO] Reading instructions step 2_flexref
[2026-02-13 10:40:09,883 libworkflow INFO] Reading instructions step 3_emref
[2026-02-13 10:40:09,902 base_cns_module INFO] Running [topoaa] module
[2026-02-13 10:40:09,902 __init__ INFO] [topoaa] Molecule 1: receptor_single_Neg_AGTGATCGTGTTAGGT-1_contig_1_2.pdb
[2026-02-13 10:40:09,904 __init__ INFO] [topoaa] Sanitizing molecule receptor_single_Neg_AGTGATCGTGTTAGGT-1_contig_1_2.pdb
[2026-02-13 10:40:09,927 __init__ INFO] [topoaa] Topology CNS input created
[2026-02-13 10:40:09,927 __init__ INFO] [topoaa] Molecule 2: ligand_single_Neg_AGTGATCGTGTTAGGT-1_contig_1_2.pdb
[2026-02-13 10:40:09,929 __init__ INFO] [topoaa] Sanitizing molecule ligand_single_Neg_AGTGATCGTGTTAGGT-1_contig_1_2.pdb
[2026-02-13 10:40:09,975 __init__ INFO] [topoaa] Topology CNS input created
[2026-02-13 10:40:09,975 __init__ INFO] [topoaa] Running CNS Jobs n=2
[2026-02-13 10:40:09,975 libutil INFO] Selected 2 cores to process 2 jobs, with 32 maximum available cores.
[2026-02-13 10:40:09,984 libparallel INFO] Using 2 cores
[2026-02-13 10:40:13,400 libparallel INFO] 2 tasks finished
[2026-02-13 10:40:13,409 __init__ INFO] [topoaa] CNS jobs have finished
[2026-02-13 10:40:13,419 base_cns_module INFO] Module [topoaa] finished.
[2026-02-13 10:40:13,419 __init__ INFO] [topoaa] took 4 seconds
[2026-02-13 10:40:13,755 base_cns_module INFO] Running [rigidbody] module
[2026-02-13 10:40:13,756 __init__ INFO] [rigidbody] crossdock=true
[2026-02-13 10:40:13,756 __init__ INFO] [rigidbody] Preparing jobs...
[2026-02-13 10:40:13,758 libutil INFO] Selected 20 cores to process 20 jobs, with 32 maximum available cores.
[2026-02-13 10:40:13,758 libparallel INFO] Using 20 cores
[2026-02-13 10:40:13,784 libparallel INFO] 20 tasks finished
[2026-02-13 10:40:13,785 __init__ INFO] [rigidbody] Preparation took 0.029005 seconds
[2026-02-13 10:40:13,785 __init__ INFO] [rigidbody] Running CNS Jobs n=20
[2026-02-13 10:40:13,785 libutil INFO] Selected 20 cores to process 20 jobs, with 32 maximum available cores.
[2026-02-13 10:40:13,786 libparallel INFO] Using 20 cores
[2026-02-13 10:40:24,719 libparallel INFO] 20 tasks finished
[2026-02-13 10:40:24,733 __init__ INFO] [rigidbody] CNS jobs have finished
[2026-02-13 10:40:24,936 base_cns_module INFO] Module [rigidbody] finished.
[2026-02-13 10:40:24,936 __init__ INFO] [rigidbody] took 11 seconds
[2026-02-13 10:40:25,328 base_cns_module INFO] Running [flexref] module
[2026-02-13 10:40:25,537 __init__ INFO] [flexref] Running CNS Jobs n=20
[2026-02-13 10:40:25,541 libutil INFO] Selected 20 cores to process 20 jobs, with 32 maximum available cores.
[2026-02-13 10:40:25,545 libparallel INFO] Using 20 cores
[2026-02-13 10:41:59,726 libparallel INFO] 20 tasks finished
[2026-02-13 10:41:59,727 __init__ INFO] [flexref] CNS jobs have finished
[2026-02-13 10:41:59,759 base_cns_module INFO] Module [flexref] finished.
[2026-02-13 10:41:59,759 __init__ INFO] [flexref] took 1 minute and 34 seconds
[2026-02-13 10:42:00,099 base_cns_module INFO] Running [emref] module
[2026-02-13 10:42:00,155 __init__ INFO] [emref] Running CNS Jobs n=20
[2026-02-13 10:42:00,155 libutil INFO] Selected 20 cores to process 20 jobs, with 32 maximum available cores.
[2026-02-13 10:42:00,155 libparallel INFO] Using 20 cores
[2026-02-13 10:42:07,589 libparallel INFO] 20 tasks finished
[2026-02-13 10:42:07,589 __init__ INFO] [emref] CNS jobs have finished
[2026-02-13 10:42:07,621 base_cns_module INFO] Module [emref] finished.
[2026-02-13 10:42:07,622 __init__ INFO] [emref] took 8 seconds
[2026-02-13 10:42:07,622 cli_analyse INFO] Running haddock3-analyse on ./, modules [], with top_cluster = 10
[2026-02-13 10:42:07,628 cli_analyse INFO] Created directory: /mnt/Data/PopOS/Data_Ana/Wu/clawdPorjects/HADDOCK_test/results/run_Neg_AGTGATCGTGTTAGGT-1_contig_1_2/analysis
[2026-02-13 10:42:07,628 cli_analyse INFO] Reading input run directory
[2026-02-13 10:42:07,628 cli_analyse INFO] selected steps: 0_topoaa, 1_rigidbody, 2_flexref, 3_emref
[2026-02-13 10:42:07,628 cli_analyse INFO] Analysing step 0_topoaa
[2026-02-13 10:42:07,629 cli_analyse WARNING] Could not execute the analysis for step 0_topoaa. The following error occurred 'dict' object has no attribute 'rel_path'
[2026-02-13 10:42:07,629 cli_analyse INFO] Analysing step 1_rigidbody
[2026-02-13 10:42:07,630 cli_unpack INFO] Unpacking '../1_rigidbody' folder
[2026-02-13 10:42:07,630 libtimer INFO] unpacking took 0 seconds
[2026-02-13 10:42:07,643 capri INFO] Found previous CNS step: 1_rigidbody
[2026-02-13 10:42:07,752 capri INFO] Saved scoring weights to: weights_params.json
[2026-02-13 10:42:07,752 __init__ INFO] [caprieval] No reference structure provided. Using the structure with the lowest score from previous step
[2026-02-13 10:42:07,836 libutil INFO] Selected 20 cores to process 20 jobs, with 32 maximum available cores.
[2026-02-13 10:42:07,836 libparallel INFO] Using 20 cores
[2026-02-13 10:42:08,262 libparallel INFO] 20 tasks finished
[2026-02-13 10:42:08,263 capri INFO] Rearranging cluster information into capri_clt.tsv
[2026-02-13 10:42:08,269 cli_clean INFO] Compressing '../1_rigidbody' folder
[2026-02-13 10:42:08,269 clean_steps INFO] Cleaning output for '../1_rigidbody' using 20 cores.
[2026-02-13 10:42:08,388 libtimer INFO] compressing took 0 seconds
[2026-02-13 10:42:08,388 cli_analyse INFO] CAPRI files identified
[2026-02-13 10:42:08,391 cli_analyse INFO] Plotting results..
[2026-02-13 10:42:09,615 cli_analyse INFO] Summary archive summary.tgz created!
[2026-02-13 10:42:09,615 cli_analyse INFO] Analysing step 2_flexref
[2026-02-13 10:42:09,618 cli_unpack INFO] Unpacking '../2_flexref' folder
[2026-02-13 10:42:09,618 libtimer INFO] unpacking took 0 seconds
[2026-02-13 10:42:09,631 capri INFO] Found previous CNS step: 2_flexref
[2026-02-13 10:42:09,869 capri INFO] Saved scoring weights to: weights_params.json
[2026-02-13 10:42:09,869 __init__ INFO] [caprieval] No reference structure provided. Using the structure with the lowest score from previous step
[2026-02-13 10:42:09,954 libutil INFO] Selected 20 cores to process 20 jobs, with 32 maximum available cores.
[2026-02-13 10:42:09,954 libparallel INFO] Using 20 cores
[2026-02-13 10:42:10,330 libparallel INFO] 20 tasks finished
[2026-02-13 10:42:10,331 capri INFO] Rearranging cluster information into capri_clt.tsv
[2026-02-13 10:42:10,338 cli_clean INFO] Compressing '../2_flexref' folder
[2026-02-13 10:42:10,339 clean_steps INFO] Cleaning output for '../2_flexref' using 20 cores.
[2026-02-13 10:42:10,458 libtimer INFO] compressing took 0 seconds
[2026-02-13 10:42:10,458 cli_analyse INFO] CAPRI files identified
[2026-02-13 10:42:10,460 cli_analyse INFO] Plotting results..
[2026-02-13 10:42:11,561 cli_analyse INFO] Summary archive summary.tgz created!
[2026-02-13 10:42:11,561 cli_analyse INFO] Analysing step 3_emref
[2026-02-13 10:42:11,563 cli_unpack INFO] Unpacking '../3_emref' folder
[2026-02-13 10:42:11,563 libtimer INFO] unpacking took 0 seconds
[2026-02-13 10:42:11,577 capri INFO] Found previous CNS step: 3_emref
[2026-02-13 10:42:11,677 capri INFO] Saved scoring weights to: weights_params.json
[2026-02-13 10:42:11,677 __init__ INFO] [caprieval] No reference structure provided. Using the structure with the lowest score from previous step
[2026-02-13 10:42:11,763 libutil INFO] Selected 20 cores to process 20 jobs, with 32 maximum available cores.
[2026-02-13 10:42:11,763 libparallel INFO] Using 20 cores
[2026-02-13 10:42:12,199 libparallel INFO] 20 tasks finished
[2026-02-13 10:42:12,200 capri INFO] Rearranging cluster information into capri_clt.tsv
[2026-02-13 10:42:12,205 cli_clean INFO] Compressing '../3_emref' folder
[2026-02-13 10:42:12,205 clean_steps INFO] Cleaning output for '../3_emref' using 20 cores.
[2026-02-13 10:42:12,341 libtimer INFO] compressing took 0 seconds
[2026-02-13 10:42:12,341 cli_analyse INFO] CAPRI files identified
[2026-02-13 10:42:12,343 cli_analyse INFO] Plotting results..
[2026-02-13 10:42:13,439 cli_analyse INFO] Summary archive summary.tgz created!
[2026-02-13 10:42:13,439 cli_analyse INFO] moving files to analysis folder
[2026-02-13 10:42:13,440 cli_analyse INFO] cancelling unsuccesful analysis folders
[2026-02-13 10:42:13,440 cli_analyse INFO] updating paths in analysis/1_rigidbody_analysis/capri_ss.tsv
[2026-02-13 10:42:13,440 cli_analyse INFO] View the results in analysis/1_rigidbody_analysis/report.html
[2026-02-13 10:42:13,440 cli_analyse INFO] To view structures or download the structure files, in a terminal run the command `python -m http.server --directory /mnt/Data/PopOS/Data_Ana/Wu/clawdPorjects/HADDOCK_test/results/run_Neg_AGTGATCGTGTTAGGT-1_contig_1_2`. By default, http server runs on `http://0.0.0.0:8000/`. Open the link http://0.0.0.0:8000/analysis/1_rigidbody_analysis/report.html in a web browser.
[2026-02-13 10:42:13,440 cli_analyse INFO] updating paths in analysis/2_flexref_analysis/capri_ss.tsv
[2026-02-13 10:42:13,440 cli_analyse INFO] View the results in analysis/2_flexref_analysis/report.html
[2026-02-13 10:42:13,440 cli_analyse INFO] To view structures or download the structure files, in a terminal run the command `python -m http.server --directory /mnt/Data/PopOS/Data_Ana/Wu/clawdPorjects/HADDOCK_test/results/run_Neg_AGTGATCGTGTTAGGT-1_contig_1_2`. By default, http server runs on `http://0.0.0.0:8000/`. Open the link http://0.0.0.0:8000/analysis/2_flexref_analysis/report.html in a web browser.
[2026-02-13 10:42:13,440 cli_analyse INFO] updating paths in analysis/3_emref_analysis/capri_ss.tsv
[2026-02-13 10:42:13,440 cli_analyse INFO] View the results in analysis/3_emref_analysis/report.html
[2026-02-13 10:42:13,440 cli_analyse INFO] To view structures or download the structure files, in a terminal run the command `python -m http.server --directory /mnt/Data/PopOS/Data_Ana/Wu/clawdPorjects/HADDOCK_test/results/run_Neg_AGTGATCGTGTTAGGT-1_contig_1_2`. By default, http server runs on `http://0.0.0.0:8000/`. Open the link http://0.0.0.0:8000/analysis/3_emref_analysis/report.html in a web browser.
[2026-02-13 10:42:13,440 cli_traceback INFO] Running haddock3-traceback on ./
[2026-02-13 10:42:13,440 cli_traceback INFO] Reading input run directory
[2026-02-13 10:42:13,440 cli_traceback INFO] All_steps: 0_topoaa, 1_rigidbody, 2_flexref, 3_emref
[2026-02-13 10:42:13,441 cli_traceback INFO] Modules not to be analysed: 0_topoaa
[2026-02-13 10:42:13,441 cli_traceback INFO] Steps to trace back: 1_rigidbody, 2_flexref, 3_emref
[2026-02-13 10:42:13,441 cli_traceback INFO] Created directory: /mnt/Data/PopOS/Data_Ana/Wu/clawdPorjects/HADDOCK_test/results/run_Neg_AGTGATCGTGTTAGGT-1_contig_1_2/traceback
[2026-02-13 10:42:13,441 cli_traceback INFO] Tracing back step 3_emref
[2026-02-13 10:42:13,443 cli_traceback INFO] Tracing back step 2_flexref
[2026-02-13 10:42:13,445 cli_traceback INFO] Tracing back step 1_rigidbody
[2026-02-13 10:42:13,449 cli_traceback INFO] Output dataframe traceback/traceback.tsv created with shape (20, 8)
[2026-02-13 10:42:13,475 clean_steps INFO] Cleaning output for '0_topoaa' using 20 cores.
[2026-02-13 10:42:13,609 libtimer INFO] cleaning output files took 0 seconds
[2026-02-13 10:42:13,609 clean_steps INFO] Cleaning output for '1_rigidbody' using 20 cores.
[2026-02-13 10:42:13,617 libtimer INFO] cleaning output files took 0 seconds
[2026-02-13 10:42:13,617 clean_steps INFO] Cleaning output for '2_flexref' using 20 cores.
[2026-02-13 10:42:13,626 libtimer INFO] cleaning output files took 0 seconds
[2026-02-13 10:42:13,627 clean_steps INFO] Cleaning output for '3_emref' using 20 cores.
[2026-02-13 10:42:13,638 libtimer INFO] cleaning output files took 0 seconds
[2026-02-13 10:42:13,638 cli INFO] This HADDOCK3 run took: 2 minutes and 7 seconds
[2026-02-13 10:42:13,638 greetings INFO] Your feedback matters in Haddock3! Share your experience and help us grow:
[2026-02-13 10:42:13,638 greetings INFO] GitHub issues: https://github.com/haddocking/haddock3/issues
[2026-02-13 10:42:13,638 greetings INFO] BioExcel feedback: https://www.bonvinlab.org/feedback
[2026-02-13 10:42:13,638 greetings INFO] BioExcel forum: https://ask.bioexcel.eu/c/haddock/6
[2026-02-13 10:42:13,638 cli INFO] Finished at 13/02/2026 10:42:13. Tot ziens! Agur! Good bye!
