[2026-02-06 04:54:51,974 cli INFO] 
##############################################
#                                            #
#                 HADDOCK3                   #
#                                            #
##############################################

!! Some of the HADDOCK3 components use CNS (Crystallographic and NMR System) which is free of use for non-profit applications. !!
!! For commercial use it is your own responsibility to have a proper license. !!
!! For details refer to the DISCLAIMER file in the HADDOCK3 repository. !!

Starting HADDOCK3 v2024.10.0b7 on 2026-02-06 04:54:00

Python 3.10.12 (main, Feb  4 2025, 14:57:36) [GCC 11.4.0]

[2026-02-06 04:54:55,611 libworkflow INFO] Reading instructions step 0_topoaa
[2026-02-06 04:54:55,611 libworkflow INFO] Reading instructions step 1_rigidbody
[2026-02-06 04:54:55,611 libworkflow INFO] Reading instructions step 2_flexref
[2026-02-06 04:54:55,612 libworkflow INFO] Reading instructions step 3_emref
[2026-02-06 04:54:55,626 base_cns_module INFO] Running [topoaa] module
[2026-02-06 04:54:55,626 __init__ INFO] [topoaa] Molecule 1: receptor_single_refold_14-1_Epi.pdb
[2026-02-06 04:54:55,627 __init__ INFO] [topoaa] Sanitizing molecule receptor_single_refold_14-1_Epi.pdb
[2026-02-06 04:54:55,634 __init__ INFO] [topoaa] Topology CNS input created
[2026-02-06 04:54:55,634 __init__ INFO] [topoaa] Molecule 2: ligand_single_refold_14-1_Epi.pdb
[2026-02-06 04:54:55,635 __init__ INFO] [topoaa] Sanitizing molecule ligand_single_refold_14-1_Epi.pdb
[2026-02-06 04:54:55,638 __init__ INFO] [topoaa] Topology CNS input created
[2026-02-06 04:54:55,638 __init__ INFO] [topoaa] Running CNS Jobs n=2
[2026-02-06 04:54:55,638 libutil INFO] Selected 2 cores to process 2 jobs, with 32 maximum available cores.
[2026-02-06 04:54:55,639 libparallel INFO] Using 2 cores
[2026-02-06 04:54:58,973 libparallel INFO] 2 tasks finished
[2026-02-06 04:54:58,974 __init__ INFO] [topoaa] CNS jobs have finished
[2026-02-06 04:54:58,975 base_cns_module INFO] Module [topoaa] finished.
[2026-02-06 04:54:58,975 __init__ INFO] [topoaa] took 3 seconds
[2026-02-06 04:54:59,306 base_cns_module INFO] Running [rigidbody] module
[2026-02-06 04:54:59,307 __init__ INFO] [rigidbody] crossdock=true
[2026-02-06 04:54:59,307 __init__ INFO] [rigidbody] Preparing jobs...
[2026-02-06 04:54:59,309 libutil INFO] Selected 20 cores to process 20 jobs, with 32 maximum available cores.
[2026-02-06 04:54:59,309 libparallel INFO] Using 20 cores
[2026-02-06 04:54:59,338 libparallel INFO] 20 tasks finished
[2026-02-06 04:54:59,339 __init__ INFO] [rigidbody] Preparation took 0.031716 seconds
[2026-02-06 04:54:59,340 __init__ INFO] [rigidbody] Running CNS Jobs n=20
[2026-02-06 04:54:59,340 libutil INFO] Selected 20 cores to process 20 jobs, with 32 maximum available cores.
[2026-02-06 04:54:59,341 libparallel INFO] Using 20 cores
[2026-02-06 04:55:09,965 libparallel INFO] 20 tasks finished
[2026-02-06 04:55:09,965 __init__ INFO] [rigidbody] CNS jobs have finished
[2026-02-06 04:55:09,995 base_cns_module INFO] Module [rigidbody] finished.
[2026-02-06 04:55:09,995 __init__ INFO] [rigidbody] took 11 seconds
[2026-02-06 04:55:10,369 base_cns_module INFO] Running [flexref] module
[2026-02-06 04:55:10,427 __init__ INFO] [flexref] Running CNS Jobs n=20
[2026-02-06 04:55:10,427 libutil INFO] Selected 20 cores to process 20 jobs, with 32 maximum available cores.
[2026-02-06 04:55:10,427 libparallel INFO] Using 20 cores
[2026-02-06 04:56:43,583 libparallel INFO] 20 tasks finished
[2026-02-06 04:56:43,583 __init__ INFO] [flexref] CNS jobs have finished
[2026-02-06 04:56:43,611 base_cns_module INFO] Module [flexref] finished.
[2026-02-06 04:56:43,611 __init__ INFO] [flexref] took 1 minute and 33 seconds
[2026-02-06 04:56:43,947 base_cns_module INFO] Running [emref] module
[2026-02-06 04:56:44,004 __init__ INFO] [emref] Running CNS Jobs n=20
[2026-02-06 04:56:44,004 libutil INFO] Selected 20 cores to process 20 jobs, with 32 maximum available cores.
[2026-02-06 04:56:44,004 libparallel INFO] Using 20 cores
[2026-02-06 04:56:51,018 libparallel INFO] 20 tasks finished
[2026-02-06 04:56:51,018 __init__ INFO] [emref] CNS jobs have finished
[2026-02-06 04:56:51,047 base_cns_module INFO] Module [emref] finished.
[2026-02-06 04:56:51,047 __init__ INFO] [emref] took 7 seconds
[2026-02-06 04:56:51,047 cli_analyse INFO] Running haddock3-analyse on ./, modules [], with top_cluster = 10
[2026-02-06 04:56:51,053 cli_analyse INFO] Created directory: /mnt/Data/PopOS/Data_Ana/Wu/clawdPorjects/HADDOCK_test/results/run_refold_14-1_Epi/analysis
[2026-02-06 04:56:51,053 cli_analyse INFO] Reading input run directory
[2026-02-06 04:56:51,054 cli_analyse INFO] selected steps: 0_topoaa, 1_rigidbody, 2_flexref, 3_emref
[2026-02-06 04:56:51,054 cli_analyse INFO] Analysing step 0_topoaa
[2026-02-06 04:56:51,054 cli_analyse WARNING] Could not execute the analysis for step 0_topoaa. The following error occurred 'dict' object has no attribute 'rel_path'
[2026-02-06 04:56:51,054 cli_analyse INFO] Analysing step 1_rigidbody
[2026-02-06 04:56:51,056 cli_unpack INFO] Unpacking '../1_rigidbody' folder
[2026-02-06 04:56:51,056 libtimer INFO] unpacking took 0 seconds
[2026-02-06 04:56:51,069 capri INFO] Found previous CNS step: 1_rigidbody
[2026-02-06 04:56:51,177 capri INFO] Saved scoring weights to: weights_params.json
[2026-02-06 04:56:51,177 __init__ INFO] [caprieval] No reference structure provided. Using the structure with the lowest score from previous step
[2026-02-06 04:56:51,261 libutil INFO] Selected 20 cores to process 20 jobs, with 32 maximum available cores.
[2026-02-06 04:56:51,262 libparallel INFO] Using 20 cores
[2026-02-06 04:56:51,677 libparallel INFO] 20 tasks finished
[2026-02-06 04:56:51,677 capri INFO] Rearranging cluster information into capri_clt.tsv
[2026-02-06 04:56:51,682 cli_clean INFO] Compressing '../1_rigidbody' folder
[2026-02-06 04:56:51,682 clean_steps INFO] Cleaning output for '../1_rigidbody' using 20 cores.
[2026-02-06 04:56:51,800 libtimer INFO] compressing took 0 seconds
[2026-02-06 04:56:51,800 cli_analyse INFO] CAPRI files identified
[2026-02-06 04:56:51,802 cli_analyse INFO] Plotting results..
[2026-02-06 04:56:53,003 cli_analyse INFO] Summary archive summary.tgz created!
[2026-02-06 04:56:53,003 cli_analyse INFO] Analysing step 2_flexref
[2026-02-06 04:56:53,006 cli_unpack INFO] Unpacking '../2_flexref' folder
[2026-02-06 04:56:53,006 libtimer INFO] unpacking took 0 seconds
[2026-02-06 04:56:53,019 capri INFO] Found previous CNS step: 2_flexref
[2026-02-06 04:56:53,256 capri INFO] Saved scoring weights to: weights_params.json
[2026-02-06 04:56:53,257 __init__ INFO] [caprieval] No reference structure provided. Using the structure with the lowest score from previous step
[2026-02-06 04:56:53,343 libutil INFO] Selected 20 cores to process 20 jobs, with 32 maximum available cores.
[2026-02-06 04:56:53,344 libparallel INFO] Using 20 cores
[2026-02-06 04:56:53,727 libparallel INFO] 20 tasks finished
[2026-02-06 04:56:53,727 capri INFO] Rearranging cluster information into capri_clt.tsv
[2026-02-06 04:56:53,732 cli_clean INFO] Compressing '../2_flexref' folder
[2026-02-06 04:56:53,733 clean_steps INFO] Cleaning output for '../2_flexref' using 20 cores.
[2026-02-06 04:56:53,854 libtimer INFO] compressing took 0 seconds
[2026-02-06 04:56:53,854 cli_analyse INFO] CAPRI files identified
[2026-02-06 04:56:53,857 cli_analyse INFO] Plotting results..
[2026-02-06 04:56:54,949 cli_analyse INFO] Summary archive summary.tgz created!
[2026-02-06 04:56:54,949 cli_analyse INFO] Analysing step 3_emref
[2026-02-06 04:56:54,951 cli_unpack INFO] Unpacking '../3_emref' folder
[2026-02-06 04:56:54,952 libtimer INFO] unpacking took 0 seconds
[2026-02-06 04:56:54,965 capri INFO] Found previous CNS step: 3_emref
[2026-02-06 04:56:55,066 capri INFO] Saved scoring weights to: weights_params.json
[2026-02-06 04:56:55,066 __init__ INFO] [caprieval] No reference structure provided. Using the structure with the lowest score from previous step
[2026-02-06 04:56:55,150 libutil INFO] Selected 20 cores to process 20 jobs, with 32 maximum available cores.
[2026-02-06 04:56:55,150 libparallel INFO] Using 20 cores
[2026-02-06 04:56:55,560 libparallel INFO] 20 tasks finished
[2026-02-06 04:56:55,562 capri INFO] Rearranging cluster information into capri_clt.tsv
[2026-02-06 04:56:55,569 cli_clean INFO] Compressing '../3_emref' folder
[2026-02-06 04:56:55,570 clean_steps INFO] Cleaning output for '../3_emref' using 20 cores.
[2026-02-06 04:56:55,705 libtimer INFO] compressing took 0 seconds
[2026-02-06 04:56:55,705 cli_analyse INFO] CAPRI files identified
[2026-02-06 04:56:55,708 cli_analyse INFO] Plotting results..
[2026-02-06 04:56:56,820 cli_analyse INFO] Summary archive summary.tgz created!
[2026-02-06 04:56:56,821 cli_analyse INFO] moving files to analysis folder
[2026-02-06 04:56:56,821 cli_analyse INFO] cancelling unsuccesful analysis folders
[2026-02-06 04:56:56,821 cli_analyse INFO] updating paths in analysis/1_rigidbody_analysis/capri_ss.tsv
[2026-02-06 04:56:56,821 cli_analyse INFO] View the results in analysis/1_rigidbody_analysis/report.html
[2026-02-06 04:56:56,821 cli_analyse INFO] To view structures or download the structure files, in a terminal run the command `python -m http.server --directory /mnt/Data/PopOS/Data_Ana/Wu/clawdPorjects/HADDOCK_test/results/run_refold_14-1_Epi`. By default, http server runs on `http://0.0.0.0:8000/`. Open the link http://0.0.0.0:8000/analysis/1_rigidbody_analysis/report.html in a web browser.
[2026-02-06 04:56:56,821 cli_analyse INFO] updating paths in analysis/2_flexref_analysis/capri_ss.tsv
[2026-02-06 04:56:56,821 cli_analyse INFO] View the results in analysis/2_flexref_analysis/report.html
[2026-02-06 04:56:56,821 cli_analyse INFO] To view structures or download the structure files, in a terminal run the command `python -m http.server --directory /mnt/Data/PopOS/Data_Ana/Wu/clawdPorjects/HADDOCK_test/results/run_refold_14-1_Epi`. By default, http server runs on `http://0.0.0.0:8000/`. Open the link http://0.0.0.0:8000/analysis/2_flexref_analysis/report.html in a web browser.
[2026-02-06 04:56:56,821 cli_analyse INFO] updating paths in analysis/3_emref_analysis/capri_ss.tsv
[2026-02-06 04:56:56,821 cli_analyse INFO] View the results in analysis/3_emref_analysis/report.html
[2026-02-06 04:56:56,821 cli_analyse INFO] To view structures or download the structure files, in a terminal run the command `python -m http.server --directory /mnt/Data/PopOS/Data_Ana/Wu/clawdPorjects/HADDOCK_test/results/run_refold_14-1_Epi`. By default, http server runs on `http://0.0.0.0:8000/`. Open the link http://0.0.0.0:8000/analysis/3_emref_analysis/report.html in a web browser.
[2026-02-06 04:56:56,821 cli_traceback INFO] Running haddock3-traceback on ./
[2026-02-06 04:56:56,822 cli_traceback INFO] Reading input run directory
[2026-02-06 04:56:56,822 cli_traceback INFO] All_steps: 0_topoaa, 1_rigidbody, 2_flexref, 3_emref
[2026-02-06 04:56:56,822 cli_traceback INFO] Modules not to be analysed: 0_topoaa
[2026-02-06 04:56:56,822 cli_traceback INFO] Steps to trace back: 1_rigidbody, 2_flexref, 3_emref
[2026-02-06 04:56:56,822 cli_traceback INFO] Created directory: /mnt/Data/PopOS/Data_Ana/Wu/clawdPorjects/HADDOCK_test/results/run_refold_14-1_Epi/traceback
[2026-02-06 04:56:56,822 cli_traceback INFO] Tracing back step 3_emref
[2026-02-06 04:56:56,824 cli_traceback INFO] Tracing back step 2_flexref
[2026-02-06 04:56:56,826 cli_traceback INFO] Tracing back step 1_rigidbody
[2026-02-06 04:56:56,830 cli_traceback INFO] Output dataframe traceback/traceback.tsv created with shape (20, 8)
[2026-02-06 04:56:56,857 clean_steps INFO] Cleaning output for '0_topoaa' using 20 cores.
[2026-02-06 04:56:56,991 libtimer INFO] cleaning output files took 0 seconds
[2026-02-06 04:56:56,991 clean_steps INFO] Cleaning output for '1_rigidbody' using 20 cores.
[2026-02-06 04:56:57,013 libtimer INFO] cleaning output files took 0 seconds
[2026-02-06 04:56:57,013 clean_steps INFO] Cleaning output for '2_flexref' using 20 cores.
[2026-02-06 04:56:57,026 libtimer INFO] cleaning output files took 0 seconds
[2026-02-06 04:56:57,026 clean_steps INFO] Cleaning output for '3_emref' using 20 cores.
[2026-02-06 04:56:57,034 libtimer INFO] cleaning output files took 0 seconds
[2026-02-06 04:56:57,034 cli INFO] This HADDOCK3 run took: 2 minutes and 5 seconds
[2026-02-06 04:56:57,034 greetings INFO] Your feedback matters in Haddock3! Share your experience and help us grow:
[2026-02-06 04:56:57,034 greetings INFO] GitHub issues: https://github.com/haddocking/haddock3/issues
[2026-02-06 04:56:57,034 greetings INFO] BioExcel feedback: https://www.bonvinlab.org/feedback
[2026-02-06 04:56:57,034 greetings INFO] BioExcel forum: https://ask.bioexcel.eu/c/haddock/6
[2026-02-06 04:56:57,035 cli INFO] Finished at 06/02/2026 04:56:57. Agur! Tot ziens! Até logo!
