[2026-02-13 13:23:57,826 cli INFO] 
##############################################
#                                            #
#                 HADDOCK3                   #
#                                            #
##############################################

!! Some of the HADDOCK3 components use CNS (Crystallographic and NMR System) which is free of use for non-profit applications. !!
!! For commercial use it is your own responsibility to have a proper license. !!
!! For details refer to the DISCLAIMER file in the HADDOCK3 repository. !!

Starting HADDOCK3 v2024.10.0b7 on 2026-02-13 13:23:00

Python 3.10.12 (main, Feb  4 2025, 14:57:36) [GCC 11.4.0]

[2026-02-13 13:24:01,582 libworkflow INFO] Reading instructions step 0_topoaa
[2026-02-13 13:24:01,583 libworkflow INFO] Reading instructions step 1_rigidbody
[2026-02-13 13:24:01,583 libworkflow INFO] Reading instructions step 2_flexref
[2026-02-13 13:24:01,583 libworkflow INFO] Reading instructions step 3_emref
[2026-02-13 13:24:01,597 base_cns_module INFO] Running [topoaa] module
[2026-02-13 13:24:01,597 __init__ INFO] [topoaa] Molecule 1: receptor_single_Pos_GTGGTAACAAGAGACC-1_contig_1_1.pdb
[2026-02-13 13:24:01,599 __init__ INFO] [topoaa] Sanitizing molecule receptor_single_Pos_GTGGTAACAAGAGACC-1_contig_1_1.pdb
[2026-02-13 13:24:01,606 __init__ INFO] [topoaa] Topology CNS input created
[2026-02-13 13:24:01,606 __init__ INFO] [topoaa] Molecule 2: ligand_single_Pos_GTGGTAACAAGAGACC-1_contig_1_1.pdb
[2026-02-13 13:24:01,607 __init__ INFO] [topoaa] Sanitizing molecule ligand_single_Pos_GTGGTAACAAGAGACC-1_contig_1_1.pdb
[2026-02-13 13:24:01,613 __init__ INFO] [topoaa] Topology CNS input created
[2026-02-13 13:24:01,613 __init__ INFO] [topoaa] Running CNS Jobs n=2
[2026-02-13 13:24:01,613 libutil INFO] Selected 2 cores to process 2 jobs, with 32 maximum available cores.
[2026-02-13 13:24:01,614 libparallel INFO] Using 2 cores
[2026-02-13 13:24:04,855 libparallel INFO] 2 tasks finished
[2026-02-13 13:24:04,855 __init__ INFO] [topoaa] CNS jobs have finished
[2026-02-13 13:24:04,857 base_cns_module INFO] Module [topoaa] finished.
[2026-02-13 13:24:04,857 __init__ INFO] [topoaa] took 3 seconds
[2026-02-13 13:24:05,207 base_cns_module INFO] Running [rigidbody] module
[2026-02-13 13:24:05,207 __init__ INFO] [rigidbody] crossdock=true
[2026-02-13 13:24:05,207 __init__ INFO] [rigidbody] Preparing jobs...
[2026-02-13 13:24:05,209 libutil INFO] Selected 20 cores to process 20 jobs, with 32 maximum available cores.
[2026-02-13 13:24:05,210 libparallel INFO] Using 20 cores
[2026-02-13 13:24:05,238 libparallel INFO] 20 tasks finished
[2026-02-13 13:24:05,239 __init__ INFO] [rigidbody] Preparation took 0.031316 seconds
[2026-02-13 13:24:05,239 __init__ INFO] [rigidbody] Running CNS Jobs n=20
[2026-02-13 13:24:05,239 libutil INFO] Selected 20 cores to process 20 jobs, with 32 maximum available cores.
[2026-02-13 13:24:05,240 libparallel INFO] Using 20 cores
[2026-02-13 13:24:16,080 libparallel INFO] 20 tasks finished
[2026-02-13 13:24:16,081 __init__ INFO] [rigidbody] CNS jobs have finished
[2026-02-13 13:24:16,114 base_cns_module INFO] Module [rigidbody] finished.
[2026-02-13 13:24:16,114 __init__ INFO] [rigidbody] took 11 seconds
[2026-02-13 13:24:16,497 base_cns_module INFO] Running [flexref] module
[2026-02-13 13:24:16,555 __init__ INFO] [flexref] Running CNS Jobs n=20
[2026-02-13 13:24:16,555 libutil INFO] Selected 20 cores to process 20 jobs, with 32 maximum available cores.
[2026-02-13 13:24:16,555 libparallel INFO] Using 20 cores
[2026-02-13 13:25:53,477 libparallel INFO] 20 tasks finished
[2026-02-13 13:25:53,477 __init__ INFO] [flexref] CNS jobs have finished
[2026-02-13 13:25:53,506 base_cns_module INFO] Module [flexref] finished.
[2026-02-13 13:25:53,506 __init__ INFO] [flexref] took 1 minute and 37 seconds
[2026-02-13 13:25:53,852 base_cns_module INFO] Running [emref] module
[2026-02-13 13:25:53,909 __init__ INFO] [emref] Running CNS Jobs n=20
[2026-02-13 13:25:53,909 libutil INFO] Selected 20 cores to process 20 jobs, with 32 maximum available cores.
[2026-02-13 13:25:53,910 libparallel INFO] Using 20 cores
[2026-02-13 13:26:01,296 libparallel INFO] 20 tasks finished
[2026-02-13 13:26:01,296 __init__ INFO] [emref] CNS jobs have finished
[2026-02-13 13:26:01,343 base_cns_module INFO] Module [emref] finished.
[2026-02-13 13:26:01,343 __init__ INFO] [emref] took 7 seconds
[2026-02-13 13:26:01,343 cli_analyse INFO] Running haddock3-analyse on ./, modules [], with top_cluster = 10
[2026-02-13 13:26:01,350 cli_analyse INFO] Created directory: /mnt/Data/PopOS/Data_Ana/Wu/clawdPorjects/HADDOCK_test/results/run_Pos_GTGGTAACAAGAGACC-1_contig_1_1/analysis
[2026-02-13 13:26:01,350 cli_analyse INFO] Reading input run directory
[2026-02-13 13:26:01,350 cli_analyse INFO] selected steps: 0_topoaa, 1_rigidbody, 2_flexref, 3_emref
[2026-02-13 13:26:01,350 cli_analyse INFO] Analysing step 0_topoaa
[2026-02-13 13:26:01,350 cli_analyse WARNING] Could not execute the analysis for step 0_topoaa. The following error occurred 'dict' object has no attribute 'rel_path'
[2026-02-13 13:26:01,351 cli_analyse INFO] Analysing step 1_rigidbody
[2026-02-13 13:26:01,352 cli_unpack INFO] Unpacking '../1_rigidbody' folder
[2026-02-13 13:26:01,352 libtimer INFO] unpacking took 0 seconds
[2026-02-13 13:26:01,365 capri INFO] Found previous CNS step: 1_rigidbody
[2026-02-13 13:26:01,473 capri INFO] Saved scoring weights to: weights_params.json
[2026-02-13 13:26:01,473 __init__ INFO] [caprieval] No reference structure provided. Using the structure with the lowest score from previous step
[2026-02-13 13:26:01,557 libutil INFO] Selected 20 cores to process 20 jobs, with 32 maximum available cores.
[2026-02-13 13:26:01,558 libparallel INFO] Using 20 cores
[2026-02-13 13:26:01,987 libparallel INFO] 20 tasks finished
[2026-02-13 13:26:01,988 capri INFO] Rearranging cluster information into capri_clt.tsv
[2026-02-13 13:26:01,993 cli_clean INFO] Compressing '../1_rigidbody' folder
[2026-02-13 13:26:01,993 clean_steps INFO] Cleaning output for '../1_rigidbody' using 20 cores.
[2026-02-13 13:26:02,122 libtimer INFO] compressing took 0 seconds
[2026-02-13 13:26:02,122 cli_analyse INFO] CAPRI files identified
[2026-02-13 13:26:02,124 cli_analyse INFO] Plotting results..
[2026-02-13 13:26:03,340 cli_analyse INFO] Summary archive summary.tgz created!
[2026-02-13 13:26:03,341 cli_analyse INFO] Analysing step 2_flexref
[2026-02-13 13:26:03,343 cli_unpack INFO] Unpacking '../2_flexref' folder
[2026-02-13 13:26:03,343 libtimer INFO] unpacking took 0 seconds
[2026-02-13 13:26:03,356 capri INFO] Found previous CNS step: 2_flexref
[2026-02-13 13:26:03,593 capri INFO] Saved scoring weights to: weights_params.json
[2026-02-13 13:26:03,593 __init__ INFO] [caprieval] No reference structure provided. Using the structure with the lowest score from previous step
[2026-02-13 13:26:03,678 libutil INFO] Selected 20 cores to process 20 jobs, with 32 maximum available cores.
[2026-02-13 13:26:03,679 libparallel INFO] Using 20 cores
[2026-02-13 13:26:04,082 libparallel INFO] 20 tasks finished
[2026-02-13 13:26:04,083 capri INFO] Rearranging cluster information into capri_clt.tsv
[2026-02-13 13:26:04,087 cli_clean INFO] Compressing '../2_flexref' folder
[2026-02-13 13:26:04,087 clean_steps INFO] Cleaning output for '../2_flexref' using 20 cores.
[2026-02-13 13:26:04,207 libtimer INFO] compressing took 0 seconds
[2026-02-13 13:26:04,207 cli_analyse INFO] CAPRI files identified
[2026-02-13 13:26:04,210 cli_analyse INFO] Plotting results..
[2026-02-13 13:26:05,305 cli_analyse INFO] Summary archive summary.tgz created!
[2026-02-13 13:26:05,305 cli_analyse INFO] Analysing step 3_emref
[2026-02-13 13:26:05,307 cli_unpack INFO] Unpacking '../3_emref' folder
[2026-02-13 13:26:05,308 libtimer INFO] unpacking took 0 seconds
[2026-02-13 13:26:05,322 capri INFO] Found previous CNS step: 3_emref
[2026-02-13 13:26:05,422 capri INFO] Saved scoring weights to: weights_params.json
[2026-02-13 13:26:05,422 __init__ INFO] [caprieval] No reference structure provided. Using the structure with the lowest score from previous step
[2026-02-13 13:26:05,508 libutil INFO] Selected 20 cores to process 20 jobs, with 32 maximum available cores.
[2026-02-13 13:26:05,508 libparallel INFO] Using 20 cores
[2026-02-13 13:26:05,908 libparallel INFO] 20 tasks finished
[2026-02-13 13:26:05,908 capri INFO] Rearranging cluster information into capri_clt.tsv
[2026-02-13 13:26:05,916 cli_clean INFO] Compressing '../3_emref' folder
[2026-02-13 13:26:05,916 clean_steps INFO] Cleaning output for '../3_emref' using 20 cores.
[2026-02-13 13:26:06,047 libtimer INFO] compressing took 0 seconds
[2026-02-13 13:26:06,047 cli_analyse INFO] CAPRI files identified
[2026-02-13 13:26:06,050 cli_analyse INFO] Plotting results..
[2026-02-13 13:26:07,152 cli_analyse INFO] Summary archive summary.tgz created!
[2026-02-13 13:26:07,152 cli_analyse INFO] moving files to analysis folder
[2026-02-13 13:26:07,153 cli_analyse INFO] cancelling unsuccesful analysis folders
[2026-02-13 13:26:07,153 cli_analyse INFO] updating paths in analysis/1_rigidbody_analysis/capri_ss.tsv
[2026-02-13 13:26:07,153 cli_analyse INFO] View the results in analysis/1_rigidbody_analysis/report.html
[2026-02-13 13:26:07,153 cli_analyse INFO] To view structures or download the structure files, in a terminal run the command `python -m http.server --directory /mnt/Data/PopOS/Data_Ana/Wu/clawdPorjects/HADDOCK_test/results/run_Pos_GTGGTAACAAGAGACC-1_contig_1_1`. By default, http server runs on `http://0.0.0.0:8000/`. Open the link http://0.0.0.0:8000/analysis/1_rigidbody_analysis/report.html in a web browser.
[2026-02-13 13:26:07,153 cli_analyse INFO] updating paths in analysis/2_flexref_analysis/capri_ss.tsv
[2026-02-13 13:26:07,153 cli_analyse INFO] View the results in analysis/2_flexref_analysis/report.html
[2026-02-13 13:26:07,153 cli_analyse INFO] To view structures or download the structure files, in a terminal run the command `python -m http.server --directory /mnt/Data/PopOS/Data_Ana/Wu/clawdPorjects/HADDOCK_test/results/run_Pos_GTGGTAACAAGAGACC-1_contig_1_1`. By default, http server runs on `http://0.0.0.0:8000/`. Open the link http://0.0.0.0:8000/analysis/2_flexref_analysis/report.html in a web browser.
[2026-02-13 13:26:07,153 cli_analyse INFO] updating paths in analysis/3_emref_analysis/capri_ss.tsv
[2026-02-13 13:26:07,153 cli_analyse INFO] View the results in analysis/3_emref_analysis/report.html
[2026-02-13 13:26:07,153 cli_analyse INFO] To view structures or download the structure files, in a terminal run the command `python -m http.server --directory /mnt/Data/PopOS/Data_Ana/Wu/clawdPorjects/HADDOCK_test/results/run_Pos_GTGGTAACAAGAGACC-1_contig_1_1`. By default, http server runs on `http://0.0.0.0:8000/`. Open the link http://0.0.0.0:8000/analysis/3_emref_analysis/report.html in a web browser.
[2026-02-13 13:26:07,153 cli_traceback INFO] Running haddock3-traceback on ./
[2026-02-13 13:26:07,153 cli_traceback INFO] Reading input run directory
[2026-02-13 13:26:07,154 cli_traceback INFO] All_steps: 0_topoaa, 1_rigidbody, 2_flexref, 3_emref
[2026-02-13 13:26:07,154 cli_traceback INFO] Modules not to be analysed: 0_topoaa
[2026-02-13 13:26:07,154 cli_traceback INFO] Steps to trace back: 1_rigidbody, 2_flexref, 3_emref
[2026-02-13 13:26:07,154 cli_traceback INFO] Created directory: /mnt/Data/PopOS/Data_Ana/Wu/clawdPorjects/HADDOCK_test/results/run_Pos_GTGGTAACAAGAGACC-1_contig_1_1/traceback
[2026-02-13 13:26:07,154 cli_traceback INFO] Tracing back step 3_emref
[2026-02-13 13:26:07,156 cli_traceback INFO] Tracing back step 2_flexref
[2026-02-13 13:26:07,158 cli_traceback INFO] Tracing back step 1_rigidbody
[2026-02-13 13:26:07,162 cli_traceback INFO] Output dataframe traceback/traceback.tsv created with shape (20, 8)
[2026-02-13 13:26:07,189 clean_steps INFO] Cleaning output for '0_topoaa' using 20 cores.
[2026-02-13 13:26:07,321 libtimer INFO] cleaning output files took 0 seconds
[2026-02-13 13:26:07,321 clean_steps INFO] Cleaning output for '1_rigidbody' using 20 cores.
[2026-02-13 13:26:07,332 libtimer INFO] cleaning output files took 0 seconds
[2026-02-13 13:26:07,332 clean_steps INFO] Cleaning output for '2_flexref' using 20 cores.
[2026-02-13 13:26:07,343 libtimer INFO] cleaning output files took 0 seconds
[2026-02-13 13:26:07,344 clean_steps INFO] Cleaning output for '3_emref' using 20 cores.
[2026-02-13 13:26:07,360 libtimer INFO] cleaning output files took 0 seconds
[2026-02-13 13:26:07,360 cli INFO] This HADDOCK3 run took: 2 minutes and 10 seconds
[2026-02-13 13:26:07,361 greetings INFO] Your feedback matters in Haddock3! Share your experience and help us grow:
[2026-02-13 13:26:07,361 greetings INFO] GitHub issues: https://github.com/haddocking/haddock3/issues
[2026-02-13 13:26:07,361 greetings INFO] BioExcel feedback: https://www.bonvinlab.org/feedback
[2026-02-13 13:26:07,361 greetings INFO] BioExcel forum: https://ask.bioexcel.eu/c/haddock/6
[2026-02-13 13:26:07,361 cli INFO] Finished at 13/02/2026 13:26:07. Tot ziens! Dovidenia! Tchau!
