[2026-02-13 12:28:26,539 cli INFO] 
##############################################
#                                            #
#                 HADDOCK3                   #
#                                            #
##############################################

!! Some of the HADDOCK3 components use CNS (Crystallographic and NMR System) which is free of use for non-profit applications. !!
!! For commercial use it is your own responsibility to have a proper license. !!
!! For details refer to the DISCLAIMER file in the HADDOCK3 repository. !!

Starting HADDOCK3 v2024.10.0b7 on 2026-02-13 12:28:00

Python 3.10.12 (main, Feb  4 2025, 14:57:36) [GCC 11.4.0]

[2026-02-13 12:28:30,191 libworkflow INFO] Reading instructions step 0_topoaa
[2026-02-13 12:28:30,191 libworkflow INFO] Reading instructions step 1_rigidbody
[2026-02-13 12:28:30,192 libworkflow INFO] Reading instructions step 2_flexref
[2026-02-13 12:28:30,192 libworkflow INFO] Reading instructions step 3_emref
[2026-02-13 12:28:30,205 base_cns_module INFO] Running [topoaa] module
[2026-02-13 12:28:30,205 __init__ INFO] [topoaa] Molecule 1: receptor_single_Pos_AGTCGTCAGCACGGTT-1_contig_2_2.pdb
[2026-02-13 12:28:30,207 __init__ INFO] [topoaa] Sanitizing molecule receptor_single_Pos_AGTCGTCAGCACGGTT-1_contig_2_2.pdb
[2026-02-13 12:28:30,214 __init__ INFO] [topoaa] Topology CNS input created
[2026-02-13 12:28:30,214 __init__ INFO] [topoaa] Molecule 2: ligand_single_Pos_AGTCGTCAGCACGGTT-1_contig_2_2.pdb
[2026-02-13 12:28:30,215 __init__ INFO] [topoaa] Sanitizing molecule ligand_single_Pos_AGTCGTCAGCACGGTT-1_contig_2_2.pdb
[2026-02-13 12:28:30,221 __init__ INFO] [topoaa] Topology CNS input created
[2026-02-13 12:28:30,221 __init__ INFO] [topoaa] Running CNS Jobs n=2
[2026-02-13 12:28:30,221 libutil INFO] Selected 2 cores to process 2 jobs, with 32 maximum available cores.
[2026-02-13 12:28:30,222 libparallel INFO] Using 2 cores
[2026-02-13 12:28:33,463 libparallel INFO] 2 tasks finished
[2026-02-13 12:28:33,463 __init__ INFO] [topoaa] CNS jobs have finished
[2026-02-13 12:28:33,465 base_cns_module INFO] Module [topoaa] finished.
[2026-02-13 12:28:33,466 __init__ INFO] [topoaa] took 3 seconds
[2026-02-13 12:28:33,801 base_cns_module INFO] Running [rigidbody] module
[2026-02-13 12:28:33,802 __init__ INFO] [rigidbody] crossdock=true
[2026-02-13 12:28:33,802 __init__ INFO] [rigidbody] Preparing jobs...
[2026-02-13 12:28:33,804 libutil INFO] Selected 20 cores to process 20 jobs, with 32 maximum available cores.
[2026-02-13 12:28:33,804 libparallel INFO] Using 20 cores
[2026-02-13 12:28:33,831 libparallel INFO] 20 tasks finished
[2026-02-13 12:28:33,832 __init__ INFO] [rigidbody] Preparation took 0.029725 seconds
[2026-02-13 12:28:33,833 __init__ INFO] [rigidbody] Running CNS Jobs n=20
[2026-02-13 12:28:33,833 libutil INFO] Selected 20 cores to process 20 jobs, with 32 maximum available cores.
[2026-02-13 12:28:33,834 libparallel INFO] Using 20 cores
[2026-02-13 12:28:44,263 libparallel INFO] 20 tasks finished
[2026-02-13 12:28:44,263 __init__ INFO] [rigidbody] CNS jobs have finished
[2026-02-13 12:28:44,288 base_cns_module INFO] Module [rigidbody] finished.
[2026-02-13 12:28:44,288 __init__ INFO] [rigidbody] took 10 seconds
[2026-02-13 12:28:44,663 base_cns_module INFO] Running [flexref] module
[2026-02-13 12:28:44,720 __init__ INFO] [flexref] Running CNS Jobs n=20
[2026-02-13 12:28:44,720 libutil INFO] Selected 20 cores to process 20 jobs, with 32 maximum available cores.
[2026-02-13 12:28:44,721 libparallel INFO] Using 20 cores
[2026-02-13 12:30:17,442 libparallel INFO] 20 tasks finished
[2026-02-13 12:30:17,443 __init__ INFO] [flexref] CNS jobs have finished
[2026-02-13 12:30:17,470 base_cns_module INFO] Module [flexref] finished.
[2026-02-13 12:30:17,470 __init__ INFO] [flexref] took 1 minute and 33 seconds
[2026-02-13 12:30:17,805 base_cns_module INFO] Running [emref] module
[2026-02-13 12:30:17,861 __init__ INFO] [emref] Running CNS Jobs n=20
[2026-02-13 12:30:17,861 libutil INFO] Selected 20 cores to process 20 jobs, with 32 maximum available cores.
[2026-02-13 12:30:17,861 libparallel INFO] Using 20 cores
[2026-02-13 12:30:25,126 libparallel INFO] 20 tasks finished
[2026-02-13 12:30:25,126 __init__ INFO] [emref] CNS jobs have finished
[2026-02-13 12:30:25,153 base_cns_module INFO] Module [emref] finished.
[2026-02-13 12:30:25,153 __init__ INFO] [emref] took 7 seconds
[2026-02-13 12:30:25,153 cli_analyse INFO] Running haddock3-analyse on ./, modules [], with top_cluster = 10
[2026-02-13 12:30:25,160 cli_analyse INFO] Created directory: /mnt/Data/PopOS/Data_Ana/Wu/clawdPorjects/HADDOCK_test/results/run_Pos_AGTCGTCAGCACGGTT-1_contig_2_2/analysis
[2026-02-13 12:30:25,160 cli_analyse INFO] Reading input run directory
[2026-02-13 12:30:25,160 cli_analyse INFO] selected steps: 0_topoaa, 1_rigidbody, 2_flexref, 3_emref
[2026-02-13 12:30:25,160 cli_analyse INFO] Analysing step 0_topoaa
[2026-02-13 12:30:25,160 cli_analyse WARNING] Could not execute the analysis for step 0_topoaa. The following error occurred 'dict' object has no attribute 'rel_path'
[2026-02-13 12:30:25,161 cli_analyse INFO] Analysing step 1_rigidbody
[2026-02-13 12:30:25,162 cli_unpack INFO] Unpacking '../1_rigidbody' folder
[2026-02-13 12:30:25,162 libtimer INFO] unpacking took 0 seconds
[2026-02-13 12:30:25,175 capri INFO] Found previous CNS step: 1_rigidbody
[2026-02-13 12:30:25,281 capri INFO] Saved scoring weights to: weights_params.json
[2026-02-13 12:30:25,282 __init__ INFO] [caprieval] No reference structure provided. Using the structure with the lowest score from previous step
[2026-02-13 12:30:25,364 libutil INFO] Selected 20 cores to process 20 jobs, with 32 maximum available cores.
[2026-02-13 12:30:25,365 libparallel INFO] Using 20 cores
[2026-02-13 12:30:25,785 libparallel INFO] 20 tasks finished
[2026-02-13 12:30:25,786 capri INFO] Rearranging cluster information into capri_clt.tsv
[2026-02-13 12:30:25,790 cli_clean INFO] Compressing '../1_rigidbody' folder
[2026-02-13 12:30:25,790 clean_steps INFO] Cleaning output for '../1_rigidbody' using 20 cores.
[2026-02-13 12:30:25,908 libtimer INFO] compressing took 0 seconds
[2026-02-13 12:30:25,908 cli_analyse INFO] CAPRI files identified
[2026-02-13 12:30:25,910 cli_analyse INFO] Plotting results..
[2026-02-13 12:30:27,171 cli_analyse INFO] Summary archive summary.tgz created!
[2026-02-13 12:30:27,171 cli_analyse INFO] Analysing step 2_flexref
[2026-02-13 12:30:27,173 cli_unpack INFO] Unpacking '../2_flexref' folder
[2026-02-13 12:30:27,174 libtimer INFO] unpacking took 0 seconds
[2026-02-13 12:30:27,187 capri INFO] Found previous CNS step: 2_flexref
[2026-02-13 12:30:27,423 capri INFO] Saved scoring weights to: weights_params.json
[2026-02-13 12:30:27,423 __init__ INFO] [caprieval] No reference structure provided. Using the structure with the lowest score from previous step
[2026-02-13 12:30:27,507 libutil INFO] Selected 20 cores to process 20 jobs, with 32 maximum available cores.
[2026-02-13 12:30:27,507 libparallel INFO] Using 20 cores
[2026-02-13 12:30:27,879 libparallel INFO] 20 tasks finished
[2026-02-13 12:30:27,880 capri INFO] Rearranging cluster information into capri_clt.tsv
[2026-02-13 12:30:27,884 cli_clean INFO] Compressing '../2_flexref' folder
[2026-02-13 12:30:27,885 clean_steps INFO] Cleaning output for '../2_flexref' using 20 cores.
[2026-02-13 12:30:28,003 libtimer INFO] compressing took 0 seconds
[2026-02-13 12:30:28,003 cli_analyse INFO] CAPRI files identified
[2026-02-13 12:30:28,005 cli_analyse INFO] Plotting results..
[2026-02-13 12:30:29,137 cli_analyse INFO] Summary archive summary.tgz created!
[2026-02-13 12:30:29,137 cli_analyse INFO] Analysing step 3_emref
[2026-02-13 12:30:29,141 cli_unpack INFO] Unpacking '../3_emref' folder
[2026-02-13 12:30:29,142 libtimer INFO] unpacking took 0 seconds
[2026-02-13 12:30:29,158 capri INFO] Found previous CNS step: 3_emref
[2026-02-13 12:30:29,260 capri INFO] Saved scoring weights to: weights_params.json
[2026-02-13 12:30:29,260 __init__ INFO] [caprieval] No reference structure provided. Using the structure with the lowest score from previous step
[2026-02-13 12:30:29,343 libutil INFO] Selected 20 cores to process 20 jobs, with 32 maximum available cores.
[2026-02-13 12:30:29,344 libparallel INFO] Using 20 cores
[2026-02-13 12:30:29,764 libparallel INFO] 20 tasks finished
[2026-02-13 12:30:29,764 capri INFO] Rearranging cluster information into capri_clt.tsv
[2026-02-13 12:30:29,770 cli_clean INFO] Compressing '../3_emref' folder
[2026-02-13 12:30:29,770 clean_steps INFO] Cleaning output for '../3_emref' using 20 cores.
[2026-02-13 12:30:29,911 libtimer INFO] compressing took 0 seconds
[2026-02-13 12:30:29,912 cli_analyse INFO] CAPRI files identified
[2026-02-13 12:30:29,913 cli_analyse INFO] Plotting results..
[2026-02-13 12:30:31,074 cli_analyse INFO] Summary archive summary.tgz created!
[2026-02-13 12:30:31,074 cli_analyse INFO] moving files to analysis folder
[2026-02-13 12:30:31,074 cli_analyse INFO] cancelling unsuccesful analysis folders
[2026-02-13 12:30:31,074 cli_analyse INFO] updating paths in analysis/1_rigidbody_analysis/capri_ss.tsv
[2026-02-13 12:30:31,074 cli_analyse INFO] View the results in analysis/1_rigidbody_analysis/report.html
[2026-02-13 12:30:31,074 cli_analyse INFO] To view structures or download the structure files, in a terminal run the command `python -m http.server --directory /mnt/Data/PopOS/Data_Ana/Wu/clawdPorjects/HADDOCK_test/results/run_Pos_AGTCGTCAGCACGGTT-1_contig_2_2`. By default, http server runs on `http://0.0.0.0:8000/`. Open the link http://0.0.0.0:8000/analysis/1_rigidbody_analysis/report.html in a web browser.
[2026-02-13 12:30:31,074 cli_analyse INFO] updating paths in analysis/2_flexref_analysis/capri_ss.tsv
[2026-02-13 12:30:31,074 cli_analyse INFO] View the results in analysis/2_flexref_analysis/report.html
[2026-02-13 12:30:31,075 cli_analyse INFO] To view structures or download the structure files, in a terminal run the command `python -m http.server --directory /mnt/Data/PopOS/Data_Ana/Wu/clawdPorjects/HADDOCK_test/results/run_Pos_AGTCGTCAGCACGGTT-1_contig_2_2`. By default, http server runs on `http://0.0.0.0:8000/`. Open the link http://0.0.0.0:8000/analysis/2_flexref_analysis/report.html in a web browser.
[2026-02-13 12:30:31,075 cli_analyse INFO] updating paths in analysis/3_emref_analysis/capri_ss.tsv
[2026-02-13 12:30:31,075 cli_analyse INFO] View the results in analysis/3_emref_analysis/report.html
[2026-02-13 12:30:31,075 cli_analyse INFO] To view structures or download the structure files, in a terminal run the command `python -m http.server --directory /mnt/Data/PopOS/Data_Ana/Wu/clawdPorjects/HADDOCK_test/results/run_Pos_AGTCGTCAGCACGGTT-1_contig_2_2`. By default, http server runs on `http://0.0.0.0:8000/`. Open the link http://0.0.0.0:8000/analysis/3_emref_analysis/report.html in a web browser.
[2026-02-13 12:30:31,075 cli_traceback INFO] Running haddock3-traceback on ./
[2026-02-13 12:30:31,075 cli_traceback INFO] Reading input run directory
[2026-02-13 12:30:31,075 cli_traceback INFO] All_steps: 0_topoaa, 1_rigidbody, 2_flexref, 3_emref
[2026-02-13 12:30:31,075 cli_traceback INFO] Modules not to be analysed: 0_topoaa
[2026-02-13 12:30:31,075 cli_traceback INFO] Steps to trace back: 1_rigidbody, 2_flexref, 3_emref
[2026-02-13 12:30:31,077 cli_traceback INFO] Created directory: /mnt/Data/PopOS/Data_Ana/Wu/clawdPorjects/HADDOCK_test/results/run_Pos_AGTCGTCAGCACGGTT-1_contig_2_2/traceback
[2026-02-13 12:30:31,078 cli_traceback INFO] Tracing back step 3_emref
[2026-02-13 12:30:31,080 cli_traceback INFO] Tracing back step 2_flexref
[2026-02-13 12:30:31,083 cli_traceback INFO] Tracing back step 1_rigidbody
[2026-02-13 12:30:31,087 cli_traceback INFO] Output dataframe traceback/traceback.tsv created with shape (20, 8)
[2026-02-13 12:30:31,116 clean_steps INFO] Cleaning output for '0_topoaa' using 20 cores.
[2026-02-13 12:30:31,265 libtimer INFO] cleaning output files took 0 seconds
[2026-02-13 12:30:31,265 clean_steps INFO] Cleaning output for '1_rigidbody' using 20 cores.
[2026-02-13 12:30:31,273 libtimer INFO] cleaning output files took 0 seconds
[2026-02-13 12:30:31,273 clean_steps INFO] Cleaning output for '2_flexref' using 20 cores.
[2026-02-13 12:30:31,282 libtimer INFO] cleaning output files took 0 seconds
[2026-02-13 12:30:31,283 clean_steps INFO] Cleaning output for '3_emref' using 20 cores.
[2026-02-13 12:30:31,292 libtimer INFO] cleaning output files took 0 seconds
[2026-02-13 12:30:31,292 cli INFO] This HADDOCK3 run took: 2 minutes and 5 seconds
[2026-02-13 12:30:31,293 greetings INFO] Your feedback matters in Haddock3! Share your experience and help us grow:
[2026-02-13 12:30:31,293 greetings INFO] GitHub issues: https://github.com/haddocking/haddock3/issues
[2026-02-13 12:30:31,293 greetings INFO] BioExcel feedback: https://www.bonvinlab.org/feedback
[2026-02-13 12:30:31,293 greetings INFO] BioExcel forum: https://ask.bioexcel.eu/c/haddock/6
[2026-02-13 12:30:31,293 cli INFO] Finished at 13/02/2026 12:30:31. Good bye! Tot ziens! Agur!
