[2026-02-13 13:11:06,454 cli INFO] 
##############################################
#                                            #
#                 HADDOCK3                   #
#                                            #
##############################################

!! Some of the HADDOCK3 components use CNS (Crystallographic and NMR System) which is free of use for non-profit applications. !!
!! For commercial use it is your own responsibility to have a proper license. !!
!! For details refer to the DISCLAIMER file in the HADDOCK3 repository. !!

Starting HADDOCK3 v2024.10.0b7 on 2026-02-13 13:11:00

Python 3.10.12 (main, Feb  4 2025, 14:57:36) [GCC 11.4.0]

[2026-02-13 13:11:10,157 libworkflow INFO] Reading instructions step 0_topoaa
[2026-02-13 13:11:10,158 libworkflow INFO] Reading instructions step 1_rigidbody
[2026-02-13 13:11:10,158 libworkflow INFO] Reading instructions step 2_flexref
[2026-02-13 13:11:10,158 libworkflow INFO] Reading instructions step 3_emref
[2026-02-13 13:11:10,172 base_cns_module INFO] Running [topoaa] module
[2026-02-13 13:11:10,172 __init__ INFO] [topoaa] Molecule 1: receptor_single_Pos_CTACAAGTCACACGTA-1_contig_1_1.pdb
[2026-02-13 13:11:10,173 __init__ INFO] [topoaa] Sanitizing molecule receptor_single_Pos_CTACAAGTCACACGTA-1_contig_1_1.pdb
[2026-02-13 13:11:10,180 __init__ INFO] [topoaa] Topology CNS input created
[2026-02-13 13:11:10,180 __init__ INFO] [topoaa] Molecule 2: ligand_single_Pos_CTACAAGTCACACGTA-1_contig_1_1.pdb
[2026-02-13 13:11:10,182 __init__ INFO] [topoaa] Sanitizing molecule ligand_single_Pos_CTACAAGTCACACGTA-1_contig_1_1.pdb
[2026-02-13 13:11:10,188 __init__ INFO] [topoaa] Topology CNS input created
[2026-02-13 13:11:10,188 __init__ INFO] [topoaa] Running CNS Jobs n=2
[2026-02-13 13:11:10,188 libutil INFO] Selected 2 cores to process 2 jobs, with 32 maximum available cores.
[2026-02-13 13:11:10,189 libparallel INFO] Using 2 cores
[2026-02-13 13:11:13,435 libparallel INFO] 2 tasks finished
[2026-02-13 13:11:13,435 __init__ INFO] [topoaa] CNS jobs have finished
[2026-02-13 13:11:13,437 base_cns_module INFO] Module [topoaa] finished.
[2026-02-13 13:11:13,437 __init__ INFO] [topoaa] took 3 seconds
[2026-02-13 13:11:13,776 base_cns_module INFO] Running [rigidbody] module
[2026-02-13 13:11:13,777 __init__ INFO] [rigidbody] crossdock=true
[2026-02-13 13:11:13,777 __init__ INFO] [rigidbody] Preparing jobs...
[2026-02-13 13:11:13,779 libutil INFO] Selected 20 cores to process 20 jobs, with 32 maximum available cores.
[2026-02-13 13:11:13,780 libparallel INFO] Using 20 cores
[2026-02-13 13:11:13,811 libparallel INFO] 20 tasks finished
[2026-02-13 13:11:13,812 __init__ INFO] [rigidbody] Preparation took 0.034597 seconds
[2026-02-13 13:11:13,812 __init__ INFO] [rigidbody] Running CNS Jobs n=20
[2026-02-13 13:11:13,812 libutil INFO] Selected 20 cores to process 20 jobs, with 32 maximum available cores.
[2026-02-13 13:11:13,813 libparallel INFO] Using 20 cores
[2026-02-13 13:11:24,945 libparallel INFO] 20 tasks finished
[2026-02-13 13:11:24,946 __init__ INFO] [rigidbody] CNS jobs have finished
[2026-02-13 13:11:24,999 base_cns_module INFO] Module [rigidbody] finished.
[2026-02-13 13:11:24,999 __init__ INFO] [rigidbody] took 11 seconds
[2026-02-13 13:11:25,388 base_cns_module INFO] Running [flexref] module
[2026-02-13 13:11:25,447 __init__ INFO] [flexref] Running CNS Jobs n=20
[2026-02-13 13:11:25,447 libutil INFO] Selected 20 cores to process 20 jobs, with 32 maximum available cores.
[2026-02-13 13:11:25,447 libparallel INFO] Using 20 cores
[2026-02-13 13:13:02,335 libparallel INFO] 20 tasks finished
[2026-02-13 13:13:02,336 __init__ INFO] [flexref] CNS jobs have finished
[2026-02-13 13:13:02,365 base_cns_module INFO] Module [flexref] finished.
[2026-02-13 13:13:02,365 __init__ INFO] [flexref] took 1 minute and 37 seconds
[2026-02-13 13:13:02,707 base_cns_module INFO] Running [emref] module
[2026-02-13 13:13:02,764 __init__ INFO] [emref] Running CNS Jobs n=20
[2026-02-13 13:13:02,765 libutil INFO] Selected 20 cores to process 20 jobs, with 32 maximum available cores.
[2026-02-13 13:13:02,765 libparallel INFO] Using 20 cores
[2026-02-13 13:13:09,963 libparallel INFO] 20 tasks finished
[2026-02-13 13:13:09,963 __init__ INFO] [emref] CNS jobs have finished
[2026-02-13 13:13:10,000 base_cns_module INFO] Module [emref] finished.
[2026-02-13 13:13:10,000 __init__ INFO] [emref] took 7 seconds
[2026-02-13 13:13:10,000 cli_analyse INFO] Running haddock3-analyse on ./, modules [], with top_cluster = 10
[2026-02-13 13:13:10,007 cli_analyse INFO] Created directory: /mnt/Data/PopOS/Data_Ana/Wu/clawdPorjects/HADDOCK_test/results/run_Pos_CTACAAGTCACACGTA-1_contig_1_1/analysis
[2026-02-13 13:13:10,007 cli_analyse INFO] Reading input run directory
[2026-02-13 13:13:10,007 cli_analyse INFO] selected steps: 0_topoaa, 1_rigidbody, 2_flexref, 3_emref
[2026-02-13 13:13:10,007 cli_analyse INFO] Analysing step 0_topoaa
[2026-02-13 13:13:10,007 cli_analyse WARNING] Could not execute the analysis for step 0_topoaa. The following error occurred 'dict' object has no attribute 'rel_path'
[2026-02-13 13:13:10,007 cli_analyse INFO] Analysing step 1_rigidbody
[2026-02-13 13:13:10,008 cli_unpack INFO] Unpacking '../1_rigidbody' folder
[2026-02-13 13:13:10,009 libtimer INFO] unpacking took 0 seconds
[2026-02-13 13:13:10,022 capri INFO] Found previous CNS step: 1_rigidbody
[2026-02-13 13:13:10,131 capri INFO] Saved scoring weights to: weights_params.json
[2026-02-13 13:13:10,131 __init__ INFO] [caprieval] No reference structure provided. Using the structure with the lowest score from previous step
[2026-02-13 13:13:10,216 libutil INFO] Selected 20 cores to process 20 jobs, with 32 maximum available cores.
[2026-02-13 13:13:10,217 libparallel INFO] Using 20 cores
[2026-02-13 13:13:10,688 libparallel INFO] 20 tasks finished
[2026-02-13 13:13:10,689 capri INFO] Rearranging cluster information into capri_clt.tsv
[2026-02-13 13:13:10,696 cli_clean INFO] Compressing '../1_rigidbody' folder
[2026-02-13 13:13:10,697 clean_steps INFO] Cleaning output for '../1_rigidbody' using 20 cores.
[2026-02-13 13:13:10,826 libtimer INFO] compressing took 0 seconds
[2026-02-13 13:13:10,826 cli_analyse INFO] CAPRI files identified
[2026-02-13 13:13:10,828 cli_analyse INFO] Plotting results..
[2026-02-13 13:13:12,066 cli_analyse INFO] Summary archive summary.tgz created!
[2026-02-13 13:13:12,066 cli_analyse INFO] Analysing step 2_flexref
[2026-02-13 13:13:12,069 cli_unpack INFO] Unpacking '../2_flexref' folder
[2026-02-13 13:13:12,069 libtimer INFO] unpacking took 0 seconds
[2026-02-13 13:13:12,083 capri INFO] Found previous CNS step: 2_flexref
[2026-02-13 13:13:12,323 capri INFO] Saved scoring weights to: weights_params.json
[2026-02-13 13:13:12,323 __init__ INFO] [caprieval] No reference structure provided. Using the structure with the lowest score from previous step
[2026-02-13 13:13:12,409 libutil INFO] Selected 20 cores to process 20 jobs, with 32 maximum available cores.
[2026-02-13 13:13:12,410 libparallel INFO] Using 20 cores
[2026-02-13 13:13:12,801 libparallel INFO] 20 tasks finished
[2026-02-13 13:13:12,802 capri INFO] Rearranging cluster information into capri_clt.tsv
[2026-02-13 13:13:12,807 cli_clean INFO] Compressing '../2_flexref' folder
[2026-02-13 13:13:12,808 clean_steps INFO] Cleaning output for '../2_flexref' using 20 cores.
[2026-02-13 13:13:12,929 libtimer INFO] compressing took 0 seconds
[2026-02-13 13:13:12,930 cli_analyse INFO] CAPRI files identified
[2026-02-13 13:13:12,932 cli_analyse INFO] Plotting results..
[2026-02-13 13:13:14,055 cli_analyse INFO] Summary archive summary.tgz created!
[2026-02-13 13:13:14,055 cli_analyse INFO] Analysing step 3_emref
[2026-02-13 13:13:14,057 cli_unpack INFO] Unpacking '../3_emref' folder
[2026-02-13 13:13:14,057 libtimer INFO] unpacking took 0 seconds
[2026-02-13 13:13:14,071 capri INFO] Found previous CNS step: 3_emref
[2026-02-13 13:13:14,173 capri INFO] Saved scoring weights to: weights_params.json
[2026-02-13 13:13:14,173 __init__ INFO] [caprieval] No reference structure provided. Using the structure with the lowest score from previous step
[2026-02-13 13:13:14,258 libutil INFO] Selected 20 cores to process 20 jobs, with 32 maximum available cores.
[2026-02-13 13:13:14,259 libparallel INFO] Using 20 cores
[2026-02-13 13:13:14,642 libparallel INFO] 20 tasks finished
[2026-02-13 13:13:14,643 capri INFO] Rearranging cluster information into capri_clt.tsv
[2026-02-13 13:13:14,647 cli_clean INFO] Compressing '../3_emref' folder
[2026-02-13 13:13:14,647 clean_steps INFO] Cleaning output for '../3_emref' using 20 cores.
[2026-02-13 13:13:14,769 libtimer INFO] compressing took 0 seconds
[2026-02-13 13:13:14,769 cli_analyse INFO] CAPRI files identified
[2026-02-13 13:13:14,772 cli_analyse INFO] Plotting results..
[2026-02-13 13:13:15,873 cli_analyse INFO] Summary archive summary.tgz created!
[2026-02-13 13:13:15,873 cli_analyse INFO] moving files to analysis folder
[2026-02-13 13:13:15,873 cli_analyse INFO] cancelling unsuccesful analysis folders
[2026-02-13 13:13:15,873 cli_analyse INFO] updating paths in analysis/1_rigidbody_analysis/capri_ss.tsv
[2026-02-13 13:13:15,873 cli_analyse INFO] View the results in analysis/1_rigidbody_analysis/report.html
[2026-02-13 13:13:15,873 cli_analyse INFO] To view structures or download the structure files, in a terminal run the command `python -m http.server --directory /mnt/Data/PopOS/Data_Ana/Wu/clawdPorjects/HADDOCK_test/results/run_Pos_CTACAAGTCACACGTA-1_contig_1_1`. By default, http server runs on `http://0.0.0.0:8000/`. Open the link http://0.0.0.0:8000/analysis/1_rigidbody_analysis/report.html in a web browser.
[2026-02-13 13:13:15,873 cli_analyse INFO] updating paths in analysis/2_flexref_analysis/capri_ss.tsv
[2026-02-13 13:13:15,873 cli_analyse INFO] View the results in analysis/2_flexref_analysis/report.html
[2026-02-13 13:13:15,873 cli_analyse INFO] To view structures or download the structure files, in a terminal run the command `python -m http.server --directory /mnt/Data/PopOS/Data_Ana/Wu/clawdPorjects/HADDOCK_test/results/run_Pos_CTACAAGTCACACGTA-1_contig_1_1`. By default, http server runs on `http://0.0.0.0:8000/`. Open the link http://0.0.0.0:8000/analysis/2_flexref_analysis/report.html in a web browser.
[2026-02-13 13:13:15,874 cli_analyse INFO] updating paths in analysis/3_emref_analysis/capri_ss.tsv
[2026-02-13 13:13:15,874 cli_analyse INFO] View the results in analysis/3_emref_analysis/report.html
[2026-02-13 13:13:15,874 cli_analyse INFO] To view structures or download the structure files, in a terminal run the command `python -m http.server --directory /mnt/Data/PopOS/Data_Ana/Wu/clawdPorjects/HADDOCK_test/results/run_Pos_CTACAAGTCACACGTA-1_contig_1_1`. By default, http server runs on `http://0.0.0.0:8000/`. Open the link http://0.0.0.0:8000/analysis/3_emref_analysis/report.html in a web browser.
[2026-02-13 13:13:15,874 cli_traceback INFO] Running haddock3-traceback on ./
[2026-02-13 13:13:15,874 cli_traceback INFO] Reading input run directory
[2026-02-13 13:13:15,874 cli_traceback INFO] All_steps: 0_topoaa, 1_rigidbody, 2_flexref, 3_emref
[2026-02-13 13:13:15,874 cli_traceback INFO] Modules not to be analysed: 0_topoaa
[2026-02-13 13:13:15,874 cli_traceback INFO] Steps to trace back: 1_rigidbody, 2_flexref, 3_emref
[2026-02-13 13:13:15,874 cli_traceback INFO] Created directory: /mnt/Data/PopOS/Data_Ana/Wu/clawdPorjects/HADDOCK_test/results/run_Pos_CTACAAGTCACACGTA-1_contig_1_1/traceback
[2026-02-13 13:13:15,874 cli_traceback INFO] Tracing back step 3_emref
[2026-02-13 13:13:15,877 cli_traceback INFO] Tracing back step 2_flexref
[2026-02-13 13:13:15,879 cli_traceback INFO] Tracing back step 1_rigidbody
[2026-02-13 13:13:15,883 cli_traceback INFO] Output dataframe traceback/traceback.tsv created with shape (20, 8)
[2026-02-13 13:13:15,910 clean_steps INFO] Cleaning output for '0_topoaa' using 20 cores.
[2026-02-13 13:13:16,042 libtimer INFO] cleaning output files took 0 seconds
[2026-02-13 13:13:16,043 clean_steps INFO] Cleaning output for '1_rigidbody' using 20 cores.
[2026-02-13 13:13:16,050 libtimer INFO] cleaning output files took 0 seconds
[2026-02-13 13:13:16,051 clean_steps INFO] Cleaning output for '2_flexref' using 20 cores.
[2026-02-13 13:13:16,058 libtimer INFO] cleaning output files took 0 seconds
[2026-02-13 13:13:16,059 clean_steps INFO] Cleaning output for '3_emref' using 20 cores.
[2026-02-13 13:13:16,066 libtimer INFO] cleaning output files took 0 seconds
[2026-02-13 13:13:16,067 cli INFO] This HADDOCK3 run took: 2 minutes and 10 seconds
[2026-02-13 13:13:16,067 greetings INFO] Your feedback matters in Haddock3! Share your experience and help us grow:
[2026-02-13 13:13:16,067 greetings INFO] GitHub issues: https://github.com/haddocking/haddock3/issues
[2026-02-13 13:13:16,067 greetings INFO] BioExcel feedback: https://www.bonvinlab.org/feedback
[2026-02-13 13:13:16,067 greetings INFO] BioExcel forum: https://ask.bioexcel.eu/c/haddock/6
[2026-02-13 13:13:16,067 cli INFO] Finished at 13/02/2026 13:13:16. Tchau! Good bye! Dovidenia!
