[2026-02-06 11:07:17,236 cli INFO] 
##############################################
#                                            #
#                 HADDOCK3                   #
#                                            #
##############################################

!! Some of the HADDOCK3 components use CNS (Crystallographic and NMR System) which is free of use for non-profit applications. !!
!! For commercial use it is your own responsibility to have a proper license. !!
!! For details refer to the DISCLAIMER file in the HADDOCK3 repository. !!

Starting HADDOCK3 v2024.10.0b7 on 2026-02-06 11:07:00

Python 3.10.12 (main, Feb  4 2025, 14:57:36) [GCC 11.4.0]

[2026-02-06 11:07:20,921 libworkflow INFO] Reading instructions step 0_topoaa
[2026-02-06 11:07:20,921 libworkflow INFO] Reading instructions step 1_rigidbody
[2026-02-06 11:07:20,922 libworkflow INFO] Reading instructions step 2_flexref
[2026-02-06 11:07:20,922 libworkflow INFO] Reading instructions step 3_emref
[2026-02-06 11:07:20,936 base_cns_module INFO] Running [topoaa] module
[2026-02-06 11:07:20,936 __init__ INFO] [topoaa] Molecule 1: receptor_single_9MPW_Epi.pdb
[2026-02-06 11:07:20,937 __init__ INFO] [topoaa] Sanitizing molecule receptor_single_9MPW_Epi.pdb
[2026-02-06 11:07:20,943 __init__ INFO] [topoaa] Topology CNS input created
[2026-02-06 11:07:20,943 __init__ INFO] [topoaa] Molecule 2: ligand_single_9MPW_Epi.pdb
[2026-02-06 11:07:20,944 __init__ INFO] [topoaa] Sanitizing molecule ligand_single_9MPW_Epi.pdb
[2026-02-06 11:07:20,948 __init__ INFO] [topoaa] Topology CNS input created
[2026-02-06 11:07:20,948 __init__ INFO] [topoaa] Running CNS Jobs n=2
[2026-02-06 11:07:20,948 libutil INFO] Selected 2 cores to process 2 jobs, with 32 maximum available cores.
[2026-02-06 11:07:20,949 libparallel INFO] Using 2 cores
[2026-02-06 11:07:23,118 libparallel INFO] 2 tasks finished
[2026-02-06 11:07:23,119 __init__ INFO] [topoaa] CNS jobs have finished
[2026-02-06 11:07:23,120 base_cns_module INFO] Module [topoaa] finished.
[2026-02-06 11:07:23,120 __init__ INFO] [topoaa] took 2 seconds
[2026-02-06 11:07:23,455 base_cns_module INFO] Running [rigidbody] module
[2026-02-06 11:07:23,456 __init__ INFO] [rigidbody] crossdock=true
[2026-02-06 11:07:23,456 __init__ INFO] [rigidbody] Preparing jobs...
[2026-02-06 11:07:23,458 libutil INFO] Selected 20 cores to process 20 jobs, with 32 maximum available cores.
[2026-02-06 11:07:23,458 libparallel INFO] Using 20 cores
[2026-02-06 11:07:23,484 libparallel INFO] 20 tasks finished
[2026-02-06 11:07:23,484 __init__ INFO] [rigidbody] Preparation took 0.028105 seconds
[2026-02-06 11:07:23,485 __init__ INFO] [rigidbody] Running CNS Jobs n=20
[2026-02-06 11:07:23,486 libutil INFO] Selected 20 cores to process 20 jobs, with 32 maximum available cores.
[2026-02-06 11:07:23,486 libparallel INFO] Using 20 cores
[2026-02-06 11:07:31,379 libparallel INFO] 20 tasks finished
[2026-02-06 11:07:31,380 __init__ INFO] [rigidbody] CNS jobs have finished
[2026-02-06 11:07:31,419 base_cns_module INFO] Module [rigidbody] finished.
[2026-02-06 11:07:31,419 __init__ INFO] [rigidbody] took 8 seconds
[2026-02-06 11:07:31,795 base_cns_module INFO] Running [flexref] module
[2026-02-06 11:07:31,845 __init__ INFO] [flexref] Running CNS Jobs n=20
[2026-02-06 11:07:31,845 libutil INFO] Selected 20 cores to process 20 jobs, with 32 maximum available cores.
[2026-02-06 11:07:31,845 libparallel INFO] Using 20 cores
[2026-02-06 11:08:44,631 libparallel INFO] 20 tasks finished
[2026-02-06 11:08:44,632 __init__ INFO] [flexref] CNS jobs have finished
[2026-02-06 11:08:44,662 base_cns_module INFO] Module [flexref] finished.
[2026-02-06 11:08:44,662 __init__ INFO] [flexref] took 1 minute and 13 seconds
[2026-02-06 11:08:45,002 base_cns_module INFO] Running [emref] module
[2026-02-06 11:08:45,051 __init__ INFO] [emref] Running CNS Jobs n=20
[2026-02-06 11:08:45,051 libutil INFO] Selected 20 cores to process 20 jobs, with 32 maximum available cores.
[2026-02-06 11:08:45,051 libparallel INFO] Using 20 cores
[2026-02-06 11:08:50,726 libparallel INFO] 20 tasks finished
[2026-02-06 11:08:50,726 __init__ INFO] [emref] CNS jobs have finished
[2026-02-06 11:08:50,750 base_cns_module INFO] Module [emref] finished.
[2026-02-06 11:08:50,750 __init__ INFO] [emref] took 6 seconds
[2026-02-06 11:08:50,750 cli_analyse INFO] Running haddock3-analyse on ./, modules [], with top_cluster = 10
[2026-02-06 11:08:50,757 cli_analyse INFO] Created directory: /mnt/Data/PopOS/Data_Ana/Wu/clawdPorjects/HADDOCK_test/results/run_9MPW_Epi/analysis
[2026-02-06 11:08:50,757 cli_analyse INFO] Reading input run directory
[2026-02-06 11:08:50,757 cli_analyse INFO] selected steps: 0_topoaa, 1_rigidbody, 2_flexref, 3_emref
[2026-02-06 11:08:50,757 cli_analyse INFO] Analysing step 0_topoaa
[2026-02-06 11:08:50,757 cli_analyse WARNING] Could not execute the analysis for step 0_topoaa. The following error occurred 'dict' object has no attribute 'rel_path'
[2026-02-06 11:08:50,757 cli_analyse INFO] Analysing step 1_rigidbody
[2026-02-06 11:08:50,758 cli_unpack INFO] Unpacking '../1_rigidbody' folder
[2026-02-06 11:08:50,759 libtimer INFO] unpacking took 0 seconds
[2026-02-06 11:08:50,772 capri INFO] Found previous CNS step: 1_rigidbody
[2026-02-06 11:08:50,881 capri INFO] Saved scoring weights to: weights_params.json
[2026-02-06 11:08:50,881 __init__ INFO] [caprieval] No reference structure provided. Using the structure with the lowest score from previous step
[2026-02-06 11:08:50,954 libutil INFO] Selected 20 cores to process 20 jobs, with 32 maximum available cores.
[2026-02-06 11:08:50,954 libparallel INFO] Using 20 cores
[2026-02-06 11:08:51,328 libparallel INFO] 20 tasks finished
[2026-02-06 11:08:51,329 capri INFO] Rearranging cluster information into capri_clt.tsv
[2026-02-06 11:08:51,334 cli_clean INFO] Compressing '../1_rigidbody' folder
[2026-02-06 11:08:51,334 clean_steps INFO] Cleaning output for '../1_rigidbody' using 20 cores.
[2026-02-06 11:08:51,443 libtimer INFO] compressing took 0 seconds
[2026-02-06 11:08:51,444 cli_analyse INFO] CAPRI files identified
[2026-02-06 11:08:51,447 cli_analyse INFO] Plotting results..
[2026-02-06 11:08:52,566 cli_analyse INFO] Summary archive summary.tgz created!
[2026-02-06 11:08:52,567 cli_analyse INFO] Analysing step 2_flexref
[2026-02-06 11:08:52,569 cli_unpack INFO] Unpacking '../2_flexref' folder
[2026-02-06 11:08:52,569 libtimer INFO] unpacking took 0 seconds
[2026-02-06 11:08:52,582 capri INFO] Found previous CNS step: 2_flexref
[2026-02-06 11:08:52,819 capri INFO] Saved scoring weights to: weights_params.json
[2026-02-06 11:08:52,820 __init__ INFO] [caprieval] No reference structure provided. Using the structure with the lowest score from previous step
[2026-02-06 11:08:52,893 libutil INFO] Selected 20 cores to process 20 jobs, with 32 maximum available cores.
[2026-02-06 11:08:52,894 libparallel INFO] Using 20 cores
[2026-02-06 11:08:53,209 libparallel INFO] 20 tasks finished
[2026-02-06 11:08:53,210 capri INFO] Rearranging cluster information into capri_clt.tsv
[2026-02-06 11:08:53,218 cli_clean INFO] Compressing '../2_flexref' folder
[2026-02-06 11:08:53,218 clean_steps INFO] Cleaning output for '../2_flexref' using 20 cores.
[2026-02-06 11:08:53,333 libtimer INFO] compressing took 0 seconds
[2026-02-06 11:08:53,333 cli_analyse INFO] CAPRI files identified
[2026-02-06 11:08:53,336 cli_analyse INFO] Plotting results..
[2026-02-06 11:08:54,355 cli_analyse INFO] Summary archive summary.tgz created!
[2026-02-06 11:08:54,355 cli_analyse INFO] Analysing step 3_emref
[2026-02-06 11:08:54,357 cli_unpack INFO] Unpacking '../3_emref' folder
[2026-02-06 11:08:54,357 libtimer INFO] unpacking took 0 seconds
[2026-02-06 11:08:54,371 capri INFO] Found previous CNS step: 3_emref
[2026-02-06 11:08:54,472 capri INFO] Saved scoring weights to: weights_params.json
[2026-02-06 11:08:54,472 __init__ INFO] [caprieval] No reference structure provided. Using the structure with the lowest score from previous step
[2026-02-06 11:08:54,544 libutil INFO] Selected 20 cores to process 20 jobs, with 32 maximum available cores.
[2026-02-06 11:08:54,544 libparallel INFO] Using 20 cores
[2026-02-06 11:08:54,867 libparallel INFO] 20 tasks finished
[2026-02-06 11:08:54,868 capri INFO] Rearranging cluster information into capri_clt.tsv
[2026-02-06 11:08:54,872 cli_clean INFO] Compressing '../3_emref' folder
[2026-02-06 11:08:54,872 clean_steps INFO] Cleaning output for '../3_emref' using 20 cores.
[2026-02-06 11:08:54,982 libtimer INFO] compressing took 0 seconds
[2026-02-06 11:08:54,982 cli_analyse INFO] CAPRI files identified
[2026-02-06 11:08:54,985 cli_analyse INFO] Plotting results..
[2026-02-06 11:08:56,014 cli_analyse INFO] Summary archive summary.tgz created!
[2026-02-06 11:08:56,014 cli_analyse INFO] moving files to analysis folder
[2026-02-06 11:08:56,014 cli_analyse INFO] cancelling unsuccesful analysis folders
[2026-02-06 11:08:56,015 cli_analyse INFO] updating paths in analysis/1_rigidbody_analysis/capri_ss.tsv
[2026-02-06 11:08:56,015 cli_analyse INFO] View the results in analysis/1_rigidbody_analysis/report.html
[2026-02-06 11:08:56,015 cli_analyse INFO] To view structures or download the structure files, in a terminal run the command `python -m http.server --directory /mnt/Data/PopOS/Data_Ana/Wu/clawdPorjects/HADDOCK_test/results/run_9MPW_Epi`. By default, http server runs on `http://0.0.0.0:8000/`. Open the link http://0.0.0.0:8000/analysis/1_rigidbody_analysis/report.html in a web browser.
[2026-02-06 11:08:56,015 cli_analyse INFO] updating paths in analysis/2_flexref_analysis/capri_ss.tsv
[2026-02-06 11:08:56,015 cli_analyse INFO] View the results in analysis/2_flexref_analysis/report.html
[2026-02-06 11:08:56,015 cli_analyse INFO] To view structures or download the structure files, in a terminal run the command `python -m http.server --directory /mnt/Data/PopOS/Data_Ana/Wu/clawdPorjects/HADDOCK_test/results/run_9MPW_Epi`. By default, http server runs on `http://0.0.0.0:8000/`. Open the link http://0.0.0.0:8000/analysis/2_flexref_analysis/report.html in a web browser.
[2026-02-06 11:08:56,015 cli_analyse INFO] updating paths in analysis/3_emref_analysis/capri_ss.tsv
[2026-02-06 11:08:56,015 cli_analyse INFO] View the results in analysis/3_emref_analysis/report.html
[2026-02-06 11:08:56,015 cli_analyse INFO] To view structures or download the structure files, in a terminal run the command `python -m http.server --directory /mnt/Data/PopOS/Data_Ana/Wu/clawdPorjects/HADDOCK_test/results/run_9MPW_Epi`. By default, http server runs on `http://0.0.0.0:8000/`. Open the link http://0.0.0.0:8000/analysis/3_emref_analysis/report.html in a web browser.
[2026-02-06 11:08:56,015 cli_traceback INFO] Running haddock3-traceback on ./
[2026-02-06 11:08:56,015 cli_traceback INFO] Reading input run directory
[2026-02-06 11:08:56,015 cli_traceback INFO] All_steps: 0_topoaa, 1_rigidbody, 2_flexref, 3_emref
[2026-02-06 11:08:56,016 cli_traceback INFO] Modules not to be analysed: 0_topoaa
[2026-02-06 11:08:56,016 cli_traceback INFO] Steps to trace back: 1_rigidbody, 2_flexref, 3_emref
[2026-02-06 11:08:56,016 cli_traceback INFO] Created directory: /mnt/Data/PopOS/Data_Ana/Wu/clawdPorjects/HADDOCK_test/results/run_9MPW_Epi/traceback
[2026-02-06 11:08:56,016 cli_traceback INFO] Tracing back step 3_emref
[2026-02-06 11:08:56,018 cli_traceback INFO] Tracing back step 2_flexref
[2026-02-06 11:08:56,020 cli_traceback INFO] Tracing back step 1_rigidbody
[2026-02-06 11:08:56,024 cli_traceback INFO] Output dataframe traceback/traceback.tsv created with shape (20, 8)
[2026-02-06 11:08:56,050 clean_steps INFO] Cleaning output for '0_topoaa' using 20 cores.
[2026-02-06 11:08:56,177 libtimer INFO] cleaning output files took 0 seconds
[2026-02-06 11:08:56,177 clean_steps INFO] Cleaning output for '1_rigidbody' using 20 cores.
[2026-02-06 11:08:56,185 libtimer INFO] cleaning output files took 0 seconds
[2026-02-06 11:08:56,185 clean_steps INFO] Cleaning output for '2_flexref' using 20 cores.
[2026-02-06 11:08:56,195 libtimer INFO] cleaning output files took 0 seconds
[2026-02-06 11:08:56,195 clean_steps INFO] Cleaning output for '3_emref' using 20 cores.
[2026-02-06 11:08:56,208 libtimer INFO] cleaning output files took 0 seconds
[2026-02-06 11:08:56,208 cli INFO] This HADDOCK3 run took: 1 minute and 39 seconds
[2026-02-06 11:08:56,208 greetings INFO] Your feedback matters in Haddock3! Share your experience and help us grow:
[2026-02-06 11:08:56,208 greetings INFO] GitHub issues: https://github.com/haddocking/haddock3/issues
[2026-02-06 11:08:56,208 greetings INFO] BioExcel feedback: https://www.bonvinlab.org/feedback
[2026-02-06 11:08:56,209 greetings INFO] BioExcel forum: https://ask.bioexcel.eu/c/haddock/6
[2026-02-06 11:08:56,209 cli INFO] Finished at 06/02/2026 11:08:56. La revedere! Agur! Até logo!
