[2026-02-06 04:08:37,447 cli INFO] 
##############################################
#                                            #
#                 HADDOCK3                   #
#                                            #
##############################################

!! Some of the HADDOCK3 components use CNS (Crystallographic and NMR System) which is free of use for non-profit applications. !!
!! For commercial use it is your own responsibility to have a proper license. !!
!! For details refer to the DISCLAIMER file in the HADDOCK3 repository. !!

Starting HADDOCK3 v2024.10.0b7 on 2026-02-06 04:08:00

Python 3.10.12 (main, Feb  4 2025, 14:57:36) [GCC 11.4.0]

[2026-02-06 04:08:41,128 libworkflow INFO] Reading instructions step 0_topoaa
[2026-02-06 04:08:41,128 libworkflow INFO] Reading instructions step 1_rigidbody
[2026-02-06 04:08:41,128 libworkflow INFO] Reading instructions step 2_flexref
[2026-02-06 04:08:41,128 libworkflow INFO] Reading instructions step 3_emref
[2026-02-06 04:08:41,142 base_cns_module INFO] Running [topoaa] module
[2026-02-06 04:08:41,142 __init__ INFO] [topoaa] Molecule 1: receptor_single_1G28_Epi.pdb
[2026-02-06 04:08:41,144 __init__ INFO] [topoaa] Sanitizing molecule receptor_single_1G28_Epi.pdb
[2026-02-06 04:08:41,151 __init__ INFO] [topoaa] Topology CNS input created
[2026-02-06 04:08:41,151 __init__ INFO] [topoaa] Molecule 2: ligand_single_1G28_Epi.pdb
[2026-02-06 04:08:41,152 __init__ INFO] [topoaa] Sanitizing molecule ligand_single_1G28_Epi.pdb
[2026-02-06 04:08:41,155 __init__ INFO] [topoaa] Topology CNS input created
[2026-02-06 04:08:41,155 __init__ INFO] [topoaa] Running CNS Jobs n=2
[2026-02-06 04:08:41,155 libutil INFO] Selected 2 cores to process 2 jobs, with 32 maximum available cores.
[2026-02-06 04:08:41,156 libparallel INFO] Using 2 cores
[2026-02-06 04:08:44,440 libparallel INFO] 2 tasks finished
[2026-02-06 04:08:44,441 __init__ INFO] [topoaa] CNS jobs have finished
[2026-02-06 04:08:44,443 base_cns_module INFO] Module [topoaa] finished.
[2026-02-06 04:08:44,443 __init__ INFO] [topoaa] took 3 seconds
[2026-02-06 04:08:44,785 base_cns_module INFO] Running [rigidbody] module
[2026-02-06 04:08:44,786 __init__ INFO] [rigidbody] crossdock=true
[2026-02-06 04:08:44,786 __init__ INFO] [rigidbody] Preparing jobs...
[2026-02-06 04:08:44,788 libutil INFO] Selected 20 cores to process 20 jobs, with 32 maximum available cores.
[2026-02-06 04:08:44,788 libparallel INFO] Using 20 cores
[2026-02-06 04:08:44,813 libparallel INFO] 20 tasks finished
[2026-02-06 04:08:44,814 __init__ INFO] [rigidbody] Preparation took 0.028012 seconds
[2026-02-06 04:08:44,815 __init__ INFO] [rigidbody] Running CNS Jobs n=20
[2026-02-06 04:08:44,815 libutil INFO] Selected 20 cores to process 20 jobs, with 32 maximum available cores.
[2026-02-06 04:08:44,816 libparallel INFO] Using 20 cores
[2026-02-06 04:08:55,953 libparallel INFO] 20 tasks finished
[2026-02-06 04:08:55,953 __init__ INFO] [rigidbody] CNS jobs have finished
[2026-02-06 04:08:55,985 base_cns_module INFO] Module [rigidbody] finished.
[2026-02-06 04:08:55,985 __init__ INFO] [rigidbody] took 11 seconds
[2026-02-06 04:08:56,361 base_cns_module INFO] Running [flexref] module
[2026-02-06 04:08:56,418 __init__ INFO] [flexref] Running CNS Jobs n=20
[2026-02-06 04:08:56,418 libutil INFO] Selected 20 cores to process 20 jobs, with 32 maximum available cores.
[2026-02-06 04:08:56,418 libparallel INFO] Using 20 cores
[2026-02-06 04:10:30,752 libparallel INFO] 20 tasks finished
[2026-02-06 04:10:30,752 __init__ INFO] [flexref] CNS jobs have finished
[2026-02-06 04:10:30,807 base_cns_module INFO] Module [flexref] finished.
[2026-02-06 04:10:30,807 __init__ INFO] [flexref] took 1 minute and 34 seconds
[2026-02-06 04:10:31,142 base_cns_module INFO] Running [emref] module
[2026-02-06 04:10:31,197 __init__ INFO] [emref] Running CNS Jobs n=20
[2026-02-06 04:10:31,198 libutil INFO] Selected 20 cores to process 20 jobs, with 32 maximum available cores.
[2026-02-06 04:10:31,198 libparallel INFO] Using 20 cores
[2026-02-06 04:10:38,235 libparallel INFO] 20 tasks finished
[2026-02-06 04:10:38,235 __init__ INFO] [emref] CNS jobs have finished
[2026-02-06 04:10:38,272 base_cns_module INFO] Module [emref] finished.
[2026-02-06 04:10:38,272 __init__ INFO] [emref] took 7 seconds
[2026-02-06 04:10:38,272 cli_analyse INFO] Running haddock3-analyse on ./, modules [], with top_cluster = 10
[2026-02-06 04:10:38,279 cli_analyse INFO] Created directory: /mnt/Data/PopOS/Data_Ana/Wu/clawdPorjects/HADDOCK_test/results/run_1G28_Epi/analysis
[2026-02-06 04:10:38,279 cli_analyse INFO] Reading input run directory
[2026-02-06 04:10:38,279 cli_analyse INFO] selected steps: 0_topoaa, 1_rigidbody, 2_flexref, 3_emref
[2026-02-06 04:10:38,279 cli_analyse INFO] Analysing step 0_topoaa
[2026-02-06 04:10:38,279 cli_analyse WARNING] Could not execute the analysis for step 0_topoaa. The following error occurred 'dict' object has no attribute 'rel_path'
[2026-02-06 04:10:38,279 cli_analyse INFO] Analysing step 1_rigidbody
[2026-02-06 04:10:38,281 cli_unpack INFO] Unpacking '../1_rigidbody' folder
[2026-02-06 04:10:38,281 libtimer INFO] unpacking took 0 seconds
[2026-02-06 04:10:38,294 capri INFO] Found previous CNS step: 1_rigidbody
[2026-02-06 04:10:38,402 capri INFO] Saved scoring weights to: weights_params.json
[2026-02-06 04:10:38,402 __init__ INFO] [caprieval] No reference structure provided. Using the structure with the lowest score from previous step
[2026-02-06 04:10:38,486 libutil INFO] Selected 20 cores to process 20 jobs, with 32 maximum available cores.
[2026-02-06 04:10:38,487 libparallel INFO] Using 20 cores
[2026-02-06 04:10:38,916 libparallel INFO] 20 tasks finished
[2026-02-06 04:10:38,917 capri INFO] Rearranging cluster information into capri_clt.tsv
[2026-02-06 04:10:38,922 cli_clean INFO] Compressing '../1_rigidbody' folder
[2026-02-06 04:10:38,922 clean_steps INFO] Cleaning output for '../1_rigidbody' using 20 cores.
[2026-02-06 04:10:39,043 libtimer INFO] compressing took 0 seconds
[2026-02-06 04:10:39,043 cli_analyse INFO] CAPRI files identified
[2026-02-06 04:10:39,045 cli_analyse INFO] Plotting results..
[2026-02-06 04:10:40,283 cli_analyse INFO] Summary archive summary.tgz created!
[2026-02-06 04:10:40,283 cli_analyse INFO] Analysing step 2_flexref
[2026-02-06 04:10:40,286 cli_unpack INFO] Unpacking '../2_flexref' folder
[2026-02-06 04:10:40,286 libtimer INFO] unpacking took 0 seconds
[2026-02-06 04:10:40,299 capri INFO] Found previous CNS step: 2_flexref
[2026-02-06 04:10:40,538 capri INFO] Saved scoring weights to: weights_params.json
[2026-02-06 04:10:40,538 __init__ INFO] [caprieval] No reference structure provided. Using the structure with the lowest score from previous step
[2026-02-06 04:10:40,622 libutil INFO] Selected 20 cores to process 20 jobs, with 32 maximum available cores.
[2026-02-06 04:10:40,622 libparallel INFO] Using 20 cores
[2026-02-06 04:10:41,018 libparallel INFO] 20 tasks finished
[2026-02-06 04:10:41,019 capri INFO] Rearranging cluster information into capri_clt.tsv
[2026-02-06 04:10:41,023 cli_clean INFO] Compressing '../2_flexref' folder
[2026-02-06 04:10:41,023 clean_steps INFO] Cleaning output for '../2_flexref' using 20 cores.
[2026-02-06 04:10:41,142 libtimer INFO] compressing took 0 seconds
[2026-02-06 04:10:41,142 cli_analyse INFO] CAPRI files identified
[2026-02-06 04:10:41,144 cli_analyse INFO] Plotting results..
[2026-02-06 04:10:42,242 cli_analyse INFO] Summary archive summary.tgz created!
[2026-02-06 04:10:42,242 cli_analyse INFO] Analysing step 3_emref
[2026-02-06 04:10:42,244 cli_unpack INFO] Unpacking '../3_emref' folder
[2026-02-06 04:10:42,244 libtimer INFO] unpacking took 0 seconds
[2026-02-06 04:10:42,258 capri INFO] Found previous CNS step: 3_emref
[2026-02-06 04:10:42,360 capri INFO] Saved scoring weights to: weights_params.json
[2026-02-06 04:10:42,360 __init__ INFO] [caprieval] No reference structure provided. Using the structure with the lowest score from previous step
[2026-02-06 04:10:42,445 libutil INFO] Selected 20 cores to process 20 jobs, with 32 maximum available cores.
[2026-02-06 04:10:42,446 libparallel INFO] Using 20 cores
[2026-02-06 04:10:42,864 libparallel INFO] 20 tasks finished
[2026-02-06 04:10:42,865 capri INFO] Rearranging cluster information into capri_clt.tsv
[2026-02-06 04:10:42,869 cli_clean INFO] Compressing '../3_emref' folder
[2026-02-06 04:10:42,869 clean_steps INFO] Cleaning output for '../3_emref' using 20 cores.
[2026-02-06 04:10:42,991 libtimer INFO] compressing took 0 seconds
[2026-02-06 04:10:42,991 cli_analyse INFO] CAPRI files identified
[2026-02-06 04:10:42,993 cli_analyse INFO] Plotting results..
[2026-02-06 04:10:44,095 cli_analyse INFO] Summary archive summary.tgz created!
[2026-02-06 04:10:44,096 cli_analyse INFO] moving files to analysis folder
[2026-02-06 04:10:44,096 cli_analyse INFO] cancelling unsuccesful analysis folders
[2026-02-06 04:10:44,096 cli_analyse INFO] updating paths in analysis/1_rigidbody_analysis/capri_ss.tsv
[2026-02-06 04:10:44,096 cli_analyse INFO] View the results in analysis/1_rigidbody_analysis/report.html
[2026-02-06 04:10:44,096 cli_analyse INFO] To view structures or download the structure files, in a terminal run the command `python -m http.server --directory /mnt/Data/PopOS/Data_Ana/Wu/clawdPorjects/HADDOCK_test/results/run_1G28_Epi`. By default, http server runs on `http://0.0.0.0:8000/`. Open the link http://0.0.0.0:8000/analysis/1_rigidbody_analysis/report.html in a web browser.
[2026-02-06 04:10:44,096 cli_analyse INFO] updating paths in analysis/2_flexref_analysis/capri_ss.tsv
[2026-02-06 04:10:44,096 cli_analyse INFO] View the results in analysis/2_flexref_analysis/report.html
[2026-02-06 04:10:44,096 cli_analyse INFO] To view structures or download the structure files, in a terminal run the command `python -m http.server --directory /mnt/Data/PopOS/Data_Ana/Wu/clawdPorjects/HADDOCK_test/results/run_1G28_Epi`. By default, http server runs on `http://0.0.0.0:8000/`. Open the link http://0.0.0.0:8000/analysis/2_flexref_analysis/report.html in a web browser.
[2026-02-06 04:10:44,096 cli_analyse INFO] updating paths in analysis/3_emref_analysis/capri_ss.tsv
[2026-02-06 04:10:44,097 cli_analyse INFO] View the results in analysis/3_emref_analysis/report.html
[2026-02-06 04:10:44,097 cli_analyse INFO] To view structures or download the structure files, in a terminal run the command `python -m http.server --directory /mnt/Data/PopOS/Data_Ana/Wu/clawdPorjects/HADDOCK_test/results/run_1G28_Epi`. By default, http server runs on `http://0.0.0.0:8000/`. Open the link http://0.0.0.0:8000/analysis/3_emref_analysis/report.html in a web browser.
[2026-02-06 04:10:44,097 cli_traceback INFO] Running haddock3-traceback on ./
[2026-02-06 04:10:44,097 cli_traceback INFO] Reading input run directory
[2026-02-06 04:10:44,097 cli_traceback INFO] All_steps: 0_topoaa, 1_rigidbody, 2_flexref, 3_emref
[2026-02-06 04:10:44,097 cli_traceback INFO] Modules not to be analysed: 0_topoaa
[2026-02-06 04:10:44,097 cli_traceback INFO] Steps to trace back: 1_rigidbody, 2_flexref, 3_emref
[2026-02-06 04:10:44,097 cli_traceback INFO] Created directory: /mnt/Data/PopOS/Data_Ana/Wu/clawdPorjects/HADDOCK_test/results/run_1G28_Epi/traceback
[2026-02-06 04:10:44,097 cli_traceback INFO] Tracing back step 3_emref
[2026-02-06 04:10:44,099 cli_traceback INFO] Tracing back step 2_flexref
[2026-02-06 04:10:44,101 cli_traceback INFO] Tracing back step 1_rigidbody
[2026-02-06 04:10:44,105 cli_traceback INFO] Output dataframe traceback/traceback.tsv created with shape (20, 8)
[2026-02-06 04:10:44,131 clean_steps INFO] Cleaning output for '0_topoaa' using 20 cores.
[2026-02-06 04:10:44,261 libtimer INFO] cleaning output files took 0 seconds
[2026-02-06 04:10:44,261 clean_steps INFO] Cleaning output for '1_rigidbody' using 20 cores.
[2026-02-06 04:10:44,269 libtimer INFO] cleaning output files took 0 seconds
[2026-02-06 04:10:44,269 clean_steps INFO] Cleaning output for '2_flexref' using 20 cores.
[2026-02-06 04:10:44,277 libtimer INFO] cleaning output files took 0 seconds
[2026-02-06 04:10:44,278 clean_steps INFO] Cleaning output for '3_emref' using 20 cores.
[2026-02-06 04:10:44,289 libtimer INFO] cleaning output files took 0 seconds
[2026-02-06 04:10:44,290 cli INFO] This HADDOCK3 run took: 2 minutes and 7 seconds
[2026-02-06 04:10:44,290 greetings INFO] Your feedback matters in Haddock3! Share your experience and help us grow:
[2026-02-06 04:10:44,290 greetings INFO] GitHub issues: https://github.com/haddocking/haddock3/issues
[2026-02-06 04:10:44,290 greetings INFO] BioExcel feedback: https://www.bonvinlab.org/feedback
[2026-02-06 04:10:44,290 greetings INFO] BioExcel forum: https://ask.bioexcel.eu/c/haddock/6
[2026-02-06 04:10:44,290 cli INFO] Finished at 06/02/2026 04:10:44. Tot ziens! Good bye! Agur!
