[2026-02-06 06:59:59,546 cli INFO] 
##############################################
#                                            #
#                 HADDOCK3                   #
#                                            #
##############################################

!! Some of the HADDOCK3 components use CNS (Crystallographic and NMR System) which is free of use for non-profit applications. !!
!! For commercial use it is your own responsibility to have a proper license. !!
!! For details refer to the DISCLAIMER file in the HADDOCK3 repository. !!

Starting HADDOCK3 v2024.10.0b7 on 2026-02-06 06:59:00

Python 3.10.12 (main, Feb  4 2025, 14:57:36) [GCC 11.4.0]

[2026-02-06 07:00:03,205 libworkflow INFO] Reading instructions step 0_topoaa
[2026-02-06 07:00:03,205 libworkflow INFO] Reading instructions step 1_rigidbody
[2026-02-06 07:00:03,205 libworkflow INFO] Reading instructions step 2_flexref
[2026-02-06 07:00:03,206 libworkflow INFO] Reading instructions step 3_emref
[2026-02-06 07:00:03,219 base_cns_module INFO] Running [topoaa] module
[2026-02-06 07:00:03,219 __init__ INFO] [topoaa] Molecule 1: receptor_single_refold_TG2007_Epi.pdb
[2026-02-06 07:00:03,223 __init__ INFO] [topoaa] Sanitizing molecule receptor_single_refold_TG2007_Epi.pdb
[2026-02-06 07:00:03,242 __init__ INFO] [topoaa] Topology CNS input created
[2026-02-06 07:00:03,242 __init__ INFO] [topoaa] Molecule 2: ligand_single_refold_TG2007_Epi.pdb
[2026-02-06 07:00:03,243 __init__ INFO] [topoaa] Sanitizing molecule ligand_single_refold_TG2007_Epi.pdb
[2026-02-06 07:00:03,246 __init__ INFO] [topoaa] Topology CNS input created
[2026-02-06 07:00:03,246 __init__ INFO] [topoaa] Running CNS Jobs n=2
[2026-02-06 07:00:03,246 libutil INFO] Selected 2 cores to process 2 jobs, with 32 maximum available cores.
[2026-02-06 07:00:03,247 libparallel INFO] Using 2 cores
[2026-02-06 07:00:23,411 libparallel INFO] 2 tasks finished
[2026-02-06 07:00:23,411 __init__ INFO] [topoaa] CNS jobs have finished
[2026-02-06 07:00:23,413 base_cns_module INFO] Module [topoaa] finished.
[2026-02-06 07:00:23,413 __init__ INFO] [topoaa] took 20 seconds
[2026-02-06 07:00:23,757 base_cns_module INFO] Running [rigidbody] module
[2026-02-06 07:00:23,757 __init__ INFO] [rigidbody] crossdock=true
[2026-02-06 07:00:23,757 __init__ INFO] [rigidbody] Preparing jobs...
[2026-02-06 07:00:23,762 libutil INFO] Selected 20 cores to process 20 jobs, with 32 maximum available cores.
[2026-02-06 07:00:23,762 libparallel INFO] Using 20 cores
[2026-02-06 07:00:23,800 libparallel INFO] 20 tasks finished
[2026-02-06 07:00:23,801 __init__ INFO] [rigidbody] Preparation took 0.043298 seconds
[2026-02-06 07:00:23,802 __init__ INFO] [rigidbody] Running CNS Jobs n=20
[2026-02-06 07:00:23,802 libutil INFO] Selected 20 cores to process 20 jobs, with 32 maximum available cores.
[2026-02-06 07:00:23,803 libparallel INFO] Using 20 cores
[2026-02-06 07:00:58,138 libparallel INFO] 20 tasks finished
[2026-02-06 07:00:58,139 __init__ INFO] [rigidbody] CNS jobs have finished
[2026-02-06 07:00:58,226 base_cns_module INFO] Module [rigidbody] finished.
[2026-02-06 07:00:58,226 __init__ INFO] [rigidbody] took 34 seconds
[2026-02-06 07:00:58,598 base_cns_module INFO] Running [flexref] module
[2026-02-06 07:00:58,719 __init__ INFO] [flexref] Running CNS Jobs n=20
[2026-02-06 07:00:58,719 libutil INFO] Selected 20 cores to process 20 jobs, with 32 maximum available cores.
[2026-02-06 07:00:58,719 libparallel INFO] Using 20 cores
[2026-02-06 07:05:25,286 libparallel INFO] 20 tasks finished
[2026-02-06 07:05:25,287 __init__ INFO] [flexref] CNS jobs have finished
[2026-02-06 07:05:25,352 base_cns_module INFO] Module [flexref] finished.
[2026-02-06 07:05:25,352 __init__ INFO] [flexref] took 4 minutes and 27 seconds
[2026-02-06 07:05:25,686 base_cns_module INFO] Running [emref] module
[2026-02-06 07:05:25,805 __init__ INFO] [emref] Running CNS Jobs n=20
[2026-02-06 07:05:25,805 libutil INFO] Selected 20 cores to process 20 jobs, with 32 maximum available cores.
[2026-02-06 07:05:25,805 libparallel INFO] Using 20 cores
[2026-02-06 07:05:44,910 libparallel INFO] 20 tasks finished
[2026-02-06 07:05:44,910 __init__ INFO] [emref] CNS jobs have finished
[2026-02-06 07:05:44,965 base_cns_module INFO] Module [emref] finished.
[2026-02-06 07:05:44,965 __init__ INFO] [emref] took 19 seconds
[2026-02-06 07:05:44,965 cli_analyse INFO] Running haddock3-analyse on ./, modules [], with top_cluster = 10
[2026-02-06 07:05:44,971 cli_analyse INFO] Created directory: /mnt/Data/PopOS/Data_Ana/Wu/clawdPorjects/HADDOCK_test/results/run_refold_TG2007_Epi/analysis
[2026-02-06 07:05:44,971 cli_analyse INFO] Reading input run directory
[2026-02-06 07:05:44,971 cli_analyse INFO] selected steps: 0_topoaa, 1_rigidbody, 2_flexref, 3_emref
[2026-02-06 07:05:44,971 cli_analyse INFO] Analysing step 0_topoaa
[2026-02-06 07:05:44,972 cli_analyse WARNING] Could not execute the analysis for step 0_topoaa. The following error occurred 'dict' object has no attribute 'rel_path'
[2026-02-06 07:05:44,972 cli_analyse INFO] Analysing step 1_rigidbody
[2026-02-06 07:05:44,973 cli_unpack INFO] Unpacking '../1_rigidbody' folder
[2026-02-06 07:05:44,973 libtimer INFO] unpacking took 0 seconds
[2026-02-06 07:05:44,986 capri INFO] Found previous CNS step: 1_rigidbody
[2026-02-06 07:05:45,096 capri INFO] Saved scoring weights to: weights_params.json
[2026-02-06 07:05:45,096 __init__ INFO] [caprieval] No reference structure provided. Using the structure with the lowest score from previous step
[2026-02-06 07:05:45,292 libutil INFO] Selected 20 cores to process 20 jobs, with 32 maximum available cores.
[2026-02-06 07:05:45,292 libparallel INFO] Using 20 cores
[2026-02-06 07:05:46,563 libparallel INFO] 20 tasks finished
[2026-02-06 07:05:46,564 capri INFO] Rearranging cluster information into capri_clt.tsv
[2026-02-06 07:05:46,568 cli_clean INFO] Compressing '../1_rigidbody' folder
[2026-02-06 07:05:46,569 clean_steps INFO] Cleaning output for '../1_rigidbody' using 20 cores.
[2026-02-06 07:05:46,789 libtimer INFO] compressing took 0 seconds
[2026-02-06 07:05:46,789 cli_analyse INFO] CAPRI files identified
[2026-02-06 07:05:46,792 cli_analyse INFO] Plotting results..
[2026-02-06 07:05:48,797 cli_analyse INFO] Summary archive summary.tgz created!
[2026-02-06 07:05:48,797 cli_analyse INFO] Analysing step 2_flexref
[2026-02-06 07:05:48,799 cli_unpack INFO] Unpacking '../2_flexref' folder
[2026-02-06 07:05:48,799 libtimer INFO] unpacking took 0 seconds
[2026-02-06 07:05:48,812 capri INFO] Found previous CNS step: 2_flexref
[2026-02-06 07:05:49,051 capri INFO] Saved scoring weights to: weights_params.json
[2026-02-06 07:05:49,051 __init__ INFO] [caprieval] No reference structure provided. Using the structure with the lowest score from previous step
[2026-02-06 07:05:49,255 libutil INFO] Selected 20 cores to process 20 jobs, with 32 maximum available cores.
[2026-02-06 07:05:49,255 libparallel INFO] Using 20 cores
[2026-02-06 07:05:50,267 libparallel INFO] 20 tasks finished
[2026-02-06 07:05:50,269 capri INFO] Rearranging cluster information into capri_clt.tsv
[2026-02-06 07:05:50,276 cli_clean INFO] Compressing '../2_flexref' folder
[2026-02-06 07:05:50,276 clean_steps INFO] Cleaning output for '../2_flexref' using 20 cores.
[2026-02-06 07:05:50,509 libtimer INFO] compressing took 0 seconds
[2026-02-06 07:05:50,509 cli_analyse INFO] CAPRI files identified
[2026-02-06 07:05:50,510 cli_analyse INFO] Plotting results..
[2026-02-06 07:05:52,315 cli_analyse INFO] Summary archive summary.tgz created!
[2026-02-06 07:05:52,315 cli_analyse INFO] Analysing step 3_emref
[2026-02-06 07:05:52,317 cli_unpack INFO] Unpacking '../3_emref' folder
[2026-02-06 07:05:52,318 libtimer INFO] unpacking took 0 seconds
[2026-02-06 07:05:52,331 capri INFO] Found previous CNS step: 3_emref
[2026-02-06 07:05:52,433 capri INFO] Saved scoring weights to: weights_params.json
[2026-02-06 07:05:52,434 __init__ INFO] [caprieval] No reference structure provided. Using the structure with the lowest score from previous step
[2026-02-06 07:05:52,630 libutil INFO] Selected 20 cores to process 20 jobs, with 32 maximum available cores.
[2026-02-06 07:05:52,630 libparallel INFO] Using 20 cores
[2026-02-06 07:05:53,631 libparallel INFO] 20 tasks finished
[2026-02-06 07:05:53,632 capri INFO] Rearranging cluster information into capri_clt.tsv
[2026-02-06 07:05:53,637 cli_clean INFO] Compressing '../3_emref' folder
[2026-02-06 07:05:53,637 clean_steps INFO] Cleaning output for '../3_emref' using 20 cores.
[2026-02-06 07:05:53,865 libtimer INFO] compressing took 0 seconds
[2026-02-06 07:05:53,865 cli_analyse INFO] CAPRI files identified
[2026-02-06 07:05:53,867 cli_analyse INFO] Plotting results..
[2026-02-06 07:05:55,757 cli_analyse INFO] Summary archive summary.tgz created!
[2026-02-06 07:05:55,757 cli_analyse INFO] moving files to analysis folder
[2026-02-06 07:05:55,757 cli_analyse INFO] cancelling unsuccesful analysis folders
[2026-02-06 07:05:55,757 cli_analyse INFO] updating paths in analysis/1_rigidbody_analysis/capri_ss.tsv
[2026-02-06 07:05:55,757 cli_analyse INFO] View the results in analysis/1_rigidbody_analysis/report.html
[2026-02-06 07:05:55,757 cli_analyse INFO] To view structures or download the structure files, in a terminal run the command `python -m http.server --directory /mnt/Data/PopOS/Data_Ana/Wu/clawdPorjects/HADDOCK_test/results/run_refold_TG2007_Epi`. By default, http server runs on `http://0.0.0.0:8000/`. Open the link http://0.0.0.0:8000/analysis/1_rigidbody_analysis/report.html in a web browser.
[2026-02-06 07:05:55,757 cli_analyse INFO] updating paths in analysis/2_flexref_analysis/capri_ss.tsv
[2026-02-06 07:05:55,758 cli_analyse INFO] View the results in analysis/2_flexref_analysis/report.html
[2026-02-06 07:05:55,758 cli_analyse INFO] To view structures or download the structure files, in a terminal run the command `python -m http.server --directory /mnt/Data/PopOS/Data_Ana/Wu/clawdPorjects/HADDOCK_test/results/run_refold_TG2007_Epi`. By default, http server runs on `http://0.0.0.0:8000/`. Open the link http://0.0.0.0:8000/analysis/2_flexref_analysis/report.html in a web browser.
[2026-02-06 07:05:55,758 cli_analyse INFO] updating paths in analysis/3_emref_analysis/capri_ss.tsv
[2026-02-06 07:05:55,758 cli_analyse INFO] View the results in analysis/3_emref_analysis/report.html
[2026-02-06 07:05:55,758 cli_analyse INFO] To view structures or download the structure files, in a terminal run the command `python -m http.server --directory /mnt/Data/PopOS/Data_Ana/Wu/clawdPorjects/HADDOCK_test/results/run_refold_TG2007_Epi`. By default, http server runs on `http://0.0.0.0:8000/`. Open the link http://0.0.0.0:8000/analysis/3_emref_analysis/report.html in a web browser.
[2026-02-06 07:05:55,758 cli_traceback INFO] Running haddock3-traceback on ./
[2026-02-06 07:05:55,758 cli_traceback INFO] Reading input run directory
[2026-02-06 07:05:55,758 cli_traceback INFO] All_steps: 0_topoaa, 1_rigidbody, 2_flexref, 3_emref
[2026-02-06 07:05:55,758 cli_traceback INFO] Modules not to be analysed: 0_topoaa
[2026-02-06 07:05:55,758 cli_traceback INFO] Steps to trace back: 1_rigidbody, 2_flexref, 3_emref
[2026-02-06 07:05:55,759 cli_traceback INFO] Created directory: /mnt/Data/PopOS/Data_Ana/Wu/clawdPorjects/HADDOCK_test/results/run_refold_TG2007_Epi/traceback
[2026-02-06 07:05:55,759 cli_traceback INFO] Tracing back step 3_emref
[2026-02-06 07:05:55,761 cli_traceback INFO] Tracing back step 2_flexref
[2026-02-06 07:05:55,763 cli_traceback INFO] Tracing back step 1_rigidbody
[2026-02-06 07:05:55,767 cli_traceback INFO] Output dataframe traceback/traceback.tsv created with shape (20, 8)
[2026-02-06 07:05:55,794 clean_steps INFO] Cleaning output for '0_topoaa' using 20 cores.
[2026-02-06 07:05:56,085 libtimer INFO] cleaning output files took 0 seconds
[2026-02-06 07:05:56,085 clean_steps INFO] Cleaning output for '1_rigidbody' using 20 cores.
[2026-02-06 07:05:56,093 libtimer INFO] cleaning output files took 0 seconds
[2026-02-06 07:05:56,093 clean_steps INFO] Cleaning output for '2_flexref' using 20 cores.
[2026-02-06 07:05:56,102 libtimer INFO] cleaning output files took 0 seconds
[2026-02-06 07:05:56,102 clean_steps INFO] Cleaning output for '3_emref' using 20 cores.
[2026-02-06 07:05:56,113 libtimer INFO] cleaning output files took 0 seconds
[2026-02-06 07:05:56,113 cli INFO] This HADDOCK3 run took: 5 minutes and 57 seconds
[2026-02-06 07:05:56,113 greetings INFO] Your feedback matters in Haddock3! Share your experience and help us grow:
[2026-02-06 07:05:56,113 greetings INFO] GitHub issues: https://github.com/haddocking/haddock3/issues
[2026-02-06 07:05:56,113 greetings INFO] BioExcel feedback: https://www.bonvinlab.org/feedback
[2026-02-06 07:05:56,114 greetings INFO] BioExcel forum: https://ask.bioexcel.eu/c/haddock/6
[2026-02-06 07:05:56,114 cli INFO] Finished at 06/02/2026 07:05:56. Dovidenia! Au revoir! Do pobachennya!
