[2026-02-06 06:07:11,797 cli INFO] 
##############################################
#                                            #
#                 HADDOCK3                   #
#                                            #
##############################################

!! Some of the HADDOCK3 components use CNS (Crystallographic and NMR System) which is free of use for non-profit applications. !!
!! For commercial use it is your own responsibility to have a proper license. !!
!! For details refer to the DISCLAIMER file in the HADDOCK3 repository. !!

Starting HADDOCK3 v2024.10.0b7 on 2026-02-06 06:07:00

Python 3.10.12 (main, Feb  4 2025, 14:57:36) [GCC 11.4.0]

[2026-02-06 06:07:15,450 libworkflow INFO] Reading instructions step 0_topoaa
[2026-02-06 06:07:15,450 libworkflow INFO] Reading instructions step 1_rigidbody
[2026-02-06 06:07:15,451 libworkflow INFO] Reading instructions step 2_flexref
[2026-02-06 06:07:15,451 libworkflow INFO] Reading instructions step 3_emref
[2026-02-06 06:07:15,465 base_cns_module INFO] Running [topoaa] module
[2026-02-06 06:07:15,465 __init__ INFO] [topoaa] Molecule 1: receptor_single_refold_TG0009_Epi.pdb
[2026-02-06 06:07:15,469 __init__ INFO] [topoaa] Sanitizing molecule receptor_single_refold_TG0009_Epi.pdb
[2026-02-06 06:07:15,488 __init__ INFO] [topoaa] Topology CNS input created
[2026-02-06 06:07:15,488 __init__ INFO] [topoaa] Molecule 2: ligand_single_refold_TG0009_Epi.pdb
[2026-02-06 06:07:15,490 __init__ INFO] [topoaa] Sanitizing molecule ligand_single_refold_TG0009_Epi.pdb
[2026-02-06 06:07:15,493 __init__ INFO] [topoaa] Topology CNS input created
[2026-02-06 06:07:15,493 __init__ INFO] [topoaa] Running CNS Jobs n=2
[2026-02-06 06:07:15,493 libutil INFO] Selected 2 cores to process 2 jobs, with 32 maximum available cores.
[2026-02-06 06:07:15,494 libparallel INFO] Using 2 cores
[2026-02-06 06:07:35,714 libparallel INFO] 2 tasks finished
[2026-02-06 06:07:35,714 __init__ INFO] [topoaa] CNS jobs have finished
[2026-02-06 06:07:35,716 base_cns_module INFO] Module [topoaa] finished.
[2026-02-06 06:07:35,716 __init__ INFO] [topoaa] took 20 seconds
[2026-02-06 06:07:36,057 base_cns_module INFO] Running [rigidbody] module
[2026-02-06 06:07:36,058 __init__ INFO] [rigidbody] crossdock=true
[2026-02-06 06:07:36,058 __init__ INFO] [rigidbody] Preparing jobs...
[2026-02-06 06:07:36,063 libutil INFO] Selected 20 cores to process 20 jobs, with 32 maximum available cores.
[2026-02-06 06:07:36,063 libparallel INFO] Using 20 cores
[2026-02-06 06:07:36,095 libparallel INFO] 20 tasks finished
[2026-02-06 06:07:36,096 __init__ INFO] [rigidbody] Preparation took 0.037987 seconds
[2026-02-06 06:07:36,097 __init__ INFO] [rigidbody] Running CNS Jobs n=20
[2026-02-06 06:07:36,097 libutil INFO] Selected 20 cores to process 20 jobs, with 32 maximum available cores.
[2026-02-06 06:07:36,098 libparallel INFO] Using 20 cores
[2026-02-06 06:08:10,017 libparallel INFO] 20 tasks finished
[2026-02-06 06:08:10,018 __init__ INFO] [rigidbody] CNS jobs have finished
[2026-02-06 06:08:10,072 base_cns_module INFO] Module [rigidbody] finished.
[2026-02-06 06:08:10,073 __init__ INFO] [rigidbody] took 34 seconds
[2026-02-06 06:08:10,449 base_cns_module INFO] Running [flexref] module
[2026-02-06 06:08:10,568 __init__ INFO] [flexref] Running CNS Jobs n=20
[2026-02-06 06:08:10,568 libutil INFO] Selected 20 cores to process 20 jobs, with 32 maximum available cores.
[2026-02-06 06:08:10,568 libparallel INFO] Using 20 cores
[2026-02-06 06:12:43,618 libparallel INFO] 20 tasks finished
[2026-02-06 06:12:43,618 __init__ INFO] [flexref] CNS jobs have finished
[2026-02-06 06:12:43,679 base_cns_module INFO] Module [flexref] finished.
[2026-02-06 06:12:43,680 __init__ INFO] [flexref] took 4 minutes and 33 seconds
[2026-02-06 06:12:44,015 base_cns_module INFO] Running [emref] module
[2026-02-06 06:12:44,131 __init__ INFO] [emref] Running CNS Jobs n=20
[2026-02-06 06:12:44,131 libutil INFO] Selected 20 cores to process 20 jobs, with 32 maximum available cores.
[2026-02-06 06:12:44,131 libparallel INFO] Using 20 cores
[2026-02-06 06:13:02,906 libparallel INFO] 20 tasks finished
[2026-02-06 06:13:02,906 __init__ INFO] [emref] CNS jobs have finished
[2026-02-06 06:13:02,983 base_cns_module INFO] Module [emref] finished.
[2026-02-06 06:13:02,983 __init__ INFO] [emref] took 19 seconds
[2026-02-06 06:13:02,983 cli_analyse INFO] Running haddock3-analyse on ./, modules [], with top_cluster = 10
[2026-02-06 06:13:02,989 cli_analyse INFO] Created directory: /mnt/Data/PopOS/Data_Ana/Wu/clawdPorjects/HADDOCK_test/results/run_refold_TG0009_Epi/analysis
[2026-02-06 06:13:02,989 cli_analyse INFO] Reading input run directory
[2026-02-06 06:13:02,989 cli_analyse INFO] selected steps: 0_topoaa, 1_rigidbody, 2_flexref, 3_emref
[2026-02-06 06:13:02,990 cli_analyse INFO] Analysing step 0_topoaa
[2026-02-06 06:13:02,990 cli_analyse WARNING] Could not execute the analysis for step 0_topoaa. The following error occurred 'dict' object has no attribute 'rel_path'
[2026-02-06 06:13:02,990 cli_analyse INFO] Analysing step 1_rigidbody
[2026-02-06 06:13:02,991 cli_unpack INFO] Unpacking '../1_rigidbody' folder
[2026-02-06 06:13:02,992 libtimer INFO] unpacking took 0 seconds
[2026-02-06 06:13:03,004 capri INFO] Found previous CNS step: 1_rigidbody
[2026-02-06 06:13:03,111 capri INFO] Saved scoring weights to: weights_params.json
[2026-02-06 06:13:03,111 __init__ INFO] [caprieval] No reference structure provided. Using the structure with the lowest score from previous step
[2026-02-06 06:13:03,305 libutil INFO] Selected 20 cores to process 20 jobs, with 32 maximum available cores.
[2026-02-06 06:13:03,305 libparallel INFO] Using 20 cores
[2026-02-06 06:13:04,434 libparallel INFO] 20 tasks finished
[2026-02-06 06:13:04,435 capri INFO] Rearranging cluster information into capri_clt.tsv
[2026-02-06 06:13:04,440 cli_clean INFO] Compressing '../1_rigidbody' folder
[2026-02-06 06:13:04,440 clean_steps INFO] Cleaning output for '../1_rigidbody' using 20 cores.
[2026-02-06 06:13:04,688 libtimer INFO] compressing took 0 seconds
[2026-02-06 06:13:04,689 cli_analyse INFO] CAPRI files identified
[2026-02-06 06:13:04,691 cli_analyse INFO] Plotting results..
[2026-02-06 06:13:06,568 cli_analyse INFO] Summary archive summary.tgz created!
[2026-02-06 06:13:06,569 cli_analyse INFO] Analysing step 2_flexref
[2026-02-06 06:13:06,571 cli_unpack INFO] Unpacking '../2_flexref' folder
[2026-02-06 06:13:06,571 libtimer INFO] unpacking took 0 seconds
[2026-02-06 06:13:06,584 capri INFO] Found previous CNS step: 2_flexref
[2026-02-06 06:13:06,820 capri INFO] Saved scoring weights to: weights_params.json
[2026-02-06 06:13:06,820 __init__ INFO] [caprieval] No reference structure provided. Using the structure with the lowest score from previous step
[2026-02-06 06:13:07,024 libutil INFO] Selected 20 cores to process 20 jobs, with 32 maximum available cores.
[2026-02-06 06:13:07,024 libparallel INFO] Using 20 cores
[2026-02-06 06:13:08,006 libparallel INFO] 20 tasks finished
[2026-02-06 06:13:08,007 capri INFO] Rearranging cluster information into capri_clt.tsv
[2026-02-06 06:13:08,011 cli_clean INFO] Compressing '../2_flexref' folder
[2026-02-06 06:13:08,011 clean_steps INFO] Cleaning output for '../2_flexref' using 20 cores.
[2026-02-06 06:13:08,237 libtimer INFO] compressing took 0 seconds
[2026-02-06 06:13:08,237 cli_analyse INFO] CAPRI files identified
[2026-02-06 06:13:08,239 cli_analyse INFO] Plotting results..
[2026-02-06 06:13:10,035 cli_analyse INFO] Summary archive summary.tgz created!
[2026-02-06 06:13:10,035 cli_analyse INFO] Analysing step 3_emref
[2026-02-06 06:13:10,038 cli_unpack INFO] Unpacking '../3_emref' folder
[2026-02-06 06:13:10,038 libtimer INFO] unpacking took 0 seconds
[2026-02-06 06:13:10,051 capri INFO] Found previous CNS step: 3_emref
[2026-02-06 06:13:10,151 capri INFO] Saved scoring weights to: weights_params.json
[2026-02-06 06:13:10,151 __init__ INFO] [caprieval] No reference structure provided. Using the structure with the lowest score from previous step
[2026-02-06 06:13:10,342 libutil INFO] Selected 20 cores to process 20 jobs, with 32 maximum available cores.
[2026-02-06 06:13:10,343 libparallel INFO] Using 20 cores
[2026-02-06 06:13:11,286 libparallel INFO] 20 tasks finished
[2026-02-06 06:13:11,287 capri INFO] Rearranging cluster information into capri_clt.tsv
[2026-02-06 06:13:11,292 cli_clean INFO] Compressing '../3_emref' folder
[2026-02-06 06:13:11,292 clean_steps INFO] Cleaning output for '../3_emref' using 20 cores.
[2026-02-06 06:13:11,515 libtimer INFO] compressing took 0 seconds
[2026-02-06 06:13:11,515 cli_analyse INFO] CAPRI files identified
[2026-02-06 06:13:11,516 cli_analyse INFO] Plotting results..
[2026-02-06 06:13:13,286 cli_analyse INFO] Summary archive summary.tgz created!
[2026-02-06 06:13:13,286 cli_analyse INFO] moving files to analysis folder
[2026-02-06 06:13:13,286 cli_analyse INFO] cancelling unsuccesful analysis folders
[2026-02-06 06:13:13,286 cli_analyse INFO] updating paths in analysis/1_rigidbody_analysis/capri_ss.tsv
[2026-02-06 06:13:13,286 cli_analyse INFO] View the results in analysis/1_rigidbody_analysis/report.html
[2026-02-06 06:13:13,286 cli_analyse INFO] To view structures or download the structure files, in a terminal run the command `python -m http.server --directory /mnt/Data/PopOS/Data_Ana/Wu/clawdPorjects/HADDOCK_test/results/run_refold_TG0009_Epi`. By default, http server runs on `http://0.0.0.0:8000/`. Open the link http://0.0.0.0:8000/analysis/1_rigidbody_analysis/report.html in a web browser.
[2026-02-06 06:13:13,286 cli_analyse INFO] updating paths in analysis/2_flexref_analysis/capri_ss.tsv
[2026-02-06 06:13:13,287 cli_analyse INFO] View the results in analysis/2_flexref_analysis/report.html
[2026-02-06 06:13:13,287 cli_analyse INFO] To view structures or download the structure files, in a terminal run the command `python -m http.server --directory /mnt/Data/PopOS/Data_Ana/Wu/clawdPorjects/HADDOCK_test/results/run_refold_TG0009_Epi`. By default, http server runs on `http://0.0.0.0:8000/`. Open the link http://0.0.0.0:8000/analysis/2_flexref_analysis/report.html in a web browser.
[2026-02-06 06:13:13,287 cli_analyse INFO] updating paths in analysis/3_emref_analysis/capri_ss.tsv
[2026-02-06 06:13:13,287 cli_analyse INFO] View the results in analysis/3_emref_analysis/report.html
[2026-02-06 06:13:13,287 cli_analyse INFO] To view structures or download the structure files, in a terminal run the command `python -m http.server --directory /mnt/Data/PopOS/Data_Ana/Wu/clawdPorjects/HADDOCK_test/results/run_refold_TG0009_Epi`. By default, http server runs on `http://0.0.0.0:8000/`. Open the link http://0.0.0.0:8000/analysis/3_emref_analysis/report.html in a web browser.
[2026-02-06 06:13:13,287 cli_traceback INFO] Running haddock3-traceback on ./
[2026-02-06 06:13:13,287 cli_traceback INFO] Reading input run directory
[2026-02-06 06:13:13,287 cli_traceback INFO] All_steps: 0_topoaa, 1_rigidbody, 2_flexref, 3_emref
[2026-02-06 06:13:13,287 cli_traceback INFO] Modules not to be analysed: 0_topoaa
[2026-02-06 06:13:13,288 cli_traceback INFO] Steps to trace back: 1_rigidbody, 2_flexref, 3_emref
[2026-02-06 06:13:13,288 cli_traceback INFO] Created directory: /mnt/Data/PopOS/Data_Ana/Wu/clawdPorjects/HADDOCK_test/results/run_refold_TG0009_Epi/traceback
[2026-02-06 06:13:13,288 cli_traceback INFO] Tracing back step 3_emref
[2026-02-06 06:13:13,290 cli_traceback INFO] Tracing back step 2_flexref
[2026-02-06 06:13:13,292 cli_traceback INFO] Tracing back step 1_rigidbody
[2026-02-06 06:13:13,296 cli_traceback INFO] Output dataframe traceback/traceback.tsv created with shape (20, 8)
[2026-02-06 06:13:13,324 clean_steps INFO] Cleaning output for '0_topoaa' using 20 cores.
[2026-02-06 06:13:13,613 libtimer INFO] cleaning output files took 0 seconds
[2026-02-06 06:13:13,613 clean_steps INFO] Cleaning output for '1_rigidbody' using 20 cores.
[2026-02-06 06:13:13,621 libtimer INFO] cleaning output files took 0 seconds
[2026-02-06 06:13:13,621 clean_steps INFO] Cleaning output for '2_flexref' using 20 cores.
[2026-02-06 06:13:13,629 libtimer INFO] cleaning output files took 0 seconds
[2026-02-06 06:13:13,629 clean_steps INFO] Cleaning output for '3_emref' using 20 cores.
[2026-02-06 06:13:13,646 libtimer INFO] cleaning output files took 0 seconds
[2026-02-06 06:13:13,646 cli INFO] This HADDOCK3 run took: 6 minutes and 2 seconds
[2026-02-06 06:13:13,647 greetings INFO] Your feedback matters in Haddock3! Share your experience and help us grow:
[2026-02-06 06:13:13,647 greetings INFO] GitHub issues: https://github.com/haddocking/haddock3/issues
[2026-02-06 06:13:13,647 greetings INFO] BioExcel feedback: https://www.bonvinlab.org/feedback
[2026-02-06 06:13:13,647 greetings INFO] BioExcel forum: https://ask.bioexcel.eu/c/haddock/6
[2026-02-06 06:13:13,647 cli INFO] Finished at 06/02/2026 06:13:13. La revedere! Do pobachennya! Ciao!
