[2026-02-13 12:36:54,702 cli INFO] 
##############################################
#                                            #
#                 HADDOCK3                   #
#                                            #
##############################################

!! Some of the HADDOCK3 components use CNS (Crystallographic and NMR System) which is free of use for non-profit applications. !!
!! For commercial use it is your own responsibility to have a proper license. !!
!! For details refer to the DISCLAIMER file in the HADDOCK3 repository. !!

Starting HADDOCK3 v2024.10.0b7 on 2026-02-13 12:36:00

Python 3.10.12 (main, Feb  4 2025, 14:57:36) [GCC 11.4.0]

[2026-02-13 12:36:58,503 libworkflow INFO] Reading instructions step 0_topoaa
[2026-02-13 12:36:58,503 libworkflow INFO] Reading instructions step 1_rigidbody
[2026-02-13 12:36:58,503 libworkflow INFO] Reading instructions step 2_flexref
[2026-02-13 12:36:58,503 libworkflow INFO] Reading instructions step 3_emref
[2026-02-13 12:36:58,517 base_cns_module INFO] Running [topoaa] module
[2026-02-13 12:36:58,517 __init__ INFO] [topoaa] Molecule 1: receptor_single_Pos_ATATGGCGTGCAGTCA-1_contig_1_1.pdb
[2026-02-13 12:36:58,519 __init__ INFO] [topoaa] Sanitizing molecule receptor_single_Pos_ATATGGCGTGCAGTCA-1_contig_1_1.pdb
[2026-02-13 12:36:58,526 __init__ INFO] [topoaa] Topology CNS input created
[2026-02-13 12:36:58,526 __init__ INFO] [topoaa] Molecule 2: ligand_single_Pos_ATATGGCGTGCAGTCA-1_contig_1_1.pdb
[2026-02-13 12:36:58,527 __init__ INFO] [topoaa] Sanitizing molecule ligand_single_Pos_ATATGGCGTGCAGTCA-1_contig_1_1.pdb
[2026-02-13 12:36:58,533 __init__ INFO] [topoaa] Topology CNS input created
[2026-02-13 12:36:58,533 __init__ INFO] [topoaa] Running CNS Jobs n=2
[2026-02-13 12:36:58,533 libutil INFO] Selected 2 cores to process 2 jobs, with 32 maximum available cores.
[2026-02-13 12:36:58,534 libparallel INFO] Using 2 cores
[2026-02-13 12:37:01,772 libparallel INFO] 2 tasks finished
[2026-02-13 12:37:01,773 __init__ INFO] [topoaa] CNS jobs have finished
[2026-02-13 12:37:01,775 base_cns_module INFO] Module [topoaa] finished.
[2026-02-13 12:37:01,775 __init__ INFO] [topoaa] took 3 seconds
[2026-02-13 12:37:02,123 base_cns_module INFO] Running [rigidbody] module
[2026-02-13 12:37:02,123 __init__ INFO] [rigidbody] crossdock=true
[2026-02-13 12:37:02,123 __init__ INFO] [rigidbody] Preparing jobs...
[2026-02-13 12:37:02,125 libutil INFO] Selected 20 cores to process 20 jobs, with 32 maximum available cores.
[2026-02-13 12:37:02,125 libparallel INFO] Using 20 cores
[2026-02-13 12:37:02,154 libparallel INFO] 20 tasks finished
[2026-02-13 12:37:02,154 __init__ INFO] [rigidbody] Preparation took 0.030896 seconds
[2026-02-13 12:37:02,155 __init__ INFO] [rigidbody] Running CNS Jobs n=20
[2026-02-13 12:37:02,156 libutil INFO] Selected 20 cores to process 20 jobs, with 32 maximum available cores.
[2026-02-13 12:37:02,156 libparallel INFO] Using 20 cores
[2026-02-13 12:37:12,782 libparallel INFO] 20 tasks finished
[2026-02-13 12:37:12,782 __init__ INFO] [rigidbody] CNS jobs have finished
[2026-02-13 12:37:12,817 base_cns_module INFO] Module [rigidbody] finished.
[2026-02-13 12:37:12,817 __init__ INFO] [rigidbody] took 11 seconds
[2026-02-13 12:37:13,205 base_cns_module INFO] Running [flexref] module
[2026-02-13 12:37:13,263 __init__ INFO] [flexref] Running CNS Jobs n=20
[2026-02-13 12:37:13,263 libutil INFO] Selected 20 cores to process 20 jobs, with 32 maximum available cores.
[2026-02-13 12:37:13,263 libparallel INFO] Using 20 cores
[2026-02-13 12:38:46,899 libparallel INFO] 20 tasks finished
[2026-02-13 12:38:46,899 __init__ INFO] [flexref] CNS jobs have finished
[2026-02-13 12:38:46,963 base_cns_module INFO] Module [flexref] finished.
[2026-02-13 12:38:46,963 __init__ INFO] [flexref] took 1 minute and 34 seconds
[2026-02-13 12:38:47,312 base_cns_module INFO] Running [emref] module
[2026-02-13 12:38:47,368 __init__ INFO] [emref] Running CNS Jobs n=20
[2026-02-13 12:38:47,368 libutil INFO] Selected 20 cores to process 20 jobs, with 32 maximum available cores.
[2026-02-13 12:38:47,368 libparallel INFO] Using 20 cores
[2026-02-13 12:38:54,556 libparallel INFO] 20 tasks finished
[2026-02-13 12:38:54,556 __init__ INFO] [emref] CNS jobs have finished
[2026-02-13 12:38:54,589 base_cns_module INFO] Module [emref] finished.
[2026-02-13 12:38:54,589 __init__ INFO] [emref] took 7 seconds
[2026-02-13 12:38:54,589 cli_analyse INFO] Running haddock3-analyse on ./, modules [], with top_cluster = 10
[2026-02-13 12:38:54,596 cli_analyse INFO] Created directory: /mnt/Data/PopOS/Data_Ana/Wu/clawdPorjects/HADDOCK_test/results/run_Pos_ATATGGCGTGCAGTCA-1_contig_1_1/analysis
[2026-02-13 12:38:54,596 cli_analyse INFO] Reading input run directory
[2026-02-13 12:38:54,596 cli_analyse INFO] selected steps: 0_topoaa, 1_rigidbody, 2_flexref, 3_emref
[2026-02-13 12:38:54,596 cli_analyse INFO] Analysing step 0_topoaa
[2026-02-13 12:38:54,597 cli_analyse WARNING] Could not execute the analysis for step 0_topoaa. The following error occurred 'dict' object has no attribute 'rel_path'
[2026-02-13 12:38:54,597 cli_analyse INFO] Analysing step 1_rigidbody
[2026-02-13 12:38:54,598 cli_unpack INFO] Unpacking '../1_rigidbody' folder
[2026-02-13 12:38:54,598 libtimer INFO] unpacking took 0 seconds
[2026-02-13 12:38:54,611 capri INFO] Found previous CNS step: 1_rigidbody
[2026-02-13 12:38:54,719 capri INFO] Saved scoring weights to: weights_params.json
[2026-02-13 12:38:54,719 __init__ INFO] [caprieval] No reference structure provided. Using the structure with the lowest score from previous step
[2026-02-13 12:38:54,803 libutil INFO] Selected 20 cores to process 20 jobs, with 32 maximum available cores.
[2026-02-13 12:38:54,803 libparallel INFO] Using 20 cores
[2026-02-13 12:38:55,240 libparallel INFO] 20 tasks finished
[2026-02-13 12:38:55,241 capri INFO] Rearranging cluster information into capri_clt.tsv
[2026-02-13 12:38:55,246 cli_clean INFO] Compressing '../1_rigidbody' folder
[2026-02-13 12:38:55,247 clean_steps INFO] Cleaning output for '../1_rigidbody' using 20 cores.
[2026-02-13 12:38:55,368 libtimer INFO] compressing took 0 seconds
[2026-02-13 12:38:55,368 cli_analyse INFO] CAPRI files identified
[2026-02-13 12:38:55,370 cli_analyse INFO] Plotting results..
[2026-02-13 12:38:56,597 cli_analyse INFO] Summary archive summary.tgz created!
[2026-02-13 12:38:56,597 cli_analyse INFO] Analysing step 2_flexref
[2026-02-13 12:38:56,599 cli_unpack INFO] Unpacking '../2_flexref' folder
[2026-02-13 12:38:56,599 libtimer INFO] unpacking took 0 seconds
[2026-02-13 12:38:56,613 capri INFO] Found previous CNS step: 2_flexref
[2026-02-13 12:38:56,848 capri INFO] Saved scoring weights to: weights_params.json
[2026-02-13 12:38:56,849 __init__ INFO] [caprieval] No reference structure provided. Using the structure with the lowest score from previous step
[2026-02-13 12:38:56,936 libutil INFO] Selected 20 cores to process 20 jobs, with 32 maximum available cores.
[2026-02-13 12:38:56,936 libparallel INFO] Using 20 cores
[2026-02-13 12:38:57,327 libparallel INFO] 20 tasks finished
[2026-02-13 12:38:57,328 capri INFO] Rearranging cluster information into capri_clt.tsv
[2026-02-13 12:38:57,333 cli_clean INFO] Compressing '../2_flexref' folder
[2026-02-13 12:38:57,333 clean_steps INFO] Cleaning output for '../2_flexref' using 20 cores.
[2026-02-13 12:38:57,454 libtimer INFO] compressing took 0 seconds
[2026-02-13 12:38:57,454 cli_analyse INFO] CAPRI files identified
[2026-02-13 12:38:57,456 cli_analyse INFO] Plotting results..
[2026-02-13 12:38:58,551 cli_analyse INFO] Summary archive summary.tgz created!
[2026-02-13 12:38:58,552 cli_analyse INFO] Analysing step 3_emref
[2026-02-13 12:38:58,554 cli_unpack INFO] Unpacking '../3_emref' folder
[2026-02-13 12:38:58,554 libtimer INFO] unpacking took 0 seconds
[2026-02-13 12:38:58,567 capri INFO] Found previous CNS step: 3_emref
[2026-02-13 12:38:58,667 capri INFO] Saved scoring weights to: weights_params.json
[2026-02-13 12:38:58,668 __init__ INFO] [caprieval] No reference structure provided. Using the structure with the lowest score from previous step
[2026-02-13 12:38:58,752 libutil INFO] Selected 20 cores to process 20 jobs, with 32 maximum available cores.
[2026-02-13 12:38:58,752 libparallel INFO] Using 20 cores
[2026-02-13 12:38:59,144 libparallel INFO] 20 tasks finished
[2026-02-13 12:38:59,145 capri INFO] Rearranging cluster information into capri_clt.tsv
[2026-02-13 12:38:59,149 cli_clean INFO] Compressing '../3_emref' folder
[2026-02-13 12:38:59,149 clean_steps INFO] Cleaning output for '../3_emref' using 20 cores.
[2026-02-13 12:38:59,274 libtimer INFO] compressing took 0 seconds
[2026-02-13 12:38:59,274 cli_analyse INFO] CAPRI files identified
[2026-02-13 12:38:59,275 cli_analyse INFO] Plotting results..
[2026-02-13 12:39:00,390 cli_analyse INFO] Summary archive summary.tgz created!
[2026-02-13 12:39:00,390 cli_analyse INFO] moving files to analysis folder
[2026-02-13 12:39:00,390 cli_analyse INFO] cancelling unsuccesful analysis folders
[2026-02-13 12:39:00,390 cli_analyse INFO] updating paths in analysis/1_rigidbody_analysis/capri_ss.tsv
[2026-02-13 12:39:00,391 cli_analyse INFO] View the results in analysis/1_rigidbody_analysis/report.html
[2026-02-13 12:39:00,391 cli_analyse INFO] To view structures or download the structure files, in a terminal run the command `python -m http.server --directory /mnt/Data/PopOS/Data_Ana/Wu/clawdPorjects/HADDOCK_test/results/run_Pos_ATATGGCGTGCAGTCA-1_contig_1_1`. By default, http server runs on `http://0.0.0.0:8000/`. Open the link http://0.0.0.0:8000/analysis/1_rigidbody_analysis/report.html in a web browser.
[2026-02-13 12:39:00,391 cli_analyse INFO] updating paths in analysis/2_flexref_analysis/capri_ss.tsv
[2026-02-13 12:39:00,391 cli_analyse INFO] View the results in analysis/2_flexref_analysis/report.html
[2026-02-13 12:39:00,391 cli_analyse INFO] To view structures or download the structure files, in a terminal run the command `python -m http.server --directory /mnt/Data/PopOS/Data_Ana/Wu/clawdPorjects/HADDOCK_test/results/run_Pos_ATATGGCGTGCAGTCA-1_contig_1_1`. By default, http server runs on `http://0.0.0.0:8000/`. Open the link http://0.0.0.0:8000/analysis/2_flexref_analysis/report.html in a web browser.
[2026-02-13 12:39:00,391 cli_analyse INFO] updating paths in analysis/3_emref_analysis/capri_ss.tsv
[2026-02-13 12:39:00,391 cli_analyse INFO] View the results in analysis/3_emref_analysis/report.html
[2026-02-13 12:39:00,391 cli_analyse INFO] To view structures or download the structure files, in a terminal run the command `python -m http.server --directory /mnt/Data/PopOS/Data_Ana/Wu/clawdPorjects/HADDOCK_test/results/run_Pos_ATATGGCGTGCAGTCA-1_contig_1_1`. By default, http server runs on `http://0.0.0.0:8000/`. Open the link http://0.0.0.0:8000/analysis/3_emref_analysis/report.html in a web browser.
[2026-02-13 12:39:00,391 cli_traceback INFO] Running haddock3-traceback on ./
[2026-02-13 12:39:00,391 cli_traceback INFO] Reading input run directory
[2026-02-13 12:39:00,391 cli_traceback INFO] All_steps: 0_topoaa, 1_rigidbody, 2_flexref, 3_emref
[2026-02-13 12:39:00,392 cli_traceback INFO] Modules not to be analysed: 0_topoaa
[2026-02-13 12:39:00,392 cli_traceback INFO] Steps to trace back: 1_rigidbody, 2_flexref, 3_emref
[2026-02-13 12:39:00,392 cli_traceback INFO] Created directory: /mnt/Data/PopOS/Data_Ana/Wu/clawdPorjects/HADDOCK_test/results/run_Pos_ATATGGCGTGCAGTCA-1_contig_1_1/traceback
[2026-02-13 12:39:00,392 cli_traceback INFO] Tracing back step 3_emref
[2026-02-13 12:39:00,394 cli_traceback INFO] Tracing back step 2_flexref
[2026-02-13 12:39:00,396 cli_traceback INFO] Tracing back step 1_rigidbody
[2026-02-13 12:39:00,400 cli_traceback INFO] Output dataframe traceback/traceback.tsv created with shape (20, 8)
[2026-02-13 12:39:00,427 clean_steps INFO] Cleaning output for '0_topoaa' using 20 cores.
[2026-02-13 12:39:00,583 libtimer INFO] cleaning output files took 0 seconds
[2026-02-13 12:39:00,583 clean_steps INFO] Cleaning output for '1_rigidbody' using 20 cores.
[2026-02-13 12:39:00,594 libtimer INFO] cleaning output files took 0 seconds
[2026-02-13 12:39:00,595 clean_steps INFO] Cleaning output for '2_flexref' using 20 cores.
[2026-02-13 12:39:00,607 libtimer INFO] cleaning output files took 0 seconds
[2026-02-13 12:39:00,608 clean_steps INFO] Cleaning output for '3_emref' using 20 cores.
[2026-02-13 12:39:00,619 libtimer INFO] cleaning output files took 0 seconds
[2026-02-13 12:39:00,620 cli INFO] This HADDOCK3 run took: 2 minutes and 6 seconds
[2026-02-13 12:39:00,620 greetings INFO] Your feedback matters in Haddock3! Share your experience and help us grow:
[2026-02-13 12:39:00,620 greetings INFO] GitHub issues: https://github.com/haddocking/haddock3/issues
[2026-02-13 12:39:00,620 greetings INFO] BioExcel feedback: https://www.bonvinlab.org/feedback
[2026-02-13 12:39:00,620 greetings INFO] BioExcel forum: https://ask.bioexcel.eu/c/haddock/6
[2026-02-13 12:39:00,620 cli INFO] Finished at 13/02/2026 12:39:00. Good bye! 再见! Tchau!
