[2026-02-13 13:19:41,281 cli INFO] 
##############################################
#                                            #
#                 HADDOCK3                   #
#                                            #
##############################################

!! Some of the HADDOCK3 components use CNS (Crystallographic and NMR System) which is free of use for non-profit applications. !!
!! For commercial use it is your own responsibility to have a proper license. !!
!! For details refer to the DISCLAIMER file in the HADDOCK3 repository. !!

Starting HADDOCK3 v2024.10.0b7 on 2026-02-13 13:19:00

Python 3.10.12 (main, Feb  4 2025, 14:57:36) [GCC 11.4.0]

[2026-02-13 13:19:45,037 libworkflow INFO] Reading instructions step 0_topoaa
[2026-02-13 13:19:45,037 libworkflow INFO] Reading instructions step 1_rigidbody
[2026-02-13 13:19:45,037 libworkflow INFO] Reading instructions step 2_flexref
[2026-02-13 13:19:45,038 libworkflow INFO] Reading instructions step 3_emref
[2026-02-13 13:19:45,052 base_cns_module INFO] Running [topoaa] module
[2026-02-13 13:19:45,052 __init__ INFO] [topoaa] Molecule 1: receptor_single_Pos_GTAGAGTAGCGCTTGG-1_contig_1_1.pdb
[2026-02-13 13:19:45,053 __init__ INFO] [topoaa] Sanitizing molecule receptor_single_Pos_GTAGAGTAGCGCTTGG-1_contig_1_1.pdb
[2026-02-13 13:19:45,060 __init__ INFO] [topoaa] Topology CNS input created
[2026-02-13 13:19:45,060 __init__ INFO] [topoaa] Molecule 2: ligand_single_Pos_GTAGAGTAGCGCTTGG-1_contig_1_1.pdb
[2026-02-13 13:19:45,061 __init__ INFO] [topoaa] Sanitizing molecule ligand_single_Pos_GTAGAGTAGCGCTTGG-1_contig_1_1.pdb
[2026-02-13 13:19:45,068 __init__ INFO] [topoaa] Topology CNS input created
[2026-02-13 13:19:45,068 __init__ INFO] [topoaa] Running CNS Jobs n=2
[2026-02-13 13:19:45,068 libutil INFO] Selected 2 cores to process 2 jobs, with 32 maximum available cores.
[2026-02-13 13:19:45,069 libparallel INFO] Using 2 cores
[2026-02-13 13:19:48,310 libparallel INFO] 2 tasks finished
[2026-02-13 13:19:48,310 __init__ INFO] [topoaa] CNS jobs have finished
[2026-02-13 13:19:48,312 base_cns_module INFO] Module [topoaa] finished.
[2026-02-13 13:19:48,312 __init__ INFO] [topoaa] took 3 seconds
[2026-02-13 13:19:48,663 base_cns_module INFO] Running [rigidbody] module
[2026-02-13 13:19:48,664 __init__ INFO] [rigidbody] crossdock=true
[2026-02-13 13:19:48,664 __init__ INFO] [rigidbody] Preparing jobs...
[2026-02-13 13:19:48,665 libutil INFO] Selected 20 cores to process 20 jobs, with 32 maximum available cores.
[2026-02-13 13:19:48,666 libparallel INFO] Using 20 cores
[2026-02-13 13:19:48,696 libparallel INFO] 20 tasks finished
[2026-02-13 13:19:48,697 __init__ INFO] [rigidbody] Preparation took 0.033014 seconds
[2026-02-13 13:19:48,698 __init__ INFO] [rigidbody] Running CNS Jobs n=20
[2026-02-13 13:19:48,698 libutil INFO] Selected 20 cores to process 20 jobs, with 32 maximum available cores.
[2026-02-13 13:19:48,699 libparallel INFO] Using 20 cores
[2026-02-13 13:19:59,752 libparallel INFO] 20 tasks finished
[2026-02-13 13:19:59,752 __init__ INFO] [rigidbody] CNS jobs have finished
[2026-02-13 13:19:59,779 base_cns_module INFO] Module [rigidbody] finished.
[2026-02-13 13:19:59,779 __init__ INFO] [rigidbody] took 11 seconds
[2026-02-13 13:20:00,169 base_cns_module INFO] Running [flexref] module
[2026-02-13 13:20:00,227 __init__ INFO] [flexref] Running CNS Jobs n=20
[2026-02-13 13:20:00,227 libutil INFO] Selected 20 cores to process 20 jobs, with 32 maximum available cores.
[2026-02-13 13:20:00,227 libparallel INFO] Using 20 cores
[2026-02-13 13:21:36,802 libparallel INFO] 20 tasks finished
[2026-02-13 13:21:36,802 __init__ INFO] [flexref] CNS jobs have finished
[2026-02-13 13:21:36,831 base_cns_module INFO] Module [flexref] finished.
[2026-02-13 13:21:36,831 __init__ INFO] [flexref] took 1 minute and 37 seconds
[2026-02-13 13:21:37,187 base_cns_module INFO] Running [emref] module
[2026-02-13 13:21:37,244 __init__ INFO] [emref] Running CNS Jobs n=20
[2026-02-13 13:21:37,244 libutil INFO] Selected 20 cores to process 20 jobs, with 32 maximum available cores.
[2026-02-13 13:21:37,244 libparallel INFO] Using 20 cores
[2026-02-13 13:21:44,735 libparallel INFO] 20 tasks finished
[2026-02-13 13:21:44,735 __init__ INFO] [emref] CNS jobs have finished
[2026-02-13 13:21:44,769 base_cns_module INFO] Module [emref] finished.
[2026-02-13 13:21:44,770 __init__ INFO] [emref] took 8 seconds
[2026-02-13 13:21:44,770 cli_analyse INFO] Running haddock3-analyse on ./, modules [], with top_cluster = 10
[2026-02-13 13:21:44,776 cli_analyse INFO] Created directory: /mnt/Data/PopOS/Data_Ana/Wu/clawdPorjects/HADDOCK_test/results/run_Pos_GTAGAGTAGCGCTTGG-1_contig_1_1/analysis
[2026-02-13 13:21:44,776 cli_analyse INFO] Reading input run directory
[2026-02-13 13:21:44,777 cli_analyse INFO] selected steps: 0_topoaa, 1_rigidbody, 2_flexref, 3_emref
[2026-02-13 13:21:44,777 cli_analyse INFO] Analysing step 0_topoaa
[2026-02-13 13:21:44,777 cli_analyse WARNING] Could not execute the analysis for step 0_topoaa. The following error occurred 'dict' object has no attribute 'rel_path'
[2026-02-13 13:21:44,777 cli_analyse INFO] Analysing step 1_rigidbody
[2026-02-13 13:21:44,778 cli_unpack INFO] Unpacking '../1_rigidbody' folder
[2026-02-13 13:21:44,779 libtimer INFO] unpacking took 0 seconds
[2026-02-13 13:21:44,792 capri INFO] Found previous CNS step: 1_rigidbody
[2026-02-13 13:21:44,903 capri INFO] Saved scoring weights to: weights_params.json
[2026-02-13 13:21:44,903 __init__ INFO] [caprieval] No reference structure provided. Using the structure with the lowest score from previous step
[2026-02-13 13:21:44,990 libutil INFO] Selected 20 cores to process 20 jobs, with 32 maximum available cores.
[2026-02-13 13:21:44,990 libparallel INFO] Using 20 cores
[2026-02-13 13:21:45,603 libparallel INFO] 20 tasks finished
[2026-02-13 13:21:45,604 capri INFO] Rearranging cluster information into capri_clt.tsv
[2026-02-13 13:21:45,609 cli_clean INFO] Compressing '../1_rigidbody' folder
[2026-02-13 13:21:45,609 clean_steps INFO] Cleaning output for '../1_rigidbody' using 20 cores.
[2026-02-13 13:21:45,735 libtimer INFO] compressing took 0 seconds
[2026-02-13 13:21:45,735 cli_analyse INFO] CAPRI files identified
[2026-02-13 13:21:45,737 cli_analyse INFO] Plotting results..
[2026-02-13 13:21:46,968 cli_analyse INFO] Summary archive summary.tgz created!
[2026-02-13 13:21:46,969 cli_analyse INFO] Analysing step 2_flexref
[2026-02-13 13:21:46,971 cli_unpack INFO] Unpacking '../2_flexref' folder
[2026-02-13 13:21:46,971 libtimer INFO] unpacking took 0 seconds
[2026-02-13 13:21:46,984 capri INFO] Found previous CNS step: 2_flexref
[2026-02-13 13:21:47,221 capri INFO] Saved scoring weights to: weights_params.json
[2026-02-13 13:21:47,222 __init__ INFO] [caprieval] No reference structure provided. Using the structure with the lowest score from previous step
[2026-02-13 13:21:47,309 libutil INFO] Selected 20 cores to process 20 jobs, with 32 maximum available cores.
[2026-02-13 13:21:47,309 libparallel INFO] Using 20 cores
[2026-02-13 13:21:47,710 libparallel INFO] 20 tasks finished
[2026-02-13 13:21:47,711 capri INFO] Rearranging cluster information into capri_clt.tsv
[2026-02-13 13:21:47,718 cli_clean INFO] Compressing '../2_flexref' folder
[2026-02-13 13:21:47,718 clean_steps INFO] Cleaning output for '../2_flexref' using 20 cores.
[2026-02-13 13:21:47,839 libtimer INFO] compressing took 0 seconds
[2026-02-13 13:21:47,839 cli_analyse INFO] CAPRI files identified
[2026-02-13 13:21:47,841 cli_analyse INFO] Plotting results..
[2026-02-13 13:21:48,955 cli_analyse INFO] Summary archive summary.tgz created!
[2026-02-13 13:21:48,955 cli_analyse INFO] Analysing step 3_emref
[2026-02-13 13:21:48,957 cli_unpack INFO] Unpacking '../3_emref' folder
[2026-02-13 13:21:48,957 libtimer INFO] unpacking took 0 seconds
[2026-02-13 13:21:48,971 capri INFO] Found previous CNS step: 3_emref
[2026-02-13 13:21:49,072 capri INFO] Saved scoring weights to: weights_params.json
[2026-02-13 13:21:49,072 __init__ INFO] [caprieval] No reference structure provided. Using the structure with the lowest score from previous step
[2026-02-13 13:21:49,159 libutil INFO] Selected 20 cores to process 20 jobs, with 32 maximum available cores.
[2026-02-13 13:21:49,159 libparallel INFO] Using 20 cores
[2026-02-13 13:21:49,555 libparallel INFO] 20 tasks finished
[2026-02-13 13:21:49,556 capri INFO] Rearranging cluster information into capri_clt.tsv
[2026-02-13 13:21:49,563 cli_clean INFO] Compressing '../3_emref' folder
[2026-02-13 13:21:49,563 clean_steps INFO] Cleaning output for '../3_emref' using 20 cores.
[2026-02-13 13:21:49,693 libtimer INFO] compressing took 0 seconds
[2026-02-13 13:21:49,694 cli_analyse INFO] CAPRI files identified
[2026-02-13 13:21:49,696 cli_analyse INFO] Plotting results..
[2026-02-13 13:21:50,803 cli_analyse INFO] Summary archive summary.tgz created!
[2026-02-13 13:21:50,803 cli_analyse INFO] moving files to analysis folder
[2026-02-13 13:21:50,803 cli_analyse INFO] cancelling unsuccesful analysis folders
[2026-02-13 13:21:50,803 cli_analyse INFO] updating paths in analysis/1_rigidbody_analysis/capri_ss.tsv
[2026-02-13 13:21:50,803 cli_analyse INFO] View the results in analysis/1_rigidbody_analysis/report.html
[2026-02-13 13:21:50,803 cli_analyse INFO] To view structures or download the structure files, in a terminal run the command `python -m http.server --directory /mnt/Data/PopOS/Data_Ana/Wu/clawdPorjects/HADDOCK_test/results/run_Pos_GTAGAGTAGCGCTTGG-1_contig_1_1`. By default, http server runs on `http://0.0.0.0:8000/`. Open the link http://0.0.0.0:8000/analysis/1_rigidbody_analysis/report.html in a web browser.
[2026-02-13 13:21:50,803 cli_analyse INFO] updating paths in analysis/2_flexref_analysis/capri_ss.tsv
[2026-02-13 13:21:50,804 cli_analyse INFO] View the results in analysis/2_flexref_analysis/report.html
[2026-02-13 13:21:50,804 cli_analyse INFO] To view structures or download the structure files, in a terminal run the command `python -m http.server --directory /mnt/Data/PopOS/Data_Ana/Wu/clawdPorjects/HADDOCK_test/results/run_Pos_GTAGAGTAGCGCTTGG-1_contig_1_1`. By default, http server runs on `http://0.0.0.0:8000/`. Open the link http://0.0.0.0:8000/analysis/2_flexref_analysis/report.html in a web browser.
[2026-02-13 13:21:50,804 cli_analyse INFO] updating paths in analysis/3_emref_analysis/capri_ss.tsv
[2026-02-13 13:21:50,804 cli_analyse INFO] View the results in analysis/3_emref_analysis/report.html
[2026-02-13 13:21:50,804 cli_analyse INFO] To view structures or download the structure files, in a terminal run the command `python -m http.server --directory /mnt/Data/PopOS/Data_Ana/Wu/clawdPorjects/HADDOCK_test/results/run_Pos_GTAGAGTAGCGCTTGG-1_contig_1_1`. By default, http server runs on `http://0.0.0.0:8000/`. Open the link http://0.0.0.0:8000/analysis/3_emref_analysis/report.html in a web browser.
[2026-02-13 13:21:50,804 cli_traceback INFO] Running haddock3-traceback on ./
[2026-02-13 13:21:50,804 cli_traceback INFO] Reading input run directory
[2026-02-13 13:21:50,804 cli_traceback INFO] All_steps: 0_topoaa, 1_rigidbody, 2_flexref, 3_emref
[2026-02-13 13:21:50,804 cli_traceback INFO] Modules not to be analysed: 0_topoaa
[2026-02-13 13:21:50,804 cli_traceback INFO] Steps to trace back: 1_rigidbody, 2_flexref, 3_emref
[2026-02-13 13:21:50,804 cli_traceback INFO] Created directory: /mnt/Data/PopOS/Data_Ana/Wu/clawdPorjects/HADDOCK_test/results/run_Pos_GTAGAGTAGCGCTTGG-1_contig_1_1/traceback
[2026-02-13 13:21:50,804 cli_traceback INFO] Tracing back step 3_emref
[2026-02-13 13:21:50,807 cli_traceback INFO] Tracing back step 2_flexref
[2026-02-13 13:21:50,809 cli_traceback INFO] Tracing back step 1_rigidbody
[2026-02-13 13:21:50,813 cli_traceback INFO] Output dataframe traceback/traceback.tsv created with shape (20, 8)
[2026-02-13 13:21:50,840 clean_steps INFO] Cleaning output for '0_topoaa' using 20 cores.
[2026-02-13 13:21:50,970 libtimer INFO] cleaning output files took 0 seconds
[2026-02-13 13:21:50,970 clean_steps INFO] Cleaning output for '1_rigidbody' using 20 cores.
[2026-02-13 13:21:50,979 libtimer INFO] cleaning output files took 0 seconds
[2026-02-13 13:21:50,979 clean_steps INFO] Cleaning output for '2_flexref' using 20 cores.
[2026-02-13 13:21:50,990 libtimer INFO] cleaning output files took 0 seconds
[2026-02-13 13:21:50,990 clean_steps INFO] Cleaning output for '3_emref' using 20 cores.
[2026-02-13 13:21:51,000 libtimer INFO] cleaning output files took 0 seconds
[2026-02-13 13:21:51,000 cli INFO] This HADDOCK3 run took: 2 minutes and 10 seconds
[2026-02-13 13:21:51,000 greetings INFO] Your feedback matters in Haddock3! Share your experience and help us grow:
[2026-02-13 13:21:51,000 greetings INFO] GitHub issues: https://github.com/haddocking/haddock3/issues
[2026-02-13 13:21:51,000 greetings INFO] BioExcel feedback: https://www.bonvinlab.org/feedback
[2026-02-13 13:21:51,000 greetings INFO] BioExcel forum: https://ask.bioexcel.eu/c/haddock/6
[2026-02-13 13:21:51,000 cli INFO] Finished at 13/02/2026 13:21:51. Adéu-siau! 再见! Tchau!
