[2026-02-06 22:05:17,692 cli INFO] 
##############################################
#                                            #
#                 HADDOCK3                   #
#                                            #
##############################################

!! Some of the HADDOCK3 components use CNS (Crystallographic and NMR System) which is free of use for non-profit applications. !!
!! For commercial use it is your own responsibility to have a proper license. !!
!! For details refer to the DISCLAIMER file in the HADDOCK3 repository. !!

Starting HADDOCK3 v2024.10.0b7 on 2026-02-06 22:05:00

Python 3.10.12 (main, Feb  4 2025, 14:57:36) [GCC 11.4.0]

[2026-02-06 22:05:21,471 libworkflow INFO] Reading instructions step 0_topoaa
[2026-02-06 22:05:21,471 libworkflow INFO] Reading instructions step 1_rigidbody
[2026-02-06 22:05:21,472 libworkflow INFO] Reading instructions step 2_flexref
[2026-02-06 22:05:21,472 libworkflow INFO] Reading instructions step 3_emref
[2026-02-06 22:05:21,472 libworkflow INFO] Reading instructions step 4_caprieval
[2026-02-06 22:05:21,486 base_cns_module INFO] Running [topoaa] module
[2026-02-06 22:05:21,486 __init__ INFO] [topoaa] Molecule 1: receptor_single_refold_TG0032_Epi.pdb
[2026-02-06 22:05:21,490 __init__ INFO] [topoaa] Sanitizing molecule receptor_single_refold_TG0032_Epi.pdb
[2026-02-06 22:05:21,509 __init__ INFO] [topoaa] Topology CNS input created
[2026-02-06 22:05:21,509 __init__ INFO] [topoaa] Molecule 2: ligand_single_refold_TG0032_Epi.pdb
[2026-02-06 22:05:21,510 __init__ INFO] [topoaa] Sanitizing molecule ligand_single_refold_TG0032_Epi.pdb
[2026-02-06 22:05:21,513 __init__ INFO] [topoaa] Topology CNS input created
[2026-02-06 22:05:21,513 __init__ INFO] [topoaa] Running CNS Jobs n=2
[2026-02-06 22:05:21,513 libutil INFO] Selected 2 cores to process 2 jobs, with 32 maximum available cores.
[2026-02-06 22:05:21,514 libparallel INFO] Using 2 cores
[2026-02-06 22:05:41,956 libparallel INFO] 2 tasks finished
[2026-02-06 22:05:41,957 __init__ INFO] [topoaa] CNS jobs have finished
[2026-02-06 22:05:41,959 base_cns_module INFO] Module [topoaa] finished.
[2026-02-06 22:05:41,959 __init__ INFO] [topoaa] took 20 seconds
[2026-02-06 22:05:42,298 base_cns_module INFO] Running [rigidbody] module
[2026-02-06 22:05:42,299 __init__ INFO] [rigidbody] crossdock=true
[2026-02-06 22:05:42,299 __init__ INFO] [rigidbody] Preparing jobs...
[2026-02-06 22:05:42,303 libutil INFO] Selected 20 cores to process 20 jobs, with 32 maximum available cores.
[2026-02-06 22:05:42,303 libparallel INFO] Using 20 cores
[2026-02-06 22:05:42,335 libparallel INFO] 20 tasks finished
[2026-02-06 22:05:42,336 __init__ INFO] [rigidbody] Preparation took 0.037017 seconds
[2026-02-06 22:05:42,336 __init__ INFO] [rigidbody] Running CNS Jobs n=20
[2026-02-06 22:05:42,337 libutil INFO] Selected 20 cores to process 20 jobs, with 32 maximum available cores.
[2026-02-06 22:05:42,337 libparallel INFO] Using 20 cores
[2026-02-06 22:06:18,167 libparallel INFO] 20 tasks finished
[2026-02-06 22:06:18,167 __init__ INFO] [rigidbody] CNS jobs have finished
[2026-02-06 22:06:18,228 base_cns_module INFO] Module [rigidbody] finished.
[2026-02-06 22:06:18,228 __init__ INFO] [rigidbody] took 36 seconds
[2026-02-06 22:06:18,613 base_cns_module INFO] Running [flexref] module
[2026-02-06 22:06:18,737 __init__ INFO] [flexref] Running CNS Jobs n=20
[2026-02-06 22:06:18,737 libutil INFO] Selected 20 cores to process 20 jobs, with 32 maximum available cores.
[2026-02-06 22:06:18,737 libparallel INFO] Using 20 cores
[2026-02-06 22:10:43,668 libparallel INFO] 20 tasks finished
[2026-02-06 22:10:43,668 __init__ INFO] [flexref] CNS jobs have finished
[2026-02-06 22:10:43,731 base_cns_module INFO] Module [flexref] finished.
[2026-02-06 22:10:43,732 __init__ INFO] [flexref] took 4 minutes and 25 seconds
[2026-02-06 22:10:44,076 base_cns_module INFO] Running [emref] module
[2026-02-06 22:10:44,198 __init__ INFO] [emref] Running CNS Jobs n=20
[2026-02-06 22:10:44,198 libutil INFO] Selected 20 cores to process 20 jobs, with 32 maximum available cores.
[2026-02-06 22:10:44,198 libparallel INFO] Using 20 cores
[2026-02-06 22:11:03,281 libparallel INFO] 20 tasks finished
[2026-02-06 22:11:03,282 __init__ INFO] [emref] CNS jobs have finished
[2026-02-06 22:11:03,361 base_cns_module INFO] Module [emref] finished.
[2026-02-06 22:11:03,361 __init__ INFO] [emref] took 19 seconds
[2026-02-06 22:11:03,377 __init__ INFO] Running [caprieval] module
[2026-02-06 22:11:03,377 capri INFO] Found previous CNS step: 3_emref
[2026-02-06 22:11:03,478 capri INFO] Saved scoring weights to: weights_params.json
[2026-02-06 22:11:03,478 __init__ INFO] [caprieval] No reference structure provided. Using the structure with the lowest score from previous step
[2026-02-06 22:11:03,675 libutil INFO] Selected 20 cores to process 20 jobs, with 32 maximum available cores.
[2026-02-06 22:11:03,676 libparallel INFO] Using 20 cores
[2026-02-06 22:11:04,771 libparallel INFO] 20 tasks finished
[2026-02-06 22:11:04,771 capri INFO] Rearranging cluster information into capri_clt.tsv
[2026-02-06 22:11:04,776 __init__ INFO] Module [caprieval] finished.
[2026-02-06 22:11:04,776 __init__ INFO] [caprieval] took 1 seconds
[2026-02-06 22:11:04,776 cli_analyse INFO] Running haddock3-analyse on ./, modules [4], with top_cluster = 10
[2026-02-06 22:11:04,783 cli_analyse INFO] Created directory: /mnt/Data/PopOS/Data_Ana/Wu/clawdPorjects/HADDOCK_test/results_full/run_refold_TG0032_Epi/analysis
[2026-02-06 22:11:04,783 cli_analyse INFO] Reading input run directory
[2026-02-06 22:11:04,783 cli_analyse INFO] selected steps: 4_caprieval
[2026-02-06 22:11:04,783 cli_analyse INFO] Analysing step 4_caprieval
[2026-02-06 22:11:04,783 cli_analyse INFO] step 4_caprieval is caprieval, files should be already available
[2026-02-06 22:11:04,784 cli_analyse INFO] CAPRI files identified
[2026-02-06 22:11:04,785 cli_analyse INFO] Plotting results..
[2026-02-06 22:11:06,652 cli_analyse INFO] Summary archive summary.tgz created!
[2026-02-06 22:11:06,652 cli_analyse INFO] moving files to analysis folder
[2026-02-06 22:11:06,652 cli_analyse INFO] updating paths in analysis/4_caprieval_analysis/capri_ss.tsv
[2026-02-06 22:11:06,652 cli_analyse INFO] View the results in analysis/4_caprieval_analysis/report.html
[2026-02-06 22:11:06,652 cli_analyse INFO] To view structures or download the structure files, in a terminal run the command `python -m http.server --directory /mnt/Data/PopOS/Data_Ana/Wu/clawdPorjects/HADDOCK_test/results_full/run_refold_TG0032_Epi`. By default, http server runs on `http://0.0.0.0:8000/`. Open the link http://0.0.0.0:8000/analysis/4_caprieval_analysis/report.html in a web browser.
[2026-02-06 22:11:06,652 cli_traceback INFO] Running haddock3-traceback on ./
[2026-02-06 22:11:06,652 cli_traceback INFO] Reading input run directory
[2026-02-06 22:11:06,652 cli_traceback INFO] All_steps: 0_topoaa, 1_rigidbody, 2_flexref, 3_emref, 4_caprieval
[2026-02-06 22:11:06,653 cli_traceback INFO] Modules not to be analysed: 0_topoaa, 4_caprieval
[2026-02-06 22:11:06,653 cli_traceback INFO] Steps to trace back: 1_rigidbody, 2_flexref, 3_emref
[2026-02-06 22:11:06,653 cli_traceback INFO] Created directory: /mnt/Data/PopOS/Data_Ana/Wu/clawdPorjects/HADDOCK_test/results_full/run_refold_TG0032_Epi/traceback
[2026-02-06 22:11:06,653 cli_traceback INFO] Tracing back step 3_emref
[2026-02-06 22:11:06,655 cli_traceback INFO] Tracing back step 2_flexref
[2026-02-06 22:11:06,657 cli_traceback INFO] Tracing back step 1_rigidbody
[2026-02-06 22:11:06,661 cli_traceback INFO] Output dataframe traceback/traceback.tsv created with shape (20, 8)
[2026-02-06 22:11:06,687 clean_steps INFO] Cleaning output for '0_topoaa' using 20 cores.
[2026-02-06 22:11:06,998 libtimer INFO] cleaning output files took 0 seconds
[2026-02-06 22:11:06,998 clean_steps INFO] Cleaning output for '1_rigidbody' using 20 cores.
[2026-02-06 22:11:07,215 libtimer INFO] cleaning output files took 0 seconds
[2026-02-06 22:11:07,215 clean_steps INFO] Cleaning output for '2_flexref' using 20 cores.
[2026-02-06 22:11:07,436 libtimer INFO] cleaning output files took 0 seconds
[2026-02-06 22:11:07,437 clean_steps INFO] Cleaning output for '3_emref' using 20 cores.
[2026-02-06 22:11:07,655 libtimer INFO] cleaning output files took 0 seconds
[2026-02-06 22:11:07,655 clean_steps INFO] Cleaning output for '4_caprieval' using 20 cores.
[2026-02-06 22:11:07,663 libtimer INFO] cleaning output files took 0 seconds
[2026-02-06 22:11:07,663 cli INFO] This HADDOCK3 run took: 5 minutes and 50 seconds
[2026-02-06 22:11:07,663 greetings INFO] Your feedback matters in Haddock3! Share your experience and help us grow:
[2026-02-06 22:11:07,663 greetings INFO] GitHub issues: https://github.com/haddocking/haddock3/issues
[2026-02-06 22:11:07,663 greetings INFO] BioExcel feedback: https://www.bonvinlab.org/feedback
[2026-02-06 22:11:07,663 greetings INFO] BioExcel forum: https://ask.bioexcel.eu/c/haddock/6
[2026-02-06 22:11:07,663 cli INFO] Finished at 06/02/2026 22:11:07. 再见! Au revoir! Ciao!
