[2026-02-13 12:15:37,888 cli INFO] 
##############################################
#                                            #
#                 HADDOCK3                   #
#                                            #
##############################################

!! Some of the HADDOCK3 components use CNS (Crystallographic and NMR System) which is free of use for non-profit applications. !!
!! For commercial use it is your own responsibility to have a proper license. !!
!! For details refer to the DISCLAIMER file in the HADDOCK3 repository. !!

Starting HADDOCK3 v2024.10.0b7 on 2026-02-13 12:15:00

Python 3.10.12 (main, Feb  4 2025, 14:57:36) [GCC 11.4.0]

[2026-02-13 12:15:41,563 libworkflow INFO] Reading instructions step 0_topoaa
[2026-02-13 12:15:41,563 libworkflow INFO] Reading instructions step 1_rigidbody
[2026-02-13 12:15:41,563 libworkflow INFO] Reading instructions step 2_flexref
[2026-02-13 12:15:41,563 libworkflow INFO] Reading instructions step 3_emref
[2026-02-13 12:15:41,577 base_cns_module INFO] Running [topoaa] module
[2026-02-13 12:15:41,577 __init__ INFO] [topoaa] Molecule 1: receptor_single_Pos_ACATCCCGTAAGGAAT-1_contig_1_1.pdb
[2026-02-13 12:15:41,578 __init__ INFO] [topoaa] Sanitizing molecule receptor_single_Pos_ACATCCCGTAAGGAAT-1_contig_1_1.pdb
[2026-02-13 12:15:41,586 __init__ INFO] [topoaa] Topology CNS input created
[2026-02-13 12:15:41,586 __init__ INFO] [topoaa] Molecule 2: ligand_single_Pos_ACATCCCGTAAGGAAT-1_contig_1_1.pdb
[2026-02-13 12:15:41,587 __init__ INFO] [topoaa] Sanitizing molecule ligand_single_Pos_ACATCCCGTAAGGAAT-1_contig_1_1.pdb
[2026-02-13 12:15:41,593 __init__ INFO] [topoaa] Topology CNS input created
[2026-02-13 12:15:41,593 __init__ INFO] [topoaa] Running CNS Jobs n=2
[2026-02-13 12:15:41,593 libutil INFO] Selected 2 cores to process 2 jobs, with 32 maximum available cores.
[2026-02-13 12:15:41,594 libparallel INFO] Using 2 cores
[2026-02-13 12:15:44,822 libparallel INFO] 2 tasks finished
[2026-02-13 12:15:44,823 __init__ INFO] [topoaa] CNS jobs have finished
[2026-02-13 12:15:44,825 base_cns_module INFO] Module [topoaa] finished.
[2026-02-13 12:15:44,826 __init__ INFO] [topoaa] took 3 seconds
[2026-02-13 12:15:45,167 base_cns_module INFO] Running [rigidbody] module
[2026-02-13 12:15:45,168 __init__ INFO] [rigidbody] crossdock=true
[2026-02-13 12:15:45,168 __init__ INFO] [rigidbody] Preparing jobs...
[2026-02-13 12:15:45,170 libutil INFO] Selected 20 cores to process 20 jobs, with 32 maximum available cores.
[2026-02-13 12:15:45,171 libparallel INFO] Using 20 cores
[2026-02-13 12:15:45,199 libparallel INFO] 20 tasks finished
[2026-02-13 12:15:45,199 __init__ INFO] [rigidbody] Preparation took 0.031289 seconds
[2026-02-13 12:15:45,200 __init__ INFO] [rigidbody] Running CNS Jobs n=20
[2026-02-13 12:15:45,201 libutil INFO] Selected 20 cores to process 20 jobs, with 32 maximum available cores.
[2026-02-13 12:15:45,201 libparallel INFO] Using 20 cores
[2026-02-13 12:15:55,810 libparallel INFO] 20 tasks finished
[2026-02-13 12:15:55,810 __init__ INFO] [rigidbody] CNS jobs have finished
[2026-02-13 12:15:55,837 base_cns_module INFO] Module [rigidbody] finished.
[2026-02-13 12:15:55,837 __init__ INFO] [rigidbody] took 11 seconds
[2026-02-13 12:15:56,217 base_cns_module INFO] Running [flexref] module
[2026-02-13 12:15:56,274 __init__ INFO] [flexref] Running CNS Jobs n=20
[2026-02-13 12:15:56,274 libutil INFO] Selected 20 cores to process 20 jobs, with 32 maximum available cores.
[2026-02-13 12:15:56,274 libparallel INFO] Using 20 cores
[2026-02-13 12:17:32,013 libparallel INFO] 20 tasks finished
[2026-02-13 12:17:32,013 __init__ INFO] [flexref] CNS jobs have finished
[2026-02-13 12:17:32,052 base_cns_module INFO] Module [flexref] finished.
[2026-02-13 12:17:32,052 __init__ INFO] [flexref] took 1 minute and 36 seconds
[2026-02-13 12:17:32,394 base_cns_module INFO] Running [emref] module
[2026-02-13 12:17:32,451 __init__ INFO] [emref] Running CNS Jobs n=20
[2026-02-13 12:17:32,451 libutil INFO] Selected 20 cores to process 20 jobs, with 32 maximum available cores.
[2026-02-13 12:17:32,451 libparallel INFO] Using 20 cores
[2026-02-13 12:17:39,777 libparallel INFO] 20 tasks finished
[2026-02-13 12:17:39,777 __init__ INFO] [emref] CNS jobs have finished
[2026-02-13 12:17:39,809 base_cns_module INFO] Module [emref] finished.
[2026-02-13 12:17:39,809 __init__ INFO] [emref] took 7 seconds
[2026-02-13 12:17:39,809 cli_analyse INFO] Running haddock3-analyse on ./, modules [], with top_cluster = 10
[2026-02-13 12:17:39,816 cli_analyse INFO] Created directory: /mnt/Data/PopOS/Data_Ana/Wu/clawdPorjects/HADDOCK_test/results/run_Pos_ACATCCCGTAAGGAAT-1_contig_1_1/analysis
[2026-02-13 12:17:39,816 cli_analyse INFO] Reading input run directory
[2026-02-13 12:17:39,816 cli_analyse INFO] selected steps: 0_topoaa, 1_rigidbody, 2_flexref, 3_emref
[2026-02-13 12:17:39,816 cli_analyse INFO] Analysing step 0_topoaa
[2026-02-13 12:17:39,816 cli_analyse WARNING] Could not execute the analysis for step 0_topoaa. The following error occurred 'dict' object has no attribute 'rel_path'
[2026-02-13 12:17:39,816 cli_analyse INFO] Analysing step 1_rigidbody
[2026-02-13 12:17:39,818 cli_unpack INFO] Unpacking '../1_rigidbody' folder
[2026-02-13 12:17:39,818 libtimer INFO] unpacking took 0 seconds
[2026-02-13 12:17:39,831 capri INFO] Found previous CNS step: 1_rigidbody
[2026-02-13 12:17:39,940 capri INFO] Saved scoring weights to: weights_params.json
[2026-02-13 12:17:39,940 __init__ INFO] [caprieval] No reference structure provided. Using the structure with the lowest score from previous step
[2026-02-13 12:17:40,025 libutil INFO] Selected 20 cores to process 20 jobs, with 32 maximum available cores.
[2026-02-13 12:17:40,026 libparallel INFO] Using 20 cores
[2026-02-13 12:17:40,547 libparallel INFO] 20 tasks finished
[2026-02-13 12:17:40,547 capri INFO] Rearranging cluster information into capri_clt.tsv
[2026-02-13 12:17:40,552 cli_clean INFO] Compressing '../1_rigidbody' folder
[2026-02-13 12:17:40,552 clean_steps INFO] Cleaning output for '../1_rigidbody' using 20 cores.
[2026-02-13 12:17:40,685 libtimer INFO] compressing took 0 seconds
[2026-02-13 12:17:40,685 cli_analyse INFO] CAPRI files identified
[2026-02-13 12:17:40,687 cli_analyse INFO] Plotting results..
[2026-02-13 12:17:41,900 cli_analyse INFO] Summary archive summary.tgz created!
[2026-02-13 12:17:41,900 cli_analyse INFO] Analysing step 2_flexref
[2026-02-13 12:17:41,902 cli_unpack INFO] Unpacking '../2_flexref' folder
[2026-02-13 12:17:41,902 libtimer INFO] unpacking took 0 seconds
[2026-02-13 12:17:41,915 capri INFO] Found previous CNS step: 2_flexref
[2026-02-13 12:17:42,162 capri INFO] Saved scoring weights to: weights_params.json
[2026-02-13 12:17:42,162 __init__ INFO] [caprieval] No reference structure provided. Using the structure with the lowest score from previous step
[2026-02-13 12:17:42,248 libutil INFO] Selected 20 cores to process 20 jobs, with 32 maximum available cores.
[2026-02-13 12:17:42,249 libparallel INFO] Using 20 cores
[2026-02-13 12:17:42,621 libparallel INFO] 20 tasks finished
[2026-02-13 12:17:42,622 capri INFO] Rearranging cluster information into capri_clt.tsv
[2026-02-13 12:17:42,629 cli_clean INFO] Compressing '../2_flexref' folder
[2026-02-13 12:17:42,629 clean_steps INFO] Cleaning output for '../2_flexref' using 20 cores.
[2026-02-13 12:17:42,757 libtimer INFO] compressing took 0 seconds
[2026-02-13 12:17:42,757 cli_analyse INFO] CAPRI files identified
[2026-02-13 12:17:42,759 cli_analyse INFO] Plotting results..
[2026-02-13 12:17:43,850 cli_analyse INFO] Summary archive summary.tgz created!
[2026-02-13 12:17:43,850 cli_analyse INFO] Analysing step 3_emref
[2026-02-13 12:17:43,852 cli_unpack INFO] Unpacking '../3_emref' folder
[2026-02-13 12:17:43,853 libtimer INFO] unpacking took 0 seconds
[2026-02-13 12:17:43,866 capri INFO] Found previous CNS step: 3_emref
[2026-02-13 12:17:43,967 capri INFO] Saved scoring weights to: weights_params.json
[2026-02-13 12:17:43,967 __init__ INFO] [caprieval] No reference structure provided. Using the structure with the lowest score from previous step
[2026-02-13 12:17:44,053 libutil INFO] Selected 20 cores to process 20 jobs, with 32 maximum available cores.
[2026-02-13 12:17:44,053 libparallel INFO] Using 20 cores
[2026-02-13 12:17:44,439 libparallel INFO] 20 tasks finished
[2026-02-13 12:17:44,440 capri INFO] Rearranging cluster information into capri_clt.tsv
[2026-02-13 12:17:44,444 cli_clean INFO] Compressing '../3_emref' folder
[2026-02-13 12:17:44,444 clean_steps INFO] Cleaning output for '../3_emref' using 20 cores.
[2026-02-13 12:17:44,563 libtimer INFO] compressing took 0 seconds
[2026-02-13 12:17:44,563 cli_analyse INFO] CAPRI files identified
[2026-02-13 12:17:44,565 cli_analyse INFO] Plotting results..
[2026-02-13 12:17:45,655 cli_analyse INFO] Summary archive summary.tgz created!
[2026-02-13 12:17:45,655 cli_analyse INFO] moving files to analysis folder
[2026-02-13 12:17:45,655 cli_analyse INFO] cancelling unsuccesful analysis folders
[2026-02-13 12:17:45,655 cli_analyse INFO] updating paths in analysis/1_rigidbody_analysis/capri_ss.tsv
[2026-02-13 12:17:45,656 cli_analyse INFO] View the results in analysis/1_rigidbody_analysis/report.html
[2026-02-13 12:17:45,656 cli_analyse INFO] To view structures or download the structure files, in a terminal run the command `python -m http.server --directory /mnt/Data/PopOS/Data_Ana/Wu/clawdPorjects/HADDOCK_test/results/run_Pos_ACATCCCGTAAGGAAT-1_contig_1_1`. By default, http server runs on `http://0.0.0.0:8000/`. Open the link http://0.0.0.0:8000/analysis/1_rigidbody_analysis/report.html in a web browser.
[2026-02-13 12:17:45,656 cli_analyse INFO] updating paths in analysis/2_flexref_analysis/capri_ss.tsv
[2026-02-13 12:17:45,656 cli_analyse INFO] View the results in analysis/2_flexref_analysis/report.html
[2026-02-13 12:17:45,656 cli_analyse INFO] To view structures or download the structure files, in a terminal run the command `python -m http.server --directory /mnt/Data/PopOS/Data_Ana/Wu/clawdPorjects/HADDOCK_test/results/run_Pos_ACATCCCGTAAGGAAT-1_contig_1_1`. By default, http server runs on `http://0.0.0.0:8000/`. Open the link http://0.0.0.0:8000/analysis/2_flexref_analysis/report.html in a web browser.
[2026-02-13 12:17:45,656 cli_analyse INFO] updating paths in analysis/3_emref_analysis/capri_ss.tsv
[2026-02-13 12:17:45,656 cli_analyse INFO] View the results in analysis/3_emref_analysis/report.html
[2026-02-13 12:17:45,656 cli_analyse INFO] To view structures or download the structure files, in a terminal run the command `python -m http.server --directory /mnt/Data/PopOS/Data_Ana/Wu/clawdPorjects/HADDOCK_test/results/run_Pos_ACATCCCGTAAGGAAT-1_contig_1_1`. By default, http server runs on `http://0.0.0.0:8000/`. Open the link http://0.0.0.0:8000/analysis/3_emref_analysis/report.html in a web browser.
[2026-02-13 12:17:45,656 cli_traceback INFO] Running haddock3-traceback on ./
[2026-02-13 12:17:45,656 cli_traceback INFO] Reading input run directory
[2026-02-13 12:17:45,656 cli_traceback INFO] All_steps: 0_topoaa, 1_rigidbody, 2_flexref, 3_emref
[2026-02-13 12:17:45,656 cli_traceback INFO] Modules not to be analysed: 0_topoaa
[2026-02-13 12:17:45,657 cli_traceback INFO] Steps to trace back: 1_rigidbody, 2_flexref, 3_emref
[2026-02-13 12:17:45,657 cli_traceback INFO] Created directory: /mnt/Data/PopOS/Data_Ana/Wu/clawdPorjects/HADDOCK_test/results/run_Pos_ACATCCCGTAAGGAAT-1_contig_1_1/traceback
[2026-02-13 12:17:45,657 cli_traceback INFO] Tracing back step 3_emref
[2026-02-13 12:17:45,659 cli_traceback INFO] Tracing back step 2_flexref
[2026-02-13 12:17:45,661 cli_traceback INFO] Tracing back step 1_rigidbody
[2026-02-13 12:17:45,665 cli_traceback INFO] Output dataframe traceback/traceback.tsv created with shape (20, 8)
[2026-02-13 12:17:45,692 clean_steps INFO] Cleaning output for '0_topoaa' using 20 cores.
[2026-02-13 12:17:45,829 libtimer INFO] cleaning output files took 0 seconds
[2026-02-13 12:17:45,829 clean_steps INFO] Cleaning output for '1_rigidbody' using 20 cores.
[2026-02-13 12:17:45,837 libtimer INFO] cleaning output files took 0 seconds
[2026-02-13 12:17:45,838 clean_steps INFO] Cleaning output for '2_flexref' using 20 cores.
[2026-02-13 12:17:45,845 libtimer INFO] cleaning output files took 0 seconds
[2026-02-13 12:17:45,845 clean_steps INFO] Cleaning output for '3_emref' using 20 cores.
[2026-02-13 12:17:45,854 libtimer INFO] cleaning output files took 0 seconds
[2026-02-13 12:17:45,854 cli INFO] This HADDOCK3 run took: 2 minutes and 8 seconds
[2026-02-13 12:17:45,854 greetings INFO] Your feedback matters in Haddock3! Share your experience and help us grow:
[2026-02-13 12:17:45,854 greetings INFO] GitHub issues: https://github.com/haddocking/haddock3/issues
[2026-02-13 12:17:45,854 greetings INFO] BioExcel feedback: https://www.bonvinlab.org/feedback
[2026-02-13 12:17:45,854 greetings INFO] BioExcel forum: https://ask.bioexcel.eu/c/haddock/6
[2026-02-13 12:17:45,855 cli INFO] Finished at 13/02/2026 12:17:45. Do pobachennya! Good bye! Adéu-siau!
