[2026-02-13 11:56:36,882 cli INFO] 
##############################################
#                                            #
#                 HADDOCK3                   #
#                                            #
##############################################

!! Some of the HADDOCK3 components use CNS (Crystallographic and NMR System) which is free of use for non-profit applications. !!
!! For commercial use it is your own responsibility to have a proper license. !!
!! For details refer to the DISCLAIMER file in the HADDOCK3 repository. !!

Starting HADDOCK3 v2024.10.0b7 on 2026-02-13 11:56:00

Python 3.10.12 (main, Feb  4 2025, 14:57:36) [GCC 11.4.0]

[2026-02-13 11:56:40,629 libworkflow INFO] Reading instructions step 0_topoaa
[2026-02-13 11:56:40,629 libworkflow INFO] Reading instructions step 1_rigidbody
[2026-02-13 11:56:40,629 libworkflow INFO] Reading instructions step 2_flexref
[2026-02-13 11:56:40,629 libworkflow INFO] Reading instructions step 3_emref
[2026-02-13 11:56:40,643 base_cns_module INFO] Running [topoaa] module
[2026-02-13 11:56:40,643 __init__ INFO] [topoaa] Molecule 1: receptor_single_Neg_GGTTCAGGTCGTACAG-1_contig_1_1.pdb
[2026-02-13 11:56:40,645 __init__ INFO] [topoaa] Sanitizing molecule receptor_single_Neg_GGTTCAGGTCGTACAG-1_contig_1_1.pdb
[2026-02-13 11:56:40,651 __init__ INFO] [topoaa] Topology CNS input created
[2026-02-13 11:56:40,651 __init__ INFO] [topoaa] Molecule 2: ligand_single_Neg_GGTTCAGGTCGTACAG-1_contig_1_1.pdb
[2026-02-13 11:56:40,653 __init__ INFO] [topoaa] Sanitizing molecule ligand_single_Neg_GGTTCAGGTCGTACAG-1_contig_1_1.pdb
[2026-02-13 11:56:40,659 __init__ INFO] [topoaa] Topology CNS input created
[2026-02-13 11:56:40,659 __init__ INFO] [topoaa] Running CNS Jobs n=2
[2026-02-13 11:56:40,659 libutil INFO] Selected 2 cores to process 2 jobs, with 32 maximum available cores.
[2026-02-13 11:56:40,660 libparallel INFO] Using 2 cores
[2026-02-13 11:56:43,896 libparallel INFO] 2 tasks finished
[2026-02-13 11:56:43,896 __init__ INFO] [topoaa] CNS jobs have finished
[2026-02-13 11:56:43,898 base_cns_module INFO] Module [topoaa] finished.
[2026-02-13 11:56:43,898 __init__ INFO] [topoaa] took 3 seconds
[2026-02-13 11:56:44,242 base_cns_module INFO] Running [rigidbody] module
[2026-02-13 11:56:44,243 __init__ INFO] [rigidbody] crossdock=true
[2026-02-13 11:56:44,243 __init__ INFO] [rigidbody] Preparing jobs...
[2026-02-13 11:56:44,245 libutil INFO] Selected 20 cores to process 20 jobs, with 32 maximum available cores.
[2026-02-13 11:56:44,246 libparallel INFO] Using 20 cores
[2026-02-13 11:56:44,272 libparallel INFO] 20 tasks finished
[2026-02-13 11:56:44,273 __init__ INFO] [rigidbody] Preparation took 0.029689 seconds
[2026-02-13 11:56:44,274 __init__ INFO] [rigidbody] Running CNS Jobs n=20
[2026-02-13 11:56:44,274 libutil INFO] Selected 20 cores to process 20 jobs, with 32 maximum available cores.
[2026-02-13 11:56:44,275 libparallel INFO] Using 20 cores
[2026-02-13 11:56:54,864 libparallel INFO] 20 tasks finished
[2026-02-13 11:56:54,865 __init__ INFO] [rigidbody] CNS jobs have finished
[2026-02-13 11:56:54,920 base_cns_module INFO] Module [rigidbody] finished.
[2026-02-13 11:56:54,920 __init__ INFO] [rigidbody] took 11 seconds
[2026-02-13 11:56:55,305 base_cns_module INFO] Running [flexref] module
[2026-02-13 11:56:55,363 __init__ INFO] [flexref] Running CNS Jobs n=20
[2026-02-13 11:56:55,363 libutil INFO] Selected 20 cores to process 20 jobs, with 32 maximum available cores.
[2026-02-13 11:56:55,363 libparallel INFO] Using 20 cores
[2026-02-13 11:58:31,409 libparallel INFO] 20 tasks finished
[2026-02-13 11:58:31,409 __init__ INFO] [flexref] CNS jobs have finished
[2026-02-13 11:58:31,473 base_cns_module INFO] Module [flexref] finished.
[2026-02-13 11:58:31,474 __init__ INFO] [flexref] took 1 minute and 36 seconds
[2026-02-13 11:58:31,817 base_cns_module INFO] Running [emref] module
[2026-02-13 11:58:31,873 __init__ INFO] [emref] Running CNS Jobs n=20
[2026-02-13 11:58:31,874 libutil INFO] Selected 20 cores to process 20 jobs, with 32 maximum available cores.
[2026-02-13 11:58:31,874 libparallel INFO] Using 20 cores
[2026-02-13 11:58:39,254 libparallel INFO] 20 tasks finished
[2026-02-13 11:58:39,254 __init__ INFO] [emref] CNS jobs have finished
[2026-02-13 11:58:39,286 base_cns_module INFO] Module [emref] finished.
[2026-02-13 11:58:39,286 __init__ INFO] [emref] took 7 seconds
[2026-02-13 11:58:39,286 cli_analyse INFO] Running haddock3-analyse on ./, modules [], with top_cluster = 10
[2026-02-13 11:58:39,292 cli_analyse INFO] Created directory: /mnt/Data/PopOS/Data_Ana/Wu/clawdPorjects/HADDOCK_test/results/run_Neg_GGTTCAGGTCGTACAG-1_contig_1_1/analysis
[2026-02-13 11:58:39,292 cli_analyse INFO] Reading input run directory
[2026-02-13 11:58:39,293 cli_analyse INFO] selected steps: 0_topoaa, 1_rigidbody, 2_flexref, 3_emref
[2026-02-13 11:58:39,293 cli_analyse INFO] Analysing step 0_topoaa
[2026-02-13 11:58:39,293 cli_analyse WARNING] Could not execute the analysis for step 0_topoaa. The following error occurred 'dict' object has no attribute 'rel_path'
[2026-02-13 11:58:39,293 cli_analyse INFO] Analysing step 1_rigidbody
[2026-02-13 11:58:39,294 cli_unpack INFO] Unpacking '../1_rigidbody' folder
[2026-02-13 11:58:39,295 libtimer INFO] unpacking took 0 seconds
[2026-02-13 11:58:39,308 capri INFO] Found previous CNS step: 1_rigidbody
[2026-02-13 11:58:39,418 capri INFO] Saved scoring weights to: weights_params.json
[2026-02-13 11:58:39,418 __init__ INFO] [caprieval] No reference structure provided. Using the structure with the lowest score from previous step
[2026-02-13 11:58:39,503 libutil INFO] Selected 20 cores to process 20 jobs, with 32 maximum available cores.
[2026-02-13 11:58:39,503 libparallel INFO] Using 20 cores
[2026-02-13 11:58:40,043 libparallel INFO] 20 tasks finished
[2026-02-13 11:58:40,044 capri INFO] Rearranging cluster information into capri_clt.tsv
[2026-02-13 11:58:40,051 cli_clean INFO] Compressing '../1_rigidbody' folder
[2026-02-13 11:58:40,051 clean_steps INFO] Cleaning output for '../1_rigidbody' using 20 cores.
[2026-02-13 11:58:40,178 libtimer INFO] compressing took 0 seconds
[2026-02-13 11:58:40,178 cli_analyse INFO] CAPRI files identified
[2026-02-13 11:58:40,180 cli_analyse INFO] Plotting results..
[2026-02-13 11:58:41,412 cli_analyse INFO] Summary archive summary.tgz created!
[2026-02-13 11:58:41,413 cli_analyse INFO] Analysing step 2_flexref
[2026-02-13 11:58:41,415 cli_unpack INFO] Unpacking '../2_flexref' folder
[2026-02-13 11:58:41,415 libtimer INFO] unpacking took 0 seconds
[2026-02-13 11:58:41,428 capri INFO] Found previous CNS step: 2_flexref
[2026-02-13 11:58:41,666 capri INFO] Saved scoring weights to: weights_params.json
[2026-02-13 11:58:41,666 __init__ INFO] [caprieval] No reference structure provided. Using the structure with the lowest score from previous step
[2026-02-13 11:58:41,754 libutil INFO] Selected 20 cores to process 20 jobs, with 32 maximum available cores.
[2026-02-13 11:58:41,754 libparallel INFO] Using 20 cores
[2026-02-13 11:58:42,175 libparallel INFO] 20 tasks finished
[2026-02-13 11:58:42,175 capri INFO] Rearranging cluster information into capri_clt.tsv
[2026-02-13 11:58:42,179 cli_clean INFO] Compressing '../2_flexref' folder
[2026-02-13 11:58:42,179 clean_steps INFO] Cleaning output for '../2_flexref' using 20 cores.
[2026-02-13 11:58:42,299 libtimer INFO] compressing took 0 seconds
[2026-02-13 11:58:42,299 cli_analyse INFO] CAPRI files identified
[2026-02-13 11:58:42,301 cli_analyse INFO] Plotting results..
[2026-02-13 11:58:43,417 cli_analyse INFO] Summary archive summary.tgz created!
[2026-02-13 11:58:43,417 cli_analyse INFO] Analysing step 3_emref
[2026-02-13 11:58:43,420 cli_unpack INFO] Unpacking '../3_emref' folder
[2026-02-13 11:58:43,420 libtimer INFO] unpacking took 0 seconds
[2026-02-13 11:58:43,433 capri INFO] Found previous CNS step: 3_emref
[2026-02-13 11:58:43,535 capri INFO] Saved scoring weights to: weights_params.json
[2026-02-13 11:58:43,535 __init__ INFO] [caprieval] No reference structure provided. Using the structure with the lowest score from previous step
[2026-02-13 11:58:43,620 libutil INFO] Selected 20 cores to process 20 jobs, with 32 maximum available cores.
[2026-02-13 11:58:43,620 libparallel INFO] Using 20 cores
[2026-02-13 11:58:44,047 libparallel INFO] 20 tasks finished
[2026-02-13 11:58:44,048 capri INFO] Rearranging cluster information into capri_clt.tsv
[2026-02-13 11:58:44,054 cli_clean INFO] Compressing '../3_emref' folder
[2026-02-13 11:58:44,054 clean_steps INFO] Cleaning output for '../3_emref' using 20 cores.
[2026-02-13 11:58:44,176 libtimer INFO] compressing took 0 seconds
[2026-02-13 11:58:44,176 cli_analyse INFO] CAPRI files identified
[2026-02-13 11:58:44,178 cli_analyse INFO] Plotting results..
[2026-02-13 11:58:45,292 cli_analyse INFO] Summary archive summary.tgz created!
[2026-02-13 11:58:45,292 cli_analyse INFO] moving files to analysis folder
[2026-02-13 11:58:45,292 cli_analyse INFO] cancelling unsuccesful analysis folders
[2026-02-13 11:58:45,292 cli_analyse INFO] updating paths in analysis/1_rigidbody_analysis/capri_ss.tsv
[2026-02-13 11:58:45,292 cli_analyse INFO] View the results in analysis/1_rigidbody_analysis/report.html
[2026-02-13 11:58:45,292 cli_analyse INFO] To view structures or download the structure files, in a terminal run the command `python -m http.server --directory /mnt/Data/PopOS/Data_Ana/Wu/clawdPorjects/HADDOCK_test/results/run_Neg_GGTTCAGGTCGTACAG-1_contig_1_1`. By default, http server runs on `http://0.0.0.0:8000/`. Open the link http://0.0.0.0:8000/analysis/1_rigidbody_analysis/report.html in a web browser.
[2026-02-13 11:58:45,292 cli_analyse INFO] updating paths in analysis/2_flexref_analysis/capri_ss.tsv
[2026-02-13 11:58:45,292 cli_analyse INFO] View the results in analysis/2_flexref_analysis/report.html
[2026-02-13 11:58:45,293 cli_analyse INFO] To view structures or download the structure files, in a terminal run the command `python -m http.server --directory /mnt/Data/PopOS/Data_Ana/Wu/clawdPorjects/HADDOCK_test/results/run_Neg_GGTTCAGGTCGTACAG-1_contig_1_1`. By default, http server runs on `http://0.0.0.0:8000/`. Open the link http://0.0.0.0:8000/analysis/2_flexref_analysis/report.html in a web browser.
[2026-02-13 11:58:45,293 cli_analyse INFO] updating paths in analysis/3_emref_analysis/capri_ss.tsv
[2026-02-13 11:58:45,293 cli_analyse INFO] View the results in analysis/3_emref_analysis/report.html
[2026-02-13 11:58:45,293 cli_analyse INFO] To view structures or download the structure files, in a terminal run the command `python -m http.server --directory /mnt/Data/PopOS/Data_Ana/Wu/clawdPorjects/HADDOCK_test/results/run_Neg_GGTTCAGGTCGTACAG-1_contig_1_1`. By default, http server runs on `http://0.0.0.0:8000/`. Open the link http://0.0.0.0:8000/analysis/3_emref_analysis/report.html in a web browser.
[2026-02-13 11:58:45,293 cli_traceback INFO] Running haddock3-traceback on ./
[2026-02-13 11:58:45,293 cli_traceback INFO] Reading input run directory
[2026-02-13 11:58:45,293 cli_traceback INFO] All_steps: 0_topoaa, 1_rigidbody, 2_flexref, 3_emref
[2026-02-13 11:58:45,293 cli_traceback INFO] Modules not to be analysed: 0_topoaa
[2026-02-13 11:58:45,293 cli_traceback INFO] Steps to trace back: 1_rigidbody, 2_flexref, 3_emref
[2026-02-13 11:58:45,293 cli_traceback INFO] Created directory: /mnt/Data/PopOS/Data_Ana/Wu/clawdPorjects/HADDOCK_test/results/run_Neg_GGTTCAGGTCGTACAG-1_contig_1_1/traceback
[2026-02-13 11:58:45,293 cli_traceback INFO] Tracing back step 3_emref
[2026-02-13 11:58:45,296 cli_traceback INFO] Tracing back step 2_flexref
[2026-02-13 11:58:45,298 cli_traceback INFO] Tracing back step 1_rigidbody
[2026-02-13 11:58:45,302 cli_traceback INFO] Output dataframe traceback/traceback.tsv created with shape (20, 8)
[2026-02-13 11:58:45,329 clean_steps INFO] Cleaning output for '0_topoaa' using 20 cores.
[2026-02-13 11:58:45,458 libtimer INFO] cleaning output files took 0 seconds
[2026-02-13 11:58:45,458 clean_steps INFO] Cleaning output for '1_rigidbody' using 20 cores.
[2026-02-13 11:58:45,467 libtimer INFO] cleaning output files took 0 seconds
[2026-02-13 11:58:45,467 clean_steps INFO] Cleaning output for '2_flexref' using 20 cores.
[2026-02-13 11:58:45,478 libtimer INFO] cleaning output files took 0 seconds
[2026-02-13 11:58:45,478 clean_steps INFO] Cleaning output for '3_emref' using 20 cores.
[2026-02-13 11:58:45,495 libtimer INFO] cleaning output files took 0 seconds
[2026-02-13 11:58:45,495 cli INFO] This HADDOCK3 run took: 2 minutes and 9 seconds
[2026-02-13 11:58:45,495 greetings INFO] Your feedback matters in Haddock3! Share your experience and help us grow:
[2026-02-13 11:58:45,495 greetings INFO] GitHub issues: https://github.com/haddocking/haddock3/issues
[2026-02-13 11:58:45,495 greetings INFO] BioExcel feedback: https://www.bonvinlab.org/feedback
[2026-02-13 11:58:45,496 greetings INFO] BioExcel forum: https://ask.bioexcel.eu/c/haddock/6
[2026-02-13 11:58:45,496 cli INFO] Finished at 13/02/2026 11:58:45. Ciao! La revedere! Adéu-siau!
