[2026-02-06 22:22:19,734 cli INFO] 
##############################################
#                                            #
#                 HADDOCK3                   #
#                                            #
##############################################

!! Some of the HADDOCK3 components use CNS (Crystallographic and NMR System) which is free of use for non-profit applications. !!
!! For commercial use it is your own responsibility to have a proper license. !!
!! For details refer to the DISCLAIMER file in the HADDOCK3 repository. !!

Starting HADDOCK3 v2024.10.0b7 on 2026-02-06 22:22:00

Python 3.10.12 (main, Feb  4 2025, 14:57:36) [GCC 11.4.0]

[2026-02-06 22:22:23,590 libworkflow INFO] Reading instructions step 0_topoaa
[2026-02-06 22:22:23,590 libworkflow INFO] Reading instructions step 1_rigidbody
[2026-02-06 22:22:23,590 libworkflow INFO] Reading instructions step 2_flexref
[2026-02-06 22:22:23,590 libworkflow INFO] Reading instructions step 3_emref
[2026-02-06 22:22:23,590 libworkflow INFO] Reading instructions step 4_caprieval
[2026-02-06 22:22:23,604 base_cns_module INFO] Running [topoaa] module
[2026-02-06 22:22:23,605 __init__ INFO] [topoaa] Molecule 1: receptor_single_refold_TG0081_Epi.pdb
[2026-02-06 22:22:23,608 __init__ INFO] [topoaa] Sanitizing molecule receptor_single_refold_TG0081_Epi.pdb
[2026-02-06 22:22:23,627 __init__ INFO] [topoaa] Topology CNS input created
[2026-02-06 22:22:23,627 __init__ INFO] [topoaa] Molecule 2: ligand_single_refold_TG0081_Epi.pdb
[2026-02-06 22:22:23,628 __init__ INFO] [topoaa] Sanitizing molecule ligand_single_refold_TG0081_Epi.pdb
[2026-02-06 22:22:23,631 __init__ INFO] [topoaa] Topology CNS input created
[2026-02-06 22:22:23,631 __init__ INFO] [topoaa] Running CNS Jobs n=2
[2026-02-06 22:22:23,631 libutil INFO] Selected 2 cores to process 2 jobs, with 32 maximum available cores.
[2026-02-06 22:22:23,632 libparallel INFO] Using 2 cores
[2026-02-06 22:22:43,841 libparallel INFO] 2 tasks finished
[2026-02-06 22:22:43,841 __init__ INFO] [topoaa] CNS jobs have finished
[2026-02-06 22:22:43,843 base_cns_module INFO] Module [topoaa] finished.
[2026-02-06 22:22:43,843 __init__ INFO] [topoaa] took 20 seconds
[2026-02-06 22:22:44,179 base_cns_module INFO] Running [rigidbody] module
[2026-02-06 22:22:44,180 __init__ INFO] [rigidbody] crossdock=true
[2026-02-06 22:22:44,180 __init__ INFO] [rigidbody] Preparing jobs...
[2026-02-06 22:22:44,184 libutil INFO] Selected 20 cores to process 20 jobs, with 32 maximum available cores.
[2026-02-06 22:22:44,184 libparallel INFO] Using 20 cores
[2026-02-06 22:22:44,216 libparallel INFO] 20 tasks finished
[2026-02-06 22:22:44,217 __init__ INFO] [rigidbody] Preparation took 0.036895 seconds
[2026-02-06 22:22:44,218 __init__ INFO] [rigidbody] Running CNS Jobs n=20
[2026-02-06 22:22:44,218 libutil INFO] Selected 20 cores to process 20 jobs, with 32 maximum available cores.
[2026-02-06 22:22:44,219 libparallel INFO] Using 20 cores
[2026-02-06 22:23:20,295 libparallel INFO] 20 tasks finished
[2026-02-06 22:23:20,295 __init__ INFO] [rigidbody] CNS jobs have finished
[2026-02-06 22:23:20,349 base_cns_module INFO] Module [rigidbody] finished.
[2026-02-06 22:23:20,349 __init__ INFO] [rigidbody] took 36 seconds
[2026-02-06 22:23:20,734 base_cns_module INFO] Running [flexref] module
[2026-02-06 22:23:20,855 __init__ INFO] [flexref] Running CNS Jobs n=20
[2026-02-06 22:23:20,855 libutil INFO] Selected 20 cores to process 20 jobs, with 32 maximum available cores.
[2026-02-06 22:23:20,855 libparallel INFO] Using 20 cores
[2026-02-06 22:27:53,914 libparallel INFO] 20 tasks finished
[2026-02-06 22:27:53,914 __init__ INFO] [flexref] CNS jobs have finished
[2026-02-06 22:27:53,984 base_cns_module INFO] Module [flexref] finished.
[2026-02-06 22:27:53,984 __init__ INFO] [flexref] took 4 minutes and 33 seconds
[2026-02-06 22:27:54,327 base_cns_module INFO] Running [emref] module
[2026-02-06 22:27:54,444 __init__ INFO] [emref] Running CNS Jobs n=20
[2026-02-06 22:27:54,444 libutil INFO] Selected 20 cores to process 20 jobs, with 32 maximum available cores.
[2026-02-06 22:27:54,445 libparallel INFO] Using 20 cores
[2026-02-06 22:28:12,727 libparallel INFO] 20 tasks finished
[2026-02-06 22:28:12,727 __init__ INFO] [emref] CNS jobs have finished
[2026-02-06 22:28:12,795 base_cns_module INFO] Module [emref] finished.
[2026-02-06 22:28:12,795 __init__ INFO] [emref] took 18 seconds
[2026-02-06 22:28:12,811 __init__ INFO] Running [caprieval] module
[2026-02-06 22:28:12,811 capri INFO] Found previous CNS step: 3_emref
[2026-02-06 22:28:12,913 capri INFO] Saved scoring weights to: weights_params.json
[2026-02-06 22:28:12,913 __init__ INFO] [caprieval] No reference structure provided. Using the structure with the lowest score from previous step
[2026-02-06 22:28:13,112 libutil INFO] Selected 20 cores to process 20 jobs, with 32 maximum available cores.
[2026-02-06 22:28:13,112 libparallel INFO] Using 20 cores
[2026-02-06 22:28:14,356 libparallel INFO] 20 tasks finished
[2026-02-06 22:28:14,357 capri INFO] Rearranging cluster information into capri_clt.tsv
[2026-02-06 22:28:14,361 __init__ INFO] Module [caprieval] finished.
[2026-02-06 22:28:14,362 __init__ INFO] [caprieval] took 2 seconds
[2026-02-06 22:28:14,362 cli_analyse INFO] Running haddock3-analyse on ./, modules [4], with top_cluster = 10
[2026-02-06 22:28:14,368 cli_analyse INFO] Created directory: /mnt/Data/PopOS/Data_Ana/Wu/clawdPorjects/HADDOCK_test/results_full/run_refold_TG0081_Epi/analysis
[2026-02-06 22:28:14,368 cli_analyse INFO] Reading input run directory
[2026-02-06 22:28:14,369 cli_analyse INFO] selected steps: 4_caprieval
[2026-02-06 22:28:14,369 cli_analyse INFO] Analysing step 4_caprieval
[2026-02-06 22:28:14,369 cli_analyse INFO] step 4_caprieval is caprieval, files should be already available
[2026-02-06 22:28:14,369 cli_analyse INFO] CAPRI files identified
[2026-02-06 22:28:14,371 cli_analyse INFO] Plotting results..
[2026-02-06 22:28:16,305 cli_analyse INFO] Summary archive summary.tgz created!
[2026-02-06 22:28:16,305 cli_analyse INFO] moving files to analysis folder
[2026-02-06 22:28:16,305 cli_analyse INFO] updating paths in analysis/4_caprieval_analysis/capri_ss.tsv
[2026-02-06 22:28:16,305 cli_analyse INFO] View the results in analysis/4_caprieval_analysis/report.html
[2026-02-06 22:28:16,306 cli_analyse INFO] To view structures or download the structure files, in a terminal run the command `python -m http.server --directory /mnt/Data/PopOS/Data_Ana/Wu/clawdPorjects/HADDOCK_test/results_full/run_refold_TG0081_Epi`. By default, http server runs on `http://0.0.0.0:8000/`. Open the link http://0.0.0.0:8000/analysis/4_caprieval_analysis/report.html in a web browser.
[2026-02-06 22:28:16,306 cli_traceback INFO] Running haddock3-traceback on ./
[2026-02-06 22:28:16,306 cli_traceback INFO] Reading input run directory
[2026-02-06 22:28:16,306 cli_traceback INFO] All_steps: 0_topoaa, 1_rigidbody, 2_flexref, 3_emref, 4_caprieval
[2026-02-06 22:28:16,306 cli_traceback INFO] Modules not to be analysed: 0_topoaa, 4_caprieval
[2026-02-06 22:28:16,306 cli_traceback INFO] Steps to trace back: 1_rigidbody, 2_flexref, 3_emref
[2026-02-06 22:28:16,307 cli_traceback INFO] Created directory: /mnt/Data/PopOS/Data_Ana/Wu/clawdPorjects/HADDOCK_test/results_full/run_refold_TG0081_Epi/traceback
[2026-02-06 22:28:16,307 cli_traceback INFO] Tracing back step 3_emref
[2026-02-06 22:28:16,309 cli_traceback INFO] Tracing back step 2_flexref
[2026-02-06 22:28:16,311 cli_traceback INFO] Tracing back step 1_rigidbody
[2026-02-06 22:28:16,314 cli_traceback INFO] Output dataframe traceback/traceback.tsv created with shape (20, 8)
[2026-02-06 22:28:16,341 clean_steps INFO] Cleaning output for '0_topoaa' using 20 cores.
[2026-02-06 22:28:16,637 libtimer INFO] cleaning output files took 0 seconds
[2026-02-06 22:28:16,637 clean_steps INFO] Cleaning output for '1_rigidbody' using 20 cores.
[2026-02-06 22:28:16,860 libtimer INFO] cleaning output files took 0 seconds
[2026-02-06 22:28:16,860 clean_steps INFO] Cleaning output for '2_flexref' using 20 cores.
[2026-02-06 22:28:17,078 libtimer INFO] cleaning output files took 0 seconds
[2026-02-06 22:28:17,078 clean_steps INFO] Cleaning output for '3_emref' using 20 cores.
[2026-02-06 22:28:17,298 libtimer INFO] cleaning output files took 0 seconds
[2026-02-06 22:28:17,298 clean_steps INFO] Cleaning output for '4_caprieval' using 20 cores.
[2026-02-06 22:28:17,306 libtimer INFO] cleaning output files took 0 seconds
[2026-02-06 22:28:17,306 cli INFO] This HADDOCK3 run took: 5 minutes and 58 seconds
[2026-02-06 22:28:17,306 greetings INFO] Your feedback matters in Haddock3! Share your experience and help us grow:
[2026-02-06 22:28:17,306 greetings INFO] GitHub issues: https://github.com/haddocking/haddock3/issues
[2026-02-06 22:28:17,306 greetings INFO] BioExcel feedback: https://www.bonvinlab.org/feedback
[2026-02-06 22:28:17,306 greetings INFO] BioExcel forum: https://ask.bioexcel.eu/c/haddock/6
[2026-02-06 22:28:17,306 cli INFO] Finished at 06/02/2026 22:28:17. Au revoir! Agur! La revedere!
