[2026-02-13 12:13:28,536 cli INFO] 
##############################################
#                                            #
#                 HADDOCK3                   #
#                                            #
##############################################

!! Some of the HADDOCK3 components use CNS (Crystallographic and NMR System) which is free of use for non-profit applications. !!
!! For commercial use it is your own responsibility to have a proper license. !!
!! For details refer to the DISCLAIMER file in the HADDOCK3 repository. !!

Starting HADDOCK3 v2024.10.0b7 on 2026-02-13 12:13:00

Python 3.10.12 (main, Feb  4 2025, 14:57:36) [GCC 11.4.0]

[2026-02-13 12:13:32,321 libworkflow INFO] Reading instructions step 0_topoaa
[2026-02-13 12:13:32,321 libworkflow INFO] Reading instructions step 1_rigidbody
[2026-02-13 12:13:32,321 libworkflow INFO] Reading instructions step 2_flexref
[2026-02-13 12:13:32,322 libworkflow INFO] Reading instructions step 3_emref
[2026-02-13 12:13:32,336 base_cns_module INFO] Running [topoaa] module
[2026-02-13 12:13:32,336 __init__ INFO] [topoaa] Molecule 1: receptor_single_Pos_AATGGCGAGATCTTGG-1_contig_1_1.pdb
[2026-02-13 12:13:32,338 __init__ INFO] [topoaa] Sanitizing molecule receptor_single_Pos_AATGGCGAGATCTTGG-1_contig_1_1.pdb
[2026-02-13 12:13:32,344 __init__ INFO] [topoaa] Topology CNS input created
[2026-02-13 12:13:32,344 __init__ INFO] [topoaa] Molecule 2: ligand_single_Pos_AATGGCGAGATCTTGG-1_contig_1_1.pdb
[2026-02-13 12:13:32,345 __init__ INFO] [topoaa] Sanitizing molecule ligand_single_Pos_AATGGCGAGATCTTGG-1_contig_1_1.pdb
[2026-02-13 12:13:32,352 __init__ INFO] [topoaa] Topology CNS input created
[2026-02-13 12:13:32,352 __init__ INFO] [topoaa] Running CNS Jobs n=2
[2026-02-13 12:13:32,352 libutil INFO] Selected 2 cores to process 2 jobs, with 32 maximum available cores.
[2026-02-13 12:13:32,353 libparallel INFO] Using 2 cores
[2026-02-13 12:13:35,587 libparallel INFO] 2 tasks finished
[2026-02-13 12:13:35,588 __init__ INFO] [topoaa] CNS jobs have finished
[2026-02-13 12:13:35,590 base_cns_module INFO] Module [topoaa] finished.
[2026-02-13 12:13:35,590 __init__ INFO] [topoaa] took 3 seconds
[2026-02-13 12:13:35,942 base_cns_module INFO] Running [rigidbody] module
[2026-02-13 12:13:35,943 __init__ INFO] [rigidbody] crossdock=true
[2026-02-13 12:13:35,943 __init__ INFO] [rigidbody] Preparing jobs...
[2026-02-13 12:13:35,945 libutil INFO] Selected 20 cores to process 20 jobs, with 32 maximum available cores.
[2026-02-13 12:13:35,945 libparallel INFO] Using 20 cores
[2026-02-13 12:13:35,972 libparallel INFO] 20 tasks finished
[2026-02-13 12:13:35,972 __init__ INFO] [rigidbody] Preparation took 0.029124 seconds
[2026-02-13 12:13:35,973 __init__ INFO] [rigidbody] Running CNS Jobs n=20
[2026-02-13 12:13:35,973 libutil INFO] Selected 20 cores to process 20 jobs, with 32 maximum available cores.
[2026-02-13 12:13:35,973 libparallel INFO] Using 20 cores
[2026-02-13 12:13:47,353 libparallel INFO] 20 tasks finished
[2026-02-13 12:13:47,353 __init__ INFO] [rigidbody] CNS jobs have finished
[2026-02-13 12:13:47,383 base_cns_module INFO] Module [rigidbody] finished.
[2026-02-13 12:13:47,383 __init__ INFO] [rigidbody] took 11 seconds
[2026-02-13 12:13:47,772 base_cns_module INFO] Running [flexref] module
[2026-02-13 12:13:47,829 __init__ INFO] [flexref] Running CNS Jobs n=20
[2026-02-13 12:13:47,829 libutil INFO] Selected 20 cores to process 20 jobs, with 32 maximum available cores.
[2026-02-13 12:13:47,829 libparallel INFO] Using 20 cores
[2026-02-13 12:15:23,490 libparallel INFO] 20 tasks finished
[2026-02-13 12:15:23,491 __init__ INFO] [flexref] CNS jobs have finished
[2026-02-13 12:15:23,520 base_cns_module INFO] Module [flexref] finished.
[2026-02-13 12:15:23,520 __init__ INFO] [flexref] took 1 minute and 36 seconds
[2026-02-13 12:15:23,869 base_cns_module INFO] Running [emref] module
[2026-02-13 12:15:23,925 __init__ INFO] [emref] Running CNS Jobs n=20
[2026-02-13 12:15:23,926 libutil INFO] Selected 20 cores to process 20 jobs, with 32 maximum available cores.
[2026-02-13 12:15:23,926 libparallel INFO] Using 20 cores
[2026-02-13 12:15:31,254 libparallel INFO] 20 tasks finished
[2026-02-13 12:15:31,254 __init__ INFO] [emref] CNS jobs have finished
[2026-02-13 12:15:31,283 base_cns_module INFO] Module [emref] finished.
[2026-02-13 12:15:31,283 __init__ INFO] [emref] took 7 seconds
[2026-02-13 12:15:31,283 cli_analyse INFO] Running haddock3-analyse on ./, modules [], with top_cluster = 10
[2026-02-13 12:15:31,290 cli_analyse INFO] Created directory: /mnt/Data/PopOS/Data_Ana/Wu/clawdPorjects/HADDOCK_test/results/run_Pos_AATGGCGAGATCTTGG-1_contig_1_1/analysis
[2026-02-13 12:15:31,290 cli_analyse INFO] Reading input run directory
[2026-02-13 12:15:31,290 cli_analyse INFO] selected steps: 0_topoaa, 1_rigidbody, 2_flexref, 3_emref
[2026-02-13 12:15:31,290 cli_analyse INFO] Analysing step 0_topoaa
[2026-02-13 12:15:31,291 cli_analyse WARNING] Could not execute the analysis for step 0_topoaa. The following error occurred 'dict' object has no attribute 'rel_path'
[2026-02-13 12:15:31,291 cli_analyse INFO] Analysing step 1_rigidbody
[2026-02-13 12:15:31,292 cli_unpack INFO] Unpacking '../1_rigidbody' folder
[2026-02-13 12:15:31,293 libtimer INFO] unpacking took 0 seconds
[2026-02-13 12:15:31,306 capri INFO] Found previous CNS step: 1_rigidbody
[2026-02-13 12:15:31,414 capri INFO] Saved scoring weights to: weights_params.json
[2026-02-13 12:15:31,414 __init__ INFO] [caprieval] No reference structure provided. Using the structure with the lowest score from previous step
[2026-02-13 12:15:31,498 libutil INFO] Selected 20 cores to process 20 jobs, with 32 maximum available cores.
[2026-02-13 12:15:31,499 libparallel INFO] Using 20 cores
[2026-02-13 12:15:31,931 libparallel INFO] 20 tasks finished
[2026-02-13 12:15:31,931 capri INFO] Rearranging cluster information into capri_clt.tsv
[2026-02-13 12:15:31,936 cli_clean INFO] Compressing '../1_rigidbody' folder
[2026-02-13 12:15:31,936 clean_steps INFO] Cleaning output for '../1_rigidbody' using 20 cores.
[2026-02-13 12:15:32,056 libtimer INFO] compressing took 0 seconds
[2026-02-13 12:15:32,056 cli_analyse INFO] CAPRI files identified
[2026-02-13 12:15:32,058 cli_analyse INFO] Plotting results..
[2026-02-13 12:15:33,279 cli_analyse INFO] Summary archive summary.tgz created!
[2026-02-13 12:15:33,279 cli_analyse INFO] Analysing step 2_flexref
[2026-02-13 12:15:33,281 cli_unpack INFO] Unpacking '../2_flexref' folder
[2026-02-13 12:15:33,281 libtimer INFO] unpacking took 0 seconds
[2026-02-13 12:15:33,295 capri INFO] Found previous CNS step: 2_flexref
[2026-02-13 12:15:33,533 capri INFO] Saved scoring weights to: weights_params.json
[2026-02-13 12:15:33,533 __init__ INFO] [caprieval] No reference structure provided. Using the structure with the lowest score from previous step
[2026-02-13 12:15:33,618 libutil INFO] Selected 20 cores to process 20 jobs, with 32 maximum available cores.
[2026-02-13 12:15:33,618 libparallel INFO] Using 20 cores
[2026-02-13 12:15:34,011 libparallel INFO] 20 tasks finished
[2026-02-13 12:15:34,012 capri INFO] Rearranging cluster information into capri_clt.tsv
[2026-02-13 12:15:34,020 cli_clean INFO] Compressing '../2_flexref' folder
[2026-02-13 12:15:34,020 clean_steps INFO] Cleaning output for '../2_flexref' using 20 cores.
[2026-02-13 12:15:34,159 libtimer INFO] compressing took 0 seconds
[2026-02-13 12:15:34,160 cli_analyse INFO] CAPRI files identified
[2026-02-13 12:15:34,161 cli_analyse INFO] Plotting results..
[2026-02-13 12:15:35,300 cli_analyse INFO] Summary archive summary.tgz created!
[2026-02-13 12:15:35,300 cli_analyse INFO] Analysing step 3_emref
[2026-02-13 12:15:35,303 cli_unpack INFO] Unpacking '../3_emref' folder
[2026-02-13 12:15:35,303 libtimer INFO] unpacking took 0 seconds
[2026-02-13 12:15:35,316 capri INFO] Found previous CNS step: 3_emref
[2026-02-13 12:15:35,418 capri INFO] Saved scoring weights to: weights_params.json
[2026-02-13 12:15:35,418 __init__ INFO] [caprieval] No reference structure provided. Using the structure with the lowest score from previous step
[2026-02-13 12:15:35,503 libutil INFO] Selected 20 cores to process 20 jobs, with 32 maximum available cores.
[2026-02-13 12:15:35,504 libparallel INFO] Using 20 cores
[2026-02-13 12:15:35,904 libparallel INFO] 20 tasks finished
[2026-02-13 12:15:35,905 capri INFO] Rearranging cluster information into capri_clt.tsv
[2026-02-13 12:15:35,913 cli_clean INFO] Compressing '../3_emref' folder
[2026-02-13 12:15:35,913 clean_steps INFO] Cleaning output for '../3_emref' using 20 cores.
[2026-02-13 12:15:36,035 libtimer INFO] compressing took 0 seconds
[2026-02-13 12:15:36,035 cli_analyse INFO] CAPRI files identified
[2026-02-13 12:15:36,038 cli_analyse INFO] Plotting results..
[2026-02-13 12:15:37,147 cli_analyse INFO] Summary archive summary.tgz created!
[2026-02-13 12:15:37,147 cli_analyse INFO] moving files to analysis folder
[2026-02-13 12:15:37,148 cli_analyse INFO] cancelling unsuccesful analysis folders
[2026-02-13 12:15:37,148 cli_analyse INFO] updating paths in analysis/1_rigidbody_analysis/capri_ss.tsv
[2026-02-13 12:15:37,148 cli_analyse INFO] View the results in analysis/1_rigidbody_analysis/report.html
[2026-02-13 12:15:37,148 cli_analyse INFO] To view structures or download the structure files, in a terminal run the command `python -m http.server --directory /mnt/Data/PopOS/Data_Ana/Wu/clawdPorjects/HADDOCK_test/results/run_Pos_AATGGCGAGATCTTGG-1_contig_1_1`. By default, http server runs on `http://0.0.0.0:8000/`. Open the link http://0.0.0.0:8000/analysis/1_rigidbody_analysis/report.html in a web browser.
[2026-02-13 12:15:37,148 cli_analyse INFO] updating paths in analysis/2_flexref_analysis/capri_ss.tsv
[2026-02-13 12:15:37,148 cli_analyse INFO] View the results in analysis/2_flexref_analysis/report.html
[2026-02-13 12:15:37,148 cli_analyse INFO] To view structures or download the structure files, in a terminal run the command `python -m http.server --directory /mnt/Data/PopOS/Data_Ana/Wu/clawdPorjects/HADDOCK_test/results/run_Pos_AATGGCGAGATCTTGG-1_contig_1_1`. By default, http server runs on `http://0.0.0.0:8000/`. Open the link http://0.0.0.0:8000/analysis/2_flexref_analysis/report.html in a web browser.
[2026-02-13 12:15:37,148 cli_analyse INFO] updating paths in analysis/3_emref_analysis/capri_ss.tsv
[2026-02-13 12:15:37,148 cli_analyse INFO] View the results in analysis/3_emref_analysis/report.html
[2026-02-13 12:15:37,148 cli_analyse INFO] To view structures or download the structure files, in a terminal run the command `python -m http.server --directory /mnt/Data/PopOS/Data_Ana/Wu/clawdPorjects/HADDOCK_test/results/run_Pos_AATGGCGAGATCTTGG-1_contig_1_1`. By default, http server runs on `http://0.0.0.0:8000/`. Open the link http://0.0.0.0:8000/analysis/3_emref_analysis/report.html in a web browser.
[2026-02-13 12:15:37,148 cli_traceback INFO] Running haddock3-traceback on ./
[2026-02-13 12:15:37,148 cli_traceback INFO] Reading input run directory
[2026-02-13 12:15:37,149 cli_traceback INFO] All_steps: 0_topoaa, 1_rigidbody, 2_flexref, 3_emref
[2026-02-13 12:15:37,149 cli_traceback INFO] Modules not to be analysed: 0_topoaa
[2026-02-13 12:15:37,149 cli_traceback INFO] Steps to trace back: 1_rigidbody, 2_flexref, 3_emref
[2026-02-13 12:15:37,149 cli_traceback INFO] Created directory: /mnt/Data/PopOS/Data_Ana/Wu/clawdPorjects/HADDOCK_test/results/run_Pos_AATGGCGAGATCTTGG-1_contig_1_1/traceback
[2026-02-13 12:15:37,149 cli_traceback INFO] Tracing back step 3_emref
[2026-02-13 12:15:37,151 cli_traceback INFO] Tracing back step 2_flexref
[2026-02-13 12:15:37,153 cli_traceback INFO] Tracing back step 1_rigidbody
[2026-02-13 12:15:37,157 cli_traceback INFO] Output dataframe traceback/traceback.tsv created with shape (20, 8)
[2026-02-13 12:15:37,184 clean_steps INFO] Cleaning output for '0_topoaa' using 20 cores.
[2026-02-13 12:15:37,318 libtimer INFO] cleaning output files took 0 seconds
[2026-02-13 12:15:37,318 clean_steps INFO] Cleaning output for '1_rigidbody' using 20 cores.
[2026-02-13 12:15:37,328 libtimer INFO] cleaning output files took 0 seconds
[2026-02-13 12:15:37,328 clean_steps INFO] Cleaning output for '2_flexref' using 20 cores.
[2026-02-13 12:15:37,337 libtimer INFO] cleaning output files took 0 seconds
[2026-02-13 12:15:37,337 clean_steps INFO] Cleaning output for '3_emref' using 20 cores.
[2026-02-13 12:15:37,353 libtimer INFO] cleaning output files took 0 seconds
[2026-02-13 12:15:37,353 cli INFO] This HADDOCK3 run took: 2 minutes and 9 seconds
[2026-02-13 12:15:37,353 greetings INFO] Your feedback matters in Haddock3! Share your experience and help us grow:
[2026-02-13 12:15:37,353 greetings INFO] GitHub issues: https://github.com/haddocking/haddock3/issues
[2026-02-13 12:15:37,353 greetings INFO] BioExcel feedback: https://www.bonvinlab.org/feedback
[2026-02-13 12:15:37,353 greetings INFO] BioExcel forum: https://ask.bioexcel.eu/c/haddock/6
[2026-02-13 12:15:37,354 cli INFO] Finished at 13/02/2026 12:15:37. Agur! Adéu-siau! Ciao!
