[2026-02-06 14:48:33,272 cli INFO] 
##############################################
#                                            #
#                 HADDOCK3                   #
#                                            #
##############################################

!! Some of the HADDOCK3 components use CNS (Crystallographic and NMR System) which is free of use for non-profit applications. !!
!! For commercial use it is your own responsibility to have a proper license. !!
!! For details refer to the DISCLAIMER file in the HADDOCK3 repository. !!

Starting HADDOCK3 v2024.10.0b7 on 2026-02-06 14:48:00

Python 3.10.12 (main, Feb  4 2025, 14:57:36) [GCC 11.4.0]

[2026-02-06 14:48:36,918 libworkflow INFO] Reading instructions step 0_topoaa
[2026-02-06 14:48:36,918 libworkflow INFO] Reading instructions step 1_rigidbody
[2026-02-06 14:48:36,919 libworkflow INFO] Reading instructions step 2_flexref
[2026-02-06 14:48:36,919 libworkflow INFO] Reading instructions step 3_emref
[2026-02-06 14:48:36,932 base_cns_module INFO] Running [topoaa] module
[2026-02-06 14:48:36,933 __init__ INFO] [topoaa] Molecule 1: receptor_single_refold_9O3D_Epi.pdb
[2026-02-06 14:48:36,934 __init__ INFO] [topoaa] Sanitizing molecule receptor_single_refold_9O3D_Epi.pdb
[2026-02-06 14:48:36,940 __init__ INFO] [topoaa] Topology CNS input created
[2026-02-06 14:48:36,940 __init__ INFO] [topoaa] Molecule 2: ligand_single_refold_9O3D_Epi.pdb
[2026-02-06 14:48:36,941 __init__ INFO] [topoaa] Sanitizing molecule ligand_single_refold_9O3D_Epi.pdb
[2026-02-06 14:48:36,947 __init__ INFO] [topoaa] Topology CNS input created
[2026-02-06 14:48:36,947 __init__ INFO] [topoaa] Running CNS Jobs n=2
[2026-02-06 14:48:36,947 libutil INFO] Selected 2 cores to process 2 jobs, with 32 maximum available cores.
[2026-02-06 14:48:36,948 libparallel INFO] Using 2 cores
[2026-02-06 14:48:37,972 libparallel INFO] 2 tasks finished
[2026-02-06 14:48:37,972 __init__ INFO] [topoaa] CNS jobs have finished
[2026-02-06 14:48:37,975 base_cns_module INFO] Module [topoaa] finished.
[2026-02-06 14:48:37,975 __init__ INFO] [topoaa] took 1 seconds
[2026-02-06 14:48:38,312 base_cns_module INFO] Running [rigidbody] module
[2026-02-06 14:48:38,313 __init__ INFO] [rigidbody] crossdock=true
[2026-02-06 14:48:38,313 __init__ INFO] [rigidbody] Preparing jobs...
[2026-02-06 14:48:38,314 libutil INFO] Selected 20 cores to process 20 jobs, with 32 maximum available cores.
[2026-02-06 14:48:38,314 libparallel INFO] Using 20 cores
[2026-02-06 14:48:38,340 libparallel INFO] 20 tasks finished
[2026-02-06 14:48:38,340 __init__ INFO] [rigidbody] Preparation took 0.027268 seconds
[2026-02-06 14:48:38,341 __init__ INFO] [rigidbody] Running CNS Jobs n=20
[2026-02-06 14:48:38,342 libutil INFO] Selected 20 cores to process 20 jobs, with 32 maximum available cores.
[2026-02-06 14:48:38,342 libparallel INFO] Using 20 cores
[2026-02-06 14:48:44,034 libparallel INFO] 20 tasks finished
[2026-02-06 14:48:44,034 __init__ INFO] [rigidbody] CNS jobs have finished
[2026-02-06 14:48:44,053 base_cns_module INFO] Module [rigidbody] finished.
[2026-02-06 14:48:44,053 __init__ INFO] [rigidbody] took 6 seconds
[2026-02-06 14:48:44,428 base_cns_module INFO] Running [flexref] module
[2026-02-06 14:48:44,469 __init__ INFO] [flexref] Running CNS Jobs n=20
[2026-02-06 14:48:44,469 libutil INFO] Selected 20 cores to process 20 jobs, with 32 maximum available cores.
[2026-02-06 14:48:44,469 libparallel INFO] Using 20 cores
[2026-02-06 14:49:23,073 libparallel INFO] 20 tasks finished
[2026-02-06 14:49:23,073 __init__ INFO] [flexref] CNS jobs have finished
[2026-02-06 14:49:23,093 base_cns_module INFO] Module [flexref] finished.
[2026-02-06 14:49:23,093 __init__ INFO] [flexref] took 39 seconds
[2026-02-06 14:49:23,436 base_cns_module INFO] Running [emref] module
[2026-02-06 14:49:23,476 __init__ INFO] [emref] Running CNS Jobs n=20
[2026-02-06 14:49:23,476 libutil INFO] Selected 20 cores to process 20 jobs, with 32 maximum available cores.
[2026-02-06 14:49:23,477 libparallel INFO] Using 20 cores
[2026-02-06 14:49:27,894 libparallel INFO] 20 tasks finished
[2026-02-06 14:49:27,894 __init__ INFO] [emref] CNS jobs have finished
[2026-02-06 14:49:27,917 base_cns_module INFO] Module [emref] finished.
[2026-02-06 14:49:27,917 __init__ INFO] [emref] took 4 seconds
[2026-02-06 14:49:27,917 cli_analyse INFO] Running haddock3-analyse on ./, modules [], with top_cluster = 10
[2026-02-06 14:49:27,924 cli_analyse INFO] Created directory: /mnt/Data/PopOS/Data_Ana/Wu/clawdPorjects/HADDOCK_test/results/run_refold_9O3D_Epi/analysis
[2026-02-06 14:49:27,924 cli_analyse INFO] Reading input run directory
[2026-02-06 14:49:27,924 cli_analyse INFO] selected steps: 0_topoaa, 1_rigidbody, 2_flexref, 3_emref
[2026-02-06 14:49:27,924 cli_analyse INFO] Analysing step 0_topoaa
[2026-02-06 14:49:27,925 cli_analyse WARNING] Could not execute the analysis for step 0_topoaa. The following error occurred 'dict' object has no attribute 'rel_path'
[2026-02-06 14:49:27,925 cli_analyse INFO] Analysing step 1_rigidbody
[2026-02-06 14:49:27,926 cli_unpack INFO] Unpacking '../1_rigidbody' folder
[2026-02-06 14:49:27,926 libtimer INFO] unpacking took 0 seconds
[2026-02-06 14:49:27,939 capri INFO] Found previous CNS step: 1_rigidbody
[2026-02-06 14:49:28,047 capri INFO] Saved scoring weights to: weights_params.json
[2026-02-06 14:49:28,048 __init__ INFO] [caprieval] No reference structure provided. Using the structure with the lowest score from previous step
[2026-02-06 14:49:28,101 libutil INFO] Selected 20 cores to process 20 jobs, with 32 maximum available cores.
[2026-02-06 14:49:28,102 libparallel INFO] Using 20 cores
[2026-02-06 14:49:28,376 libparallel INFO] 20 tasks finished
[2026-02-06 14:49:28,377 capri INFO] Rearranging cluster information into capri_clt.tsv
[2026-02-06 14:49:28,382 cli_clean INFO] Compressing '../1_rigidbody' folder
[2026-02-06 14:49:28,382 clean_steps INFO] Cleaning output for '../1_rigidbody' using 20 cores.
[2026-02-06 14:49:28,473 libtimer INFO] compressing took 0 seconds
[2026-02-06 14:49:28,474 cli_analyse INFO] CAPRI files identified
[2026-02-06 14:49:28,476 cli_analyse INFO] Plotting results..
[2026-02-06 14:49:29,513 cli_analyse INFO] Summary archive summary.tgz created!
[2026-02-06 14:49:29,513 cli_analyse INFO] Analysing step 2_flexref
[2026-02-06 14:49:29,515 cli_unpack INFO] Unpacking '../2_flexref' folder
[2026-02-06 14:49:29,516 libtimer INFO] unpacking took 0 seconds
[2026-02-06 14:49:29,529 capri INFO] Found previous CNS step: 2_flexref
[2026-02-06 14:49:29,766 capri INFO] Saved scoring weights to: weights_params.json
[2026-02-06 14:49:29,766 __init__ INFO] [caprieval] No reference structure provided. Using the structure with the lowest score from previous step
[2026-02-06 14:49:29,822 libutil INFO] Selected 20 cores to process 20 jobs, with 32 maximum available cores.
[2026-02-06 14:49:29,822 libparallel INFO] Using 20 cores
[2026-02-06 14:49:30,059 libparallel INFO] 20 tasks finished
[2026-02-06 14:49:30,059 capri INFO] Rearranging cluster information into capri_clt.tsv
[2026-02-06 14:49:30,064 cli_clean INFO] Compressing '../2_flexref' folder
[2026-02-06 14:49:30,064 clean_steps INFO] Cleaning output for '../2_flexref' using 20 cores.
[2026-02-06 14:49:30,157 libtimer INFO] compressing took 0 seconds
[2026-02-06 14:49:30,157 cli_analyse INFO] CAPRI files identified
[2026-02-06 14:49:30,159 cli_analyse INFO] Plotting results..
[2026-02-06 14:49:31,072 cli_analyse INFO] Summary archive summary.tgz created!
[2026-02-06 14:49:31,072 cli_analyse INFO] Analysing step 3_emref
[2026-02-06 14:49:31,074 cli_unpack INFO] Unpacking '../3_emref' folder
[2026-02-06 14:49:31,075 libtimer INFO] unpacking took 0 seconds
[2026-02-06 14:49:31,088 capri INFO] Found previous CNS step: 3_emref
[2026-02-06 14:49:31,190 capri INFO] Saved scoring weights to: weights_params.json
[2026-02-06 14:49:31,190 __init__ INFO] [caprieval] No reference structure provided. Using the structure with the lowest score from previous step
[2026-02-06 14:49:31,246 libutil INFO] Selected 20 cores to process 20 jobs, with 32 maximum available cores.
[2026-02-06 14:49:31,246 libparallel INFO] Using 20 cores
[2026-02-06 14:49:31,489 libparallel INFO] 20 tasks finished
[2026-02-06 14:49:31,490 capri INFO] Rearranging cluster information into capri_clt.tsv
[2026-02-06 14:49:31,498 cli_clean INFO] Compressing '../3_emref' folder
[2026-02-06 14:49:31,498 clean_steps INFO] Cleaning output for '../3_emref' using 20 cores.
[2026-02-06 14:49:31,597 libtimer INFO] compressing took 0 seconds
[2026-02-06 14:49:31,597 cli_analyse INFO] CAPRI files identified
[2026-02-06 14:49:31,600 cli_analyse INFO] Plotting results..
[2026-02-06 14:49:32,516 cli_analyse INFO] Summary archive summary.tgz created!
[2026-02-06 14:49:32,516 cli_analyse INFO] moving files to analysis folder
[2026-02-06 14:49:32,516 cli_analyse INFO] cancelling unsuccesful analysis folders
[2026-02-06 14:49:32,516 cli_analyse INFO] updating paths in analysis/1_rigidbody_analysis/capri_ss.tsv
[2026-02-06 14:49:32,517 cli_analyse INFO] View the results in analysis/1_rigidbody_analysis/report.html
[2026-02-06 14:49:32,517 cli_analyse INFO] To view structures or download the structure files, in a terminal run the command `python -m http.server --directory /mnt/Data/PopOS/Data_Ana/Wu/clawdPorjects/HADDOCK_test/results/run_refold_9O3D_Epi`. By default, http server runs on `http://0.0.0.0:8000/`. Open the link http://0.0.0.0:8000/analysis/1_rigidbody_analysis/report.html in a web browser.
[2026-02-06 14:49:32,517 cli_analyse INFO] updating paths in analysis/2_flexref_analysis/capri_ss.tsv
[2026-02-06 14:49:32,517 cli_analyse INFO] View the results in analysis/2_flexref_analysis/report.html
[2026-02-06 14:49:32,517 cli_analyse INFO] To view structures or download the structure files, in a terminal run the command `python -m http.server --directory /mnt/Data/PopOS/Data_Ana/Wu/clawdPorjects/HADDOCK_test/results/run_refold_9O3D_Epi`. By default, http server runs on `http://0.0.0.0:8000/`. Open the link http://0.0.0.0:8000/analysis/2_flexref_analysis/report.html in a web browser.
[2026-02-06 14:49:32,517 cli_analyse INFO] updating paths in analysis/3_emref_analysis/capri_ss.tsv
[2026-02-06 14:49:32,517 cli_analyse INFO] View the results in analysis/3_emref_analysis/report.html
[2026-02-06 14:49:32,517 cli_analyse INFO] To view structures or download the structure files, in a terminal run the command `python -m http.server --directory /mnt/Data/PopOS/Data_Ana/Wu/clawdPorjects/HADDOCK_test/results/run_refold_9O3D_Epi`. By default, http server runs on `http://0.0.0.0:8000/`. Open the link http://0.0.0.0:8000/analysis/3_emref_analysis/report.html in a web browser.
[2026-02-06 14:49:32,517 cli_traceback INFO] Running haddock3-traceback on ./
[2026-02-06 14:49:32,517 cli_traceback INFO] Reading input run directory
[2026-02-06 14:49:32,517 cli_traceback INFO] All_steps: 0_topoaa, 1_rigidbody, 2_flexref, 3_emref
[2026-02-06 14:49:32,518 cli_traceback INFO] Modules not to be analysed: 0_topoaa
[2026-02-06 14:49:32,518 cli_traceback INFO] Steps to trace back: 1_rigidbody, 2_flexref, 3_emref
[2026-02-06 14:49:32,518 cli_traceback INFO] Created directory: /mnt/Data/PopOS/Data_Ana/Wu/clawdPorjects/HADDOCK_test/results/run_refold_9O3D_Epi/traceback
[2026-02-06 14:49:32,518 cli_traceback INFO] Tracing back step 3_emref
[2026-02-06 14:49:32,520 cli_traceback INFO] Tracing back step 2_flexref
[2026-02-06 14:49:32,522 cli_traceback INFO] Tracing back step 1_rigidbody
[2026-02-06 14:49:32,526 cli_traceback INFO] Output dataframe traceback/traceback.tsv created with shape (20, 8)
[2026-02-06 14:49:32,553 clean_steps INFO] Cleaning output for '0_topoaa' using 20 cores.
[2026-02-06 14:49:32,662 libtimer INFO] cleaning output files took 0 seconds
[2026-02-06 14:49:32,662 clean_steps INFO] Cleaning output for '1_rigidbody' using 20 cores.
[2026-02-06 14:49:32,673 libtimer INFO] cleaning output files took 0 seconds
[2026-02-06 14:49:32,673 clean_steps INFO] Cleaning output for '2_flexref' using 20 cores.
[2026-02-06 14:49:32,681 libtimer INFO] cleaning output files took 0 seconds
[2026-02-06 14:49:32,682 clean_steps INFO] Cleaning output for '3_emref' using 20 cores.
[2026-02-06 14:49:32,690 libtimer INFO] cleaning output files took 0 seconds
[2026-02-06 14:49:32,690 cli INFO] This HADDOCK3 run took: 59 seconds
[2026-02-06 14:49:32,690 greetings INFO] Your feedback matters in Haddock3! Share your experience and help us grow:
[2026-02-06 14:49:32,690 greetings INFO] GitHub issues: https://github.com/haddocking/haddock3/issues
[2026-02-06 14:49:32,690 greetings INFO] BioExcel feedback: https://www.bonvinlab.org/feedback
[2026-02-06 14:49:32,690 greetings INFO] BioExcel forum: https://ask.bioexcel.eu/c/haddock/6
[2026-02-06 14:49:32,690 cli INFO] Finished at 06/02/2026 14:49:32. La revedere! Até logo! Dovidenia!
