[2026-02-06 10:54:10,983 cli INFO] 
##############################################
#                                            #
#                 HADDOCK3                   #
#                                            #
##############################################

!! Some of the HADDOCK3 components use CNS (Crystallographic and NMR System) which is free of use for non-profit applications. !!
!! For commercial use it is your own responsibility to have a proper license. !!
!! For details refer to the DISCLAIMER file in the HADDOCK3 repository. !!

Starting HADDOCK3 v2024.10.0b7 on 2026-02-06 10:54:00

Python 3.10.12 (main, Feb  4 2025, 14:57:36) [GCC 11.4.0]

[2026-02-06 10:54:14,632 libworkflow INFO] Reading instructions step 0_topoaa
[2026-02-06 10:54:14,632 libworkflow INFO] Reading instructions step 1_rigidbody
[2026-02-06 10:54:14,633 libworkflow INFO] Reading instructions step 2_flexref
[2026-02-06 10:54:14,633 libworkflow INFO] Reading instructions step 3_emref
[2026-02-06 10:54:14,647 base_cns_module INFO] Running [topoaa] module
[2026-02-06 10:54:14,647 __init__ INFO] [topoaa] Molecule 1: receptor_single_refold_9BLL_Epi.pdb
[2026-02-06 10:54:14,648 __init__ INFO] [topoaa] Sanitizing molecule receptor_single_refold_9BLL_Epi.pdb
[2026-02-06 10:54:14,651 __init__ INFO] [topoaa] Topology CNS input created
[2026-02-06 10:54:14,651 __init__ INFO] [topoaa] Molecule 2: ligand_single_refold_9BLL_Epi.pdb
[2026-02-06 10:54:14,652 __init__ INFO] [topoaa] Sanitizing molecule ligand_single_refold_9BLL_Epi.pdb
[2026-02-06 10:54:14,655 __init__ INFO] [topoaa] Topology CNS input created
[2026-02-06 10:54:14,655 __init__ INFO] [topoaa] Running CNS Jobs n=2
[2026-02-06 10:54:14,655 libutil INFO] Selected 2 cores to process 2 jobs, with 32 maximum available cores.
[2026-02-06 10:54:14,656 libparallel INFO] Using 2 cores
[2026-02-06 10:54:15,554 libparallel INFO] 2 tasks finished
[2026-02-06 10:54:15,554 __init__ INFO] [topoaa] CNS jobs have finished
[2026-02-06 10:54:15,556 base_cns_module INFO] Module [topoaa] finished.
[2026-02-06 10:54:15,556 __init__ INFO] [topoaa] took 1 seconds
[2026-02-06 10:54:15,886 base_cns_module INFO] Running [rigidbody] module
[2026-02-06 10:54:15,887 __init__ INFO] [rigidbody] crossdock=true
[2026-02-06 10:54:15,887 __init__ INFO] [rigidbody] Preparing jobs...
[2026-02-06 10:54:15,888 libutil INFO] Selected 20 cores to process 20 jobs, with 32 maximum available cores.
[2026-02-06 10:54:15,888 libparallel INFO] Using 20 cores
[2026-02-06 10:54:15,913 libparallel INFO] 20 tasks finished
[2026-02-06 10:54:15,914 __init__ INFO] [rigidbody] Preparation took 0.026698 seconds
[2026-02-06 10:54:15,915 __init__ INFO] [rigidbody] Running CNS Jobs n=20
[2026-02-06 10:54:15,915 libutil INFO] Selected 20 cores to process 20 jobs, with 32 maximum available cores.
[2026-02-06 10:54:15,916 libparallel INFO] Using 20 cores
[2026-02-06 10:54:21,659 libparallel INFO] 20 tasks finished
[2026-02-06 10:54:21,659 __init__ INFO] [rigidbody] CNS jobs have finished
[2026-02-06 10:54:21,682 base_cns_module INFO] Module [rigidbody] finished.
[2026-02-06 10:54:21,682 __init__ INFO] [rigidbody] took 6 seconds
[2026-02-06 10:54:22,052 base_cns_module INFO] Running [flexref] module
[2026-02-06 10:54:22,092 __init__ INFO] [flexref] Running CNS Jobs n=20
[2026-02-06 10:54:22,092 libutil INFO] Selected 20 cores to process 20 jobs, with 32 maximum available cores.
[2026-02-06 10:54:22,092 libparallel INFO] Using 20 cores
[2026-02-06 10:55:12,583 libparallel INFO] 20 tasks finished
[2026-02-06 10:55:12,583 __init__ INFO] [flexref] CNS jobs have finished
[2026-02-06 10:55:12,620 base_cns_module INFO] Module [flexref] finished.
[2026-02-06 10:55:12,621 __init__ INFO] [flexref] took 51 seconds
[2026-02-06 10:55:12,961 base_cns_module INFO] Running [emref] module
[2026-02-06 10:55:12,999 __init__ INFO] [emref] Running CNS Jobs n=20
[2026-02-06 10:55:12,999 libutil INFO] Selected 20 cores to process 20 jobs, with 32 maximum available cores.
[2026-02-06 10:55:12,999 libparallel INFO] Using 20 cores
[2026-02-06 10:55:17,215 libparallel INFO] 20 tasks finished
[2026-02-06 10:55:17,216 __init__ INFO] [emref] CNS jobs have finished
[2026-02-06 10:55:17,242 base_cns_module INFO] Module [emref] finished.
[2026-02-06 10:55:17,242 __init__ INFO] [emref] took 4 seconds
[2026-02-06 10:55:17,242 cli_analyse INFO] Running haddock3-analyse on ./, modules [], with top_cluster = 10
[2026-02-06 10:55:17,248 cli_analyse INFO] Created directory: /mnt/Data/PopOS/Data_Ana/Wu/clawdPorjects/HADDOCK_test/results/run_refold_9BLL_Epi/analysis
[2026-02-06 10:55:17,248 cli_analyse INFO] Reading input run directory
[2026-02-06 10:55:17,249 cli_analyse INFO] selected steps: 0_topoaa, 1_rigidbody, 2_flexref, 3_emref
[2026-02-06 10:55:17,249 cli_analyse INFO] Analysing step 0_topoaa
[2026-02-06 10:55:17,249 cli_analyse WARNING] Could not execute the analysis for step 0_topoaa. The following error occurred 'dict' object has no attribute 'rel_path'
[2026-02-06 10:55:17,249 cli_analyse INFO] Analysing step 1_rigidbody
[2026-02-06 10:55:17,251 cli_unpack INFO] Unpacking '../1_rigidbody' folder
[2026-02-06 10:55:17,251 libtimer INFO] unpacking took 0 seconds
[2026-02-06 10:55:17,264 capri INFO] Found previous CNS step: 1_rigidbody
[2026-02-06 10:55:17,373 capri INFO] Saved scoring weights to: weights_params.json
[2026-02-06 10:55:17,373 __init__ INFO] [caprieval] No reference structure provided. Using the structure with the lowest score from previous step
[2026-02-06 10:55:17,425 libutil INFO] Selected 20 cores to process 20 jobs, with 32 maximum available cores.
[2026-02-06 10:55:17,425 libparallel INFO] Using 20 cores
[2026-02-06 10:55:17,625 libparallel INFO] 20 tasks finished
[2026-02-06 10:55:17,626 capri INFO] Rearranging cluster information into capri_clt.tsv
[2026-02-06 10:55:17,632 cli_clean INFO] Compressing '../1_rigidbody' folder
[2026-02-06 10:55:17,632 clean_steps INFO] Cleaning output for '../1_rigidbody' using 20 cores.
[2026-02-06 10:55:17,719 libtimer INFO] compressing took 0 seconds
[2026-02-06 10:55:17,719 cli_analyse INFO] CAPRI files identified
[2026-02-06 10:55:17,721 cli_analyse INFO] Plotting results..
[2026-02-06 10:55:18,715 cli_analyse INFO] Summary archive summary.tgz created!
[2026-02-06 10:55:18,715 cli_analyse INFO] Analysing step 2_flexref
[2026-02-06 10:55:18,717 cli_unpack INFO] Unpacking '../2_flexref' folder
[2026-02-06 10:55:18,718 libtimer INFO] unpacking took 0 seconds
[2026-02-06 10:55:18,731 capri INFO] Found previous CNS step: 2_flexref
[2026-02-06 10:55:18,968 capri INFO] Saved scoring weights to: weights_params.json
[2026-02-06 10:55:18,968 __init__ INFO] [caprieval] No reference structure provided. Using the structure with the lowest score from previous step
[2026-02-06 10:55:19,021 libutil INFO] Selected 20 cores to process 20 jobs, with 32 maximum available cores.
[2026-02-06 10:55:19,022 libparallel INFO] Using 20 cores
[2026-02-06 10:55:19,231 libparallel INFO] 20 tasks finished
[2026-02-06 10:55:19,232 capri INFO] Rearranging cluster information into capri_clt.tsv
[2026-02-06 10:55:19,238 cli_clean INFO] Compressing '../2_flexref' folder
[2026-02-06 10:55:19,238 clean_steps INFO] Cleaning output for '../2_flexref' using 20 cores.
[2026-02-06 10:55:19,328 libtimer INFO] compressing took 0 seconds
[2026-02-06 10:55:19,328 cli_analyse INFO] CAPRI files identified
[2026-02-06 10:55:19,330 cli_analyse INFO] Plotting results..
[2026-02-06 10:55:20,257 cli_analyse INFO] Summary archive summary.tgz created!
[2026-02-06 10:55:20,258 cli_analyse INFO] Analysing step 3_emref
[2026-02-06 10:55:20,260 cli_unpack INFO] Unpacking '../3_emref' folder
[2026-02-06 10:55:20,260 libtimer INFO] unpacking took 0 seconds
[2026-02-06 10:55:20,273 capri INFO] Found previous CNS step: 3_emref
[2026-02-06 10:55:20,374 capri INFO] Saved scoring weights to: weights_params.json
[2026-02-06 10:55:20,374 __init__ INFO] [caprieval] No reference structure provided. Using the structure with the lowest score from previous step
[2026-02-06 10:55:20,426 libutil INFO] Selected 20 cores to process 20 jobs, with 32 maximum available cores.
[2026-02-06 10:55:20,426 libparallel INFO] Using 20 cores
[2026-02-06 10:55:20,637 libparallel INFO] 20 tasks finished
[2026-02-06 10:55:20,638 capri INFO] Rearranging cluster information into capri_clt.tsv
[2026-02-06 10:55:20,645 cli_clean INFO] Compressing '../3_emref' folder
[2026-02-06 10:55:20,645 clean_steps INFO] Cleaning output for '../3_emref' using 20 cores.
[2026-02-06 10:55:20,738 libtimer INFO] compressing took 0 seconds
[2026-02-06 10:55:20,738 cli_analyse INFO] CAPRI files identified
[2026-02-06 10:55:20,740 cli_analyse INFO] Plotting results..
[2026-02-06 10:55:21,627 cli_analyse INFO] Summary archive summary.tgz created!
[2026-02-06 10:55:21,627 cli_analyse INFO] moving files to analysis folder
[2026-02-06 10:55:21,627 cli_analyse INFO] cancelling unsuccesful analysis folders
[2026-02-06 10:55:21,627 cli_analyse INFO] updating paths in analysis/1_rigidbody_analysis/capri_ss.tsv
[2026-02-06 10:55:21,627 cli_analyse INFO] View the results in analysis/1_rigidbody_analysis/report.html
[2026-02-06 10:55:21,627 cli_analyse INFO] To view structures or download the structure files, in a terminal run the command `python -m http.server --directory /mnt/Data/PopOS/Data_Ana/Wu/clawdPorjects/HADDOCK_test/results/run_refold_9BLL_Epi`. By default, http server runs on `http://0.0.0.0:8000/`. Open the link http://0.0.0.0:8000/analysis/1_rigidbody_analysis/report.html in a web browser.
[2026-02-06 10:55:21,627 cli_analyse INFO] updating paths in analysis/2_flexref_analysis/capri_ss.tsv
[2026-02-06 10:55:21,627 cli_analyse INFO] View the results in analysis/2_flexref_analysis/report.html
[2026-02-06 10:55:21,627 cli_analyse INFO] To view structures or download the structure files, in a terminal run the command `python -m http.server --directory /mnt/Data/PopOS/Data_Ana/Wu/clawdPorjects/HADDOCK_test/results/run_refold_9BLL_Epi`. By default, http server runs on `http://0.0.0.0:8000/`. Open the link http://0.0.0.0:8000/analysis/2_flexref_analysis/report.html in a web browser.
[2026-02-06 10:55:21,627 cli_analyse INFO] updating paths in analysis/3_emref_analysis/capri_ss.tsv
[2026-02-06 10:55:21,628 cli_analyse INFO] View the results in analysis/3_emref_analysis/report.html
[2026-02-06 10:55:21,628 cli_analyse INFO] To view structures or download the structure files, in a terminal run the command `python -m http.server --directory /mnt/Data/PopOS/Data_Ana/Wu/clawdPorjects/HADDOCK_test/results/run_refold_9BLL_Epi`. By default, http server runs on `http://0.0.0.0:8000/`. Open the link http://0.0.0.0:8000/analysis/3_emref_analysis/report.html in a web browser.
[2026-02-06 10:55:21,628 cli_traceback INFO] Running haddock3-traceback on ./
[2026-02-06 10:55:21,628 cli_traceback INFO] Reading input run directory
[2026-02-06 10:55:21,628 cli_traceback INFO] All_steps: 0_topoaa, 1_rigidbody, 2_flexref, 3_emref
[2026-02-06 10:55:21,628 cli_traceback INFO] Modules not to be analysed: 0_topoaa
[2026-02-06 10:55:21,628 cli_traceback INFO] Steps to trace back: 1_rigidbody, 2_flexref, 3_emref
[2026-02-06 10:55:21,628 cli_traceback INFO] Created directory: /mnt/Data/PopOS/Data_Ana/Wu/clawdPorjects/HADDOCK_test/results/run_refold_9BLL_Epi/traceback
[2026-02-06 10:55:21,628 cli_traceback INFO] Tracing back step 3_emref
[2026-02-06 10:55:21,630 cli_traceback INFO] Tracing back step 2_flexref
[2026-02-06 10:55:21,632 cli_traceback INFO] Tracing back step 1_rigidbody
[2026-02-06 10:55:21,636 cli_traceback INFO] Output dataframe traceback/traceback.tsv created with shape (20, 8)
[2026-02-06 10:55:21,668 clean_steps INFO] Cleaning output for '0_topoaa' using 20 cores.
[2026-02-06 10:55:21,764 libtimer INFO] cleaning output files took 0 seconds
[2026-02-06 10:55:21,764 clean_steps INFO] Cleaning output for '1_rigidbody' using 20 cores.
[2026-02-06 10:55:21,772 libtimer INFO] cleaning output files took 0 seconds
[2026-02-06 10:55:21,772 clean_steps INFO] Cleaning output for '2_flexref' using 20 cores.
[2026-02-06 10:55:21,779 libtimer INFO] cleaning output files took 0 seconds
[2026-02-06 10:55:21,780 clean_steps INFO] Cleaning output for '3_emref' using 20 cores.
[2026-02-06 10:55:21,787 libtimer INFO] cleaning output files took 0 seconds
[2026-02-06 10:55:21,787 cli INFO] This HADDOCK3 run took: 1 minute and 11 seconds
[2026-02-06 10:55:21,787 greetings INFO] Your feedback matters in Haddock3! Share your experience and help us grow:
[2026-02-06 10:55:21,788 greetings INFO] GitHub issues: https://github.com/haddocking/haddock3/issues
[2026-02-06 10:55:21,788 greetings INFO] BioExcel feedback: https://www.bonvinlab.org/feedback
[2026-02-06 10:55:21,788 greetings INFO] BioExcel forum: https://ask.bioexcel.eu/c/haddock/6
[2026-02-06 10:55:21,788 cli INFO] Finished at 06/02/2026 10:55:21. Agur! Au revoir! Adiós!
