[2026-02-06 05:06:44,915 cli INFO] 
##############################################
#                                            #
#                 HADDOCK3                   #
#                                            #
##############################################

!! Some of the HADDOCK3 components use CNS (Crystallographic and NMR System) which is free of use for non-profit applications. !!
!! For commercial use it is your own responsibility to have a proper license. !!
!! For details refer to the DISCLAIMER file in the HADDOCK3 repository. !!

Starting HADDOCK3 v2024.10.0b7 on 2026-02-06 05:06:00

Python 3.10.12 (main, Feb  4 2025, 14:57:36) [GCC 11.4.0]

[2026-02-06 05:06:48,655 libworkflow INFO] Reading instructions step 0_topoaa
[2026-02-06 05:06:48,655 libworkflow INFO] Reading instructions step 1_rigidbody
[2026-02-06 05:06:48,655 libworkflow INFO] Reading instructions step 2_flexref
[2026-02-06 05:06:48,656 libworkflow INFO] Reading instructions step 3_emref
[2026-02-06 05:06:48,670 base_cns_module INFO] Running [topoaa] module
[2026-02-06 05:06:48,670 __init__ INFO] [topoaa] Molecule 1: receptor_single_refold_15-5_Epi.pdb
[2026-02-06 05:06:48,672 __init__ INFO] [topoaa] Sanitizing molecule receptor_single_refold_15-5_Epi.pdb
[2026-02-06 05:06:48,679 __init__ INFO] [topoaa] Topology CNS input created
[2026-02-06 05:06:48,679 __init__ INFO] [topoaa] Molecule 2: ligand_single_refold_15-5_Epi.pdb
[2026-02-06 05:06:48,679 __init__ INFO] [topoaa] Sanitizing molecule ligand_single_refold_15-5_Epi.pdb
[2026-02-06 05:06:48,683 __init__ INFO] [topoaa] Topology CNS input created
[2026-02-06 05:06:48,683 __init__ INFO] [topoaa] Running CNS Jobs n=2
[2026-02-06 05:06:48,683 libutil INFO] Selected 2 cores to process 2 jobs, with 32 maximum available cores.
[2026-02-06 05:06:48,684 libparallel INFO] Using 2 cores
[2026-02-06 05:06:51,906 libparallel INFO] 2 tasks finished
[2026-02-06 05:06:51,907 __init__ INFO] [topoaa] CNS jobs have finished
[2026-02-06 05:06:51,908 base_cns_module INFO] Module [topoaa] finished.
[2026-02-06 05:06:51,908 __init__ INFO] [topoaa] took 3 seconds
[2026-02-06 05:06:52,251 base_cns_module INFO] Running [rigidbody] module
[2026-02-06 05:06:52,251 __init__ INFO] [rigidbody] crossdock=true
[2026-02-06 05:06:52,251 __init__ INFO] [rigidbody] Preparing jobs...
[2026-02-06 05:06:52,253 libutil INFO] Selected 20 cores to process 20 jobs, with 32 maximum available cores.
[2026-02-06 05:06:52,253 libparallel INFO] Using 20 cores
[2026-02-06 05:06:52,280 libparallel INFO] 20 tasks finished
[2026-02-06 05:06:52,280 __init__ INFO] [rigidbody] Preparation took 0.029039 seconds
[2026-02-06 05:06:52,281 __init__ INFO] [rigidbody] Running CNS Jobs n=20
[2026-02-06 05:06:52,281 libutil INFO] Selected 20 cores to process 20 jobs, with 32 maximum available cores.
[2026-02-06 05:06:52,281 libparallel INFO] Using 20 cores
[2026-02-06 05:07:02,787 libparallel INFO] 20 tasks finished
[2026-02-06 05:07:02,787 __init__ INFO] [rigidbody] CNS jobs have finished
[2026-02-06 05:07:02,816 base_cns_module INFO] Module [rigidbody] finished.
[2026-02-06 05:07:02,816 __init__ INFO] [rigidbody] took 11 seconds
[2026-02-06 05:07:03,208 base_cns_module INFO] Running [flexref] module
[2026-02-06 05:07:03,265 __init__ INFO] [flexref] Running CNS Jobs n=20
[2026-02-06 05:07:03,265 libutil INFO] Selected 20 cores to process 20 jobs, with 32 maximum available cores.
[2026-02-06 05:07:03,266 libparallel INFO] Using 20 cores
[2026-02-06 05:08:34,841 libparallel INFO] 20 tasks finished
[2026-02-06 05:08:34,842 __init__ INFO] [flexref] CNS jobs have finished
[2026-02-06 05:08:34,876 base_cns_module INFO] Module [flexref] finished.
[2026-02-06 05:08:34,876 __init__ INFO] [flexref] took 1 minute and 32 seconds
[2026-02-06 05:08:35,219 base_cns_module INFO] Running [emref] module
[2026-02-06 05:08:35,274 __init__ INFO] [emref] Running CNS Jobs n=20
[2026-02-06 05:08:35,274 libutil INFO] Selected 20 cores to process 20 jobs, with 32 maximum available cores.
[2026-02-06 05:08:35,274 libparallel INFO] Using 20 cores
[2026-02-06 05:08:42,458 libparallel INFO] 20 tasks finished
[2026-02-06 05:08:42,458 __init__ INFO] [emref] CNS jobs have finished
[2026-02-06 05:08:42,486 base_cns_module INFO] Module [emref] finished.
[2026-02-06 05:08:42,487 __init__ INFO] [emref] took 7 seconds
[2026-02-06 05:08:42,487 cli_analyse INFO] Running haddock3-analyse on ./, modules [], with top_cluster = 10
[2026-02-06 05:08:42,493 cli_analyse INFO] Created directory: /mnt/Data/PopOS/Data_Ana/Wu/clawdPorjects/HADDOCK_test/results/run_refold_15-5_Epi/analysis
[2026-02-06 05:08:42,493 cli_analyse INFO] Reading input run directory
[2026-02-06 05:08:42,493 cli_analyse INFO] selected steps: 0_topoaa, 1_rigidbody, 2_flexref, 3_emref
[2026-02-06 05:08:42,494 cli_analyse INFO] Analysing step 0_topoaa
[2026-02-06 05:08:42,494 cli_analyse WARNING] Could not execute the analysis for step 0_topoaa. The following error occurred 'dict' object has no attribute 'rel_path'
[2026-02-06 05:08:42,494 cli_analyse INFO] Analysing step 1_rigidbody
[2026-02-06 05:08:42,495 cli_unpack INFO] Unpacking '../1_rigidbody' folder
[2026-02-06 05:08:42,496 libtimer INFO] unpacking took 0 seconds
[2026-02-06 05:08:42,509 capri INFO] Found previous CNS step: 1_rigidbody
[2026-02-06 05:08:42,618 capri INFO] Saved scoring weights to: weights_params.json
[2026-02-06 05:08:42,618 __init__ INFO] [caprieval] No reference structure provided. Using the structure with the lowest score from previous step
[2026-02-06 05:08:42,702 libutil INFO] Selected 20 cores to process 20 jobs, with 32 maximum available cores.
[2026-02-06 05:08:42,702 libparallel INFO] Using 20 cores
[2026-02-06 05:08:43,203 libparallel INFO] 20 tasks finished
[2026-02-06 05:08:43,204 capri INFO] Rearranging cluster information into capri_clt.tsv
[2026-02-06 05:08:43,209 cli_clean INFO] Compressing '../1_rigidbody' folder
[2026-02-06 05:08:43,209 clean_steps INFO] Cleaning output for '../1_rigidbody' using 20 cores.
[2026-02-06 05:08:43,387 libtimer INFO] compressing took 0 seconds
[2026-02-06 05:08:43,387 cli_analyse INFO] CAPRI files identified
[2026-02-06 05:08:43,389 cli_analyse INFO] Plotting results..
[2026-02-06 05:08:44,598 cli_analyse INFO] Summary archive summary.tgz created!
[2026-02-06 05:08:44,598 cli_analyse INFO] Analysing step 2_flexref
[2026-02-06 05:08:44,600 cli_unpack INFO] Unpacking '../2_flexref' folder
[2026-02-06 05:08:44,601 libtimer INFO] unpacking took 0 seconds
[2026-02-06 05:08:44,614 capri INFO] Found previous CNS step: 2_flexref
[2026-02-06 05:08:44,852 capri INFO] Saved scoring weights to: weights_params.json
[2026-02-06 05:08:44,852 __init__ INFO] [caprieval] No reference structure provided. Using the structure with the lowest score from previous step
[2026-02-06 05:08:44,936 libutil INFO] Selected 20 cores to process 20 jobs, with 32 maximum available cores.
[2026-02-06 05:08:44,936 libparallel INFO] Using 20 cores
[2026-02-06 05:08:45,333 libparallel INFO] 20 tasks finished
[2026-02-06 05:08:45,334 capri INFO] Rearranging cluster information into capri_clt.tsv
[2026-02-06 05:08:45,342 cli_clean INFO] Compressing '../2_flexref' folder
[2026-02-06 05:08:45,342 clean_steps INFO] Cleaning output for '../2_flexref' using 20 cores.
[2026-02-06 05:08:45,471 libtimer INFO] compressing took 0 seconds
[2026-02-06 05:08:45,471 cli_analyse INFO] CAPRI files identified
[2026-02-06 05:08:45,472 cli_analyse INFO] Plotting results..
[2026-02-06 05:08:46,570 cli_analyse INFO] Summary archive summary.tgz created!
[2026-02-06 05:08:46,570 cli_analyse INFO] Analysing step 3_emref
[2026-02-06 05:08:46,572 cli_unpack INFO] Unpacking '../3_emref' folder
[2026-02-06 05:08:46,572 libtimer INFO] unpacking took 0 seconds
[2026-02-06 05:08:46,586 capri INFO] Found previous CNS step: 3_emref
[2026-02-06 05:08:46,687 capri INFO] Saved scoring weights to: weights_params.json
[2026-02-06 05:08:46,687 __init__ INFO] [caprieval] No reference structure provided. Using the structure with the lowest score from previous step
[2026-02-06 05:08:46,773 libutil INFO] Selected 20 cores to process 20 jobs, with 32 maximum available cores.
[2026-02-06 05:08:46,773 libparallel INFO] Using 20 cores
[2026-02-06 05:08:47,212 libparallel INFO] 20 tasks finished
[2026-02-06 05:08:47,213 capri INFO] Rearranging cluster information into capri_clt.tsv
[2026-02-06 05:08:47,217 cli_clean INFO] Compressing '../3_emref' folder
[2026-02-06 05:08:47,217 clean_steps INFO] Cleaning output for '../3_emref' using 20 cores.
[2026-02-06 05:08:47,338 libtimer INFO] compressing took 0 seconds
[2026-02-06 05:08:47,338 cli_analyse INFO] CAPRI files identified
[2026-02-06 05:08:47,340 cli_analyse INFO] Plotting results..
[2026-02-06 05:08:48,440 cli_analyse INFO] Summary archive summary.tgz created!
[2026-02-06 05:08:48,440 cli_analyse INFO] moving files to analysis folder
[2026-02-06 05:08:48,440 cli_analyse INFO] cancelling unsuccesful analysis folders
[2026-02-06 05:08:48,440 cli_analyse INFO] updating paths in analysis/1_rigidbody_analysis/capri_ss.tsv
[2026-02-06 05:08:48,441 cli_analyse INFO] View the results in analysis/1_rigidbody_analysis/report.html
[2026-02-06 05:08:48,441 cli_analyse INFO] To view structures or download the structure files, in a terminal run the command `python -m http.server --directory /mnt/Data/PopOS/Data_Ana/Wu/clawdPorjects/HADDOCK_test/results/run_refold_15-5_Epi`. By default, http server runs on `http://0.0.0.0:8000/`. Open the link http://0.0.0.0:8000/analysis/1_rigidbody_analysis/report.html in a web browser.
[2026-02-06 05:08:48,441 cli_analyse INFO] updating paths in analysis/2_flexref_analysis/capri_ss.tsv
[2026-02-06 05:08:48,441 cli_analyse INFO] View the results in analysis/2_flexref_analysis/report.html
[2026-02-06 05:08:48,441 cli_analyse INFO] To view structures or download the structure files, in a terminal run the command `python -m http.server --directory /mnt/Data/PopOS/Data_Ana/Wu/clawdPorjects/HADDOCK_test/results/run_refold_15-5_Epi`. By default, http server runs on `http://0.0.0.0:8000/`. Open the link http://0.0.0.0:8000/analysis/2_flexref_analysis/report.html in a web browser.
[2026-02-06 05:08:48,441 cli_analyse INFO] updating paths in analysis/3_emref_analysis/capri_ss.tsv
[2026-02-06 05:08:48,441 cli_analyse INFO] View the results in analysis/3_emref_analysis/report.html
[2026-02-06 05:08:48,441 cli_analyse INFO] To view structures or download the structure files, in a terminal run the command `python -m http.server --directory /mnt/Data/PopOS/Data_Ana/Wu/clawdPorjects/HADDOCK_test/results/run_refold_15-5_Epi`. By default, http server runs on `http://0.0.0.0:8000/`. Open the link http://0.0.0.0:8000/analysis/3_emref_analysis/report.html in a web browser.
[2026-02-06 05:08:48,441 cli_traceback INFO] Running haddock3-traceback on ./
[2026-02-06 05:08:48,441 cli_traceback INFO] Reading input run directory
[2026-02-06 05:08:48,441 cli_traceback INFO] All_steps: 0_topoaa, 1_rigidbody, 2_flexref, 3_emref
[2026-02-06 05:08:48,442 cli_traceback INFO] Modules not to be analysed: 0_topoaa
[2026-02-06 05:08:48,442 cli_traceback INFO] Steps to trace back: 1_rigidbody, 2_flexref, 3_emref
[2026-02-06 05:08:48,442 cli_traceback INFO] Created directory: /mnt/Data/PopOS/Data_Ana/Wu/clawdPorjects/HADDOCK_test/results/run_refold_15-5_Epi/traceback
[2026-02-06 05:08:48,442 cli_traceback INFO] Tracing back step 3_emref
[2026-02-06 05:08:48,444 cli_traceback INFO] Tracing back step 2_flexref
[2026-02-06 05:08:48,446 cli_traceback INFO] Tracing back step 1_rigidbody
[2026-02-06 05:08:48,450 cli_traceback INFO] Output dataframe traceback/traceback.tsv created with shape (20, 8)
[2026-02-06 05:08:48,478 clean_steps INFO] Cleaning output for '0_topoaa' using 20 cores.
[2026-02-06 05:08:48,631 libtimer INFO] cleaning output files took 0 seconds
[2026-02-06 05:08:48,631 clean_steps INFO] Cleaning output for '1_rigidbody' using 20 cores.
[2026-02-06 05:08:48,640 libtimer INFO] cleaning output files took 0 seconds
[2026-02-06 05:08:48,640 clean_steps INFO] Cleaning output for '2_flexref' using 20 cores.
[2026-02-06 05:08:48,652 libtimer INFO] cleaning output files took 0 seconds
[2026-02-06 05:08:48,652 clean_steps INFO] Cleaning output for '3_emref' using 20 cores.
[2026-02-06 05:08:48,674 libtimer INFO] cleaning output files took 0 seconds
[2026-02-06 05:08:48,674 cli INFO] This HADDOCK3 run took: 2 minutes and 4 seconds
[2026-02-06 05:08:48,674 greetings INFO] Your feedback matters in Haddock3! Share your experience and help us grow:
[2026-02-06 05:08:48,675 greetings INFO] GitHub issues: https://github.com/haddocking/haddock3/issues
[2026-02-06 05:08:48,675 greetings INFO] BioExcel feedback: https://www.bonvinlab.org/feedback
[2026-02-06 05:08:48,675 greetings INFO] BioExcel forum: https://ask.bioexcel.eu/c/haddock/6
[2026-02-06 05:08:48,675 cli INFO] Finished at 06/02/2026 05:08:48. Adéu-siau! Au revoir! La revedere!
