[2026-02-13 11:41:44,693 cli INFO] 
##############################################
#                                            #
#                 HADDOCK3                   #
#                                            #
##############################################

!! Some of the HADDOCK3 components use CNS (Crystallographic and NMR System) which is free of use for non-profit applications. !!
!! For commercial use it is your own responsibility to have a proper license. !!
!! For details refer to the DISCLAIMER file in the HADDOCK3 repository. !!

Starting HADDOCK3 v2024.10.0b7 on 2026-02-13 11:41:00

Python 3.10.12 (main, Feb  4 2025, 14:57:36) [GCC 11.4.0]

[2026-02-13 11:41:48,345 libworkflow INFO] Reading instructions step 0_topoaa
[2026-02-13 11:41:48,345 libworkflow INFO] Reading instructions step 1_rigidbody
[2026-02-13 11:41:48,345 libworkflow INFO] Reading instructions step 2_flexref
[2026-02-13 11:41:48,345 libworkflow INFO] Reading instructions step 3_emref
[2026-02-13 11:41:48,359 base_cns_module INFO] Running [topoaa] module
[2026-02-13 11:41:48,359 __init__ INFO] [topoaa] Molecule 1: receptor_single_Neg_CTGTCTAGTGGGGAAT-1_contig_2_1.pdb
[2026-02-13 11:41:48,360 __init__ INFO] [topoaa] Sanitizing molecule receptor_single_Neg_CTGTCTAGTGGGGAAT-1_contig_2_1.pdb
[2026-02-13 11:41:48,367 __init__ INFO] [topoaa] Topology CNS input created
[2026-02-13 11:41:48,367 __init__ INFO] [topoaa] Molecule 2: ligand_single_Neg_CTGTCTAGTGGGGAAT-1_contig_2_1.pdb
[2026-02-13 11:41:48,368 __init__ INFO] [topoaa] Sanitizing molecule ligand_single_Neg_CTGTCTAGTGGGGAAT-1_contig_2_1.pdb
[2026-02-13 11:41:48,375 __init__ INFO] [topoaa] Topology CNS input created
[2026-02-13 11:41:48,375 __init__ INFO] [topoaa] Running CNS Jobs n=2
[2026-02-13 11:41:48,375 libutil INFO] Selected 2 cores to process 2 jobs, with 32 maximum available cores.
[2026-02-13 11:41:48,376 libparallel INFO] Using 2 cores
[2026-02-13 11:41:51,624 libparallel INFO] 2 tasks finished
[2026-02-13 11:41:51,624 __init__ INFO] [topoaa] CNS jobs have finished
[2026-02-13 11:41:51,626 base_cns_module INFO] Module [topoaa] finished.
[2026-02-13 11:41:51,626 __init__ INFO] [topoaa] took 3 seconds
[2026-02-13 11:41:51,967 base_cns_module INFO] Running [rigidbody] module
[2026-02-13 11:41:51,968 __init__ INFO] [rigidbody] crossdock=true
[2026-02-13 11:41:51,968 __init__ INFO] [rigidbody] Preparing jobs...
[2026-02-13 11:41:51,970 libutil INFO] Selected 20 cores to process 20 jobs, with 32 maximum available cores.
[2026-02-13 11:41:51,970 libparallel INFO] Using 20 cores
[2026-02-13 11:41:51,998 libparallel INFO] 20 tasks finished
[2026-02-13 11:41:51,999 __init__ INFO] [rigidbody] Preparation took 0.031212 seconds
[2026-02-13 11:41:52,000 __init__ INFO] [rigidbody] Running CNS Jobs n=20
[2026-02-13 11:41:52,000 libutil INFO] Selected 20 cores to process 20 jobs, with 32 maximum available cores.
[2026-02-13 11:41:52,001 libparallel INFO] Using 20 cores
[2026-02-13 11:42:02,759 libparallel INFO] 20 tasks finished
[2026-02-13 11:42:02,759 __init__ INFO] [rigidbody] CNS jobs have finished
[2026-02-13 11:42:02,790 base_cns_module INFO] Module [rigidbody] finished.
[2026-02-13 11:42:02,790 __init__ INFO] [rigidbody] took 11 seconds
[2026-02-13 11:42:03,164 base_cns_module INFO] Running [flexref] module
[2026-02-13 11:42:03,222 __init__ INFO] [flexref] Running CNS Jobs n=20
[2026-02-13 11:42:03,222 libutil INFO] Selected 20 cores to process 20 jobs, with 32 maximum available cores.
[2026-02-13 11:42:03,222 libparallel INFO] Using 20 cores
[2026-02-13 11:43:39,637 libparallel INFO] 20 tasks finished
[2026-02-13 11:43:39,638 __init__ INFO] [flexref] CNS jobs have finished
[2026-02-13 11:43:39,666 base_cns_module INFO] Module [flexref] finished.
[2026-02-13 11:43:39,666 __init__ INFO] [flexref] took 1 minute and 37 seconds
[2026-02-13 11:43:40,004 base_cns_module INFO] Running [emref] module
[2026-02-13 11:43:40,061 __init__ INFO] [emref] Running CNS Jobs n=20
[2026-02-13 11:43:40,061 libutil INFO] Selected 20 cores to process 20 jobs, with 32 maximum available cores.
[2026-02-13 11:43:40,061 libparallel INFO] Using 20 cores
[2026-02-13 11:43:47,770 libparallel INFO] 20 tasks finished
[2026-02-13 11:43:47,771 __init__ INFO] [emref] CNS jobs have finished
[2026-02-13 11:43:47,806 base_cns_module INFO] Module [emref] finished.
[2026-02-13 11:43:47,806 __init__ INFO] [emref] took 8 seconds
[2026-02-13 11:43:47,806 cli_analyse INFO] Running haddock3-analyse on ./, modules [], with top_cluster = 10
[2026-02-13 11:43:47,812 cli_analyse INFO] Created directory: /mnt/Data/PopOS/Data_Ana/Wu/clawdPorjects/HADDOCK_test/results/run_Neg_CTGTCTAGTGGGGAAT-1_contig_2_1/analysis
[2026-02-13 11:43:47,812 cli_analyse INFO] Reading input run directory
[2026-02-13 11:43:47,813 cli_analyse INFO] selected steps: 0_topoaa, 1_rigidbody, 2_flexref, 3_emref
[2026-02-13 11:43:47,813 cli_analyse INFO] Analysing step 0_topoaa
[2026-02-13 11:43:47,813 cli_analyse WARNING] Could not execute the analysis for step 0_topoaa. The following error occurred 'dict' object has no attribute 'rel_path'
[2026-02-13 11:43:47,813 cli_analyse INFO] Analysing step 1_rigidbody
[2026-02-13 11:43:47,814 cli_unpack INFO] Unpacking '../1_rigidbody' folder
[2026-02-13 11:43:47,815 libtimer INFO] unpacking took 0 seconds
[2026-02-13 11:43:47,827 capri INFO] Found previous CNS step: 1_rigidbody
[2026-02-13 11:43:47,936 capri INFO] Saved scoring weights to: weights_params.json
[2026-02-13 11:43:47,936 __init__ INFO] [caprieval] No reference structure provided. Using the structure with the lowest score from previous step
[2026-02-13 11:43:48,020 libutil INFO] Selected 20 cores to process 20 jobs, with 32 maximum available cores.
[2026-02-13 11:43:48,021 libparallel INFO] Using 20 cores
[2026-02-13 11:43:48,454 libparallel INFO] 20 tasks finished
[2026-02-13 11:43:48,455 capri INFO] Rearranging cluster information into capri_clt.tsv
[2026-02-13 11:43:48,459 cli_clean INFO] Compressing '../1_rigidbody' folder
[2026-02-13 11:43:48,459 clean_steps INFO] Cleaning output for '../1_rigidbody' using 20 cores.
[2026-02-13 11:43:48,578 libtimer INFO] compressing took 0 seconds
[2026-02-13 11:43:48,578 cli_analyse INFO] CAPRI files identified
[2026-02-13 11:43:48,581 cli_analyse INFO] Plotting results..
[2026-02-13 11:43:49,881 cli_analyse INFO] Summary archive summary.tgz created!
[2026-02-13 11:43:49,882 cli_analyse INFO] Analysing step 2_flexref
[2026-02-13 11:43:49,884 cli_unpack INFO] Unpacking '../2_flexref' folder
[2026-02-13 11:43:49,884 libtimer INFO] unpacking took 0 seconds
[2026-02-13 11:43:49,898 capri INFO] Found previous CNS step: 2_flexref
[2026-02-13 11:43:50,136 capri INFO] Saved scoring weights to: weights_params.json
[2026-02-13 11:43:50,136 __init__ INFO] [caprieval] No reference structure provided. Using the structure with the lowest score from previous step
[2026-02-13 11:43:50,221 libutil INFO] Selected 20 cores to process 20 jobs, with 32 maximum available cores.
[2026-02-13 11:43:50,222 libparallel INFO] Using 20 cores
[2026-02-13 11:43:50,656 libparallel INFO] 20 tasks finished
[2026-02-13 11:43:50,657 capri INFO] Rearranging cluster information into capri_clt.tsv
[2026-02-13 11:43:50,661 cli_clean INFO] Compressing '../2_flexref' folder
[2026-02-13 11:43:50,662 clean_steps INFO] Cleaning output for '../2_flexref' using 20 cores.
[2026-02-13 11:43:50,807 libtimer INFO] compressing took 0 seconds
[2026-02-13 11:43:50,807 cli_analyse INFO] CAPRI files identified
[2026-02-13 11:43:50,809 cli_analyse INFO] Plotting results..
[2026-02-13 11:43:51,919 cli_analyse INFO] Summary archive summary.tgz created!
[2026-02-13 11:43:51,920 cli_analyse INFO] Analysing step 3_emref
[2026-02-13 11:43:51,922 cli_unpack INFO] Unpacking '../3_emref' folder
[2026-02-13 11:43:51,922 libtimer INFO] unpacking took 0 seconds
[2026-02-13 11:43:51,935 capri INFO] Found previous CNS step: 3_emref
[2026-02-13 11:43:52,036 capri INFO] Saved scoring weights to: weights_params.json
[2026-02-13 11:43:52,036 __init__ INFO] [caprieval] No reference structure provided. Using the structure with the lowest score from previous step
[2026-02-13 11:43:52,120 libutil INFO] Selected 20 cores to process 20 jobs, with 32 maximum available cores.
[2026-02-13 11:43:52,121 libparallel INFO] Using 20 cores
[2026-02-13 11:43:52,527 libparallel INFO] 20 tasks finished
[2026-02-13 11:43:52,528 capri INFO] Rearranging cluster information into capri_clt.tsv
[2026-02-13 11:43:52,532 cli_clean INFO] Compressing '../3_emref' folder
[2026-02-13 11:43:52,532 clean_steps INFO] Cleaning output for '../3_emref' using 20 cores.
[2026-02-13 11:43:52,653 libtimer INFO] compressing took 0 seconds
[2026-02-13 11:43:52,653 cli_analyse INFO] CAPRI files identified
[2026-02-13 11:43:52,655 cli_analyse INFO] Plotting results..
[2026-02-13 11:43:53,764 cli_analyse INFO] Summary archive summary.tgz created!
[2026-02-13 11:43:53,764 cli_analyse INFO] moving files to analysis folder
[2026-02-13 11:43:53,764 cli_analyse INFO] cancelling unsuccesful analysis folders
[2026-02-13 11:43:53,764 cli_analyse INFO] updating paths in analysis/1_rigidbody_analysis/capri_ss.tsv
[2026-02-13 11:43:53,764 cli_analyse INFO] View the results in analysis/1_rigidbody_analysis/report.html
[2026-02-13 11:43:53,764 cli_analyse INFO] To view structures or download the structure files, in a terminal run the command `python -m http.server --directory /mnt/Data/PopOS/Data_Ana/Wu/clawdPorjects/HADDOCK_test/results/run_Neg_CTGTCTAGTGGGGAAT-1_contig_2_1`. By default, http server runs on `http://0.0.0.0:8000/`. Open the link http://0.0.0.0:8000/analysis/1_rigidbody_analysis/report.html in a web browser.
[2026-02-13 11:43:53,765 cli_analyse INFO] updating paths in analysis/2_flexref_analysis/capri_ss.tsv
[2026-02-13 11:43:53,765 cli_analyse INFO] View the results in analysis/2_flexref_analysis/report.html
[2026-02-13 11:43:53,765 cli_analyse INFO] To view structures or download the structure files, in a terminal run the command `python -m http.server --directory /mnt/Data/PopOS/Data_Ana/Wu/clawdPorjects/HADDOCK_test/results/run_Neg_CTGTCTAGTGGGGAAT-1_contig_2_1`. By default, http server runs on `http://0.0.0.0:8000/`. Open the link http://0.0.0.0:8000/analysis/2_flexref_analysis/report.html in a web browser.
[2026-02-13 11:43:53,765 cli_analyse INFO] updating paths in analysis/3_emref_analysis/capri_ss.tsv
[2026-02-13 11:43:53,765 cli_analyse INFO] View the results in analysis/3_emref_analysis/report.html
[2026-02-13 11:43:53,765 cli_analyse INFO] To view structures or download the structure files, in a terminal run the command `python -m http.server --directory /mnt/Data/PopOS/Data_Ana/Wu/clawdPorjects/HADDOCK_test/results/run_Neg_CTGTCTAGTGGGGAAT-1_contig_2_1`. By default, http server runs on `http://0.0.0.0:8000/`. Open the link http://0.0.0.0:8000/analysis/3_emref_analysis/report.html in a web browser.
[2026-02-13 11:43:53,765 cli_traceback INFO] Running haddock3-traceback on ./
[2026-02-13 11:43:53,765 cli_traceback INFO] Reading input run directory
[2026-02-13 11:43:53,765 cli_traceback INFO] All_steps: 0_topoaa, 1_rigidbody, 2_flexref, 3_emref
[2026-02-13 11:43:53,765 cli_traceback INFO] Modules not to be analysed: 0_topoaa
[2026-02-13 11:43:53,765 cli_traceback INFO] Steps to trace back: 1_rigidbody, 2_flexref, 3_emref
[2026-02-13 11:43:53,766 cli_traceback INFO] Created directory: /mnt/Data/PopOS/Data_Ana/Wu/clawdPorjects/HADDOCK_test/results/run_Neg_CTGTCTAGTGGGGAAT-1_contig_2_1/traceback
[2026-02-13 11:43:53,766 cli_traceback INFO] Tracing back step 3_emref
[2026-02-13 11:43:53,768 cli_traceback INFO] Tracing back step 2_flexref
[2026-02-13 11:43:53,770 cli_traceback INFO] Tracing back step 1_rigidbody
[2026-02-13 11:43:53,774 cli_traceback INFO] Output dataframe traceback/traceback.tsv created with shape (20, 8)
[2026-02-13 11:43:53,801 clean_steps INFO] Cleaning output for '0_topoaa' using 20 cores.
[2026-02-13 11:43:53,930 libtimer INFO] cleaning output files took 0 seconds
[2026-02-13 11:43:53,930 clean_steps INFO] Cleaning output for '1_rigidbody' using 20 cores.
[2026-02-13 11:43:53,941 libtimer INFO] cleaning output files took 0 seconds
[2026-02-13 11:43:53,941 clean_steps INFO] Cleaning output for '2_flexref' using 20 cores.
[2026-02-13 11:43:53,952 libtimer INFO] cleaning output files took 0 seconds
[2026-02-13 11:43:53,952 clean_steps INFO] Cleaning output for '3_emref' using 20 cores.
[2026-02-13 11:43:53,965 libtimer INFO] cleaning output files took 0 seconds
[2026-02-13 11:43:53,965 cli INFO] This HADDOCK3 run took: 2 minutes and 9 seconds
[2026-02-13 11:43:53,965 greetings INFO] Your feedback matters in Haddock3! Share your experience and help us grow:
[2026-02-13 11:43:53,965 greetings INFO] GitHub issues: https://github.com/haddocking/haddock3/issues
[2026-02-13 11:43:53,965 greetings INFO] BioExcel feedback: https://www.bonvinlab.org/feedback
[2026-02-13 11:43:53,965 greetings INFO] BioExcel forum: https://ask.bioexcel.eu/c/haddock/6
[2026-02-13 11:43:53,965 cli INFO] Finished at 13/02/2026 11:43:53. 再见! Tchau! Good bye!
