[2026-02-13 12:43:16,895 cli INFO] 
##############################################
#                                            #
#                 HADDOCK3                   #
#                                            #
##############################################

!! Some of the HADDOCK3 components use CNS (Crystallographic and NMR System) which is free of use for non-profit applications. !!
!! For commercial use it is your own responsibility to have a proper license. !!
!! For details refer to the DISCLAIMER file in the HADDOCK3 repository. !!

Starting HADDOCK3 v2024.10.0b7 on 2026-02-13 12:43:00

Python 3.10.12 (main, Feb  4 2025, 14:57:36) [GCC 11.4.0]

[2026-02-13 12:43:20,696 libworkflow INFO] Reading instructions step 0_topoaa
[2026-02-13 12:43:20,696 libworkflow INFO] Reading instructions step 1_rigidbody
[2026-02-13 12:43:20,697 libworkflow INFO] Reading instructions step 2_flexref
[2026-02-13 12:43:20,697 libworkflow INFO] Reading instructions step 3_emref
[2026-02-13 12:43:20,711 base_cns_module INFO] Running [topoaa] module
[2026-02-13 12:43:20,711 __init__ INFO] [topoaa] Molecule 1: receptor_single_Pos_ATGGTGGAGCTTGTCT-1_contig_1_1.pdb
[2026-02-13 12:43:20,713 __init__ INFO] [topoaa] Sanitizing molecule receptor_single_Pos_ATGGTGGAGCTTGTCT-1_contig_1_1.pdb
[2026-02-13 12:43:20,719 __init__ INFO] [topoaa] Topology CNS input created
[2026-02-13 12:43:20,719 __init__ INFO] [topoaa] Molecule 2: ligand_single_Pos_ATGGTGGAGCTTGTCT-1_contig_1_1.pdb
[2026-02-13 12:43:20,720 __init__ INFO] [topoaa] Sanitizing molecule ligand_single_Pos_ATGGTGGAGCTTGTCT-1_contig_1_1.pdb
[2026-02-13 12:43:20,726 __init__ INFO] [topoaa] Topology CNS input created
[2026-02-13 12:43:20,726 __init__ INFO] [topoaa] Running CNS Jobs n=2
[2026-02-13 12:43:20,726 libutil INFO] Selected 2 cores to process 2 jobs, with 32 maximum available cores.
[2026-02-13 12:43:20,727 libparallel INFO] Using 2 cores
[2026-02-13 12:43:23,964 libparallel INFO] 2 tasks finished
[2026-02-13 12:43:23,964 __init__ INFO] [topoaa] CNS jobs have finished
[2026-02-13 12:43:23,965 base_cns_module INFO] Module [topoaa] finished.
[2026-02-13 12:43:23,965 __init__ INFO] [topoaa] took 3 seconds
[2026-02-13 12:43:24,311 base_cns_module INFO] Running [rigidbody] module
[2026-02-13 12:43:24,311 __init__ INFO] [rigidbody] crossdock=true
[2026-02-13 12:43:24,311 __init__ INFO] [rigidbody] Preparing jobs...
[2026-02-13 12:43:24,313 libutil INFO] Selected 20 cores to process 20 jobs, with 32 maximum available cores.
[2026-02-13 12:43:24,314 libparallel INFO] Using 20 cores
[2026-02-13 12:43:24,342 libparallel INFO] 20 tasks finished
[2026-02-13 12:43:24,343 __init__ INFO] [rigidbody] Preparation took 0.031222 seconds
[2026-02-13 12:43:24,344 __init__ INFO] [rigidbody] Running CNS Jobs n=20
[2026-02-13 12:43:24,344 libutil INFO] Selected 20 cores to process 20 jobs, with 32 maximum available cores.
[2026-02-13 12:43:24,345 libparallel INFO] Using 20 cores
[2026-02-13 12:43:34,986 libparallel INFO] 20 tasks finished
[2026-02-13 12:43:34,986 __init__ INFO] [rigidbody] CNS jobs have finished
[2026-02-13 12:43:35,017 base_cns_module INFO] Module [rigidbody] finished.
[2026-02-13 12:43:35,017 __init__ INFO] [rigidbody] took 11 seconds
[2026-02-13 12:43:35,405 base_cns_module INFO] Running [flexref] module
[2026-02-13 12:43:35,463 __init__ INFO] [flexref] Running CNS Jobs n=20
[2026-02-13 12:43:35,463 libutil INFO] Selected 20 cores to process 20 jobs, with 32 maximum available cores.
[2026-02-13 12:43:35,463 libparallel INFO] Using 20 cores
[2026-02-13 12:45:08,867 libparallel INFO] 20 tasks finished
[2026-02-13 12:45:08,868 __init__ INFO] [flexref] CNS jobs have finished
[2026-02-13 12:45:08,896 base_cns_module INFO] Module [flexref] finished.
[2026-02-13 12:45:08,897 __init__ INFO] [flexref] took 1 minute and 33 seconds
[2026-02-13 12:45:09,246 base_cns_module INFO] Running [emref] module
[2026-02-13 12:45:09,303 __init__ INFO] [emref] Running CNS Jobs n=20
[2026-02-13 12:45:09,303 libutil INFO] Selected 20 cores to process 20 jobs, with 32 maximum available cores.
[2026-02-13 12:45:09,303 libparallel INFO] Using 20 cores
[2026-02-13 12:45:16,655 libparallel INFO] 20 tasks finished
[2026-02-13 12:45:16,656 __init__ INFO] [emref] CNS jobs have finished
[2026-02-13 12:45:16,703 base_cns_module INFO] Module [emref] finished.
[2026-02-13 12:45:16,703 __init__ INFO] [emref] took 7 seconds
[2026-02-13 12:45:16,703 cli_analyse INFO] Running haddock3-analyse on ./, modules [], with top_cluster = 10
[2026-02-13 12:45:16,710 cli_analyse INFO] Created directory: /mnt/Data/PopOS/Data_Ana/Wu/clawdPorjects/HADDOCK_test/results/run_Pos_ATGGTGGAGCTTGTCT-1_contig_1_1/analysis
[2026-02-13 12:45:16,710 cli_analyse INFO] Reading input run directory
[2026-02-13 12:45:16,710 cli_analyse INFO] selected steps: 0_topoaa, 1_rigidbody, 2_flexref, 3_emref
[2026-02-13 12:45:16,710 cli_analyse INFO] Analysing step 0_topoaa
[2026-02-13 12:45:16,710 cli_analyse WARNING] Could not execute the analysis for step 0_topoaa. The following error occurred 'dict' object has no attribute 'rel_path'
[2026-02-13 12:45:16,710 cli_analyse INFO] Analysing step 1_rigidbody
[2026-02-13 12:45:16,712 cli_unpack INFO] Unpacking '../1_rigidbody' folder
[2026-02-13 12:45:16,712 libtimer INFO] unpacking took 0 seconds
[2026-02-13 12:45:16,725 capri INFO] Found previous CNS step: 1_rigidbody
[2026-02-13 12:45:16,832 capri INFO] Saved scoring weights to: weights_params.json
[2026-02-13 12:45:16,832 __init__ INFO] [caprieval] No reference structure provided. Using the structure with the lowest score from previous step
[2026-02-13 12:45:16,917 libutil INFO] Selected 20 cores to process 20 jobs, with 32 maximum available cores.
[2026-02-13 12:45:16,917 libparallel INFO] Using 20 cores
[2026-02-13 12:45:17,453 libparallel INFO] 20 tasks finished
[2026-02-13 12:45:17,454 capri INFO] Rearranging cluster information into capri_clt.tsv
[2026-02-13 12:45:17,459 cli_clean INFO] Compressing '../1_rigidbody' folder
[2026-02-13 12:45:17,459 clean_steps INFO] Cleaning output for '../1_rigidbody' using 20 cores.
[2026-02-13 12:45:17,589 libtimer INFO] compressing took 0 seconds
[2026-02-13 12:45:17,589 cli_analyse INFO] CAPRI files identified
[2026-02-13 12:45:17,591 cli_analyse INFO] Plotting results..
[2026-02-13 12:45:18,807 cli_analyse INFO] Summary archive summary.tgz created!
[2026-02-13 12:45:18,808 cli_analyse INFO] Analysing step 2_flexref
[2026-02-13 12:45:18,810 cli_unpack INFO] Unpacking '../2_flexref' folder
[2026-02-13 12:45:18,810 libtimer INFO] unpacking took 0 seconds
[2026-02-13 12:45:18,823 capri INFO] Found previous CNS step: 2_flexref
[2026-02-13 12:45:19,060 capri INFO] Saved scoring weights to: weights_params.json
[2026-02-13 12:45:19,060 __init__ INFO] [caprieval] No reference structure provided. Using the structure with the lowest score from previous step
[2026-02-13 12:45:19,144 libutil INFO] Selected 20 cores to process 20 jobs, with 32 maximum available cores.
[2026-02-13 12:45:19,145 libparallel INFO] Using 20 cores
[2026-02-13 12:45:19,537 libparallel INFO] 20 tasks finished
[2026-02-13 12:45:19,538 capri INFO] Rearranging cluster information into capri_clt.tsv
[2026-02-13 12:45:19,545 cli_clean INFO] Compressing '../2_flexref' folder
[2026-02-13 12:45:19,545 clean_steps INFO] Cleaning output for '../2_flexref' using 20 cores.
[2026-02-13 12:45:19,671 libtimer INFO] compressing took 0 seconds
[2026-02-13 12:45:19,672 cli_analyse INFO] CAPRI files identified
[2026-02-13 12:45:19,673 cli_analyse INFO] Plotting results..
[2026-02-13 12:45:20,763 cli_analyse INFO] Summary archive summary.tgz created!
[2026-02-13 12:45:20,764 cli_analyse INFO] Analysing step 3_emref
[2026-02-13 12:45:20,766 cli_unpack INFO] Unpacking '../3_emref' folder
[2026-02-13 12:45:20,766 libtimer INFO] unpacking took 0 seconds
[2026-02-13 12:45:20,780 capri INFO] Found previous CNS step: 3_emref
[2026-02-13 12:45:20,881 capri INFO] Saved scoring weights to: weights_params.json
[2026-02-13 12:45:20,881 __init__ INFO] [caprieval] No reference structure provided. Using the structure with the lowest score from previous step
[2026-02-13 12:45:20,967 libutil INFO] Selected 20 cores to process 20 jobs, with 32 maximum available cores.
[2026-02-13 12:45:20,967 libparallel INFO] Using 20 cores
[2026-02-13 12:45:21,362 libparallel INFO] 20 tasks finished
[2026-02-13 12:45:21,363 capri INFO] Rearranging cluster information into capri_clt.tsv
[2026-02-13 12:45:21,371 cli_clean INFO] Compressing '../3_emref' folder
[2026-02-13 12:45:21,371 clean_steps INFO] Cleaning output for '../3_emref' using 20 cores.
[2026-02-13 12:45:21,495 libtimer INFO] compressing took 0 seconds
[2026-02-13 12:45:21,495 cli_analyse INFO] CAPRI files identified
[2026-02-13 12:45:21,497 cli_analyse INFO] Plotting results..
[2026-02-13 12:45:22,631 cli_analyse INFO] Summary archive summary.tgz created!
[2026-02-13 12:45:22,631 cli_analyse INFO] moving files to analysis folder
[2026-02-13 12:45:22,632 cli_analyse INFO] cancelling unsuccesful analysis folders
[2026-02-13 12:45:22,632 cli_analyse INFO] updating paths in analysis/1_rigidbody_analysis/capri_ss.tsv
[2026-02-13 12:45:22,632 cli_analyse INFO] View the results in analysis/1_rigidbody_analysis/report.html
[2026-02-13 12:45:22,632 cli_analyse INFO] To view structures or download the structure files, in a terminal run the command `python -m http.server --directory /mnt/Data/PopOS/Data_Ana/Wu/clawdPorjects/HADDOCK_test/results/run_Pos_ATGGTGGAGCTTGTCT-1_contig_1_1`. By default, http server runs on `http://0.0.0.0:8000/`. Open the link http://0.0.0.0:8000/analysis/1_rigidbody_analysis/report.html in a web browser.
[2026-02-13 12:45:22,632 cli_analyse INFO] updating paths in analysis/2_flexref_analysis/capri_ss.tsv
[2026-02-13 12:45:22,632 cli_analyse INFO] View the results in analysis/2_flexref_analysis/report.html
[2026-02-13 12:45:22,632 cli_analyse INFO] To view structures or download the structure files, in a terminal run the command `python -m http.server --directory /mnt/Data/PopOS/Data_Ana/Wu/clawdPorjects/HADDOCK_test/results/run_Pos_ATGGTGGAGCTTGTCT-1_contig_1_1`. By default, http server runs on `http://0.0.0.0:8000/`. Open the link http://0.0.0.0:8000/analysis/2_flexref_analysis/report.html in a web browser.
[2026-02-13 12:45:22,632 cli_analyse INFO] updating paths in analysis/3_emref_analysis/capri_ss.tsv
[2026-02-13 12:45:22,632 cli_analyse INFO] View the results in analysis/3_emref_analysis/report.html
[2026-02-13 12:45:22,632 cli_analyse INFO] To view structures or download the structure files, in a terminal run the command `python -m http.server --directory /mnt/Data/PopOS/Data_Ana/Wu/clawdPorjects/HADDOCK_test/results/run_Pos_ATGGTGGAGCTTGTCT-1_contig_1_1`. By default, http server runs on `http://0.0.0.0:8000/`. Open the link http://0.0.0.0:8000/analysis/3_emref_analysis/report.html in a web browser.
[2026-02-13 12:45:22,632 cli_traceback INFO] Running haddock3-traceback on ./
[2026-02-13 12:45:22,632 cli_traceback INFO] Reading input run directory
[2026-02-13 12:45:22,633 cli_traceback INFO] All_steps: 0_topoaa, 1_rigidbody, 2_flexref, 3_emref
[2026-02-13 12:45:22,633 cli_traceback INFO] Modules not to be analysed: 0_topoaa
[2026-02-13 12:45:22,633 cli_traceback INFO] Steps to trace back: 1_rigidbody, 2_flexref, 3_emref
[2026-02-13 12:45:22,633 cli_traceback INFO] Created directory: /mnt/Data/PopOS/Data_Ana/Wu/clawdPorjects/HADDOCK_test/results/run_Pos_ATGGTGGAGCTTGTCT-1_contig_1_1/traceback
[2026-02-13 12:45:22,633 cli_traceback INFO] Tracing back step 3_emref
[2026-02-13 12:45:22,635 cli_traceback INFO] Tracing back step 2_flexref
[2026-02-13 12:45:22,637 cli_traceback INFO] Tracing back step 1_rigidbody
[2026-02-13 12:45:22,641 cli_traceback INFO] Output dataframe traceback/traceback.tsv created with shape (20, 8)
[2026-02-13 12:45:22,668 clean_steps INFO] Cleaning output for '0_topoaa' using 20 cores.
[2026-02-13 12:45:22,803 libtimer INFO] cleaning output files took 0 seconds
[2026-02-13 12:45:22,803 clean_steps INFO] Cleaning output for '1_rigidbody' using 20 cores.
[2026-02-13 12:45:22,812 libtimer INFO] cleaning output files took 0 seconds
[2026-02-13 12:45:22,812 clean_steps INFO] Cleaning output for '2_flexref' using 20 cores.
[2026-02-13 12:45:22,823 libtimer INFO] cleaning output files took 0 seconds
[2026-02-13 12:45:22,823 clean_steps INFO] Cleaning output for '3_emref' using 20 cores.
[2026-02-13 12:45:22,835 libtimer INFO] cleaning output files took 0 seconds
[2026-02-13 12:45:22,835 cli INFO] This HADDOCK3 run took: 2 minutes and 6 seconds
[2026-02-13 12:45:22,835 greetings INFO] Your feedback matters in Haddock3! Share your experience and help us grow:
[2026-02-13 12:45:22,836 greetings INFO] GitHub issues: https://github.com/haddocking/haddock3/issues
[2026-02-13 12:45:22,836 greetings INFO] BioExcel feedback: https://www.bonvinlab.org/feedback
[2026-02-13 12:45:22,836 greetings INFO] BioExcel forum: https://ask.bioexcel.eu/c/haddock/6
[2026-02-13 12:45:22,836 cli INFO] Finished at 13/02/2026 12:45:22. Agur! Tot ziens! Adéu-siau!
