[2026-02-13 12:24:12,994 cli INFO] 
##############################################
#                                            #
#                 HADDOCK3                   #
#                                            #
##############################################

!! Some of the HADDOCK3 components use CNS (Crystallographic and NMR System) which is free of use for non-profit applications. !!
!! For commercial use it is your own responsibility to have a proper license. !!
!! For details refer to the DISCLAIMER file in the HADDOCK3 repository. !!

Starting HADDOCK3 v2024.10.0b7 on 2026-02-13 12:24:00

Python 3.10.12 (main, Feb  4 2025, 14:57:36) [GCC 11.4.0]

[2026-02-13 12:24:16,774 libworkflow INFO] Reading instructions step 0_topoaa
[2026-02-13 12:24:16,774 libworkflow INFO] Reading instructions step 1_rigidbody
[2026-02-13 12:24:16,774 libworkflow INFO] Reading instructions step 2_flexref
[2026-02-13 12:24:16,775 libworkflow INFO] Reading instructions step 3_emref
[2026-02-13 12:24:16,789 base_cns_module INFO] Running [topoaa] module
[2026-02-13 12:24:16,789 __init__ INFO] [topoaa] Molecule 1: receptor_single_Pos_AGGTTTAGTAAGCCAT-1_contig_1_1.pdb
[2026-02-13 12:24:16,790 __init__ INFO] [topoaa] Sanitizing molecule receptor_single_Pos_AGGTTTAGTAAGCCAT-1_contig_1_1.pdb
[2026-02-13 12:24:16,797 __init__ INFO] [topoaa] Topology CNS input created
[2026-02-13 12:24:16,797 __init__ INFO] [topoaa] Molecule 2: ligand_single_Pos_AGGTTTAGTAAGCCAT-1_contig_1_1.pdb
[2026-02-13 12:24:16,798 __init__ INFO] [topoaa] Sanitizing molecule ligand_single_Pos_AGGTTTAGTAAGCCAT-1_contig_1_1.pdb
[2026-02-13 12:24:16,804 __init__ INFO] [topoaa] Topology CNS input created
[2026-02-13 12:24:16,804 __init__ INFO] [topoaa] Running CNS Jobs n=2
[2026-02-13 12:24:16,804 libutil INFO] Selected 2 cores to process 2 jobs, with 32 maximum available cores.
[2026-02-13 12:24:16,806 libparallel INFO] Using 2 cores
[2026-02-13 12:24:20,036 libparallel INFO] 2 tasks finished
[2026-02-13 12:24:20,036 __init__ INFO] [topoaa] CNS jobs have finished
[2026-02-13 12:24:20,038 base_cns_module INFO] Module [topoaa] finished.
[2026-02-13 12:24:20,038 __init__ INFO] [topoaa] took 3 seconds
[2026-02-13 12:24:20,386 base_cns_module INFO] Running [rigidbody] module
[2026-02-13 12:24:20,386 __init__ INFO] [rigidbody] crossdock=true
[2026-02-13 12:24:20,386 __init__ INFO] [rigidbody] Preparing jobs...
[2026-02-13 12:24:20,388 libutil INFO] Selected 20 cores to process 20 jobs, with 32 maximum available cores.
[2026-02-13 12:24:20,389 libparallel INFO] Using 20 cores
[2026-02-13 12:24:20,416 libparallel INFO] 20 tasks finished
[2026-02-13 12:24:20,416 __init__ INFO] [rigidbody] Preparation took 0.029725 seconds
[2026-02-13 12:24:20,417 __init__ INFO] [rigidbody] Running CNS Jobs n=20
[2026-02-13 12:24:20,417 libutil INFO] Selected 20 cores to process 20 jobs, with 32 maximum available cores.
[2026-02-13 12:24:20,417 libparallel INFO] Using 20 cores
[2026-02-13 12:24:31,479 libparallel INFO] 20 tasks finished
[2026-02-13 12:24:31,479 __init__ INFO] [rigidbody] CNS jobs have finished
[2026-02-13 12:24:31,524 base_cns_module INFO] Module [rigidbody] finished.
[2026-02-13 12:24:31,524 __init__ INFO] [rigidbody] took 11 seconds
[2026-02-13 12:24:31,917 base_cns_module INFO] Running [flexref] module
[2026-02-13 12:24:31,989 __init__ INFO] [flexref] Running CNS Jobs n=20
[2026-02-13 12:24:31,989 libutil INFO] Selected 20 cores to process 20 jobs, with 32 maximum available cores.
[2026-02-13 12:24:31,990 libparallel INFO] Using 20 cores
[2026-02-13 12:26:06,870 libparallel INFO] 20 tasks finished
[2026-02-13 12:26:06,870 __init__ INFO] [flexref] CNS jobs have finished
[2026-02-13 12:26:06,906 base_cns_module INFO] Module [flexref] finished.
[2026-02-13 12:26:06,906 __init__ INFO] [flexref] took 1 minute and 35 seconds
[2026-02-13 12:26:07,251 base_cns_module INFO] Running [emref] module
[2026-02-13 12:26:07,307 __init__ INFO] [emref] Running CNS Jobs n=20
[2026-02-13 12:26:07,307 libutil INFO] Selected 20 cores to process 20 jobs, with 32 maximum available cores.
[2026-02-13 12:26:07,307 libparallel INFO] Using 20 cores
[2026-02-13 12:26:14,547 libparallel INFO] 20 tasks finished
[2026-02-13 12:26:14,547 __init__ INFO] [emref] CNS jobs have finished
[2026-02-13 12:26:14,577 base_cns_module INFO] Module [emref] finished.
[2026-02-13 12:26:14,577 __init__ INFO] [emref] took 7 seconds
[2026-02-13 12:26:14,577 cli_analyse INFO] Running haddock3-analyse on ./, modules [], with top_cluster = 10
[2026-02-13 12:26:14,584 cli_analyse INFO] Created directory: /mnt/Data/PopOS/Data_Ana/Wu/clawdPorjects/HADDOCK_test/results/run_Pos_AGGTTTAGTAAGCCAT-1_contig_1_1/analysis
[2026-02-13 12:26:14,584 cli_analyse INFO] Reading input run directory
[2026-02-13 12:26:14,584 cli_analyse INFO] selected steps: 0_topoaa, 1_rigidbody, 2_flexref, 3_emref
[2026-02-13 12:26:14,584 cli_analyse INFO] Analysing step 0_topoaa
[2026-02-13 12:26:14,585 cli_analyse WARNING] Could not execute the analysis for step 0_topoaa. The following error occurred 'dict' object has no attribute 'rel_path'
[2026-02-13 12:26:14,585 cli_analyse INFO] Analysing step 1_rigidbody
[2026-02-13 12:26:14,586 cli_unpack INFO] Unpacking '../1_rigidbody' folder
[2026-02-13 12:26:14,587 libtimer INFO] unpacking took 0 seconds
[2026-02-13 12:26:14,600 capri INFO] Found previous CNS step: 1_rigidbody
[2026-02-13 12:26:14,708 capri INFO] Saved scoring weights to: weights_params.json
[2026-02-13 12:26:14,708 __init__ INFO] [caprieval] No reference structure provided. Using the structure with the lowest score from previous step
[2026-02-13 12:26:14,795 libutil INFO] Selected 20 cores to process 20 jobs, with 32 maximum available cores.
[2026-02-13 12:26:14,795 libparallel INFO] Using 20 cores
[2026-02-13 12:26:15,231 libparallel INFO] 20 tasks finished
[2026-02-13 12:26:15,232 capri INFO] Rearranging cluster information into capri_clt.tsv
[2026-02-13 12:26:15,237 cli_clean INFO] Compressing '../1_rigidbody' folder
[2026-02-13 12:26:15,237 clean_steps INFO] Cleaning output for '../1_rigidbody' using 20 cores.
[2026-02-13 12:26:15,363 libtimer INFO] compressing took 0 seconds
[2026-02-13 12:26:15,363 cli_analyse INFO] CAPRI files identified
[2026-02-13 12:26:15,365 cli_analyse INFO] Plotting results..
[2026-02-13 12:26:16,581 cli_analyse INFO] Summary archive summary.tgz created!
[2026-02-13 12:26:16,581 cli_analyse INFO] Analysing step 2_flexref
[2026-02-13 12:26:16,583 cli_unpack INFO] Unpacking '../2_flexref' folder
[2026-02-13 12:26:16,584 libtimer INFO] unpacking took 0 seconds
[2026-02-13 12:26:16,597 capri INFO] Found previous CNS step: 2_flexref
[2026-02-13 12:26:16,837 capri INFO] Saved scoring weights to: weights_params.json
[2026-02-13 12:26:16,837 __init__ INFO] [caprieval] No reference structure provided. Using the structure with the lowest score from previous step
[2026-02-13 12:26:16,923 libutil INFO] Selected 20 cores to process 20 jobs, with 32 maximum available cores.
[2026-02-13 12:26:16,923 libparallel INFO] Using 20 cores
[2026-02-13 12:26:17,311 libparallel INFO] 20 tasks finished
[2026-02-13 12:26:17,312 capri INFO] Rearranging cluster information into capri_clt.tsv
[2026-02-13 12:26:17,318 cli_clean INFO] Compressing '../2_flexref' folder
[2026-02-13 12:26:17,318 clean_steps INFO] Cleaning output for '../2_flexref' using 20 cores.
[2026-02-13 12:26:17,437 libtimer INFO] compressing took 0 seconds
[2026-02-13 12:26:17,437 cli_analyse INFO] CAPRI files identified
[2026-02-13 12:26:17,439 cli_analyse INFO] Plotting results..
[2026-02-13 12:26:18,532 cli_analyse INFO] Summary archive summary.tgz created!
[2026-02-13 12:26:18,532 cli_analyse INFO] Analysing step 3_emref
[2026-02-13 12:26:18,534 cli_unpack INFO] Unpacking '../3_emref' folder
[2026-02-13 12:26:18,534 libtimer INFO] unpacking took 0 seconds
[2026-02-13 12:26:18,548 capri INFO] Found previous CNS step: 3_emref
[2026-02-13 12:26:18,650 capri INFO] Saved scoring weights to: weights_params.json
[2026-02-13 12:26:18,650 __init__ INFO] [caprieval] No reference structure provided. Using the structure with the lowest score from previous step
[2026-02-13 12:26:18,736 libutil INFO] Selected 20 cores to process 20 jobs, with 32 maximum available cores.
[2026-02-13 12:26:18,736 libparallel INFO] Using 20 cores
[2026-02-13 12:26:19,149 libparallel INFO] 20 tasks finished
[2026-02-13 12:26:19,150 capri INFO] Rearranging cluster information into capri_clt.tsv
[2026-02-13 12:26:19,154 cli_clean INFO] Compressing '../3_emref' folder
[2026-02-13 12:26:19,154 clean_steps INFO] Cleaning output for '../3_emref' using 20 cores.
[2026-02-13 12:26:19,273 libtimer INFO] compressing took 0 seconds
[2026-02-13 12:26:19,273 cli_analyse INFO] CAPRI files identified
[2026-02-13 12:26:19,275 cli_analyse INFO] Plotting results..
[2026-02-13 12:26:20,457 cli_analyse INFO] Summary archive summary.tgz created!
[2026-02-13 12:26:20,458 cli_analyse INFO] moving files to analysis folder
[2026-02-13 12:26:20,458 cli_analyse INFO] cancelling unsuccesful analysis folders
[2026-02-13 12:26:20,458 cli_analyse INFO] updating paths in analysis/1_rigidbody_analysis/capri_ss.tsv
[2026-02-13 12:26:20,458 cli_analyse INFO] View the results in analysis/1_rigidbody_analysis/report.html
[2026-02-13 12:26:20,458 cli_analyse INFO] To view structures or download the structure files, in a terminal run the command `python -m http.server --directory /mnt/Data/PopOS/Data_Ana/Wu/clawdPorjects/HADDOCK_test/results/run_Pos_AGGTTTAGTAAGCCAT-1_contig_1_1`. By default, http server runs on `http://0.0.0.0:8000/`. Open the link http://0.0.0.0:8000/analysis/1_rigidbody_analysis/report.html in a web browser.
[2026-02-13 12:26:20,458 cli_analyse INFO] updating paths in analysis/2_flexref_analysis/capri_ss.tsv
[2026-02-13 12:26:20,458 cli_analyse INFO] View the results in analysis/2_flexref_analysis/report.html
[2026-02-13 12:26:20,458 cli_analyse INFO] To view structures or download the structure files, in a terminal run the command `python -m http.server --directory /mnt/Data/PopOS/Data_Ana/Wu/clawdPorjects/HADDOCK_test/results/run_Pos_AGGTTTAGTAAGCCAT-1_contig_1_1`. By default, http server runs on `http://0.0.0.0:8000/`. Open the link http://0.0.0.0:8000/analysis/2_flexref_analysis/report.html in a web browser.
[2026-02-13 12:26:20,458 cli_analyse INFO] updating paths in analysis/3_emref_analysis/capri_ss.tsv
[2026-02-13 12:26:20,459 cli_analyse INFO] View the results in analysis/3_emref_analysis/report.html
[2026-02-13 12:26:20,459 cli_analyse INFO] To view structures or download the structure files, in a terminal run the command `python -m http.server --directory /mnt/Data/PopOS/Data_Ana/Wu/clawdPorjects/HADDOCK_test/results/run_Pos_AGGTTTAGTAAGCCAT-1_contig_1_1`. By default, http server runs on `http://0.0.0.0:8000/`. Open the link http://0.0.0.0:8000/analysis/3_emref_analysis/report.html in a web browser.
[2026-02-13 12:26:20,459 cli_traceback INFO] Running haddock3-traceback on ./
[2026-02-13 12:26:20,459 cli_traceback INFO] Reading input run directory
[2026-02-13 12:26:20,459 cli_traceback INFO] All_steps: 0_topoaa, 1_rigidbody, 2_flexref, 3_emref
[2026-02-13 12:26:20,459 cli_traceback INFO] Modules not to be analysed: 0_topoaa
[2026-02-13 12:26:20,459 cli_traceback INFO] Steps to trace back: 1_rigidbody, 2_flexref, 3_emref
[2026-02-13 12:26:20,460 cli_traceback INFO] Created directory: /mnt/Data/PopOS/Data_Ana/Wu/clawdPorjects/HADDOCK_test/results/run_Pos_AGGTTTAGTAAGCCAT-1_contig_1_1/traceback
[2026-02-13 12:26:20,460 cli_traceback INFO] Tracing back step 3_emref
[2026-02-13 12:26:20,462 cli_traceback INFO] Tracing back step 2_flexref
[2026-02-13 12:26:20,464 cli_traceback INFO] Tracing back step 1_rigidbody
[2026-02-13 12:26:20,468 cli_traceback INFO] Output dataframe traceback/traceback.tsv created with shape (20, 8)
[2026-02-13 12:26:20,494 clean_steps INFO] Cleaning output for '0_topoaa' using 20 cores.
[2026-02-13 12:26:20,641 libtimer INFO] cleaning output files took 0 seconds
[2026-02-13 12:26:20,641 clean_steps INFO] Cleaning output for '1_rigidbody' using 20 cores.
[2026-02-13 12:26:20,659 libtimer INFO] cleaning output files took 0 seconds
[2026-02-13 12:26:20,659 clean_steps INFO] Cleaning output for '2_flexref' using 20 cores.
[2026-02-13 12:26:20,686 libtimer INFO] cleaning output files took 0 seconds
[2026-02-13 12:26:20,686 clean_steps INFO] Cleaning output for '3_emref' using 20 cores.
[2026-02-13 12:26:20,721 libtimer INFO] cleaning output files took 0 seconds
[2026-02-13 12:26:20,721 cli INFO] This HADDOCK3 run took: 2 minutes and 8 seconds
[2026-02-13 12:26:20,721 greetings INFO] Your feedback matters in Haddock3! Share your experience and help us grow:
[2026-02-13 12:26:20,722 greetings INFO] GitHub issues: https://github.com/haddocking/haddock3/issues
[2026-02-13 12:26:20,722 greetings INFO] BioExcel feedback: https://www.bonvinlab.org/feedback
[2026-02-13 12:26:20,722 greetings INFO] BioExcel forum: https://ask.bioexcel.eu/c/haddock/6
[2026-02-13 12:26:20,722 cli INFO] Finished at 13/02/2026 12:26:20. Agur! Até logo! 再见!
