[2026-02-06 21:11:12,628 cli INFO] 
##############################################
#                                            #
#                 HADDOCK3                   #
#                                            #
##############################################

!! Some of the HADDOCK3 components use CNS (Crystallographic and NMR System) which is free of use for non-profit applications. !!
!! For commercial use it is your own responsibility to have a proper license. !!
!! For details refer to the DISCLAIMER file in the HADDOCK3 repository. !!

Starting HADDOCK3 v2024.10.0b7 on 2026-02-06 21:11:00

Python 3.10.12 (main, Feb  4 2025, 14:57:36) [GCC 11.4.0]

[2026-02-06 21:11:16,373 libworkflow INFO] Reading instructions step 0_topoaa
[2026-02-06 21:11:16,373 libworkflow INFO] Reading instructions step 1_rigidbody
[2026-02-06 21:11:16,373 libworkflow INFO] Reading instructions step 2_flexref
[2026-02-06 21:11:16,373 libworkflow INFO] Reading instructions step 3_emref
[2026-02-06 21:11:16,373 libworkflow INFO] Reading instructions step 4_caprieval
[2026-02-06 21:11:16,387 base_cns_module INFO] Running [topoaa] module
[2026-02-06 21:11:16,387 __init__ INFO] [topoaa] Molecule 1: receptor_single_refold_8IUY_Epi.pdb
[2026-02-06 21:11:16,388 __init__ INFO] [topoaa] Sanitizing molecule receptor_single_refold_8IUY_Epi.pdb
[2026-02-06 21:11:16,395 __init__ INFO] [topoaa] Topology CNS input created
[2026-02-06 21:11:16,395 __init__ INFO] [topoaa] Molecule 2: ligand_single_refold_8IUY_Epi.pdb
[2026-02-06 21:11:16,395 __init__ INFO] [topoaa] Sanitizing molecule ligand_single_refold_8IUY_Epi.pdb
[2026-02-06 21:11:16,399 __init__ INFO] [topoaa] Topology CNS input created
[2026-02-06 21:11:16,399 __init__ INFO] [topoaa] Running CNS Jobs n=2
[2026-02-06 21:11:16,399 libutil INFO] Selected 2 cores to process 2 jobs, with 32 maximum available cores.
[2026-02-06 21:11:16,400 libparallel INFO] Using 2 cores
[2026-02-06 21:11:19,544 libparallel INFO] 2 tasks finished
[2026-02-06 21:11:19,544 __init__ INFO] [topoaa] CNS jobs have finished
[2026-02-06 21:11:19,546 base_cns_module INFO] Module [topoaa] finished.
[2026-02-06 21:11:19,546 __init__ INFO] [topoaa] took 3 seconds
[2026-02-06 21:11:19,887 base_cns_module INFO] Running [rigidbody] module
[2026-02-06 21:11:19,887 __init__ INFO] [rigidbody] crossdock=true
[2026-02-06 21:11:19,887 __init__ INFO] [rigidbody] Preparing jobs...
[2026-02-06 21:11:19,890 libutil INFO] Selected 20 cores to process 20 jobs, with 32 maximum available cores.
[2026-02-06 21:11:19,890 libparallel INFO] Using 20 cores
[2026-02-06 21:11:19,917 libparallel INFO] 20 tasks finished
[2026-02-06 21:11:19,918 __init__ INFO] [rigidbody] Preparation took 0.030664 seconds
[2026-02-06 21:11:19,919 __init__ INFO] [rigidbody] Running CNS Jobs n=20
[2026-02-06 21:11:19,919 libutil INFO] Selected 20 cores to process 20 jobs, with 32 maximum available cores.
[2026-02-06 21:11:19,920 libparallel INFO] Using 20 cores
[2026-02-06 21:11:31,660 libparallel INFO] 20 tasks finished
[2026-02-06 21:11:31,660 __init__ INFO] [rigidbody] CNS jobs have finished
[2026-02-06 21:11:31,688 base_cns_module INFO] Module [rigidbody] finished.
[2026-02-06 21:11:31,688 __init__ INFO] [rigidbody] took 12 seconds
[2026-02-06 21:11:32,068 base_cns_module INFO] Running [flexref] module
[2026-02-06 21:11:32,125 __init__ INFO] [flexref] Running CNS Jobs n=20
[2026-02-06 21:11:32,125 libutil INFO] Selected 20 cores to process 20 jobs, with 32 maximum available cores.
[2026-02-06 21:11:32,126 libparallel INFO] Using 20 cores
[2026-02-06 21:13:01,257 libparallel INFO] 20 tasks finished
[2026-02-06 21:13:01,257 __init__ INFO] [flexref] CNS jobs have finished
[2026-02-06 21:13:01,284 base_cns_module INFO] Module [flexref] finished.
[2026-02-06 21:13:01,284 __init__ INFO] [flexref] took 1 minute and 29 seconds
[2026-02-06 21:13:01,625 base_cns_module INFO] Running [emref] module
[2026-02-06 21:13:01,681 __init__ INFO] [emref] Running CNS Jobs n=20
[2026-02-06 21:13:01,681 libutil INFO] Selected 20 cores to process 20 jobs, with 32 maximum available cores.
[2026-02-06 21:13:01,681 libparallel INFO] Using 20 cores
[2026-02-06 21:13:08,480 libparallel INFO] 20 tasks finished
[2026-02-06 21:13:08,480 __init__ INFO] [emref] CNS jobs have finished
[2026-02-06 21:13:08,511 base_cns_module INFO] Module [emref] finished.
[2026-02-06 21:13:08,511 __init__ INFO] [emref] took 7 seconds
[2026-02-06 21:13:08,526 __init__ INFO] Running [caprieval] module
[2026-02-06 21:13:08,526 capri INFO] Found previous CNS step: 3_emref
[2026-02-06 21:13:08,628 capri INFO] Saved scoring weights to: weights_params.json
[2026-02-06 21:13:08,628 __init__ INFO] [caprieval] No reference structure provided. Using the structure with the lowest score from previous step
[2026-02-06 21:13:08,709 libutil INFO] Selected 20 cores to process 20 jobs, with 32 maximum available cores.
[2026-02-06 21:13:08,710 libparallel INFO] Using 20 cores
[2026-02-06 21:13:09,128 libparallel INFO] 20 tasks finished
[2026-02-06 21:13:09,129 capri INFO] Rearranging cluster information into capri_clt.tsv
[2026-02-06 21:13:09,135 __init__ INFO] Module [caprieval] finished.
[2026-02-06 21:13:09,136 __init__ INFO] [caprieval] took 1 seconds
[2026-02-06 21:13:09,136 cli_analyse INFO] Running haddock3-analyse on ./, modules [4], with top_cluster = 10
[2026-02-06 21:13:09,142 cli_analyse INFO] Created directory: /mnt/Data/PopOS/Data_Ana/Wu/clawdPorjects/HADDOCK_test/results_full/run_refold_8IUY_Epi/analysis
[2026-02-06 21:13:09,142 cli_analyse INFO] Reading input run directory
[2026-02-06 21:13:09,142 cli_analyse INFO] selected steps: 4_caprieval
[2026-02-06 21:13:09,142 cli_analyse INFO] Analysing step 4_caprieval
[2026-02-06 21:13:09,142 cli_analyse INFO] step 4_caprieval is caprieval, files should be already available
[2026-02-06 21:13:09,143 cli_analyse INFO] CAPRI files identified
[2026-02-06 21:13:09,145 cli_analyse INFO] Plotting results..
[2026-02-06 21:13:10,332 cli_analyse INFO] Summary archive summary.tgz created!
[2026-02-06 21:13:10,333 cli_analyse INFO] moving files to analysis folder
[2026-02-06 21:13:10,333 cli_analyse INFO] updating paths in analysis/4_caprieval_analysis/capri_ss.tsv
[2026-02-06 21:13:10,333 cli_analyse INFO] View the results in analysis/4_caprieval_analysis/report.html
[2026-02-06 21:13:10,333 cli_analyse INFO] To view structures or download the structure files, in a terminal run the command `python -m http.server --directory /mnt/Data/PopOS/Data_Ana/Wu/clawdPorjects/HADDOCK_test/results_full/run_refold_8IUY_Epi`. By default, http server runs on `http://0.0.0.0:8000/`. Open the link http://0.0.0.0:8000/analysis/4_caprieval_analysis/report.html in a web browser.
[2026-02-06 21:13:10,333 cli_traceback INFO] Running haddock3-traceback on ./
[2026-02-06 21:13:10,333 cli_traceback INFO] Reading input run directory
[2026-02-06 21:13:10,333 cli_traceback INFO] All_steps: 0_topoaa, 1_rigidbody, 2_flexref, 3_emref, 4_caprieval
[2026-02-06 21:13:10,333 cli_traceback INFO] Modules not to be analysed: 0_topoaa, 4_caprieval
[2026-02-06 21:13:10,334 cli_traceback INFO] Steps to trace back: 1_rigidbody, 2_flexref, 3_emref
[2026-02-06 21:13:10,334 cli_traceback INFO] Created directory: /mnt/Data/PopOS/Data_Ana/Wu/clawdPorjects/HADDOCK_test/results_full/run_refold_8IUY_Epi/traceback
[2026-02-06 21:13:10,334 cli_traceback INFO] Tracing back step 3_emref
[2026-02-06 21:13:10,336 cli_traceback INFO] Tracing back step 2_flexref
[2026-02-06 21:13:10,338 cli_traceback INFO] Tracing back step 1_rigidbody
[2026-02-06 21:13:10,341 cli_traceback INFO] Output dataframe traceback/traceback.tsv created with shape (20, 8)
[2026-02-06 21:13:10,368 clean_steps INFO] Cleaning output for '0_topoaa' using 20 cores.
[2026-02-06 21:13:10,505 libtimer INFO] cleaning output files took 0 seconds
[2026-02-06 21:13:10,505 clean_steps INFO] Cleaning output for '1_rigidbody' using 20 cores.
[2026-02-06 21:13:10,629 libtimer INFO] cleaning output files took 0 seconds
[2026-02-06 21:13:10,629 clean_steps INFO] Cleaning output for '2_flexref' using 20 cores.
[2026-02-06 21:13:10,749 libtimer INFO] cleaning output files took 0 seconds
[2026-02-06 21:13:10,750 clean_steps INFO] Cleaning output for '3_emref' using 20 cores.
[2026-02-06 21:13:10,868 libtimer INFO] cleaning output files took 0 seconds
[2026-02-06 21:13:10,869 clean_steps INFO] Cleaning output for '4_caprieval' using 20 cores.
[2026-02-06 21:13:10,879 libtimer INFO] cleaning output files took 0 seconds
[2026-02-06 21:13:10,880 cli INFO] This HADDOCK3 run took: 1 minute and 58 seconds
[2026-02-06 21:13:10,880 greetings INFO] Your feedback matters in Haddock3! Share your experience and help us grow:
[2026-02-06 21:13:10,880 greetings INFO] GitHub issues: https://github.com/haddocking/haddock3/issues
[2026-02-06 21:13:10,880 greetings INFO] BioExcel feedback: https://www.bonvinlab.org/feedback
[2026-02-06 21:13:10,880 greetings INFO] BioExcel forum: https://ask.bioexcel.eu/c/haddock/6
[2026-02-06 21:13:10,880 cli INFO] Finished at 06/02/2026 21:13:10. Até logo! La revedere! Good bye!
