[2026-02-13 11:58:46,064 cli INFO] 
##############################################
#                                            #
#                 HADDOCK3                   #
#                                            #
##############################################

!! Some of the HADDOCK3 components use CNS (Crystallographic and NMR System) which is free of use for non-profit applications. !!
!! For commercial use it is your own responsibility to have a proper license. !!
!! For details refer to the DISCLAIMER file in the HADDOCK3 repository. !!

Starting HADDOCK3 v2024.10.0b7 on 2026-02-13 11:58:00

Python 3.10.12 (main, Feb  4 2025, 14:57:36) [GCC 11.4.0]

[2026-02-13 11:58:49,836 libworkflow INFO] Reading instructions step 0_topoaa
[2026-02-13 11:58:49,836 libworkflow INFO] Reading instructions step 1_rigidbody
[2026-02-13 11:58:49,836 libworkflow INFO] Reading instructions step 2_flexref
[2026-02-13 11:58:49,837 libworkflow INFO] Reading instructions step 3_emref
[2026-02-13 11:58:49,858 base_cns_module INFO] Running [topoaa] module
[2026-02-13 11:58:49,858 __init__ INFO] [topoaa] Molecule 1: receptor_single_Neg_GGTTCATCACTAAGTC-1_contig_1_1.pdb
[2026-02-13 11:58:49,860 __init__ INFO] [topoaa] Sanitizing molecule receptor_single_Neg_GGTTCATCACTAAGTC-1_contig_1_1.pdb
[2026-02-13 11:58:49,869 __init__ INFO] [topoaa] Topology CNS input created
[2026-02-13 11:58:49,869 __init__ INFO] [topoaa] Molecule 2: ligand_single_Neg_GGTTCATCACTAAGTC-1_contig_1_1.pdb
[2026-02-13 11:58:49,870 __init__ INFO] [topoaa] Sanitizing molecule ligand_single_Neg_GGTTCATCACTAAGTC-1_contig_1_1.pdb
[2026-02-13 11:58:49,879 __init__ INFO] [topoaa] Topology CNS input created
[2026-02-13 11:58:49,879 __init__ INFO] [topoaa] Running CNS Jobs n=2
[2026-02-13 11:58:49,879 libutil INFO] Selected 2 cores to process 2 jobs, with 32 maximum available cores.
[2026-02-13 11:58:49,881 libparallel INFO] Using 2 cores
[2026-02-13 11:58:53,123 libparallel INFO] 2 tasks finished
[2026-02-13 11:58:53,123 __init__ INFO] [topoaa] CNS jobs have finished
[2026-02-13 11:58:53,125 base_cns_module INFO] Module [topoaa] finished.
[2026-02-13 11:58:53,125 __init__ INFO] [topoaa] took 3 seconds
[2026-02-13 11:58:53,468 base_cns_module INFO] Running [rigidbody] module
[2026-02-13 11:58:53,469 __init__ INFO] [rigidbody] crossdock=true
[2026-02-13 11:58:53,469 __init__ INFO] [rigidbody] Preparing jobs...
[2026-02-13 11:58:53,471 libutil INFO] Selected 20 cores to process 20 jobs, with 32 maximum available cores.
[2026-02-13 11:58:53,471 libparallel INFO] Using 20 cores
[2026-02-13 11:58:53,500 libparallel INFO] 20 tasks finished
[2026-02-13 11:58:53,500 __init__ INFO] [rigidbody] Preparation took 0.031355 seconds
[2026-02-13 11:58:53,502 __init__ INFO] [rigidbody] Running CNS Jobs n=20
[2026-02-13 11:58:53,502 libutil INFO] Selected 20 cores to process 20 jobs, with 32 maximum available cores.
[2026-02-13 11:58:53,502 libparallel INFO] Using 20 cores
[2026-02-13 11:59:04,350 libparallel INFO] 20 tasks finished
[2026-02-13 11:59:04,350 __init__ INFO] [rigidbody] CNS jobs have finished
[2026-02-13 11:59:04,384 base_cns_module INFO] Module [rigidbody] finished.
[2026-02-13 11:59:04,385 __init__ INFO] [rigidbody] took 11 seconds
[2026-02-13 11:59:04,765 base_cns_module INFO] Running [flexref] module
[2026-02-13 11:59:04,822 __init__ INFO] [flexref] Running CNS Jobs n=20
[2026-02-13 11:59:04,822 libutil INFO] Selected 20 cores to process 20 jobs, with 32 maximum available cores.
[2026-02-13 11:59:04,822 libparallel INFO] Using 20 cores
[2026-02-13 12:00:39,956 libparallel INFO] 20 tasks finished
[2026-02-13 12:00:39,956 __init__ INFO] [flexref] CNS jobs have finished
[2026-02-13 12:00:39,999 base_cns_module INFO] Module [flexref] finished.
[2026-02-13 12:00:39,999 __init__ INFO] [flexref] took 1 minute and 35 seconds
[2026-02-13 12:00:40,346 base_cns_module INFO] Running [emref] module
[2026-02-13 12:00:40,402 __init__ INFO] [emref] Running CNS Jobs n=20
[2026-02-13 12:00:40,402 libutil INFO] Selected 20 cores to process 20 jobs, with 32 maximum available cores.
[2026-02-13 12:00:40,403 libparallel INFO] Using 20 cores
[2026-02-13 12:00:47,921 libparallel INFO] 20 tasks finished
[2026-02-13 12:00:47,921 __init__ INFO] [emref] CNS jobs have finished
[2026-02-13 12:00:47,965 base_cns_module INFO] Module [emref] finished.
[2026-02-13 12:00:47,965 __init__ INFO] [emref] took 8 seconds
[2026-02-13 12:00:47,966 cli_analyse INFO] Running haddock3-analyse on ./, modules [], with top_cluster = 10
[2026-02-13 12:00:47,975 cli_analyse INFO] Created directory: /mnt/Data/PopOS/Data_Ana/Wu/clawdPorjects/HADDOCK_test/results/run_Neg_GGTTCATCACTAAGTC-1_contig_1_1/analysis
[2026-02-13 12:00:47,975 cli_analyse INFO] Reading input run directory
[2026-02-13 12:00:47,975 cli_analyse INFO] selected steps: 0_topoaa, 1_rigidbody, 2_flexref, 3_emref
[2026-02-13 12:00:47,975 cli_analyse INFO] Analysing step 0_topoaa
[2026-02-13 12:00:47,975 cli_analyse WARNING] Could not execute the analysis for step 0_topoaa. The following error occurred 'dict' object has no attribute 'rel_path'
[2026-02-13 12:00:47,975 cli_analyse INFO] Analysing step 1_rigidbody
[2026-02-13 12:00:47,977 cli_unpack INFO] Unpacking '../1_rigidbody' folder
[2026-02-13 12:00:47,977 libtimer INFO] unpacking took 0 seconds
[2026-02-13 12:00:47,990 capri INFO] Found previous CNS step: 1_rigidbody
[2026-02-13 12:00:48,097 capri INFO] Saved scoring weights to: weights_params.json
[2026-02-13 12:00:48,098 __init__ INFO] [caprieval] No reference structure provided. Using the structure with the lowest score from previous step
[2026-02-13 12:00:48,182 libutil INFO] Selected 20 cores to process 20 jobs, with 32 maximum available cores.
[2026-02-13 12:00:48,182 libparallel INFO] Using 20 cores
[2026-02-13 12:00:48,607 libparallel INFO] 20 tasks finished
[2026-02-13 12:00:48,608 capri INFO] Rearranging cluster information into capri_clt.tsv
[2026-02-13 12:00:48,614 cli_clean INFO] Compressing '../1_rigidbody' folder
[2026-02-13 12:00:48,614 clean_steps INFO] Cleaning output for '../1_rigidbody' using 20 cores.
[2026-02-13 12:00:48,731 libtimer INFO] compressing took 0 seconds
[2026-02-13 12:00:48,731 cli_analyse INFO] CAPRI files identified
[2026-02-13 12:00:48,733 cli_analyse INFO] Plotting results..
[2026-02-13 12:00:49,967 cli_analyse INFO] Summary archive summary.tgz created!
[2026-02-13 12:00:49,968 cli_analyse INFO] Analysing step 2_flexref
[2026-02-13 12:00:49,970 cli_unpack INFO] Unpacking '../2_flexref' folder
[2026-02-13 12:00:49,970 libtimer INFO] unpacking took 0 seconds
[2026-02-13 12:00:49,983 capri INFO] Found previous CNS step: 2_flexref
[2026-02-13 12:00:50,223 capri INFO] Saved scoring weights to: weights_params.json
[2026-02-13 12:00:50,223 __init__ INFO] [caprieval] No reference structure provided. Using the structure with the lowest score from previous step
[2026-02-13 12:00:50,309 libutil INFO] Selected 20 cores to process 20 jobs, with 32 maximum available cores.
[2026-02-13 12:00:50,310 libparallel INFO] Using 20 cores
[2026-02-13 12:00:50,690 libparallel INFO] 20 tasks finished
[2026-02-13 12:00:50,691 capri INFO] Rearranging cluster information into capri_clt.tsv
[2026-02-13 12:00:50,695 cli_clean INFO] Compressing '../2_flexref' folder
[2026-02-13 12:00:50,695 clean_steps INFO] Cleaning output for '../2_flexref' using 20 cores.
[2026-02-13 12:00:50,817 libtimer INFO] compressing took 0 seconds
[2026-02-13 12:00:50,817 cli_analyse INFO] CAPRI files identified
[2026-02-13 12:00:50,819 cli_analyse INFO] Plotting results..
[2026-02-13 12:00:51,916 cli_analyse INFO] Summary archive summary.tgz created!
[2026-02-13 12:00:51,916 cli_analyse INFO] Analysing step 3_emref
[2026-02-13 12:00:51,918 cli_unpack INFO] Unpacking '../3_emref' folder
[2026-02-13 12:00:51,919 libtimer INFO] unpacking took 0 seconds
[2026-02-13 12:00:51,932 capri INFO] Found previous CNS step: 3_emref
[2026-02-13 12:00:52,032 capri INFO] Saved scoring weights to: weights_params.json
[2026-02-13 12:00:52,032 __init__ INFO] [caprieval] No reference structure provided. Using the structure with the lowest score from previous step
[2026-02-13 12:00:52,117 libutil INFO] Selected 20 cores to process 20 jobs, with 32 maximum available cores.
[2026-02-13 12:00:52,118 libparallel INFO] Using 20 cores
[2026-02-13 12:00:52,507 libparallel INFO] 20 tasks finished
[2026-02-13 12:00:52,508 capri INFO] Rearranging cluster information into capri_clt.tsv
[2026-02-13 12:00:52,514 cli_clean INFO] Compressing '../3_emref' folder
[2026-02-13 12:00:52,515 clean_steps INFO] Cleaning output for '../3_emref' using 20 cores.
[2026-02-13 12:00:52,633 libtimer INFO] compressing took 0 seconds
[2026-02-13 12:00:52,634 cli_analyse INFO] CAPRI files identified
[2026-02-13 12:00:52,635 cli_analyse INFO] Plotting results..
[2026-02-13 12:00:53,735 cli_analyse INFO] Summary archive summary.tgz created!
[2026-02-13 12:00:53,735 cli_analyse INFO] moving files to analysis folder
[2026-02-13 12:00:53,735 cli_analyse INFO] cancelling unsuccesful analysis folders
[2026-02-13 12:00:53,735 cli_analyse INFO] updating paths in analysis/1_rigidbody_analysis/capri_ss.tsv
[2026-02-13 12:00:53,735 cli_analyse INFO] View the results in analysis/1_rigidbody_analysis/report.html
[2026-02-13 12:00:53,735 cli_analyse INFO] To view structures or download the structure files, in a terminal run the command `python -m http.server --directory /mnt/Data/PopOS/Data_Ana/Wu/clawdPorjects/HADDOCK_test/results/run_Neg_GGTTCATCACTAAGTC-1_contig_1_1`. By default, http server runs on `http://0.0.0.0:8000/`. Open the link http://0.0.0.0:8000/analysis/1_rigidbody_analysis/report.html in a web browser.
[2026-02-13 12:00:53,735 cli_analyse INFO] updating paths in analysis/2_flexref_analysis/capri_ss.tsv
[2026-02-13 12:00:53,736 cli_analyse INFO] View the results in analysis/2_flexref_analysis/report.html
[2026-02-13 12:00:53,736 cli_analyse INFO] To view structures or download the structure files, in a terminal run the command `python -m http.server --directory /mnt/Data/PopOS/Data_Ana/Wu/clawdPorjects/HADDOCK_test/results/run_Neg_GGTTCATCACTAAGTC-1_contig_1_1`. By default, http server runs on `http://0.0.0.0:8000/`. Open the link http://0.0.0.0:8000/analysis/2_flexref_analysis/report.html in a web browser.
[2026-02-13 12:00:53,736 cli_analyse INFO] updating paths in analysis/3_emref_analysis/capri_ss.tsv
[2026-02-13 12:00:53,736 cli_analyse INFO] View the results in analysis/3_emref_analysis/report.html
[2026-02-13 12:00:53,736 cli_analyse INFO] To view structures or download the structure files, in a terminal run the command `python -m http.server --directory /mnt/Data/PopOS/Data_Ana/Wu/clawdPorjects/HADDOCK_test/results/run_Neg_GGTTCATCACTAAGTC-1_contig_1_1`. By default, http server runs on `http://0.0.0.0:8000/`. Open the link http://0.0.0.0:8000/analysis/3_emref_analysis/report.html in a web browser.
[2026-02-13 12:00:53,736 cli_traceback INFO] Running haddock3-traceback on ./
[2026-02-13 12:00:53,736 cli_traceback INFO] Reading input run directory
[2026-02-13 12:00:53,736 cli_traceback INFO] All_steps: 0_topoaa, 1_rigidbody, 2_flexref, 3_emref
[2026-02-13 12:00:53,736 cli_traceback INFO] Modules not to be analysed: 0_topoaa
[2026-02-13 12:00:53,736 cli_traceback INFO] Steps to trace back: 1_rigidbody, 2_flexref, 3_emref
[2026-02-13 12:00:53,736 cli_traceback INFO] Created directory: /mnt/Data/PopOS/Data_Ana/Wu/clawdPorjects/HADDOCK_test/results/run_Neg_GGTTCATCACTAAGTC-1_contig_1_1/traceback
[2026-02-13 12:00:53,737 cli_traceback INFO] Tracing back step 3_emref
[2026-02-13 12:00:53,739 cli_traceback INFO] Tracing back step 2_flexref
[2026-02-13 12:00:53,741 cli_traceback INFO] Tracing back step 1_rigidbody
[2026-02-13 12:00:53,745 cli_traceback INFO] Output dataframe traceback/traceback.tsv created with shape (20, 8)
[2026-02-13 12:00:53,772 clean_steps INFO] Cleaning output for '0_topoaa' using 20 cores.
[2026-02-13 12:00:53,906 libtimer INFO] cleaning output files took 0 seconds
[2026-02-13 12:00:53,907 clean_steps INFO] Cleaning output for '1_rigidbody' using 20 cores.
[2026-02-13 12:00:53,915 libtimer INFO] cleaning output files took 0 seconds
[2026-02-13 12:00:53,915 clean_steps INFO] Cleaning output for '2_flexref' using 20 cores.
[2026-02-13 12:00:53,924 libtimer INFO] cleaning output files took 0 seconds
[2026-02-13 12:00:53,924 clean_steps INFO] Cleaning output for '3_emref' using 20 cores.
[2026-02-13 12:00:53,932 libtimer INFO] cleaning output files took 0 seconds
[2026-02-13 12:00:53,932 cli INFO] This HADDOCK3 run took: 2 minutes and 8 seconds
[2026-02-13 12:00:53,933 greetings INFO] Your feedback matters in Haddock3! Share your experience and help us grow:
[2026-02-13 12:00:53,933 greetings INFO] GitHub issues: https://github.com/haddocking/haddock3/issues
[2026-02-13 12:00:53,933 greetings INFO] BioExcel feedback: https://www.bonvinlab.org/feedback
[2026-02-13 12:00:53,933 greetings INFO] BioExcel forum: https://ask.bioexcel.eu/c/haddock/6
[2026-02-13 12:00:53,933 cli INFO] Finished at 13/02/2026 12:00:53. Au revoir! Good bye! Adéu-siau!
