[2026-02-06 21:50:29,314 cli INFO] 
##############################################
#                                            #
#                 HADDOCK3                   #
#                                            #
##############################################

!! Some of the HADDOCK3 components use CNS (Crystallographic and NMR System) which is free of use for non-profit applications. !!
!! For commercial use it is your own responsibility to have a proper license. !!
!! For details refer to the DISCLAIMER file in the HADDOCK3 repository. !!

Starting HADDOCK3 v2024.10.0b7 on 2026-02-06 21:50:00

Python 3.10.12 (main, Feb  4 2025, 14:57:36) [GCC 11.4.0]

[2026-02-06 21:50:33,099 libworkflow INFO] Reading instructions step 0_topoaa
[2026-02-06 21:50:33,099 libworkflow INFO] Reading instructions step 1_rigidbody
[2026-02-06 21:50:33,099 libworkflow INFO] Reading instructions step 2_flexref
[2026-02-06 21:50:33,099 libworkflow INFO] Reading instructions step 3_emref
[2026-02-06 21:50:33,099 libworkflow INFO] Reading instructions step 4_caprieval
[2026-02-06 21:50:33,113 base_cns_module INFO] Running [topoaa] module
[2026-02-06 21:50:33,114 __init__ INFO] [topoaa] Molecule 1: receptor_single_refold_9FM1_Epi.pdb
[2026-02-06 21:50:33,117 __init__ INFO] [topoaa] Sanitizing molecule receptor_single_refold_9FM1_Epi.pdb
[2026-02-06 21:50:33,137 __init__ INFO] [topoaa] Topology CNS input created
[2026-02-06 21:50:33,137 __init__ INFO] [topoaa] Molecule 2: ligand_single_refold_9FM1_Epi.pdb
[2026-02-06 21:50:33,138 __init__ INFO] [topoaa] Sanitizing molecule ligand_single_refold_9FM1_Epi.pdb
[2026-02-06 21:50:33,140 __init__ INFO] [topoaa] Topology CNS input created
[2026-02-06 21:50:33,140 __init__ INFO] [topoaa] Running CNS Jobs n=2
[2026-02-06 21:50:33,140 libutil INFO] Selected 2 cores to process 2 jobs, with 32 maximum available cores.
[2026-02-06 21:50:33,141 libparallel INFO] Using 2 cores
[2026-02-06 21:50:54,095 libparallel INFO] 2 tasks finished
[2026-02-06 21:50:54,096 __init__ INFO] [topoaa] CNS jobs have finished
[2026-02-06 21:50:54,098 base_cns_module INFO] Module [topoaa] finished.
[2026-02-06 21:50:54,098 __init__ INFO] [topoaa] took 21 seconds
[2026-02-06 21:50:54,436 base_cns_module INFO] Running [rigidbody] module
[2026-02-06 21:50:54,437 __init__ INFO] [rigidbody] crossdock=true
[2026-02-06 21:50:54,437 __init__ INFO] [rigidbody] Preparing jobs...
[2026-02-06 21:50:54,441 libutil INFO] Selected 20 cores to process 20 jobs, with 32 maximum available cores.
[2026-02-06 21:50:54,441 libparallel INFO] Using 20 cores
[2026-02-06 21:50:54,476 libparallel INFO] 20 tasks finished
[2026-02-06 21:50:54,476 __init__ INFO] [rigidbody] Preparation took 0.039681 seconds
[2026-02-06 21:50:54,478 __init__ INFO] [rigidbody] Running CNS Jobs n=20
[2026-02-06 21:50:54,478 libutil INFO] Selected 20 cores to process 20 jobs, with 32 maximum available cores.
[2026-02-06 21:50:54,478 libparallel INFO] Using 20 cores
[2026-02-06 21:51:29,489 libparallel INFO] 20 tasks finished
[2026-02-06 21:51:29,489 __init__ INFO] [rigidbody] CNS jobs have finished
[2026-02-06 21:51:29,578 base_cns_module INFO] Module [rigidbody] finished.
[2026-02-06 21:51:29,578 __init__ INFO] [rigidbody] took 35 seconds
[2026-02-06 21:51:29,967 base_cns_module INFO] Running [flexref] module
[2026-02-06 21:51:30,084 __init__ INFO] [flexref] Running CNS Jobs n=20
[2026-02-06 21:51:30,084 libutil INFO] Selected 20 cores to process 20 jobs, with 32 maximum available cores.
[2026-02-06 21:51:30,085 libparallel INFO] Using 20 cores
[2026-02-06 21:55:42,377 libparallel INFO] 20 tasks finished
[2026-02-06 21:55:42,377 __init__ INFO] [flexref] CNS jobs have finished
[2026-02-06 21:55:42,436 base_cns_module INFO] Module [flexref] finished.
[2026-02-06 21:55:42,436 __init__ INFO] [flexref] took 4 minutes and 12 seconds
[2026-02-06 21:55:42,777 base_cns_module INFO] Running [emref] module
[2026-02-06 21:55:42,892 __init__ INFO] [emref] Running CNS Jobs n=20
[2026-02-06 21:55:42,892 libutil INFO] Selected 20 cores to process 20 jobs, with 32 maximum available cores.
[2026-02-06 21:55:42,893 libparallel INFO] Using 20 cores
[2026-02-06 21:56:00,349 libparallel INFO] 20 tasks finished
[2026-02-06 21:56:00,349 __init__ INFO] [emref] CNS jobs have finished
[2026-02-06 21:56:00,409 base_cns_module INFO] Module [emref] finished.
[2026-02-06 21:56:00,409 __init__ INFO] [emref] took 18 seconds
[2026-02-06 21:56:00,424 __init__ INFO] Running [caprieval] module
[2026-02-06 21:56:00,425 capri INFO] Found previous CNS step: 3_emref
[2026-02-06 21:56:00,526 capri INFO] Saved scoring weights to: weights_params.json
[2026-02-06 21:56:00,526 __init__ INFO] [caprieval] No reference structure provided. Using the structure with the lowest score from previous step
[2026-02-06 21:56:00,708 libutil INFO] Selected 20 cores to process 20 jobs, with 32 maximum available cores.
[2026-02-06 21:56:00,708 libparallel INFO] Using 20 cores
[2026-02-06 21:56:01,635 libparallel INFO] 20 tasks finished
[2026-02-06 21:56:01,636 capri INFO] Rearranging cluster information into capri_clt.tsv
[2026-02-06 21:56:01,640 __init__ INFO] Module [caprieval] finished.
[2026-02-06 21:56:01,640 __init__ INFO] [caprieval] took 1 seconds
[2026-02-06 21:56:01,640 cli_analyse INFO] Running haddock3-analyse on ./, modules [4], with top_cluster = 10
[2026-02-06 21:56:01,647 cli_analyse INFO] Created directory: /mnt/Data/PopOS/Data_Ana/Wu/clawdPorjects/HADDOCK_test/results_full/run_refold_9FM1_Epi/analysis
[2026-02-06 21:56:01,647 cli_analyse INFO] Reading input run directory
[2026-02-06 21:56:01,647 cli_analyse INFO] selected steps: 4_caprieval
[2026-02-06 21:56:01,647 cli_analyse INFO] Analysing step 4_caprieval
[2026-02-06 21:56:01,647 cli_analyse INFO] step 4_caprieval is caprieval, files should be already available
[2026-02-06 21:56:01,648 cli_analyse INFO] CAPRI files identified
[2026-02-06 21:56:01,649 cli_analyse INFO] Plotting results..
[2026-02-06 21:56:03,491 cli_analyse INFO] Summary archive summary.tgz created!
[2026-02-06 21:56:03,491 cli_analyse INFO] moving files to analysis folder
[2026-02-06 21:56:03,492 cli_analyse INFO] updating paths in analysis/4_caprieval_analysis/capri_ss.tsv
[2026-02-06 21:56:03,492 cli_analyse INFO] View the results in analysis/4_caprieval_analysis/report.html
[2026-02-06 21:56:03,492 cli_analyse INFO] To view structures or download the structure files, in a terminal run the command `python -m http.server --directory /mnt/Data/PopOS/Data_Ana/Wu/clawdPorjects/HADDOCK_test/results_full/run_refold_9FM1_Epi`. By default, http server runs on `http://0.0.0.0:8000/`. Open the link http://0.0.0.0:8000/analysis/4_caprieval_analysis/report.html in a web browser.
[2026-02-06 21:56:03,492 cli_traceback INFO] Running haddock3-traceback on ./
[2026-02-06 21:56:03,492 cli_traceback INFO] Reading input run directory
[2026-02-06 21:56:03,492 cli_traceback INFO] All_steps: 0_topoaa, 1_rigidbody, 2_flexref, 3_emref, 4_caprieval
[2026-02-06 21:56:03,492 cli_traceback INFO] Modules not to be analysed: 0_topoaa, 4_caprieval
[2026-02-06 21:56:03,492 cli_traceback INFO] Steps to trace back: 1_rigidbody, 2_flexref, 3_emref
[2026-02-06 21:56:03,492 cli_traceback INFO] Created directory: /mnt/Data/PopOS/Data_Ana/Wu/clawdPorjects/HADDOCK_test/results_full/run_refold_9FM1_Epi/traceback
[2026-02-06 21:56:03,493 cli_traceback INFO] Tracing back step 3_emref
[2026-02-06 21:56:03,495 cli_traceback INFO] Tracing back step 2_flexref
[2026-02-06 21:56:03,497 cli_traceback INFO] Tracing back step 1_rigidbody
[2026-02-06 21:56:03,500 cli_traceback INFO] Output dataframe traceback/traceback.tsv created with shape (20, 8)
[2026-02-06 21:56:03,527 clean_steps INFO] Cleaning output for '0_topoaa' using 20 cores.
[2026-02-06 21:56:03,841 libtimer INFO] cleaning output files took 0 seconds
[2026-02-06 21:56:03,841 clean_steps INFO] Cleaning output for '1_rigidbody' using 20 cores.
[2026-02-06 21:56:04,060 libtimer INFO] cleaning output files took 0 seconds
[2026-02-06 21:56:04,060 clean_steps INFO] Cleaning output for '2_flexref' using 20 cores.
[2026-02-06 21:56:04,281 libtimer INFO] cleaning output files took 0 seconds
[2026-02-06 21:56:04,281 clean_steps INFO] Cleaning output for '3_emref' using 20 cores.
[2026-02-06 21:56:04,525 libtimer INFO] cleaning output files took 0 seconds
[2026-02-06 21:56:04,525 clean_steps INFO] Cleaning output for '4_caprieval' using 20 cores.
[2026-02-06 21:56:04,533 libtimer INFO] cleaning output files took 0 seconds
[2026-02-06 21:56:04,533 cli INFO] This HADDOCK3 run took: 5 minutes and 35 seconds
[2026-02-06 21:56:04,533 greetings INFO] Your feedback matters in Haddock3! Share your experience and help us grow:
[2026-02-06 21:56:04,533 greetings INFO] GitHub issues: https://github.com/haddocking/haddock3/issues
[2026-02-06 21:56:04,533 greetings INFO] BioExcel feedback: https://www.bonvinlab.org/feedback
[2026-02-06 21:56:04,533 greetings INFO] BioExcel forum: https://ask.bioexcel.eu/c/haddock/6
[2026-02-06 21:56:04,533 cli INFO] Finished at 06/02/2026 21:56:04. Ciao! 再见! Adiós!
