[2026-02-13 10:27:12,322 cli INFO] 
##############################################
#                                            #
#                 HADDOCK3                   #
#                                            #
##############################################

!! Some of the HADDOCK3 components use CNS (Crystallographic and NMR System) which is free of use for non-profit applications. !!
!! For commercial use it is your own responsibility to have a proper license. !!
!! For details refer to the DISCLAIMER file in the HADDOCK3 repository. !!

Starting HADDOCK3 v2024.10.0b7 on 2026-02-13 10:27:00

Python 3.10.12 (main, Feb  4 2025, 14:57:36) [GCC 11.4.0]

[2026-02-13 10:27:16,026 libworkflow INFO] Reading instructions step 0_topoaa
[2026-02-13 10:27:16,026 libworkflow INFO] Reading instructions step 1_rigidbody
[2026-02-13 10:27:16,026 libworkflow INFO] Reading instructions step 2_flexref
[2026-02-13 10:27:16,026 libworkflow INFO] Reading instructions step 3_emref
[2026-02-13 10:27:16,040 base_cns_module INFO] Running [topoaa] module
[2026-02-13 10:27:16,040 __init__ INFO] [topoaa] Molecule 1: receptor_single_Neg_AGCCCCTTCGCTCTAT-1_contig_1_1.pdb
[2026-02-13 10:27:16,042 __init__ INFO] [topoaa] Sanitizing molecule receptor_single_Neg_AGCCCCTTCGCTCTAT-1_contig_1_1.pdb
[2026-02-13 10:27:16,049 __init__ INFO] [topoaa] Topology CNS input created
[2026-02-13 10:27:16,049 __init__ INFO] [topoaa] Molecule 2: ligand_single_Neg_AGCCCCTTCGCTCTAT-1_contig_1_1.pdb
[2026-02-13 10:27:16,050 __init__ INFO] [topoaa] Sanitizing molecule ligand_single_Neg_AGCCCCTTCGCTCTAT-1_contig_1_1.pdb
[2026-02-13 10:27:16,056 __init__ INFO] [topoaa] Topology CNS input created
[2026-02-13 10:27:16,056 __init__ INFO] [topoaa] Running CNS Jobs n=2
[2026-02-13 10:27:16,056 libutil INFO] Selected 2 cores to process 2 jobs, with 32 maximum available cores.
[2026-02-13 10:27:16,057 libparallel INFO] Using 2 cores
[2026-02-13 10:27:19,278 libparallel INFO] 2 tasks finished
[2026-02-13 10:27:19,278 __init__ INFO] [topoaa] CNS jobs have finished
[2026-02-13 10:27:19,280 base_cns_module INFO] Module [topoaa] finished.
[2026-02-13 10:27:19,280 __init__ INFO] [topoaa] took 3 seconds
[2026-02-13 10:27:19,615 base_cns_module INFO] Running [rigidbody] module
[2026-02-13 10:27:19,616 __init__ INFO] [rigidbody] crossdock=true
[2026-02-13 10:27:19,616 __init__ INFO] [rigidbody] Preparing jobs...
[2026-02-13 10:27:19,618 libutil INFO] Selected 20 cores to process 20 jobs, with 32 maximum available cores.
[2026-02-13 10:27:19,618 libparallel INFO] Using 20 cores
[2026-02-13 10:27:19,647 libparallel INFO] 20 tasks finished
[2026-02-13 10:27:19,647 __init__ INFO] [rigidbody] Preparation took 0.031284 seconds
[2026-02-13 10:27:19,648 __init__ INFO] [rigidbody] Running CNS Jobs n=20
[2026-02-13 10:27:19,649 libutil INFO] Selected 20 cores to process 20 jobs, with 32 maximum available cores.
[2026-02-13 10:27:19,649 libparallel INFO] Using 20 cores
[2026-02-13 10:27:30,020 libparallel INFO] 20 tasks finished
[2026-02-13 10:27:30,020 __init__ INFO] [rigidbody] CNS jobs have finished
[2026-02-13 10:27:30,074 base_cns_module INFO] Module [rigidbody] finished.
[2026-02-13 10:27:30,075 __init__ INFO] [rigidbody] took 10 seconds
[2026-02-13 10:27:30,457 base_cns_module INFO] Running [flexref] module
[2026-02-13 10:27:30,514 __init__ INFO] [flexref] Running CNS Jobs n=20
[2026-02-13 10:27:30,514 libutil INFO] Selected 20 cores to process 20 jobs, with 32 maximum available cores.
[2026-02-13 10:27:30,515 libparallel INFO] Using 20 cores
[2026-02-13 10:29:01,602 libparallel INFO] 20 tasks finished
[2026-02-13 10:29:01,602 __init__ INFO] [flexref] CNS jobs have finished
[2026-02-13 10:29:01,631 base_cns_module INFO] Module [flexref] finished.
[2026-02-13 10:29:01,631 __init__ INFO] [flexref] took 1 minute and 31 seconds
[2026-02-13 10:29:01,969 base_cns_module INFO] Running [emref] module
[2026-02-13 10:29:02,026 __init__ INFO] [emref] Running CNS Jobs n=20
[2026-02-13 10:29:02,026 libutil INFO] Selected 20 cores to process 20 jobs, with 32 maximum available cores.
[2026-02-13 10:29:02,026 libparallel INFO] Using 20 cores
[2026-02-13 10:29:09,282 libparallel INFO] 20 tasks finished
[2026-02-13 10:29:09,282 __init__ INFO] [emref] CNS jobs have finished
[2026-02-13 10:29:09,312 base_cns_module INFO] Module [emref] finished.
[2026-02-13 10:29:09,312 __init__ INFO] [emref] took 7 seconds
[2026-02-13 10:29:09,312 cli_analyse INFO] Running haddock3-analyse on ./, modules [], with top_cluster = 10
[2026-02-13 10:29:09,318 cli_analyse INFO] Created directory: /mnt/Data/PopOS/Data_Ana/Wu/clawdPorjects/HADDOCK_test/results/run_Neg_AGCCCCTTCGCTCTAT-1_contig_1_1/analysis
[2026-02-13 10:29:09,318 cli_analyse INFO] Reading input run directory
[2026-02-13 10:29:09,318 cli_analyse INFO] selected steps: 0_topoaa, 1_rigidbody, 2_flexref, 3_emref
[2026-02-13 10:29:09,319 cli_analyse INFO] Analysing step 0_topoaa
[2026-02-13 10:29:09,319 cli_analyse WARNING] Could not execute the analysis for step 0_topoaa. The following error occurred 'dict' object has no attribute 'rel_path'
[2026-02-13 10:29:09,319 cli_analyse INFO] Analysing step 1_rigidbody
[2026-02-13 10:29:09,320 cli_unpack INFO] Unpacking '../1_rigidbody' folder
[2026-02-13 10:29:09,321 libtimer INFO] unpacking took 0 seconds
[2026-02-13 10:29:09,333 capri INFO] Found previous CNS step: 1_rigidbody
[2026-02-13 10:29:09,440 capri INFO] Saved scoring weights to: weights_params.json
[2026-02-13 10:29:09,440 __init__ INFO] [caprieval] No reference structure provided. Using the structure with the lowest score from previous step
[2026-02-13 10:29:09,525 libutil INFO] Selected 20 cores to process 20 jobs, with 32 maximum available cores.
[2026-02-13 10:29:09,526 libparallel INFO] Using 20 cores
[2026-02-13 10:29:09,968 libparallel INFO] 20 tasks finished
[2026-02-13 10:29:09,969 capri INFO] Rearranging cluster information into capri_clt.tsv
[2026-02-13 10:29:09,975 cli_clean INFO] Compressing '../1_rigidbody' folder
[2026-02-13 10:29:09,975 clean_steps INFO] Cleaning output for '../1_rigidbody' using 20 cores.
[2026-02-13 10:29:10,099 libtimer INFO] compressing took 0 seconds
[2026-02-13 10:29:10,099 cli_analyse INFO] CAPRI files identified
[2026-02-13 10:29:10,101 cli_analyse INFO] Plotting results..
[2026-02-13 10:29:11,343 cli_analyse INFO] Summary archive summary.tgz created!
[2026-02-13 10:29:11,343 cli_analyse INFO] Analysing step 2_flexref
[2026-02-13 10:29:11,345 cli_unpack INFO] Unpacking '../2_flexref' folder
[2026-02-13 10:29:11,345 libtimer INFO] unpacking took 0 seconds
[2026-02-13 10:29:11,359 capri INFO] Found previous CNS step: 2_flexref
[2026-02-13 10:29:11,595 capri INFO] Saved scoring weights to: weights_params.json
[2026-02-13 10:29:11,595 __init__ INFO] [caprieval] No reference structure provided. Using the structure with the lowest score from previous step
[2026-02-13 10:29:11,681 libutil INFO] Selected 20 cores to process 20 jobs, with 32 maximum available cores.
[2026-02-13 10:29:11,681 libparallel INFO] Using 20 cores
[2026-02-13 10:29:12,065 libparallel INFO] 20 tasks finished
[2026-02-13 10:29:12,066 capri INFO] Rearranging cluster information into capri_clt.tsv
[2026-02-13 10:29:12,073 cli_clean INFO] Compressing '../2_flexref' folder
[2026-02-13 10:29:12,073 clean_steps INFO] Cleaning output for '../2_flexref' using 20 cores.
[2026-02-13 10:29:12,205 libtimer INFO] compressing took 0 seconds
[2026-02-13 10:29:12,205 cli_analyse INFO] CAPRI files identified
[2026-02-13 10:29:12,206 cli_analyse INFO] Plotting results..
[2026-02-13 10:29:13,320 cli_analyse INFO] Summary archive summary.tgz created!
[2026-02-13 10:29:13,320 cli_analyse INFO] Analysing step 3_emref
[2026-02-13 10:29:13,322 cli_unpack INFO] Unpacking '../3_emref' folder
[2026-02-13 10:29:13,323 libtimer INFO] unpacking took 0 seconds
[2026-02-13 10:29:13,336 capri INFO] Found previous CNS step: 3_emref
[2026-02-13 10:29:13,436 capri INFO] Saved scoring weights to: weights_params.json
[2026-02-13 10:29:13,436 __init__ INFO] [caprieval] No reference structure provided. Using the structure with the lowest score from previous step
[2026-02-13 10:29:13,523 libutil INFO] Selected 20 cores to process 20 jobs, with 32 maximum available cores.
[2026-02-13 10:29:13,523 libparallel INFO] Using 20 cores
[2026-02-13 10:29:13,948 libparallel INFO] 20 tasks finished
[2026-02-13 10:29:13,949 capri INFO] Rearranging cluster information into capri_clt.tsv
[2026-02-13 10:29:13,956 cli_clean INFO] Compressing '../3_emref' folder
[2026-02-13 10:29:13,957 clean_steps INFO] Cleaning output for '../3_emref' using 20 cores.
[2026-02-13 10:29:14,080 libtimer INFO] compressing took 0 seconds
[2026-02-13 10:29:14,081 cli_analyse INFO] CAPRI files identified
[2026-02-13 10:29:14,082 cli_analyse INFO] Plotting results..
[2026-02-13 10:29:15,204 cli_analyse INFO] Summary archive summary.tgz created!
[2026-02-13 10:29:15,204 cli_analyse INFO] moving files to analysis folder
[2026-02-13 10:29:15,205 cli_analyse INFO] cancelling unsuccesful analysis folders
[2026-02-13 10:29:15,205 cli_analyse INFO] updating paths in analysis/1_rigidbody_analysis/capri_ss.tsv
[2026-02-13 10:29:15,205 cli_analyse INFO] View the results in analysis/1_rigidbody_analysis/report.html
[2026-02-13 10:29:15,205 cli_analyse INFO] To view structures or download the structure files, in a terminal run the command `python -m http.server --directory /mnt/Data/PopOS/Data_Ana/Wu/clawdPorjects/HADDOCK_test/results/run_Neg_AGCCCCTTCGCTCTAT-1_contig_1_1`. By default, http server runs on `http://0.0.0.0:8000/`. Open the link http://0.0.0.0:8000/analysis/1_rigidbody_analysis/report.html in a web browser.
[2026-02-13 10:29:15,205 cli_analyse INFO] updating paths in analysis/2_flexref_analysis/capri_ss.tsv
[2026-02-13 10:29:15,205 cli_analyse INFO] View the results in analysis/2_flexref_analysis/report.html
[2026-02-13 10:29:15,205 cli_analyse INFO] To view structures or download the structure files, in a terminal run the command `python -m http.server --directory /mnt/Data/PopOS/Data_Ana/Wu/clawdPorjects/HADDOCK_test/results/run_Neg_AGCCCCTTCGCTCTAT-1_contig_1_1`. By default, http server runs on `http://0.0.0.0:8000/`. Open the link http://0.0.0.0:8000/analysis/2_flexref_analysis/report.html in a web browser.
[2026-02-13 10:29:15,205 cli_analyse INFO] updating paths in analysis/3_emref_analysis/capri_ss.tsv
[2026-02-13 10:29:15,205 cli_analyse INFO] View the results in analysis/3_emref_analysis/report.html
[2026-02-13 10:29:15,205 cli_analyse INFO] To view structures or download the structure files, in a terminal run the command `python -m http.server --directory /mnt/Data/PopOS/Data_Ana/Wu/clawdPorjects/HADDOCK_test/results/run_Neg_AGCCCCTTCGCTCTAT-1_contig_1_1`. By default, http server runs on `http://0.0.0.0:8000/`. Open the link http://0.0.0.0:8000/analysis/3_emref_analysis/report.html in a web browser.
[2026-02-13 10:29:15,205 cli_traceback INFO] Running haddock3-traceback on ./
[2026-02-13 10:29:15,205 cli_traceback INFO] Reading input run directory
[2026-02-13 10:29:15,205 cli_traceback INFO] All_steps: 0_topoaa, 1_rigidbody, 2_flexref, 3_emref
[2026-02-13 10:29:15,206 cli_traceback INFO] Modules not to be analysed: 0_topoaa
[2026-02-13 10:29:15,206 cli_traceback INFO] Steps to trace back: 1_rigidbody, 2_flexref, 3_emref
[2026-02-13 10:29:15,206 cli_traceback INFO] Created directory: /mnt/Data/PopOS/Data_Ana/Wu/clawdPorjects/HADDOCK_test/results/run_Neg_AGCCCCTTCGCTCTAT-1_contig_1_1/traceback
[2026-02-13 10:29:15,206 cli_traceback INFO] Tracing back step 3_emref
[2026-02-13 10:29:15,208 cli_traceback INFO] Tracing back step 2_flexref
[2026-02-13 10:29:15,210 cli_traceback INFO] Tracing back step 1_rigidbody
[2026-02-13 10:29:15,214 cli_traceback INFO] Output dataframe traceback/traceback.tsv created with shape (20, 8)
[2026-02-13 10:29:15,241 clean_steps INFO] Cleaning output for '0_topoaa' using 20 cores.
[2026-02-13 10:29:15,388 libtimer INFO] cleaning output files took 0 seconds
[2026-02-13 10:29:15,388 clean_steps INFO] Cleaning output for '1_rigidbody' using 20 cores.
[2026-02-13 10:29:15,403 libtimer INFO] cleaning output files took 0 seconds
[2026-02-13 10:29:15,403 clean_steps INFO] Cleaning output for '2_flexref' using 20 cores.
[2026-02-13 10:29:15,428 libtimer INFO] cleaning output files took 0 seconds
[2026-02-13 10:29:15,429 clean_steps INFO] Cleaning output for '3_emref' using 20 cores.
[2026-02-13 10:29:15,455 libtimer INFO] cleaning output files took 0 seconds
[2026-02-13 10:29:15,455 cli INFO] This HADDOCK3 run took: 2 minutes and 3 seconds
[2026-02-13 10:29:15,455 greetings INFO] Your feedback matters in Haddock3! Share your experience and help us grow:
[2026-02-13 10:29:15,455 greetings INFO] GitHub issues: https://github.com/haddocking/haddock3/issues
[2026-02-13 10:29:15,455 greetings INFO] BioExcel feedback: https://www.bonvinlab.org/feedback
[2026-02-13 10:29:15,455 greetings INFO] BioExcel forum: https://ask.bioexcel.eu/c/haddock/6
[2026-02-13 10:29:15,455 cli INFO] Finished at 13/02/2026 10:29:15. Tchau! Agur! Adéu-siau!
