[2026-02-13 11:01:27,430 cli INFO] 
##############################################
#                                            #
#                 HADDOCK3                   #
#                                            #
##############################################

!! Some of the HADDOCK3 components use CNS (Crystallographic and NMR System) which is free of use for non-profit applications. !!
!! For commercial use it is your own responsibility to have a proper license. !!
!! For details refer to the DISCLAIMER file in the HADDOCK3 repository. !!

Starting HADDOCK3 v2024.10.0b7 on 2026-02-13 11:01:00

Python 3.10.12 (main, Feb  4 2025, 14:57:36) [GCC 11.4.0]

[2026-02-13 11:01:31,103 libworkflow INFO] Reading instructions step 0_topoaa
[2026-02-13 11:01:31,103 libworkflow INFO] Reading instructions step 1_rigidbody
[2026-02-13 11:01:31,103 libworkflow INFO] Reading instructions step 2_flexref
[2026-02-13 11:01:31,103 libworkflow INFO] Reading instructions step 3_emref
[2026-02-13 11:01:31,117 base_cns_module INFO] Running [topoaa] module
[2026-02-13 11:01:31,117 __init__ INFO] [topoaa] Molecule 1: receptor_single_Neg_CATACTTGTACCATGG-1_contig_1_1.pdb
[2026-02-13 11:01:31,118 __init__ INFO] [topoaa] Sanitizing molecule receptor_single_Neg_CATACTTGTACCATGG-1_contig_1_1.pdb
[2026-02-13 11:01:31,125 __init__ INFO] [topoaa] Topology CNS input created
[2026-02-13 11:01:31,125 __init__ INFO] [topoaa] Molecule 2: ligand_single_Neg_CATACTTGTACCATGG-1_contig_1_1.pdb
[2026-02-13 11:01:31,126 __init__ INFO] [topoaa] Sanitizing molecule ligand_single_Neg_CATACTTGTACCATGG-1_contig_1_1.pdb
[2026-02-13 11:01:31,132 __init__ INFO] [topoaa] Topology CNS input created
[2026-02-13 11:01:31,132 __init__ INFO] [topoaa] Running CNS Jobs n=2
[2026-02-13 11:01:31,132 libutil INFO] Selected 2 cores to process 2 jobs, with 32 maximum available cores.
[2026-02-13 11:01:31,133 libparallel INFO] Using 2 cores
[2026-02-13 11:01:34,373 libparallel INFO] 2 tasks finished
[2026-02-13 11:01:34,373 __init__ INFO] [topoaa] CNS jobs have finished
[2026-02-13 11:01:34,375 base_cns_module INFO] Module [topoaa] finished.
[2026-02-13 11:01:34,375 __init__ INFO] [topoaa] took 3 seconds
[2026-02-13 11:01:34,717 base_cns_module INFO] Running [rigidbody] module
[2026-02-13 11:01:34,718 __init__ INFO] [rigidbody] crossdock=true
[2026-02-13 11:01:34,718 __init__ INFO] [rigidbody] Preparing jobs...
[2026-02-13 11:01:34,720 libutil INFO] Selected 20 cores to process 20 jobs, with 32 maximum available cores.
[2026-02-13 11:01:34,720 libparallel INFO] Using 20 cores
[2026-02-13 11:01:34,749 libparallel INFO] 20 tasks finished
[2026-02-13 11:01:34,749 __init__ INFO] [rigidbody] Preparation took 0.030919 seconds
[2026-02-13 11:01:34,750 __init__ INFO] [rigidbody] Running CNS Jobs n=20
[2026-02-13 11:01:34,750 libutil INFO] Selected 20 cores to process 20 jobs, with 32 maximum available cores.
[2026-02-13 11:01:34,751 libparallel INFO] Using 20 cores
[2026-02-13 11:01:45,261 libparallel INFO] 20 tasks finished
[2026-02-13 11:01:45,261 __init__ INFO] [rigidbody] CNS jobs have finished
[2026-02-13 11:01:45,287 base_cns_module INFO] Module [rigidbody] finished.
[2026-02-13 11:01:45,287 __init__ INFO] [rigidbody] took 11 seconds
[2026-02-13 11:01:45,665 base_cns_module INFO] Running [flexref] module
[2026-02-13 11:01:45,723 __init__ INFO] [flexref] Running CNS Jobs n=20
[2026-02-13 11:01:45,723 libutil INFO] Selected 20 cores to process 20 jobs, with 32 maximum available cores.
[2026-02-13 11:01:45,724 libparallel INFO] Using 20 cores
[2026-02-13 11:03:21,061 libparallel INFO] 20 tasks finished
[2026-02-13 11:03:21,061 __init__ INFO] [flexref] CNS jobs have finished
[2026-02-13 11:03:21,089 base_cns_module INFO] Module [flexref] finished.
[2026-02-13 11:03:21,089 __init__ INFO] [flexref] took 1 minute and 35 seconds
[2026-02-13 11:03:21,432 base_cns_module INFO] Running [emref] module
[2026-02-13 11:03:21,489 __init__ INFO] [emref] Running CNS Jobs n=20
[2026-02-13 11:03:21,489 libutil INFO] Selected 20 cores to process 20 jobs, with 32 maximum available cores.
[2026-02-13 11:03:21,489 libparallel INFO] Using 20 cores
[2026-02-13 11:03:28,788 libparallel INFO] 20 tasks finished
[2026-02-13 11:03:28,788 __init__ INFO] [emref] CNS jobs have finished
[2026-02-13 11:03:28,815 base_cns_module INFO] Module [emref] finished.
[2026-02-13 11:03:28,815 __init__ INFO] [emref] took 7 seconds
[2026-02-13 11:03:28,815 cli_analyse INFO] Running haddock3-analyse on ./, modules [], with top_cluster = 10
[2026-02-13 11:03:28,822 cli_analyse INFO] Created directory: /mnt/Data/PopOS/Data_Ana/Wu/clawdPorjects/HADDOCK_test/results/run_Neg_CATACTTGTACCATGG-1_contig_1_1/analysis
[2026-02-13 11:03:28,822 cli_analyse INFO] Reading input run directory
[2026-02-13 11:03:28,822 cli_analyse INFO] selected steps: 0_topoaa, 1_rigidbody, 2_flexref, 3_emref
[2026-02-13 11:03:28,822 cli_analyse INFO] Analysing step 0_topoaa
[2026-02-13 11:03:28,822 cli_analyse WARNING] Could not execute the analysis for step 0_topoaa. The following error occurred 'dict' object has no attribute 'rel_path'
[2026-02-13 11:03:28,822 cli_analyse INFO] Analysing step 1_rigidbody
[2026-02-13 11:03:28,824 cli_unpack INFO] Unpacking '../1_rigidbody' folder
[2026-02-13 11:03:28,824 libtimer INFO] unpacking took 0 seconds
[2026-02-13 11:03:28,837 capri INFO] Found previous CNS step: 1_rigidbody
[2026-02-13 11:03:28,948 capri INFO] Saved scoring weights to: weights_params.json
[2026-02-13 11:03:28,948 __init__ INFO] [caprieval] No reference structure provided. Using the structure with the lowest score from previous step
[2026-02-13 11:03:29,033 libutil INFO] Selected 20 cores to process 20 jobs, with 32 maximum available cores.
[2026-02-13 11:03:29,033 libparallel INFO] Using 20 cores
[2026-02-13 11:03:29,473 libparallel INFO] 20 tasks finished
[2026-02-13 11:03:29,474 capri INFO] Rearranging cluster information into capri_clt.tsv
[2026-02-13 11:03:29,478 cli_clean INFO] Compressing '../1_rigidbody' folder
[2026-02-13 11:03:29,479 clean_steps INFO] Cleaning output for '../1_rigidbody' using 20 cores.
[2026-02-13 11:03:29,597 libtimer INFO] compressing took 0 seconds
[2026-02-13 11:03:29,597 cli_analyse INFO] CAPRI files identified
[2026-02-13 11:03:29,600 cli_analyse INFO] Plotting results..
[2026-02-13 11:03:30,804 cli_analyse INFO] Summary archive summary.tgz created!
[2026-02-13 11:03:30,804 cli_analyse INFO] Analysing step 2_flexref
[2026-02-13 11:03:30,806 cli_unpack INFO] Unpacking '../2_flexref' folder
[2026-02-13 11:03:30,807 libtimer INFO] unpacking took 0 seconds
[2026-02-13 11:03:30,820 capri INFO] Found previous CNS step: 2_flexref
[2026-02-13 11:03:31,058 capri INFO] Saved scoring weights to: weights_params.json
[2026-02-13 11:03:31,058 __init__ INFO] [caprieval] No reference structure provided. Using the structure with the lowest score from previous step
[2026-02-13 11:03:31,147 libutil INFO] Selected 20 cores to process 20 jobs, with 32 maximum available cores.
[2026-02-13 11:03:31,147 libparallel INFO] Using 20 cores
[2026-02-13 11:03:31,528 libparallel INFO] 20 tasks finished
[2026-02-13 11:03:31,529 capri INFO] Rearranging cluster information into capri_clt.tsv
[2026-02-13 11:03:31,535 cli_clean INFO] Compressing '../2_flexref' folder
[2026-02-13 11:03:31,535 clean_steps INFO] Cleaning output for '../2_flexref' using 20 cores.
[2026-02-13 11:03:31,654 libtimer INFO] compressing took 0 seconds
[2026-02-13 11:03:31,655 cli_analyse INFO] CAPRI files identified
[2026-02-13 11:03:31,656 cli_analyse INFO] Plotting results..
[2026-02-13 11:03:32,754 cli_analyse INFO] Summary archive summary.tgz created!
[2026-02-13 11:03:32,754 cli_analyse INFO] Analysing step 3_emref
[2026-02-13 11:03:32,756 cli_unpack INFO] Unpacking '../3_emref' folder
[2026-02-13 11:03:32,757 libtimer INFO] unpacking took 0 seconds
[2026-02-13 11:03:32,770 capri INFO] Found previous CNS step: 3_emref
[2026-02-13 11:03:32,871 capri INFO] Saved scoring weights to: weights_params.json
[2026-02-13 11:03:32,871 __init__ INFO] [caprieval] No reference structure provided. Using the structure with the lowest score from previous step
[2026-02-13 11:03:32,959 libutil INFO] Selected 20 cores to process 20 jobs, with 32 maximum available cores.
[2026-02-13 11:03:32,960 libparallel INFO] Using 20 cores
[2026-02-13 11:03:33,351 libparallel INFO] 20 tasks finished
[2026-02-13 11:03:33,352 capri INFO] Rearranging cluster information into capri_clt.tsv
[2026-02-13 11:03:33,356 cli_clean INFO] Compressing '../3_emref' folder
[2026-02-13 11:03:33,356 clean_steps INFO] Cleaning output for '../3_emref' using 20 cores.
[2026-02-13 11:03:33,477 libtimer INFO] compressing took 0 seconds
[2026-02-13 11:03:33,477 cli_analyse INFO] CAPRI files identified
[2026-02-13 11:03:33,479 cli_analyse INFO] Plotting results..
[2026-02-13 11:03:34,577 cli_analyse INFO] Summary archive summary.tgz created!
[2026-02-13 11:03:34,577 cli_analyse INFO] moving files to analysis folder
[2026-02-13 11:03:34,577 cli_analyse INFO] cancelling unsuccesful analysis folders
[2026-02-13 11:03:34,577 cli_analyse INFO] updating paths in analysis/1_rigidbody_analysis/capri_ss.tsv
[2026-02-13 11:03:34,577 cli_analyse INFO] View the results in analysis/1_rigidbody_analysis/report.html
[2026-02-13 11:03:34,577 cli_analyse INFO] To view structures or download the structure files, in a terminal run the command `python -m http.server --directory /mnt/Data/PopOS/Data_Ana/Wu/clawdPorjects/HADDOCK_test/results/run_Neg_CATACTTGTACCATGG-1_contig_1_1`. By default, http server runs on `http://0.0.0.0:8000/`. Open the link http://0.0.0.0:8000/analysis/1_rigidbody_analysis/report.html in a web browser.
[2026-02-13 11:03:34,577 cli_analyse INFO] updating paths in analysis/2_flexref_analysis/capri_ss.tsv
[2026-02-13 11:03:34,578 cli_analyse INFO] View the results in analysis/2_flexref_analysis/report.html
[2026-02-13 11:03:34,578 cli_analyse INFO] To view structures or download the structure files, in a terminal run the command `python -m http.server --directory /mnt/Data/PopOS/Data_Ana/Wu/clawdPorjects/HADDOCK_test/results/run_Neg_CATACTTGTACCATGG-1_contig_1_1`. By default, http server runs on `http://0.0.0.0:8000/`. Open the link http://0.0.0.0:8000/analysis/2_flexref_analysis/report.html in a web browser.
[2026-02-13 11:03:34,578 cli_analyse INFO] updating paths in analysis/3_emref_analysis/capri_ss.tsv
[2026-02-13 11:03:34,578 cli_analyse INFO] View the results in analysis/3_emref_analysis/report.html
[2026-02-13 11:03:34,578 cli_analyse INFO] To view structures or download the structure files, in a terminal run the command `python -m http.server --directory /mnt/Data/PopOS/Data_Ana/Wu/clawdPorjects/HADDOCK_test/results/run_Neg_CATACTTGTACCATGG-1_contig_1_1`. By default, http server runs on `http://0.0.0.0:8000/`. Open the link http://0.0.0.0:8000/analysis/3_emref_analysis/report.html in a web browser.
[2026-02-13 11:03:34,578 cli_traceback INFO] Running haddock3-traceback on ./
[2026-02-13 11:03:34,578 cli_traceback INFO] Reading input run directory
[2026-02-13 11:03:34,578 cli_traceback INFO] All_steps: 0_topoaa, 1_rigidbody, 2_flexref, 3_emref
[2026-02-13 11:03:34,578 cli_traceback INFO] Modules not to be analysed: 0_topoaa
[2026-02-13 11:03:34,578 cli_traceback INFO] Steps to trace back: 1_rigidbody, 2_flexref, 3_emref
[2026-02-13 11:03:34,578 cli_traceback INFO] Created directory: /mnt/Data/PopOS/Data_Ana/Wu/clawdPorjects/HADDOCK_test/results/run_Neg_CATACTTGTACCATGG-1_contig_1_1/traceback
[2026-02-13 11:03:34,579 cli_traceback INFO] Tracing back step 3_emref
[2026-02-13 11:03:34,581 cli_traceback INFO] Tracing back step 2_flexref
[2026-02-13 11:03:34,583 cli_traceback INFO] Tracing back step 1_rigidbody
[2026-02-13 11:03:34,587 cli_traceback INFO] Output dataframe traceback/traceback.tsv created with shape (20, 8)
[2026-02-13 11:03:34,614 clean_steps INFO] Cleaning output for '0_topoaa' using 20 cores.
[2026-02-13 11:03:34,743 libtimer INFO] cleaning output files took 0 seconds
[2026-02-13 11:03:34,743 clean_steps INFO] Cleaning output for '1_rigidbody' using 20 cores.
[2026-02-13 11:03:34,751 libtimer INFO] cleaning output files took 0 seconds
[2026-02-13 11:03:34,751 clean_steps INFO] Cleaning output for '2_flexref' using 20 cores.
[2026-02-13 11:03:34,759 libtimer INFO] cleaning output files took 0 seconds
[2026-02-13 11:03:34,760 clean_steps INFO] Cleaning output for '3_emref' using 20 cores.
[2026-02-13 11:03:34,767 libtimer INFO] cleaning output files took 0 seconds
[2026-02-13 11:03:34,767 cli INFO] This HADDOCK3 run took: 2 minutes and 7 seconds
[2026-02-13 11:03:34,767 greetings INFO] Your feedback matters in Haddock3! Share your experience and help us grow:
[2026-02-13 11:03:34,767 greetings INFO] GitHub issues: https://github.com/haddocking/haddock3/issues
[2026-02-13 11:03:34,768 greetings INFO] BioExcel feedback: https://www.bonvinlab.org/feedback
[2026-02-13 11:03:34,768 greetings INFO] BioExcel forum: https://ask.bioexcel.eu/c/haddock/6
[2026-02-13 11:03:34,768 cli INFO] Finished at 13/02/2026 11:03:34. Tchau! Ciao! Dovidenia!
