[2026-02-13 10:18:44,841 cli INFO] 
##############################################
#                                            #
#                 HADDOCK3                   #
#                                            #
##############################################

!! Some of the HADDOCK3 components use CNS (Crystallographic and NMR System) which is free of use for non-profit applications. !!
!! For commercial use it is your own responsibility to have a proper license. !!
!! For details refer to the DISCLAIMER file in the HADDOCK3 repository. !!

Starting HADDOCK3 v2024.10.0b7 on 2026-02-13 10:18:00

Python 3.10.12 (main, Feb  4 2025, 14:57:36) [GCC 11.4.0]

[2026-02-13 10:18:48,538 libworkflow INFO] Reading instructions step 0_topoaa
[2026-02-13 10:18:48,538 libworkflow INFO] Reading instructions step 1_rigidbody
[2026-02-13 10:18:48,539 libworkflow INFO] Reading instructions step 2_flexref
[2026-02-13 10:18:48,539 libworkflow INFO] Reading instructions step 3_emref
[2026-02-13 10:18:48,553 base_cns_module INFO] Running [topoaa] module
[2026-02-13 10:18:48,553 __init__ INFO] [topoaa] Molecule 1: receptor_single_Neg_ACCCACGAGATGGTAA-1_contig_1_1.pdb
[2026-02-13 10:18:48,554 __init__ INFO] [topoaa] Sanitizing molecule receptor_single_Neg_ACCCACGAGATGGTAA-1_contig_1_1.pdb
[2026-02-13 10:18:48,561 __init__ INFO] [topoaa] Topology CNS input created
[2026-02-13 10:18:48,561 __init__ INFO] [topoaa] Molecule 2: ligand_single_Neg_ACCCACGAGATGGTAA-1_contig_1_1.pdb
[2026-02-13 10:18:48,562 __init__ INFO] [topoaa] Sanitizing molecule ligand_single_Neg_ACCCACGAGATGGTAA-1_contig_1_1.pdb
[2026-02-13 10:18:48,568 __init__ INFO] [topoaa] Topology CNS input created
[2026-02-13 10:18:48,568 __init__ INFO] [topoaa] Running CNS Jobs n=2
[2026-02-13 10:18:48,568 libutil INFO] Selected 2 cores to process 2 jobs, with 32 maximum available cores.
[2026-02-13 10:18:48,569 libparallel INFO] Using 2 cores
[2026-02-13 10:18:51,811 libparallel INFO] 2 tasks finished
[2026-02-13 10:18:51,812 __init__ INFO] [topoaa] CNS jobs have finished
[2026-02-13 10:18:51,814 base_cns_module INFO] Module [topoaa] finished.
[2026-02-13 10:18:51,814 __init__ INFO] [topoaa] took 3 seconds
[2026-02-13 10:18:52,148 base_cns_module INFO] Running [rigidbody] module
[2026-02-13 10:18:52,148 __init__ INFO] [rigidbody] crossdock=true
[2026-02-13 10:18:52,148 __init__ INFO] [rigidbody] Preparing jobs...
[2026-02-13 10:18:52,151 libutil INFO] Selected 20 cores to process 20 jobs, with 32 maximum available cores.
[2026-02-13 10:18:52,151 libparallel INFO] Using 20 cores
[2026-02-13 10:18:52,179 libparallel INFO] 20 tasks finished
[2026-02-13 10:18:52,180 __init__ INFO] [rigidbody] Preparation took 0.031086 seconds
[2026-02-13 10:18:52,181 __init__ INFO] [rigidbody] Running CNS Jobs n=20
[2026-02-13 10:18:52,181 libutil INFO] Selected 20 cores to process 20 jobs, with 32 maximum available cores.
[2026-02-13 10:18:52,182 libparallel INFO] Using 20 cores
[2026-02-13 10:19:02,805 libparallel INFO] 20 tasks finished
[2026-02-13 10:19:02,806 __init__ INFO] [rigidbody] CNS jobs have finished
[2026-02-13 10:19:02,834 base_cns_module INFO] Module [rigidbody] finished.
[2026-02-13 10:19:02,834 __init__ INFO] [rigidbody] took 11 seconds
[2026-02-13 10:19:03,210 base_cns_module INFO] Running [flexref] module
[2026-02-13 10:19:03,268 __init__ INFO] [flexref] Running CNS Jobs n=20
[2026-02-13 10:19:03,268 libutil INFO] Selected 20 cores to process 20 jobs, with 32 maximum available cores.
[2026-02-13 10:19:03,268 libparallel INFO] Using 20 cores
[2026-02-13 10:20:36,117 libparallel INFO] 20 tasks finished
[2026-02-13 10:20:36,118 __init__ INFO] [flexref] CNS jobs have finished
[2026-02-13 10:20:36,161 base_cns_module INFO] Module [flexref] finished.
[2026-02-13 10:20:36,161 __init__ INFO] [flexref] took 1 minute and 33 seconds
[2026-02-13 10:20:36,506 base_cns_module INFO] Running [emref] module
[2026-02-13 10:20:36,562 __init__ INFO] [emref] Running CNS Jobs n=20
[2026-02-13 10:20:36,562 libutil INFO] Selected 20 cores to process 20 jobs, with 32 maximum available cores.
[2026-02-13 10:20:36,562 libparallel INFO] Using 20 cores
[2026-02-13 10:20:43,644 libparallel INFO] 20 tasks finished
[2026-02-13 10:20:43,644 __init__ INFO] [emref] CNS jobs have finished
[2026-02-13 10:20:43,682 base_cns_module INFO] Module [emref] finished.
[2026-02-13 10:20:43,682 __init__ INFO] [emref] took 7 seconds
[2026-02-13 10:20:43,682 cli_analyse INFO] Running haddock3-analyse on ./, modules [], with top_cluster = 10
[2026-02-13 10:20:43,689 cli_analyse INFO] Created directory: /mnt/Data/PopOS/Data_Ana/Wu/clawdPorjects/HADDOCK_test/results/run_Neg_ACCCACGAGATGGTAA-1_contig_1_1/analysis
[2026-02-13 10:20:43,689 cli_analyse INFO] Reading input run directory
[2026-02-13 10:20:43,689 cli_analyse INFO] selected steps: 0_topoaa, 1_rigidbody, 2_flexref, 3_emref
[2026-02-13 10:20:43,689 cli_analyse INFO] Analysing step 0_topoaa
[2026-02-13 10:20:43,690 cli_analyse WARNING] Could not execute the analysis for step 0_topoaa. The following error occurred 'dict' object has no attribute 'rel_path'
[2026-02-13 10:20:43,690 cli_analyse INFO] Analysing step 1_rigidbody
[2026-02-13 10:20:43,691 cli_unpack INFO] Unpacking '../1_rigidbody' folder
[2026-02-13 10:20:43,691 libtimer INFO] unpacking took 0 seconds
[2026-02-13 10:20:43,704 capri INFO] Found previous CNS step: 1_rigidbody
[2026-02-13 10:20:43,812 capri INFO] Saved scoring weights to: weights_params.json
[2026-02-13 10:20:43,812 __init__ INFO] [caprieval] No reference structure provided. Using the structure with the lowest score from previous step
[2026-02-13 10:20:43,895 libutil INFO] Selected 20 cores to process 20 jobs, with 32 maximum available cores.
[2026-02-13 10:20:43,895 libparallel INFO] Using 20 cores
[2026-02-13 10:20:44,336 libparallel INFO] 20 tasks finished
[2026-02-13 10:20:44,337 capri INFO] Rearranging cluster information into capri_clt.tsv
[2026-02-13 10:20:44,344 cli_clean INFO] Compressing '../1_rigidbody' folder
[2026-02-13 10:20:44,344 clean_steps INFO] Cleaning output for '../1_rigidbody' using 20 cores.
[2026-02-13 10:20:44,463 libtimer INFO] compressing took 0 seconds
[2026-02-13 10:20:44,463 cli_analyse INFO] CAPRI files identified
[2026-02-13 10:20:44,465 cli_analyse INFO] Plotting results..
[2026-02-13 10:20:45,672 cli_analyse INFO] Summary archive summary.tgz created!
[2026-02-13 10:20:45,672 cli_analyse INFO] Analysing step 2_flexref
[2026-02-13 10:20:45,674 cli_unpack INFO] Unpacking '../2_flexref' folder
[2026-02-13 10:20:45,674 libtimer INFO] unpacking took 0 seconds
[2026-02-13 10:20:45,687 capri INFO] Found previous CNS step: 2_flexref
[2026-02-13 10:20:45,925 capri INFO] Saved scoring weights to: weights_params.json
[2026-02-13 10:20:45,925 __init__ INFO] [caprieval] No reference structure provided. Using the structure with the lowest score from previous step
[2026-02-13 10:20:46,010 libutil INFO] Selected 20 cores to process 20 jobs, with 32 maximum available cores.
[2026-02-13 10:20:46,010 libparallel INFO] Using 20 cores
[2026-02-13 10:20:46,757 libparallel INFO] 20 tasks finished
[2026-02-13 10:20:46,758 capri INFO] Rearranging cluster information into capri_clt.tsv
[2026-02-13 10:20:46,765 cli_clean INFO] Compressing '../2_flexref' folder
[2026-02-13 10:20:46,765 clean_steps INFO] Cleaning output for '../2_flexref' using 20 cores.
[2026-02-13 10:20:46,892 libtimer INFO] compressing took 0 seconds
[2026-02-13 10:20:46,892 cli_analyse INFO] CAPRI files identified
[2026-02-13 10:20:46,894 cli_analyse INFO] Plotting results..
[2026-02-13 10:20:47,986 cli_analyse INFO] Summary archive summary.tgz created!
[2026-02-13 10:20:47,986 cli_analyse INFO] Analysing step 3_emref
[2026-02-13 10:20:47,988 cli_unpack INFO] Unpacking '../3_emref' folder
[2026-02-13 10:20:47,988 libtimer INFO] unpacking took 0 seconds
[2026-02-13 10:20:48,002 capri INFO] Found previous CNS step: 3_emref
[2026-02-13 10:20:48,103 capri INFO] Saved scoring weights to: weights_params.json
[2026-02-13 10:20:48,103 __init__ INFO] [caprieval] No reference structure provided. Using the structure with the lowest score from previous step
[2026-02-13 10:20:48,187 libutil INFO] Selected 20 cores to process 20 jobs, with 32 maximum available cores.
[2026-02-13 10:20:48,187 libparallel INFO] Using 20 cores
[2026-02-13 10:20:48,573 libparallel INFO] 20 tasks finished
[2026-02-13 10:20:48,574 capri INFO] Rearranging cluster information into capri_clt.tsv
[2026-02-13 10:20:48,578 cli_clean INFO] Compressing '../3_emref' folder
[2026-02-13 10:20:48,578 clean_steps INFO] Cleaning output for '../3_emref' using 20 cores.
[2026-02-13 10:20:48,697 libtimer INFO] compressing took 0 seconds
[2026-02-13 10:20:48,697 cli_analyse INFO] CAPRI files identified
[2026-02-13 10:20:48,699 cli_analyse INFO] Plotting results..
[2026-02-13 10:20:49,817 cli_analyse INFO] Summary archive summary.tgz created!
[2026-02-13 10:20:49,817 cli_analyse INFO] moving files to analysis folder
[2026-02-13 10:20:49,817 cli_analyse INFO] cancelling unsuccesful analysis folders
[2026-02-13 10:20:49,817 cli_analyse INFO] updating paths in analysis/1_rigidbody_analysis/capri_ss.tsv
[2026-02-13 10:20:49,818 cli_analyse INFO] View the results in analysis/1_rigidbody_analysis/report.html
[2026-02-13 10:20:49,818 cli_analyse INFO] To view structures or download the structure files, in a terminal run the command `python -m http.server --directory /mnt/Data/PopOS/Data_Ana/Wu/clawdPorjects/HADDOCK_test/results/run_Neg_ACCCACGAGATGGTAA-1_contig_1_1`. By default, http server runs on `http://0.0.0.0:8000/`. Open the link http://0.0.0.0:8000/analysis/1_rigidbody_analysis/report.html in a web browser.
[2026-02-13 10:20:49,818 cli_analyse INFO] updating paths in analysis/2_flexref_analysis/capri_ss.tsv
[2026-02-13 10:20:49,818 cli_analyse INFO] View the results in analysis/2_flexref_analysis/report.html
[2026-02-13 10:20:49,818 cli_analyse INFO] To view structures or download the structure files, in a terminal run the command `python -m http.server --directory /mnt/Data/PopOS/Data_Ana/Wu/clawdPorjects/HADDOCK_test/results/run_Neg_ACCCACGAGATGGTAA-1_contig_1_1`. By default, http server runs on `http://0.0.0.0:8000/`. Open the link http://0.0.0.0:8000/analysis/2_flexref_analysis/report.html in a web browser.
[2026-02-13 10:20:49,818 cli_analyse INFO] updating paths in analysis/3_emref_analysis/capri_ss.tsv
[2026-02-13 10:20:49,818 cli_analyse INFO] View the results in analysis/3_emref_analysis/report.html
[2026-02-13 10:20:49,818 cli_analyse INFO] To view structures or download the structure files, in a terminal run the command `python -m http.server --directory /mnt/Data/PopOS/Data_Ana/Wu/clawdPorjects/HADDOCK_test/results/run_Neg_ACCCACGAGATGGTAA-1_contig_1_1`. By default, http server runs on `http://0.0.0.0:8000/`. Open the link http://0.0.0.0:8000/analysis/3_emref_analysis/report.html in a web browser.
[2026-02-13 10:20:49,818 cli_traceback INFO] Running haddock3-traceback on ./
[2026-02-13 10:20:49,818 cli_traceback INFO] Reading input run directory
[2026-02-13 10:20:49,818 cli_traceback INFO] All_steps: 0_topoaa, 1_rigidbody, 2_flexref, 3_emref
[2026-02-13 10:20:49,819 cli_traceback INFO] Modules not to be analysed: 0_topoaa
[2026-02-13 10:20:49,819 cli_traceback INFO] Steps to trace back: 1_rigidbody, 2_flexref, 3_emref
[2026-02-13 10:20:49,819 cli_traceback INFO] Created directory: /mnt/Data/PopOS/Data_Ana/Wu/clawdPorjects/HADDOCK_test/results/run_Neg_ACCCACGAGATGGTAA-1_contig_1_1/traceback
[2026-02-13 10:20:49,819 cli_traceback INFO] Tracing back step 3_emref
[2026-02-13 10:20:49,821 cli_traceback INFO] Tracing back step 2_flexref
[2026-02-13 10:20:49,823 cli_traceback INFO] Tracing back step 1_rigidbody
[2026-02-13 10:20:49,827 cli_traceback INFO] Output dataframe traceback/traceback.tsv created with shape (20, 8)
[2026-02-13 10:20:49,854 clean_steps INFO] Cleaning output for '0_topoaa' using 20 cores.
[2026-02-13 10:20:50,003 libtimer INFO] cleaning output files took 0 seconds
[2026-02-13 10:20:50,003 clean_steps INFO] Cleaning output for '1_rigidbody' using 20 cores.
[2026-02-13 10:20:50,017 libtimer INFO] cleaning output files took 0 seconds
[2026-02-13 10:20:50,018 clean_steps INFO] Cleaning output for '2_flexref' using 20 cores.
[2026-02-13 10:20:50,044 libtimer INFO] cleaning output files took 0 seconds
[2026-02-13 10:20:50,044 clean_steps INFO] Cleaning output for '3_emref' using 20 cores.
[2026-02-13 10:20:50,071 libtimer INFO] cleaning output files took 0 seconds
[2026-02-13 10:20:50,071 cli INFO] This HADDOCK3 run took: 2 minutes and 5 seconds
[2026-02-13 10:20:50,071 greetings INFO] Your feedback matters in Haddock3! Share your experience and help us grow:
[2026-02-13 10:20:50,071 greetings INFO] GitHub issues: https://github.com/haddocking/haddock3/issues
[2026-02-13 10:20:50,071 greetings INFO] BioExcel feedback: https://www.bonvinlab.org/feedback
[2026-02-13 10:20:50,071 greetings INFO] BioExcel forum: https://ask.bioexcel.eu/c/haddock/6
[2026-02-13 10:20:50,071 cli INFO] Finished at 13/02/2026 10:20:50. Tot ziens! Do pobachennya! Adéu-siau!
