[2026-02-13 11:14:14,172 cli INFO] 
##############################################
#                                            #
#                 HADDOCK3                   #
#                                            #
##############################################

!! Some of the HADDOCK3 components use CNS (Crystallographic and NMR System) which is free of use for non-profit applications. !!
!! For commercial use it is your own responsibility to have a proper license. !!
!! For details refer to the DISCLAIMER file in the HADDOCK3 repository. !!

Starting HADDOCK3 v2024.10.0b7 on 2026-02-13 11:14:00

Python 3.10.12 (main, Feb  4 2025, 14:57:36) [GCC 11.4.0]

[2026-02-13 11:14:17,984 libworkflow INFO] Reading instructions step 0_topoaa
[2026-02-13 11:14:17,984 libworkflow INFO] Reading instructions step 1_rigidbody
[2026-02-13 11:14:17,985 libworkflow INFO] Reading instructions step 2_flexref
[2026-02-13 11:14:17,985 libworkflow INFO] Reading instructions step 3_emref
[2026-02-13 11:14:17,999 base_cns_module INFO] Running [topoaa] module
[2026-02-13 11:14:17,999 __init__ INFO] [topoaa] Molecule 1: receptor_single_Neg_CCGTATAAGAGGGGCT-1_contig_1_1.pdb
[2026-02-13 11:14:18,001 __init__ INFO] [topoaa] Sanitizing molecule receptor_single_Neg_CCGTATAAGAGGGGCT-1_contig_1_1.pdb
[2026-02-13 11:14:18,008 __init__ INFO] [topoaa] Topology CNS input created
[2026-02-13 11:14:18,008 __init__ INFO] [topoaa] Molecule 2: ligand_single_Neg_CCGTATAAGAGGGGCT-1_contig_1_1.pdb
[2026-02-13 11:14:18,009 __init__ INFO] [topoaa] Sanitizing molecule ligand_single_Neg_CCGTATAAGAGGGGCT-1_contig_1_1.pdb
[2026-02-13 11:14:18,016 __init__ INFO] [topoaa] Topology CNS input created
[2026-02-13 11:14:18,016 __init__ INFO] [topoaa] Running CNS Jobs n=2
[2026-02-13 11:14:18,016 libutil INFO] Selected 2 cores to process 2 jobs, with 32 maximum available cores.
[2026-02-13 11:14:18,017 libparallel INFO] Using 2 cores
[2026-02-13 11:14:21,249 libparallel INFO] 2 tasks finished
[2026-02-13 11:14:21,249 __init__ INFO] [topoaa] CNS jobs have finished
[2026-02-13 11:14:21,251 base_cns_module INFO] Module [topoaa] finished.
[2026-02-13 11:14:21,251 __init__ INFO] [topoaa] took 3 seconds
[2026-02-13 11:14:21,606 base_cns_module INFO] Running [rigidbody] module
[2026-02-13 11:14:21,607 __init__ INFO] [rigidbody] crossdock=true
[2026-02-13 11:14:21,607 __init__ INFO] [rigidbody] Preparing jobs...
[2026-02-13 11:14:21,609 libutil INFO] Selected 20 cores to process 20 jobs, with 32 maximum available cores.
[2026-02-13 11:14:21,609 libparallel INFO] Using 20 cores
[2026-02-13 11:14:21,638 libparallel INFO] 20 tasks finished
[2026-02-13 11:14:21,638 __init__ INFO] [rigidbody] Preparation took 0.031623 seconds
[2026-02-13 11:14:21,640 __init__ INFO] [rigidbody] Running CNS Jobs n=20
[2026-02-13 11:14:21,640 libutil INFO] Selected 20 cores to process 20 jobs, with 32 maximum available cores.
[2026-02-13 11:14:21,641 libparallel INFO] Using 20 cores
[2026-02-13 11:14:32,334 libparallel INFO] 20 tasks finished
[2026-02-13 11:14:32,335 __init__ INFO] [rigidbody] CNS jobs have finished
[2026-02-13 11:14:32,371 base_cns_module INFO] Module [rigidbody] finished.
[2026-02-13 11:14:32,371 __init__ INFO] [rigidbody] took 11 seconds
[2026-02-13 11:14:32,762 base_cns_module INFO] Running [flexref] module
[2026-02-13 11:14:32,820 __init__ INFO] [flexref] Running CNS Jobs n=20
[2026-02-13 11:14:32,820 libutil INFO] Selected 20 cores to process 20 jobs, with 32 maximum available cores.
[2026-02-13 11:14:32,820 libparallel INFO] Using 20 cores
[2026-02-13 11:16:07,687 libparallel INFO] 20 tasks finished
[2026-02-13 11:16:07,687 __init__ INFO] [flexref] CNS jobs have finished
[2026-02-13 11:16:07,714 base_cns_module INFO] Module [flexref] finished.
[2026-02-13 11:16:07,714 __init__ INFO] [flexref] took 1 minute and 35 seconds
[2026-02-13 11:16:08,063 base_cns_module INFO] Running [emref] module
[2026-02-13 11:16:08,119 __init__ INFO] [emref] Running CNS Jobs n=20
[2026-02-13 11:16:08,119 libutil INFO] Selected 20 cores to process 20 jobs, with 32 maximum available cores.
[2026-02-13 11:16:08,120 libparallel INFO] Using 20 cores
[2026-02-13 11:16:15,640 libparallel INFO] 20 tasks finished
[2026-02-13 11:16:15,640 __init__ INFO] [emref] CNS jobs have finished
[2026-02-13 11:16:15,670 base_cns_module INFO] Module [emref] finished.
[2026-02-13 11:16:15,670 __init__ INFO] [emref] took 8 seconds
[2026-02-13 11:16:15,670 cli_analyse INFO] Running haddock3-analyse on ./, modules [], with top_cluster = 10
[2026-02-13 11:16:15,677 cli_analyse INFO] Created directory: /mnt/Data/PopOS/Data_Ana/Wu/clawdPorjects/HADDOCK_test/results/run_Neg_CCGTATAAGAGGGGCT-1_contig_1_1/analysis
[2026-02-13 11:16:15,677 cli_analyse INFO] Reading input run directory
[2026-02-13 11:16:15,677 cli_analyse INFO] selected steps: 0_topoaa, 1_rigidbody, 2_flexref, 3_emref
[2026-02-13 11:16:15,677 cli_analyse INFO] Analysing step 0_topoaa
[2026-02-13 11:16:15,678 cli_analyse WARNING] Could not execute the analysis for step 0_topoaa. The following error occurred 'dict' object has no attribute 'rel_path'
[2026-02-13 11:16:15,678 cli_analyse INFO] Analysing step 1_rigidbody
[2026-02-13 11:16:15,679 cli_unpack INFO] Unpacking '../1_rigidbody' folder
[2026-02-13 11:16:15,680 libtimer INFO] unpacking took 0 seconds
[2026-02-13 11:16:15,693 capri INFO] Found previous CNS step: 1_rigidbody
[2026-02-13 11:16:15,800 capri INFO] Saved scoring weights to: weights_params.json
[2026-02-13 11:16:15,800 __init__ INFO] [caprieval] No reference structure provided. Using the structure with the lowest score from previous step
[2026-02-13 11:16:15,885 libutil INFO] Selected 20 cores to process 20 jobs, with 32 maximum available cores.
[2026-02-13 11:16:15,885 libparallel INFO] Using 20 cores
[2026-02-13 11:16:16,311 libparallel INFO] 20 tasks finished
[2026-02-13 11:16:16,312 capri INFO] Rearranging cluster information into capri_clt.tsv
[2026-02-13 11:16:16,316 cli_clean INFO] Compressing '../1_rigidbody' folder
[2026-02-13 11:16:16,316 clean_steps INFO] Cleaning output for '../1_rigidbody' using 20 cores.
[2026-02-13 11:16:16,435 libtimer INFO] compressing took 0 seconds
[2026-02-13 11:16:16,435 cli_analyse INFO] CAPRI files identified
[2026-02-13 11:16:16,437 cli_analyse INFO] Plotting results..
[2026-02-13 11:16:17,652 cli_analyse INFO] Summary archive summary.tgz created!
[2026-02-13 11:16:17,652 cli_analyse INFO] Analysing step 2_flexref
[2026-02-13 11:16:17,654 cli_unpack INFO] Unpacking '../2_flexref' folder
[2026-02-13 11:16:17,654 libtimer INFO] unpacking took 0 seconds
[2026-02-13 11:16:17,668 capri INFO] Found previous CNS step: 2_flexref
[2026-02-13 11:16:17,906 capri INFO] Saved scoring weights to: weights_params.json
[2026-02-13 11:16:17,906 __init__ INFO] [caprieval] No reference structure provided. Using the structure with the lowest score from previous step
[2026-02-13 11:16:17,992 libutil INFO] Selected 20 cores to process 20 jobs, with 32 maximum available cores.
[2026-02-13 11:16:17,992 libparallel INFO] Using 20 cores
[2026-02-13 11:16:18,376 libparallel INFO] 20 tasks finished
[2026-02-13 11:16:18,377 capri INFO] Rearranging cluster information into capri_clt.tsv
[2026-02-13 11:16:18,384 cli_clean INFO] Compressing '../2_flexref' folder
[2026-02-13 11:16:18,384 clean_steps INFO] Cleaning output for '../2_flexref' using 20 cores.
[2026-02-13 11:16:18,504 libtimer INFO] compressing took 0 seconds
[2026-02-13 11:16:18,504 cli_analyse INFO] CAPRI files identified
[2026-02-13 11:16:18,507 cli_analyse INFO] Plotting results..
[2026-02-13 11:16:19,622 cli_analyse INFO] Summary archive summary.tgz created!
[2026-02-13 11:16:19,622 cli_analyse INFO] Analysing step 3_emref
[2026-02-13 11:16:19,625 cli_unpack INFO] Unpacking '../3_emref' folder
[2026-02-13 11:16:19,625 libtimer INFO] unpacking took 0 seconds
[2026-02-13 11:16:19,638 capri INFO] Found previous CNS step: 3_emref
[2026-02-13 11:16:19,739 capri INFO] Saved scoring weights to: weights_params.json
[2026-02-13 11:16:19,739 __init__ INFO] [caprieval] No reference structure provided. Using the structure with the lowest score from previous step
[2026-02-13 11:16:19,823 libutil INFO] Selected 20 cores to process 20 jobs, with 32 maximum available cores.
[2026-02-13 11:16:19,824 libparallel INFO] Using 20 cores
[2026-02-13 11:16:20,227 libparallel INFO] 20 tasks finished
[2026-02-13 11:16:20,228 capri INFO] Rearranging cluster information into capri_clt.tsv
[2026-02-13 11:16:20,232 cli_clean INFO] Compressing '../3_emref' folder
[2026-02-13 11:16:20,233 clean_steps INFO] Cleaning output for '../3_emref' using 20 cores.
[2026-02-13 11:16:20,367 libtimer INFO] compressing took 0 seconds
[2026-02-13 11:16:20,367 cli_analyse INFO] CAPRI files identified
[2026-02-13 11:16:20,369 cli_analyse INFO] Plotting results..
[2026-02-13 11:16:21,502 cli_analyse INFO] Summary archive summary.tgz created!
[2026-02-13 11:16:21,503 cli_analyse INFO] moving files to analysis folder
[2026-02-13 11:16:21,503 cli_analyse INFO] cancelling unsuccesful analysis folders
[2026-02-13 11:16:21,503 cli_analyse INFO] updating paths in analysis/1_rigidbody_analysis/capri_ss.tsv
[2026-02-13 11:16:21,503 cli_analyse INFO] View the results in analysis/1_rigidbody_analysis/report.html
[2026-02-13 11:16:21,503 cli_analyse INFO] To view structures or download the structure files, in a terminal run the command `python -m http.server --directory /mnt/Data/PopOS/Data_Ana/Wu/clawdPorjects/HADDOCK_test/results/run_Neg_CCGTATAAGAGGGGCT-1_contig_1_1`. By default, http server runs on `http://0.0.0.0:8000/`. Open the link http://0.0.0.0:8000/analysis/1_rigidbody_analysis/report.html in a web browser.
[2026-02-13 11:16:21,503 cli_analyse INFO] updating paths in analysis/2_flexref_analysis/capri_ss.tsv
[2026-02-13 11:16:21,503 cli_analyse INFO] View the results in analysis/2_flexref_analysis/report.html
[2026-02-13 11:16:21,503 cli_analyse INFO] To view structures or download the structure files, in a terminal run the command `python -m http.server --directory /mnt/Data/PopOS/Data_Ana/Wu/clawdPorjects/HADDOCK_test/results/run_Neg_CCGTATAAGAGGGGCT-1_contig_1_1`. By default, http server runs on `http://0.0.0.0:8000/`. Open the link http://0.0.0.0:8000/analysis/2_flexref_analysis/report.html in a web browser.
[2026-02-13 11:16:21,503 cli_analyse INFO] updating paths in analysis/3_emref_analysis/capri_ss.tsv
[2026-02-13 11:16:21,503 cli_analyse INFO] View the results in analysis/3_emref_analysis/report.html
[2026-02-13 11:16:21,503 cli_analyse INFO] To view structures or download the structure files, in a terminal run the command `python -m http.server --directory /mnt/Data/PopOS/Data_Ana/Wu/clawdPorjects/HADDOCK_test/results/run_Neg_CCGTATAAGAGGGGCT-1_contig_1_1`. By default, http server runs on `http://0.0.0.0:8000/`. Open the link http://0.0.0.0:8000/analysis/3_emref_analysis/report.html in a web browser.
[2026-02-13 11:16:21,504 cli_traceback INFO] Running haddock3-traceback on ./
[2026-02-13 11:16:21,504 cli_traceback INFO] Reading input run directory
[2026-02-13 11:16:21,504 cli_traceback INFO] All_steps: 0_topoaa, 1_rigidbody, 2_flexref, 3_emref
[2026-02-13 11:16:21,504 cli_traceback INFO] Modules not to be analysed: 0_topoaa
[2026-02-13 11:16:21,504 cli_traceback INFO] Steps to trace back: 1_rigidbody, 2_flexref, 3_emref
[2026-02-13 11:16:21,504 cli_traceback INFO] Created directory: /mnt/Data/PopOS/Data_Ana/Wu/clawdPorjects/HADDOCK_test/results/run_Neg_CCGTATAAGAGGGGCT-1_contig_1_1/traceback
[2026-02-13 11:16:21,504 cli_traceback INFO] Tracing back step 3_emref
[2026-02-13 11:16:21,506 cli_traceback INFO] Tracing back step 2_flexref
[2026-02-13 11:16:21,508 cli_traceback INFO] Tracing back step 1_rigidbody
[2026-02-13 11:16:21,512 cli_traceback INFO] Output dataframe traceback/traceback.tsv created with shape (20, 8)
[2026-02-13 11:16:21,539 clean_steps INFO] Cleaning output for '0_topoaa' using 20 cores.
[2026-02-13 11:16:21,676 libtimer INFO] cleaning output files took 0 seconds
[2026-02-13 11:16:21,676 clean_steps INFO] Cleaning output for '1_rigidbody' using 20 cores.
[2026-02-13 11:16:21,684 libtimer INFO] cleaning output files took 0 seconds
[2026-02-13 11:16:21,685 clean_steps INFO] Cleaning output for '2_flexref' using 20 cores.
[2026-02-13 11:16:21,693 libtimer INFO] cleaning output files took 0 seconds
[2026-02-13 11:16:21,694 clean_steps INFO] Cleaning output for '3_emref' using 20 cores.
[2026-02-13 11:16:21,703 libtimer INFO] cleaning output files took 0 seconds
[2026-02-13 11:16:21,703 cli INFO] This HADDOCK3 run took: 2 minutes and 8 seconds
[2026-02-13 11:16:21,703 greetings INFO] Your feedback matters in Haddock3! Share your experience and help us grow:
[2026-02-13 11:16:21,703 greetings INFO] GitHub issues: https://github.com/haddocking/haddock3/issues
[2026-02-13 11:16:21,703 greetings INFO] BioExcel feedback: https://www.bonvinlab.org/feedback
[2026-02-13 11:16:21,703 greetings INFO] BioExcel forum: https://ask.bioexcel.eu/c/haddock/6
[2026-02-13 11:16:21,703 cli INFO] Finished at 13/02/2026 11:16:21. Agur! La revedere! Do pobachennya!
