[2026-02-13 12:34:49,664 cli INFO] 
##############################################
#                                            #
#                 HADDOCK3                   #
#                                            #
##############################################

!! Some of the HADDOCK3 components use CNS (Crystallographic and NMR System) which is free of use for non-profit applications. !!
!! For commercial use it is your own responsibility to have a proper license. !!
!! For details refer to the DISCLAIMER file in the HADDOCK3 repository. !!

Starting HADDOCK3 v2024.10.0b7 on 2026-02-13 12:34:00

Python 3.10.12 (main, Feb  4 2025, 14:57:36) [GCC 11.4.0]

[2026-02-13 12:34:53,367 libworkflow INFO] Reading instructions step 0_topoaa
[2026-02-13 12:34:53,367 libworkflow INFO] Reading instructions step 1_rigidbody
[2026-02-13 12:34:53,367 libworkflow INFO] Reading instructions step 2_flexref
[2026-02-13 12:34:53,367 libworkflow INFO] Reading instructions step 3_emref
[2026-02-13 12:34:53,381 base_cns_module INFO] Running [topoaa] module
[2026-02-13 12:34:53,381 __init__ INFO] [topoaa] Molecule 1: receptor_single_Pos_ATACACCCAAAGTAAC-1_contig_1_2.pdb
[2026-02-13 12:34:53,383 __init__ INFO] [topoaa] Sanitizing molecule receptor_single_Pos_ATACACCCAAAGTAAC-1_contig_1_2.pdb
[2026-02-13 12:34:53,390 __init__ INFO] [topoaa] Topology CNS input created
[2026-02-13 12:34:53,390 __init__ INFO] [topoaa] Molecule 2: ligand_single_Pos_ATACACCCAAAGTAAC-1_contig_1_2.pdb
[2026-02-13 12:34:53,391 __init__ INFO] [topoaa] Sanitizing molecule ligand_single_Pos_ATACACCCAAAGTAAC-1_contig_1_2.pdb
[2026-02-13 12:34:53,397 __init__ INFO] [topoaa] Topology CNS input created
[2026-02-13 12:34:53,397 __init__ INFO] [topoaa] Running CNS Jobs n=2
[2026-02-13 12:34:53,397 libutil INFO] Selected 2 cores to process 2 jobs, with 32 maximum available cores.
[2026-02-13 12:34:53,398 libparallel INFO] Using 2 cores
[2026-02-13 12:34:56,656 libparallel INFO] 2 tasks finished
[2026-02-13 12:34:56,657 __init__ INFO] [topoaa] CNS jobs have finished
[2026-02-13 12:34:56,658 base_cns_module INFO] Module [topoaa] finished.
[2026-02-13 12:34:56,658 __init__ INFO] [topoaa] took 3 seconds
[2026-02-13 12:34:56,996 base_cns_module INFO] Running [rigidbody] module
[2026-02-13 12:34:56,996 __init__ INFO] [rigidbody] crossdock=true
[2026-02-13 12:34:56,996 __init__ INFO] [rigidbody] Preparing jobs...
[2026-02-13 12:34:56,999 libutil INFO] Selected 20 cores to process 20 jobs, with 32 maximum available cores.
[2026-02-13 12:34:56,999 libparallel INFO] Using 20 cores
[2026-02-13 12:34:57,028 libparallel INFO] 20 tasks finished
[2026-02-13 12:34:57,029 __init__ INFO] [rigidbody] Preparation took 0.032209 seconds
[2026-02-13 12:34:57,029 __init__ INFO] [rigidbody] Running CNS Jobs n=20
[2026-02-13 12:34:57,029 libutil INFO] Selected 20 cores to process 20 jobs, with 32 maximum available cores.
[2026-02-13 12:34:57,030 libparallel INFO] Using 20 cores
[2026-02-13 12:35:07,401 libparallel INFO] 20 tasks finished
[2026-02-13 12:35:07,401 __init__ INFO] [rigidbody] CNS jobs have finished
[2026-02-13 12:35:07,427 base_cns_module INFO] Module [rigidbody] finished.
[2026-02-13 12:35:07,428 __init__ INFO] [rigidbody] took 10 seconds
[2026-02-13 12:35:07,806 base_cns_module INFO] Running [flexref] module
[2026-02-13 12:35:07,864 __init__ INFO] [flexref] Running CNS Jobs n=20
[2026-02-13 12:35:07,864 libutil INFO] Selected 20 cores to process 20 jobs, with 32 maximum available cores.
[2026-02-13 12:35:07,865 libparallel INFO] Using 20 cores
[2026-02-13 12:36:40,359 libparallel INFO] 20 tasks finished
[2026-02-13 12:36:40,359 __init__ INFO] [flexref] CNS jobs have finished
[2026-02-13 12:36:40,389 base_cns_module INFO] Module [flexref] finished.
[2026-02-13 12:36:40,389 __init__ INFO] [flexref] took 1 minute and 33 seconds
[2026-02-13 12:36:40,730 base_cns_module INFO] Running [emref] module
[2026-02-13 12:36:40,786 __init__ INFO] [emref] Running CNS Jobs n=20
[2026-02-13 12:36:40,786 libutil INFO] Selected 20 cores to process 20 jobs, with 32 maximum available cores.
[2026-02-13 12:36:40,787 libparallel INFO] Using 20 cores
[2026-02-13 12:36:48,160 libparallel INFO] 20 tasks finished
[2026-02-13 12:36:48,160 __init__ INFO] [emref] CNS jobs have finished
[2026-02-13 12:36:48,189 base_cns_module INFO] Module [emref] finished.
[2026-02-13 12:36:48,189 __init__ INFO] [emref] took 7 seconds
[2026-02-13 12:36:48,189 cli_analyse INFO] Running haddock3-analyse on ./, modules [], with top_cluster = 10
[2026-02-13 12:36:48,195 cli_analyse INFO] Created directory: /mnt/Data/PopOS/Data_Ana/Wu/clawdPorjects/HADDOCK_test/results/run_Pos_ATACACCCAAAGTAAC-1_contig_1_2/analysis
[2026-02-13 12:36:48,195 cli_analyse INFO] Reading input run directory
[2026-02-13 12:36:48,196 cli_analyse INFO] selected steps: 0_topoaa, 1_rigidbody, 2_flexref, 3_emref
[2026-02-13 12:36:48,196 cli_analyse INFO] Analysing step 0_topoaa
[2026-02-13 12:36:48,196 cli_analyse WARNING] Could not execute the analysis for step 0_topoaa. The following error occurred 'dict' object has no attribute 'rel_path'
[2026-02-13 12:36:48,196 cli_analyse INFO] Analysing step 1_rigidbody
[2026-02-13 12:36:48,197 cli_unpack INFO] Unpacking '../1_rigidbody' folder
[2026-02-13 12:36:48,198 libtimer INFO] unpacking took 0 seconds
[2026-02-13 12:36:48,211 capri INFO] Found previous CNS step: 1_rigidbody
[2026-02-13 12:36:48,317 capri INFO] Saved scoring weights to: weights_params.json
[2026-02-13 12:36:48,317 __init__ INFO] [caprieval] No reference structure provided. Using the structure with the lowest score from previous step
[2026-02-13 12:36:48,401 libutil INFO] Selected 20 cores to process 20 jobs, with 32 maximum available cores.
[2026-02-13 12:36:48,402 libparallel INFO] Using 20 cores
[2026-02-13 12:36:48,815 libparallel INFO] 20 tasks finished
[2026-02-13 12:36:48,817 capri INFO] Rearranging cluster information into capri_clt.tsv
[2026-02-13 12:36:48,824 cli_clean INFO] Compressing '../1_rigidbody' folder
[2026-02-13 12:36:48,824 clean_steps INFO] Cleaning output for '../1_rigidbody' using 20 cores.
[2026-02-13 12:36:48,944 libtimer INFO] compressing took 0 seconds
[2026-02-13 12:36:48,945 cli_analyse INFO] CAPRI files identified
[2026-02-13 12:36:48,946 cli_analyse INFO] Plotting results..
[2026-02-13 12:36:50,180 cli_analyse INFO] Summary archive summary.tgz created!
[2026-02-13 12:36:50,180 cli_analyse INFO] Analysing step 2_flexref
[2026-02-13 12:36:50,182 cli_unpack INFO] Unpacking '../2_flexref' folder
[2026-02-13 12:36:50,183 libtimer INFO] unpacking took 0 seconds
[2026-02-13 12:36:50,196 capri INFO] Found previous CNS step: 2_flexref
[2026-02-13 12:36:50,432 capri INFO] Saved scoring weights to: weights_params.json
[2026-02-13 12:36:50,432 __init__ INFO] [caprieval] No reference structure provided. Using the structure with the lowest score from previous step
[2026-02-13 12:36:50,516 libutil INFO] Selected 20 cores to process 20 jobs, with 32 maximum available cores.
[2026-02-13 12:36:50,516 libparallel INFO] Using 20 cores
[2026-02-13 12:36:50,900 libparallel INFO] 20 tasks finished
[2026-02-13 12:36:50,901 capri INFO] Rearranging cluster information into capri_clt.tsv
[2026-02-13 12:36:50,905 cli_clean INFO] Compressing '../2_flexref' folder
[2026-02-13 12:36:50,905 clean_steps INFO] Cleaning output for '../2_flexref' using 20 cores.
[2026-02-13 12:36:51,025 libtimer INFO] compressing took 0 seconds
[2026-02-13 12:36:51,025 cli_analyse INFO] CAPRI files identified
[2026-02-13 12:36:51,028 cli_analyse INFO] Plotting results..
[2026-02-13 12:36:52,138 cli_analyse INFO] Summary archive summary.tgz created!
[2026-02-13 12:36:52,138 cli_analyse INFO] Analysing step 3_emref
[2026-02-13 12:36:52,141 cli_unpack INFO] Unpacking '../3_emref' folder
[2026-02-13 12:36:52,141 libtimer INFO] unpacking took 0 seconds
[2026-02-13 12:36:52,154 capri INFO] Found previous CNS step: 3_emref
[2026-02-13 12:36:52,254 capri INFO] Saved scoring weights to: weights_params.json
[2026-02-13 12:36:52,254 __init__ INFO] [caprieval] No reference structure provided. Using the structure with the lowest score from previous step
[2026-02-13 12:36:52,339 libutil INFO] Selected 20 cores to process 20 jobs, with 32 maximum available cores.
[2026-02-13 12:36:52,339 libparallel INFO] Using 20 cores
[2026-02-13 12:36:52,743 libparallel INFO] 20 tasks finished
[2026-02-13 12:36:52,744 capri INFO] Rearranging cluster information into capri_clt.tsv
[2026-02-13 12:36:52,748 cli_clean INFO] Compressing '../3_emref' folder
[2026-02-13 12:36:52,748 clean_steps INFO] Cleaning output for '../3_emref' using 20 cores.
[2026-02-13 12:36:52,872 libtimer INFO] compressing took 0 seconds
[2026-02-13 12:36:52,872 cli_analyse INFO] CAPRI files identified
[2026-02-13 12:36:52,873 cli_analyse INFO] Plotting results..
[2026-02-13 12:36:53,984 cli_analyse INFO] Summary archive summary.tgz created!
[2026-02-13 12:36:53,985 cli_analyse INFO] moving files to analysis folder
[2026-02-13 12:36:53,985 cli_analyse INFO] cancelling unsuccesful analysis folders
[2026-02-13 12:36:53,985 cli_analyse INFO] updating paths in analysis/1_rigidbody_analysis/capri_ss.tsv
[2026-02-13 12:36:53,985 cli_analyse INFO] View the results in analysis/1_rigidbody_analysis/report.html
[2026-02-13 12:36:53,985 cli_analyse INFO] To view structures or download the structure files, in a terminal run the command `python -m http.server --directory /mnt/Data/PopOS/Data_Ana/Wu/clawdPorjects/HADDOCK_test/results/run_Pos_ATACACCCAAAGTAAC-1_contig_1_2`. By default, http server runs on `http://0.0.0.0:8000/`. Open the link http://0.0.0.0:8000/analysis/1_rigidbody_analysis/report.html in a web browser.
[2026-02-13 12:36:53,985 cli_analyse INFO] updating paths in analysis/2_flexref_analysis/capri_ss.tsv
[2026-02-13 12:36:53,985 cli_analyse INFO] View the results in analysis/2_flexref_analysis/report.html
[2026-02-13 12:36:53,985 cli_analyse INFO] To view structures or download the structure files, in a terminal run the command `python -m http.server --directory /mnt/Data/PopOS/Data_Ana/Wu/clawdPorjects/HADDOCK_test/results/run_Pos_ATACACCCAAAGTAAC-1_contig_1_2`. By default, http server runs on `http://0.0.0.0:8000/`. Open the link http://0.0.0.0:8000/analysis/2_flexref_analysis/report.html in a web browser.
[2026-02-13 12:36:53,985 cli_analyse INFO] updating paths in analysis/3_emref_analysis/capri_ss.tsv
[2026-02-13 12:36:53,985 cli_analyse INFO] View the results in analysis/3_emref_analysis/report.html
[2026-02-13 12:36:53,985 cli_analyse INFO] To view structures or download the structure files, in a terminal run the command `python -m http.server --directory /mnt/Data/PopOS/Data_Ana/Wu/clawdPorjects/HADDOCK_test/results/run_Pos_ATACACCCAAAGTAAC-1_contig_1_2`. By default, http server runs on `http://0.0.0.0:8000/`. Open the link http://0.0.0.0:8000/analysis/3_emref_analysis/report.html in a web browser.
[2026-02-13 12:36:53,986 cli_traceback INFO] Running haddock3-traceback on ./
[2026-02-13 12:36:53,986 cli_traceback INFO] Reading input run directory
[2026-02-13 12:36:53,986 cli_traceback INFO] All_steps: 0_topoaa, 1_rigidbody, 2_flexref, 3_emref
[2026-02-13 12:36:53,986 cli_traceback INFO] Modules not to be analysed: 0_topoaa
[2026-02-13 12:36:53,986 cli_traceback INFO] Steps to trace back: 1_rigidbody, 2_flexref, 3_emref
[2026-02-13 12:36:53,986 cli_traceback INFO] Created directory: /mnt/Data/PopOS/Data_Ana/Wu/clawdPorjects/HADDOCK_test/results/run_Pos_ATACACCCAAAGTAAC-1_contig_1_2/traceback
[2026-02-13 12:36:53,986 cli_traceback INFO] Tracing back step 3_emref
[2026-02-13 12:36:53,988 cli_traceback INFO] Tracing back step 2_flexref
[2026-02-13 12:36:53,990 cli_traceback INFO] Tracing back step 1_rigidbody
[2026-02-13 12:36:53,994 cli_traceback INFO] Output dataframe traceback/traceback.tsv created with shape (20, 8)
[2026-02-13 12:36:54,021 clean_steps INFO] Cleaning output for '0_topoaa' using 20 cores.
[2026-02-13 12:36:54,151 libtimer INFO] cleaning output files took 0 seconds
[2026-02-13 12:36:54,152 clean_steps INFO] Cleaning output for '1_rigidbody' using 20 cores.
[2026-02-13 12:36:54,160 libtimer INFO] cleaning output files took 0 seconds
[2026-02-13 12:36:54,160 clean_steps INFO] Cleaning output for '2_flexref' using 20 cores.
[2026-02-13 12:36:54,172 libtimer INFO] cleaning output files took 0 seconds
[2026-02-13 12:36:54,172 clean_steps INFO] Cleaning output for '3_emref' using 20 cores.
[2026-02-13 12:36:54,184 libtimer INFO] cleaning output files took 0 seconds
[2026-02-13 12:36:54,184 cli INFO] This HADDOCK3 run took: 2 minutes and 5 seconds
[2026-02-13 12:36:54,184 greetings INFO] Your feedback matters in Haddock3! Share your experience and help us grow:
[2026-02-13 12:36:54,184 greetings INFO] GitHub issues: https://github.com/haddocking/haddock3/issues
[2026-02-13 12:36:54,184 greetings INFO] BioExcel feedback: https://www.bonvinlab.org/feedback
[2026-02-13 12:36:54,184 greetings INFO] BioExcel forum: https://ask.bioexcel.eu/c/haddock/6
[2026-02-13 12:36:54,184 cli INFO] Finished at 13/02/2026 12:36:54. La revedere! Good bye! Adéu-siau!
