[2026-02-13 12:32:41,143 cli INFO] 
##############################################
#                                            #
#                 HADDOCK3                   #
#                                            #
##############################################

!! Some of the HADDOCK3 components use CNS (Crystallographic and NMR System) which is free of use for non-profit applications. !!
!! For commercial use it is your own responsibility to have a proper license. !!
!! For details refer to the DISCLAIMER file in the HADDOCK3 repository. !!

Starting HADDOCK3 v2024.10.0b7 on 2026-02-13 12:32:00

Python 3.10.12 (main, Feb  4 2025, 14:57:36) [GCC 11.4.0]

[2026-02-13 12:32:44,796 libworkflow INFO] Reading instructions step 0_topoaa
[2026-02-13 12:32:44,796 libworkflow INFO] Reading instructions step 1_rigidbody
[2026-02-13 12:32:44,796 libworkflow INFO] Reading instructions step 2_flexref
[2026-02-13 12:32:44,796 libworkflow INFO] Reading instructions step 3_emref
[2026-02-13 12:32:44,810 base_cns_module INFO] Running [topoaa] module
[2026-02-13 12:32:44,810 __init__ INFO] [topoaa] Molecule 1: receptor_single_Pos_ATACACCCAAAGTAAC-1_contig_1_1.pdb
[2026-02-13 12:32:44,812 __init__ INFO] [topoaa] Sanitizing molecule receptor_single_Pos_ATACACCCAAAGTAAC-1_contig_1_1.pdb
[2026-02-13 12:32:44,820 __init__ INFO] [topoaa] Topology CNS input created
[2026-02-13 12:32:44,820 __init__ INFO] [topoaa] Molecule 2: ligand_single_Pos_ATACACCCAAAGTAAC-1_contig_1_1.pdb
[2026-02-13 12:32:44,821 __init__ INFO] [topoaa] Sanitizing molecule ligand_single_Pos_ATACACCCAAAGTAAC-1_contig_1_1.pdb
[2026-02-13 12:32:44,829 __init__ INFO] [topoaa] Topology CNS input created
[2026-02-13 12:32:44,829 __init__ INFO] [topoaa] Running CNS Jobs n=2
[2026-02-13 12:32:44,829 libutil INFO] Selected 2 cores to process 2 jobs, with 32 maximum available cores.
[2026-02-13 12:32:44,830 libparallel INFO] Using 2 cores
[2026-02-13 12:32:48,065 libparallel INFO] 2 tasks finished
[2026-02-13 12:32:48,065 __init__ INFO] [topoaa] CNS jobs have finished
[2026-02-13 12:32:48,067 base_cns_module INFO] Module [topoaa] finished.
[2026-02-13 12:32:48,067 __init__ INFO] [topoaa] took 3 seconds
[2026-02-13 12:32:48,405 base_cns_module INFO] Running [rigidbody] module
[2026-02-13 12:32:48,406 __init__ INFO] [rigidbody] crossdock=true
[2026-02-13 12:32:48,406 __init__ INFO] [rigidbody] Preparing jobs...
[2026-02-13 12:32:48,408 libutil INFO] Selected 20 cores to process 20 jobs, with 32 maximum available cores.
[2026-02-13 12:32:48,408 libparallel INFO] Using 20 cores
[2026-02-13 12:32:48,434 libparallel INFO] 20 tasks finished
[2026-02-13 12:32:48,435 __init__ INFO] [rigidbody] Preparation took 0.028874 seconds
[2026-02-13 12:32:48,436 __init__ INFO] [rigidbody] Running CNS Jobs n=20
[2026-02-13 12:32:48,436 libutil INFO] Selected 20 cores to process 20 jobs, with 32 maximum available cores.
[2026-02-13 12:32:48,437 libparallel INFO] Using 20 cores
[2026-02-13 12:32:58,651 libparallel INFO] 20 tasks finished
[2026-02-13 12:32:58,652 __init__ INFO] [rigidbody] CNS jobs have finished
[2026-02-13 12:32:58,682 base_cns_module INFO] Module [rigidbody] finished.
[2026-02-13 12:32:58,682 __init__ INFO] [rigidbody] took 10 seconds
[2026-02-13 12:32:59,057 base_cns_module INFO] Running [flexref] module
[2026-02-13 12:32:59,115 __init__ INFO] [flexref] Running CNS Jobs n=20
[2026-02-13 12:32:59,115 libutil INFO] Selected 20 cores to process 20 jobs, with 32 maximum available cores.
[2026-02-13 12:32:59,115 libparallel INFO] Using 20 cores
[2026-02-13 12:34:35,459 libparallel INFO] 20 tasks finished
[2026-02-13 12:34:35,460 __init__ INFO] [flexref] CNS jobs have finished
[2026-02-13 12:34:35,521 base_cns_module INFO] Module [flexref] finished.
[2026-02-13 12:34:35,521 __init__ INFO] [flexref] took 1 minute and 36 seconds
[2026-02-13 12:34:35,861 base_cns_module INFO] Running [emref] module
[2026-02-13 12:34:35,917 __init__ INFO] [emref] Running CNS Jobs n=20
[2026-02-13 12:34:35,917 libutil INFO] Selected 20 cores to process 20 jobs, with 32 maximum available cores.
[2026-02-13 12:34:35,917 libparallel INFO] Using 20 cores
[2026-02-13 12:34:43,071 libparallel INFO] 20 tasks finished
[2026-02-13 12:34:43,071 __init__ INFO] [emref] CNS jobs have finished
[2026-02-13 12:34:43,109 base_cns_module INFO] Module [emref] finished.
[2026-02-13 12:34:43,109 __init__ INFO] [emref] took 7 seconds
[2026-02-13 12:34:43,109 cli_analyse INFO] Running haddock3-analyse on ./, modules [], with top_cluster = 10
[2026-02-13 12:34:43,115 cli_analyse INFO] Created directory: /mnt/Data/PopOS/Data_Ana/Wu/clawdPorjects/HADDOCK_test/results/run_Pos_ATACACCCAAAGTAAC-1_contig_1_1/analysis
[2026-02-13 12:34:43,115 cli_analyse INFO] Reading input run directory
[2026-02-13 12:34:43,115 cli_analyse INFO] selected steps: 0_topoaa, 1_rigidbody, 2_flexref, 3_emref
[2026-02-13 12:34:43,116 cli_analyse INFO] Analysing step 0_topoaa
[2026-02-13 12:34:43,116 cli_analyse WARNING] Could not execute the analysis for step 0_topoaa. The following error occurred 'dict' object has no attribute 'rel_path'
[2026-02-13 12:34:43,116 cli_analyse INFO] Analysing step 1_rigidbody
[2026-02-13 12:34:43,117 cli_unpack INFO] Unpacking '../1_rigidbody' folder
[2026-02-13 12:34:43,118 libtimer INFO] unpacking took 0 seconds
[2026-02-13 12:34:43,131 capri INFO] Found previous CNS step: 1_rigidbody
[2026-02-13 12:34:43,241 capri INFO] Saved scoring weights to: weights_params.json
[2026-02-13 12:34:43,241 __init__ INFO] [caprieval] No reference structure provided. Using the structure with the lowest score from previous step
[2026-02-13 12:34:43,327 libutil INFO] Selected 20 cores to process 20 jobs, with 32 maximum available cores.
[2026-02-13 12:34:43,327 libparallel INFO] Using 20 cores
[2026-02-13 12:34:43,761 libparallel INFO] 20 tasks finished
[2026-02-13 12:34:43,762 capri INFO] Rearranging cluster information into capri_clt.tsv
[2026-02-13 12:34:43,766 cli_clean INFO] Compressing '../1_rigidbody' folder
[2026-02-13 12:34:43,766 clean_steps INFO] Cleaning output for '../1_rigidbody' using 20 cores.
[2026-02-13 12:34:43,889 libtimer INFO] compressing took 0 seconds
[2026-02-13 12:34:43,889 cli_analyse INFO] CAPRI files identified
[2026-02-13 12:34:43,891 cli_analyse INFO] Plotting results..
[2026-02-13 12:34:45,110 cli_analyse INFO] Summary archive summary.tgz created!
[2026-02-13 12:34:45,110 cli_analyse INFO] Analysing step 2_flexref
[2026-02-13 12:34:45,112 cli_unpack INFO] Unpacking '../2_flexref' folder
[2026-02-13 12:34:45,113 libtimer INFO] unpacking took 0 seconds
[2026-02-13 12:34:45,126 capri INFO] Found previous CNS step: 2_flexref
[2026-02-13 12:34:45,363 capri INFO] Saved scoring weights to: weights_params.json
[2026-02-13 12:34:45,363 __init__ INFO] [caprieval] No reference structure provided. Using the structure with the lowest score from previous step
[2026-02-13 12:34:45,451 libutil INFO] Selected 20 cores to process 20 jobs, with 32 maximum available cores.
[2026-02-13 12:34:45,451 libparallel INFO] Using 20 cores
[2026-02-13 12:34:45,841 libparallel INFO] 20 tasks finished
[2026-02-13 12:34:45,842 capri INFO] Rearranging cluster information into capri_clt.tsv
[2026-02-13 12:34:45,846 cli_clean INFO] Compressing '../2_flexref' folder
[2026-02-13 12:34:45,846 clean_steps INFO] Cleaning output for '../2_flexref' using 20 cores.
[2026-02-13 12:34:45,968 libtimer INFO] compressing took 0 seconds
[2026-02-13 12:34:45,969 cli_analyse INFO] CAPRI files identified
[2026-02-13 12:34:45,971 cli_analyse INFO] Plotting results..
[2026-02-13 12:34:47,077 cli_analyse INFO] Summary archive summary.tgz created!
[2026-02-13 12:34:47,078 cli_analyse INFO] Analysing step 3_emref
[2026-02-13 12:34:47,080 cli_unpack INFO] Unpacking '../3_emref' folder
[2026-02-13 12:34:47,080 libtimer INFO] unpacking took 0 seconds
[2026-02-13 12:34:47,093 capri INFO] Found previous CNS step: 3_emref
[2026-02-13 12:34:47,195 capri INFO] Saved scoring weights to: weights_params.json
[2026-02-13 12:34:47,195 __init__ INFO] [caprieval] No reference structure provided. Using the structure with the lowest score from previous step
[2026-02-13 12:34:47,282 libutil INFO] Selected 20 cores to process 20 jobs, with 32 maximum available cores.
[2026-02-13 12:34:47,282 libparallel INFO] Using 20 cores
[2026-02-13 12:34:47,685 libparallel INFO] 20 tasks finished
[2026-02-13 12:34:47,686 capri INFO] Rearranging cluster information into capri_clt.tsv
[2026-02-13 12:34:47,693 cli_clean INFO] Compressing '../3_emref' folder
[2026-02-13 12:34:47,693 clean_steps INFO] Cleaning output for '../3_emref' using 20 cores.
[2026-02-13 12:34:47,817 libtimer INFO] compressing took 0 seconds
[2026-02-13 12:34:47,817 cli_analyse INFO] CAPRI files identified
[2026-02-13 12:34:47,819 cli_analyse INFO] Plotting results..
[2026-02-13 12:34:48,926 cli_analyse INFO] Summary archive summary.tgz created!
[2026-02-13 12:34:48,926 cli_analyse INFO] moving files to analysis folder
[2026-02-13 12:34:48,927 cli_analyse INFO] cancelling unsuccesful analysis folders
[2026-02-13 12:34:48,927 cli_analyse INFO] updating paths in analysis/1_rigidbody_analysis/capri_ss.tsv
[2026-02-13 12:34:48,927 cli_analyse INFO] View the results in analysis/1_rigidbody_analysis/report.html
[2026-02-13 12:34:48,927 cli_analyse INFO] To view structures or download the structure files, in a terminal run the command `python -m http.server --directory /mnt/Data/PopOS/Data_Ana/Wu/clawdPorjects/HADDOCK_test/results/run_Pos_ATACACCCAAAGTAAC-1_contig_1_1`. By default, http server runs on `http://0.0.0.0:8000/`. Open the link http://0.0.0.0:8000/analysis/1_rigidbody_analysis/report.html in a web browser.
[2026-02-13 12:34:48,927 cli_analyse INFO] updating paths in analysis/2_flexref_analysis/capri_ss.tsv
[2026-02-13 12:34:48,927 cli_analyse INFO] View the results in analysis/2_flexref_analysis/report.html
[2026-02-13 12:34:48,927 cli_analyse INFO] To view structures or download the structure files, in a terminal run the command `python -m http.server --directory /mnt/Data/PopOS/Data_Ana/Wu/clawdPorjects/HADDOCK_test/results/run_Pos_ATACACCCAAAGTAAC-1_contig_1_1`. By default, http server runs on `http://0.0.0.0:8000/`. Open the link http://0.0.0.0:8000/analysis/2_flexref_analysis/report.html in a web browser.
[2026-02-13 12:34:48,927 cli_analyse INFO] updating paths in analysis/3_emref_analysis/capri_ss.tsv
[2026-02-13 12:34:48,927 cli_analyse INFO] View the results in analysis/3_emref_analysis/report.html
[2026-02-13 12:34:48,927 cli_analyse INFO] To view structures or download the structure files, in a terminal run the command `python -m http.server --directory /mnt/Data/PopOS/Data_Ana/Wu/clawdPorjects/HADDOCK_test/results/run_Pos_ATACACCCAAAGTAAC-1_contig_1_1`. By default, http server runs on `http://0.0.0.0:8000/`. Open the link http://0.0.0.0:8000/analysis/3_emref_analysis/report.html in a web browser.
[2026-02-13 12:34:48,927 cli_traceback INFO] Running haddock3-traceback on ./
[2026-02-13 12:34:48,927 cli_traceback INFO] Reading input run directory
[2026-02-13 12:34:48,928 cli_traceback INFO] All_steps: 0_topoaa, 1_rigidbody, 2_flexref, 3_emref
[2026-02-13 12:34:48,928 cli_traceback INFO] Modules not to be analysed: 0_topoaa
[2026-02-13 12:34:48,928 cli_traceback INFO] Steps to trace back: 1_rigidbody, 2_flexref, 3_emref
[2026-02-13 12:34:48,928 cli_traceback INFO] Created directory: /mnt/Data/PopOS/Data_Ana/Wu/clawdPorjects/HADDOCK_test/results/run_Pos_ATACACCCAAAGTAAC-1_contig_1_1/traceback
[2026-02-13 12:34:48,928 cli_traceback INFO] Tracing back step 3_emref
[2026-02-13 12:34:48,930 cli_traceback INFO] Tracing back step 2_flexref
[2026-02-13 12:34:48,932 cli_traceback INFO] Tracing back step 1_rigidbody
[2026-02-13 12:34:48,936 cli_traceback INFO] Output dataframe traceback/traceback.tsv created with shape (20, 8)
[2026-02-13 12:34:48,963 clean_steps INFO] Cleaning output for '0_topoaa' using 20 cores.
[2026-02-13 12:34:49,095 libtimer INFO] cleaning output files took 0 seconds
[2026-02-13 12:34:49,095 clean_steps INFO] Cleaning output for '1_rigidbody' using 20 cores.
[2026-02-13 12:34:49,106 libtimer INFO] cleaning output files took 0 seconds
[2026-02-13 12:34:49,106 clean_steps INFO] Cleaning output for '2_flexref' using 20 cores.
[2026-02-13 12:34:49,114 libtimer INFO] cleaning output files took 0 seconds
[2026-02-13 12:34:49,114 clean_steps INFO] Cleaning output for '3_emref' using 20 cores.
[2026-02-13 12:34:49,122 libtimer INFO] cleaning output files took 0 seconds
[2026-02-13 12:34:49,122 cli INFO] This HADDOCK3 run took: 2 minutes and 8 seconds
[2026-02-13 12:34:49,122 greetings INFO] Your feedback matters in Haddock3! Share your experience and help us grow:
[2026-02-13 12:34:49,122 greetings INFO] GitHub issues: https://github.com/haddocking/haddock3/issues
[2026-02-13 12:34:49,122 greetings INFO] BioExcel feedback: https://www.bonvinlab.org/feedback
[2026-02-13 12:34:49,122 greetings INFO] BioExcel forum: https://ask.bioexcel.eu/c/haddock/6
[2026-02-13 12:34:49,123 cli INFO] Finished at 13/02/2026 12:34:49. Adiós! Até logo! La revedere!
