[2026-02-13 09:29:13,669 cli INFO] 
##############################################
#                                            #
#                 HADDOCK3                   #
#                                            #
##############################################

!! Some of the HADDOCK3 components use CNS (Crystallographic and NMR System) which is free of use for non-profit applications. !!
!! For commercial use it is your own responsibility to have a proper license. !!
!! For details refer to the DISCLAIMER file in the HADDOCK3 repository. !!

Starting HADDOCK3 v2024.10.0b7 on 2026-02-13 09:29:00

Python 3.10.12 (main, Feb  4 2025, 14:57:36) [GCC 11.4.0]

[2026-02-13 09:29:17,469 libworkflow INFO] Reading instructions step 0_topoaa
[2026-02-13 09:29:17,469 libworkflow INFO] Reading instructions step 1_rigidbody
[2026-02-13 09:29:17,469 libworkflow INFO] Reading instructions step 2_flexref
[2026-02-13 09:29:17,469 libworkflow INFO] Reading instructions step 3_emref
[2026-02-13 09:29:17,483 base_cns_module INFO] Running [topoaa] module
[2026-02-13 09:29:17,484 __init__ INFO] [topoaa] Molecule 1: receptor_single_14-8_Epi.pdb
[2026-02-13 09:29:17,485 __init__ INFO] [topoaa] Sanitizing molecule receptor_single_14-8_Epi.pdb
[2026-02-13 09:29:17,492 __init__ INFO] [topoaa] Topology CNS input created
[2026-02-13 09:29:17,492 __init__ INFO] [topoaa] Molecule 2: ligand_single_14-8_Epi.pdb
[2026-02-13 09:29:17,493 __init__ INFO] [topoaa] Sanitizing molecule ligand_single_14-8_Epi.pdb
[2026-02-13 09:29:17,496 __init__ INFO] [topoaa] Topology CNS input created
[2026-02-13 09:29:17,496 __init__ INFO] [topoaa] Running CNS Jobs n=2
[2026-02-13 09:29:17,496 libutil INFO] Selected 2 cores to process 2 jobs, with 32 maximum available cores.
[2026-02-13 09:29:17,497 libparallel INFO] Using 2 cores
[2026-02-13 09:29:20,683 libparallel INFO] 2 tasks finished
[2026-02-13 09:29:20,683 __init__ INFO] [topoaa] CNS jobs have finished
[2026-02-13 09:29:20,685 base_cns_module INFO] Module [topoaa] finished.
[2026-02-13 09:29:20,685 __init__ INFO] [topoaa] took 3 seconds
[2026-02-13 09:29:21,032 base_cns_module INFO] Running [rigidbody] module
[2026-02-13 09:29:21,032 __init__ INFO] [rigidbody] crossdock=true
[2026-02-13 09:29:21,032 __init__ INFO] [rigidbody] Preparing jobs...
[2026-02-13 09:29:21,034 libutil INFO] Selected 20 cores to process 20 jobs, with 32 maximum available cores.
[2026-02-13 09:29:21,035 libparallel INFO] Using 20 cores
[2026-02-13 09:29:21,063 libparallel INFO] 20 tasks finished
[2026-02-13 09:29:21,064 __init__ INFO] [rigidbody] Preparation took 0.031449 seconds
[2026-02-13 09:29:21,065 __init__ INFO] [rigidbody] Running CNS Jobs n=20
[2026-02-13 09:29:21,065 libutil INFO] Selected 20 cores to process 20 jobs, with 32 maximum available cores.
[2026-02-13 09:29:21,066 libparallel INFO] Using 20 cores
[2026-02-13 09:29:31,580 libparallel INFO] 20 tasks finished
[2026-02-13 09:29:31,580 __init__ INFO] [rigidbody] CNS jobs have finished
[2026-02-13 09:29:31,618 base_cns_module INFO] Module [rigidbody] finished.
[2026-02-13 09:29:31,618 __init__ INFO] [rigidbody] took 11 seconds
[2026-02-13 09:29:32,008 base_cns_module INFO] Running [flexref] module
[2026-02-13 09:29:32,067 __init__ INFO] [flexref] Running CNS Jobs n=20
[2026-02-13 09:29:32,067 libutil INFO] Selected 20 cores to process 20 jobs, with 32 maximum available cores.
[2026-02-13 09:29:32,068 libparallel INFO] Using 20 cores
[2026-02-13 09:31:07,576 libparallel INFO] 20 tasks finished
[2026-02-13 09:31:07,576 __init__ INFO] [flexref] CNS jobs have finished
[2026-02-13 09:31:07,606 base_cns_module INFO] Module [flexref] finished.
[2026-02-13 09:31:07,606 __init__ INFO] [flexref] took 1 minute and 36 seconds
[2026-02-13 09:31:07,953 base_cns_module INFO] Running [emref] module
[2026-02-13 09:31:08,011 __init__ INFO] [emref] Running CNS Jobs n=20
[2026-02-13 09:31:08,011 libutil INFO] Selected 20 cores to process 20 jobs, with 32 maximum available cores.
[2026-02-13 09:31:08,011 libparallel INFO] Using 20 cores
[2026-02-13 09:31:15,450 libparallel INFO] 20 tasks finished
[2026-02-13 09:31:15,451 __init__ INFO] [emref] CNS jobs have finished
[2026-02-13 09:31:15,482 base_cns_module INFO] Module [emref] finished.
[2026-02-13 09:31:15,482 __init__ INFO] [emref] took 8 seconds
[2026-02-13 09:31:15,482 cli_analyse INFO] Running haddock3-analyse on ./, modules [], with top_cluster = 10
[2026-02-13 09:31:15,490 cli_analyse INFO] Created directory: /mnt/Data/PopOS/Data_Ana/Wu/clawdPorjects/HADDOCK_test/results/run_14-8_Epi/analysis
[2026-02-13 09:31:15,490 cli_analyse INFO] Reading input run directory
[2026-02-13 09:31:15,491 cli_analyse INFO] selected steps: 0_topoaa, 1_rigidbody, 2_flexref, 3_emref
[2026-02-13 09:31:15,491 cli_analyse INFO] Analysing step 0_topoaa
[2026-02-13 09:31:15,491 cli_analyse WARNING] Could not execute the analysis for step 0_topoaa. The following error occurred 'dict' object has no attribute 'rel_path'
[2026-02-13 09:31:15,491 cli_analyse INFO] Analysing step 1_rigidbody
[2026-02-13 09:31:15,492 cli_unpack INFO] Unpacking '../1_rigidbody' folder
[2026-02-13 09:31:15,493 libtimer INFO] unpacking took 0 seconds
[2026-02-13 09:31:15,506 capri INFO] Found previous CNS step: 1_rigidbody
[2026-02-13 09:31:15,629 capri INFO] Saved scoring weights to: weights_params.json
[2026-02-13 09:31:15,630 __init__ INFO] [caprieval] No reference structure provided. Using the structure with the lowest score from previous step
[2026-02-13 09:31:15,714 libutil INFO] Selected 20 cores to process 20 jobs, with 32 maximum available cores.
[2026-02-13 09:31:15,715 libparallel INFO] Using 20 cores
[2026-02-13 09:31:16,244 libparallel INFO] 20 tasks finished
[2026-02-13 09:31:16,245 capri INFO] Rearranging cluster information into capri_clt.tsv
[2026-02-13 09:31:16,252 cli_clean INFO] Compressing '../1_rigidbody' folder
[2026-02-13 09:31:16,252 clean_steps INFO] Cleaning output for '../1_rigidbody' using 20 cores.
[2026-02-13 09:31:16,390 libtimer INFO] compressing took 0 seconds
[2026-02-13 09:31:16,390 cli_analyse INFO] CAPRI files identified
[2026-02-13 09:31:16,392 cli_analyse INFO] Plotting results..
[2026-02-13 09:31:17,607 cli_analyse INFO] Summary archive summary.tgz created!
[2026-02-13 09:31:17,607 cli_analyse INFO] Analysing step 2_flexref
[2026-02-13 09:31:17,610 cli_unpack INFO] Unpacking '../2_flexref' folder
[2026-02-13 09:31:17,610 libtimer INFO] unpacking took 0 seconds
[2026-02-13 09:31:17,623 capri INFO] Found previous CNS step: 2_flexref
[2026-02-13 09:31:17,861 capri INFO] Saved scoring weights to: weights_params.json
[2026-02-13 09:31:17,861 __init__ INFO] [caprieval] No reference structure provided. Using the structure with the lowest score from previous step
[2026-02-13 09:31:17,948 libutil INFO] Selected 20 cores to process 20 jobs, with 32 maximum available cores.
[2026-02-13 09:31:17,948 libparallel INFO] Using 20 cores
[2026-02-13 09:31:18,333 libparallel INFO] 20 tasks finished
[2026-02-13 09:31:18,334 capri INFO] Rearranging cluster information into capri_clt.tsv
[2026-02-13 09:31:18,343 cli_clean INFO] Compressing '../2_flexref' folder
[2026-02-13 09:31:18,344 clean_steps INFO] Cleaning output for '../2_flexref' using 20 cores.
[2026-02-13 09:31:18,470 libtimer INFO] compressing took 0 seconds
[2026-02-13 09:31:18,471 cli_analyse INFO] CAPRI files identified
[2026-02-13 09:31:18,472 cli_analyse INFO] Plotting results..
[2026-02-13 09:31:19,650 cli_analyse INFO] Summary archive summary.tgz created!
[2026-02-13 09:31:19,650 cli_analyse INFO] Analysing step 3_emref
[2026-02-13 09:31:19,652 cli_unpack INFO] Unpacking '../3_emref' folder
[2026-02-13 09:31:19,652 libtimer INFO] unpacking took 0 seconds
[2026-02-13 09:31:19,666 capri INFO] Found previous CNS step: 3_emref
[2026-02-13 09:31:19,768 capri INFO] Saved scoring weights to: weights_params.json
[2026-02-13 09:31:19,768 __init__ INFO] [caprieval] No reference structure provided. Using the structure with the lowest score from previous step
[2026-02-13 09:31:19,853 libutil INFO] Selected 20 cores to process 20 jobs, with 32 maximum available cores.
[2026-02-13 09:31:19,853 libparallel INFO] Using 20 cores
[2026-02-13 09:31:20,267 libparallel INFO] 20 tasks finished
[2026-02-13 09:31:20,268 capri INFO] Rearranging cluster information into capri_clt.tsv
[2026-02-13 09:31:20,275 cli_clean INFO] Compressing '../3_emref' folder
[2026-02-13 09:31:20,275 clean_steps INFO] Cleaning output for '../3_emref' using 20 cores.
[2026-02-13 09:31:20,411 libtimer INFO] compressing took 0 seconds
[2026-02-13 09:31:20,412 cli_analyse INFO] CAPRI files identified
[2026-02-13 09:31:20,413 cli_analyse INFO] Plotting results..
[2026-02-13 09:31:21,518 cli_analyse INFO] Summary archive summary.tgz created!
[2026-02-13 09:31:21,518 cli_analyse INFO] moving files to analysis folder
[2026-02-13 09:31:21,519 cli_analyse INFO] cancelling unsuccesful analysis folders
[2026-02-13 09:31:21,519 cli_analyse INFO] updating paths in analysis/1_rigidbody_analysis/capri_ss.tsv
[2026-02-13 09:31:21,519 cli_analyse INFO] View the results in analysis/1_rigidbody_analysis/report.html
[2026-02-13 09:31:21,519 cli_analyse INFO] To view structures or download the structure files, in a terminal run the command `python -m http.server --directory /mnt/Data/PopOS/Data_Ana/Wu/clawdPorjects/HADDOCK_test/results/run_14-8_Epi`. By default, http server runs on `http://0.0.0.0:8000/`. Open the link http://0.0.0.0:8000/analysis/1_rigidbody_analysis/report.html in a web browser.
[2026-02-13 09:31:21,519 cli_analyse INFO] updating paths in analysis/2_flexref_analysis/capri_ss.tsv
[2026-02-13 09:31:21,519 cli_analyse INFO] View the results in analysis/2_flexref_analysis/report.html
[2026-02-13 09:31:21,519 cli_analyse INFO] To view structures or download the structure files, in a terminal run the command `python -m http.server --directory /mnt/Data/PopOS/Data_Ana/Wu/clawdPorjects/HADDOCK_test/results/run_14-8_Epi`. By default, http server runs on `http://0.0.0.0:8000/`. Open the link http://0.0.0.0:8000/analysis/2_flexref_analysis/report.html in a web browser.
[2026-02-13 09:31:21,519 cli_analyse INFO] updating paths in analysis/3_emref_analysis/capri_ss.tsv
[2026-02-13 09:31:21,519 cli_analyse INFO] View the results in analysis/3_emref_analysis/report.html
[2026-02-13 09:31:21,519 cli_analyse INFO] To view structures or download the structure files, in a terminal run the command `python -m http.server --directory /mnt/Data/PopOS/Data_Ana/Wu/clawdPorjects/HADDOCK_test/results/run_14-8_Epi`. By default, http server runs on `http://0.0.0.0:8000/`. Open the link http://0.0.0.0:8000/analysis/3_emref_analysis/report.html in a web browser.
[2026-02-13 09:31:21,519 cli_traceback INFO] Running haddock3-traceback on ./
[2026-02-13 09:31:21,519 cli_traceback INFO] Reading input run directory
[2026-02-13 09:31:21,519 cli_traceback INFO] All_steps: 0_topoaa, 1_rigidbody, 2_flexref, 3_emref
[2026-02-13 09:31:21,520 cli_traceback INFO] Modules not to be analysed: 0_topoaa
[2026-02-13 09:31:21,520 cli_traceback INFO] Steps to trace back: 1_rigidbody, 2_flexref, 3_emref
[2026-02-13 09:31:21,520 cli_traceback INFO] Created directory: /mnt/Data/PopOS/Data_Ana/Wu/clawdPorjects/HADDOCK_test/results/run_14-8_Epi/traceback
[2026-02-13 09:31:21,520 cli_traceback INFO] Tracing back step 3_emref
[2026-02-13 09:31:21,522 cli_traceback INFO] Tracing back step 2_flexref
[2026-02-13 09:31:21,524 cli_traceback INFO] Tracing back step 1_rigidbody
[2026-02-13 09:31:21,528 cli_traceback INFO] Output dataframe traceback/traceback.tsv created with shape (20, 8)
[2026-02-13 09:31:21,555 clean_steps INFO] Cleaning output for '0_topoaa' using 20 cores.
[2026-02-13 09:31:21,683 libtimer INFO] cleaning output files took 0 seconds
[2026-02-13 09:31:21,683 clean_steps INFO] Cleaning output for '1_rigidbody' using 20 cores.
[2026-02-13 09:31:21,691 libtimer INFO] cleaning output files took 0 seconds
[2026-02-13 09:31:21,691 clean_steps INFO] Cleaning output for '2_flexref' using 20 cores.
[2026-02-13 09:31:21,699 libtimer INFO] cleaning output files took 0 seconds
[2026-02-13 09:31:21,700 clean_steps INFO] Cleaning output for '3_emref' using 20 cores.
[2026-02-13 09:31:21,714 libtimer INFO] cleaning output files took 0 seconds
[2026-02-13 09:31:21,715 cli INFO] This HADDOCK3 run took: 2 minutes and 8 seconds
[2026-02-13 09:31:21,715 greetings INFO] Your feedback matters in Haddock3! Share your experience and help us grow:
[2026-02-13 09:31:21,715 greetings INFO] GitHub issues: https://github.com/haddocking/haddock3/issues
[2026-02-13 09:31:21,715 greetings INFO] BioExcel feedback: https://www.bonvinlab.org/feedback
[2026-02-13 09:31:21,715 greetings INFO] BioExcel forum: https://ask.bioexcel.eu/c/haddock/6
[2026-02-13 09:31:21,715 cli INFO] Finished at 13/02/2026 09:31:21. Dovidenia! Ciao! Agur!
