[2026-02-06 21:41:15,212 cli INFO] 
##############################################
#                                            #
#                 HADDOCK3                   #
#                                            #
##############################################

!! Some of the HADDOCK3 components use CNS (Crystallographic and NMR System) which is free of use for non-profit applications. !!
!! For commercial use it is your own responsibility to have a proper license. !!
!! For details refer to the DISCLAIMER file in the HADDOCK3 repository. !!

Starting HADDOCK3 v2024.10.0b7 on 2026-02-06 21:41:00

Python 3.10.12 (main, Feb  4 2025, 14:57:36) [GCC 11.4.0]

[2026-02-06 21:41:18,982 libworkflow INFO] Reading instructions step 0_topoaa
[2026-02-06 21:41:18,982 libworkflow INFO] Reading instructions step 1_rigidbody
[2026-02-06 21:41:18,982 libworkflow INFO] Reading instructions step 2_flexref
[2026-02-06 21:41:18,982 libworkflow INFO] Reading instructions step 3_emref
[2026-02-06 21:41:18,982 libworkflow INFO] Reading instructions step 4_caprieval
[2026-02-06 21:41:18,996 base_cns_module INFO] Running [topoaa] module
[2026-02-06 21:41:18,996 __init__ INFO] [topoaa] Molecule 1: receptor_single_refold_9DN2_Epi.pdb
[2026-02-06 21:41:19,000 __init__ INFO] [topoaa] Sanitizing molecule receptor_single_refold_9DN2_Epi.pdb
[2026-02-06 21:41:19,021 __init__ INFO] [topoaa] Topology CNS input created
[2026-02-06 21:41:19,021 __init__ INFO] [topoaa] Molecule 2: ligand_single_refold_9DN2_Epi.pdb
[2026-02-06 21:41:19,022 __init__ INFO] [topoaa] Sanitizing molecule ligand_single_refold_9DN2_Epi.pdb
[2026-02-06 21:41:19,025 __init__ INFO] [topoaa] Topology CNS input created
[2026-02-06 21:41:19,025 __init__ INFO] [topoaa] Running CNS Jobs n=2
[2026-02-06 21:41:19,025 libutil INFO] Selected 2 cores to process 2 jobs, with 32 maximum available cores.
[2026-02-06 21:41:19,026 libparallel INFO] Using 2 cores
[2026-02-06 21:41:38,917 libparallel INFO] 2 tasks finished
[2026-02-06 21:41:38,918 __init__ INFO] [topoaa] CNS jobs have finished
[2026-02-06 21:41:38,920 base_cns_module INFO] Module [topoaa] finished.
[2026-02-06 21:41:38,920 __init__ INFO] [topoaa] took 20 seconds
[2026-02-06 21:41:39,253 base_cns_module INFO] Running [rigidbody] module
[2026-02-06 21:41:39,254 __init__ INFO] [rigidbody] crossdock=true
[2026-02-06 21:41:39,254 __init__ INFO] [rigidbody] Preparing jobs...
[2026-02-06 21:41:39,258 libutil INFO] Selected 20 cores to process 20 jobs, with 32 maximum available cores.
[2026-02-06 21:41:39,258 libparallel INFO] Using 20 cores
[2026-02-06 21:41:39,290 libparallel INFO] 20 tasks finished
[2026-02-06 21:41:39,291 __init__ INFO] [rigidbody] Preparation took 0.037122 seconds
[2026-02-06 21:41:39,292 __init__ INFO] [rigidbody] Running CNS Jobs n=20
[2026-02-06 21:41:39,292 libutil INFO] Selected 20 cores to process 20 jobs, with 32 maximum available cores.
[2026-02-06 21:41:39,293 libparallel INFO] Using 20 cores
[2026-02-06 21:42:17,842 libparallel INFO] 20 tasks finished
[2026-02-06 21:42:17,842 __init__ INFO] [rigidbody] CNS jobs have finished
[2026-02-06 21:42:17,906 base_cns_module INFO] Module [rigidbody] finished.
[2026-02-06 21:42:17,906 __init__ INFO] [rigidbody] took 39 seconds
[2026-02-06 21:42:18,288 base_cns_module INFO] Running [flexref] module
[2026-02-06 21:42:18,411 __init__ INFO] [flexref] Running CNS Jobs n=20
[2026-02-06 21:42:18,411 libutil INFO] Selected 20 cores to process 20 jobs, with 32 maximum available cores.
[2026-02-06 21:42:18,412 libparallel INFO] Using 20 cores
[2026-02-06 21:46:42,330 libparallel INFO] 20 tasks finished
[2026-02-06 21:46:42,331 __init__ INFO] [flexref] CNS jobs have finished
[2026-02-06 21:46:42,398 base_cns_module INFO] Module [flexref] finished.
[2026-02-06 21:46:42,398 __init__ INFO] [flexref] took 4 minutes and 24 seconds
[2026-02-06 21:46:42,740 base_cns_module INFO] Running [emref] module
[2026-02-06 21:46:42,861 __init__ INFO] [emref] Running CNS Jobs n=20
[2026-02-06 21:46:42,861 libutil INFO] Selected 20 cores to process 20 jobs, with 32 maximum available cores.
[2026-02-06 21:46:42,862 libparallel INFO] Using 20 cores
[2026-02-06 21:47:01,386 libparallel INFO] 20 tasks finished
[2026-02-06 21:47:01,386 __init__ INFO] [emref] CNS jobs have finished
[2026-02-06 21:47:01,443 base_cns_module INFO] Module [emref] finished.
[2026-02-06 21:47:01,444 __init__ INFO] [emref] took 19 seconds
[2026-02-06 21:47:01,459 __init__ INFO] Running [caprieval] module
[2026-02-06 21:47:01,459 capri INFO] Found previous CNS step: 3_emref
[2026-02-06 21:47:01,561 capri INFO] Saved scoring weights to: weights_params.json
[2026-02-06 21:47:01,562 __init__ INFO] [caprieval] No reference structure provided. Using the structure with the lowest score from previous step
[2026-02-06 21:47:01,759 libutil INFO] Selected 20 cores to process 20 jobs, with 32 maximum available cores.
[2026-02-06 21:47:01,759 libparallel INFO] Using 20 cores
[2026-02-06 21:47:02,849 libparallel INFO] 20 tasks finished
[2026-02-06 21:47:02,850 capri INFO] Rearranging cluster information into capri_clt.tsv
[2026-02-06 21:47:02,857 __init__ INFO] Module [caprieval] finished.
[2026-02-06 21:47:02,857 __init__ INFO] [caprieval] took 1 seconds
[2026-02-06 21:47:02,857 cli_analyse INFO] Running haddock3-analyse on ./, modules [4], with top_cluster = 10
[2026-02-06 21:47:02,868 cli_analyse INFO] Created directory: /mnt/Data/PopOS/Data_Ana/Wu/clawdPorjects/HADDOCK_test/results_full/run_refold_9DN2_Epi/analysis
[2026-02-06 21:47:02,868 cli_analyse INFO] Reading input run directory
[2026-02-06 21:47:02,869 cli_analyse INFO] selected steps: 4_caprieval
[2026-02-06 21:47:02,869 cli_analyse INFO] Analysing step 4_caprieval
[2026-02-06 21:47:02,869 cli_analyse INFO] step 4_caprieval is caprieval, files should be already available
[2026-02-06 21:47:02,869 cli_analyse INFO] CAPRI files identified
[2026-02-06 21:47:02,871 cli_analyse INFO] Plotting results..
[2026-02-06 21:47:04,845 cli_analyse INFO] Summary archive summary.tgz created!
[2026-02-06 21:47:04,845 cli_analyse INFO] moving files to analysis folder
[2026-02-06 21:47:04,845 cli_analyse INFO] updating paths in analysis/4_caprieval_analysis/capri_ss.tsv
[2026-02-06 21:47:04,845 cli_analyse INFO] View the results in analysis/4_caprieval_analysis/report.html
[2026-02-06 21:47:04,845 cli_analyse INFO] To view structures or download the structure files, in a terminal run the command `python -m http.server --directory /mnt/Data/PopOS/Data_Ana/Wu/clawdPorjects/HADDOCK_test/results_full/run_refold_9DN2_Epi`. By default, http server runs on `http://0.0.0.0:8000/`. Open the link http://0.0.0.0:8000/analysis/4_caprieval_analysis/report.html in a web browser.
[2026-02-06 21:47:04,845 cli_traceback INFO] Running haddock3-traceback on ./
[2026-02-06 21:47:04,845 cli_traceback INFO] Reading input run directory
[2026-02-06 21:47:04,846 cli_traceback INFO] All_steps: 0_topoaa, 1_rigidbody, 2_flexref, 3_emref, 4_caprieval
[2026-02-06 21:47:04,846 cli_traceback INFO] Modules not to be analysed: 0_topoaa, 4_caprieval
[2026-02-06 21:47:04,846 cli_traceback INFO] Steps to trace back: 1_rigidbody, 2_flexref, 3_emref
[2026-02-06 21:47:04,846 cli_traceback INFO] Created directory: /mnt/Data/PopOS/Data_Ana/Wu/clawdPorjects/HADDOCK_test/results_full/run_refold_9DN2_Epi/traceback
[2026-02-06 21:47:04,847 cli_traceback INFO] Tracing back step 3_emref
[2026-02-06 21:47:04,849 cli_traceback INFO] Tracing back step 2_flexref
[2026-02-06 21:47:04,851 cli_traceback INFO] Tracing back step 1_rigidbody
[2026-02-06 21:47:04,855 cli_traceback INFO] Output dataframe traceback/traceback.tsv created with shape (20, 8)
[2026-02-06 21:47:04,882 clean_steps INFO] Cleaning output for '0_topoaa' using 20 cores.
[2026-02-06 21:47:05,176 libtimer INFO] cleaning output files took 0 seconds
[2026-02-06 21:47:05,177 clean_steps INFO] Cleaning output for '1_rigidbody' using 20 cores.
[2026-02-06 21:47:05,405 libtimer INFO] cleaning output files took 0 seconds
[2026-02-06 21:47:05,405 clean_steps INFO] Cleaning output for '2_flexref' using 20 cores.
[2026-02-06 21:47:05,631 libtimer INFO] cleaning output files took 0 seconds
[2026-02-06 21:47:05,631 clean_steps INFO] Cleaning output for '3_emref' using 20 cores.
[2026-02-06 21:47:05,863 libtimer INFO] cleaning output files took 0 seconds
[2026-02-06 21:47:05,864 clean_steps INFO] Cleaning output for '4_caprieval' using 20 cores.
[2026-02-06 21:47:05,873 libtimer INFO] cleaning output files took 0 seconds
[2026-02-06 21:47:05,873 cli INFO] This HADDOCK3 run took: 5 minutes and 51 seconds
[2026-02-06 21:47:05,873 greetings INFO] Your feedback matters in Haddock3! Share your experience and help us grow:
[2026-02-06 21:47:05,873 greetings INFO] GitHub issues: https://github.com/haddocking/haddock3/issues
[2026-02-06 21:47:05,873 greetings INFO] BioExcel feedback: https://www.bonvinlab.org/feedback
[2026-02-06 21:47:05,873 greetings INFO] BioExcel forum: https://ask.bioexcel.eu/c/haddock/6
[2026-02-06 21:47:05,873 cli INFO] Finished at 06/02/2026 21:47:05. Até logo! Dovidenia! 再见!
