[2026-02-06 07:35:47,352 cli INFO] 
##############################################
#                                            #
#                 HADDOCK3                   #
#                                            #
##############################################

!! Some of the HADDOCK3 components use CNS (Crystallographic and NMR System) which is free of use for non-profit applications. !!
!! For commercial use it is your own responsibility to have a proper license. !!
!! For details refer to the DISCLAIMER file in the HADDOCK3 repository. !!

Starting HADDOCK3 v2024.10.0b7 on 2026-02-06 07:35:00

Python 3.10.12 (main, Feb  4 2025, 14:57:36) [GCC 11.4.0]

[2026-02-06 07:35:50,989 libworkflow INFO] Reading instructions step 0_topoaa
[2026-02-06 07:35:50,989 libworkflow INFO] Reading instructions step 1_rigidbody
[2026-02-06 07:35:50,989 libworkflow INFO] Reading instructions step 2_flexref
[2026-02-06 07:35:50,989 libworkflow INFO] Reading instructions step 3_emref
[2026-02-06 07:35:51,003 base_cns_module INFO] Running [topoaa] module
[2026-02-06 07:35:51,003 __init__ INFO] [topoaa] Molecule 1: receptor_single_TG0177_Epi.pdb
[2026-02-06 07:35:51,006 __init__ INFO] [topoaa] Sanitizing molecule receptor_single_TG0177_Epi.pdb
[2026-02-06 07:35:51,025 __init__ INFO] [topoaa] Topology CNS input created
[2026-02-06 07:35:51,025 __init__ INFO] [topoaa] Molecule 2: ligand_single_TG0177_Epi.pdb
[2026-02-06 07:35:51,026 __init__ INFO] [topoaa] Sanitizing molecule ligand_single_TG0177_Epi.pdb
[2026-02-06 07:35:51,029 __init__ INFO] [topoaa] Topology CNS input created
[2026-02-06 07:35:51,029 __init__ INFO] [topoaa] Running CNS Jobs n=2
[2026-02-06 07:35:51,029 libutil INFO] Selected 2 cores to process 2 jobs, with 32 maximum available cores.
[2026-02-06 07:35:51,030 libparallel INFO] Using 2 cores
[2026-02-06 07:36:11,215 libparallel INFO] 2 tasks finished
[2026-02-06 07:36:11,215 __init__ INFO] [topoaa] CNS jobs have finished
[2026-02-06 07:36:11,217 base_cns_module INFO] Module [topoaa] finished.
[2026-02-06 07:36:11,217 __init__ INFO] [topoaa] took 20 seconds
[2026-02-06 07:36:11,554 base_cns_module INFO] Running [rigidbody] module
[2026-02-06 07:36:11,555 __init__ INFO] [rigidbody] crossdock=true
[2026-02-06 07:36:11,555 __init__ INFO] [rigidbody] Preparing jobs...
[2026-02-06 07:36:11,559 libutil INFO] Selected 20 cores to process 20 jobs, with 32 maximum available cores.
[2026-02-06 07:36:11,559 libparallel INFO] Using 20 cores
[2026-02-06 07:36:11,590 libparallel INFO] 20 tasks finished
[2026-02-06 07:36:11,591 __init__ INFO] [rigidbody] Preparation took 0.03607 seconds
[2026-02-06 07:36:11,592 __init__ INFO] [rigidbody] Running CNS Jobs n=20
[2026-02-06 07:36:11,592 libutil INFO] Selected 20 cores to process 20 jobs, with 32 maximum available cores.
[2026-02-06 07:36:11,593 libparallel INFO] Using 20 cores
[2026-02-06 07:36:44,465 libparallel INFO] 20 tasks finished
[2026-02-06 07:36:44,466 __init__ INFO] [rigidbody] CNS jobs have finished
[2026-02-06 07:36:44,527 base_cns_module INFO] Module [rigidbody] finished.
[2026-02-06 07:36:44,527 __init__ INFO] [rigidbody] took 33 seconds
[2026-02-06 07:36:44,902 base_cns_module INFO] Running [flexref] module
[2026-02-06 07:36:45,024 __init__ INFO] [flexref] Running CNS Jobs n=20
[2026-02-06 07:36:45,024 libutil INFO] Selected 20 cores to process 20 jobs, with 32 maximum available cores.
[2026-02-06 07:36:45,024 libparallel INFO] Using 20 cores
[2026-02-06 07:41:18,931 libparallel INFO] 20 tasks finished
[2026-02-06 07:41:18,931 __init__ INFO] [flexref] CNS jobs have finished
[2026-02-06 07:41:19,030 base_cns_module INFO] Module [flexref] finished.
[2026-02-06 07:41:19,030 __init__ INFO] [flexref] took 4 minutes and 34 seconds
[2026-02-06 07:41:19,364 base_cns_module INFO] Running [emref] module
[2026-02-06 07:41:19,483 __init__ INFO] [emref] Running CNS Jobs n=20
[2026-02-06 07:41:19,483 libutil INFO] Selected 20 cores to process 20 jobs, with 32 maximum available cores.
[2026-02-06 07:41:19,483 libparallel INFO] Using 20 cores
[2026-02-06 07:41:38,295 libparallel INFO] 20 tasks finished
[2026-02-06 07:41:38,295 __init__ INFO] [emref] CNS jobs have finished
[2026-02-06 07:41:38,355 base_cns_module INFO] Module [emref] finished.
[2026-02-06 07:41:38,355 __init__ INFO] [emref] took 19 seconds
[2026-02-06 07:41:38,355 cli_analyse INFO] Running haddock3-analyse on ./, modules [], with top_cluster = 10
[2026-02-06 07:41:38,361 cli_analyse INFO] Created directory: /mnt/Data/PopOS/Data_Ana/Wu/clawdPorjects/HADDOCK_test/results/run_TG0177_Epi/analysis
[2026-02-06 07:41:38,362 cli_analyse INFO] Reading input run directory
[2026-02-06 07:41:38,362 cli_analyse INFO] selected steps: 0_topoaa, 1_rigidbody, 2_flexref, 3_emref
[2026-02-06 07:41:38,362 cli_analyse INFO] Analysing step 0_topoaa
[2026-02-06 07:41:38,362 cli_analyse WARNING] Could not execute the analysis for step 0_topoaa. The following error occurred 'dict' object has no attribute 'rel_path'
[2026-02-06 07:41:38,362 cli_analyse INFO] Analysing step 1_rigidbody
[2026-02-06 07:41:38,364 cli_unpack INFO] Unpacking '../1_rigidbody' folder
[2026-02-06 07:41:38,364 libtimer INFO] unpacking took 0 seconds
[2026-02-06 07:41:38,377 capri INFO] Found previous CNS step: 1_rigidbody
[2026-02-06 07:41:38,485 capri INFO] Saved scoring weights to: weights_params.json
[2026-02-06 07:41:38,485 __init__ INFO] [caprieval] No reference structure provided. Using the structure with the lowest score from previous step
[2026-02-06 07:41:38,680 libutil INFO] Selected 20 cores to process 20 jobs, with 32 maximum available cores.
[2026-02-06 07:41:38,681 libparallel INFO] Using 20 cores
[2026-02-06 07:41:39,703 libparallel INFO] 20 tasks finished
[2026-02-06 07:41:39,704 capri INFO] Rearranging cluster information into capri_clt.tsv
[2026-02-06 07:41:39,709 cli_clean INFO] Compressing '../1_rigidbody' folder
[2026-02-06 07:41:39,709 clean_steps INFO] Cleaning output for '../1_rigidbody' using 20 cores.
[2026-02-06 07:41:39,933 libtimer INFO] compressing took 0 seconds
[2026-02-06 07:41:39,933 cli_analyse INFO] CAPRI files identified
[2026-02-06 07:41:39,936 cli_analyse INFO] Plotting results..
[2026-02-06 07:41:41,838 cli_analyse INFO] Summary archive summary.tgz created!
[2026-02-06 07:41:41,838 cli_analyse INFO] Analysing step 2_flexref
[2026-02-06 07:41:41,840 cli_unpack INFO] Unpacking '../2_flexref' folder
[2026-02-06 07:41:41,841 libtimer INFO] unpacking took 0 seconds
[2026-02-06 07:41:41,854 capri INFO] Found previous CNS step: 2_flexref
[2026-02-06 07:41:42,100 capri INFO] Saved scoring weights to: weights_params.json
[2026-02-06 07:41:42,100 __init__ INFO] [caprieval] No reference structure provided. Using the structure with the lowest score from previous step
[2026-02-06 07:41:42,307 libutil INFO] Selected 20 cores to process 20 jobs, with 32 maximum available cores.
[2026-02-06 07:41:42,308 libparallel INFO] Using 20 cores
[2026-02-06 07:41:43,279 libparallel INFO] 20 tasks finished
[2026-02-06 07:41:43,280 capri INFO] Rearranging cluster information into capri_clt.tsv
[2026-02-06 07:41:43,284 cli_clean INFO] Compressing '../2_flexref' folder
[2026-02-06 07:41:43,285 clean_steps INFO] Cleaning output for '../2_flexref' using 20 cores.
[2026-02-06 07:41:43,504 libtimer INFO] compressing took 0 seconds
[2026-02-06 07:41:43,504 cli_analyse INFO] CAPRI files identified
[2026-02-06 07:41:43,506 cli_analyse INFO] Plotting results..
[2026-02-06 07:41:45,305 cli_analyse INFO] Summary archive summary.tgz created!
[2026-02-06 07:41:45,305 cli_analyse INFO] Analysing step 3_emref
[2026-02-06 07:41:45,307 cli_unpack INFO] Unpacking '../3_emref' folder
[2026-02-06 07:41:45,308 libtimer INFO] unpacking took 0 seconds
[2026-02-06 07:41:45,321 capri INFO] Found previous CNS step: 3_emref
[2026-02-06 07:41:45,422 capri INFO] Saved scoring weights to: weights_params.json
[2026-02-06 07:41:45,422 __init__ INFO] [caprieval] No reference structure provided. Using the structure with the lowest score from previous step
[2026-02-06 07:41:45,617 libutil INFO] Selected 20 cores to process 20 jobs, with 32 maximum available cores.
[2026-02-06 07:41:45,617 libparallel INFO] Using 20 cores
[2026-02-06 07:41:46,615 libparallel INFO] 20 tasks finished
[2026-02-06 07:41:46,616 capri INFO] Rearranging cluster information into capri_clt.tsv
[2026-02-06 07:41:46,623 cli_clean INFO] Compressing '../3_emref' folder
[2026-02-06 07:41:46,623 clean_steps INFO] Cleaning output for '../3_emref' using 20 cores.
[2026-02-06 07:41:46,859 libtimer INFO] compressing took 0 seconds
[2026-02-06 07:41:46,859 cli_analyse INFO] CAPRI files identified
[2026-02-06 07:41:46,861 cli_analyse INFO] Plotting results..
[2026-02-06 07:41:48,734 cli_analyse INFO] Summary archive summary.tgz created!
[2026-02-06 07:41:48,735 cli_analyse INFO] moving files to analysis folder
[2026-02-06 07:41:48,735 cli_analyse INFO] cancelling unsuccesful analysis folders
[2026-02-06 07:41:48,735 cli_analyse INFO] updating paths in analysis/1_rigidbody_analysis/capri_ss.tsv
[2026-02-06 07:41:48,735 cli_analyse INFO] View the results in analysis/1_rigidbody_analysis/report.html
[2026-02-06 07:41:48,735 cli_analyse INFO] To view structures or download the structure files, in a terminal run the command `python -m http.server --directory /mnt/Data/PopOS/Data_Ana/Wu/clawdPorjects/HADDOCK_test/results/run_TG0177_Epi`. By default, http server runs on `http://0.0.0.0:8000/`. Open the link http://0.0.0.0:8000/analysis/1_rigidbody_analysis/report.html in a web browser.
[2026-02-06 07:41:48,735 cli_analyse INFO] updating paths in analysis/2_flexref_analysis/capri_ss.tsv
[2026-02-06 07:41:48,735 cli_analyse INFO] View the results in analysis/2_flexref_analysis/report.html
[2026-02-06 07:41:48,735 cli_analyse INFO] To view structures or download the structure files, in a terminal run the command `python -m http.server --directory /mnt/Data/PopOS/Data_Ana/Wu/clawdPorjects/HADDOCK_test/results/run_TG0177_Epi`. By default, http server runs on `http://0.0.0.0:8000/`. Open the link http://0.0.0.0:8000/analysis/2_flexref_analysis/report.html in a web browser.
[2026-02-06 07:41:48,735 cli_analyse INFO] updating paths in analysis/3_emref_analysis/capri_ss.tsv
[2026-02-06 07:41:48,735 cli_analyse INFO] View the results in analysis/3_emref_analysis/report.html
[2026-02-06 07:41:48,736 cli_analyse INFO] To view structures or download the structure files, in a terminal run the command `python -m http.server --directory /mnt/Data/PopOS/Data_Ana/Wu/clawdPorjects/HADDOCK_test/results/run_TG0177_Epi`. By default, http server runs on `http://0.0.0.0:8000/`. Open the link http://0.0.0.0:8000/analysis/3_emref_analysis/report.html in a web browser.
[2026-02-06 07:41:48,736 cli_traceback INFO] Running haddock3-traceback on ./
[2026-02-06 07:41:48,736 cli_traceback INFO] Reading input run directory
[2026-02-06 07:41:48,736 cli_traceback INFO] All_steps: 0_topoaa, 1_rigidbody, 2_flexref, 3_emref
[2026-02-06 07:41:48,736 cli_traceback INFO] Modules not to be analysed: 0_topoaa
[2026-02-06 07:41:48,736 cli_traceback INFO] Steps to trace back: 1_rigidbody, 2_flexref, 3_emref
[2026-02-06 07:41:48,736 cli_traceback INFO] Created directory: /mnt/Data/PopOS/Data_Ana/Wu/clawdPorjects/HADDOCK_test/results/run_TG0177_Epi/traceback
[2026-02-06 07:41:48,736 cli_traceback INFO] Tracing back step 3_emref
[2026-02-06 07:41:48,738 cli_traceback INFO] Tracing back step 2_flexref
[2026-02-06 07:41:48,740 cli_traceback INFO] Tracing back step 1_rigidbody
[2026-02-06 07:41:48,744 cli_traceback INFO] Output dataframe traceback/traceback.tsv created with shape (20, 8)
[2026-02-06 07:41:48,770 clean_steps INFO] Cleaning output for '0_topoaa' using 20 cores.
[2026-02-06 07:41:49,067 libtimer INFO] cleaning output files took 0 seconds
[2026-02-06 07:41:49,067 clean_steps INFO] Cleaning output for '1_rigidbody' using 20 cores.
[2026-02-06 07:41:49,077 libtimer INFO] cleaning output files took 0 seconds
[2026-02-06 07:41:49,077 clean_steps INFO] Cleaning output for '2_flexref' using 20 cores.
[2026-02-06 07:41:49,085 libtimer INFO] cleaning output files took 0 seconds
[2026-02-06 07:41:49,085 clean_steps INFO] Cleaning output for '3_emref' using 20 cores.
[2026-02-06 07:41:49,093 libtimer INFO] cleaning output files took 0 seconds
[2026-02-06 07:41:49,093 cli INFO] This HADDOCK3 run took: 6 minutes and 2 seconds
[2026-02-06 07:41:49,093 greetings INFO] Your feedback matters in Haddock3! Share your experience and help us grow:
[2026-02-06 07:41:49,093 greetings INFO] GitHub issues: https://github.com/haddocking/haddock3/issues
[2026-02-06 07:41:49,093 greetings INFO] BioExcel feedback: https://www.bonvinlab.org/feedback
[2026-02-06 07:41:49,093 greetings INFO] BioExcel forum: https://ask.bioexcel.eu/c/haddock/6
[2026-02-06 07:41:49,093 cli INFO] Finished at 06/02/2026 07:41:49. Adéu-siau! Até logo! La revedere!
