[2026-02-13 13:15:24,196 cli INFO] 
##############################################
#                                            #
#                 HADDOCK3                   #
#                                            #
##############################################

!! Some of the HADDOCK3 components use CNS (Crystallographic and NMR System) which is free of use for non-profit applications. !!
!! For commercial use it is your own responsibility to have a proper license. !!
!! For details refer to the DISCLAIMER file in the HADDOCK3 repository. !!

Starting HADDOCK3 v2024.10.0b7 on 2026-02-13 13:15:00

Python 3.10.12 (main, Feb  4 2025, 14:57:36) [GCC 11.4.0]

[2026-02-13 13:15:28,062 libworkflow INFO] Reading instructions step 0_topoaa
[2026-02-13 13:15:28,062 libworkflow INFO] Reading instructions step 1_rigidbody
[2026-02-13 13:15:28,062 libworkflow INFO] Reading instructions step 2_flexref
[2026-02-13 13:15:28,063 libworkflow INFO] Reading instructions step 3_emref
[2026-02-13 13:15:28,077 base_cns_module INFO] Running [topoaa] module
[2026-02-13 13:15:28,077 __init__ INFO] [topoaa] Molecule 1: receptor_single_Pos_GGCGAAATCATAACGT-1_contig_1_1.pdb
[2026-02-13 13:15:28,079 __init__ INFO] [topoaa] Sanitizing molecule receptor_single_Pos_GGCGAAATCATAACGT-1_contig_1_1.pdb
[2026-02-13 13:15:28,086 __init__ INFO] [topoaa] Topology CNS input created
[2026-02-13 13:15:28,086 __init__ INFO] [topoaa] Molecule 2: ligand_single_Pos_GGCGAAATCATAACGT-1_contig_1_1.pdb
[2026-02-13 13:15:28,087 __init__ INFO] [topoaa] Sanitizing molecule ligand_single_Pos_GGCGAAATCATAACGT-1_contig_1_1.pdb
[2026-02-13 13:15:28,093 __init__ INFO] [topoaa] Topology CNS input created
[2026-02-13 13:15:28,093 __init__ INFO] [topoaa] Running CNS Jobs n=2
[2026-02-13 13:15:28,093 libutil INFO] Selected 2 cores to process 2 jobs, with 32 maximum available cores.
[2026-02-13 13:15:28,094 libparallel INFO] Using 2 cores
[2026-02-13 13:15:31,348 libparallel INFO] 2 tasks finished
[2026-02-13 13:15:31,348 __init__ INFO] [topoaa] CNS jobs have finished
[2026-02-13 13:15:31,350 base_cns_module INFO] Module [topoaa] finished.
[2026-02-13 13:15:31,350 __init__ INFO] [topoaa] took 3 seconds
[2026-02-13 13:15:31,705 base_cns_module INFO] Running [rigidbody] module
[2026-02-13 13:15:31,705 __init__ INFO] [rigidbody] crossdock=true
[2026-02-13 13:15:31,706 __init__ INFO] [rigidbody] Preparing jobs...
[2026-02-13 13:15:31,707 libutil INFO] Selected 20 cores to process 20 jobs, with 32 maximum available cores.
[2026-02-13 13:15:31,708 libparallel INFO] Using 20 cores
[2026-02-13 13:15:31,734 libparallel INFO] 20 tasks finished
[2026-02-13 13:15:31,734 __init__ INFO] [rigidbody] Preparation took 0.028593 seconds
[2026-02-13 13:15:31,735 __init__ INFO] [rigidbody] Running CNS Jobs n=20
[2026-02-13 13:15:31,736 libutil INFO] Selected 20 cores to process 20 jobs, with 32 maximum available cores.
[2026-02-13 13:15:31,736 libparallel INFO] Using 20 cores
[2026-02-13 13:15:42,776 libparallel INFO] 20 tasks finished
[2026-02-13 13:15:42,777 __init__ INFO] [rigidbody] CNS jobs have finished
[2026-02-13 13:15:42,813 base_cns_module INFO] Module [rigidbody] finished.
[2026-02-13 13:15:42,813 __init__ INFO] [rigidbody] took 11 seconds
[2026-02-13 13:15:43,207 base_cns_module INFO] Running [flexref] module
[2026-02-13 13:15:43,266 __init__ INFO] [flexref] Running CNS Jobs n=20
[2026-02-13 13:15:43,267 libutil INFO] Selected 20 cores to process 20 jobs, with 32 maximum available cores.
[2026-02-13 13:15:43,267 libparallel INFO] Using 20 cores
[2026-02-13 13:17:17,621 libparallel INFO] 20 tasks finished
[2026-02-13 13:17:17,622 __init__ INFO] [flexref] CNS jobs have finished
[2026-02-13 13:17:17,651 base_cns_module INFO] Module [flexref] finished.
[2026-02-13 13:17:17,651 __init__ INFO] [flexref] took 1 minute and 34 seconds
[2026-02-13 13:17:18,004 base_cns_module INFO] Running [emref] module
[2026-02-13 13:17:18,061 __init__ INFO] [emref] Running CNS Jobs n=20
[2026-02-13 13:17:18,061 libutil INFO] Selected 20 cores to process 20 jobs, with 32 maximum available cores.
[2026-02-13 13:17:18,062 libparallel INFO] Using 20 cores
[2026-02-13 13:17:25,342 libparallel INFO] 20 tasks finished
[2026-02-13 13:17:25,342 __init__ INFO] [emref] CNS jobs have finished
[2026-02-13 13:17:25,378 base_cns_module INFO] Module [emref] finished.
[2026-02-13 13:17:25,378 __init__ INFO] [emref] took 7 seconds
[2026-02-13 13:17:25,378 cli_analyse INFO] Running haddock3-analyse on ./, modules [], with top_cluster = 10
[2026-02-13 13:17:25,385 cli_analyse INFO] Created directory: /mnt/Data/PopOS/Data_Ana/Wu/clawdPorjects/HADDOCK_test/results/run_Pos_GGCGAAATCATAACGT-1_contig_1_1/analysis
[2026-02-13 13:17:25,385 cli_analyse INFO] Reading input run directory
[2026-02-13 13:17:25,385 cli_analyse INFO] selected steps: 0_topoaa, 1_rigidbody, 2_flexref, 3_emref
[2026-02-13 13:17:25,385 cli_analyse INFO] Analysing step 0_topoaa
[2026-02-13 13:17:25,385 cli_analyse WARNING] Could not execute the analysis for step 0_topoaa. The following error occurred 'dict' object has no attribute 'rel_path'
[2026-02-13 13:17:25,386 cli_analyse INFO] Analysing step 1_rigidbody
[2026-02-13 13:17:25,387 cli_unpack INFO] Unpacking '../1_rigidbody' folder
[2026-02-13 13:17:25,388 libtimer INFO] unpacking took 0 seconds
[2026-02-13 13:17:25,405 capri INFO] Found previous CNS step: 1_rigidbody
[2026-02-13 13:17:25,514 capri INFO] Saved scoring weights to: weights_params.json
[2026-02-13 13:17:25,514 __init__ INFO] [caprieval] No reference structure provided. Using the structure with the lowest score from previous step
[2026-02-13 13:17:25,599 libutil INFO] Selected 20 cores to process 20 jobs, with 32 maximum available cores.
[2026-02-13 13:17:25,600 libparallel INFO] Using 20 cores
[2026-02-13 13:17:26,033 libparallel INFO] 20 tasks finished
[2026-02-13 13:17:26,034 capri INFO] Rearranging cluster information into capri_clt.tsv
[2026-02-13 13:17:26,038 cli_clean INFO] Compressing '../1_rigidbody' folder
[2026-02-13 13:17:26,038 clean_steps INFO] Cleaning output for '../1_rigidbody' using 20 cores.
[2026-02-13 13:17:26,157 libtimer INFO] compressing took 0 seconds
[2026-02-13 13:17:26,157 cli_analyse INFO] CAPRI files identified
[2026-02-13 13:17:26,159 cli_analyse INFO] Plotting results..
[2026-02-13 13:17:27,447 cli_analyse INFO] Summary archive summary.tgz created!
[2026-02-13 13:17:27,447 cli_analyse INFO] Analysing step 2_flexref
[2026-02-13 13:17:27,449 cli_unpack INFO] Unpacking '../2_flexref' folder
[2026-02-13 13:17:27,449 libtimer INFO] unpacking took 0 seconds
[2026-02-13 13:17:27,463 capri INFO] Found previous CNS step: 2_flexref
[2026-02-13 13:17:27,701 capri INFO] Saved scoring weights to: weights_params.json
[2026-02-13 13:17:27,701 __init__ INFO] [caprieval] No reference structure provided. Using the structure with the lowest score from previous step
[2026-02-13 13:17:27,788 libutil INFO] Selected 20 cores to process 20 jobs, with 32 maximum available cores.
[2026-02-13 13:17:27,788 libparallel INFO] Using 20 cores
[2026-02-13 13:17:28,191 libparallel INFO] 20 tasks finished
[2026-02-13 13:17:28,192 capri INFO] Rearranging cluster information into capri_clt.tsv
[2026-02-13 13:17:28,197 cli_clean INFO] Compressing '../2_flexref' folder
[2026-02-13 13:17:28,197 clean_steps INFO] Cleaning output for '../2_flexref' using 20 cores.
[2026-02-13 13:17:28,320 libtimer INFO] compressing took 0 seconds
[2026-02-13 13:17:28,320 cli_analyse INFO] CAPRI files identified
[2026-02-13 13:17:28,322 cli_analyse INFO] Plotting results..
[2026-02-13 13:17:29,435 cli_analyse INFO] Summary archive summary.tgz created!
[2026-02-13 13:17:29,436 cli_analyse INFO] Analysing step 3_emref
[2026-02-13 13:17:29,438 cli_unpack INFO] Unpacking '../3_emref' folder
[2026-02-13 13:17:29,438 libtimer INFO] unpacking took 0 seconds
[2026-02-13 13:17:29,452 capri INFO] Found previous CNS step: 3_emref
[2026-02-13 13:17:29,554 capri INFO] Saved scoring weights to: weights_params.json
[2026-02-13 13:17:29,554 __init__ INFO] [caprieval] No reference structure provided. Using the structure with the lowest score from previous step
[2026-02-13 13:17:29,640 libutil INFO] Selected 20 cores to process 20 jobs, with 32 maximum available cores.
[2026-02-13 13:17:29,640 libparallel INFO] Using 20 cores
[2026-02-13 13:17:30,049 libparallel INFO] 20 tasks finished
[2026-02-13 13:17:30,050 capri INFO] Rearranging cluster information into capri_clt.tsv
[2026-02-13 13:17:30,054 cli_clean INFO] Compressing '../3_emref' folder
[2026-02-13 13:17:30,054 clean_steps INFO] Cleaning output for '../3_emref' using 20 cores.
[2026-02-13 13:17:30,176 libtimer INFO] compressing took 0 seconds
[2026-02-13 13:17:30,176 cli_analyse INFO] CAPRI files identified
[2026-02-13 13:17:30,178 cli_analyse INFO] Plotting results..
[2026-02-13 13:17:31,292 cli_analyse INFO] Summary archive summary.tgz created!
[2026-02-13 13:17:31,292 cli_analyse INFO] moving files to analysis folder
[2026-02-13 13:17:31,292 cli_analyse INFO] cancelling unsuccesful analysis folders
[2026-02-13 13:17:31,292 cli_analyse INFO] updating paths in analysis/1_rigidbody_analysis/capri_ss.tsv
[2026-02-13 13:17:31,292 cli_analyse INFO] View the results in analysis/1_rigidbody_analysis/report.html
[2026-02-13 13:17:31,292 cli_analyse INFO] To view structures or download the structure files, in a terminal run the command `python -m http.server --directory /mnt/Data/PopOS/Data_Ana/Wu/clawdPorjects/HADDOCK_test/results/run_Pos_GGCGAAATCATAACGT-1_contig_1_1`. By default, http server runs on `http://0.0.0.0:8000/`. Open the link http://0.0.0.0:8000/analysis/1_rigidbody_analysis/report.html in a web browser.
[2026-02-13 13:17:31,293 cli_analyse INFO] updating paths in analysis/2_flexref_analysis/capri_ss.tsv
[2026-02-13 13:17:31,293 cli_analyse INFO] View the results in analysis/2_flexref_analysis/report.html
[2026-02-13 13:17:31,293 cli_analyse INFO] To view structures or download the structure files, in a terminal run the command `python -m http.server --directory /mnt/Data/PopOS/Data_Ana/Wu/clawdPorjects/HADDOCK_test/results/run_Pos_GGCGAAATCATAACGT-1_contig_1_1`. By default, http server runs on `http://0.0.0.0:8000/`. Open the link http://0.0.0.0:8000/analysis/2_flexref_analysis/report.html in a web browser.
[2026-02-13 13:17:31,293 cli_analyse INFO] updating paths in analysis/3_emref_analysis/capri_ss.tsv
[2026-02-13 13:17:31,293 cli_analyse INFO] View the results in analysis/3_emref_analysis/report.html
[2026-02-13 13:17:31,293 cli_analyse INFO] To view structures or download the structure files, in a terminal run the command `python -m http.server --directory /mnt/Data/PopOS/Data_Ana/Wu/clawdPorjects/HADDOCK_test/results/run_Pos_GGCGAAATCATAACGT-1_contig_1_1`. By default, http server runs on `http://0.0.0.0:8000/`. Open the link http://0.0.0.0:8000/analysis/3_emref_analysis/report.html in a web browser.
[2026-02-13 13:17:31,293 cli_traceback INFO] Running haddock3-traceback on ./
[2026-02-13 13:17:31,293 cli_traceback INFO] Reading input run directory
[2026-02-13 13:17:31,293 cli_traceback INFO] All_steps: 0_topoaa, 1_rigidbody, 2_flexref, 3_emref
[2026-02-13 13:17:31,294 cli_traceback INFO] Modules not to be analysed: 0_topoaa
[2026-02-13 13:17:31,294 cli_traceback INFO] Steps to trace back: 1_rigidbody, 2_flexref, 3_emref
[2026-02-13 13:17:31,294 cli_traceback INFO] Created directory: /mnt/Data/PopOS/Data_Ana/Wu/clawdPorjects/HADDOCK_test/results/run_Pos_GGCGAAATCATAACGT-1_contig_1_1/traceback
[2026-02-13 13:17:31,294 cli_traceback INFO] Tracing back step 3_emref
[2026-02-13 13:17:31,296 cli_traceback INFO] Tracing back step 2_flexref
[2026-02-13 13:17:31,298 cli_traceback INFO] Tracing back step 1_rigidbody
[2026-02-13 13:17:31,302 cli_traceback INFO] Output dataframe traceback/traceback.tsv created with shape (20, 8)
[2026-02-13 13:17:31,332 clean_steps INFO] Cleaning output for '0_topoaa' using 20 cores.
[2026-02-13 13:17:31,480 libtimer INFO] cleaning output files took 0 seconds
[2026-02-13 13:17:31,480 clean_steps INFO] Cleaning output for '1_rigidbody' using 20 cores.
[2026-02-13 13:17:31,490 libtimer INFO] cleaning output files took 0 seconds
[2026-02-13 13:17:31,490 clean_steps INFO] Cleaning output for '2_flexref' using 20 cores.
[2026-02-13 13:17:31,500 libtimer INFO] cleaning output files took 0 seconds
[2026-02-13 13:17:31,500 clean_steps INFO] Cleaning output for '3_emref' using 20 cores.
[2026-02-13 13:17:31,509 libtimer INFO] cleaning output files took 0 seconds
[2026-02-13 13:17:31,509 cli INFO] This HADDOCK3 run took: 2 minutes and 7 seconds
[2026-02-13 13:17:31,509 greetings INFO] Your feedback matters in Haddock3! Share your experience and help us grow:
[2026-02-13 13:17:31,509 greetings INFO] GitHub issues: https://github.com/haddocking/haddock3/issues
[2026-02-13 13:17:31,509 greetings INFO] BioExcel feedback: https://www.bonvinlab.org/feedback
[2026-02-13 13:17:31,509 greetings INFO] BioExcel forum: https://ask.bioexcel.eu/c/haddock/6
[2026-02-13 13:17:31,509 cli INFO] Finished at 13/02/2026 13:17:31. Agur! Ciao! Good bye!
