[2026-02-13 12:22:03,358 cli INFO] 
##############################################
#                                            #
#                 HADDOCK3                   #
#                                            #
##############################################

!! Some of the HADDOCK3 components use CNS (Crystallographic and NMR System) which is free of use for non-profit applications. !!
!! For commercial use it is your own responsibility to have a proper license. !!
!! For details refer to the DISCLAIMER file in the HADDOCK3 repository. !!

Starting HADDOCK3 v2024.10.0b7 on 2026-02-13 12:22:00

Python 3.10.12 (main, Feb  4 2025, 14:57:36) [GCC 11.4.0]

[2026-02-13 12:22:07,132 libworkflow INFO] Reading instructions step 0_topoaa
[2026-02-13 12:22:07,133 libworkflow INFO] Reading instructions step 1_rigidbody
[2026-02-13 12:22:07,133 libworkflow INFO] Reading instructions step 2_flexref
[2026-02-13 12:22:07,133 libworkflow INFO] Reading instructions step 3_emref
[2026-02-13 12:22:07,147 base_cns_module INFO] Running [topoaa] module
[2026-02-13 12:22:07,147 __init__ INFO] [topoaa] Molecule 1: receptor_single_Pos_AGGACATAGCATTCAG-1_contig_1_1.pdb
[2026-02-13 12:22:07,149 __init__ INFO] [topoaa] Sanitizing molecule receptor_single_Pos_AGGACATAGCATTCAG-1_contig_1_1.pdb
[2026-02-13 12:22:07,156 __init__ INFO] [topoaa] Topology CNS input created
[2026-02-13 12:22:07,157 __init__ INFO] [topoaa] Molecule 2: ligand_single_Pos_AGGACATAGCATTCAG-1_contig_1_1.pdb
[2026-02-13 12:22:07,158 __init__ INFO] [topoaa] Sanitizing molecule ligand_single_Pos_AGGACATAGCATTCAG-1_contig_1_1.pdb
[2026-02-13 12:22:07,164 __init__ INFO] [topoaa] Topology CNS input created
[2026-02-13 12:22:07,164 __init__ INFO] [topoaa] Running CNS Jobs n=2
[2026-02-13 12:22:07,164 libutil INFO] Selected 2 cores to process 2 jobs, with 32 maximum available cores.
[2026-02-13 12:22:07,165 libparallel INFO] Using 2 cores
[2026-02-13 12:22:10,402 libparallel INFO] 2 tasks finished
[2026-02-13 12:22:10,403 __init__ INFO] [topoaa] CNS jobs have finished
[2026-02-13 12:22:10,405 base_cns_module INFO] Module [topoaa] finished.
[2026-02-13 12:22:10,405 __init__ INFO] [topoaa] took 3 seconds
[2026-02-13 12:22:10,748 base_cns_module INFO] Running [rigidbody] module
[2026-02-13 12:22:10,748 __init__ INFO] [rigidbody] crossdock=true
[2026-02-13 12:22:10,748 __init__ INFO] [rigidbody] Preparing jobs...
[2026-02-13 12:22:10,751 libutil INFO] Selected 20 cores to process 20 jobs, with 32 maximum available cores.
[2026-02-13 12:22:10,751 libparallel INFO] Using 20 cores
[2026-02-13 12:22:10,779 libparallel INFO] 20 tasks finished
[2026-02-13 12:22:10,779 __init__ INFO] [rigidbody] Preparation took 0.030714 seconds
[2026-02-13 12:22:10,780 __init__ INFO] [rigidbody] Running CNS Jobs n=20
[2026-02-13 12:22:10,780 libutil INFO] Selected 20 cores to process 20 jobs, with 32 maximum available cores.
[2026-02-13 12:22:10,780 libparallel INFO] Using 20 cores
[2026-02-13 12:22:21,845 libparallel INFO] 20 tasks finished
[2026-02-13 12:22:21,845 __init__ INFO] [rigidbody] CNS jobs have finished
[2026-02-13 12:22:21,874 base_cns_module INFO] Module [rigidbody] finished.
[2026-02-13 12:22:21,874 __init__ INFO] [rigidbody] took 11 seconds
[2026-02-13 12:22:22,259 base_cns_module INFO] Running [flexref] module
[2026-02-13 12:22:22,318 __init__ INFO] [flexref] Running CNS Jobs n=20
[2026-02-13 12:22:22,318 libutil INFO] Selected 20 cores to process 20 jobs, with 32 maximum available cores.
[2026-02-13 12:22:22,318 libparallel INFO] Using 20 cores
[2026-02-13 12:23:58,725 libparallel INFO] 20 tasks finished
[2026-02-13 12:23:58,726 __init__ INFO] [flexref] CNS jobs have finished
[2026-02-13 12:23:58,755 base_cns_module INFO] Module [flexref] finished.
[2026-02-13 12:23:58,755 __init__ INFO] [flexref] took 1 minute and 36 seconds
[2026-02-13 12:23:59,100 base_cns_module INFO] Running [emref] module
[2026-02-13 12:23:59,156 __init__ INFO] [emref] Running CNS Jobs n=20
[2026-02-13 12:23:59,156 libutil INFO] Selected 20 cores to process 20 jobs, with 32 maximum available cores.
[2026-02-13 12:23:59,157 libparallel INFO] Using 20 cores
[2026-02-13 12:24:06,408 libparallel INFO] 20 tasks finished
[2026-02-13 12:24:06,408 __init__ INFO] [emref] CNS jobs have finished
[2026-02-13 12:24:06,436 base_cns_module INFO] Module [emref] finished.
[2026-02-13 12:24:06,436 __init__ INFO] [emref] took 7 seconds
[2026-02-13 12:24:06,436 cli_analyse INFO] Running haddock3-analyse on ./, modules [], with top_cluster = 10
[2026-02-13 12:24:06,443 cli_analyse INFO] Created directory: /mnt/Data/PopOS/Data_Ana/Wu/clawdPorjects/HADDOCK_test/results/run_Pos_AGGACATAGCATTCAG-1_contig_1_1/analysis
[2026-02-13 12:24:06,443 cli_analyse INFO] Reading input run directory
[2026-02-13 12:24:06,443 cli_analyse INFO] selected steps: 0_topoaa, 1_rigidbody, 2_flexref, 3_emref
[2026-02-13 12:24:06,443 cli_analyse INFO] Analysing step 0_topoaa
[2026-02-13 12:24:06,444 cli_analyse WARNING] Could not execute the analysis for step 0_topoaa. The following error occurred 'dict' object has no attribute 'rel_path'
[2026-02-13 12:24:06,444 cli_analyse INFO] Analysing step 1_rigidbody
[2026-02-13 12:24:06,445 cli_unpack INFO] Unpacking '../1_rigidbody' folder
[2026-02-13 12:24:06,446 libtimer INFO] unpacking took 0 seconds
[2026-02-13 12:24:06,459 capri INFO] Found previous CNS step: 1_rigidbody
[2026-02-13 12:24:06,567 capri INFO] Saved scoring weights to: weights_params.json
[2026-02-13 12:24:06,567 __init__ INFO] [caprieval] No reference structure provided. Using the structure with the lowest score from previous step
[2026-02-13 12:24:06,652 libutil INFO] Selected 20 cores to process 20 jobs, with 32 maximum available cores.
[2026-02-13 12:24:06,652 libparallel INFO] Using 20 cores
[2026-02-13 12:24:07,067 libparallel INFO] 20 tasks finished
[2026-02-13 12:24:07,068 capri INFO] Rearranging cluster information into capri_clt.tsv
[2026-02-13 12:24:07,072 cli_clean INFO] Compressing '../1_rigidbody' folder
[2026-02-13 12:24:07,072 clean_steps INFO] Cleaning output for '../1_rigidbody' using 20 cores.
[2026-02-13 12:24:07,192 libtimer INFO] compressing took 0 seconds
[2026-02-13 12:24:07,192 cli_analyse INFO] CAPRI files identified
[2026-02-13 12:24:07,194 cli_analyse INFO] Plotting results..
[2026-02-13 12:24:08,400 cli_analyse INFO] Summary archive summary.tgz created!
[2026-02-13 12:24:08,401 cli_analyse INFO] Analysing step 2_flexref
[2026-02-13 12:24:08,403 cli_unpack INFO] Unpacking '../2_flexref' folder
[2026-02-13 12:24:08,403 libtimer INFO] unpacking took 0 seconds
[2026-02-13 12:24:08,416 capri INFO] Found previous CNS step: 2_flexref
[2026-02-13 12:24:08,653 capri INFO] Saved scoring weights to: weights_params.json
[2026-02-13 12:24:08,653 __init__ INFO] [caprieval] No reference structure provided. Using the structure with the lowest score from previous step
[2026-02-13 12:24:08,738 libutil INFO] Selected 20 cores to process 20 jobs, with 32 maximum available cores.
[2026-02-13 12:24:08,738 libparallel INFO] Using 20 cores
[2026-02-13 12:24:09,133 libparallel INFO] 20 tasks finished
[2026-02-13 12:24:09,134 capri INFO] Rearranging cluster information into capri_clt.tsv
[2026-02-13 12:24:09,139 cli_clean INFO] Compressing '../2_flexref' folder
[2026-02-13 12:24:09,139 clean_steps INFO] Cleaning output for '../2_flexref' using 20 cores.
[2026-02-13 12:24:09,258 libtimer INFO] compressing took 0 seconds
[2026-02-13 12:24:09,258 cli_analyse INFO] CAPRI files identified
[2026-02-13 12:24:09,261 cli_analyse INFO] Plotting results..
[2026-02-13 12:24:10,352 cli_analyse INFO] Summary archive summary.tgz created!
[2026-02-13 12:24:10,352 cli_analyse INFO] Analysing step 3_emref
[2026-02-13 12:24:10,354 cli_unpack INFO] Unpacking '../3_emref' folder
[2026-02-13 12:24:10,354 libtimer INFO] unpacking took 0 seconds
[2026-02-13 12:24:10,368 capri INFO] Found previous CNS step: 3_emref
[2026-02-13 12:24:10,469 capri INFO] Saved scoring weights to: weights_params.json
[2026-02-13 12:24:10,469 __init__ INFO] [caprieval] No reference structure provided. Using the structure with the lowest score from previous step
[2026-02-13 12:24:10,554 libutil INFO] Selected 20 cores to process 20 jobs, with 32 maximum available cores.
[2026-02-13 12:24:10,554 libparallel INFO] Using 20 cores
[2026-02-13 12:24:10,971 libparallel INFO] 20 tasks finished
[2026-02-13 12:24:10,972 capri INFO] Rearranging cluster information into capri_clt.tsv
[2026-02-13 12:24:10,976 cli_clean INFO] Compressing '../3_emref' folder
[2026-02-13 12:24:10,976 clean_steps INFO] Cleaning output for '../3_emref' using 20 cores.
[2026-02-13 12:24:11,097 libtimer INFO] compressing took 0 seconds
[2026-02-13 12:24:11,097 cli_analyse INFO] CAPRI files identified
[2026-02-13 12:24:11,099 cli_analyse INFO] Plotting results..
[2026-02-13 12:24:12,190 cli_analyse INFO] Summary archive summary.tgz created!
[2026-02-13 12:24:12,190 cli_analyse INFO] moving files to analysis folder
[2026-02-13 12:24:12,190 cli_analyse INFO] cancelling unsuccesful analysis folders
[2026-02-13 12:24:12,190 cli_analyse INFO] updating paths in analysis/1_rigidbody_analysis/capri_ss.tsv
[2026-02-13 12:24:12,190 cli_analyse INFO] View the results in analysis/1_rigidbody_analysis/report.html
[2026-02-13 12:24:12,190 cli_analyse INFO] To view structures or download the structure files, in a terminal run the command `python -m http.server --directory /mnt/Data/PopOS/Data_Ana/Wu/clawdPorjects/HADDOCK_test/results/run_Pos_AGGACATAGCATTCAG-1_contig_1_1`. By default, http server runs on `http://0.0.0.0:8000/`. Open the link http://0.0.0.0:8000/analysis/1_rigidbody_analysis/report.html in a web browser.
[2026-02-13 12:24:12,190 cli_analyse INFO] updating paths in analysis/2_flexref_analysis/capri_ss.tsv
[2026-02-13 12:24:12,191 cli_analyse INFO] View the results in analysis/2_flexref_analysis/report.html
[2026-02-13 12:24:12,191 cli_analyse INFO] To view structures or download the structure files, in a terminal run the command `python -m http.server --directory /mnt/Data/PopOS/Data_Ana/Wu/clawdPorjects/HADDOCK_test/results/run_Pos_AGGACATAGCATTCAG-1_contig_1_1`. By default, http server runs on `http://0.0.0.0:8000/`. Open the link http://0.0.0.0:8000/analysis/2_flexref_analysis/report.html in a web browser.
[2026-02-13 12:24:12,191 cli_analyse INFO] updating paths in analysis/3_emref_analysis/capri_ss.tsv
[2026-02-13 12:24:12,191 cli_analyse INFO] View the results in analysis/3_emref_analysis/report.html
[2026-02-13 12:24:12,191 cli_analyse INFO] To view structures or download the structure files, in a terminal run the command `python -m http.server --directory /mnt/Data/PopOS/Data_Ana/Wu/clawdPorjects/HADDOCK_test/results/run_Pos_AGGACATAGCATTCAG-1_contig_1_1`. By default, http server runs on `http://0.0.0.0:8000/`. Open the link http://0.0.0.0:8000/analysis/3_emref_analysis/report.html in a web browser.
[2026-02-13 12:24:12,191 cli_traceback INFO] Running haddock3-traceback on ./
[2026-02-13 12:24:12,191 cli_traceback INFO] Reading input run directory
[2026-02-13 12:24:12,191 cli_traceback INFO] All_steps: 0_topoaa, 1_rigidbody, 2_flexref, 3_emref
[2026-02-13 12:24:12,192 cli_traceback INFO] Modules not to be analysed: 0_topoaa
[2026-02-13 12:24:12,192 cli_traceback INFO] Steps to trace back: 1_rigidbody, 2_flexref, 3_emref
[2026-02-13 12:24:12,192 cli_traceback INFO] Created directory: /mnt/Data/PopOS/Data_Ana/Wu/clawdPorjects/HADDOCK_test/results/run_Pos_AGGACATAGCATTCAG-1_contig_1_1/traceback
[2026-02-13 12:24:12,192 cli_traceback INFO] Tracing back step 3_emref
[2026-02-13 12:24:12,194 cli_traceback INFO] Tracing back step 2_flexref
[2026-02-13 12:24:12,196 cli_traceback INFO] Tracing back step 1_rigidbody
[2026-02-13 12:24:12,200 cli_traceback INFO] Output dataframe traceback/traceback.tsv created with shape (20, 8)
[2026-02-13 12:24:12,227 clean_steps INFO] Cleaning output for '0_topoaa' using 20 cores.
[2026-02-13 12:24:12,377 libtimer INFO] cleaning output files took 0 seconds
[2026-02-13 12:24:12,377 clean_steps INFO] Cleaning output for '1_rigidbody' using 20 cores.
[2026-02-13 12:24:12,388 libtimer INFO] cleaning output files took 0 seconds
[2026-02-13 12:24:12,389 clean_steps INFO] Cleaning output for '2_flexref' using 20 cores.
[2026-02-13 12:24:12,406 libtimer INFO] cleaning output files took 0 seconds
[2026-02-13 12:24:12,407 clean_steps INFO] Cleaning output for '3_emref' using 20 cores.
[2026-02-13 12:24:12,420 libtimer INFO] cleaning output files took 0 seconds
[2026-02-13 12:24:12,420 cli INFO] This HADDOCK3 run took: 2 minutes and 9 seconds
[2026-02-13 12:24:12,420 greetings INFO] Your feedback matters in Haddock3! Share your experience and help us grow:
[2026-02-13 12:24:12,420 greetings INFO] GitHub issues: https://github.com/haddocking/haddock3/issues
[2026-02-13 12:24:12,420 greetings INFO] BioExcel feedback: https://www.bonvinlab.org/feedback
[2026-02-13 12:24:12,420 greetings INFO] BioExcel forum: https://ask.bioexcel.eu/c/haddock/6
[2026-02-13 12:24:12,420 cli INFO] Finished at 13/02/2026 12:24:12. Adiós! Good bye! Do pobachennya!
