[2026-02-13 12:41:09,280 cli INFO] 
##############################################
#                                            #
#                 HADDOCK3                   #
#                                            #
##############################################

!! Some of the HADDOCK3 components use CNS (Crystallographic and NMR System) which is free of use for non-profit applications. !!
!! For commercial use it is your own responsibility to have a proper license. !!
!! For details refer to the DISCLAIMER file in the HADDOCK3 repository. !!

Starting HADDOCK3 v2024.10.0b7 on 2026-02-13 12:41:00

Python 3.10.12 (main, Feb  4 2025, 14:57:36) [GCC 11.4.0]

[2026-02-13 12:41:13,072 libworkflow INFO] Reading instructions step 0_topoaa
[2026-02-13 12:41:13,073 libworkflow INFO] Reading instructions step 1_rigidbody
[2026-02-13 12:41:13,073 libworkflow INFO] Reading instructions step 2_flexref
[2026-02-13 12:41:13,073 libworkflow INFO] Reading instructions step 3_emref
[2026-02-13 12:41:13,087 base_cns_module INFO] Running [topoaa] module
[2026-02-13 12:41:13,087 __init__ INFO] [topoaa] Molecule 1: receptor_single_Pos_ATGGGGCAGAATCTGT-1_contig_1_2.pdb
[2026-02-13 12:41:13,089 __init__ INFO] [topoaa] Sanitizing molecule receptor_single_Pos_ATGGGGCAGAATCTGT-1_contig_1_2.pdb
[2026-02-13 12:41:13,096 __init__ INFO] [topoaa] Topology CNS input created
[2026-02-13 12:41:13,096 __init__ INFO] [topoaa] Molecule 2: ligand_single_Pos_ATGGGGCAGAATCTGT-1_contig_1_2.pdb
[2026-02-13 12:41:13,097 __init__ INFO] [topoaa] Sanitizing molecule ligand_single_Pos_ATGGGGCAGAATCTGT-1_contig_1_2.pdb
[2026-02-13 12:41:13,102 __init__ INFO] [topoaa] Topology CNS input created
[2026-02-13 12:41:13,102 __init__ INFO] [topoaa] Running CNS Jobs n=2
[2026-02-13 12:41:13,103 libutil INFO] Selected 2 cores to process 2 jobs, with 32 maximum available cores.
[2026-02-13 12:41:13,104 libparallel INFO] Using 2 cores
[2026-02-13 12:41:16,333 libparallel INFO] 2 tasks finished
[2026-02-13 12:41:16,334 __init__ INFO] [topoaa] CNS jobs have finished
[2026-02-13 12:41:16,336 base_cns_module INFO] Module [topoaa] finished.
[2026-02-13 12:41:16,336 __init__ INFO] [topoaa] took 3 seconds
[2026-02-13 12:41:16,684 base_cns_module INFO] Running [rigidbody] module
[2026-02-13 12:41:16,685 __init__ INFO] [rigidbody] crossdock=true
[2026-02-13 12:41:16,685 __init__ INFO] [rigidbody] Preparing jobs...
[2026-02-13 12:41:16,687 libutil INFO] Selected 20 cores to process 20 jobs, with 32 maximum available cores.
[2026-02-13 12:41:16,687 libparallel INFO] Using 20 cores
[2026-02-13 12:41:16,715 libparallel INFO] 20 tasks finished
[2026-02-13 12:41:16,715 __init__ INFO] [rigidbody] Preparation took 0.029969 seconds
[2026-02-13 12:41:16,716 __init__ INFO] [rigidbody] Running CNS Jobs n=20
[2026-02-13 12:41:16,716 libutil INFO] Selected 20 cores to process 20 jobs, with 32 maximum available cores.
[2026-02-13 12:41:16,716 libparallel INFO] Using 20 cores
[2026-02-13 12:41:27,278 libparallel INFO] 20 tasks finished
[2026-02-13 12:41:27,278 __init__ INFO] [rigidbody] CNS jobs have finished
[2026-02-13 12:41:27,320 base_cns_module INFO] Module [rigidbody] finished.
[2026-02-13 12:41:27,320 __init__ INFO] [rigidbody] took 11 seconds
[2026-02-13 12:41:27,707 base_cns_module INFO] Running [flexref] module
[2026-02-13 12:41:27,765 __init__ INFO] [flexref] Running CNS Jobs n=20
[2026-02-13 12:41:27,765 libutil INFO] Selected 20 cores to process 20 jobs, with 32 maximum available cores.
[2026-02-13 12:41:27,765 libparallel INFO] Using 20 cores
[2026-02-13 12:43:02,898 libparallel INFO] 20 tasks finished
[2026-02-13 12:43:02,899 __init__ INFO] [flexref] CNS jobs have finished
[2026-02-13 12:43:02,930 base_cns_module INFO] Module [flexref] finished.
[2026-02-13 12:43:02,930 __init__ INFO] [flexref] took 1 minute and 35 seconds
[2026-02-13 12:43:03,276 base_cns_module INFO] Running [emref] module
[2026-02-13 12:43:03,331 __init__ INFO] [emref] Running CNS Jobs n=20
[2026-02-13 12:43:03,331 libutil INFO] Selected 20 cores to process 20 jobs, with 32 maximum available cores.
[2026-02-13 12:43:03,332 libparallel INFO] Using 20 cores
[2026-02-13 12:43:10,367 libparallel INFO] 20 tasks finished
[2026-02-13 12:43:10,367 __init__ INFO] [emref] CNS jobs have finished
[2026-02-13 12:43:10,396 base_cns_module INFO] Module [emref] finished.
[2026-02-13 12:43:10,396 __init__ INFO] [emref] took 7 seconds
[2026-02-13 12:43:10,396 cli_analyse INFO] Running haddock3-analyse on ./, modules [], with top_cluster = 10
[2026-02-13 12:43:10,403 cli_analyse INFO] Created directory: /mnt/Data/PopOS/Data_Ana/Wu/clawdPorjects/HADDOCK_test/results/run_Pos_ATGGGGCAGAATCTGT-1_contig_1_2/analysis
[2026-02-13 12:43:10,403 cli_analyse INFO] Reading input run directory
[2026-02-13 12:43:10,403 cli_analyse INFO] selected steps: 0_topoaa, 1_rigidbody, 2_flexref, 3_emref
[2026-02-13 12:43:10,403 cli_analyse INFO] Analysing step 0_topoaa
[2026-02-13 12:43:10,404 cli_analyse WARNING] Could not execute the analysis for step 0_topoaa. The following error occurred 'dict' object has no attribute 'rel_path'
[2026-02-13 12:43:10,404 cli_analyse INFO] Analysing step 1_rigidbody
[2026-02-13 12:43:10,405 cli_unpack INFO] Unpacking '../1_rigidbody' folder
[2026-02-13 12:43:10,405 libtimer INFO] unpacking took 0 seconds
[2026-02-13 12:43:10,419 capri INFO] Found previous CNS step: 1_rigidbody
[2026-02-13 12:43:10,527 capri INFO] Saved scoring weights to: weights_params.json
[2026-02-13 12:43:10,527 __init__ INFO] [caprieval] No reference structure provided. Using the structure with the lowest score from previous step
[2026-02-13 12:43:10,610 libutil INFO] Selected 20 cores to process 20 jobs, with 32 maximum available cores.
[2026-02-13 12:43:10,611 libparallel INFO] Using 20 cores
[2026-02-13 12:43:11,024 libparallel INFO] 20 tasks finished
[2026-02-13 12:43:11,025 capri INFO] Rearranging cluster information into capri_clt.tsv
[2026-02-13 12:43:11,029 cli_clean INFO] Compressing '../1_rigidbody' folder
[2026-02-13 12:43:11,029 clean_steps INFO] Cleaning output for '../1_rigidbody' using 20 cores.
[2026-02-13 12:43:11,148 libtimer INFO] compressing took 0 seconds
[2026-02-13 12:43:11,148 cli_analyse INFO] CAPRI files identified
[2026-02-13 12:43:11,151 cli_analyse INFO] Plotting results..
[2026-02-13 12:43:12,353 cli_analyse INFO] Summary archive summary.tgz created!
[2026-02-13 12:43:12,353 cli_analyse INFO] Analysing step 2_flexref
[2026-02-13 12:43:12,356 cli_unpack INFO] Unpacking '../2_flexref' folder
[2026-02-13 12:43:12,356 libtimer INFO] unpacking took 0 seconds
[2026-02-13 12:43:12,369 capri INFO] Found previous CNS step: 2_flexref
[2026-02-13 12:43:12,619 capri INFO] Saved scoring weights to: weights_params.json
[2026-02-13 12:43:12,619 __init__ INFO] [caprieval] No reference structure provided. Using the structure with the lowest score from previous step
[2026-02-13 12:43:12,703 libutil INFO] Selected 20 cores to process 20 jobs, with 32 maximum available cores.
[2026-02-13 12:43:12,703 libparallel INFO] Using 20 cores
[2026-02-13 12:43:13,079 libparallel INFO] 20 tasks finished
[2026-02-13 12:43:13,080 capri INFO] Rearranging cluster information into capri_clt.tsv
[2026-02-13 12:43:13,087 cli_clean INFO] Compressing '../2_flexref' folder
[2026-02-13 12:43:13,087 clean_steps INFO] Cleaning output for '../2_flexref' using 20 cores.
[2026-02-13 12:43:13,214 libtimer INFO] compressing took 0 seconds
[2026-02-13 12:43:13,214 cli_analyse INFO] CAPRI files identified
[2026-02-13 12:43:13,215 cli_analyse INFO] Plotting results..
[2026-02-13 12:43:14,345 cli_analyse INFO] Summary archive summary.tgz created!
[2026-02-13 12:43:14,346 cli_analyse INFO] Analysing step 3_emref
[2026-02-13 12:43:14,348 cli_unpack INFO] Unpacking '../3_emref' folder
[2026-02-13 12:43:14,348 libtimer INFO] unpacking took 0 seconds
[2026-02-13 12:43:14,361 capri INFO] Found previous CNS step: 3_emref
[2026-02-13 12:43:14,463 capri INFO] Saved scoring weights to: weights_params.json
[2026-02-13 12:43:14,463 __init__ INFO] [caprieval] No reference structure provided. Using the structure with the lowest score from previous step
[2026-02-13 12:43:14,546 libutil INFO] Selected 20 cores to process 20 jobs, with 32 maximum available cores.
[2026-02-13 12:43:14,547 libparallel INFO] Using 20 cores
[2026-02-13 12:43:14,926 libparallel INFO] 20 tasks finished
[2026-02-13 12:43:14,926 capri INFO] Rearranging cluster information into capri_clt.tsv
[2026-02-13 12:43:14,931 cli_clean INFO] Compressing '../3_emref' folder
[2026-02-13 12:43:14,931 clean_steps INFO] Cleaning output for '../3_emref' using 20 cores.
[2026-02-13 12:43:15,049 libtimer INFO] compressing took 0 seconds
[2026-02-13 12:43:15,050 cli_analyse INFO] CAPRI files identified
[2026-02-13 12:43:15,052 cli_analyse INFO] Plotting results..
[2026-02-13 12:43:16,143 cli_analyse INFO] Summary archive summary.tgz created!
[2026-02-13 12:43:16,143 cli_analyse INFO] moving files to analysis folder
[2026-02-13 12:43:16,143 cli_analyse INFO] cancelling unsuccesful analysis folders
[2026-02-13 12:43:16,143 cli_analyse INFO] updating paths in analysis/1_rigidbody_analysis/capri_ss.tsv
[2026-02-13 12:43:16,144 cli_analyse INFO] View the results in analysis/1_rigidbody_analysis/report.html
[2026-02-13 12:43:16,144 cli_analyse INFO] To view structures or download the structure files, in a terminal run the command `python -m http.server --directory /mnt/Data/PopOS/Data_Ana/Wu/clawdPorjects/HADDOCK_test/results/run_Pos_ATGGGGCAGAATCTGT-1_contig_1_2`. By default, http server runs on `http://0.0.0.0:8000/`. Open the link http://0.0.0.0:8000/analysis/1_rigidbody_analysis/report.html in a web browser.
[2026-02-13 12:43:16,144 cli_analyse INFO] updating paths in analysis/2_flexref_analysis/capri_ss.tsv
[2026-02-13 12:43:16,144 cli_analyse INFO] View the results in analysis/2_flexref_analysis/report.html
[2026-02-13 12:43:16,144 cli_analyse INFO] To view structures or download the structure files, in a terminal run the command `python -m http.server --directory /mnt/Data/PopOS/Data_Ana/Wu/clawdPorjects/HADDOCK_test/results/run_Pos_ATGGGGCAGAATCTGT-1_contig_1_2`. By default, http server runs on `http://0.0.0.0:8000/`. Open the link http://0.0.0.0:8000/analysis/2_flexref_analysis/report.html in a web browser.
[2026-02-13 12:43:16,144 cli_analyse INFO] updating paths in analysis/3_emref_analysis/capri_ss.tsv
[2026-02-13 12:43:16,144 cli_analyse INFO] View the results in analysis/3_emref_analysis/report.html
[2026-02-13 12:43:16,144 cli_analyse INFO] To view structures or download the structure files, in a terminal run the command `python -m http.server --directory /mnt/Data/PopOS/Data_Ana/Wu/clawdPorjects/HADDOCK_test/results/run_Pos_ATGGGGCAGAATCTGT-1_contig_1_2`. By default, http server runs on `http://0.0.0.0:8000/`. Open the link http://0.0.0.0:8000/analysis/3_emref_analysis/report.html in a web browser.
[2026-02-13 12:43:16,144 cli_traceback INFO] Running haddock3-traceback on ./
[2026-02-13 12:43:16,144 cli_traceback INFO] Reading input run directory
[2026-02-13 12:43:16,144 cli_traceback INFO] All_steps: 0_topoaa, 1_rigidbody, 2_flexref, 3_emref
[2026-02-13 12:43:16,145 cli_traceback INFO] Modules not to be analysed: 0_topoaa
[2026-02-13 12:43:16,145 cli_traceback INFO] Steps to trace back: 1_rigidbody, 2_flexref, 3_emref
[2026-02-13 12:43:16,145 cli_traceback INFO] Created directory: /mnt/Data/PopOS/Data_Ana/Wu/clawdPorjects/HADDOCK_test/results/run_Pos_ATGGGGCAGAATCTGT-1_contig_1_2/traceback
[2026-02-13 12:43:16,145 cli_traceback INFO] Tracing back step 3_emref
[2026-02-13 12:43:16,147 cli_traceback INFO] Tracing back step 2_flexref
[2026-02-13 12:43:16,149 cli_traceback INFO] Tracing back step 1_rigidbody
[2026-02-13 12:43:16,153 cli_traceback INFO] Output dataframe traceback/traceback.tsv created with shape (20, 8)
[2026-02-13 12:43:16,179 clean_steps INFO] Cleaning output for '0_topoaa' using 20 cores.
[2026-02-13 12:43:16,327 libtimer INFO] cleaning output files took 0 seconds
[2026-02-13 12:43:16,327 clean_steps INFO] Cleaning output for '1_rigidbody' using 20 cores.
[2026-02-13 12:43:16,337 libtimer INFO] cleaning output files took 0 seconds
[2026-02-13 12:43:16,338 clean_steps INFO] Cleaning output for '2_flexref' using 20 cores.
[2026-02-13 12:43:16,350 libtimer INFO] cleaning output files took 0 seconds
[2026-02-13 12:43:16,351 clean_steps INFO] Cleaning output for '3_emref' using 20 cores.
[2026-02-13 12:43:16,362 libtimer INFO] cleaning output files took 0 seconds
[2026-02-13 12:43:16,362 cli INFO] This HADDOCK3 run took: 2 minutes and 7 seconds
[2026-02-13 12:43:16,362 greetings INFO] Your feedback matters in Haddock3! Share your experience and help us grow:
[2026-02-13 12:43:16,362 greetings INFO] GitHub issues: https://github.com/haddocking/haddock3/issues
[2026-02-13 12:43:16,362 greetings INFO] BioExcel feedback: https://www.bonvinlab.org/feedback
[2026-02-13 12:43:16,362 greetings INFO] BioExcel forum: https://ask.bioexcel.eu/c/haddock/6
[2026-02-13 12:43:16,362 cli INFO] Finished at 13/02/2026 12:43:16. 再见! Ciao! Agur!
