[2026-02-13 10:35:38,882 cli INFO] 
##############################################
#                                            #
#                 HADDOCK3                   #
#                                            #
##############################################

!! Some of the HADDOCK3 components use CNS (Crystallographic and NMR System) which is free of use for non-profit applications. !!
!! For commercial use it is your own responsibility to have a proper license. !!
!! For details refer to the DISCLAIMER file in the HADDOCK3 repository. !!

Starting HADDOCK3 v2024.10.0b7 on 2026-02-13 10:35:00

Python 3.10.12 (main, Feb  4 2025, 14:57:36) [GCC 11.4.0]

[2026-02-13 10:35:42,545 libworkflow INFO] Reading instructions step 0_topoaa
[2026-02-13 10:35:42,545 libworkflow INFO] Reading instructions step 1_rigidbody
[2026-02-13 10:35:42,545 libworkflow INFO] Reading instructions step 2_flexref
[2026-02-13 10:35:42,545 libworkflow INFO] Reading instructions step 3_emref
[2026-02-13 10:35:42,559 base_cns_module INFO] Running [topoaa] module
[2026-02-13 10:35:42,559 __init__ INFO] [topoaa] Molecule 1: receptor_single_Neg_AGTCTCGCAAAGTTCC-1_contig_2_2.pdb
[2026-02-13 10:35:42,561 __init__ INFO] [topoaa] Sanitizing molecule receptor_single_Neg_AGTCTCGCAAAGTTCC-1_contig_2_2.pdb
[2026-02-13 10:35:42,567 __init__ INFO] [topoaa] Topology CNS input created
[2026-02-13 10:35:42,567 __init__ INFO] [topoaa] Molecule 2: ligand_single_Neg_AGTCTCGCAAAGTTCC-1_contig_2_2.pdb
[2026-02-13 10:35:42,569 __init__ INFO] [topoaa] Sanitizing molecule ligand_single_Neg_AGTCTCGCAAAGTTCC-1_contig_2_2.pdb
[2026-02-13 10:35:42,574 __init__ INFO] [topoaa] Topology CNS input created
[2026-02-13 10:35:42,575 __init__ INFO] [topoaa] Running CNS Jobs n=2
[2026-02-13 10:35:42,575 libutil INFO] Selected 2 cores to process 2 jobs, with 32 maximum available cores.
[2026-02-13 10:35:42,576 libparallel INFO] Using 2 cores
[2026-02-13 10:35:45,807 libparallel INFO] 2 tasks finished
[2026-02-13 10:35:45,807 __init__ INFO] [topoaa] CNS jobs have finished
[2026-02-13 10:35:45,809 base_cns_module INFO] Module [topoaa] finished.
[2026-02-13 10:35:45,809 __init__ INFO] [topoaa] took 3 seconds
[2026-02-13 10:35:46,151 base_cns_module INFO] Running [rigidbody] module
[2026-02-13 10:35:46,152 __init__ INFO] [rigidbody] crossdock=true
[2026-02-13 10:35:46,152 __init__ INFO] [rigidbody] Preparing jobs...
[2026-02-13 10:35:46,154 libutil INFO] Selected 20 cores to process 20 jobs, with 32 maximum available cores.
[2026-02-13 10:35:46,154 libparallel INFO] Using 20 cores
[2026-02-13 10:35:46,183 libparallel INFO] 20 tasks finished
[2026-02-13 10:35:46,183 __init__ INFO] [rigidbody] Preparation took 0.031331 seconds
[2026-02-13 10:35:46,184 __init__ INFO] [rigidbody] Running CNS Jobs n=20
[2026-02-13 10:35:46,185 libutil INFO] Selected 20 cores to process 20 jobs, with 32 maximum available cores.
[2026-02-13 10:35:46,185 libparallel INFO] Using 20 cores
[2026-02-13 10:35:56,660 libparallel INFO] 20 tasks finished
[2026-02-13 10:35:56,660 __init__ INFO] [rigidbody] CNS jobs have finished
[2026-02-13 10:35:56,701 base_cns_module INFO] Module [rigidbody] finished.
[2026-02-13 10:35:56,701 __init__ INFO] [rigidbody] took 11 seconds
[2026-02-13 10:35:57,086 base_cns_module INFO] Running [flexref] module
[2026-02-13 10:35:57,144 __init__ INFO] [flexref] Running CNS Jobs n=20
[2026-02-13 10:35:57,144 libutil INFO] Selected 20 cores to process 20 jobs, with 32 maximum available cores.
[2026-02-13 10:35:57,144 libparallel INFO] Using 20 cores
[2026-02-13 10:37:31,541 libparallel INFO] 20 tasks finished
[2026-02-13 10:37:31,541 __init__ INFO] [flexref] CNS jobs have finished
[2026-02-13 10:37:31,575 base_cns_module INFO] Module [flexref] finished.
[2026-02-13 10:37:31,575 __init__ INFO] [flexref] took 1 minute and 34 seconds
[2026-02-13 10:37:31,911 base_cns_module INFO] Running [emref] module
[2026-02-13 10:37:31,967 __init__ INFO] [emref] Running CNS Jobs n=20
[2026-02-13 10:37:31,967 libutil INFO] Selected 20 cores to process 20 jobs, with 32 maximum available cores.
[2026-02-13 10:37:31,968 libparallel INFO] Using 20 cores
[2026-02-13 10:37:39,093 libparallel INFO] 20 tasks finished
[2026-02-13 10:37:39,093 __init__ INFO] [emref] CNS jobs have finished
[2026-02-13 10:37:39,127 base_cns_module INFO] Module [emref] finished.
[2026-02-13 10:37:39,127 __init__ INFO] [emref] took 7 seconds
[2026-02-13 10:37:39,127 cli_analyse INFO] Running haddock3-analyse on ./, modules [], with top_cluster = 10
[2026-02-13 10:37:39,134 cli_analyse INFO] Created directory: /mnt/Data/PopOS/Data_Ana/Wu/clawdPorjects/HADDOCK_test/results/run_Neg_AGTCTCGCAAAGTTCC-1_contig_2_2/analysis
[2026-02-13 10:37:39,134 cli_analyse INFO] Reading input run directory
[2026-02-13 10:37:39,134 cli_analyse INFO] selected steps: 0_topoaa, 1_rigidbody, 2_flexref, 3_emref
[2026-02-13 10:37:39,134 cli_analyse INFO] Analysing step 0_topoaa
[2026-02-13 10:37:39,134 cli_analyse WARNING] Could not execute the analysis for step 0_topoaa. The following error occurred 'dict' object has no attribute 'rel_path'
[2026-02-13 10:37:39,134 cli_analyse INFO] Analysing step 1_rigidbody
[2026-02-13 10:37:39,136 cli_unpack INFO] Unpacking '../1_rigidbody' folder
[2026-02-13 10:37:39,136 libtimer INFO] unpacking took 0 seconds
[2026-02-13 10:37:39,149 capri INFO] Found previous CNS step: 1_rigidbody
[2026-02-13 10:37:39,257 capri INFO] Saved scoring weights to: weights_params.json
[2026-02-13 10:37:39,257 __init__ INFO] [caprieval] No reference structure provided. Using the structure with the lowest score from previous step
[2026-02-13 10:37:39,341 libutil INFO] Selected 20 cores to process 20 jobs, with 32 maximum available cores.
[2026-02-13 10:37:39,342 libparallel INFO] Using 20 cores
[2026-02-13 10:37:39,769 libparallel INFO] 20 tasks finished
[2026-02-13 10:37:39,770 capri INFO] Rearranging cluster information into capri_clt.tsv
[2026-02-13 10:37:39,776 cli_clean INFO] Compressing '../1_rigidbody' folder
[2026-02-13 10:37:39,776 clean_steps INFO] Cleaning output for '../1_rigidbody' using 20 cores.
[2026-02-13 10:37:39,908 libtimer INFO] compressing took 0 seconds
[2026-02-13 10:37:39,908 cli_analyse INFO] CAPRI files identified
[2026-02-13 10:37:39,910 cli_analyse INFO] Plotting results..
[2026-02-13 10:37:41,121 cli_analyse INFO] Summary archive summary.tgz created!
[2026-02-13 10:37:41,122 cli_analyse INFO] Analysing step 2_flexref
[2026-02-13 10:37:41,124 cli_unpack INFO] Unpacking '../2_flexref' folder
[2026-02-13 10:37:41,124 libtimer INFO] unpacking took 0 seconds
[2026-02-13 10:37:41,137 capri INFO] Found previous CNS step: 2_flexref
[2026-02-13 10:37:41,375 capri INFO] Saved scoring weights to: weights_params.json
[2026-02-13 10:37:41,375 __init__ INFO] [caprieval] No reference structure provided. Using the structure with the lowest score from previous step
[2026-02-13 10:37:41,460 libutil INFO] Selected 20 cores to process 20 jobs, with 32 maximum available cores.
[2026-02-13 10:37:41,460 libparallel INFO] Using 20 cores
[2026-02-13 10:37:41,855 libparallel INFO] 20 tasks finished
[2026-02-13 10:37:41,856 capri INFO] Rearranging cluster information into capri_clt.tsv
[2026-02-13 10:37:41,860 cli_clean INFO] Compressing '../2_flexref' folder
[2026-02-13 10:37:41,860 clean_steps INFO] Cleaning output for '../2_flexref' using 20 cores.
[2026-02-13 10:37:41,979 libtimer INFO] compressing took 0 seconds
[2026-02-13 10:37:41,979 cli_analyse INFO] CAPRI files identified
[2026-02-13 10:37:41,981 cli_analyse INFO] Plotting results..
[2026-02-13 10:37:43,100 cli_analyse INFO] Summary archive summary.tgz created!
[2026-02-13 10:37:43,100 cli_analyse INFO] Analysing step 3_emref
[2026-02-13 10:37:43,103 cli_unpack INFO] Unpacking '../3_emref' folder
[2026-02-13 10:37:43,103 libtimer INFO] unpacking took 0 seconds
[2026-02-13 10:37:43,116 capri INFO] Found previous CNS step: 3_emref
[2026-02-13 10:37:43,218 capri INFO] Saved scoring weights to: weights_params.json
[2026-02-13 10:37:43,218 __init__ INFO] [caprieval] No reference structure provided. Using the structure with the lowest score from previous step
[2026-02-13 10:37:43,303 libutil INFO] Selected 20 cores to process 20 jobs, with 32 maximum available cores.
[2026-02-13 10:37:43,304 libparallel INFO] Using 20 cores
[2026-02-13 10:37:43,687 libparallel INFO] 20 tasks finished
[2026-02-13 10:37:43,688 capri INFO] Rearranging cluster information into capri_clt.tsv
[2026-02-13 10:37:43,692 cli_clean INFO] Compressing '../3_emref' folder
[2026-02-13 10:37:43,692 clean_steps INFO] Cleaning output for '../3_emref' using 20 cores.
[2026-02-13 10:37:43,811 libtimer INFO] compressing took 0 seconds
[2026-02-13 10:37:43,811 cli_analyse INFO] CAPRI files identified
[2026-02-13 10:37:43,813 cli_analyse INFO] Plotting results..
[2026-02-13 10:37:44,917 cli_analyse INFO] Summary archive summary.tgz created!
[2026-02-13 10:37:44,917 cli_analyse INFO] moving files to analysis folder
[2026-02-13 10:37:44,917 cli_analyse INFO] cancelling unsuccesful analysis folders
[2026-02-13 10:37:44,918 cli_analyse INFO] updating paths in analysis/1_rigidbody_analysis/capri_ss.tsv
[2026-02-13 10:37:44,918 cli_analyse INFO] View the results in analysis/1_rigidbody_analysis/report.html
[2026-02-13 10:37:44,918 cli_analyse INFO] To view structures or download the structure files, in a terminal run the command `python -m http.server --directory /mnt/Data/PopOS/Data_Ana/Wu/clawdPorjects/HADDOCK_test/results/run_Neg_AGTCTCGCAAAGTTCC-1_contig_2_2`. By default, http server runs on `http://0.0.0.0:8000/`. Open the link http://0.0.0.0:8000/analysis/1_rigidbody_analysis/report.html in a web browser.
[2026-02-13 10:37:44,918 cli_analyse INFO] updating paths in analysis/2_flexref_analysis/capri_ss.tsv
[2026-02-13 10:37:44,918 cli_analyse INFO] View the results in analysis/2_flexref_analysis/report.html
[2026-02-13 10:37:44,918 cli_analyse INFO] To view structures or download the structure files, in a terminal run the command `python -m http.server --directory /mnt/Data/PopOS/Data_Ana/Wu/clawdPorjects/HADDOCK_test/results/run_Neg_AGTCTCGCAAAGTTCC-1_contig_2_2`. By default, http server runs on `http://0.0.0.0:8000/`. Open the link http://0.0.0.0:8000/analysis/2_flexref_analysis/report.html in a web browser.
[2026-02-13 10:37:44,918 cli_analyse INFO] updating paths in analysis/3_emref_analysis/capri_ss.tsv
[2026-02-13 10:37:44,918 cli_analyse INFO] View the results in analysis/3_emref_analysis/report.html
[2026-02-13 10:37:44,918 cli_analyse INFO] To view structures or download the structure files, in a terminal run the command `python -m http.server --directory /mnt/Data/PopOS/Data_Ana/Wu/clawdPorjects/HADDOCK_test/results/run_Neg_AGTCTCGCAAAGTTCC-1_contig_2_2`. By default, http server runs on `http://0.0.0.0:8000/`. Open the link http://0.0.0.0:8000/analysis/3_emref_analysis/report.html in a web browser.
[2026-02-13 10:37:44,918 cli_traceback INFO] Running haddock3-traceback on ./
[2026-02-13 10:37:44,918 cli_traceback INFO] Reading input run directory
[2026-02-13 10:37:44,918 cli_traceback INFO] All_steps: 0_topoaa, 1_rigidbody, 2_flexref, 3_emref
[2026-02-13 10:37:44,919 cli_traceback INFO] Modules not to be analysed: 0_topoaa
[2026-02-13 10:37:44,919 cli_traceback INFO] Steps to trace back: 1_rigidbody, 2_flexref, 3_emref
[2026-02-13 10:37:44,919 cli_traceback INFO] Created directory: /mnt/Data/PopOS/Data_Ana/Wu/clawdPorjects/HADDOCK_test/results/run_Neg_AGTCTCGCAAAGTTCC-1_contig_2_2/traceback
[2026-02-13 10:37:44,919 cli_traceback INFO] Tracing back step 3_emref
[2026-02-13 10:37:44,921 cli_traceback INFO] Tracing back step 2_flexref
[2026-02-13 10:37:44,923 cli_traceback INFO] Tracing back step 1_rigidbody
[2026-02-13 10:37:44,927 cli_traceback INFO] Output dataframe traceback/traceback.tsv created with shape (20, 8)
[2026-02-13 10:37:44,953 clean_steps INFO] Cleaning output for '0_topoaa' using 20 cores.
[2026-02-13 10:37:45,092 libtimer INFO] cleaning output files took 0 seconds
[2026-02-13 10:37:45,092 clean_steps INFO] Cleaning output for '1_rigidbody' using 20 cores.
[2026-02-13 10:37:45,100 libtimer INFO] cleaning output files took 0 seconds
[2026-02-13 10:37:45,100 clean_steps INFO] Cleaning output for '2_flexref' using 20 cores.
[2026-02-13 10:37:45,108 libtimer INFO] cleaning output files took 0 seconds
[2026-02-13 10:37:45,108 clean_steps INFO] Cleaning output for '3_emref' using 20 cores.
[2026-02-13 10:37:45,117 libtimer INFO] cleaning output files took 0 seconds
[2026-02-13 10:37:45,117 cli INFO] This HADDOCK3 run took: 2 minutes and 6 seconds
[2026-02-13 10:37:45,117 greetings INFO] Your feedback matters in Haddock3! Share your experience and help us grow:
[2026-02-13 10:37:45,117 greetings INFO] GitHub issues: https://github.com/haddocking/haddock3/issues
[2026-02-13 10:37:45,117 greetings INFO] BioExcel feedback: https://www.bonvinlab.org/feedback
[2026-02-13 10:37:45,117 greetings INFO] BioExcel forum: https://ask.bioexcel.eu/c/haddock/6
[2026-02-13 10:37:45,117 cli INFO] Finished at 13/02/2026 10:37:45. Tot ziens! Good bye! Au revoir!
