[2026-02-13 13:00:33,050 cli INFO] 
##############################################
#                                            #
#                 HADDOCK3                   #
#                                            #
##############################################

!! Some of the HADDOCK3 components use CNS (Crystallographic and NMR System) which is free of use for non-profit applications. !!
!! For commercial use it is your own responsibility to have a proper license. !!
!! For details refer to the DISCLAIMER file in the HADDOCK3 repository. !!

Starting HADDOCK3 v2024.10.0b7 on 2026-02-13 13:00:00

Python 3.10.12 (main, Feb  4 2025, 14:57:36) [GCC 11.4.0]

[2026-02-13 13:00:36,846 libworkflow INFO] Reading instructions step 0_topoaa
[2026-02-13 13:00:36,846 libworkflow INFO] Reading instructions step 1_rigidbody
[2026-02-13 13:00:36,847 libworkflow INFO] Reading instructions step 2_flexref
[2026-02-13 13:00:36,847 libworkflow INFO] Reading instructions step 3_emref
[2026-02-13 13:00:36,861 base_cns_module INFO] Running [topoaa] module
[2026-02-13 13:00:36,862 __init__ INFO] [topoaa] Molecule 1: receptor_single_Pos_CGACGTTAGCTCCTCA-1_contig_1_1.pdb
[2026-02-13 13:00:36,863 __init__ INFO] [topoaa] Sanitizing molecule receptor_single_Pos_CGACGTTAGCTCCTCA-1_contig_1_1.pdb
[2026-02-13 13:00:36,873 __init__ INFO] [topoaa] Topology CNS input created
[2026-02-13 13:00:36,873 __init__ INFO] [topoaa] Molecule 2: ligand_single_Pos_CGACGTTAGCTCCTCA-1_contig_1_1.pdb
[2026-02-13 13:00:36,875 __init__ INFO] [topoaa] Sanitizing molecule ligand_single_Pos_CGACGTTAGCTCCTCA-1_contig_1_1.pdb
[2026-02-13 13:00:36,883 __init__ INFO] [topoaa] Topology CNS input created
[2026-02-13 13:00:36,883 __init__ INFO] [topoaa] Running CNS Jobs n=2
[2026-02-13 13:00:36,883 libutil INFO] Selected 2 cores to process 2 jobs, with 32 maximum available cores.
[2026-02-13 13:00:36,885 libparallel INFO] Using 2 cores
[2026-02-13 13:00:40,157 libparallel INFO] 2 tasks finished
[2026-02-13 13:00:40,157 __init__ INFO] [topoaa] CNS jobs have finished
[2026-02-13 13:00:40,159 base_cns_module INFO] Module [topoaa] finished.
[2026-02-13 13:00:40,159 __init__ INFO] [topoaa] took 3 seconds
[2026-02-13 13:00:40,514 base_cns_module INFO] Running [rigidbody] module
[2026-02-13 13:00:40,514 __init__ INFO] [rigidbody] crossdock=true
[2026-02-13 13:00:40,514 __init__ INFO] [rigidbody] Preparing jobs...
[2026-02-13 13:00:40,516 libutil INFO] Selected 20 cores to process 20 jobs, with 32 maximum available cores.
[2026-02-13 13:00:40,517 libparallel INFO] Using 20 cores
[2026-02-13 13:00:40,545 libparallel INFO] 20 tasks finished
[2026-02-13 13:00:40,546 __init__ INFO] [rigidbody] Preparation took 0.031694 seconds
[2026-02-13 13:00:40,547 __init__ INFO] [rigidbody] Running CNS Jobs n=20
[2026-02-13 13:00:40,547 libutil INFO] Selected 20 cores to process 20 jobs, with 32 maximum available cores.
[2026-02-13 13:00:40,547 libparallel INFO] Using 20 cores
[2026-02-13 13:00:51,332 libparallel INFO] 20 tasks finished
[2026-02-13 13:00:51,332 __init__ INFO] [rigidbody] CNS jobs have finished
[2026-02-13 13:00:51,383 base_cns_module INFO] Module [rigidbody] finished.
[2026-02-13 13:00:51,384 __init__ INFO] [rigidbody] took 11 seconds
[2026-02-13 13:00:51,770 base_cns_module INFO] Running [flexref] module
[2026-02-13 13:00:51,829 __init__ INFO] [flexref] Running CNS Jobs n=20
[2026-02-13 13:00:51,829 libutil INFO] Selected 20 cores to process 20 jobs, with 32 maximum available cores.
[2026-02-13 13:00:51,829 libparallel INFO] Using 20 cores
[2026-02-13 13:02:28,601 libparallel INFO] 20 tasks finished
[2026-02-13 13:02:28,601 __init__ INFO] [flexref] CNS jobs have finished
[2026-02-13 13:02:28,638 base_cns_module INFO] Module [flexref] finished.
[2026-02-13 13:02:28,638 __init__ INFO] [flexref] took 1 minute and 37 seconds
[2026-02-13 13:02:28,983 base_cns_module INFO] Running [emref] module
[2026-02-13 13:02:29,040 __init__ INFO] [emref] Running CNS Jobs n=20
[2026-02-13 13:02:29,040 libutil INFO] Selected 20 cores to process 20 jobs, with 32 maximum available cores.
[2026-02-13 13:02:29,040 libparallel INFO] Using 20 cores
[2026-02-13 13:02:36,485 libparallel INFO] 20 tasks finished
[2026-02-13 13:02:36,485 __init__ INFO] [emref] CNS jobs have finished
[2026-02-13 13:02:36,513 base_cns_module INFO] Module [emref] finished.
[2026-02-13 13:02:36,513 __init__ INFO] [emref] took 8 seconds
[2026-02-13 13:02:36,513 cli_analyse INFO] Running haddock3-analyse on ./, modules [], with top_cluster = 10
[2026-02-13 13:02:36,520 cli_analyse INFO] Created directory: /mnt/Data/PopOS/Data_Ana/Wu/clawdPorjects/HADDOCK_test/results/run_Pos_CGACGTTAGCTCCTCA-1_contig_1_1/analysis
[2026-02-13 13:02:36,520 cli_analyse INFO] Reading input run directory
[2026-02-13 13:02:36,520 cli_analyse INFO] selected steps: 0_topoaa, 1_rigidbody, 2_flexref, 3_emref
[2026-02-13 13:02:36,520 cli_analyse INFO] Analysing step 0_topoaa
[2026-02-13 13:02:36,521 cli_analyse WARNING] Could not execute the analysis for step 0_topoaa. The following error occurred 'dict' object has no attribute 'rel_path'
[2026-02-13 13:02:36,521 cli_analyse INFO] Analysing step 1_rigidbody
[2026-02-13 13:02:36,522 cli_unpack INFO] Unpacking '../1_rigidbody' folder
[2026-02-13 13:02:36,523 libtimer INFO] unpacking took 0 seconds
[2026-02-13 13:02:36,536 capri INFO] Found previous CNS step: 1_rigidbody
[2026-02-13 13:02:36,643 capri INFO] Saved scoring weights to: weights_params.json
[2026-02-13 13:02:36,643 __init__ INFO] [caprieval] No reference structure provided. Using the structure with the lowest score from previous step
[2026-02-13 13:02:36,728 libutil INFO] Selected 20 cores to process 20 jobs, with 32 maximum available cores.
[2026-02-13 13:02:36,728 libparallel INFO] Using 20 cores
[2026-02-13 13:02:37,142 libparallel INFO] 20 tasks finished
[2026-02-13 13:02:37,143 capri INFO] Rearranging cluster information into capri_clt.tsv
[2026-02-13 13:02:37,147 cli_clean INFO] Compressing '../1_rigidbody' folder
[2026-02-13 13:02:37,147 clean_steps INFO] Cleaning output for '../1_rigidbody' using 20 cores.
[2026-02-13 13:02:37,265 libtimer INFO] compressing took 0 seconds
[2026-02-13 13:02:37,265 cli_analyse INFO] CAPRI files identified
[2026-02-13 13:02:37,268 cli_analyse INFO] Plotting results..
[2026-02-13 13:02:38,477 cli_analyse INFO] Summary archive summary.tgz created!
[2026-02-13 13:02:38,477 cli_analyse INFO] Analysing step 2_flexref
[2026-02-13 13:02:38,479 cli_unpack INFO] Unpacking '../2_flexref' folder
[2026-02-13 13:02:38,479 libtimer INFO] unpacking took 0 seconds
[2026-02-13 13:02:38,493 capri INFO] Found previous CNS step: 2_flexref
[2026-02-13 13:02:38,730 capri INFO] Saved scoring weights to: weights_params.json
[2026-02-13 13:02:38,730 __init__ INFO] [caprieval] No reference structure provided. Using the structure with the lowest score from previous step
[2026-02-13 13:02:38,816 libutil INFO] Selected 20 cores to process 20 jobs, with 32 maximum available cores.
[2026-02-13 13:02:38,816 libparallel INFO] Using 20 cores
[2026-02-13 13:02:39,463 libparallel INFO] 20 tasks finished
[2026-02-13 13:02:39,464 capri INFO] Rearranging cluster information into capri_clt.tsv
[2026-02-13 13:02:39,473 cli_clean INFO] Compressing '../2_flexref' folder
[2026-02-13 13:02:39,473 clean_steps INFO] Cleaning output for '../2_flexref' using 20 cores.
[2026-02-13 13:02:39,636 libtimer INFO] compressing took 0 seconds
[2026-02-13 13:02:39,636 cli_analyse INFO] CAPRI files identified
[2026-02-13 13:02:39,638 cli_analyse INFO] Plotting results..
[2026-02-13 13:02:40,760 cli_analyse INFO] Summary archive summary.tgz created!
[2026-02-13 13:02:40,760 cli_analyse INFO] Analysing step 3_emref
[2026-02-13 13:02:40,762 cli_unpack INFO] Unpacking '../3_emref' folder
[2026-02-13 13:02:40,762 libtimer INFO] unpacking took 0 seconds
[2026-02-13 13:02:40,776 capri INFO] Found previous CNS step: 3_emref
[2026-02-13 13:02:40,877 capri INFO] Saved scoring weights to: weights_params.json
[2026-02-13 13:02:40,877 __init__ INFO] [caprieval] No reference structure provided. Using the structure with the lowest score from previous step
[2026-02-13 13:02:40,963 libutil INFO] Selected 20 cores to process 20 jobs, with 32 maximum available cores.
[2026-02-13 13:02:40,964 libparallel INFO] Using 20 cores
[2026-02-13 13:02:41,352 libparallel INFO] 20 tasks finished
[2026-02-13 13:02:41,353 capri INFO] Rearranging cluster information into capri_clt.tsv
[2026-02-13 13:02:41,358 cli_clean INFO] Compressing '../3_emref' folder
[2026-02-13 13:02:41,359 clean_steps INFO] Cleaning output for '../3_emref' using 20 cores.
[2026-02-13 13:02:41,484 libtimer INFO] compressing took 0 seconds
[2026-02-13 13:02:41,485 cli_analyse INFO] CAPRI files identified
[2026-02-13 13:02:41,487 cli_analyse INFO] Plotting results..
[2026-02-13 13:02:42,584 cli_analyse INFO] Summary archive summary.tgz created!
[2026-02-13 13:02:42,584 cli_analyse INFO] moving files to analysis folder
[2026-02-13 13:02:42,585 cli_analyse INFO] cancelling unsuccesful analysis folders
[2026-02-13 13:02:42,585 cli_analyse INFO] updating paths in analysis/1_rigidbody_analysis/capri_ss.tsv
[2026-02-13 13:02:42,585 cli_analyse INFO] View the results in analysis/1_rigidbody_analysis/report.html
[2026-02-13 13:02:42,585 cli_analyse INFO] To view structures or download the structure files, in a terminal run the command `python -m http.server --directory /mnt/Data/PopOS/Data_Ana/Wu/clawdPorjects/HADDOCK_test/results/run_Pos_CGACGTTAGCTCCTCA-1_contig_1_1`. By default, http server runs on `http://0.0.0.0:8000/`. Open the link http://0.0.0.0:8000/analysis/1_rigidbody_analysis/report.html in a web browser.
[2026-02-13 13:02:42,585 cli_analyse INFO] updating paths in analysis/2_flexref_analysis/capri_ss.tsv
[2026-02-13 13:02:42,585 cli_analyse INFO] View the results in analysis/2_flexref_analysis/report.html
[2026-02-13 13:02:42,585 cli_analyse INFO] To view structures or download the structure files, in a terminal run the command `python -m http.server --directory /mnt/Data/PopOS/Data_Ana/Wu/clawdPorjects/HADDOCK_test/results/run_Pos_CGACGTTAGCTCCTCA-1_contig_1_1`. By default, http server runs on `http://0.0.0.0:8000/`. Open the link http://0.0.0.0:8000/analysis/2_flexref_analysis/report.html in a web browser.
[2026-02-13 13:02:42,585 cli_analyse INFO] updating paths in analysis/3_emref_analysis/capri_ss.tsv
[2026-02-13 13:02:42,585 cli_analyse INFO] View the results in analysis/3_emref_analysis/report.html
[2026-02-13 13:02:42,585 cli_analyse INFO] To view structures or download the structure files, in a terminal run the command `python -m http.server --directory /mnt/Data/PopOS/Data_Ana/Wu/clawdPorjects/HADDOCK_test/results/run_Pos_CGACGTTAGCTCCTCA-1_contig_1_1`. By default, http server runs on `http://0.0.0.0:8000/`. Open the link http://0.0.0.0:8000/analysis/3_emref_analysis/report.html in a web browser.
[2026-02-13 13:02:42,585 cli_traceback INFO] Running haddock3-traceback on ./
[2026-02-13 13:02:42,585 cli_traceback INFO] Reading input run directory
[2026-02-13 13:02:42,585 cli_traceback INFO] All_steps: 0_topoaa, 1_rigidbody, 2_flexref, 3_emref
[2026-02-13 13:02:42,586 cli_traceback INFO] Modules not to be analysed: 0_topoaa
[2026-02-13 13:02:42,586 cli_traceback INFO] Steps to trace back: 1_rigidbody, 2_flexref, 3_emref
[2026-02-13 13:02:42,586 cli_traceback INFO] Created directory: /mnt/Data/PopOS/Data_Ana/Wu/clawdPorjects/HADDOCK_test/results/run_Pos_CGACGTTAGCTCCTCA-1_contig_1_1/traceback
[2026-02-13 13:02:42,586 cli_traceback INFO] Tracing back step 3_emref
[2026-02-13 13:02:42,588 cli_traceback INFO] Tracing back step 2_flexref
[2026-02-13 13:02:42,590 cli_traceback INFO] Tracing back step 1_rigidbody
[2026-02-13 13:02:42,594 cli_traceback INFO] Output dataframe traceback/traceback.tsv created with shape (20, 8)
[2026-02-13 13:02:42,621 clean_steps INFO] Cleaning output for '0_topoaa' using 20 cores.
[2026-02-13 13:02:42,754 libtimer INFO] cleaning output files took 0 seconds
[2026-02-13 13:02:42,754 clean_steps INFO] Cleaning output for '1_rigidbody' using 20 cores.
[2026-02-13 13:02:42,763 libtimer INFO] cleaning output files took 0 seconds
[2026-02-13 13:02:42,763 clean_steps INFO] Cleaning output for '2_flexref' using 20 cores.
[2026-02-13 13:02:42,773 libtimer INFO] cleaning output files took 0 seconds
[2026-02-13 13:02:42,773 clean_steps INFO] Cleaning output for '3_emref' using 20 cores.
[2026-02-13 13:02:42,786 libtimer INFO] cleaning output files took 0 seconds
[2026-02-13 13:02:42,786 cli INFO] This HADDOCK3 run took: 2 minutes and 10 seconds
[2026-02-13 13:02:42,786 greetings INFO] Your feedback matters in Haddock3! Share your experience and help us grow:
[2026-02-13 13:02:42,786 greetings INFO] GitHub issues: https://github.com/haddocking/haddock3/issues
[2026-02-13 13:02:42,786 greetings INFO] BioExcel feedback: https://www.bonvinlab.org/feedback
[2026-02-13 13:02:42,786 greetings INFO] BioExcel forum: https://ask.bioexcel.eu/c/haddock/6
[2026-02-13 13:02:42,786 cli INFO] Finished at 13/02/2026 13:02:42. Dovidenia! Até logo! Au revoir!
