[2026-02-13 11:24:55,599 cli INFO] 
##############################################
#                                            #
#                 HADDOCK3                   #
#                                            #
##############################################

!! Some of the HADDOCK3 components use CNS (Crystallographic and NMR System) which is free of use for non-profit applications. !!
!! For commercial use it is your own responsibility to have a proper license. !!
!! For details refer to the DISCLAIMER file in the HADDOCK3 repository. !!

Starting HADDOCK3 v2024.10.0b7 on 2026-02-13 11:24:00

Python 3.10.12 (main, Feb  4 2025, 14:57:36) [GCC 11.4.0]

[2026-02-13 11:24:59,343 libworkflow INFO] Reading instructions step 0_topoaa
[2026-02-13 11:24:59,343 libworkflow INFO] Reading instructions step 1_rigidbody
[2026-02-13 11:24:59,343 libworkflow INFO] Reading instructions step 2_flexref
[2026-02-13 11:24:59,343 libworkflow INFO] Reading instructions step 3_emref
[2026-02-13 11:24:59,357 base_cns_module INFO] Running [topoaa] module
[2026-02-13 11:24:59,358 __init__ INFO] [topoaa] Molecule 1: receptor_single_Neg_CCTTTGGTCCGATAAT-1_contig_1_1.pdb
[2026-02-13 11:24:59,359 __init__ INFO] [topoaa] Sanitizing molecule receptor_single_Neg_CCTTTGGTCCGATAAT-1_contig_1_1.pdb
[2026-02-13 11:24:59,366 __init__ INFO] [topoaa] Topology CNS input created
[2026-02-13 11:24:59,366 __init__ INFO] [topoaa] Molecule 2: ligand_single_Neg_CCTTTGGTCCGATAAT-1_contig_1_1.pdb
[2026-02-13 11:24:59,368 __init__ INFO] [topoaa] Sanitizing molecule ligand_single_Neg_CCTTTGGTCCGATAAT-1_contig_1_1.pdb
[2026-02-13 11:24:59,374 __init__ INFO] [topoaa] Topology CNS input created
[2026-02-13 11:24:59,374 __init__ INFO] [topoaa] Running CNS Jobs n=2
[2026-02-13 11:24:59,374 libutil INFO] Selected 2 cores to process 2 jobs, with 32 maximum available cores.
[2026-02-13 11:24:59,375 libparallel INFO] Using 2 cores
[2026-02-13 11:25:02,602 libparallel INFO] 2 tasks finished
[2026-02-13 11:25:02,603 __init__ INFO] [topoaa] CNS jobs have finished
[2026-02-13 11:25:02,605 base_cns_module INFO] Module [topoaa] finished.
[2026-02-13 11:25:02,605 __init__ INFO] [topoaa] took 3 seconds
[2026-02-13 11:25:02,948 base_cns_module INFO] Running [rigidbody] module
[2026-02-13 11:25:02,948 __init__ INFO] [rigidbody] crossdock=true
[2026-02-13 11:25:02,949 __init__ INFO] [rigidbody] Preparing jobs...
[2026-02-13 11:25:02,950 libutil INFO] Selected 20 cores to process 20 jobs, with 32 maximum available cores.
[2026-02-13 11:25:02,951 libparallel INFO] Using 20 cores
[2026-02-13 11:25:02,979 libparallel INFO] 20 tasks finished
[2026-02-13 11:25:02,979 __init__ INFO] [rigidbody] Preparation took 0.030648 seconds
[2026-02-13 11:25:02,980 __init__ INFO] [rigidbody] Running CNS Jobs n=20
[2026-02-13 11:25:02,981 libutil INFO] Selected 20 cores to process 20 jobs, with 32 maximum available cores.
[2026-02-13 11:25:02,981 libparallel INFO] Using 20 cores
[2026-02-13 11:25:13,139 libparallel INFO] 20 tasks finished
[2026-02-13 11:25:13,139 __init__ INFO] [rigidbody] CNS jobs have finished
[2026-02-13 11:25:13,175 base_cns_module INFO] Module [rigidbody] finished.
[2026-02-13 11:25:13,175 __init__ INFO] [rigidbody] took 10 seconds
[2026-02-13 11:25:13,559 base_cns_module INFO] Running [flexref] module
[2026-02-13 11:25:13,618 __init__ INFO] [flexref] Running CNS Jobs n=20
[2026-02-13 11:25:13,618 libutil INFO] Selected 20 cores to process 20 jobs, with 32 maximum available cores.
[2026-02-13 11:25:13,618 libparallel INFO] Using 20 cores
[2026-02-13 11:26:48,655 libparallel INFO] 20 tasks finished
[2026-02-13 11:26:48,655 __init__ INFO] [flexref] CNS jobs have finished
[2026-02-13 11:26:48,689 base_cns_module INFO] Module [flexref] finished.
[2026-02-13 11:26:48,689 __init__ INFO] [flexref] took 1 minute and 35 seconds
[2026-02-13 11:26:49,032 base_cns_module INFO] Running [emref] module
[2026-02-13 11:26:49,089 __init__ INFO] [emref] Running CNS Jobs n=20
[2026-02-13 11:26:49,089 libutil INFO] Selected 20 cores to process 20 jobs, with 32 maximum available cores.
[2026-02-13 11:26:49,089 libparallel INFO] Using 20 cores
[2026-02-13 11:26:56,391 libparallel INFO] 20 tasks finished
[2026-02-13 11:26:56,391 __init__ INFO] [emref] CNS jobs have finished
[2026-02-13 11:26:56,453 base_cns_module INFO] Module [emref] finished.
[2026-02-13 11:26:56,453 __init__ INFO] [emref] took 7 seconds
[2026-02-13 11:26:56,453 cli_analyse INFO] Running haddock3-analyse on ./, modules [], with top_cluster = 10
[2026-02-13 11:26:56,460 cli_analyse INFO] Created directory: /mnt/Data/PopOS/Data_Ana/Wu/clawdPorjects/HADDOCK_test/results/run_Neg_CCTTTGGTCCGATAAT-1_contig_1_1/analysis
[2026-02-13 11:26:56,460 cli_analyse INFO] Reading input run directory
[2026-02-13 11:26:56,461 cli_analyse INFO] selected steps: 0_topoaa, 1_rigidbody, 2_flexref, 3_emref
[2026-02-13 11:26:56,461 cli_analyse INFO] Analysing step 0_topoaa
[2026-02-13 11:26:56,461 cli_analyse WARNING] Could not execute the analysis for step 0_topoaa. The following error occurred 'dict' object has no attribute 'rel_path'
[2026-02-13 11:26:56,461 cli_analyse INFO] Analysing step 1_rigidbody
[2026-02-13 11:26:56,463 cli_unpack INFO] Unpacking '../1_rigidbody' folder
[2026-02-13 11:26:56,464 libtimer INFO] unpacking took 0 seconds
[2026-02-13 11:26:56,478 capri INFO] Found previous CNS step: 1_rigidbody
[2026-02-13 11:26:56,590 capri INFO] Saved scoring weights to: weights_params.json
[2026-02-13 11:26:56,590 __init__ INFO] [caprieval] No reference structure provided. Using the structure with the lowest score from previous step
[2026-02-13 11:26:56,675 libutil INFO] Selected 20 cores to process 20 jobs, with 32 maximum available cores.
[2026-02-13 11:26:56,675 libparallel INFO] Using 20 cores
[2026-02-13 11:26:57,213 libparallel INFO] 20 tasks finished
[2026-02-13 11:26:57,214 capri INFO] Rearranging cluster information into capri_clt.tsv
[2026-02-13 11:26:57,218 cli_clean INFO] Compressing '../1_rigidbody' folder
[2026-02-13 11:26:57,218 clean_steps INFO] Cleaning output for '../1_rigidbody' using 20 cores.
[2026-02-13 11:26:57,348 libtimer INFO] compressing took 0 seconds
[2026-02-13 11:26:57,348 cli_analyse INFO] CAPRI files identified
[2026-02-13 11:26:57,350 cli_analyse INFO] Plotting results..
[2026-02-13 11:26:58,561 cli_analyse INFO] Summary archive summary.tgz created!
[2026-02-13 11:26:58,561 cli_analyse INFO] Analysing step 2_flexref
[2026-02-13 11:26:58,563 cli_unpack INFO] Unpacking '../2_flexref' folder
[2026-02-13 11:26:58,563 libtimer INFO] unpacking took 0 seconds
[2026-02-13 11:26:58,577 capri INFO] Found previous CNS step: 2_flexref
[2026-02-13 11:26:58,814 capri INFO] Saved scoring weights to: weights_params.json
[2026-02-13 11:26:58,814 __init__ INFO] [caprieval] No reference structure provided. Using the structure with the lowest score from previous step
[2026-02-13 11:26:58,898 libutil INFO] Selected 20 cores to process 20 jobs, with 32 maximum available cores.
[2026-02-13 11:26:58,899 libparallel INFO] Using 20 cores
[2026-02-13 11:26:59,288 libparallel INFO] 20 tasks finished
[2026-02-13 11:26:59,288 capri INFO] Rearranging cluster information into capri_clt.tsv
[2026-02-13 11:26:59,292 cli_clean INFO] Compressing '../2_flexref' folder
[2026-02-13 11:26:59,292 clean_steps INFO] Cleaning output for '../2_flexref' using 20 cores.
[2026-02-13 11:26:59,416 libtimer INFO] compressing took 0 seconds
[2026-02-13 11:26:59,416 cli_analyse INFO] CAPRI files identified
[2026-02-13 11:26:59,418 cli_analyse INFO] Plotting results..
[2026-02-13 11:27:00,557 cli_analyse INFO] Summary archive summary.tgz created!
[2026-02-13 11:27:00,557 cli_analyse INFO] Analysing step 3_emref
[2026-02-13 11:27:00,559 cli_unpack INFO] Unpacking '../3_emref' folder
[2026-02-13 11:27:00,560 libtimer INFO] unpacking took 0 seconds
[2026-02-13 11:27:00,573 capri INFO] Found previous CNS step: 3_emref
[2026-02-13 11:27:00,675 capri INFO] Saved scoring weights to: weights_params.json
[2026-02-13 11:27:00,675 __init__ INFO] [caprieval] No reference structure provided. Using the structure with the lowest score from previous step
[2026-02-13 11:27:00,759 libutil INFO] Selected 20 cores to process 20 jobs, with 32 maximum available cores.
[2026-02-13 11:27:00,759 libparallel INFO] Using 20 cores
[2026-02-13 11:27:01,164 libparallel INFO] 20 tasks finished
[2026-02-13 11:27:01,165 capri INFO] Rearranging cluster information into capri_clt.tsv
[2026-02-13 11:27:01,172 cli_clean INFO] Compressing '../3_emref' folder
[2026-02-13 11:27:01,172 clean_steps INFO] Cleaning output for '../3_emref' using 20 cores.
[2026-02-13 11:27:01,298 libtimer INFO] compressing took 0 seconds
[2026-02-13 11:27:01,298 cli_analyse INFO] CAPRI files identified
[2026-02-13 11:27:01,300 cli_analyse INFO] Plotting results..
[2026-02-13 11:27:02,430 cli_analyse INFO] Summary archive summary.tgz created!
[2026-02-13 11:27:02,430 cli_analyse INFO] moving files to analysis folder
[2026-02-13 11:27:02,430 cli_analyse INFO] cancelling unsuccesful analysis folders
[2026-02-13 11:27:02,430 cli_analyse INFO] updating paths in analysis/1_rigidbody_analysis/capri_ss.tsv
[2026-02-13 11:27:02,430 cli_analyse INFO] View the results in analysis/1_rigidbody_analysis/report.html
[2026-02-13 11:27:02,430 cli_analyse INFO] To view structures or download the structure files, in a terminal run the command `python -m http.server --directory /mnt/Data/PopOS/Data_Ana/Wu/clawdPorjects/HADDOCK_test/results/run_Neg_CCTTTGGTCCGATAAT-1_contig_1_1`. By default, http server runs on `http://0.0.0.0:8000/`. Open the link http://0.0.0.0:8000/analysis/1_rigidbody_analysis/report.html in a web browser.
[2026-02-13 11:27:02,431 cli_analyse INFO] updating paths in analysis/2_flexref_analysis/capri_ss.tsv
[2026-02-13 11:27:02,431 cli_analyse INFO] View the results in analysis/2_flexref_analysis/report.html
[2026-02-13 11:27:02,431 cli_analyse INFO] To view structures or download the structure files, in a terminal run the command `python -m http.server --directory /mnt/Data/PopOS/Data_Ana/Wu/clawdPorjects/HADDOCK_test/results/run_Neg_CCTTTGGTCCGATAAT-1_contig_1_1`. By default, http server runs on `http://0.0.0.0:8000/`. Open the link http://0.0.0.0:8000/analysis/2_flexref_analysis/report.html in a web browser.
[2026-02-13 11:27:02,431 cli_analyse INFO] updating paths in analysis/3_emref_analysis/capri_ss.tsv
[2026-02-13 11:27:02,431 cli_analyse INFO] View the results in analysis/3_emref_analysis/report.html
[2026-02-13 11:27:02,431 cli_analyse INFO] To view structures or download the structure files, in a terminal run the command `python -m http.server --directory /mnt/Data/PopOS/Data_Ana/Wu/clawdPorjects/HADDOCK_test/results/run_Neg_CCTTTGGTCCGATAAT-1_contig_1_1`. By default, http server runs on `http://0.0.0.0:8000/`. Open the link http://0.0.0.0:8000/analysis/3_emref_analysis/report.html in a web browser.
[2026-02-13 11:27:02,431 cli_traceback INFO] Running haddock3-traceback on ./
[2026-02-13 11:27:02,431 cli_traceback INFO] Reading input run directory
[2026-02-13 11:27:02,431 cli_traceback INFO] All_steps: 0_topoaa, 1_rigidbody, 2_flexref, 3_emref
[2026-02-13 11:27:02,431 cli_traceback INFO] Modules not to be analysed: 0_topoaa
[2026-02-13 11:27:02,431 cli_traceback INFO] Steps to trace back: 1_rigidbody, 2_flexref, 3_emref
[2026-02-13 11:27:02,432 cli_traceback INFO] Created directory: /mnt/Data/PopOS/Data_Ana/Wu/clawdPorjects/HADDOCK_test/results/run_Neg_CCTTTGGTCCGATAAT-1_contig_1_1/traceback
[2026-02-13 11:27:02,432 cli_traceback INFO] Tracing back step 3_emref
[2026-02-13 11:27:02,434 cli_traceback INFO] Tracing back step 2_flexref
[2026-02-13 11:27:02,436 cli_traceback INFO] Tracing back step 1_rigidbody
[2026-02-13 11:27:02,440 cli_traceback INFO] Output dataframe traceback/traceback.tsv created with shape (20, 8)
[2026-02-13 11:27:02,467 clean_steps INFO] Cleaning output for '0_topoaa' using 20 cores.
[2026-02-13 11:27:02,594 libtimer INFO] cleaning output files took 0 seconds
[2026-02-13 11:27:02,595 clean_steps INFO] Cleaning output for '1_rigidbody' using 20 cores.
[2026-02-13 11:27:02,603 libtimer INFO] cleaning output files took 0 seconds
[2026-02-13 11:27:02,603 clean_steps INFO] Cleaning output for '2_flexref' using 20 cores.
[2026-02-13 11:27:02,613 libtimer INFO] cleaning output files took 0 seconds
[2026-02-13 11:27:02,614 clean_steps INFO] Cleaning output for '3_emref' using 20 cores.
[2026-02-13 11:27:02,626 libtimer INFO] cleaning output files took 0 seconds
[2026-02-13 11:27:02,626 cli INFO] This HADDOCK3 run took: 2 minutes and 7 seconds
[2026-02-13 11:27:02,626 greetings INFO] Your feedback matters in Haddock3! Share your experience and help us grow:
[2026-02-13 11:27:02,626 greetings INFO] GitHub issues: https://github.com/haddocking/haddock3/issues
[2026-02-13 11:27:02,626 greetings INFO] BioExcel feedback: https://www.bonvinlab.org/feedback
[2026-02-13 11:27:02,626 greetings INFO] BioExcel forum: https://ask.bioexcel.eu/c/haddock/6
[2026-02-13 11:27:02,626 cli INFO] Finished at 13/02/2026 11:27:02. Agur! Adiós! Tot ziens!
