[2026-02-06 02:21:29,076 cli INFO] 
##############################################
#                                            #
#                 HADDOCK3                   #
#                                            #
##############################################

!! Some of the HADDOCK3 components use CNS (Crystallographic and NMR System) which is free of use for non-profit applications. !!
!! For commercial use it is your own responsibility to have a proper license. !!
!! For details refer to the DISCLAIMER file in the HADDOCK3 repository. !!

Starting HADDOCK3 v2024.10.0b7 on 2026-02-06 02:21:00

Python 3.10.12 (main, Feb  4 2025, 14:57:36) [GCC 11.4.0]

[2026-02-06 02:21:32,723 libworkflow INFO] Reading instructions step 0_topoaa
[2026-02-06 02:21:32,723 libworkflow INFO] Reading instructions step 1_rigidbody
[2026-02-06 02:21:32,723 libworkflow INFO] Reading instructions step 2_flexref
[2026-02-06 02:21:32,723 libworkflow INFO] Reading instructions step 3_emref
[2026-02-06 02:21:32,736 base_cns_module INFO] Running [topoaa] module
[2026-02-06 02:21:32,737 __init__ INFO] [topoaa] Molecule 1: receptor_single_8IUZ.pdb
[2026-02-06 02:21:32,738 __init__ INFO] [topoaa] Sanitizing molecule receptor_single_8IUZ.pdb
[2026-02-06 02:21:32,745 __init__ INFO] [topoaa] Topology CNS input created
[2026-02-06 02:21:32,745 __init__ INFO] [topoaa] Molecule 2: ligand_single_8IUZ.pdb
[2026-02-06 02:21:32,745 __init__ INFO] [topoaa] Sanitizing molecule ligand_single_8IUZ.pdb
[2026-02-06 02:21:32,749 __init__ INFO] [topoaa] Topology CNS input created
[2026-02-06 02:21:32,749 __init__ INFO] [topoaa] Running CNS Jobs n=2
[2026-02-06 02:21:32,749 libutil INFO] Selected 1 cores to process 2 jobs, with 32 maximum available cores.
[2026-02-06 02:21:32,750 libparallel INFO] Using 1 cores
[2026-02-06 02:21:36,619 libparallel INFO] 2 tasks finished
[2026-02-06 02:21:36,619 __init__ INFO] [topoaa] CNS jobs have finished
[2026-02-06 02:21:36,621 base_cns_module INFO] Module [topoaa] finished.
[2026-02-06 02:21:36,621 __init__ INFO] [topoaa] took 4 seconds
[2026-02-06 02:21:36,958 base_cns_module INFO] Running [rigidbody] module
[2026-02-06 02:21:36,959 __init__ INFO] [rigidbody] crossdock=true
[2026-02-06 02:21:36,959 __init__ INFO] [rigidbody] Preparing jobs...
[2026-02-06 02:21:36,961 libutil INFO] Selected 1 cores to process 2 jobs, with 32 maximum available cores.
[2026-02-06 02:21:36,962 libparallel INFO] Using 1 cores
[2026-02-06 02:21:36,972 libparallel INFO] 2 tasks finished
[2026-02-06 02:21:36,972 __init__ INFO] [rigidbody] Preparation took 0.013109 seconds
[2026-02-06 02:21:36,972 __init__ INFO] [rigidbody] Running CNS Jobs n=2
[2026-02-06 02:21:36,973 libutil INFO] Selected 1 cores to process 2 jobs, with 32 maximum available cores.
[2026-02-06 02:21:36,973 libparallel INFO] Using 1 cores
[2026-02-06 02:21:48,821 libparallel INFO] 2 tasks finished
[2026-02-06 02:21:48,821 __init__ INFO] [rigidbody] CNS jobs have finished
[2026-02-06 02:21:48,825 base_cns_module INFO] Module [rigidbody] finished.
[2026-02-06 02:21:48,825 __init__ INFO] [rigidbody] took 12 seconds
[2026-02-06 02:21:49,194 base_cns_module INFO] Running [flexref] module
[2026-02-06 02:21:49,200 __init__ INFO] [flexref] Running CNS Jobs n=2
[2026-02-06 02:21:49,200 libutil INFO] Selected 1 cores to process 2 jobs, with 32 maximum available cores.
[2026-02-06 02:21:49,200 libparallel INFO] Using 1 cores
[2026-02-06 02:23:22,677 libparallel INFO] 2 tasks finished
[2026-02-06 02:23:22,677 __init__ INFO] [flexref] CNS jobs have finished
[2026-02-06 02:23:22,683 base_cns_module INFO] Module [flexref] finished.
[2026-02-06 02:23:22,683 __init__ INFO] [flexref] took 1 minute and 33 seconds
[2026-02-06 02:23:23,026 base_cns_module INFO] Running [emref] module
[2026-02-06 02:23:23,032 __init__ INFO] [emref] Running CNS Jobs n=2
[2026-02-06 02:23:23,032 libutil INFO] Selected 1 cores to process 2 jobs, with 32 maximum available cores.
[2026-02-06 02:23:23,032 libparallel INFO] Using 1 cores
[2026-02-06 02:23:30,203 libparallel INFO] 2 tasks finished
[2026-02-06 02:23:30,203 __init__ INFO] [emref] CNS jobs have finished
[2026-02-06 02:23:30,207 base_cns_module INFO] Module [emref] finished.
[2026-02-06 02:23:30,207 __init__ INFO] [emref] took 7 seconds
[2026-02-06 02:23:30,207 cli_analyse INFO] Running haddock3-analyse on ./, modules [], with top_cluster = 10
[2026-02-06 02:23:30,214 cli_analyse INFO] Created directory: /mnt/Data/PopOS/Data_Ana/Wu/clawdPorjects/HADDOCK_test/results/run_8IUZ/analysis
[2026-02-06 02:23:30,214 cli_analyse INFO] Reading input run directory
[2026-02-06 02:23:30,214 cli_analyse INFO] selected steps: 0_topoaa, 1_rigidbody, 2_flexref, 3_emref
[2026-02-06 02:23:30,214 cli_analyse INFO] Analysing step 0_topoaa
[2026-02-06 02:23:30,214 cli_analyse WARNING] Could not execute the analysis for step 0_topoaa. The following error occurred 'dict' object has no attribute 'rel_path'
[2026-02-06 02:23:30,214 cli_analyse INFO] Analysing step 1_rigidbody
[2026-02-06 02:23:30,215 cli_unpack INFO] Unpacking '../1_rigidbody' folder
[2026-02-06 02:23:30,215 libtimer INFO] unpacking took 0 seconds
[2026-02-06 02:23:30,228 capri INFO] Found previous CNS step: 1_rigidbody
[2026-02-06 02:23:30,336 capri INFO] Saved scoring weights to: weights_params.json
[2026-02-06 02:23:30,336 __init__ INFO] [caprieval] No reference structure provided. Using the structure with the lowest score from previous step
[2026-02-06 02:23:30,344 libutil INFO] Selected 1 cores to process 2 jobs, with 32 maximum available cores.
[2026-02-06 02:23:30,345 libparallel INFO] Using 1 cores
[2026-02-06 02:23:30,718 libparallel INFO] 2 tasks finished
[2026-02-06 02:23:30,718 capri INFO] Rearranging cluster information into capri_clt.tsv
[2026-02-06 02:23:30,720 cli_clean INFO] Compressing '../1_rigidbody' folder
[2026-02-06 02:23:30,720 clean_steps INFO] Cleaning output for '../1_rigidbody' using 1 cores.
[2026-02-06 02:23:30,855 libtimer INFO] compressing took 0 seconds
[2026-02-06 02:23:30,855 cli_analyse INFO] CAPRI files identified
[2026-02-06 02:23:30,857 cli_analyse INFO] Plotting results..
[2026-02-06 02:23:31,607 cli_analyse INFO] Summary archive summary.tgz created!
[2026-02-06 02:23:31,607 cli_analyse INFO] Analysing step 2_flexref
[2026-02-06 02:23:31,608 cli_unpack INFO] Unpacking '../2_flexref' folder
[2026-02-06 02:23:31,608 libtimer INFO] unpacking took 0 seconds
[2026-02-06 02:23:31,621 capri INFO] Found previous CNS step: 2_flexref
[2026-02-06 02:23:31,857 capri INFO] Saved scoring weights to: weights_params.json
[2026-02-06 02:23:31,857 __init__ INFO] [caprieval] No reference structure provided. Using the structure with the lowest score from previous step
[2026-02-06 02:23:31,866 libutil INFO] Selected 1 cores to process 2 jobs, with 32 maximum available cores.
[2026-02-06 02:23:31,866 libparallel INFO] Using 1 cores
[2026-02-06 02:23:32,222 libparallel INFO] 2 tasks finished
[2026-02-06 02:23:32,223 capri INFO] Rearranging cluster information into capri_clt.tsv
[2026-02-06 02:23:32,224 cli_clean INFO] Compressing '../2_flexref' folder
[2026-02-06 02:23:32,224 clean_steps INFO] Cleaning output for '../2_flexref' using 1 cores.
[2026-02-06 02:23:32,349 libtimer INFO] compressing took 0 seconds
[2026-02-06 02:23:32,349 cli_analyse INFO] CAPRI files identified
[2026-02-06 02:23:32,350 cli_analyse INFO] Plotting results..
[2026-02-06 02:23:32,969 cli_analyse INFO] Summary archive summary.tgz created!
[2026-02-06 02:23:32,969 cli_analyse INFO] Analysing step 3_emref
[2026-02-06 02:23:32,970 cli_unpack INFO] Unpacking '../3_emref' folder
[2026-02-06 02:23:32,970 libtimer INFO] unpacking took 0 seconds
[2026-02-06 02:23:32,983 capri INFO] Found previous CNS step: 3_emref
[2026-02-06 02:23:33,083 capri INFO] Saved scoring weights to: weights_params.json
[2026-02-06 02:23:33,083 __init__ INFO] [caprieval] No reference structure provided. Using the structure with the lowest score from previous step
[2026-02-06 02:23:33,092 libutil INFO] Selected 1 cores to process 2 jobs, with 32 maximum available cores.
[2026-02-06 02:23:33,092 libparallel INFO] Using 1 cores
[2026-02-06 02:23:33,453 libparallel INFO] 2 tasks finished
[2026-02-06 02:23:33,454 capri INFO] Rearranging cluster information into capri_clt.tsv
[2026-02-06 02:23:33,455 cli_clean INFO] Compressing '../3_emref' folder
[2026-02-06 02:23:33,455 clean_steps INFO] Cleaning output for '../3_emref' using 1 cores.
[2026-02-06 02:23:33,578 libtimer INFO] compressing took 0 seconds
[2026-02-06 02:23:33,578 cli_analyse INFO] CAPRI files identified
[2026-02-06 02:23:33,580 cli_analyse INFO] Plotting results..
[2026-02-06 02:23:34,204 cli_analyse INFO] Summary archive summary.tgz created!
[2026-02-06 02:23:34,204 cli_analyse INFO] moving files to analysis folder
[2026-02-06 02:23:34,204 cli_analyse INFO] cancelling unsuccesful analysis folders
[2026-02-06 02:23:34,204 cli_analyse INFO] updating paths in analysis/1_rigidbody_analysis/capri_ss.tsv
[2026-02-06 02:23:34,205 cli_analyse INFO] View the results in analysis/1_rigidbody_analysis/report.html
[2026-02-06 02:23:34,205 cli_analyse INFO] To view structures or download the structure files, in a terminal run the command `python -m http.server --directory /mnt/Data/PopOS/Data_Ana/Wu/clawdPorjects/HADDOCK_test/results/run_8IUZ`. By default, http server runs on `http://0.0.0.0:8000/`. Open the link http://0.0.0.0:8000/analysis/1_rigidbody_analysis/report.html in a web browser.
[2026-02-06 02:23:34,205 cli_analyse INFO] updating paths in analysis/2_flexref_analysis/capri_ss.tsv
[2026-02-06 02:23:34,205 cli_analyse INFO] View the results in analysis/2_flexref_analysis/report.html
[2026-02-06 02:23:34,205 cli_analyse INFO] To view structures or download the structure files, in a terminal run the command `python -m http.server --directory /mnt/Data/PopOS/Data_Ana/Wu/clawdPorjects/HADDOCK_test/results/run_8IUZ`. By default, http server runs on `http://0.0.0.0:8000/`. Open the link http://0.0.0.0:8000/analysis/2_flexref_analysis/report.html in a web browser.
[2026-02-06 02:23:34,205 cli_analyse INFO] updating paths in analysis/3_emref_analysis/capri_ss.tsv
[2026-02-06 02:23:34,205 cli_analyse INFO] View the results in analysis/3_emref_analysis/report.html
[2026-02-06 02:23:34,205 cli_analyse INFO] To view structures or download the structure files, in a terminal run the command `python -m http.server --directory /mnt/Data/PopOS/Data_Ana/Wu/clawdPorjects/HADDOCK_test/results/run_8IUZ`. By default, http server runs on `http://0.0.0.0:8000/`. Open the link http://0.0.0.0:8000/analysis/3_emref_analysis/report.html in a web browser.
[2026-02-06 02:23:34,205 cli_traceback INFO] Running haddock3-traceback on ./
[2026-02-06 02:23:34,205 cli_traceback INFO] Reading input run directory
[2026-02-06 02:23:34,205 cli_traceback INFO] All_steps: 0_topoaa, 1_rigidbody, 2_flexref, 3_emref
[2026-02-06 02:23:34,205 cli_traceback INFO] Modules not to be analysed: 0_topoaa
[2026-02-06 02:23:34,205 cli_traceback INFO] Steps to trace back: 1_rigidbody, 2_flexref, 3_emref
[2026-02-06 02:23:34,206 cli_traceback INFO] Created directory: /mnt/Data/PopOS/Data_Ana/Wu/clawdPorjects/HADDOCK_test/results/run_8IUZ/traceback
[2026-02-06 02:23:34,206 cli_traceback INFO] Tracing back step 3_emref
[2026-02-06 02:23:34,206 cli_traceback INFO] Tracing back step 2_flexref
[2026-02-06 02:23:34,206 cli_traceback INFO] Tracing back step 1_rigidbody
[2026-02-06 02:23:34,209 cli_traceback INFO] Output dataframe traceback/traceback.tsv created with shape (2, 8)
[2026-02-06 02:23:34,235 clean_steps INFO] Cleaning output for '0_topoaa' using 1 cores.
[2026-02-06 02:23:34,344 libtimer INFO] cleaning output files took 0 seconds
[2026-02-06 02:23:34,344 clean_steps INFO] Cleaning output for '1_rigidbody' using 1 cores.
[2026-02-06 02:23:34,349 libtimer INFO] cleaning output files took 0 seconds
[2026-02-06 02:23:34,349 clean_steps INFO] Cleaning output for '2_flexref' using 1 cores.
[2026-02-06 02:23:34,359 libtimer INFO] cleaning output files took 0 seconds
[2026-02-06 02:23:34,359 clean_steps INFO] Cleaning output for '3_emref' using 1 cores.
[2026-02-06 02:23:34,365 libtimer INFO] cleaning output files took 0 seconds
[2026-02-06 02:23:34,365 cli INFO] This HADDOCK3 run took: 2 minutes and 5 seconds
[2026-02-06 02:23:34,365 greetings INFO] Your feedback matters in Haddock3! Share your experience and help us grow:
[2026-02-06 02:23:34,365 greetings INFO] GitHub issues: https://github.com/haddocking/haddock3/issues
[2026-02-06 02:23:34,365 greetings INFO] BioExcel feedback: https://www.bonvinlab.org/feedback
[2026-02-06 02:23:34,365 greetings INFO] BioExcel forum: https://ask.bioexcel.eu/c/haddock/6
[2026-02-06 02:23:34,366 cli INFO] Finished at 06/02/2026 02:23:34. Dovidenia! Adiós! Agur!
