[2026-02-13 12:30:31,826 cli INFO] 
##############################################
#                                            #
#                 HADDOCK3                   #
#                                            #
##############################################

!! Some of the HADDOCK3 components use CNS (Crystallographic and NMR System) which is free of use for non-profit applications. !!
!! For commercial use it is your own responsibility to have a proper license. !!
!! For details refer to the DISCLAIMER file in the HADDOCK3 repository. !!

Starting HADDOCK3 v2024.10.0b7 on 2026-02-13 12:30:00

Python 3.10.12 (main, Feb  4 2025, 14:57:36) [GCC 11.4.0]

[2026-02-13 12:30:35,629 libworkflow INFO] Reading instructions step 0_topoaa
[2026-02-13 12:30:35,629 libworkflow INFO] Reading instructions step 1_rigidbody
[2026-02-13 12:30:35,629 libworkflow INFO] Reading instructions step 2_flexref
[2026-02-13 12:30:35,629 libworkflow INFO] Reading instructions step 3_emref
[2026-02-13 12:30:35,643 base_cns_module INFO] Running [topoaa] module
[2026-02-13 12:30:35,644 __init__ INFO] [topoaa] Molecule 1: receptor_single_Pos_ATAAGGTCAGCATTTA-1_contig_1_1.pdb
[2026-02-13 12:30:35,645 __init__ INFO] [topoaa] Sanitizing molecule receptor_single_Pos_ATAAGGTCAGCATTTA-1_contig_1_1.pdb
[2026-02-13 12:30:35,652 __init__ INFO] [topoaa] Topology CNS input created
[2026-02-13 12:30:35,652 __init__ INFO] [topoaa] Molecule 2: ligand_single_Pos_ATAAGGTCAGCATTTA-1_contig_1_1.pdb
[2026-02-13 12:30:35,653 __init__ INFO] [topoaa] Sanitizing molecule ligand_single_Pos_ATAAGGTCAGCATTTA-1_contig_1_1.pdb
[2026-02-13 12:30:35,659 __init__ INFO] [topoaa] Topology CNS input created
[2026-02-13 12:30:35,659 __init__ INFO] [topoaa] Running CNS Jobs n=2
[2026-02-13 12:30:35,659 libutil INFO] Selected 2 cores to process 2 jobs, with 32 maximum available cores.
[2026-02-13 12:30:35,660 libparallel INFO] Using 2 cores
[2026-02-13 12:30:38,893 libparallel INFO] 2 tasks finished
[2026-02-13 12:30:38,893 __init__ INFO] [topoaa] CNS jobs have finished
[2026-02-13 12:30:38,895 base_cns_module INFO] Module [topoaa] finished.
[2026-02-13 12:30:38,895 __init__ INFO] [topoaa] took 3 seconds
[2026-02-13 12:30:39,238 base_cns_module INFO] Running [rigidbody] module
[2026-02-13 12:30:39,239 __init__ INFO] [rigidbody] crossdock=true
[2026-02-13 12:30:39,239 __init__ INFO] [rigidbody] Preparing jobs...
[2026-02-13 12:30:39,241 libutil INFO] Selected 20 cores to process 20 jobs, with 32 maximum available cores.
[2026-02-13 12:30:39,241 libparallel INFO] Using 20 cores
[2026-02-13 12:30:39,268 libparallel INFO] 20 tasks finished
[2026-02-13 12:30:39,268 __init__ INFO] [rigidbody] Preparation took 0.029543 seconds
[2026-02-13 12:30:39,270 __init__ INFO] [rigidbody] Running CNS Jobs n=20
[2026-02-13 12:30:39,270 libutil INFO] Selected 20 cores to process 20 jobs, with 32 maximum available cores.
[2026-02-13 12:30:39,270 libparallel INFO] Using 20 cores
[2026-02-13 12:30:49,416 libparallel INFO] 20 tasks finished
[2026-02-13 12:30:49,416 __init__ INFO] [rigidbody] CNS jobs have finished
[2026-02-13 12:30:49,441 base_cns_module INFO] Module [rigidbody] finished.
[2026-02-13 12:30:49,442 __init__ INFO] [rigidbody] took 10 seconds
[2026-02-13 12:30:49,827 base_cns_module INFO] Running [flexref] module
[2026-02-13 12:30:49,887 __init__ INFO] [flexref] Running CNS Jobs n=20
[2026-02-13 12:30:49,887 libutil INFO] Selected 20 cores to process 20 jobs, with 32 maximum available cores.
[2026-02-13 12:30:49,887 libparallel INFO] Using 20 cores
[2026-02-13 12:32:26,589 libparallel INFO] 20 tasks finished
[2026-02-13 12:32:26,590 __init__ INFO] [flexref] CNS jobs have finished
[2026-02-13 12:32:26,623 base_cns_module INFO] Module [flexref] finished.
[2026-02-13 12:32:26,623 __init__ INFO] [flexref] took 1 minute and 37 seconds
[2026-02-13 12:32:26,974 base_cns_module INFO] Running [emref] module
[2026-02-13 12:32:27,031 __init__ INFO] [emref] Running CNS Jobs n=20
[2026-02-13 12:32:27,031 libutil INFO] Selected 20 cores to process 20 jobs, with 32 maximum available cores.
[2026-02-13 12:32:27,031 libparallel INFO] Using 20 cores
[2026-02-13 12:32:34,501 libparallel INFO] 20 tasks finished
[2026-02-13 12:32:34,501 __init__ INFO] [emref] CNS jobs have finished
[2026-02-13 12:32:34,529 base_cns_module INFO] Module [emref] finished.
[2026-02-13 12:32:34,529 __init__ INFO] [emref] took 8 seconds
[2026-02-13 12:32:34,529 cli_analyse INFO] Running haddock3-analyse on ./, modules [], with top_cluster = 10
[2026-02-13 12:32:34,536 cli_analyse INFO] Created directory: /mnt/Data/PopOS/Data_Ana/Wu/clawdPorjects/HADDOCK_test/results/run_Pos_ATAAGGTCAGCATTTA-1_contig_1_1/analysis
[2026-02-13 12:32:34,536 cli_analyse INFO] Reading input run directory
[2026-02-13 12:32:34,536 cli_analyse INFO] selected steps: 0_topoaa, 1_rigidbody, 2_flexref, 3_emref
[2026-02-13 12:32:34,536 cli_analyse INFO] Analysing step 0_topoaa
[2026-02-13 12:32:34,536 cli_analyse WARNING] Could not execute the analysis for step 0_topoaa. The following error occurred 'dict' object has no attribute 'rel_path'
[2026-02-13 12:32:34,536 cli_analyse INFO] Analysing step 1_rigidbody
[2026-02-13 12:32:34,537 cli_unpack INFO] Unpacking '../1_rigidbody' folder
[2026-02-13 12:32:34,538 libtimer INFO] unpacking took 0 seconds
[2026-02-13 12:32:34,551 capri INFO] Found previous CNS step: 1_rigidbody
[2026-02-13 12:32:34,659 capri INFO] Saved scoring weights to: weights_params.json
[2026-02-13 12:32:34,659 __init__ INFO] [caprieval] No reference structure provided. Using the structure with the lowest score from previous step
[2026-02-13 12:32:34,744 libutil INFO] Selected 20 cores to process 20 jobs, with 32 maximum available cores.
[2026-02-13 12:32:34,744 libparallel INFO] Using 20 cores
[2026-02-13 12:32:35,168 libparallel INFO] 20 tasks finished
[2026-02-13 12:32:35,169 capri INFO] Rearranging cluster information into capri_clt.tsv
[2026-02-13 12:32:35,175 cli_clean INFO] Compressing '../1_rigidbody' folder
[2026-02-13 12:32:35,175 clean_steps INFO] Cleaning output for '../1_rigidbody' using 20 cores.
[2026-02-13 12:32:35,306 libtimer INFO] compressing took 0 seconds
[2026-02-13 12:32:35,306 cli_analyse INFO] CAPRI files identified
[2026-02-13 12:32:35,308 cli_analyse INFO] Plotting results..
[2026-02-13 12:32:36,510 cli_analyse INFO] Summary archive summary.tgz created!
[2026-02-13 12:32:36,510 cli_analyse INFO] Analysing step 2_flexref
[2026-02-13 12:32:36,512 cli_unpack INFO] Unpacking '../2_flexref' folder
[2026-02-13 12:32:36,512 libtimer INFO] unpacking took 0 seconds
[2026-02-13 12:32:36,525 capri INFO] Found previous CNS step: 2_flexref
[2026-02-13 12:32:36,763 capri INFO] Saved scoring weights to: weights_params.json
[2026-02-13 12:32:36,763 __init__ INFO] [caprieval] No reference structure provided. Using the structure with the lowest score from previous step
[2026-02-13 12:32:36,848 libutil INFO] Selected 20 cores to process 20 jobs, with 32 maximum available cores.
[2026-02-13 12:32:36,849 libparallel INFO] Using 20 cores
[2026-02-13 12:32:37,247 libparallel INFO] 20 tasks finished
[2026-02-13 12:32:37,249 capri INFO] Rearranging cluster information into capri_clt.tsv
[2026-02-13 12:32:37,257 cli_clean INFO] Compressing '../2_flexref' folder
[2026-02-13 12:32:37,257 clean_steps INFO] Cleaning output for '../2_flexref' using 20 cores.
[2026-02-13 12:32:37,381 libtimer INFO] compressing took 0 seconds
[2026-02-13 12:32:37,381 cli_analyse INFO] CAPRI files identified
[2026-02-13 12:32:37,384 cli_analyse INFO] Plotting results..
[2026-02-13 12:32:38,491 cli_analyse INFO] Summary archive summary.tgz created!
[2026-02-13 12:32:38,492 cli_analyse INFO] Analysing step 3_emref
[2026-02-13 12:32:38,494 cli_unpack INFO] Unpacking '../3_emref' folder
[2026-02-13 12:32:38,494 libtimer INFO] unpacking took 0 seconds
[2026-02-13 12:32:38,508 capri INFO] Found previous CNS step: 3_emref
[2026-02-13 12:32:38,609 capri INFO] Saved scoring weights to: weights_params.json
[2026-02-13 12:32:38,609 __init__ INFO] [caprieval] No reference structure provided. Using the structure with the lowest score from previous step
[2026-02-13 12:32:38,694 libutil INFO] Selected 20 cores to process 20 jobs, with 32 maximum available cores.
[2026-02-13 12:32:38,694 libparallel INFO] Using 20 cores
[2026-02-13 12:32:39,103 libparallel INFO] 20 tasks finished
[2026-02-13 12:32:39,103 capri INFO] Rearranging cluster information into capri_clt.tsv
[2026-02-13 12:32:39,108 cli_clean INFO] Compressing '../3_emref' folder
[2026-02-13 12:32:39,108 clean_steps INFO] Cleaning output for '../3_emref' using 20 cores.
[2026-02-13 12:32:39,231 libtimer INFO] compressing took 0 seconds
[2026-02-13 12:32:39,231 cli_analyse INFO] CAPRI files identified
[2026-02-13 12:32:39,233 cli_analyse INFO] Plotting results..
[2026-02-13 12:32:40,351 cli_analyse INFO] Summary archive summary.tgz created!
[2026-02-13 12:32:40,351 cli_analyse INFO] moving files to analysis folder
[2026-02-13 12:32:40,351 cli_analyse INFO] cancelling unsuccesful analysis folders
[2026-02-13 12:32:40,351 cli_analyse INFO] updating paths in analysis/1_rigidbody_analysis/capri_ss.tsv
[2026-02-13 12:32:40,352 cli_analyse INFO] View the results in analysis/1_rigidbody_analysis/report.html
[2026-02-13 12:32:40,352 cli_analyse INFO] To view structures or download the structure files, in a terminal run the command `python -m http.server --directory /mnt/Data/PopOS/Data_Ana/Wu/clawdPorjects/HADDOCK_test/results/run_Pos_ATAAGGTCAGCATTTA-1_contig_1_1`. By default, http server runs on `http://0.0.0.0:8000/`. Open the link http://0.0.0.0:8000/analysis/1_rigidbody_analysis/report.html in a web browser.
[2026-02-13 12:32:40,352 cli_analyse INFO] updating paths in analysis/2_flexref_analysis/capri_ss.tsv
[2026-02-13 12:32:40,352 cli_analyse INFO] View the results in analysis/2_flexref_analysis/report.html
[2026-02-13 12:32:40,352 cli_analyse INFO] To view structures or download the structure files, in a terminal run the command `python -m http.server --directory /mnt/Data/PopOS/Data_Ana/Wu/clawdPorjects/HADDOCK_test/results/run_Pos_ATAAGGTCAGCATTTA-1_contig_1_1`. By default, http server runs on `http://0.0.0.0:8000/`. Open the link http://0.0.0.0:8000/analysis/2_flexref_analysis/report.html in a web browser.
[2026-02-13 12:32:40,352 cli_analyse INFO] updating paths in analysis/3_emref_analysis/capri_ss.tsv
[2026-02-13 12:32:40,352 cli_analyse INFO] View the results in analysis/3_emref_analysis/report.html
[2026-02-13 12:32:40,352 cli_analyse INFO] To view structures or download the structure files, in a terminal run the command `python -m http.server --directory /mnt/Data/PopOS/Data_Ana/Wu/clawdPorjects/HADDOCK_test/results/run_Pos_ATAAGGTCAGCATTTA-1_contig_1_1`. By default, http server runs on `http://0.0.0.0:8000/`. Open the link http://0.0.0.0:8000/analysis/3_emref_analysis/report.html in a web browser.
[2026-02-13 12:32:40,352 cli_traceback INFO] Running haddock3-traceback on ./
[2026-02-13 12:32:40,352 cli_traceback INFO] Reading input run directory
[2026-02-13 12:32:40,352 cli_traceback INFO] All_steps: 0_topoaa, 1_rigidbody, 2_flexref, 3_emref
[2026-02-13 12:32:40,353 cli_traceback INFO] Modules not to be analysed: 0_topoaa
[2026-02-13 12:32:40,353 cli_traceback INFO] Steps to trace back: 1_rigidbody, 2_flexref, 3_emref
[2026-02-13 12:32:40,353 cli_traceback INFO] Created directory: /mnt/Data/PopOS/Data_Ana/Wu/clawdPorjects/HADDOCK_test/results/run_Pos_ATAAGGTCAGCATTTA-1_contig_1_1/traceback
[2026-02-13 12:32:40,353 cli_traceback INFO] Tracing back step 3_emref
[2026-02-13 12:32:40,355 cli_traceback INFO] Tracing back step 2_flexref
[2026-02-13 12:32:40,357 cli_traceback INFO] Tracing back step 1_rigidbody
[2026-02-13 12:32:40,361 cli_traceback INFO] Output dataframe traceback/traceback.tsv created with shape (20, 8)
[2026-02-13 12:32:40,388 clean_steps INFO] Cleaning output for '0_topoaa' using 20 cores.
[2026-02-13 12:32:40,528 libtimer INFO] cleaning output files took 0 seconds
[2026-02-13 12:32:40,528 clean_steps INFO] Cleaning output for '1_rigidbody' using 20 cores.
[2026-02-13 12:32:40,536 libtimer INFO] cleaning output files took 0 seconds
[2026-02-13 12:32:40,536 clean_steps INFO] Cleaning output for '2_flexref' using 20 cores.
[2026-02-13 12:32:40,553 libtimer INFO] cleaning output files took 0 seconds
[2026-02-13 12:32:40,554 clean_steps INFO] Cleaning output for '3_emref' using 20 cores.
[2026-02-13 12:32:40,577 libtimer INFO] cleaning output files took 0 seconds
[2026-02-13 12:32:40,578 cli INFO] This HADDOCK3 run took: 2 minutes and 9 seconds
[2026-02-13 12:32:40,578 greetings INFO] Your feedback matters in Haddock3! Share your experience and help us grow:
[2026-02-13 12:32:40,578 greetings INFO] GitHub issues: https://github.com/haddocking/haddock3/issues
[2026-02-13 12:32:40,578 greetings INFO] BioExcel feedback: https://www.bonvinlab.org/feedback
[2026-02-13 12:32:40,578 greetings INFO] BioExcel forum: https://ask.bioexcel.eu/c/haddock/6
[2026-02-13 12:32:40,579 cli INFO] Finished at 13/02/2026 12:32:40. Tchau! Até logo! Agur!
