[2026-02-06 05:01:06,806 cli INFO] 
##############################################
#                                            #
#                 HADDOCK3                   #
#                                            #
##############################################

!! Some of the HADDOCK3 components use CNS (Crystallographic and NMR System) which is free of use for non-profit applications. !!
!! For commercial use it is your own responsibility to have a proper license. !!
!! For details refer to the DISCLAIMER file in the HADDOCK3 repository. !!

Starting HADDOCK3 v2024.10.0b7 on 2026-02-06 05:01:00

Python 3.10.12 (main, Feb  4 2025, 14:57:36) [GCC 11.4.0]

[2026-02-06 05:01:10,475 libworkflow INFO] Reading instructions step 0_topoaa
[2026-02-06 05:01:10,475 libworkflow INFO] Reading instructions step 1_rigidbody
[2026-02-06 05:01:10,475 libworkflow INFO] Reading instructions step 2_flexref
[2026-02-06 05:01:10,476 libworkflow INFO] Reading instructions step 3_emref
[2026-02-06 05:01:10,489 base_cns_module INFO] Running [topoaa] module
[2026-02-06 05:01:10,489 __init__ INFO] [topoaa] Molecule 1: receptor_single_refold_15-1_Epi.pdb
[2026-02-06 05:01:10,493 __init__ INFO] [topoaa] Sanitizing molecule receptor_single_refold_15-1_Epi.pdb
[2026-02-06 05:01:10,512 __init__ INFO] [topoaa] Topology CNS input created
[2026-02-06 05:01:10,512 __init__ INFO] [topoaa] Molecule 2: ligand_single_refold_15-1_Epi.pdb
[2026-02-06 05:01:10,512 __init__ INFO] [topoaa] Sanitizing molecule ligand_single_refold_15-1_Epi.pdb
[2026-02-06 05:01:10,515 __init__ INFO] [topoaa] Topology CNS input created
[2026-02-06 05:01:10,515 __init__ INFO] [topoaa] Running CNS Jobs n=2
[2026-02-06 05:01:10,515 libutil INFO] Selected 2 cores to process 2 jobs, with 32 maximum available cores.
[2026-02-06 05:01:10,516 libparallel INFO] Using 2 cores
[2026-02-06 05:01:28,759 libparallel INFO] 2 tasks finished
[2026-02-06 05:01:28,759 __init__ INFO] [topoaa] CNS jobs have finished
[2026-02-06 05:01:28,761 base_cns_module INFO] Module [topoaa] finished.
[2026-02-06 05:01:28,761 __init__ INFO] [topoaa] took 18 seconds
[2026-02-06 05:01:29,096 base_cns_module INFO] Running [rigidbody] module
[2026-02-06 05:01:29,096 __init__ INFO] [rigidbody] crossdock=true
[2026-02-06 05:01:29,096 __init__ INFO] [rigidbody] Preparing jobs...
[2026-02-06 05:01:29,101 libutil INFO] Selected 20 cores to process 20 jobs, with 32 maximum available cores.
[2026-02-06 05:01:29,101 libparallel INFO] Using 20 cores
[2026-02-06 05:01:29,133 libparallel INFO] 20 tasks finished
[2026-02-06 05:01:29,134 __init__ INFO] [rigidbody] Preparation took 0.037263 seconds
[2026-02-06 05:01:29,135 __init__ INFO] [rigidbody] Running CNS Jobs n=20
[2026-02-06 05:01:29,135 libutil INFO] Selected 20 cores to process 20 jobs, with 32 maximum available cores.
[2026-02-06 05:01:29,136 libparallel INFO] Using 20 cores
[2026-02-06 05:02:00,400 libparallel INFO] 20 tasks finished
[2026-02-06 05:02:00,400 __init__ INFO] [rigidbody] CNS jobs have finished
[2026-02-06 05:02:00,453 base_cns_module INFO] Module [rigidbody] finished.
[2026-02-06 05:02:00,453 __init__ INFO] [rigidbody] took 31 seconds
[2026-02-06 05:02:00,828 base_cns_module INFO] Running [flexref] module
[2026-02-06 05:02:00,943 __init__ INFO] [flexref] Running CNS Jobs n=20
[2026-02-06 05:02:00,943 libutil INFO] Selected 20 cores to process 20 jobs, with 32 maximum available cores.
[2026-02-06 05:02:00,943 libparallel INFO] Using 20 cores
[2026-02-06 05:06:15,308 libparallel INFO] 20 tasks finished
[2026-02-06 05:06:15,309 __init__ INFO] [flexref] CNS jobs have finished
[2026-02-06 05:06:15,363 base_cns_module INFO] Module [flexref] finished.
[2026-02-06 05:06:15,363 __init__ INFO] [flexref] took 4 minutes and 15 seconds
[2026-02-06 05:06:15,699 base_cns_module INFO] Running [emref] module
[2026-02-06 05:06:15,815 __init__ INFO] [emref] Running CNS Jobs n=20
[2026-02-06 05:06:15,815 libutil INFO] Selected 20 cores to process 20 jobs, with 32 maximum available cores.
[2026-02-06 05:06:15,816 libparallel INFO] Using 20 cores
[2026-02-06 05:06:33,589 libparallel INFO] 20 tasks finished
[2026-02-06 05:06:33,590 __init__ INFO] [emref] CNS jobs have finished
[2026-02-06 05:06:33,656 base_cns_module INFO] Module [emref] finished.
[2026-02-06 05:06:33,656 __init__ INFO] [emref] took 18 seconds
[2026-02-06 05:06:33,656 cli_analyse INFO] Running haddock3-analyse on ./, modules [], with top_cluster = 10
[2026-02-06 05:06:33,665 cli_analyse INFO] Created directory: /mnt/Data/PopOS/Data_Ana/Wu/clawdPorjects/HADDOCK_test/results/run_refold_15-1_Epi/analysis
[2026-02-06 05:06:33,665 cli_analyse INFO] Reading input run directory
[2026-02-06 05:06:33,665 cli_analyse INFO] selected steps: 0_topoaa, 1_rigidbody, 2_flexref, 3_emref
[2026-02-06 05:06:33,665 cli_analyse INFO] Analysing step 0_topoaa
[2026-02-06 05:06:33,665 cli_analyse WARNING] Could not execute the analysis for step 0_topoaa. The following error occurred 'dict' object has no attribute 'rel_path'
[2026-02-06 05:06:33,665 cli_analyse INFO] Analysing step 1_rigidbody
[2026-02-06 05:06:33,666 cli_unpack INFO] Unpacking '../1_rigidbody' folder
[2026-02-06 05:06:33,667 libtimer INFO] unpacking took 0 seconds
[2026-02-06 05:06:33,680 capri INFO] Found previous CNS step: 1_rigidbody
[2026-02-06 05:06:33,789 capri INFO] Saved scoring weights to: weights_params.json
[2026-02-06 05:06:33,789 __init__ INFO] [caprieval] No reference structure provided. Using the structure with the lowest score from previous step
[2026-02-06 05:06:33,980 libutil INFO] Selected 20 cores to process 20 jobs, with 32 maximum available cores.
[2026-02-06 05:06:33,981 libparallel INFO] Using 20 cores
[2026-02-06 05:06:34,960 libparallel INFO] 20 tasks finished
[2026-02-06 05:06:34,961 capri INFO] Rearranging cluster information into capri_clt.tsv
[2026-02-06 05:06:34,968 cli_clean INFO] Compressing '../1_rigidbody' folder
[2026-02-06 05:06:34,968 clean_steps INFO] Cleaning output for '../1_rigidbody' using 20 cores.
[2026-02-06 05:06:35,224 libtimer INFO] compressing took 0 seconds
[2026-02-06 05:06:35,224 cli_analyse INFO] CAPRI files identified
[2026-02-06 05:06:35,226 cli_analyse INFO] Plotting results..
[2026-02-06 05:06:37,132 cli_analyse INFO] Summary archive summary.tgz created!
[2026-02-06 05:06:37,132 cli_analyse INFO] Analysing step 2_flexref
[2026-02-06 05:06:37,135 cli_unpack INFO] Unpacking '../2_flexref' folder
[2026-02-06 05:06:37,135 libtimer INFO] unpacking took 0 seconds
[2026-02-06 05:06:37,148 capri INFO] Found previous CNS step: 2_flexref
[2026-02-06 05:06:37,387 capri INFO] Saved scoring weights to: weights_params.json
[2026-02-06 05:06:37,387 __init__ INFO] [caprieval] No reference structure provided. Using the structure with the lowest score from previous step
[2026-02-06 05:06:37,589 libutil INFO] Selected 20 cores to process 20 jobs, with 32 maximum available cores.
[2026-02-06 05:06:37,589 libparallel INFO] Using 20 cores
[2026-02-06 05:06:38,507 libparallel INFO] 20 tasks finished
[2026-02-06 05:06:38,507 capri INFO] Rearranging cluster information into capri_clt.tsv
[2026-02-06 05:06:38,511 cli_clean INFO] Compressing '../2_flexref' folder
[2026-02-06 05:06:38,512 clean_steps INFO] Cleaning output for '../2_flexref' using 20 cores.
[2026-02-06 05:06:38,736 libtimer INFO] compressing took 0 seconds
[2026-02-06 05:06:38,736 cli_analyse INFO] CAPRI files identified
[2026-02-06 05:06:38,738 cli_analyse INFO] Plotting results..
[2026-02-06 05:06:40,592 cli_analyse INFO] Summary archive summary.tgz created!
[2026-02-06 05:06:40,592 cli_analyse INFO] Analysing step 3_emref
[2026-02-06 05:06:40,594 cli_unpack INFO] Unpacking '../3_emref' folder
[2026-02-06 05:06:40,595 libtimer INFO] unpacking took 0 seconds
[2026-02-06 05:06:40,608 capri INFO] Found previous CNS step: 3_emref
[2026-02-06 05:06:40,710 capri INFO] Saved scoring weights to: weights_params.json
[2026-02-06 05:06:40,710 __init__ INFO] [caprieval] No reference structure provided. Using the structure with the lowest score from previous step
[2026-02-06 05:06:40,903 libutil INFO] Selected 20 cores to process 20 jobs, with 32 maximum available cores.
[2026-02-06 05:06:40,903 libparallel INFO] Using 20 cores
[2026-02-06 05:06:41,847 libparallel INFO] 20 tasks finished
[2026-02-06 05:06:41,848 capri INFO] Rearranging cluster information into capri_clt.tsv
[2026-02-06 05:06:41,853 cli_clean INFO] Compressing '../3_emref' folder
[2026-02-06 05:06:41,853 clean_steps INFO] Cleaning output for '../3_emref' using 20 cores.
[2026-02-06 05:06:42,083 libtimer INFO] compressing took 0 seconds
[2026-02-06 05:06:42,084 cli_analyse INFO] CAPRI files identified
[2026-02-06 05:06:42,085 cli_analyse INFO] Plotting results..
[2026-02-06 05:06:44,010 cli_analyse INFO] Summary archive summary.tgz created!
[2026-02-06 05:06:44,010 cli_analyse INFO] moving files to analysis folder
[2026-02-06 05:06:44,011 cli_analyse INFO] cancelling unsuccesful analysis folders
[2026-02-06 05:06:44,011 cli_analyse INFO] updating paths in analysis/1_rigidbody_analysis/capri_ss.tsv
[2026-02-06 05:06:44,011 cli_analyse INFO] View the results in analysis/1_rigidbody_analysis/report.html
[2026-02-06 05:06:44,011 cli_analyse INFO] To view structures or download the structure files, in a terminal run the command `python -m http.server --directory /mnt/Data/PopOS/Data_Ana/Wu/clawdPorjects/HADDOCK_test/results/run_refold_15-1_Epi`. By default, http server runs on `http://0.0.0.0:8000/`. Open the link http://0.0.0.0:8000/analysis/1_rigidbody_analysis/report.html in a web browser.
[2026-02-06 05:06:44,011 cli_analyse INFO] updating paths in analysis/2_flexref_analysis/capri_ss.tsv
[2026-02-06 05:06:44,011 cli_analyse INFO] View the results in analysis/2_flexref_analysis/report.html
[2026-02-06 05:06:44,011 cli_analyse INFO] To view structures or download the structure files, in a terminal run the command `python -m http.server --directory /mnt/Data/PopOS/Data_Ana/Wu/clawdPorjects/HADDOCK_test/results/run_refold_15-1_Epi`. By default, http server runs on `http://0.0.0.0:8000/`. Open the link http://0.0.0.0:8000/analysis/2_flexref_analysis/report.html in a web browser.
[2026-02-06 05:06:44,011 cli_analyse INFO] updating paths in analysis/3_emref_analysis/capri_ss.tsv
[2026-02-06 05:06:44,011 cli_analyse INFO] View the results in analysis/3_emref_analysis/report.html
[2026-02-06 05:06:44,011 cli_analyse INFO] To view structures or download the structure files, in a terminal run the command `python -m http.server --directory /mnt/Data/PopOS/Data_Ana/Wu/clawdPorjects/HADDOCK_test/results/run_refold_15-1_Epi`. By default, http server runs on `http://0.0.0.0:8000/`. Open the link http://0.0.0.0:8000/analysis/3_emref_analysis/report.html in a web browser.
[2026-02-06 05:06:44,011 cli_traceback INFO] Running haddock3-traceback on ./
[2026-02-06 05:06:44,012 cli_traceback INFO] Reading input run directory
[2026-02-06 05:06:44,012 cli_traceback INFO] All_steps: 0_topoaa, 1_rigidbody, 2_flexref, 3_emref
[2026-02-06 05:06:44,012 cli_traceback INFO] Modules not to be analysed: 0_topoaa
[2026-02-06 05:06:44,012 cli_traceback INFO] Steps to trace back: 1_rigidbody, 2_flexref, 3_emref
[2026-02-06 05:06:44,012 cli_traceback INFO] Created directory: /mnt/Data/PopOS/Data_Ana/Wu/clawdPorjects/HADDOCK_test/results/run_refold_15-1_Epi/traceback
[2026-02-06 05:06:44,012 cli_traceback INFO] Tracing back step 3_emref
[2026-02-06 05:06:44,014 cli_traceback INFO] Tracing back step 2_flexref
[2026-02-06 05:06:44,017 cli_traceback INFO] Tracing back step 1_rigidbody
[2026-02-06 05:06:44,021 cli_traceback INFO] Output dataframe traceback/traceback.tsv created with shape (20, 8)
[2026-02-06 05:06:44,048 clean_steps INFO] Cleaning output for '0_topoaa' using 20 cores.
[2026-02-06 05:06:44,351 libtimer INFO] cleaning output files took 0 seconds
[2026-02-06 05:06:44,352 clean_steps INFO] Cleaning output for '1_rigidbody' using 20 cores.
[2026-02-06 05:06:44,360 libtimer INFO] cleaning output files took 0 seconds
[2026-02-06 05:06:44,360 clean_steps INFO] Cleaning output for '2_flexref' using 20 cores.
[2026-02-06 05:06:44,369 libtimer INFO] cleaning output files took 0 seconds
[2026-02-06 05:06:44,369 clean_steps INFO] Cleaning output for '3_emref' using 20 cores.
[2026-02-06 05:06:44,378 libtimer INFO] cleaning output files took 0 seconds
[2026-02-06 05:06:44,378 cli INFO] This HADDOCK3 run took: 5 minutes and 38 seconds
[2026-02-06 05:06:44,378 greetings INFO] Your feedback matters in Haddock3! Share your experience and help us grow:
[2026-02-06 05:06:44,378 greetings INFO] GitHub issues: https://github.com/haddocking/haddock3/issues
[2026-02-06 05:06:44,378 greetings INFO] BioExcel feedback: https://www.bonvinlab.org/feedback
[2026-02-06 05:06:44,378 greetings INFO] BioExcel forum: https://ask.bioexcel.eu/c/haddock/6
[2026-02-06 05:06:44,378 cli INFO] Finished at 06/02/2026 05:06:44. La revedere! Adéu-siau! Do pobachennya!
