[2026-02-13 11:39:38,746 cli INFO] 
##############################################
#                                            #
#                 HADDOCK3                   #
#                                            #
##############################################

!! Some of the HADDOCK3 components use CNS (Crystallographic and NMR System) which is free of use for non-profit applications. !!
!! For commercial use it is your own responsibility to have a proper license. !!
!! For details refer to the DISCLAIMER file in the HADDOCK3 repository. !!

Starting HADDOCK3 v2024.10.0b7 on 2026-02-13 11:39:00

Python 3.10.12 (main, Feb  4 2025, 14:57:36) [GCC 11.4.0]

[2026-02-13 11:39:42,558 libworkflow INFO] Reading instructions step 0_topoaa
[2026-02-13 11:39:42,558 libworkflow INFO] Reading instructions step 1_rigidbody
[2026-02-13 11:39:42,558 libworkflow INFO] Reading instructions step 2_flexref
[2026-02-13 11:39:42,559 libworkflow INFO] Reading instructions step 3_emref
[2026-02-13 11:39:42,573 base_cns_module INFO] Running [topoaa] module
[2026-02-13 11:39:42,573 __init__ INFO] [topoaa] Molecule 1: receptor_single_Neg_CTCAGGTAGGCACGAA-1_contig_2_2.pdb
[2026-02-13 11:39:42,575 __init__ INFO] [topoaa] Sanitizing molecule receptor_single_Neg_CTCAGGTAGGCACGAA-1_contig_2_2.pdb
[2026-02-13 11:39:42,581 __init__ INFO] [topoaa] Topology CNS input created
[2026-02-13 11:39:42,582 __init__ INFO] [topoaa] Molecule 2: ligand_single_Neg_CTCAGGTAGGCACGAA-1_contig_2_2.pdb
[2026-02-13 11:39:42,583 __init__ INFO] [topoaa] Sanitizing molecule ligand_single_Neg_CTCAGGTAGGCACGAA-1_contig_2_2.pdb
[2026-02-13 11:39:42,589 __init__ INFO] [topoaa] Topology CNS input created
[2026-02-13 11:39:42,589 __init__ INFO] [topoaa] Running CNS Jobs n=2
[2026-02-13 11:39:42,589 libutil INFO] Selected 2 cores to process 2 jobs, with 32 maximum available cores.
[2026-02-13 11:39:42,590 libparallel INFO] Using 2 cores
[2026-02-13 11:39:45,833 libparallel INFO] 2 tasks finished
[2026-02-13 11:39:45,834 __init__ INFO] [topoaa] CNS jobs have finished
[2026-02-13 11:39:45,835 base_cns_module INFO] Module [topoaa] finished.
[2026-02-13 11:39:45,836 __init__ INFO] [topoaa] took 3 seconds
[2026-02-13 11:39:46,186 base_cns_module INFO] Running [rigidbody] module
[2026-02-13 11:39:46,187 __init__ INFO] [rigidbody] crossdock=true
[2026-02-13 11:39:46,187 __init__ INFO] [rigidbody] Preparing jobs...
[2026-02-13 11:39:46,189 libutil INFO] Selected 20 cores to process 20 jobs, with 32 maximum available cores.
[2026-02-13 11:39:46,189 libparallel INFO] Using 20 cores
[2026-02-13 11:39:46,218 libparallel INFO] 20 tasks finished
[2026-02-13 11:39:46,218 __init__ INFO] [rigidbody] Preparation took 0.031148 seconds
[2026-02-13 11:39:46,219 __init__ INFO] [rigidbody] Running CNS Jobs n=20
[2026-02-13 11:39:46,220 libutil INFO] Selected 20 cores to process 20 jobs, with 32 maximum available cores.
[2026-02-13 11:39:46,220 libparallel INFO] Using 20 cores
[2026-02-13 11:39:56,932 libparallel INFO] 20 tasks finished
[2026-02-13 11:39:56,933 __init__ INFO] [rigidbody] CNS jobs have finished
[2026-02-13 11:39:56,960 base_cns_module INFO] Module [rigidbody] finished.
[2026-02-13 11:39:56,960 __init__ INFO] [rigidbody] took 11 seconds
[2026-02-13 11:39:57,351 base_cns_module INFO] Running [flexref] module
[2026-02-13 11:39:57,411 __init__ INFO] [flexref] Running CNS Jobs n=20
[2026-02-13 11:39:57,411 libutil INFO] Selected 20 cores to process 20 jobs, with 32 maximum available cores.
[2026-02-13 11:39:57,411 libparallel INFO] Using 20 cores
[2026-02-13 11:41:30,026 libparallel INFO] 20 tasks finished
[2026-02-13 11:41:30,026 __init__ INFO] [flexref] CNS jobs have finished
[2026-02-13 11:41:30,058 base_cns_module INFO] Module [flexref] finished.
[2026-02-13 11:41:30,059 __init__ INFO] [flexref] took 1 minute and 33 seconds
[2026-02-13 11:41:30,406 base_cns_module INFO] Running [emref] module
[2026-02-13 11:41:30,463 __init__ INFO] [emref] Running CNS Jobs n=20
[2026-02-13 11:41:30,463 libutil INFO] Selected 20 cores to process 20 jobs, with 32 maximum available cores.
[2026-02-13 11:41:30,463 libparallel INFO] Using 20 cores
[2026-02-13 11:41:37,998 libparallel INFO] 20 tasks finished
[2026-02-13 11:41:37,998 __init__ INFO] [emref] CNS jobs have finished
[2026-02-13 11:41:38,059 base_cns_module INFO] Module [emref] finished.
[2026-02-13 11:41:38,059 __init__ INFO] [emref] took 8 seconds
[2026-02-13 11:41:38,059 cli_analyse INFO] Running haddock3-analyse on ./, modules [], with top_cluster = 10
[2026-02-13 11:41:38,066 cli_analyse INFO] Created directory: /mnt/Data/PopOS/Data_Ana/Wu/clawdPorjects/HADDOCK_test/results/run_Neg_CTCAGGTAGGCACGAA-1_contig_2_2/analysis
[2026-02-13 11:41:38,066 cli_analyse INFO] Reading input run directory
[2026-02-13 11:41:38,066 cli_analyse INFO] selected steps: 0_topoaa, 1_rigidbody, 2_flexref, 3_emref
[2026-02-13 11:41:38,066 cli_analyse INFO] Analysing step 0_topoaa
[2026-02-13 11:41:38,067 cli_analyse WARNING] Could not execute the analysis for step 0_topoaa. The following error occurred 'dict' object has no attribute 'rel_path'
[2026-02-13 11:41:38,067 cli_analyse INFO] Analysing step 1_rigidbody
[2026-02-13 11:41:38,068 cli_unpack INFO] Unpacking '../1_rigidbody' folder
[2026-02-13 11:41:38,069 libtimer INFO] unpacking took 0 seconds
[2026-02-13 11:41:38,082 capri INFO] Found previous CNS step: 1_rigidbody
[2026-02-13 11:41:38,190 capri INFO] Saved scoring weights to: weights_params.json
[2026-02-13 11:41:38,190 __init__ INFO] [caprieval] No reference structure provided. Using the structure with the lowest score from previous step
[2026-02-13 11:41:38,279 libutil INFO] Selected 20 cores to process 20 jobs, with 32 maximum available cores.
[2026-02-13 11:41:38,280 libparallel INFO] Using 20 cores
[2026-02-13 11:41:38,728 libparallel INFO] 20 tasks finished
[2026-02-13 11:41:38,729 capri INFO] Rearranging cluster information into capri_clt.tsv
[2026-02-13 11:41:38,733 cli_clean INFO] Compressing '../1_rigidbody' folder
[2026-02-13 11:41:38,733 clean_steps INFO] Cleaning output for '../1_rigidbody' using 20 cores.
[2026-02-13 11:41:38,853 libtimer INFO] compressing took 0 seconds
[2026-02-13 11:41:38,853 cli_analyse INFO] CAPRI files identified
[2026-02-13 11:41:38,855 cli_analyse INFO] Plotting results..
[2026-02-13 11:41:40,082 cli_analyse INFO] Summary archive summary.tgz created!
[2026-02-13 11:41:40,082 cli_analyse INFO] Analysing step 2_flexref
[2026-02-13 11:41:40,084 cli_unpack INFO] Unpacking '../2_flexref' folder
[2026-02-13 11:41:40,084 libtimer INFO] unpacking took 0 seconds
[2026-02-13 11:41:40,098 capri INFO] Found previous CNS step: 2_flexref
[2026-02-13 11:41:40,335 capri INFO] Saved scoring weights to: weights_params.json
[2026-02-13 11:41:40,335 __init__ INFO] [caprieval] No reference structure provided. Using the structure with the lowest score from previous step
[2026-02-13 11:41:40,423 libutil INFO] Selected 20 cores to process 20 jobs, with 32 maximum available cores.
[2026-02-13 11:41:40,423 libparallel INFO] Using 20 cores
[2026-02-13 11:41:40,844 libparallel INFO] 20 tasks finished
[2026-02-13 11:41:40,845 capri INFO] Rearranging cluster information into capri_clt.tsv
[2026-02-13 11:41:40,850 cli_clean INFO] Compressing '../2_flexref' folder
[2026-02-13 11:41:40,850 clean_steps INFO] Cleaning output for '../2_flexref' using 20 cores.
[2026-02-13 11:41:40,978 libtimer INFO] compressing took 0 seconds
[2026-02-13 11:41:40,979 cli_analyse INFO] CAPRI files identified
[2026-02-13 11:41:40,981 cli_analyse INFO] Plotting results..
[2026-02-13 11:41:42,096 cli_analyse INFO] Summary archive summary.tgz created!
[2026-02-13 11:41:42,096 cli_analyse INFO] Analysing step 3_emref
[2026-02-13 11:41:42,098 cli_unpack INFO] Unpacking '../3_emref' folder
[2026-02-13 11:41:42,099 libtimer INFO] unpacking took 0 seconds
[2026-02-13 11:41:42,112 capri INFO] Found previous CNS step: 3_emref
[2026-02-13 11:41:42,214 capri INFO] Saved scoring weights to: weights_params.json
[2026-02-13 11:41:42,214 __init__ INFO] [caprieval] No reference structure provided. Using the structure with the lowest score from previous step
[2026-02-13 11:41:42,301 libutil INFO] Selected 20 cores to process 20 jobs, with 32 maximum available cores.
[2026-02-13 11:41:42,301 libparallel INFO] Using 20 cores
[2026-02-13 11:41:42,701 libparallel INFO] 20 tasks finished
[2026-02-13 11:41:42,702 capri INFO] Rearranging cluster information into capri_clt.tsv
[2026-02-13 11:41:42,707 cli_clean INFO] Compressing '../3_emref' folder
[2026-02-13 11:41:42,708 clean_steps INFO] Cleaning output for '../3_emref' using 20 cores.
[2026-02-13 11:41:42,827 libtimer INFO] compressing took 0 seconds
[2026-02-13 11:41:42,828 cli_analyse INFO] CAPRI files identified
[2026-02-13 11:41:42,830 cli_analyse INFO] Plotting results..
[2026-02-13 11:41:43,959 cli_analyse INFO] Summary archive summary.tgz created!
[2026-02-13 11:41:43,959 cli_analyse INFO] moving files to analysis folder
[2026-02-13 11:41:43,960 cli_analyse INFO] cancelling unsuccesful analysis folders
[2026-02-13 11:41:43,960 cli_analyse INFO] updating paths in analysis/1_rigidbody_analysis/capri_ss.tsv
[2026-02-13 11:41:43,960 cli_analyse INFO] View the results in analysis/1_rigidbody_analysis/report.html
[2026-02-13 11:41:43,960 cli_analyse INFO] To view structures or download the structure files, in a terminal run the command `python -m http.server --directory /mnt/Data/PopOS/Data_Ana/Wu/clawdPorjects/HADDOCK_test/results/run_Neg_CTCAGGTAGGCACGAA-1_contig_2_2`. By default, http server runs on `http://0.0.0.0:8000/`. Open the link http://0.0.0.0:8000/analysis/1_rigidbody_analysis/report.html in a web browser.
[2026-02-13 11:41:43,960 cli_analyse INFO] updating paths in analysis/2_flexref_analysis/capri_ss.tsv
[2026-02-13 11:41:43,960 cli_analyse INFO] View the results in analysis/2_flexref_analysis/report.html
[2026-02-13 11:41:43,960 cli_analyse INFO] To view structures or download the structure files, in a terminal run the command `python -m http.server --directory /mnt/Data/PopOS/Data_Ana/Wu/clawdPorjects/HADDOCK_test/results/run_Neg_CTCAGGTAGGCACGAA-1_contig_2_2`. By default, http server runs on `http://0.0.0.0:8000/`. Open the link http://0.0.0.0:8000/analysis/2_flexref_analysis/report.html in a web browser.
[2026-02-13 11:41:43,960 cli_analyse INFO] updating paths in analysis/3_emref_analysis/capri_ss.tsv
[2026-02-13 11:41:43,960 cli_analyse INFO] View the results in analysis/3_emref_analysis/report.html
[2026-02-13 11:41:43,960 cli_analyse INFO] To view structures or download the structure files, in a terminal run the command `python -m http.server --directory /mnt/Data/PopOS/Data_Ana/Wu/clawdPorjects/HADDOCK_test/results/run_Neg_CTCAGGTAGGCACGAA-1_contig_2_2`. By default, http server runs on `http://0.0.0.0:8000/`. Open the link http://0.0.0.0:8000/analysis/3_emref_analysis/report.html in a web browser.
[2026-02-13 11:41:43,960 cli_traceback INFO] Running haddock3-traceback on ./
[2026-02-13 11:41:43,960 cli_traceback INFO] Reading input run directory
[2026-02-13 11:41:43,961 cli_traceback INFO] All_steps: 0_topoaa, 1_rigidbody, 2_flexref, 3_emref
[2026-02-13 11:41:43,961 cli_traceback INFO] Modules not to be analysed: 0_topoaa
[2026-02-13 11:41:43,961 cli_traceback INFO] Steps to trace back: 1_rigidbody, 2_flexref, 3_emref
[2026-02-13 11:41:43,961 cli_traceback INFO] Created directory: /mnt/Data/PopOS/Data_Ana/Wu/clawdPorjects/HADDOCK_test/results/run_Neg_CTCAGGTAGGCACGAA-1_contig_2_2/traceback
[2026-02-13 11:41:43,961 cli_traceback INFO] Tracing back step 3_emref
[2026-02-13 11:41:43,963 cli_traceback INFO] Tracing back step 2_flexref
[2026-02-13 11:41:43,965 cli_traceback INFO] Tracing back step 1_rigidbody
[2026-02-13 11:41:43,969 cli_traceback INFO] Output dataframe traceback/traceback.tsv created with shape (20, 8)
[2026-02-13 11:41:43,996 clean_steps INFO] Cleaning output for '0_topoaa' using 20 cores.
[2026-02-13 11:41:44,124 libtimer INFO] cleaning output files took 0 seconds
[2026-02-13 11:41:44,124 clean_steps INFO] Cleaning output for '1_rigidbody' using 20 cores.
[2026-02-13 11:41:44,132 libtimer INFO] cleaning output files took 0 seconds
[2026-02-13 11:41:44,132 clean_steps INFO] Cleaning output for '2_flexref' using 20 cores.
[2026-02-13 11:41:44,142 libtimer INFO] cleaning output files took 0 seconds
[2026-02-13 11:41:44,142 clean_steps INFO] Cleaning output for '3_emref' using 20 cores.
[2026-02-13 11:41:44,157 libtimer INFO] cleaning output files took 0 seconds
[2026-02-13 11:41:44,157 cli INFO] This HADDOCK3 run took: 2 minutes and 5 seconds
[2026-02-13 11:41:44,157 greetings INFO] Your feedback matters in Haddock3! Share your experience and help us grow:
[2026-02-13 11:41:44,157 greetings INFO] GitHub issues: https://github.com/haddocking/haddock3/issues
[2026-02-13 11:41:44,157 greetings INFO] BioExcel feedback: https://www.bonvinlab.org/feedback
[2026-02-13 11:41:44,157 greetings INFO] BioExcel forum: https://ask.bioexcel.eu/c/haddock/6
[2026-02-13 11:41:44,157 cli INFO] Finished at 13/02/2026 11:41:44. Do pobachennya! Ciao! Adiós!
