[2026-02-13 11:37:28,254 cli INFO] 
##############################################
#                                            #
#                 HADDOCK3                   #
#                                            #
##############################################

!! Some of the HADDOCK3 components use CNS (Crystallographic and NMR System) which is free of use for non-profit applications. !!
!! For commercial use it is your own responsibility to have a proper license. !!
!! For details refer to the DISCLAIMER file in the HADDOCK3 repository. !!

Starting HADDOCK3 v2024.10.0b7 on 2026-02-13 11:37:00

Python 3.10.12 (main, Feb  4 2025, 14:57:36) [GCC 11.4.0]

[2026-02-13 11:37:31,918 libworkflow INFO] Reading instructions step 0_topoaa
[2026-02-13 11:37:31,918 libworkflow INFO] Reading instructions step 1_rigidbody
[2026-02-13 11:37:31,919 libworkflow INFO] Reading instructions step 2_flexref
[2026-02-13 11:37:31,919 libworkflow INFO] Reading instructions step 3_emref
[2026-02-13 11:37:31,933 base_cns_module INFO] Running [topoaa] module
[2026-02-13 11:37:31,933 __init__ INFO] [topoaa] Molecule 1: receptor_single_Neg_CTCAGGTAGGCACGAA-1_contig_2_1.pdb
[2026-02-13 11:37:31,934 __init__ INFO] [topoaa] Sanitizing molecule receptor_single_Neg_CTCAGGTAGGCACGAA-1_contig_2_1.pdb
[2026-02-13 11:37:31,941 __init__ INFO] [topoaa] Topology CNS input created
[2026-02-13 11:37:31,941 __init__ INFO] [topoaa] Molecule 2: ligand_single_Neg_CTCAGGTAGGCACGAA-1_contig_2_1.pdb
[2026-02-13 11:37:31,942 __init__ INFO] [topoaa] Sanitizing molecule ligand_single_Neg_CTCAGGTAGGCACGAA-1_contig_2_1.pdb
[2026-02-13 11:37:31,948 __init__ INFO] [topoaa] Topology CNS input created
[2026-02-13 11:37:31,948 __init__ INFO] [topoaa] Running CNS Jobs n=2
[2026-02-13 11:37:31,948 libutil INFO] Selected 2 cores to process 2 jobs, with 32 maximum available cores.
[2026-02-13 11:37:31,949 libparallel INFO] Using 2 cores
[2026-02-13 11:37:35,188 libparallel INFO] 2 tasks finished
[2026-02-13 11:37:35,188 __init__ INFO] [topoaa] CNS jobs have finished
[2026-02-13 11:37:35,190 base_cns_module INFO] Module [topoaa] finished.
[2026-02-13 11:37:35,190 __init__ INFO] [topoaa] took 3 seconds
[2026-02-13 11:37:35,532 base_cns_module INFO] Running [rigidbody] module
[2026-02-13 11:37:35,532 __init__ INFO] [rigidbody] crossdock=true
[2026-02-13 11:37:35,533 __init__ INFO] [rigidbody] Preparing jobs...
[2026-02-13 11:37:35,535 libutil INFO] Selected 20 cores to process 20 jobs, with 32 maximum available cores.
[2026-02-13 11:37:35,535 libparallel INFO] Using 20 cores
[2026-02-13 11:37:35,563 libparallel INFO] 20 tasks finished
[2026-02-13 11:37:35,563 __init__ INFO] [rigidbody] Preparation took 0.030857 seconds
[2026-02-13 11:37:35,565 __init__ INFO] [rigidbody] Running CNS Jobs n=20
[2026-02-13 11:37:35,565 libutil INFO] Selected 20 cores to process 20 jobs, with 32 maximum available cores.
[2026-02-13 11:37:35,565 libparallel INFO] Using 20 cores
[2026-02-13 11:37:46,116 libparallel INFO] 20 tasks finished
[2026-02-13 11:37:46,117 __init__ INFO] [rigidbody] CNS jobs have finished
[2026-02-13 11:37:46,143 base_cns_module INFO] Module [rigidbody] finished.
[2026-02-13 11:37:46,143 __init__ INFO] [rigidbody] took 11 seconds
[2026-02-13 11:37:46,520 base_cns_module INFO] Running [flexref] module
[2026-02-13 11:37:46,579 __init__ INFO] [flexref] Running CNS Jobs n=20
[2026-02-13 11:37:46,579 libutil INFO] Selected 20 cores to process 20 jobs, with 32 maximum available cores.
[2026-02-13 11:37:46,579 libparallel INFO] Using 20 cores
[2026-02-13 11:39:24,249 libparallel INFO] 20 tasks finished
[2026-02-13 11:39:24,250 __init__ INFO] [flexref] CNS jobs have finished
[2026-02-13 11:39:24,294 base_cns_module INFO] Module [flexref] finished.
[2026-02-13 11:39:24,294 __init__ INFO] [flexref] took 1 minute and 38 seconds
[2026-02-13 11:39:24,637 base_cns_module INFO] Running [emref] module
[2026-02-13 11:39:24,693 __init__ INFO] [emref] Running CNS Jobs n=20
[2026-02-13 11:39:24,693 libutil INFO] Selected 20 cores to process 20 jobs, with 32 maximum available cores.
[2026-02-13 11:39:24,694 libparallel INFO] Using 20 cores
[2026-02-13 11:39:32,122 libparallel INFO] 20 tasks finished
[2026-02-13 11:39:32,122 __init__ INFO] [emref] CNS jobs have finished
[2026-02-13 11:39:32,153 base_cns_module INFO] Module [emref] finished.
[2026-02-13 11:39:32,153 __init__ INFO] [emref] took 8 seconds
[2026-02-13 11:39:32,153 cli_analyse INFO] Running haddock3-analyse on ./, modules [], with top_cluster = 10
[2026-02-13 11:39:32,159 cli_analyse INFO] Created directory: /mnt/Data/PopOS/Data_Ana/Wu/clawdPorjects/HADDOCK_test/results/run_Neg_CTCAGGTAGGCACGAA-1_contig_2_1/analysis
[2026-02-13 11:39:32,159 cli_analyse INFO] Reading input run directory
[2026-02-13 11:39:32,159 cli_analyse INFO] selected steps: 0_topoaa, 1_rigidbody, 2_flexref, 3_emref
[2026-02-13 11:39:32,160 cli_analyse INFO] Analysing step 0_topoaa
[2026-02-13 11:39:32,160 cli_analyse WARNING] Could not execute the analysis for step 0_topoaa. The following error occurred 'dict' object has no attribute 'rel_path'
[2026-02-13 11:39:32,160 cli_analyse INFO] Analysing step 1_rigidbody
[2026-02-13 11:39:32,161 cli_unpack INFO] Unpacking '../1_rigidbody' folder
[2026-02-13 11:39:32,162 libtimer INFO] unpacking took 0 seconds
[2026-02-13 11:39:32,175 capri INFO] Found previous CNS step: 1_rigidbody
[2026-02-13 11:39:32,283 capri INFO] Saved scoring weights to: weights_params.json
[2026-02-13 11:39:32,283 __init__ INFO] [caprieval] No reference structure provided. Using the structure with the lowest score from previous step
[2026-02-13 11:39:32,369 libutil INFO] Selected 20 cores to process 20 jobs, with 32 maximum available cores.
[2026-02-13 11:39:32,370 libparallel INFO] Using 20 cores
[2026-02-13 11:39:32,810 libparallel INFO] 20 tasks finished
[2026-02-13 11:39:32,811 capri INFO] Rearranging cluster information into capri_clt.tsv
[2026-02-13 11:39:32,815 cli_clean INFO] Compressing '../1_rigidbody' folder
[2026-02-13 11:39:32,816 clean_steps INFO] Cleaning output for '../1_rigidbody' using 20 cores.
[2026-02-13 11:39:32,936 libtimer INFO] compressing took 0 seconds
[2026-02-13 11:39:32,936 cli_analyse INFO] CAPRI files identified
[2026-02-13 11:39:32,939 cli_analyse INFO] Plotting results..
[2026-02-13 11:39:34,160 cli_analyse INFO] Summary archive summary.tgz created!
[2026-02-13 11:39:34,160 cli_analyse INFO] Analysing step 2_flexref
[2026-02-13 11:39:34,162 cli_unpack INFO] Unpacking '../2_flexref' folder
[2026-02-13 11:39:34,162 libtimer INFO] unpacking took 0 seconds
[2026-02-13 11:39:34,175 capri INFO] Found previous CNS step: 2_flexref
[2026-02-13 11:39:34,412 capri INFO] Saved scoring weights to: weights_params.json
[2026-02-13 11:39:34,412 __init__ INFO] [caprieval] No reference structure provided. Using the structure with the lowest score from previous step
[2026-02-13 11:39:34,501 libutil INFO] Selected 20 cores to process 20 jobs, with 32 maximum available cores.
[2026-02-13 11:39:34,501 libparallel INFO] Using 20 cores
[2026-02-13 11:39:34,898 libparallel INFO] 20 tasks finished
[2026-02-13 11:39:34,899 capri INFO] Rearranging cluster information into capri_clt.tsv
[2026-02-13 11:39:34,903 cli_clean INFO] Compressing '../2_flexref' folder
[2026-02-13 11:39:34,903 clean_steps INFO] Cleaning output for '../2_flexref' using 20 cores.
[2026-02-13 11:39:35,022 libtimer INFO] compressing took 0 seconds
[2026-02-13 11:39:35,023 cli_analyse INFO] CAPRI files identified
[2026-02-13 11:39:35,024 cli_analyse INFO] Plotting results..
[2026-02-13 11:39:36,145 cli_analyse INFO] Summary archive summary.tgz created!
[2026-02-13 11:39:36,146 cli_analyse INFO] Analysing step 3_emref
[2026-02-13 11:39:36,148 cli_unpack INFO] Unpacking '../3_emref' folder
[2026-02-13 11:39:36,148 libtimer INFO] unpacking took 0 seconds
[2026-02-13 11:39:36,161 capri INFO] Found previous CNS step: 3_emref
[2026-02-13 11:39:36,263 capri INFO] Saved scoring weights to: weights_params.json
[2026-02-13 11:39:36,263 __init__ INFO] [caprieval] No reference structure provided. Using the structure with the lowest score from previous step
[2026-02-13 11:39:36,349 libutil INFO] Selected 20 cores to process 20 jobs, with 32 maximum available cores.
[2026-02-13 11:39:36,350 libparallel INFO] Using 20 cores
[2026-02-13 11:39:36,765 libparallel INFO] 20 tasks finished
[2026-02-13 11:39:36,765 capri INFO] Rearranging cluster information into capri_clt.tsv
[2026-02-13 11:39:36,769 cli_clean INFO] Compressing '../3_emref' folder
[2026-02-13 11:39:36,769 clean_steps INFO] Cleaning output for '../3_emref' using 20 cores.
[2026-02-13 11:39:36,890 libtimer INFO] compressing took 0 seconds
[2026-02-13 11:39:36,891 cli_analyse INFO] CAPRI files identified
[2026-02-13 11:39:36,892 cli_analyse INFO] Plotting results..
[2026-02-13 11:39:38,004 cli_analyse INFO] Summary archive summary.tgz created!
[2026-02-13 11:39:38,004 cli_analyse INFO] moving files to analysis folder
[2026-02-13 11:39:38,004 cli_analyse INFO] cancelling unsuccesful analysis folders
[2026-02-13 11:39:38,004 cli_analyse INFO] updating paths in analysis/1_rigidbody_analysis/capri_ss.tsv
[2026-02-13 11:39:38,004 cli_analyse INFO] View the results in analysis/1_rigidbody_analysis/report.html
[2026-02-13 11:39:38,004 cli_analyse INFO] To view structures or download the structure files, in a terminal run the command `python -m http.server --directory /mnt/Data/PopOS/Data_Ana/Wu/clawdPorjects/HADDOCK_test/results/run_Neg_CTCAGGTAGGCACGAA-1_contig_2_1`. By default, http server runs on `http://0.0.0.0:8000/`. Open the link http://0.0.0.0:8000/analysis/1_rigidbody_analysis/report.html in a web browser.
[2026-02-13 11:39:38,004 cli_analyse INFO] updating paths in analysis/2_flexref_analysis/capri_ss.tsv
[2026-02-13 11:39:38,004 cli_analyse INFO] View the results in analysis/2_flexref_analysis/report.html
[2026-02-13 11:39:38,004 cli_analyse INFO] To view structures or download the structure files, in a terminal run the command `python -m http.server --directory /mnt/Data/PopOS/Data_Ana/Wu/clawdPorjects/HADDOCK_test/results/run_Neg_CTCAGGTAGGCACGAA-1_contig_2_1`. By default, http server runs on `http://0.0.0.0:8000/`. Open the link http://0.0.0.0:8000/analysis/2_flexref_analysis/report.html in a web browser.
[2026-02-13 11:39:38,004 cli_analyse INFO] updating paths in analysis/3_emref_analysis/capri_ss.tsv
[2026-02-13 11:39:38,005 cli_analyse INFO] View the results in analysis/3_emref_analysis/report.html
[2026-02-13 11:39:38,005 cli_analyse INFO] To view structures or download the structure files, in a terminal run the command `python -m http.server --directory /mnt/Data/PopOS/Data_Ana/Wu/clawdPorjects/HADDOCK_test/results/run_Neg_CTCAGGTAGGCACGAA-1_contig_2_1`. By default, http server runs on `http://0.0.0.0:8000/`. Open the link http://0.0.0.0:8000/analysis/3_emref_analysis/report.html in a web browser.
[2026-02-13 11:39:38,005 cli_traceback INFO] Running haddock3-traceback on ./
[2026-02-13 11:39:38,005 cli_traceback INFO] Reading input run directory
[2026-02-13 11:39:38,005 cli_traceback INFO] All_steps: 0_topoaa, 1_rigidbody, 2_flexref, 3_emref
[2026-02-13 11:39:38,005 cli_traceback INFO] Modules not to be analysed: 0_topoaa
[2026-02-13 11:39:38,005 cli_traceback INFO] Steps to trace back: 1_rigidbody, 2_flexref, 3_emref
[2026-02-13 11:39:38,005 cli_traceback INFO] Created directory: /mnt/Data/PopOS/Data_Ana/Wu/clawdPorjects/HADDOCK_test/results/run_Neg_CTCAGGTAGGCACGAA-1_contig_2_1/traceback
[2026-02-13 11:39:38,005 cli_traceback INFO] Tracing back step 3_emref
[2026-02-13 11:39:38,007 cli_traceback INFO] Tracing back step 2_flexref
[2026-02-13 11:39:38,009 cli_traceback INFO] Tracing back step 1_rigidbody
[2026-02-13 11:39:38,014 cli_traceback INFO] Output dataframe traceback/traceback.tsv created with shape (20, 8)
[2026-02-13 11:39:38,040 clean_steps INFO] Cleaning output for '0_topoaa' using 20 cores.
[2026-02-13 11:39:38,174 libtimer INFO] cleaning output files took 0 seconds
[2026-02-13 11:39:38,174 clean_steps INFO] Cleaning output for '1_rigidbody' using 20 cores.
[2026-02-13 11:39:38,182 libtimer INFO] cleaning output files took 0 seconds
[2026-02-13 11:39:38,182 clean_steps INFO] Cleaning output for '2_flexref' using 20 cores.
[2026-02-13 11:39:38,193 libtimer INFO] cleaning output files took 0 seconds
[2026-02-13 11:39:38,194 clean_steps INFO] Cleaning output for '3_emref' using 20 cores.
[2026-02-13 11:39:38,209 libtimer INFO] cleaning output files took 0 seconds
[2026-02-13 11:39:38,209 cli INFO] This HADDOCK3 run took: 2 minutes and 10 seconds
[2026-02-13 11:39:38,209 greetings INFO] Your feedback matters in Haddock3! Share your experience and help us grow:
[2026-02-13 11:39:38,209 greetings INFO] GitHub issues: https://github.com/haddocking/haddock3/issues
[2026-02-13 11:39:38,209 greetings INFO] BioExcel feedback: https://www.bonvinlab.org/feedback
[2026-02-13 11:39:38,209 greetings INFO] BioExcel forum: https://ask.bioexcel.eu/c/haddock/6
[2026-02-13 11:39:38,209 cli INFO] Finished at 13/02/2026 11:39:38. Agur! 再见! La revedere!
