[2026-02-13 12:00:54,449 cli INFO] 
##############################################
#                                            #
#                 HADDOCK3                   #
#                                            #
##############################################

!! Some of the HADDOCK3 components use CNS (Crystallographic and NMR System) which is free of use for non-profit applications. !!
!! For commercial use it is your own responsibility to have a proper license. !!
!! For details refer to the DISCLAIMER file in the HADDOCK3 repository. !!

Starting HADDOCK3 v2024.10.0b7 on 2026-02-13 12:00:00

Python 3.10.12 (main, Feb  4 2025, 14:57:36) [GCC 11.4.0]

[2026-02-13 12:00:58,283 libworkflow INFO] Reading instructions step 0_topoaa
[2026-02-13 12:00:58,284 libworkflow INFO] Reading instructions step 1_rigidbody
[2026-02-13 12:00:58,284 libworkflow INFO] Reading instructions step 2_flexref
[2026-02-13 12:00:58,284 libworkflow INFO] Reading instructions step 3_emref
[2026-02-13 12:00:58,298 base_cns_module INFO] Running [topoaa] module
[2026-02-13 12:00:58,298 __init__ INFO] [topoaa] Molecule 1: receptor_single_Neg_GTAAGGTAGGCTCGTG-1_contig_1_1.pdb
[2026-02-13 12:00:58,300 __init__ INFO] [topoaa] Sanitizing molecule receptor_single_Neg_GTAAGGTAGGCTCGTG-1_contig_1_1.pdb
[2026-02-13 12:00:58,307 __init__ INFO] [topoaa] Topology CNS input created
[2026-02-13 12:00:58,307 __init__ INFO] [topoaa] Molecule 2: ligand_single_Neg_GTAAGGTAGGCTCGTG-1_contig_1_1.pdb
[2026-02-13 12:00:58,308 __init__ INFO] [topoaa] Sanitizing molecule ligand_single_Neg_GTAAGGTAGGCTCGTG-1_contig_1_1.pdb
[2026-02-13 12:00:58,314 __init__ INFO] [topoaa] Topology CNS input created
[2026-02-13 12:00:58,314 __init__ INFO] [topoaa] Running CNS Jobs n=2
[2026-02-13 12:00:58,314 libutil INFO] Selected 2 cores to process 2 jobs, with 32 maximum available cores.
[2026-02-13 12:00:58,315 libparallel INFO] Using 2 cores
[2026-02-13 12:01:01,548 libparallel INFO] 2 tasks finished
[2026-02-13 12:01:01,548 __init__ INFO] [topoaa] CNS jobs have finished
[2026-02-13 12:01:01,550 base_cns_module INFO] Module [topoaa] finished.
[2026-02-13 12:01:01,550 __init__ INFO] [topoaa] took 3 seconds
[2026-02-13 12:01:01,897 base_cns_module INFO] Running [rigidbody] module
[2026-02-13 12:01:01,898 __init__ INFO] [rigidbody] crossdock=true
[2026-02-13 12:01:01,898 __init__ INFO] [rigidbody] Preparing jobs...
[2026-02-13 12:01:01,900 libutil INFO] Selected 20 cores to process 20 jobs, with 32 maximum available cores.
[2026-02-13 12:01:01,900 libparallel INFO] Using 20 cores
[2026-02-13 12:01:01,928 libparallel INFO] 20 tasks finished
[2026-02-13 12:01:01,928 __init__ INFO] [rigidbody] Preparation took 0.030538 seconds
[2026-02-13 12:01:01,930 __init__ INFO] [rigidbody] Running CNS Jobs n=20
[2026-02-13 12:01:01,930 libutil INFO] Selected 20 cores to process 20 jobs, with 32 maximum available cores.
[2026-02-13 12:01:01,930 libparallel INFO] Using 20 cores
[2026-02-13 12:01:12,270 libparallel INFO] 20 tasks finished
[2026-02-13 12:01:12,270 __init__ INFO] [rigidbody] CNS jobs have finished
[2026-02-13 12:01:12,320 base_cns_module INFO] Module [rigidbody] finished.
[2026-02-13 12:01:12,320 __init__ INFO] [rigidbody] took 10 seconds
[2026-02-13 12:01:12,715 base_cns_module INFO] Running [flexref] module
[2026-02-13 12:01:12,773 __init__ INFO] [flexref] Running CNS Jobs n=20
[2026-02-13 12:01:12,773 libutil INFO] Selected 20 cores to process 20 jobs, with 32 maximum available cores.
[2026-02-13 12:01:12,773 libparallel INFO] Using 20 cores
[2026-02-13 12:02:47,918 libparallel INFO] 20 tasks finished
[2026-02-13 12:02:47,918 __init__ INFO] [flexref] CNS jobs have finished
[2026-02-13 12:02:47,936 libutil ERROR] 5.00% of output was not generated for this module and tolerance was set to 5.00%.
Traceback (most recent call last):
  File "/home/yiran/BioTools/haddock3/src/haddock/libs/libutil.py", line 378, in log_error_and_exit
    yield
  File "/home/yiran/BioTools/haddock3/src/haddock/clis/cli.py", line 195, in main
    workflow.run()
  File "/home/yiran/BioTools/haddock3/src/haddock/libs/libworkflow.py", line 43, in run
    step.execute()
  File "/home/yiran/BioTools/haddock3/src/haddock/libs/libworkflow.py", line 162, in execute
    self.module.run()  # type: ignore
  File "/home/yiran/BioTools/haddock3/src/haddock/modules/base_cns_module.py", line 61, in run
    self._run()
  File "/home/yiran/BioTools/haddock3/src/haddock/modules/refinement/flexref/__init__.py", line 159, in _run
    self.export_io_models(faulty_tolerance=self.params["tolerance"])
  File "/home/yiran/BioTools/haddock3/src/haddock/modules/__init__.py", line 309, in export_io_models
    self.finish_with_error(_msg)
  File "/home/yiran/BioTools/haddock3/src/haddock/modules/__init__.py", line 317, in finish_with_error
    raise RuntimeError(reason)
RuntimeError: 5.00% of output was not generated for this module and tolerance was set to 5.00%.
[2026-02-13 12:02:47,936 libutil ERROR] 5.00% of output was not generated for this module and tolerance was set to 5.00%.
[2026-02-13 12:02:47,936 libutil ERROR] An error has occurred, see log file. And contact the developers if needed.
[2026-02-13 12:02:47,937 libutil INFO] Finished at 13/02/2026 12:02:47. For any help contact us at https://github.com/haddocking/haddock3/issues. Good bye! Tot ziens! La revedere!.
