[2026-02-13 11:18:29,248 cli INFO] 
##############################################
#                                            #
#                 HADDOCK3                   #
#                                            #
##############################################

!! Some of the HADDOCK3 components use CNS (Crystallographic and NMR System) which is free of use for non-profit applications. !!
!! For commercial use it is your own responsibility to have a proper license. !!
!! For details refer to the DISCLAIMER file in the HADDOCK3 repository. !!

Starting HADDOCK3 v2024.10.0b7 on 2026-02-13 11:18:00

Python 3.10.12 (main, Feb  4 2025, 14:57:36) [GCC 11.4.0]

[2026-02-13 11:18:32,981 libworkflow INFO] Reading instructions step 0_topoaa
[2026-02-13 11:18:32,982 libworkflow INFO] Reading instructions step 1_rigidbody
[2026-02-13 11:18:32,982 libworkflow INFO] Reading instructions step 2_flexref
[2026-02-13 11:18:32,982 libworkflow INFO] Reading instructions step 3_emref
[2026-02-13 11:18:32,996 base_cns_module INFO] Running [topoaa] module
[2026-02-13 11:18:32,996 __init__ INFO] [topoaa] Molecule 1: receptor_single_Neg_CCTAAAGTCACTACTC-1_contig_1_1.pdb
[2026-02-13 11:18:32,997 __init__ INFO] [topoaa] Sanitizing molecule receptor_single_Neg_CCTAAAGTCACTACTC-1_contig_1_1.pdb
[2026-02-13 11:18:33,004 __init__ INFO] [topoaa] Topology CNS input created
[2026-02-13 11:18:33,004 __init__ INFO] [topoaa] Molecule 2: ligand_single_Neg_CCTAAAGTCACTACTC-1_contig_1_1.pdb
[2026-02-13 11:18:33,006 __init__ INFO] [topoaa] Sanitizing molecule ligand_single_Neg_CCTAAAGTCACTACTC-1_contig_1_1.pdb
[2026-02-13 11:18:33,012 __init__ INFO] [topoaa] Topology CNS input created
[2026-02-13 11:18:33,012 __init__ INFO] [topoaa] Running CNS Jobs n=2
[2026-02-13 11:18:33,012 libutil INFO] Selected 2 cores to process 2 jobs, with 32 maximum available cores.
[2026-02-13 11:18:33,013 libparallel INFO] Using 2 cores
[2026-02-13 11:18:36,251 libparallel INFO] 2 tasks finished
[2026-02-13 11:18:36,251 __init__ INFO] [topoaa] CNS jobs have finished
[2026-02-13 11:18:36,252 base_cns_module INFO] Module [topoaa] finished.
[2026-02-13 11:18:36,252 __init__ INFO] [topoaa] took 3 seconds
[2026-02-13 11:18:36,592 base_cns_module INFO] Running [rigidbody] module
[2026-02-13 11:18:36,593 __init__ INFO] [rigidbody] crossdock=true
[2026-02-13 11:18:36,593 __init__ INFO] [rigidbody] Preparing jobs...
[2026-02-13 11:18:36,595 libutil INFO] Selected 20 cores to process 20 jobs, with 32 maximum available cores.
[2026-02-13 11:18:36,595 libparallel INFO] Using 20 cores
[2026-02-13 11:18:36,622 libparallel INFO] 20 tasks finished
[2026-02-13 11:18:36,623 __init__ INFO] [rigidbody] Preparation took 0.030042 seconds
[2026-02-13 11:18:36,624 __init__ INFO] [rigidbody] Running CNS Jobs n=20
[2026-02-13 11:18:36,624 libutil INFO] Selected 20 cores to process 20 jobs, with 32 maximum available cores.
[2026-02-13 11:18:36,625 libparallel INFO] Using 20 cores
[2026-02-13 11:18:47,395 libparallel INFO] 20 tasks finished
[2026-02-13 11:18:47,395 __init__ INFO] [rigidbody] CNS jobs have finished
[2026-02-13 11:18:47,423 base_cns_module INFO] Module [rigidbody] finished.
[2026-02-13 11:18:47,423 __init__ INFO] [rigidbody] took 11 seconds
[2026-02-13 11:18:47,806 base_cns_module INFO] Running [flexref] module
[2026-02-13 11:18:47,864 __init__ INFO] [flexref] Running CNS Jobs n=20
[2026-02-13 11:18:47,865 libutil INFO] Selected 20 cores to process 20 jobs, with 32 maximum available cores.
[2026-02-13 11:18:47,865 libparallel INFO] Using 20 cores
[2026-02-13 11:20:25,844 libparallel INFO] 20 tasks finished
[2026-02-13 11:20:25,844 __init__ INFO] [flexref] CNS jobs have finished
[2026-02-13 11:20:25,971 base_cns_module INFO] Module [flexref] finished.
[2026-02-13 11:20:25,971 __init__ INFO] [flexref] took 1 minute and 38 seconds
[2026-02-13 11:20:26,317 base_cns_module INFO] Running [emref] module
[2026-02-13 11:20:26,374 __init__ INFO] [emref] Running CNS Jobs n=20
[2026-02-13 11:20:26,374 libutil INFO] Selected 20 cores to process 20 jobs, with 32 maximum available cores.
[2026-02-13 11:20:26,374 libparallel INFO] Using 20 cores
[2026-02-13 11:20:33,998 libparallel INFO] 20 tasks finished
[2026-02-13 11:20:33,999 __init__ INFO] [emref] CNS jobs have finished
[2026-02-13 11:20:34,076 base_cns_module INFO] Module [emref] finished.
[2026-02-13 11:20:34,076 __init__ INFO] [emref] took 8 seconds
[2026-02-13 11:20:34,077 cli_analyse INFO] Running haddock3-analyse on ./, modules [], with top_cluster = 10
[2026-02-13 11:20:34,087 cli_analyse INFO] Created directory: /mnt/Data/PopOS/Data_Ana/Wu/clawdPorjects/HADDOCK_test/results/run_Neg_CCTAAAGTCACTACTC-1_contig_1_1/analysis
[2026-02-13 11:20:34,087 cli_analyse INFO] Reading input run directory
[2026-02-13 11:20:34,087 cli_analyse INFO] selected steps: 0_topoaa, 1_rigidbody, 2_flexref, 3_emref
[2026-02-13 11:20:34,087 cli_analyse INFO] Analysing step 0_topoaa
[2026-02-13 11:20:34,087 cli_analyse WARNING] Could not execute the analysis for step 0_topoaa. The following error occurred 'dict' object has no attribute 'rel_path'
[2026-02-13 11:20:34,087 cli_analyse INFO] Analysing step 1_rigidbody
[2026-02-13 11:20:34,088 cli_unpack INFO] Unpacking '../1_rigidbody' folder
[2026-02-13 11:20:34,089 libtimer INFO] unpacking took 0 seconds
[2026-02-13 11:20:34,102 capri INFO] Found previous CNS step: 1_rigidbody
[2026-02-13 11:20:34,210 capri INFO] Saved scoring weights to: weights_params.json
[2026-02-13 11:20:34,210 __init__ INFO] [caprieval] No reference structure provided. Using the structure with the lowest score from previous step
[2026-02-13 11:20:34,296 libutil INFO] Selected 20 cores to process 20 jobs, with 32 maximum available cores.
[2026-02-13 11:20:34,297 libparallel INFO] Using 20 cores
[2026-02-13 11:20:34,882 libparallel INFO] 20 tasks finished
[2026-02-13 11:20:34,882 capri INFO] Rearranging cluster information into capri_clt.tsv
[2026-02-13 11:20:34,888 cli_clean INFO] Compressing '../1_rigidbody' folder
[2026-02-13 11:20:34,888 clean_steps INFO] Cleaning output for '../1_rigidbody' using 20 cores.
[2026-02-13 11:20:35,011 libtimer INFO] compressing took 0 seconds
[2026-02-13 11:20:35,011 cli_analyse INFO] CAPRI files identified
[2026-02-13 11:20:35,014 cli_analyse INFO] Plotting results..
[2026-02-13 11:20:36,309 cli_analyse INFO] Summary archive summary.tgz created!
[2026-02-13 11:20:36,310 cli_analyse INFO] Analysing step 2_flexref
[2026-02-13 11:20:36,312 cli_unpack INFO] Unpacking '../2_flexref' folder
[2026-02-13 11:20:36,312 libtimer INFO] unpacking took 0 seconds
[2026-02-13 11:20:36,325 capri INFO] Found previous CNS step: 2_flexref
[2026-02-13 11:20:36,560 capri INFO] Saved scoring weights to: weights_params.json
[2026-02-13 11:20:36,561 __init__ INFO] [caprieval] No reference structure provided. Using the structure with the lowest score from previous step
[2026-02-13 11:20:36,648 libutil INFO] Selected 20 cores to process 20 jobs, with 32 maximum available cores.
[2026-02-13 11:20:36,648 libparallel INFO] Using 20 cores
[2026-02-13 11:20:37,045 libparallel INFO] 20 tasks finished
[2026-02-13 11:20:37,046 capri INFO] Rearranging cluster information into capri_clt.tsv
[2026-02-13 11:20:37,050 cli_clean INFO] Compressing '../2_flexref' folder
[2026-02-13 11:20:37,051 clean_steps INFO] Cleaning output for '../2_flexref' using 20 cores.
[2026-02-13 11:20:37,171 libtimer INFO] compressing took 0 seconds
[2026-02-13 11:20:37,172 cli_analyse INFO] CAPRI files identified
[2026-02-13 11:20:37,174 cli_analyse INFO] Plotting results..
[2026-02-13 11:20:38,334 cli_analyse INFO] Summary archive summary.tgz created!
[2026-02-13 11:20:38,334 cli_analyse INFO] Analysing step 3_emref
[2026-02-13 11:20:38,336 cli_unpack INFO] Unpacking '../3_emref' folder
[2026-02-13 11:20:38,337 libtimer INFO] unpacking took 0 seconds
[2026-02-13 11:20:38,350 capri INFO] Found previous CNS step: 3_emref
[2026-02-13 11:20:38,450 capri INFO] Saved scoring weights to: weights_params.json
[2026-02-13 11:20:38,450 __init__ INFO] [caprieval] No reference structure provided. Using the structure with the lowest score from previous step
[2026-02-13 11:20:38,537 libutil INFO] Selected 20 cores to process 20 jobs, with 32 maximum available cores.
[2026-02-13 11:20:38,537 libparallel INFO] Using 20 cores
[2026-02-13 11:20:38,968 libparallel INFO] 20 tasks finished
[2026-02-13 11:20:38,969 capri INFO] Rearranging cluster information into capri_clt.tsv
[2026-02-13 11:20:38,976 cli_clean INFO] Compressing '../3_emref' folder
[2026-02-13 11:20:38,976 clean_steps INFO] Cleaning output for '../3_emref' using 20 cores.
[2026-02-13 11:20:39,113 libtimer INFO] compressing took 0 seconds
[2026-02-13 11:20:39,114 cli_analyse INFO] CAPRI files identified
[2026-02-13 11:20:39,116 cli_analyse INFO] Plotting results..
[2026-02-13 11:20:40,234 cli_analyse INFO] Summary archive summary.tgz created!
[2026-02-13 11:20:40,234 cli_analyse INFO] moving files to analysis folder
[2026-02-13 11:20:40,234 cli_analyse INFO] cancelling unsuccesful analysis folders
[2026-02-13 11:20:40,235 cli_analyse INFO] updating paths in analysis/1_rigidbody_analysis/capri_ss.tsv
[2026-02-13 11:20:40,235 cli_analyse INFO] View the results in analysis/1_rigidbody_analysis/report.html
[2026-02-13 11:20:40,235 cli_analyse INFO] To view structures or download the structure files, in a terminal run the command `python -m http.server --directory /mnt/Data/PopOS/Data_Ana/Wu/clawdPorjects/HADDOCK_test/results/run_Neg_CCTAAAGTCACTACTC-1_contig_1_1`. By default, http server runs on `http://0.0.0.0:8000/`. Open the link http://0.0.0.0:8000/analysis/1_rigidbody_analysis/report.html in a web browser.
[2026-02-13 11:20:40,235 cli_analyse INFO] updating paths in analysis/2_flexref_analysis/capri_ss.tsv
[2026-02-13 11:20:40,235 cli_analyse INFO] View the results in analysis/2_flexref_analysis/report.html
[2026-02-13 11:20:40,235 cli_analyse INFO] To view structures or download the structure files, in a terminal run the command `python -m http.server --directory /mnt/Data/PopOS/Data_Ana/Wu/clawdPorjects/HADDOCK_test/results/run_Neg_CCTAAAGTCACTACTC-1_contig_1_1`. By default, http server runs on `http://0.0.0.0:8000/`. Open the link http://0.0.0.0:8000/analysis/2_flexref_analysis/report.html in a web browser.
[2026-02-13 11:20:40,235 cli_analyse INFO] updating paths in analysis/3_emref_analysis/capri_ss.tsv
[2026-02-13 11:20:40,235 cli_analyse INFO] View the results in analysis/3_emref_analysis/report.html
[2026-02-13 11:20:40,235 cli_analyse INFO] To view structures or download the structure files, in a terminal run the command `python -m http.server --directory /mnt/Data/PopOS/Data_Ana/Wu/clawdPorjects/HADDOCK_test/results/run_Neg_CCTAAAGTCACTACTC-1_contig_1_1`. By default, http server runs on `http://0.0.0.0:8000/`. Open the link http://0.0.0.0:8000/analysis/3_emref_analysis/report.html in a web browser.
[2026-02-13 11:20:40,235 cli_traceback INFO] Running haddock3-traceback on ./
[2026-02-13 11:20:40,235 cli_traceback INFO] Reading input run directory
[2026-02-13 11:20:40,235 cli_traceback INFO] All_steps: 0_topoaa, 1_rigidbody, 2_flexref, 3_emref
[2026-02-13 11:20:40,236 cli_traceback INFO] Modules not to be analysed: 0_topoaa
[2026-02-13 11:20:40,236 cli_traceback INFO] Steps to trace back: 1_rigidbody, 2_flexref, 3_emref
[2026-02-13 11:20:40,236 cli_traceback INFO] Created directory: /mnt/Data/PopOS/Data_Ana/Wu/clawdPorjects/HADDOCK_test/results/run_Neg_CCTAAAGTCACTACTC-1_contig_1_1/traceback
[2026-02-13 11:20:40,236 cli_traceback INFO] Tracing back step 3_emref
[2026-02-13 11:20:40,238 cli_traceback INFO] Tracing back step 2_flexref
[2026-02-13 11:20:40,240 cli_traceback INFO] Tracing back step 1_rigidbody
[2026-02-13 11:20:40,244 cli_traceback INFO] Output dataframe traceback/traceback.tsv created with shape (20, 8)
[2026-02-13 11:20:40,271 clean_steps INFO] Cleaning output for '0_topoaa' using 20 cores.
[2026-02-13 11:20:40,413 libtimer INFO] cleaning output files took 0 seconds
[2026-02-13 11:20:40,413 clean_steps INFO] Cleaning output for '1_rigidbody' using 20 cores.
[2026-02-13 11:20:40,423 libtimer INFO] cleaning output files took 0 seconds
[2026-02-13 11:20:40,424 clean_steps INFO] Cleaning output for '2_flexref' using 20 cores.
[2026-02-13 11:20:40,444 libtimer INFO] cleaning output files took 0 seconds
[2026-02-13 11:20:40,444 clean_steps INFO] Cleaning output for '3_emref' using 20 cores.
[2026-02-13 11:20:40,471 libtimer INFO] cleaning output files took 0 seconds
[2026-02-13 11:20:40,471 cli INFO] This HADDOCK3 run took: 2 minutes and 11 seconds
[2026-02-13 11:20:40,472 greetings INFO] Your feedback matters in Haddock3! Share your experience and help us grow:
[2026-02-13 11:20:40,472 greetings INFO] GitHub issues: https://github.com/haddocking/haddock3/issues
[2026-02-13 11:20:40,472 greetings INFO] BioExcel feedback: https://www.bonvinlab.org/feedback
[2026-02-13 11:20:40,472 greetings INFO] BioExcel forum: https://ask.bioexcel.eu/c/haddock/6
[2026-02-13 11:20:40,472 cli INFO] Finished at 13/02/2026 11:20:40. Do pobachennya! Tot ziens! Good bye!
