[2026-02-06 04:13:30,217 cli INFO] 
##############################################
#                                            #
#                 HADDOCK3                   #
#                                            #
##############################################

!! Some of the HADDOCK3 components use CNS (Crystallographic and NMR System) which is free of use for non-profit applications. !!
!! For commercial use it is your own responsibility to have a proper license. !!
!! For details refer to the DISCLAIMER file in the HADDOCK3 repository. !!

Starting HADDOCK3 v2024.10.0b7 on 2026-02-06 04:13:00

Python 3.10.12 (main, Feb  4 2025, 14:57:36) [GCC 11.4.0]

[2026-02-06 04:13:33,882 libworkflow INFO] Reading instructions step 0_topoaa
[2026-02-06 04:13:33,882 libworkflow INFO] Reading instructions step 1_rigidbody
[2026-02-06 04:13:33,882 libworkflow INFO] Reading instructions step 2_flexref
[2026-02-06 04:13:33,882 libworkflow INFO] Reading instructions step 3_emref
[2026-02-06 04:13:33,896 base_cns_module INFO] Running [topoaa] module
[2026-02-06 04:13:33,896 __init__ INFO] [topoaa] Molecule 1: receptor_single_604_Epi.pdb
[2026-02-06 04:13:33,898 __init__ INFO] [topoaa] Sanitizing molecule receptor_single_604_Epi.pdb
[2026-02-06 04:13:33,904 __init__ INFO] [topoaa] Topology CNS input created
[2026-02-06 04:13:33,904 __init__ INFO] [topoaa] Molecule 2: ligand_single_604_Epi.pdb
[2026-02-06 04:13:33,905 __init__ INFO] [topoaa] Sanitizing molecule ligand_single_604_Epi.pdb
[2026-02-06 04:13:33,908 __init__ INFO] [topoaa] Topology CNS input created
[2026-02-06 04:13:33,908 __init__ INFO] [topoaa] Running CNS Jobs n=2
[2026-02-06 04:13:33,908 libutil INFO] Selected 2 cores to process 2 jobs, with 32 maximum available cores.
[2026-02-06 04:13:33,909 libparallel INFO] Using 2 cores
[2026-02-06 04:13:37,196 libparallel INFO] 2 tasks finished
[2026-02-06 04:13:37,196 __init__ INFO] [topoaa] CNS jobs have finished
[2026-02-06 04:13:37,198 base_cns_module INFO] Module [topoaa] finished.
[2026-02-06 04:13:37,198 __init__ INFO] [topoaa] took 3 seconds
[2026-02-06 04:13:37,541 base_cns_module INFO] Running [rigidbody] module
[2026-02-06 04:13:37,541 __init__ INFO] [rigidbody] crossdock=true
[2026-02-06 04:13:37,541 __init__ INFO] [rigidbody] Preparing jobs...
[2026-02-06 04:13:37,543 libutil INFO] Selected 20 cores to process 20 jobs, with 32 maximum available cores.
[2026-02-06 04:13:37,544 libparallel INFO] Using 20 cores
[2026-02-06 04:13:37,570 libparallel INFO] 20 tasks finished
[2026-02-06 04:13:37,570 __init__ INFO] [rigidbody] Preparation took 0.029083 seconds
[2026-02-06 04:13:37,572 __init__ INFO] [rigidbody] Running CNS Jobs n=20
[2026-02-06 04:13:37,572 libutil INFO] Selected 20 cores to process 20 jobs, with 32 maximum available cores.
[2026-02-06 04:13:37,572 libparallel INFO] Using 20 cores
[2026-02-06 04:13:49,100 libparallel INFO] 20 tasks finished
[2026-02-06 04:13:49,100 __init__ INFO] [rigidbody] CNS jobs have finished
[2026-02-06 04:13:49,128 base_cns_module INFO] Module [rigidbody] finished.
[2026-02-06 04:13:49,128 __init__ INFO] [rigidbody] took 12 seconds
[2026-02-06 04:13:49,505 base_cns_module INFO] Running [flexref] module
[2026-02-06 04:13:49,563 __init__ INFO] [flexref] Running CNS Jobs n=20
[2026-02-06 04:13:49,563 libutil INFO] Selected 20 cores to process 20 jobs, with 32 maximum available cores.
[2026-02-06 04:13:49,564 libparallel INFO] Using 20 cores
[2026-02-06 04:15:22,172 libparallel INFO] 20 tasks finished
[2026-02-06 04:15:22,172 __init__ INFO] [flexref] CNS jobs have finished
[2026-02-06 04:15:22,206 base_cns_module INFO] Module [flexref] finished.
[2026-02-06 04:15:22,207 __init__ INFO] [flexref] took 1 minute and 33 seconds
[2026-02-06 04:15:22,547 base_cns_module INFO] Running [emref] module
[2026-02-06 04:15:22,604 __init__ INFO] [emref] Running CNS Jobs n=20
[2026-02-06 04:15:22,604 libutil INFO] Selected 20 cores to process 20 jobs, with 32 maximum available cores.
[2026-02-06 04:15:22,604 libparallel INFO] Using 20 cores
[2026-02-06 04:15:29,891 libparallel INFO] 20 tasks finished
[2026-02-06 04:15:29,892 __init__ INFO] [emref] CNS jobs have finished
[2026-02-06 04:15:29,919 base_cns_module INFO] Module [emref] finished.
[2026-02-06 04:15:29,919 __init__ INFO] [emref] took 7 seconds
[2026-02-06 04:15:29,919 cli_analyse INFO] Running haddock3-analyse on ./, modules [], with top_cluster = 10
[2026-02-06 04:15:29,926 cli_analyse INFO] Created directory: /mnt/Data/PopOS/Data_Ana/Wu/clawdPorjects/HADDOCK_test/results/run_604_Epi/analysis
[2026-02-06 04:15:29,926 cli_analyse INFO] Reading input run directory
[2026-02-06 04:15:29,926 cli_analyse INFO] selected steps: 0_topoaa, 1_rigidbody, 2_flexref, 3_emref
[2026-02-06 04:15:29,926 cli_analyse INFO] Analysing step 0_topoaa
[2026-02-06 04:15:29,927 cli_analyse WARNING] Could not execute the analysis for step 0_topoaa. The following error occurred 'dict' object has no attribute 'rel_path'
[2026-02-06 04:15:29,927 cli_analyse INFO] Analysing step 1_rigidbody
[2026-02-06 04:15:29,928 cli_unpack INFO] Unpacking '../1_rigidbody' folder
[2026-02-06 04:15:29,928 libtimer INFO] unpacking took 0 seconds
[2026-02-06 04:15:29,941 capri INFO] Found previous CNS step: 1_rigidbody
[2026-02-06 04:15:30,050 capri INFO] Saved scoring weights to: weights_params.json
[2026-02-06 04:15:30,050 __init__ INFO] [caprieval] No reference structure provided. Using the structure with the lowest score from previous step
[2026-02-06 04:15:30,135 libutil INFO] Selected 20 cores to process 20 jobs, with 32 maximum available cores.
[2026-02-06 04:15:30,136 libparallel INFO] Using 20 cores
[2026-02-06 04:15:30,622 libparallel INFO] 20 tasks finished
[2026-02-06 04:15:30,623 capri INFO] Rearranging cluster information into capri_clt.tsv
[2026-02-06 04:15:30,627 cli_clean INFO] Compressing '../1_rigidbody' folder
[2026-02-06 04:15:30,627 clean_steps INFO] Cleaning output for '../1_rigidbody' using 20 cores.
[2026-02-06 04:15:30,759 libtimer INFO] compressing took 0 seconds
[2026-02-06 04:15:30,759 cli_analyse INFO] CAPRI files identified
[2026-02-06 04:15:30,761 cli_analyse INFO] Plotting results..
[2026-02-06 04:15:32,024 cli_analyse INFO] Summary archive summary.tgz created!
[2026-02-06 04:15:32,025 cli_analyse INFO] Analysing step 2_flexref
[2026-02-06 04:15:32,027 cli_unpack INFO] Unpacking '../2_flexref' folder
[2026-02-06 04:15:32,027 libtimer INFO] unpacking took 0 seconds
[2026-02-06 04:15:32,040 capri INFO] Found previous CNS step: 2_flexref
[2026-02-06 04:15:32,277 capri INFO] Saved scoring weights to: weights_params.json
[2026-02-06 04:15:32,277 __init__ INFO] [caprieval] No reference structure provided. Using the structure with the lowest score from previous step
[2026-02-06 04:15:32,365 libutil INFO] Selected 20 cores to process 20 jobs, with 32 maximum available cores.
[2026-02-06 04:15:32,366 libparallel INFO] Using 20 cores
[2026-02-06 04:15:32,734 libparallel INFO] 20 tasks finished
[2026-02-06 04:15:32,735 capri INFO] Rearranging cluster information into capri_clt.tsv
[2026-02-06 04:15:32,738 cli_clean INFO] Compressing '../2_flexref' folder
[2026-02-06 04:15:32,739 clean_steps INFO] Cleaning output for '../2_flexref' using 20 cores.
[2026-02-06 04:15:32,859 libtimer INFO] compressing took 0 seconds
[2026-02-06 04:15:32,859 cli_analyse INFO] CAPRI files identified
[2026-02-06 04:15:32,861 cli_analyse INFO] Plotting results..
[2026-02-06 04:15:33,969 cli_analyse INFO] Summary archive summary.tgz created!
[2026-02-06 04:15:33,969 cli_analyse INFO] Analysing step 3_emref
[2026-02-06 04:15:33,971 cli_unpack INFO] Unpacking '../3_emref' folder
[2026-02-06 04:15:33,971 libtimer INFO] unpacking took 0 seconds
[2026-02-06 04:15:33,985 capri INFO] Found previous CNS step: 3_emref
[2026-02-06 04:15:34,086 capri INFO] Saved scoring weights to: weights_params.json
[2026-02-06 04:15:34,086 __init__ INFO] [caprieval] No reference structure provided. Using the structure with the lowest score from previous step
[2026-02-06 04:15:34,173 libutil INFO] Selected 20 cores to process 20 jobs, with 32 maximum available cores.
[2026-02-06 04:15:34,173 libparallel INFO] Using 20 cores
[2026-02-06 04:15:34,566 libparallel INFO] 20 tasks finished
[2026-02-06 04:15:34,567 capri INFO] Rearranging cluster information into capri_clt.tsv
[2026-02-06 04:15:34,572 cli_clean INFO] Compressing '../3_emref' folder
[2026-02-06 04:15:34,572 clean_steps INFO] Cleaning output for '../3_emref' using 20 cores.
[2026-02-06 04:15:34,698 libtimer INFO] compressing took 0 seconds
[2026-02-06 04:15:34,698 cli_analyse INFO] CAPRI files identified
[2026-02-06 04:15:34,700 cli_analyse INFO] Plotting results..
[2026-02-06 04:15:35,805 cli_analyse INFO] Summary archive summary.tgz created!
[2026-02-06 04:15:35,805 cli_analyse INFO] moving files to analysis folder
[2026-02-06 04:15:35,805 cli_analyse INFO] cancelling unsuccesful analysis folders
[2026-02-06 04:15:35,805 cli_analyse INFO] updating paths in analysis/1_rigidbody_analysis/capri_ss.tsv
[2026-02-06 04:15:35,806 cli_analyse INFO] View the results in analysis/1_rigidbody_analysis/report.html
[2026-02-06 04:15:35,806 cli_analyse INFO] To view structures or download the structure files, in a terminal run the command `python -m http.server --directory /mnt/Data/PopOS/Data_Ana/Wu/clawdPorjects/HADDOCK_test/results/run_604_Epi`. By default, http server runs on `http://0.0.0.0:8000/`. Open the link http://0.0.0.0:8000/analysis/1_rigidbody_analysis/report.html in a web browser.
[2026-02-06 04:15:35,806 cli_analyse INFO] updating paths in analysis/2_flexref_analysis/capri_ss.tsv
[2026-02-06 04:15:35,806 cli_analyse INFO] View the results in analysis/2_flexref_analysis/report.html
[2026-02-06 04:15:35,806 cli_analyse INFO] To view structures or download the structure files, in a terminal run the command `python -m http.server --directory /mnt/Data/PopOS/Data_Ana/Wu/clawdPorjects/HADDOCK_test/results/run_604_Epi`. By default, http server runs on `http://0.0.0.0:8000/`. Open the link http://0.0.0.0:8000/analysis/2_flexref_analysis/report.html in a web browser.
[2026-02-06 04:15:35,806 cli_analyse INFO] updating paths in analysis/3_emref_analysis/capri_ss.tsv
[2026-02-06 04:15:35,806 cli_analyse INFO] View the results in analysis/3_emref_analysis/report.html
[2026-02-06 04:15:35,806 cli_analyse INFO] To view structures or download the structure files, in a terminal run the command `python -m http.server --directory /mnt/Data/PopOS/Data_Ana/Wu/clawdPorjects/HADDOCK_test/results/run_604_Epi`. By default, http server runs on `http://0.0.0.0:8000/`. Open the link http://0.0.0.0:8000/analysis/3_emref_analysis/report.html in a web browser.
[2026-02-06 04:15:35,806 cli_traceback INFO] Running haddock3-traceback on ./
[2026-02-06 04:15:35,806 cli_traceback INFO] Reading input run directory
[2026-02-06 04:15:35,806 cli_traceback INFO] All_steps: 0_topoaa, 1_rigidbody, 2_flexref, 3_emref
[2026-02-06 04:15:35,807 cli_traceback INFO] Modules not to be analysed: 0_topoaa
[2026-02-06 04:15:35,807 cli_traceback INFO] Steps to trace back: 1_rigidbody, 2_flexref, 3_emref
[2026-02-06 04:15:35,807 cli_traceback INFO] Created directory: /mnt/Data/PopOS/Data_Ana/Wu/clawdPorjects/HADDOCK_test/results/run_604_Epi/traceback
[2026-02-06 04:15:35,807 cli_traceback INFO] Tracing back step 3_emref
[2026-02-06 04:15:35,809 cli_traceback INFO] Tracing back step 2_flexref
[2026-02-06 04:15:35,811 cli_traceback INFO] Tracing back step 1_rigidbody
[2026-02-06 04:15:35,814 cli_traceback INFO] Output dataframe traceback/traceback.tsv created with shape (20, 8)
[2026-02-06 04:15:35,840 clean_steps INFO] Cleaning output for '0_topoaa' using 20 cores.
[2026-02-06 04:15:35,978 libtimer INFO] cleaning output files took 0 seconds
[2026-02-06 04:15:35,978 clean_steps INFO] Cleaning output for '1_rigidbody' using 20 cores.
[2026-02-06 04:15:35,994 libtimer INFO] cleaning output files took 0 seconds
[2026-02-06 04:15:35,994 clean_steps INFO] Cleaning output for '2_flexref' using 20 cores.
[2026-02-06 04:15:36,012 libtimer INFO] cleaning output files took 0 seconds
[2026-02-06 04:15:36,012 clean_steps INFO] Cleaning output for '3_emref' using 20 cores.
[2026-02-06 04:15:36,027 libtimer INFO] cleaning output files took 0 seconds
[2026-02-06 04:15:36,027 cli INFO] This HADDOCK3 run took: 2 minutes and 6 seconds
[2026-02-06 04:15:36,027 greetings INFO] Your feedback matters in Haddock3! Share your experience and help us grow:
[2026-02-06 04:15:36,028 greetings INFO] GitHub issues: https://github.com/haddocking/haddock3/issues
[2026-02-06 04:15:36,028 greetings INFO] BioExcel feedback: https://www.bonvinlab.org/feedback
[2026-02-06 04:15:36,028 greetings INFO] BioExcel forum: https://ask.bioexcel.eu/c/haddock/6
[2026-02-06 04:15:36,028 cli INFO] Finished at 06/02/2026 04:15:36. Tot ziens! Dovidenia! Good bye!
