[2026-02-06 03:50:44,752 cli INFO] 
##############################################
#                                            #
#                 HADDOCK3                   #
#                                            #
##############################################

!! Some of the HADDOCK3 components use CNS (Crystallographic and NMR System) which is free of use for non-profit applications. !!
!! For commercial use it is your own responsibility to have a proper license. !!
!! For details refer to the DISCLAIMER file in the HADDOCK3 repository. !!

Starting HADDOCK3 v2024.10.0b7 on 2026-02-06 03:50:00

Python 3.10.12 (main, Feb  4 2025, 14:57:36) [GCC 11.4.0]

[2026-02-06 03:50:48,398 libworkflow INFO] Reading instructions step 0_topoaa
[2026-02-06 03:50:48,398 libworkflow INFO] Reading instructions step 1_rigidbody
[2026-02-06 03:50:48,399 libworkflow INFO] Reading instructions step 2_flexref
[2026-02-06 03:50:48,399 libworkflow INFO] Reading instructions step 3_emref
[2026-02-06 03:50:48,412 base_cns_module INFO] Running [topoaa] module
[2026-02-06 03:50:48,413 __init__ INFO] [topoaa] Molecule 1: receptor_single_14-2_Epi.pdb
[2026-02-06 03:50:48,414 __init__ INFO] [topoaa] Sanitizing molecule receptor_single_14-2_Epi.pdb
[2026-02-06 03:50:48,421 __init__ INFO] [topoaa] Topology CNS input created
[2026-02-06 03:50:48,421 __init__ INFO] [topoaa] Molecule 2: ligand_single_14-2_Epi.pdb
[2026-02-06 03:50:48,422 __init__ INFO] [topoaa] Sanitizing molecule ligand_single_14-2_Epi.pdb
[2026-02-06 03:50:48,425 __init__ INFO] [topoaa] Topology CNS input created
[2026-02-06 03:50:48,425 __init__ INFO] [topoaa] Running CNS Jobs n=2
[2026-02-06 03:50:48,425 libutil INFO] Selected 2 cores to process 2 jobs, with 32 maximum available cores.
[2026-02-06 03:50:48,426 libparallel INFO] Using 2 cores
[2026-02-06 03:50:51,673 libparallel INFO] 2 tasks finished
[2026-02-06 03:50:51,674 __init__ INFO] [topoaa] CNS jobs have finished
[2026-02-06 03:50:51,675 base_cns_module INFO] Module [topoaa] finished.
[2026-02-06 03:50:51,676 __init__ INFO] [topoaa] took 3 seconds
[2026-02-06 03:50:52,012 base_cns_module INFO] Running [rigidbody] module
[2026-02-06 03:50:52,013 __init__ INFO] [rigidbody] crossdock=true
[2026-02-06 03:50:52,013 __init__ INFO] [rigidbody] Preparing jobs...
[2026-02-06 03:50:52,015 libutil INFO] Selected 20 cores to process 20 jobs, with 32 maximum available cores.
[2026-02-06 03:50:52,015 libparallel INFO] Using 20 cores
[2026-02-06 03:50:52,042 libparallel INFO] 20 tasks finished
[2026-02-06 03:50:52,043 __init__ INFO] [rigidbody] Preparation took 0.029811 seconds
[2026-02-06 03:50:52,044 __init__ INFO] [rigidbody] Running CNS Jobs n=20
[2026-02-06 03:50:52,044 libutil INFO] Selected 20 cores to process 20 jobs, with 32 maximum available cores.
[2026-02-06 03:50:52,044 libparallel INFO] Using 20 cores
[2026-02-06 03:51:02,618 libparallel INFO] 20 tasks finished
[2026-02-06 03:51:02,618 __init__ INFO] [rigidbody] CNS jobs have finished
[2026-02-06 03:51:02,644 base_cns_module INFO] Module [rigidbody] finished.
[2026-02-06 03:51:02,644 __init__ INFO] [rigidbody] took 11 seconds
[2026-02-06 03:51:03,018 base_cns_module INFO] Running [flexref] module
[2026-02-06 03:51:03,075 __init__ INFO] [flexref] Running CNS Jobs n=20
[2026-02-06 03:51:03,075 libutil INFO] Selected 20 cores to process 20 jobs, with 32 maximum available cores.
[2026-02-06 03:51:03,075 libparallel INFO] Using 20 cores
[2026-02-06 03:52:33,411 libparallel INFO] 20 tasks finished
[2026-02-06 03:52:33,411 __init__ INFO] [flexref] CNS jobs have finished
[2026-02-06 03:52:33,439 base_cns_module INFO] Module [flexref] finished.
[2026-02-06 03:52:33,439 __init__ INFO] [flexref] took 1 minute and 30 seconds
[2026-02-06 03:52:33,772 base_cns_module INFO] Running [emref] module
[2026-02-06 03:52:33,827 __init__ INFO] [emref] Running CNS Jobs n=20
[2026-02-06 03:52:33,827 libutil INFO] Selected 20 cores to process 20 jobs, with 32 maximum available cores.
[2026-02-06 03:52:33,828 libparallel INFO] Using 20 cores
[2026-02-06 03:52:40,666 libparallel INFO] 20 tasks finished
[2026-02-06 03:52:40,667 __init__ INFO] [emref] CNS jobs have finished
[2026-02-06 03:52:40,695 base_cns_module INFO] Module [emref] finished.
[2026-02-06 03:52:40,695 __init__ INFO] [emref] took 7 seconds
[2026-02-06 03:52:40,695 cli_analyse INFO] Running haddock3-analyse on ./, modules [], with top_cluster = 10
[2026-02-06 03:52:40,702 cli_analyse INFO] Created directory: /mnt/Data/PopOS/Data_Ana/Wu/clawdPorjects/HADDOCK_test/results/run_14-2_Epi/analysis
[2026-02-06 03:52:40,702 cli_analyse INFO] Reading input run directory
[2026-02-06 03:52:40,702 cli_analyse INFO] selected steps: 0_topoaa, 1_rigidbody, 2_flexref, 3_emref
[2026-02-06 03:52:40,702 cli_analyse INFO] Analysing step 0_topoaa
[2026-02-06 03:52:40,702 cli_analyse WARNING] Could not execute the analysis for step 0_topoaa. The following error occurred 'dict' object has no attribute 'rel_path'
[2026-02-06 03:52:40,702 cli_analyse INFO] Analysing step 1_rigidbody
[2026-02-06 03:52:40,704 cli_unpack INFO] Unpacking '../1_rigidbody' folder
[2026-02-06 03:52:40,704 libtimer INFO] unpacking took 0 seconds
[2026-02-06 03:52:40,717 capri INFO] Found previous CNS step: 1_rigidbody
[2026-02-06 03:52:40,824 capri INFO] Saved scoring weights to: weights_params.json
[2026-02-06 03:52:40,824 __init__ INFO] [caprieval] No reference structure provided. Using the structure with the lowest score from previous step
[2026-02-06 03:52:40,909 libutil INFO] Selected 20 cores to process 20 jobs, with 32 maximum available cores.
[2026-02-06 03:52:40,909 libparallel INFO] Using 20 cores
[2026-02-06 03:52:41,422 libparallel INFO] 20 tasks finished
[2026-02-06 03:52:41,423 capri INFO] Rearranging cluster information into capri_clt.tsv
[2026-02-06 03:52:41,430 cli_clean INFO] Compressing '../1_rigidbody' folder
[2026-02-06 03:52:41,430 clean_steps INFO] Cleaning output for '../1_rigidbody' using 20 cores.
[2026-02-06 03:52:41,566 libtimer INFO] compressing took 0 seconds
[2026-02-06 03:52:41,566 cli_analyse INFO] CAPRI files identified
[2026-02-06 03:52:41,568 cli_analyse INFO] Plotting results..
[2026-02-06 03:52:42,770 cli_analyse INFO] Summary archive summary.tgz created!
[2026-02-06 03:52:42,770 cli_analyse INFO] Analysing step 2_flexref
[2026-02-06 03:52:42,772 cli_unpack INFO] Unpacking '../2_flexref' folder
[2026-02-06 03:52:42,773 libtimer INFO] unpacking took 0 seconds
[2026-02-06 03:52:42,786 capri INFO] Found previous CNS step: 2_flexref
[2026-02-06 03:52:43,026 capri INFO] Saved scoring weights to: weights_params.json
[2026-02-06 03:52:43,026 __init__ INFO] [caprieval] No reference structure provided. Using the structure with the lowest score from previous step
[2026-02-06 03:52:43,112 libutil INFO] Selected 20 cores to process 20 jobs, with 32 maximum available cores.
[2026-02-06 03:52:43,112 libparallel INFO] Using 20 cores
[2026-02-06 03:52:43,485 libparallel INFO] 20 tasks finished
[2026-02-06 03:52:43,486 capri INFO] Rearranging cluster information into capri_clt.tsv
[2026-02-06 03:52:43,493 cli_clean INFO] Compressing '../2_flexref' folder
[2026-02-06 03:52:43,494 clean_steps INFO] Cleaning output for '../2_flexref' using 20 cores.
[2026-02-06 03:52:43,612 libtimer INFO] compressing took 0 seconds
[2026-02-06 03:52:43,613 cli_analyse INFO] CAPRI files identified
[2026-02-06 03:52:43,615 cli_analyse INFO] Plotting results..
[2026-02-06 03:52:44,703 cli_analyse INFO] Summary archive summary.tgz created!
[2026-02-06 03:52:44,703 cli_analyse INFO] Analysing step 3_emref
[2026-02-06 03:52:44,705 cli_unpack INFO] Unpacking '../3_emref' folder
[2026-02-06 03:52:44,706 libtimer INFO] unpacking took 0 seconds
[2026-02-06 03:52:44,719 capri INFO] Found previous CNS step: 3_emref
[2026-02-06 03:52:44,819 capri INFO] Saved scoring weights to: weights_params.json
[2026-02-06 03:52:44,819 __init__ INFO] [caprieval] No reference structure provided. Using the structure with the lowest score from previous step
[2026-02-06 03:52:44,904 libutil INFO] Selected 20 cores to process 20 jobs, with 32 maximum available cores.
[2026-02-06 03:52:44,904 libparallel INFO] Using 20 cores
[2026-02-06 03:52:45,285 libparallel INFO] 20 tasks finished
[2026-02-06 03:52:45,286 capri INFO] Rearranging cluster information into capri_clt.tsv
[2026-02-06 03:52:45,291 cli_clean INFO] Compressing '../3_emref' folder
[2026-02-06 03:52:45,291 clean_steps INFO] Cleaning output for '../3_emref' using 20 cores.
[2026-02-06 03:52:45,410 libtimer INFO] compressing took 0 seconds
[2026-02-06 03:52:45,411 cli_analyse INFO] CAPRI files identified
[2026-02-06 03:52:45,412 cli_analyse INFO] Plotting results..
[2026-02-06 03:52:46,554 cli_analyse INFO] Summary archive summary.tgz created!
[2026-02-06 03:52:46,554 cli_analyse INFO] moving files to analysis folder
[2026-02-06 03:52:46,554 cli_analyse INFO] cancelling unsuccesful analysis folders
[2026-02-06 03:52:46,554 cli_analyse INFO] updating paths in analysis/1_rigidbody_analysis/capri_ss.tsv
[2026-02-06 03:52:46,554 cli_analyse INFO] View the results in analysis/1_rigidbody_analysis/report.html
[2026-02-06 03:52:46,554 cli_analyse INFO] To view structures or download the structure files, in a terminal run the command `python -m http.server --directory /mnt/Data/PopOS/Data_Ana/Wu/clawdPorjects/HADDOCK_test/results/run_14-2_Epi`. By default, http server runs on `http://0.0.0.0:8000/`. Open the link http://0.0.0.0:8000/analysis/1_rigidbody_analysis/report.html in a web browser.
[2026-02-06 03:52:46,554 cli_analyse INFO] updating paths in analysis/2_flexref_analysis/capri_ss.tsv
[2026-02-06 03:52:46,554 cli_analyse INFO] View the results in analysis/2_flexref_analysis/report.html
[2026-02-06 03:52:46,554 cli_analyse INFO] To view structures or download the structure files, in a terminal run the command `python -m http.server --directory /mnt/Data/PopOS/Data_Ana/Wu/clawdPorjects/HADDOCK_test/results/run_14-2_Epi`. By default, http server runs on `http://0.0.0.0:8000/`. Open the link http://0.0.0.0:8000/analysis/2_flexref_analysis/report.html in a web browser.
[2026-02-06 03:52:46,554 cli_analyse INFO] updating paths in analysis/3_emref_analysis/capri_ss.tsv
[2026-02-06 03:52:46,555 cli_analyse INFO] View the results in analysis/3_emref_analysis/report.html
[2026-02-06 03:52:46,555 cli_analyse INFO] To view structures or download the structure files, in a terminal run the command `python -m http.server --directory /mnt/Data/PopOS/Data_Ana/Wu/clawdPorjects/HADDOCK_test/results/run_14-2_Epi`. By default, http server runs on `http://0.0.0.0:8000/`. Open the link http://0.0.0.0:8000/analysis/3_emref_analysis/report.html in a web browser.
[2026-02-06 03:52:46,555 cli_traceback INFO] Running haddock3-traceback on ./
[2026-02-06 03:52:46,555 cli_traceback INFO] Reading input run directory
[2026-02-06 03:52:46,555 cli_traceback INFO] All_steps: 0_topoaa, 1_rigidbody, 2_flexref, 3_emref
[2026-02-06 03:52:46,555 cli_traceback INFO] Modules not to be analysed: 0_topoaa
[2026-02-06 03:52:46,555 cli_traceback INFO] Steps to trace back: 1_rigidbody, 2_flexref, 3_emref
[2026-02-06 03:52:46,555 cli_traceback INFO] Created directory: /mnt/Data/PopOS/Data_Ana/Wu/clawdPorjects/HADDOCK_test/results/run_14-2_Epi/traceback
[2026-02-06 03:52:46,555 cli_traceback INFO] Tracing back step 3_emref
[2026-02-06 03:52:46,557 cli_traceback INFO] Tracing back step 2_flexref
[2026-02-06 03:52:46,559 cli_traceback INFO] Tracing back step 1_rigidbody
[2026-02-06 03:52:46,563 cli_traceback INFO] Output dataframe traceback/traceback.tsv created with shape (20, 8)
[2026-02-06 03:52:46,590 clean_steps INFO] Cleaning output for '0_topoaa' using 20 cores.
[2026-02-06 03:52:46,724 libtimer INFO] cleaning output files took 0 seconds
[2026-02-06 03:52:46,725 clean_steps INFO] Cleaning output for '1_rigidbody' using 20 cores.
[2026-02-06 03:52:46,735 libtimer INFO] cleaning output files took 0 seconds
[2026-02-06 03:52:46,736 clean_steps INFO] Cleaning output for '2_flexref' using 20 cores.
[2026-02-06 03:52:46,748 libtimer INFO] cleaning output files took 0 seconds
[2026-02-06 03:52:46,748 clean_steps INFO] Cleaning output for '3_emref' using 20 cores.
[2026-02-06 03:52:46,757 libtimer INFO] cleaning output files took 0 seconds
[2026-02-06 03:52:46,758 cli INFO] This HADDOCK3 run took: 2 minutes and 2 seconds
[2026-02-06 03:52:46,758 greetings INFO] Your feedback matters in Haddock3! Share your experience and help us grow:
[2026-02-06 03:52:46,758 greetings INFO] GitHub issues: https://github.com/haddocking/haddock3/issues
[2026-02-06 03:52:46,758 greetings INFO] BioExcel feedback: https://www.bonvinlab.org/feedback
[2026-02-06 03:52:46,758 greetings INFO] BioExcel forum: https://ask.bioexcel.eu/c/haddock/6
[2026-02-06 03:52:46,758 cli INFO] Finished at 06/02/2026 03:52:46. Ciao! Até logo! Good bye!
