[2026-02-13 12:47:28,521 cli INFO] 
##############################################
#                                            #
#                 HADDOCK3                   #
#                                            #
##############################################

!! Some of the HADDOCK3 components use CNS (Crystallographic and NMR System) which is free of use for non-profit applications. !!
!! For commercial use it is your own responsibility to have a proper license. !!
!! For details refer to the DISCLAIMER file in the HADDOCK3 repository. !!

Starting HADDOCK3 v2024.10.0b7 on 2026-02-13 12:47:00

Python 3.10.12 (main, Feb  4 2025, 14:57:36) [GCC 11.4.0]

[2026-02-13 12:47:32,182 libworkflow INFO] Reading instructions step 0_topoaa
[2026-02-13 12:47:32,182 libworkflow INFO] Reading instructions step 1_rigidbody
[2026-02-13 12:47:32,183 libworkflow INFO] Reading instructions step 2_flexref
[2026-02-13 12:47:32,183 libworkflow INFO] Reading instructions step 3_emref
[2026-02-13 12:47:32,196 base_cns_module INFO] Running [topoaa] module
[2026-02-13 12:47:32,196 __init__ INFO] [topoaa] Molecule 1: receptor_single_Pos_CACTCCCAGGGGGCAT-1_contig_1_1.pdb
[2026-02-13 12:47:32,198 __init__ INFO] [topoaa] Sanitizing molecule receptor_single_Pos_CACTCCCAGGGGGCAT-1_contig_1_1.pdb
[2026-02-13 12:47:32,205 __init__ INFO] [topoaa] Topology CNS input created
[2026-02-13 12:47:32,205 __init__ INFO] [topoaa] Molecule 2: ligand_single_Pos_CACTCCCAGGGGGCAT-1_contig_1_1.pdb
[2026-02-13 12:47:32,206 __init__ INFO] [topoaa] Sanitizing molecule ligand_single_Pos_CACTCCCAGGGGGCAT-1_contig_1_1.pdb
[2026-02-13 12:47:32,213 __init__ INFO] [topoaa] Topology CNS input created
[2026-02-13 12:47:32,213 __init__ INFO] [topoaa] Running CNS Jobs n=2
[2026-02-13 12:47:32,213 libutil INFO] Selected 2 cores to process 2 jobs, with 32 maximum available cores.
[2026-02-13 12:47:32,214 libparallel INFO] Using 2 cores
[2026-02-13 12:47:35,448 libparallel INFO] 2 tasks finished
[2026-02-13 12:47:35,448 __init__ INFO] [topoaa] CNS jobs have finished
[2026-02-13 12:47:35,450 base_cns_module INFO] Module [topoaa] finished.
[2026-02-13 12:47:35,450 __init__ INFO] [topoaa] took 3 seconds
[2026-02-13 12:47:35,788 base_cns_module INFO] Running [rigidbody] module
[2026-02-13 12:47:35,789 __init__ INFO] [rigidbody] crossdock=true
[2026-02-13 12:47:35,789 __init__ INFO] [rigidbody] Preparing jobs...
[2026-02-13 12:47:35,791 libutil INFO] Selected 20 cores to process 20 jobs, with 32 maximum available cores.
[2026-02-13 12:47:35,791 libparallel INFO] Using 20 cores
[2026-02-13 12:47:35,817 libparallel INFO] 20 tasks finished
[2026-02-13 12:47:35,818 __init__ INFO] [rigidbody] Preparation took 0.028747 seconds
[2026-02-13 12:47:35,819 __init__ INFO] [rigidbody] Running CNS Jobs n=20
[2026-02-13 12:47:35,819 libutil INFO] Selected 20 cores to process 20 jobs, with 32 maximum available cores.
[2026-02-13 12:47:35,820 libparallel INFO] Using 20 cores
[2026-02-13 12:47:47,051 libparallel INFO] 20 tasks finished
[2026-02-13 12:47:47,051 __init__ INFO] [rigidbody] CNS jobs have finished
[2026-02-13 12:47:47,084 base_cns_module INFO] Module [rigidbody] finished.
[2026-02-13 12:47:47,084 __init__ INFO] [rigidbody] took 11 seconds
[2026-02-13 12:47:47,463 base_cns_module INFO] Running [flexref] module
[2026-02-13 12:47:47,521 __init__ INFO] [flexref] Running CNS Jobs n=20
[2026-02-13 12:47:47,521 libutil INFO] Selected 20 cores to process 20 jobs, with 32 maximum available cores.
[2026-02-13 12:47:47,522 libparallel INFO] Using 20 cores
[2026-02-13 12:49:25,160 libparallel INFO] 20 tasks finished
[2026-02-13 12:49:25,160 __init__ INFO] [flexref] CNS jobs have finished
[2026-02-13 12:49:25,188 base_cns_module INFO] Module [flexref] finished.
[2026-02-13 12:49:25,188 __init__ INFO] [flexref] took 1 minute and 38 seconds
[2026-02-13 12:49:25,524 base_cns_module INFO] Running [emref] module
[2026-02-13 12:49:25,582 __init__ INFO] [emref] Running CNS Jobs n=20
[2026-02-13 12:49:25,582 libutil INFO] Selected 20 cores to process 20 jobs, with 32 maximum available cores.
[2026-02-13 12:49:25,583 libparallel INFO] Using 20 cores
[2026-02-13 12:49:33,077 libparallel INFO] 20 tasks finished
[2026-02-13 12:49:33,077 __init__ INFO] [emref] CNS jobs have finished
[2026-02-13 12:49:33,107 base_cns_module INFO] Module [emref] finished.
[2026-02-13 12:49:33,107 __init__ INFO] [emref] took 8 seconds
[2026-02-13 12:49:33,107 cli_analyse INFO] Running haddock3-analyse on ./, modules [], with top_cluster = 10
[2026-02-13 12:49:33,113 cli_analyse INFO] Created directory: /mnt/Data/PopOS/Data_Ana/Wu/clawdPorjects/HADDOCK_test/results/run_Pos_CACTCCCAGGGGGCAT-1_contig_1_1/analysis
[2026-02-13 12:49:33,114 cli_analyse INFO] Reading input run directory
[2026-02-13 12:49:33,114 cli_analyse INFO] selected steps: 0_topoaa, 1_rigidbody, 2_flexref, 3_emref
[2026-02-13 12:49:33,114 cli_analyse INFO] Analysing step 0_topoaa
[2026-02-13 12:49:33,114 cli_analyse WARNING] Could not execute the analysis for step 0_topoaa. The following error occurred 'dict' object has no attribute 'rel_path'
[2026-02-13 12:49:33,114 cli_analyse INFO] Analysing step 1_rigidbody
[2026-02-13 12:49:33,115 cli_unpack INFO] Unpacking '../1_rigidbody' folder
[2026-02-13 12:49:33,116 libtimer INFO] unpacking took 0 seconds
[2026-02-13 12:49:33,129 capri INFO] Found previous CNS step: 1_rigidbody
[2026-02-13 12:49:33,239 capri INFO] Saved scoring weights to: weights_params.json
[2026-02-13 12:49:33,239 __init__ INFO] [caprieval] No reference structure provided. Using the structure with the lowest score from previous step
[2026-02-13 12:49:33,327 libutil INFO] Selected 20 cores to process 20 jobs, with 32 maximum available cores.
[2026-02-13 12:49:33,327 libparallel INFO] Using 20 cores
[2026-02-13 12:49:33,775 libparallel INFO] 20 tasks finished
[2026-02-13 12:49:33,775 capri INFO] Rearranging cluster information into capri_clt.tsv
[2026-02-13 12:49:33,779 cli_clean INFO] Compressing '../1_rigidbody' folder
[2026-02-13 12:49:33,779 clean_steps INFO] Cleaning output for '../1_rigidbody' using 20 cores.
[2026-02-13 12:49:33,901 libtimer INFO] compressing took 0 seconds
[2026-02-13 12:49:33,901 cli_analyse INFO] CAPRI files identified
[2026-02-13 12:49:33,903 cli_analyse INFO] Plotting results..
[2026-02-13 12:49:35,120 cli_analyse INFO] Summary archive summary.tgz created!
[2026-02-13 12:49:35,121 cli_analyse INFO] Analysing step 2_flexref
[2026-02-13 12:49:35,123 cli_unpack INFO] Unpacking '../2_flexref' folder
[2026-02-13 12:49:35,123 libtimer INFO] unpacking took 0 seconds
[2026-02-13 12:49:35,136 capri INFO] Found previous CNS step: 2_flexref
[2026-02-13 12:49:35,373 capri INFO] Saved scoring weights to: weights_params.json
[2026-02-13 12:49:35,373 __init__ INFO] [caprieval] No reference structure provided. Using the structure with the lowest score from previous step
[2026-02-13 12:49:35,460 libutil INFO] Selected 20 cores to process 20 jobs, with 32 maximum available cores.
[2026-02-13 12:49:35,460 libparallel INFO] Using 20 cores
[2026-02-13 12:49:35,872 libparallel INFO] 20 tasks finished
[2026-02-13 12:49:35,873 capri INFO] Rearranging cluster information into capri_clt.tsv
[2026-02-13 12:49:35,881 cli_clean INFO] Compressing '../2_flexref' folder
[2026-02-13 12:49:35,881 clean_steps INFO] Cleaning output for '../2_flexref' using 20 cores.
[2026-02-13 12:49:36,013 libtimer INFO] compressing took 0 seconds
[2026-02-13 12:49:36,013 cli_analyse INFO] CAPRI files identified
[2026-02-13 12:49:36,016 cli_analyse INFO] Plotting results..
[2026-02-13 12:49:37,151 cli_analyse INFO] Summary archive summary.tgz created!
[2026-02-13 12:49:37,151 cli_analyse INFO] Analysing step 3_emref
[2026-02-13 12:49:37,153 cli_unpack INFO] Unpacking '../3_emref' folder
[2026-02-13 12:49:37,153 libtimer INFO] unpacking took 0 seconds
[2026-02-13 12:49:37,166 capri INFO] Found previous CNS step: 3_emref
[2026-02-13 12:49:37,267 capri INFO] Saved scoring weights to: weights_params.json
[2026-02-13 12:49:37,267 __init__ INFO] [caprieval] No reference structure provided. Using the structure with the lowest score from previous step
[2026-02-13 12:49:37,353 libutil INFO] Selected 20 cores to process 20 jobs, with 32 maximum available cores.
[2026-02-13 12:49:37,354 libparallel INFO] Using 20 cores
[2026-02-13 12:49:37,763 libparallel INFO] 20 tasks finished
[2026-02-13 12:49:37,764 capri INFO] Rearranging cluster information into capri_clt.tsv
[2026-02-13 12:49:37,768 cli_clean INFO] Compressing '../3_emref' folder
[2026-02-13 12:49:37,768 clean_steps INFO] Cleaning output for '../3_emref' using 20 cores.
[2026-02-13 12:49:37,889 libtimer INFO] compressing took 0 seconds
[2026-02-13 12:49:37,889 cli_analyse INFO] CAPRI files identified
[2026-02-13 12:49:37,891 cli_analyse INFO] Plotting results..
[2026-02-13 12:49:39,008 cli_analyse INFO] Summary archive summary.tgz created!
[2026-02-13 12:49:39,008 cli_analyse INFO] moving files to analysis folder
[2026-02-13 12:49:39,008 cli_analyse INFO] cancelling unsuccesful analysis folders
[2026-02-13 12:49:39,008 cli_analyse INFO] updating paths in analysis/1_rigidbody_analysis/capri_ss.tsv
[2026-02-13 12:49:39,008 cli_analyse INFO] View the results in analysis/1_rigidbody_analysis/report.html
[2026-02-13 12:49:39,008 cli_analyse INFO] To view structures or download the structure files, in a terminal run the command `python -m http.server --directory /mnt/Data/PopOS/Data_Ana/Wu/clawdPorjects/HADDOCK_test/results/run_Pos_CACTCCCAGGGGGCAT-1_contig_1_1`. By default, http server runs on `http://0.0.0.0:8000/`. Open the link http://0.0.0.0:8000/analysis/1_rigidbody_analysis/report.html in a web browser.
[2026-02-13 12:49:39,009 cli_analyse INFO] updating paths in analysis/2_flexref_analysis/capri_ss.tsv
[2026-02-13 12:49:39,009 cli_analyse INFO] View the results in analysis/2_flexref_analysis/report.html
[2026-02-13 12:49:39,009 cli_analyse INFO] To view structures or download the structure files, in a terminal run the command `python -m http.server --directory /mnt/Data/PopOS/Data_Ana/Wu/clawdPorjects/HADDOCK_test/results/run_Pos_CACTCCCAGGGGGCAT-1_contig_1_1`. By default, http server runs on `http://0.0.0.0:8000/`. Open the link http://0.0.0.0:8000/analysis/2_flexref_analysis/report.html in a web browser.
[2026-02-13 12:49:39,009 cli_analyse INFO] updating paths in analysis/3_emref_analysis/capri_ss.tsv
[2026-02-13 12:49:39,009 cli_analyse INFO] View the results in analysis/3_emref_analysis/report.html
[2026-02-13 12:49:39,009 cli_analyse INFO] To view structures or download the structure files, in a terminal run the command `python -m http.server --directory /mnt/Data/PopOS/Data_Ana/Wu/clawdPorjects/HADDOCK_test/results/run_Pos_CACTCCCAGGGGGCAT-1_contig_1_1`. By default, http server runs on `http://0.0.0.0:8000/`. Open the link http://0.0.0.0:8000/analysis/3_emref_analysis/report.html in a web browser.
[2026-02-13 12:49:39,009 cli_traceback INFO] Running haddock3-traceback on ./
[2026-02-13 12:49:39,009 cli_traceback INFO] Reading input run directory
[2026-02-13 12:49:39,009 cli_traceback INFO] All_steps: 0_topoaa, 1_rigidbody, 2_flexref, 3_emref
[2026-02-13 12:49:39,009 cli_traceback INFO] Modules not to be analysed: 0_topoaa
[2026-02-13 12:49:39,009 cli_traceback INFO] Steps to trace back: 1_rigidbody, 2_flexref, 3_emref
[2026-02-13 12:49:39,010 cli_traceback INFO] Created directory: /mnt/Data/PopOS/Data_Ana/Wu/clawdPorjects/HADDOCK_test/results/run_Pos_CACTCCCAGGGGGCAT-1_contig_1_1/traceback
[2026-02-13 12:49:39,010 cli_traceback INFO] Tracing back step 3_emref
[2026-02-13 12:49:39,012 cli_traceback INFO] Tracing back step 2_flexref
[2026-02-13 12:49:39,014 cli_traceback INFO] Tracing back step 1_rigidbody
[2026-02-13 12:49:39,018 cli_traceback INFO] Output dataframe traceback/traceback.tsv created with shape (20, 8)
[2026-02-13 12:49:39,045 clean_steps INFO] Cleaning output for '0_topoaa' using 20 cores.
[2026-02-13 12:49:39,200 libtimer INFO] cleaning output files took 0 seconds
[2026-02-13 12:49:39,200 clean_steps INFO] Cleaning output for '1_rigidbody' using 20 cores.
[2026-02-13 12:49:39,208 libtimer INFO] cleaning output files took 0 seconds
[2026-02-13 12:49:39,208 clean_steps INFO] Cleaning output for '2_flexref' using 20 cores.
[2026-02-13 12:49:39,219 libtimer INFO] cleaning output files took 0 seconds
[2026-02-13 12:49:39,219 clean_steps INFO] Cleaning output for '3_emref' using 20 cores.
[2026-02-13 12:49:39,236 libtimer INFO] cleaning output files took 0 seconds
[2026-02-13 12:49:39,237 cli INFO] This HADDOCK3 run took: 2 minutes and 11 seconds
[2026-02-13 12:49:39,237 greetings INFO] Your feedback matters in Haddock3! Share your experience and help us grow:
[2026-02-13 12:49:39,237 greetings INFO] GitHub issues: https://github.com/haddocking/haddock3/issues
[2026-02-13 12:49:39,237 greetings INFO] BioExcel feedback: https://www.bonvinlab.org/feedback
[2026-02-13 12:49:39,237 greetings INFO] BioExcel forum: https://ask.bioexcel.eu/c/haddock/6
[2026-02-13 12:49:39,237 cli INFO] Finished at 13/02/2026 12:49:39. Tchau! Adiós! Au revoir!
