[2026-02-13 10:33:31,345 cli INFO] 
##############################################
#                                            #
#                 HADDOCK3                   #
#                                            #
##############################################

!! Some of the HADDOCK3 components use CNS (Crystallographic and NMR System) which is free of use for non-profit applications. !!
!! For commercial use it is your own responsibility to have a proper license. !!
!! For details refer to the DISCLAIMER file in the HADDOCK3 repository. !!

Starting HADDOCK3 v2024.10.0b7 on 2026-02-13 10:33:00

Python 3.10.12 (main, Feb  4 2025, 14:57:36) [GCC 11.4.0]

[2026-02-13 10:33:35,027 libworkflow INFO] Reading instructions step 0_topoaa
[2026-02-13 10:33:35,027 libworkflow INFO] Reading instructions step 1_rigidbody
[2026-02-13 10:33:35,027 libworkflow INFO] Reading instructions step 2_flexref
[2026-02-13 10:33:35,027 libworkflow INFO] Reading instructions step 3_emref
[2026-02-13 10:33:35,041 base_cns_module INFO] Running [topoaa] module
[2026-02-13 10:33:35,041 __init__ INFO] [topoaa] Molecule 1: receptor_single_Neg_AGTCTCGCAAAGTTCC-1_contig_2_1.pdb
[2026-02-13 10:33:35,043 __init__ INFO] [topoaa] Sanitizing molecule receptor_single_Neg_AGTCTCGCAAAGTTCC-1_contig_2_1.pdb
[2026-02-13 10:33:35,049 __init__ INFO] [topoaa] Topology CNS input created
[2026-02-13 10:33:35,050 __init__ INFO] [topoaa] Molecule 2: ligand_single_Neg_AGTCTCGCAAAGTTCC-1_contig_2_1.pdb
[2026-02-13 10:33:35,051 __init__ INFO] [topoaa] Sanitizing molecule ligand_single_Neg_AGTCTCGCAAAGTTCC-1_contig_2_1.pdb
[2026-02-13 10:33:35,056 __init__ INFO] [topoaa] Topology CNS input created
[2026-02-13 10:33:35,056 __init__ INFO] [topoaa] Running CNS Jobs n=2
[2026-02-13 10:33:35,056 libutil INFO] Selected 2 cores to process 2 jobs, with 32 maximum available cores.
[2026-02-13 10:33:35,057 libparallel INFO] Using 2 cores
[2026-02-13 10:33:38,300 libparallel INFO] 2 tasks finished
[2026-02-13 10:33:38,300 __init__ INFO] [topoaa] CNS jobs have finished
[2026-02-13 10:33:38,302 base_cns_module INFO] Module [topoaa] finished.
[2026-02-13 10:33:38,302 __init__ INFO] [topoaa] took 3 seconds
[2026-02-13 10:33:38,644 base_cns_module INFO] Running [rigidbody] module
[2026-02-13 10:33:38,644 __init__ INFO] [rigidbody] crossdock=true
[2026-02-13 10:33:38,644 __init__ INFO] [rigidbody] Preparing jobs...
[2026-02-13 10:33:38,646 libutil INFO] Selected 20 cores to process 20 jobs, with 32 maximum available cores.
[2026-02-13 10:33:38,647 libparallel INFO] Using 20 cores
[2026-02-13 10:33:38,675 libparallel INFO] 20 tasks finished
[2026-02-13 10:33:38,675 __init__ INFO] [rigidbody] Preparation took 0.030946 seconds
[2026-02-13 10:33:38,677 __init__ INFO] [rigidbody] Running CNS Jobs n=20
[2026-02-13 10:33:38,677 libutil INFO] Selected 20 cores to process 20 jobs, with 32 maximum available cores.
[2026-02-13 10:33:38,677 libparallel INFO] Using 20 cores
[2026-02-13 10:33:49,602 libparallel INFO] 20 tasks finished
[2026-02-13 10:33:49,602 __init__ INFO] [rigidbody] CNS jobs have finished
[2026-02-13 10:33:49,632 base_cns_module INFO] Module [rigidbody] finished.
[2026-02-13 10:33:49,632 __init__ INFO] [rigidbody] took 11 seconds
[2026-02-13 10:33:50,011 base_cns_module INFO] Running [flexref] module
[2026-02-13 10:33:50,069 __init__ INFO] [flexref] Running CNS Jobs n=20
[2026-02-13 10:33:50,069 libutil INFO] Selected 20 cores to process 20 jobs, with 32 maximum available cores.
[2026-02-13 10:33:50,069 libparallel INFO] Using 20 cores
[2026-02-13 10:35:24,676 libparallel INFO] 20 tasks finished
[2026-02-13 10:35:24,676 __init__ INFO] [flexref] CNS jobs have finished
[2026-02-13 10:35:24,703 base_cns_module INFO] Module [flexref] finished.
[2026-02-13 10:35:24,703 __init__ INFO] [flexref] took 1 minute and 35 seconds
[2026-02-13 10:35:25,042 base_cns_module INFO] Running [emref] module
[2026-02-13 10:35:25,101 __init__ INFO] [emref] Running CNS Jobs n=20
[2026-02-13 10:35:25,101 libutil INFO] Selected 20 cores to process 20 jobs, with 32 maximum available cores.
[2026-02-13 10:35:25,101 libparallel INFO] Using 20 cores
[2026-02-13 10:35:32,292 libparallel INFO] 20 tasks finished
[2026-02-13 10:35:32,292 __init__ INFO] [emref] CNS jobs have finished
[2026-02-13 10:35:32,323 base_cns_module INFO] Module [emref] finished.
[2026-02-13 10:35:32,323 __init__ INFO] [emref] took 7 seconds
[2026-02-13 10:35:32,323 cli_analyse INFO] Running haddock3-analyse on ./, modules [], with top_cluster = 10
[2026-02-13 10:35:32,329 cli_analyse INFO] Created directory: /mnt/Data/PopOS/Data_Ana/Wu/clawdPorjects/HADDOCK_test/results/run_Neg_AGTCTCGCAAAGTTCC-1_contig_2_1/analysis
[2026-02-13 10:35:32,329 cli_analyse INFO] Reading input run directory
[2026-02-13 10:35:32,330 cli_analyse INFO] selected steps: 0_topoaa, 1_rigidbody, 2_flexref, 3_emref
[2026-02-13 10:35:32,330 cli_analyse INFO] Analysing step 0_topoaa
[2026-02-13 10:35:32,330 cli_analyse WARNING] Could not execute the analysis for step 0_topoaa. The following error occurred 'dict' object has no attribute 'rel_path'
[2026-02-13 10:35:32,330 cli_analyse INFO] Analysing step 1_rigidbody
[2026-02-13 10:35:32,331 cli_unpack INFO] Unpacking '../1_rigidbody' folder
[2026-02-13 10:35:32,332 libtimer INFO] unpacking took 0 seconds
[2026-02-13 10:35:32,345 capri INFO] Found previous CNS step: 1_rigidbody
[2026-02-13 10:35:32,453 capri INFO] Saved scoring weights to: weights_params.json
[2026-02-13 10:35:32,453 __init__ INFO] [caprieval] No reference structure provided. Using the structure with the lowest score from previous step
[2026-02-13 10:35:32,537 libutil INFO] Selected 20 cores to process 20 jobs, with 32 maximum available cores.
[2026-02-13 10:35:32,538 libparallel INFO] Using 20 cores
[2026-02-13 10:35:32,953 libparallel INFO] 20 tasks finished
[2026-02-13 10:35:32,954 capri INFO] Rearranging cluster information into capri_clt.tsv
[2026-02-13 10:35:32,959 cli_clean INFO] Compressing '../1_rigidbody' folder
[2026-02-13 10:35:32,959 clean_steps INFO] Cleaning output for '../1_rigidbody' using 20 cores.
[2026-02-13 10:35:33,080 libtimer INFO] compressing took 0 seconds
[2026-02-13 10:35:33,080 cli_analyse INFO] CAPRI files identified
[2026-02-13 10:35:33,083 cli_analyse INFO] Plotting results..
[2026-02-13 10:35:34,291 cli_analyse INFO] Summary archive summary.tgz created!
[2026-02-13 10:35:34,291 cli_analyse INFO] Analysing step 2_flexref
[2026-02-13 10:35:34,293 cli_unpack INFO] Unpacking '../2_flexref' folder
[2026-02-13 10:35:34,293 libtimer INFO] unpacking took 0 seconds
[2026-02-13 10:35:34,307 capri INFO] Found previous CNS step: 2_flexref
[2026-02-13 10:35:34,545 capri INFO] Saved scoring weights to: weights_params.json
[2026-02-13 10:35:34,545 __init__ INFO] [caprieval] No reference structure provided. Using the structure with the lowest score from previous step
[2026-02-13 10:35:34,631 libutil INFO] Selected 20 cores to process 20 jobs, with 32 maximum available cores.
[2026-02-13 10:35:34,631 libparallel INFO] Using 20 cores
[2026-02-13 10:35:35,016 libparallel INFO] 20 tasks finished
[2026-02-13 10:35:35,017 capri INFO] Rearranging cluster information into capri_clt.tsv
[2026-02-13 10:35:35,021 cli_clean INFO] Compressing '../2_flexref' folder
[2026-02-13 10:35:35,021 clean_steps INFO] Cleaning output for '../2_flexref' using 20 cores.
[2026-02-13 10:35:35,139 libtimer INFO] compressing took 0 seconds
[2026-02-13 10:35:35,139 cli_analyse INFO] CAPRI files identified
[2026-02-13 10:35:35,142 cli_analyse INFO] Plotting results..
[2026-02-13 10:35:36,248 cli_analyse INFO] Summary archive summary.tgz created!
[2026-02-13 10:35:36,248 cli_analyse INFO] Analysing step 3_emref
[2026-02-13 10:35:36,250 cli_unpack INFO] Unpacking '../3_emref' folder
[2026-02-13 10:35:36,250 libtimer INFO] unpacking took 0 seconds
[2026-02-13 10:35:36,264 capri INFO] Found previous CNS step: 3_emref
[2026-02-13 10:35:36,366 capri INFO] Saved scoring weights to: weights_params.json
[2026-02-13 10:35:36,366 __init__ INFO] [caprieval] No reference structure provided. Using the structure with the lowest score from previous step
[2026-02-13 10:35:36,450 libutil INFO] Selected 20 cores to process 20 jobs, with 32 maximum available cores.
[2026-02-13 10:35:36,451 libparallel INFO] Using 20 cores
[2026-02-13 10:35:36,845 libparallel INFO] 20 tasks finished
[2026-02-13 10:35:36,846 capri INFO] Rearranging cluster information into capri_clt.tsv
[2026-02-13 10:35:36,853 cli_clean INFO] Compressing '../3_emref' folder
[2026-02-13 10:35:36,853 clean_steps INFO] Cleaning output for '../3_emref' using 20 cores.
[2026-02-13 10:35:36,984 libtimer INFO] compressing took 0 seconds
[2026-02-13 10:35:36,984 cli_analyse INFO] CAPRI files identified
[2026-02-13 10:35:36,986 cli_analyse INFO] Plotting results..
[2026-02-13 10:35:38,093 cli_analyse INFO] Summary archive summary.tgz created!
[2026-02-13 10:35:38,093 cli_analyse INFO] moving files to analysis folder
[2026-02-13 10:35:38,093 cli_analyse INFO] cancelling unsuccesful analysis folders
[2026-02-13 10:35:38,093 cli_analyse INFO] updating paths in analysis/1_rigidbody_analysis/capri_ss.tsv
[2026-02-13 10:35:38,093 cli_analyse INFO] View the results in analysis/1_rigidbody_analysis/report.html
[2026-02-13 10:35:38,094 cli_analyse INFO] To view structures or download the structure files, in a terminal run the command `python -m http.server --directory /mnt/Data/PopOS/Data_Ana/Wu/clawdPorjects/HADDOCK_test/results/run_Neg_AGTCTCGCAAAGTTCC-1_contig_2_1`. By default, http server runs on `http://0.0.0.0:8000/`. Open the link http://0.0.0.0:8000/analysis/1_rigidbody_analysis/report.html in a web browser.
[2026-02-13 10:35:38,094 cli_analyse INFO] updating paths in analysis/2_flexref_analysis/capri_ss.tsv
[2026-02-13 10:35:38,094 cli_analyse INFO] View the results in analysis/2_flexref_analysis/report.html
[2026-02-13 10:35:38,094 cli_analyse INFO] To view structures or download the structure files, in a terminal run the command `python -m http.server --directory /mnt/Data/PopOS/Data_Ana/Wu/clawdPorjects/HADDOCK_test/results/run_Neg_AGTCTCGCAAAGTTCC-1_contig_2_1`. By default, http server runs on `http://0.0.0.0:8000/`. Open the link http://0.0.0.0:8000/analysis/2_flexref_analysis/report.html in a web browser.
[2026-02-13 10:35:38,094 cli_analyse INFO] updating paths in analysis/3_emref_analysis/capri_ss.tsv
[2026-02-13 10:35:38,094 cli_analyse INFO] View the results in analysis/3_emref_analysis/report.html
[2026-02-13 10:35:38,094 cli_analyse INFO] To view structures or download the structure files, in a terminal run the command `python -m http.server --directory /mnt/Data/PopOS/Data_Ana/Wu/clawdPorjects/HADDOCK_test/results/run_Neg_AGTCTCGCAAAGTTCC-1_contig_2_1`. By default, http server runs on `http://0.0.0.0:8000/`. Open the link http://0.0.0.0:8000/analysis/3_emref_analysis/report.html in a web browser.
[2026-02-13 10:35:38,094 cli_traceback INFO] Running haddock3-traceback on ./
[2026-02-13 10:35:38,094 cli_traceback INFO] Reading input run directory
[2026-02-13 10:35:38,094 cli_traceback INFO] All_steps: 0_topoaa, 1_rigidbody, 2_flexref, 3_emref
[2026-02-13 10:35:38,094 cli_traceback INFO] Modules not to be analysed: 0_topoaa
[2026-02-13 10:35:38,095 cli_traceback INFO] Steps to trace back: 1_rigidbody, 2_flexref, 3_emref
[2026-02-13 10:35:38,095 cli_traceback INFO] Created directory: /mnt/Data/PopOS/Data_Ana/Wu/clawdPorjects/HADDOCK_test/results/run_Neg_AGTCTCGCAAAGTTCC-1_contig_2_1/traceback
[2026-02-13 10:35:38,095 cli_traceback INFO] Tracing back step 3_emref
[2026-02-13 10:35:38,097 cli_traceback INFO] Tracing back step 2_flexref
[2026-02-13 10:35:38,099 cli_traceback INFO] Tracing back step 1_rigidbody
[2026-02-13 10:35:38,103 cli_traceback INFO] Output dataframe traceback/traceback.tsv created with shape (20, 8)
[2026-02-13 10:35:38,130 clean_steps INFO] Cleaning output for '0_topoaa' using 20 cores.
[2026-02-13 10:35:38,277 libtimer INFO] cleaning output files took 0 seconds
[2026-02-13 10:35:38,277 clean_steps INFO] Cleaning output for '1_rigidbody' using 20 cores.
[2026-02-13 10:35:38,290 libtimer INFO] cleaning output files took 0 seconds
[2026-02-13 10:35:38,290 clean_steps INFO] Cleaning output for '2_flexref' using 20 cores.
[2026-02-13 10:35:38,312 libtimer INFO] cleaning output files took 0 seconds
[2026-02-13 10:35:38,313 clean_steps INFO] Cleaning output for '3_emref' using 20 cores.
[2026-02-13 10:35:38,337 libtimer INFO] cleaning output files took 0 seconds
[2026-02-13 10:35:38,337 cli INFO] This HADDOCK3 run took: 2 minutes and 7 seconds
[2026-02-13 10:35:38,337 greetings INFO] Your feedback matters in Haddock3! Share your experience and help us grow:
[2026-02-13 10:35:38,338 greetings INFO] GitHub issues: https://github.com/haddocking/haddock3/issues
[2026-02-13 10:35:38,338 greetings INFO] BioExcel feedback: https://www.bonvinlab.org/feedback
[2026-02-13 10:35:38,338 greetings INFO] BioExcel forum: https://ask.bioexcel.eu/c/haddock/6
[2026-02-13 10:35:38,338 cli INFO] Finished at 13/02/2026 10:35:38. Adéu-siau! Good bye! 再见!
