[2026-02-13 10:29:15,980 cli INFO] 
##############################################
#                                            #
#                 HADDOCK3                   #
#                                            #
##############################################

!! Some of the HADDOCK3 components use CNS (Crystallographic and NMR System) which is free of use for non-profit applications. !!
!! For commercial use it is your own responsibility to have a proper license. !!
!! For details refer to the DISCLAIMER file in the HADDOCK3 repository. !!

Starting HADDOCK3 v2024.10.0b7 on 2026-02-13 10:29:00

Python 3.10.12 (main, Feb  4 2025, 14:57:36) [GCC 11.4.0]

[2026-02-13 10:29:19,662 libworkflow INFO] Reading instructions step 0_topoaa
[2026-02-13 10:29:19,662 libworkflow INFO] Reading instructions step 1_rigidbody
[2026-02-13 10:29:19,662 libworkflow INFO] Reading instructions step 2_flexref
[2026-02-13 10:29:19,663 libworkflow INFO] Reading instructions step 3_emref
[2026-02-13 10:29:19,677 base_cns_module INFO] Running [topoaa] module
[2026-02-13 10:29:19,677 __init__ INFO] [topoaa] Molecule 1: receptor_single_Neg_AGGCACGCAAGGTTAG-1_contig_1_1.pdb
[2026-02-13 10:29:19,679 __init__ INFO] [topoaa] Sanitizing molecule receptor_single_Neg_AGGCACGCAAGGTTAG-1_contig_1_1.pdb
[2026-02-13 10:29:19,685 __init__ INFO] [topoaa] Topology CNS input created
[2026-02-13 10:29:19,686 __init__ INFO] [topoaa] Molecule 2: ligand_single_Neg_AGGCACGCAAGGTTAG-1_contig_1_1.pdb
[2026-02-13 10:29:19,687 __init__ INFO] [topoaa] Sanitizing molecule ligand_single_Neg_AGGCACGCAAGGTTAG-1_contig_1_1.pdb
[2026-02-13 10:29:19,693 __init__ INFO] [topoaa] Topology CNS input created
[2026-02-13 10:29:19,693 __init__ INFO] [topoaa] Running CNS Jobs n=2
[2026-02-13 10:29:19,693 libutil INFO] Selected 2 cores to process 2 jobs, with 32 maximum available cores.
[2026-02-13 10:29:19,694 libparallel INFO] Using 2 cores
[2026-02-13 10:29:22,929 libparallel INFO] 2 tasks finished
[2026-02-13 10:29:22,930 __init__ INFO] [topoaa] CNS jobs have finished
[2026-02-13 10:29:22,932 base_cns_module INFO] Module [topoaa] finished.
[2026-02-13 10:29:22,932 __init__ INFO] [topoaa] took 3 seconds
[2026-02-13 10:29:23,275 base_cns_module INFO] Running [rigidbody] module
[2026-02-13 10:29:23,275 __init__ INFO] [rigidbody] crossdock=true
[2026-02-13 10:29:23,275 __init__ INFO] [rigidbody] Preparing jobs...
[2026-02-13 10:29:23,277 libutil INFO] Selected 20 cores to process 20 jobs, with 32 maximum available cores.
[2026-02-13 10:29:23,278 libparallel INFO] Using 20 cores
[2026-02-13 10:29:23,306 libparallel INFO] 20 tasks finished
[2026-02-13 10:29:23,306 __init__ INFO] [rigidbody] Preparation took 0.030531 seconds
[2026-02-13 10:29:23,306 __init__ INFO] [rigidbody] Running CNS Jobs n=20
[2026-02-13 10:29:23,307 libutil INFO] Selected 20 cores to process 20 jobs, with 32 maximum available cores.
[2026-02-13 10:29:23,307 libparallel INFO] Using 20 cores
[2026-02-13 10:29:34,216 libparallel INFO] 20 tasks finished
[2026-02-13 10:29:34,216 __init__ INFO] [rigidbody] CNS jobs have finished
[2026-02-13 10:29:34,242 base_cns_module INFO] Module [rigidbody] finished.
[2026-02-13 10:29:34,242 __init__ INFO] [rigidbody] took 11 seconds
[2026-02-13 10:29:34,621 base_cns_module INFO] Running [flexref] module
[2026-02-13 10:29:34,679 __init__ INFO] [flexref] Running CNS Jobs n=20
[2026-02-13 10:29:34,679 libutil INFO] Selected 20 cores to process 20 jobs, with 32 maximum available cores.
[2026-02-13 10:29:34,679 libparallel INFO] Using 20 cores
[2026-02-13 10:31:11,042 libparallel INFO] 20 tasks finished
[2026-02-13 10:31:11,043 __init__ INFO] [flexref] CNS jobs have finished
[2026-02-13 10:31:11,071 base_cns_module INFO] Module [flexref] finished.
[2026-02-13 10:31:11,071 __init__ INFO] [flexref] took 1 minute and 36 seconds
[2026-02-13 10:31:11,409 base_cns_module INFO] Running [emref] module
[2026-02-13 10:31:11,465 __init__ INFO] [emref] Running CNS Jobs n=20
[2026-02-13 10:31:11,465 libutil INFO] Selected 20 cores to process 20 jobs, with 32 maximum available cores.
[2026-02-13 10:31:11,466 libparallel INFO] Using 20 cores
[2026-02-13 10:31:19,088 libparallel INFO] 20 tasks finished
[2026-02-13 10:31:19,088 __init__ INFO] [emref] CNS jobs have finished
[2026-02-13 10:31:19,118 base_cns_module INFO] Module [emref] finished.
[2026-02-13 10:31:19,118 __init__ INFO] [emref] took 8 seconds
[2026-02-13 10:31:19,118 cli_analyse INFO] Running haddock3-analyse on ./, modules [], with top_cluster = 10
[2026-02-13 10:31:19,125 cli_analyse INFO] Created directory: /mnt/Data/PopOS/Data_Ana/Wu/clawdPorjects/HADDOCK_test/results/run_Neg_AGGCACGCAAGGTTAG-1_contig_1_1/analysis
[2026-02-13 10:31:19,125 cli_analyse INFO] Reading input run directory
[2026-02-13 10:31:19,125 cli_analyse INFO] selected steps: 0_topoaa, 1_rigidbody, 2_flexref, 3_emref
[2026-02-13 10:31:19,125 cli_analyse INFO] Analysing step 0_topoaa
[2026-02-13 10:31:19,126 cli_analyse WARNING] Could not execute the analysis for step 0_topoaa. The following error occurred 'dict' object has no attribute 'rel_path'
[2026-02-13 10:31:19,126 cli_analyse INFO] Analysing step 1_rigidbody
[2026-02-13 10:31:19,127 cli_unpack INFO] Unpacking '../1_rigidbody' folder
[2026-02-13 10:31:19,127 libtimer INFO] unpacking took 0 seconds
[2026-02-13 10:31:19,140 capri INFO] Found previous CNS step: 1_rigidbody
[2026-02-13 10:31:19,248 capri INFO] Saved scoring weights to: weights_params.json
[2026-02-13 10:31:19,248 __init__ INFO] [caprieval] No reference structure provided. Using the structure with the lowest score from previous step
[2026-02-13 10:31:19,332 libutil INFO] Selected 20 cores to process 20 jobs, with 32 maximum available cores.
[2026-02-13 10:31:19,332 libparallel INFO] Using 20 cores
[2026-02-13 10:31:19,760 libparallel INFO] 20 tasks finished
[2026-02-13 10:31:19,761 capri INFO] Rearranging cluster information into capri_clt.tsv
[2026-02-13 10:31:19,767 cli_clean INFO] Compressing '../1_rigidbody' folder
[2026-02-13 10:31:19,767 clean_steps INFO] Cleaning output for '../1_rigidbody' using 20 cores.
[2026-02-13 10:31:19,889 libtimer INFO] compressing took 0 seconds
[2026-02-13 10:31:19,889 cli_analyse INFO] CAPRI files identified
[2026-02-13 10:31:19,891 cli_analyse INFO] Plotting results..
[2026-02-13 10:31:21,109 cli_analyse INFO] Summary archive summary.tgz created!
[2026-02-13 10:31:21,109 cli_analyse INFO] Analysing step 2_flexref
[2026-02-13 10:31:21,112 cli_unpack INFO] Unpacking '../2_flexref' folder
[2026-02-13 10:31:21,112 libtimer INFO] unpacking took 0 seconds
[2026-02-13 10:31:21,125 capri INFO] Found previous CNS step: 2_flexref
[2026-02-13 10:31:21,362 capri INFO] Saved scoring weights to: weights_params.json
[2026-02-13 10:31:21,363 __init__ INFO] [caprieval] No reference structure provided. Using the structure with the lowest score from previous step
[2026-02-13 10:31:21,447 libutil INFO] Selected 20 cores to process 20 jobs, with 32 maximum available cores.
[2026-02-13 10:31:21,447 libparallel INFO] Using 20 cores
[2026-02-13 10:31:21,848 libparallel INFO] 20 tasks finished
[2026-02-13 10:31:21,849 capri INFO] Rearranging cluster information into capri_clt.tsv
[2026-02-13 10:31:21,854 cli_clean INFO] Compressing '../2_flexref' folder
[2026-02-13 10:31:21,854 clean_steps INFO] Cleaning output for '../2_flexref' using 20 cores.
[2026-02-13 10:31:21,972 libtimer INFO] compressing took 0 seconds
[2026-02-13 10:31:21,972 cli_analyse INFO] CAPRI files identified
[2026-02-13 10:31:21,974 cli_analyse INFO] Plotting results..
[2026-02-13 10:31:23,066 cli_analyse INFO] Summary archive summary.tgz created!
[2026-02-13 10:31:23,066 cli_analyse INFO] Analysing step 3_emref
[2026-02-13 10:31:23,069 cli_unpack INFO] Unpacking '../3_emref' folder
[2026-02-13 10:31:23,069 libtimer INFO] unpacking took 0 seconds
[2026-02-13 10:31:23,083 capri INFO] Found previous CNS step: 3_emref
[2026-02-13 10:31:23,184 capri INFO] Saved scoring weights to: weights_params.json
[2026-02-13 10:31:23,185 __init__ INFO] [caprieval] No reference structure provided. Using the structure with the lowest score from previous step
[2026-02-13 10:31:23,269 libutil INFO] Selected 20 cores to process 20 jobs, with 32 maximum available cores.
[2026-02-13 10:31:23,269 libparallel INFO] Using 20 cores
[2026-02-13 10:31:23,683 libparallel INFO] 20 tasks finished
[2026-02-13 10:31:23,685 capri INFO] Rearranging cluster information into capri_clt.tsv
[2026-02-13 10:31:23,692 cli_clean INFO] Compressing '../3_emref' folder
[2026-02-13 10:31:23,692 clean_steps INFO] Cleaning output for '../3_emref' using 20 cores.
[2026-02-13 10:31:23,820 libtimer INFO] compressing took 0 seconds
[2026-02-13 10:31:23,821 cli_analyse INFO] CAPRI files identified
[2026-02-13 10:31:23,823 cli_analyse INFO] Plotting results..
[2026-02-13 10:31:24,942 cli_analyse INFO] Summary archive summary.tgz created!
[2026-02-13 10:31:24,942 cli_analyse INFO] moving files to analysis folder
[2026-02-13 10:31:24,943 cli_analyse INFO] cancelling unsuccesful analysis folders
[2026-02-13 10:31:24,943 cli_analyse INFO] updating paths in analysis/1_rigidbody_analysis/capri_ss.tsv
[2026-02-13 10:31:24,943 cli_analyse INFO] View the results in analysis/1_rigidbody_analysis/report.html
[2026-02-13 10:31:24,943 cli_analyse INFO] To view structures or download the structure files, in a terminal run the command `python -m http.server --directory /mnt/Data/PopOS/Data_Ana/Wu/clawdPorjects/HADDOCK_test/results/run_Neg_AGGCACGCAAGGTTAG-1_contig_1_1`. By default, http server runs on `http://0.0.0.0:8000/`. Open the link http://0.0.0.0:8000/analysis/1_rigidbody_analysis/report.html in a web browser.
[2026-02-13 10:31:24,943 cli_analyse INFO] updating paths in analysis/2_flexref_analysis/capri_ss.tsv
[2026-02-13 10:31:24,943 cli_analyse INFO] View the results in analysis/2_flexref_analysis/report.html
[2026-02-13 10:31:24,943 cli_analyse INFO] To view structures or download the structure files, in a terminal run the command `python -m http.server --directory /mnt/Data/PopOS/Data_Ana/Wu/clawdPorjects/HADDOCK_test/results/run_Neg_AGGCACGCAAGGTTAG-1_contig_1_1`. By default, http server runs on `http://0.0.0.0:8000/`. Open the link http://0.0.0.0:8000/analysis/2_flexref_analysis/report.html in a web browser.
[2026-02-13 10:31:24,943 cli_analyse INFO] updating paths in analysis/3_emref_analysis/capri_ss.tsv
[2026-02-13 10:31:24,943 cli_analyse INFO] View the results in analysis/3_emref_analysis/report.html
[2026-02-13 10:31:24,943 cli_analyse INFO] To view structures or download the structure files, in a terminal run the command `python -m http.server --directory /mnt/Data/PopOS/Data_Ana/Wu/clawdPorjects/HADDOCK_test/results/run_Neg_AGGCACGCAAGGTTAG-1_contig_1_1`. By default, http server runs on `http://0.0.0.0:8000/`. Open the link http://0.0.0.0:8000/analysis/3_emref_analysis/report.html in a web browser.
[2026-02-13 10:31:24,943 cli_traceback INFO] Running haddock3-traceback on ./
[2026-02-13 10:31:24,943 cli_traceback INFO] Reading input run directory
[2026-02-13 10:31:24,944 cli_traceback INFO] All_steps: 0_topoaa, 1_rigidbody, 2_flexref, 3_emref
[2026-02-13 10:31:24,944 cli_traceback INFO] Modules not to be analysed: 0_topoaa
[2026-02-13 10:31:24,944 cli_traceback INFO] Steps to trace back: 1_rigidbody, 2_flexref, 3_emref
[2026-02-13 10:31:24,944 cli_traceback INFO] Created directory: /mnt/Data/PopOS/Data_Ana/Wu/clawdPorjects/HADDOCK_test/results/run_Neg_AGGCACGCAAGGTTAG-1_contig_1_1/traceback
[2026-02-13 10:31:24,944 cli_traceback INFO] Tracing back step 3_emref
[2026-02-13 10:31:24,946 cli_traceback INFO] Tracing back step 2_flexref
[2026-02-13 10:31:24,948 cli_traceback INFO] Tracing back step 1_rigidbody
[2026-02-13 10:31:24,952 cli_traceback INFO] Output dataframe traceback/traceback.tsv created with shape (20, 8)
[2026-02-13 10:31:24,979 clean_steps INFO] Cleaning output for '0_topoaa' using 20 cores.
[2026-02-13 10:31:25,112 libtimer INFO] cleaning output files took 0 seconds
[2026-02-13 10:31:25,112 clean_steps INFO] Cleaning output for '1_rigidbody' using 20 cores.
[2026-02-13 10:31:25,122 libtimer INFO] cleaning output files took 0 seconds
[2026-02-13 10:31:25,123 clean_steps INFO] Cleaning output for '2_flexref' using 20 cores.
[2026-02-13 10:31:25,141 libtimer INFO] cleaning output files took 0 seconds
[2026-02-13 10:31:25,142 clean_steps INFO] Cleaning output for '3_emref' using 20 cores.
[2026-02-13 10:31:25,159 libtimer INFO] cleaning output files took 0 seconds
[2026-02-13 10:31:25,159 cli INFO] This HADDOCK3 run took: 2 minutes and 9 seconds
[2026-02-13 10:31:25,159 greetings INFO] Your feedback matters in Haddock3! Share your experience and help us grow:
[2026-02-13 10:31:25,159 greetings INFO] GitHub issues: https://github.com/haddocking/haddock3/issues
[2026-02-13 10:31:25,160 greetings INFO] BioExcel feedback: https://www.bonvinlab.org/feedback
[2026-02-13 10:31:25,160 greetings INFO] BioExcel forum: https://ask.bioexcel.eu/c/haddock/6
[2026-02-13 10:31:25,160 cli INFO] Finished at 13/02/2026 10:31:25. Agur! Adiós! Ciao!
