[2026-02-13 10:50:47,712 cli INFO] 
##############################################
#                                            #
#                 HADDOCK3                   #
#                                            #
##############################################

!! Some of the HADDOCK3 components use CNS (Crystallographic and NMR System) which is free of use for non-profit applications. !!
!! For commercial use it is your own responsibility to have a proper license. !!
!! For details refer to the DISCLAIMER file in the HADDOCK3 repository. !!

Starting HADDOCK3 v2024.10.0b7 on 2026-02-13 10:50:00

Python 3.10.12 (main, Feb  4 2025, 14:57:36) [GCC 11.4.0]

[2026-02-13 10:50:51,417 libworkflow INFO] Reading instructions step 0_topoaa
[2026-02-13 10:50:51,417 libworkflow INFO] Reading instructions step 1_rigidbody
[2026-02-13 10:50:51,417 libworkflow INFO] Reading instructions step 2_flexref
[2026-02-13 10:50:51,417 libworkflow INFO] Reading instructions step 3_emref
[2026-02-13 10:50:51,431 base_cns_module INFO] Running [topoaa] module
[2026-02-13 10:50:51,431 __init__ INFO] [topoaa] Molecule 1: receptor_single_Neg_ATGGCCCCAAAACTCC-1_contig_1_1.pdb
[2026-02-13 10:50:51,433 __init__ INFO] [topoaa] Sanitizing molecule receptor_single_Neg_ATGGCCCCAAAACTCC-1_contig_1_1.pdb
[2026-02-13 10:50:51,440 __init__ INFO] [topoaa] Topology CNS input created
[2026-02-13 10:50:51,440 __init__ INFO] [topoaa] Molecule 2: ligand_single_Neg_ATGGCCCCAAAACTCC-1_contig_1_1.pdb
[2026-02-13 10:50:51,441 __init__ INFO] [topoaa] Sanitizing molecule ligand_single_Neg_ATGGCCCCAAAACTCC-1_contig_1_1.pdb
[2026-02-13 10:50:51,446 __init__ INFO] [topoaa] Topology CNS input created
[2026-02-13 10:50:51,446 __init__ INFO] [topoaa] Running CNS Jobs n=2
[2026-02-13 10:50:51,446 libutil INFO] Selected 2 cores to process 2 jobs, with 32 maximum available cores.
[2026-02-13 10:50:51,447 libparallel INFO] Using 2 cores
[2026-02-13 10:50:54,706 libparallel INFO] 2 tasks finished
[2026-02-13 10:50:54,706 __init__ INFO] [topoaa] CNS jobs have finished
[2026-02-13 10:50:54,708 base_cns_module INFO] Module [topoaa] finished.
[2026-02-13 10:50:54,708 __init__ INFO] [topoaa] took 3 seconds
[2026-02-13 10:50:55,045 base_cns_module INFO] Running [rigidbody] module
[2026-02-13 10:50:55,046 __init__ INFO] [rigidbody] crossdock=true
[2026-02-13 10:50:55,046 __init__ INFO] [rigidbody] Preparing jobs...
[2026-02-13 10:50:55,048 libutil INFO] Selected 20 cores to process 20 jobs, with 32 maximum available cores.
[2026-02-13 10:50:55,048 libparallel INFO] Using 20 cores
[2026-02-13 10:50:55,075 libparallel INFO] 20 tasks finished
[2026-02-13 10:50:55,075 __init__ INFO] [rigidbody] Preparation took 0.02899 seconds
[2026-02-13 10:50:55,076 __init__ INFO] [rigidbody] Running CNS Jobs n=20
[2026-02-13 10:50:55,076 libutil INFO] Selected 20 cores to process 20 jobs, with 32 maximum available cores.
[2026-02-13 10:50:55,076 libparallel INFO] Using 20 cores
[2026-02-13 10:51:05,524 libparallel INFO] 20 tasks finished
[2026-02-13 10:51:05,524 __init__ INFO] [rigidbody] CNS jobs have finished
[2026-02-13 10:51:05,551 base_cns_module INFO] Module [rigidbody] finished.
[2026-02-13 10:51:05,552 __init__ INFO] [rigidbody] took 11 seconds
[2026-02-13 10:51:05,929 base_cns_module INFO] Running [flexref] module
[2026-02-13 10:51:05,986 __init__ INFO] [flexref] Running CNS Jobs n=20
[2026-02-13 10:51:05,986 libutil INFO] Selected 20 cores to process 20 jobs, with 32 maximum available cores.
[2026-02-13 10:51:05,987 libparallel INFO] Using 20 cores
[2026-02-13 10:52:39,714 libparallel INFO] 20 tasks finished
[2026-02-13 10:52:39,715 __init__ INFO] [flexref] CNS jobs have finished
[2026-02-13 10:52:39,745 base_cns_module INFO] Module [flexref] finished.
[2026-02-13 10:52:39,745 __init__ INFO] [flexref] took 1 minute and 34 seconds
[2026-02-13 10:52:40,082 base_cns_module INFO] Running [emref] module
[2026-02-13 10:52:40,138 __init__ INFO] [emref] Running CNS Jobs n=20
[2026-02-13 10:52:40,138 libutil INFO] Selected 20 cores to process 20 jobs, with 32 maximum available cores.
[2026-02-13 10:52:40,138 libparallel INFO] Using 20 cores
[2026-02-13 10:52:47,411 libparallel INFO] 20 tasks finished
[2026-02-13 10:52:47,411 __init__ INFO] [emref] CNS jobs have finished
[2026-02-13 10:52:47,446 base_cns_module INFO] Module [emref] finished.
[2026-02-13 10:52:47,446 __init__ INFO] [emref] took 7 seconds
[2026-02-13 10:52:47,446 cli_analyse INFO] Running haddock3-analyse on ./, modules [], with top_cluster = 10
[2026-02-13 10:52:47,453 cli_analyse INFO] Created directory: /mnt/Data/PopOS/Data_Ana/Wu/clawdPorjects/HADDOCK_test/results/run_Neg_ATGGCCCCAAAACTCC-1_contig_1_1/analysis
[2026-02-13 10:52:47,453 cli_analyse INFO] Reading input run directory
[2026-02-13 10:52:47,453 cli_analyse INFO] selected steps: 0_topoaa, 1_rigidbody, 2_flexref, 3_emref
[2026-02-13 10:52:47,453 cli_analyse INFO] Analysing step 0_topoaa
[2026-02-13 10:52:47,454 cli_analyse WARNING] Could not execute the analysis for step 0_topoaa. The following error occurred 'dict' object has no attribute 'rel_path'
[2026-02-13 10:52:47,454 cli_analyse INFO] Analysing step 1_rigidbody
[2026-02-13 10:52:47,455 cli_unpack INFO] Unpacking '../1_rigidbody' folder
[2026-02-13 10:52:47,455 libtimer INFO] unpacking took 0 seconds
[2026-02-13 10:52:47,468 capri INFO] Found previous CNS step: 1_rigidbody
[2026-02-13 10:52:47,576 capri INFO] Saved scoring weights to: weights_params.json
[2026-02-13 10:52:47,576 __init__ INFO] [caprieval] No reference structure provided. Using the structure with the lowest score from previous step
[2026-02-13 10:52:47,660 libutil INFO] Selected 20 cores to process 20 jobs, with 32 maximum available cores.
[2026-02-13 10:52:47,660 libparallel INFO] Using 20 cores
[2026-02-13 10:52:48,248 libparallel INFO] 20 tasks finished
[2026-02-13 10:52:48,249 capri INFO] Rearranging cluster information into capri_clt.tsv
[2026-02-13 10:52:48,256 cli_clean INFO] Compressing '../1_rigidbody' folder
[2026-02-13 10:52:48,256 clean_steps INFO] Cleaning output for '../1_rigidbody' using 20 cores.
[2026-02-13 10:52:48,383 libtimer INFO] compressing took 0 seconds
[2026-02-13 10:52:48,383 cli_analyse INFO] CAPRI files identified
[2026-02-13 10:52:48,385 cli_analyse INFO] Plotting results..
[2026-02-13 10:52:49,591 cli_analyse INFO] Summary archive summary.tgz created!
[2026-02-13 10:52:49,591 cli_analyse INFO] Analysing step 2_flexref
[2026-02-13 10:52:49,594 cli_unpack INFO] Unpacking '../2_flexref' folder
[2026-02-13 10:52:49,594 libtimer INFO] unpacking took 0 seconds
[2026-02-13 10:52:49,607 capri INFO] Found previous CNS step: 2_flexref
[2026-02-13 10:52:49,843 capri INFO] Saved scoring weights to: weights_params.json
[2026-02-13 10:52:49,843 __init__ INFO] [caprieval] No reference structure provided. Using the structure with the lowest score from previous step
[2026-02-13 10:52:49,927 libutil INFO] Selected 20 cores to process 20 jobs, with 32 maximum available cores.
[2026-02-13 10:52:49,928 libparallel INFO] Using 20 cores
[2026-02-13 10:52:50,311 libparallel INFO] 20 tasks finished
[2026-02-13 10:52:50,312 capri INFO] Rearranging cluster information into capri_clt.tsv
[2026-02-13 10:52:50,318 cli_clean INFO] Compressing '../2_flexref' folder
[2026-02-13 10:52:50,318 clean_steps INFO] Cleaning output for '../2_flexref' using 20 cores.
[2026-02-13 10:52:50,439 libtimer INFO] compressing took 0 seconds
[2026-02-13 10:52:50,439 cli_analyse INFO] CAPRI files identified
[2026-02-13 10:52:50,441 cli_analyse INFO] Plotting results..
[2026-02-13 10:52:51,571 cli_analyse INFO] Summary archive summary.tgz created!
[2026-02-13 10:52:51,571 cli_analyse INFO] Analysing step 3_emref
[2026-02-13 10:52:51,573 cli_unpack INFO] Unpacking '../3_emref' folder
[2026-02-13 10:52:51,574 libtimer INFO] unpacking took 0 seconds
[2026-02-13 10:52:51,587 capri INFO] Found previous CNS step: 3_emref
[2026-02-13 10:52:51,694 capri INFO] Saved scoring weights to: weights_params.json
[2026-02-13 10:52:51,694 __init__ INFO] [caprieval] No reference structure provided. Using the structure with the lowest score from previous step
[2026-02-13 10:52:51,779 libutil INFO] Selected 20 cores to process 20 jobs, with 32 maximum available cores.
[2026-02-13 10:52:51,779 libparallel INFO] Using 20 cores
[2026-02-13 10:52:52,193 libparallel INFO] 20 tasks finished
[2026-02-13 10:52:52,194 capri INFO] Rearranging cluster information into capri_clt.tsv
[2026-02-13 10:52:52,199 cli_clean INFO] Compressing '../3_emref' folder
[2026-02-13 10:52:52,199 clean_steps INFO] Cleaning output for '../3_emref' using 20 cores.
[2026-02-13 10:52:52,332 libtimer INFO] compressing took 0 seconds
[2026-02-13 10:52:52,332 cli_analyse INFO] CAPRI files identified
[2026-02-13 10:52:52,335 cli_analyse INFO] Plotting results..
[2026-02-13 10:52:53,448 cli_analyse INFO] Summary archive summary.tgz created!
[2026-02-13 10:52:53,449 cli_analyse INFO] moving files to analysis folder
[2026-02-13 10:52:53,449 cli_analyse INFO] cancelling unsuccesful analysis folders
[2026-02-13 10:52:53,449 cli_analyse INFO] updating paths in analysis/1_rigidbody_analysis/capri_ss.tsv
[2026-02-13 10:52:53,449 cli_analyse INFO] View the results in analysis/1_rigidbody_analysis/report.html
[2026-02-13 10:52:53,449 cli_analyse INFO] To view structures or download the structure files, in a terminal run the command `python -m http.server --directory /mnt/Data/PopOS/Data_Ana/Wu/clawdPorjects/HADDOCK_test/results/run_Neg_ATGGCCCCAAAACTCC-1_contig_1_1`. By default, http server runs on `http://0.0.0.0:8000/`. Open the link http://0.0.0.0:8000/analysis/1_rigidbody_analysis/report.html in a web browser.
[2026-02-13 10:52:53,449 cli_analyse INFO] updating paths in analysis/2_flexref_analysis/capri_ss.tsv
[2026-02-13 10:52:53,449 cli_analyse INFO] View the results in analysis/2_flexref_analysis/report.html
[2026-02-13 10:52:53,449 cli_analyse INFO] To view structures or download the structure files, in a terminal run the command `python -m http.server --directory /mnt/Data/PopOS/Data_Ana/Wu/clawdPorjects/HADDOCK_test/results/run_Neg_ATGGCCCCAAAACTCC-1_contig_1_1`. By default, http server runs on `http://0.0.0.0:8000/`. Open the link http://0.0.0.0:8000/analysis/2_flexref_analysis/report.html in a web browser.
[2026-02-13 10:52:53,449 cli_analyse INFO] updating paths in analysis/3_emref_analysis/capri_ss.tsv
[2026-02-13 10:52:53,450 cli_analyse INFO] View the results in analysis/3_emref_analysis/report.html
[2026-02-13 10:52:53,450 cli_analyse INFO] To view structures or download the structure files, in a terminal run the command `python -m http.server --directory /mnt/Data/PopOS/Data_Ana/Wu/clawdPorjects/HADDOCK_test/results/run_Neg_ATGGCCCCAAAACTCC-1_contig_1_1`. By default, http server runs on `http://0.0.0.0:8000/`. Open the link http://0.0.0.0:8000/analysis/3_emref_analysis/report.html in a web browser.
[2026-02-13 10:52:53,450 cli_traceback INFO] Running haddock3-traceback on ./
[2026-02-13 10:52:53,450 cli_traceback INFO] Reading input run directory
[2026-02-13 10:52:53,450 cli_traceback INFO] All_steps: 0_topoaa, 1_rigidbody, 2_flexref, 3_emref
[2026-02-13 10:52:53,450 cli_traceback INFO] Modules not to be analysed: 0_topoaa
[2026-02-13 10:52:53,450 cli_traceback INFO] Steps to trace back: 1_rigidbody, 2_flexref, 3_emref
[2026-02-13 10:52:53,450 cli_traceback INFO] Created directory: /mnt/Data/PopOS/Data_Ana/Wu/clawdPorjects/HADDOCK_test/results/run_Neg_ATGGCCCCAAAACTCC-1_contig_1_1/traceback
[2026-02-13 10:52:53,450 cli_traceback INFO] Tracing back step 3_emref
[2026-02-13 10:52:53,452 cli_traceback INFO] Tracing back step 2_flexref
[2026-02-13 10:52:53,454 cli_traceback INFO] Tracing back step 1_rigidbody
[2026-02-13 10:52:53,458 cli_traceback INFO] Output dataframe traceback/traceback.tsv created with shape (20, 8)
[2026-02-13 10:52:53,485 clean_steps INFO] Cleaning output for '0_topoaa' using 20 cores.
[2026-02-13 10:52:53,612 libtimer INFO] cleaning output files took 0 seconds
[2026-02-13 10:52:53,613 clean_steps INFO] Cleaning output for '1_rigidbody' using 20 cores.
[2026-02-13 10:52:53,621 libtimer INFO] cleaning output files took 0 seconds
[2026-02-13 10:52:53,622 clean_steps INFO] Cleaning output for '2_flexref' using 20 cores.
[2026-02-13 10:52:53,633 libtimer INFO] cleaning output files took 0 seconds
[2026-02-13 10:52:53,634 clean_steps INFO] Cleaning output for '3_emref' using 20 cores.
[2026-02-13 10:52:53,646 libtimer INFO] cleaning output files took 0 seconds
[2026-02-13 10:52:53,646 cli INFO] This HADDOCK3 run took: 2 minutes and 6 seconds
[2026-02-13 10:52:53,646 greetings INFO] Your feedback matters in Haddock3! Share your experience and help us grow:
[2026-02-13 10:52:53,646 greetings INFO] GitHub issues: https://github.com/haddocking/haddock3/issues
[2026-02-13 10:52:53,646 greetings INFO] BioExcel feedback: https://www.bonvinlab.org/feedback
[2026-02-13 10:52:53,646 greetings INFO] BioExcel forum: https://ask.bioexcel.eu/c/haddock/6
[2026-02-13 10:52:53,646 cli INFO] Finished at 13/02/2026 10:52:53. Tot ziens! Adéu-siau! Agur!
