[2026-02-13 10:42:14,164 cli INFO] 
##############################################
#                                            #
#                 HADDOCK3                   #
#                                            #
##############################################

!! Some of the HADDOCK3 components use CNS (Crystallographic and NMR System) which is free of use for non-profit applications. !!
!! For commercial use it is your own responsibility to have a proper license. !!
!! For details refer to the DISCLAIMER file in the HADDOCK3 repository. !!

Starting HADDOCK3 v2024.10.0b7 on 2026-02-13 10:42:00

Python 3.10.12 (main, Feb  4 2025, 14:57:36) [GCC 11.4.0]

[2026-02-13 10:42:17,846 libworkflow INFO] Reading instructions step 0_topoaa
[2026-02-13 10:42:17,847 libworkflow INFO] Reading instructions step 1_rigidbody
[2026-02-13 10:42:17,847 libworkflow INFO] Reading instructions step 2_flexref
[2026-02-13 10:42:17,847 libworkflow INFO] Reading instructions step 3_emref
[2026-02-13 10:42:17,861 base_cns_module INFO] Running [topoaa] module
[2026-02-13 10:42:17,861 __init__ INFO] [topoaa] Molecule 1: receptor_single_Neg_AGTGCAGAGATACCAT-1_contig_1_1.pdb
[2026-02-13 10:42:17,863 __init__ INFO] [topoaa] Sanitizing molecule receptor_single_Neg_AGTGCAGAGATACCAT-1_contig_1_1.pdb
[2026-02-13 10:42:17,870 __init__ INFO] [topoaa] Topology CNS input created
[2026-02-13 10:42:17,870 __init__ INFO] [topoaa] Molecule 2: ligand_single_Neg_AGTGCAGAGATACCAT-1_contig_1_1.pdb
[2026-02-13 10:42:17,871 __init__ INFO] [topoaa] Sanitizing molecule ligand_single_Neg_AGTGCAGAGATACCAT-1_contig_1_1.pdb
[2026-02-13 10:42:17,877 __init__ INFO] [topoaa] Topology CNS input created
[2026-02-13 10:42:17,877 __init__ INFO] [topoaa] Running CNS Jobs n=2
[2026-02-13 10:42:17,877 libutil INFO] Selected 2 cores to process 2 jobs, with 32 maximum available cores.
[2026-02-13 10:42:17,878 libparallel INFO] Using 2 cores
[2026-02-13 10:42:21,113 libparallel INFO] 2 tasks finished
[2026-02-13 10:42:21,113 __init__ INFO] [topoaa] CNS jobs have finished
[2026-02-13 10:42:21,115 base_cns_module INFO] Module [topoaa] finished.
[2026-02-13 10:42:21,115 __init__ INFO] [topoaa] took 3 seconds
[2026-02-13 10:42:21,459 base_cns_module INFO] Running [rigidbody] module
[2026-02-13 10:42:21,460 __init__ INFO] [rigidbody] crossdock=true
[2026-02-13 10:42:21,460 __init__ INFO] [rigidbody] Preparing jobs...
[2026-02-13 10:42:21,462 libutil INFO] Selected 20 cores to process 20 jobs, with 32 maximum available cores.
[2026-02-13 10:42:21,462 libparallel INFO] Using 20 cores
[2026-02-13 10:42:21,491 libparallel INFO] 20 tasks finished
[2026-02-13 10:42:21,492 __init__ INFO] [rigidbody] Preparation took 0.03173 seconds
[2026-02-13 10:42:21,493 __init__ INFO] [rigidbody] Running CNS Jobs n=20
[2026-02-13 10:42:21,493 libutil INFO] Selected 20 cores to process 20 jobs, with 32 maximum available cores.
[2026-02-13 10:42:21,494 libparallel INFO] Using 20 cores
[2026-02-13 10:42:31,661 libparallel INFO] 20 tasks finished
[2026-02-13 10:42:31,661 __init__ INFO] [rigidbody] CNS jobs have finished
[2026-02-13 10:42:31,691 base_cns_module INFO] Module [rigidbody] finished.
[2026-02-13 10:42:31,691 __init__ INFO] [rigidbody] took 10 seconds
[2026-02-13 10:42:32,068 base_cns_module INFO] Running [flexref] module
[2026-02-13 10:42:32,126 __init__ INFO] [flexref] Running CNS Jobs n=20
[2026-02-13 10:42:32,127 libutil INFO] Selected 20 cores to process 20 jobs, with 32 maximum available cores.
[2026-02-13 10:42:32,127 libparallel INFO] Using 20 cores
[2026-02-13 10:44:05,671 libparallel INFO] 20 tasks finished
[2026-02-13 10:44:05,671 __init__ INFO] [flexref] CNS jobs have finished
[2026-02-13 10:44:05,700 base_cns_module INFO] Module [flexref] finished.
[2026-02-13 10:44:05,700 __init__ INFO] [flexref] took 1 minute and 34 seconds
[2026-02-13 10:44:06,041 base_cns_module INFO] Running [emref] module
[2026-02-13 10:44:06,097 __init__ INFO] [emref] Running CNS Jobs n=20
[2026-02-13 10:44:06,097 libutil INFO] Selected 20 cores to process 20 jobs, with 32 maximum available cores.
[2026-02-13 10:44:06,097 libparallel INFO] Using 20 cores
[2026-02-13 10:44:13,192 libparallel INFO] 20 tasks finished
[2026-02-13 10:44:13,192 __init__ INFO] [emref] CNS jobs have finished
[2026-02-13 10:44:13,229 base_cns_module INFO] Module [emref] finished.
[2026-02-13 10:44:13,229 __init__ INFO] [emref] took 7 seconds
[2026-02-13 10:44:13,229 cli_analyse INFO] Running haddock3-analyse on ./, modules [], with top_cluster = 10
[2026-02-13 10:44:13,236 cli_analyse INFO] Created directory: /mnt/Data/PopOS/Data_Ana/Wu/clawdPorjects/HADDOCK_test/results/run_Neg_AGTGCAGAGATACCAT-1_contig_1_1/analysis
[2026-02-13 10:44:13,236 cli_analyse INFO] Reading input run directory
[2026-02-13 10:44:13,236 cli_analyse INFO] selected steps: 0_topoaa, 1_rigidbody, 2_flexref, 3_emref
[2026-02-13 10:44:13,236 cli_analyse INFO] Analysing step 0_topoaa
[2026-02-13 10:44:13,237 cli_analyse WARNING] Could not execute the analysis for step 0_topoaa. The following error occurred 'dict' object has no attribute 'rel_path'
[2026-02-13 10:44:13,237 cli_analyse INFO] Analysing step 1_rigidbody
[2026-02-13 10:44:13,238 cli_unpack INFO] Unpacking '../1_rigidbody' folder
[2026-02-13 10:44:13,238 libtimer INFO] unpacking took 0 seconds
[2026-02-13 10:44:13,251 capri INFO] Found previous CNS step: 1_rigidbody
[2026-02-13 10:44:13,363 capri INFO] Saved scoring weights to: weights_params.json
[2026-02-13 10:44:13,363 __init__ INFO] [caprieval] No reference structure provided. Using the structure with the lowest score from previous step
[2026-02-13 10:44:13,449 libutil INFO] Selected 20 cores to process 20 jobs, with 32 maximum available cores.
[2026-02-13 10:44:13,449 libparallel INFO] Using 20 cores
[2026-02-13 10:44:13,979 libparallel INFO] 20 tasks finished
[2026-02-13 10:44:13,980 capri INFO] Rearranging cluster information into capri_clt.tsv
[2026-02-13 10:44:13,987 cli_clean INFO] Compressing '../1_rigidbody' folder
[2026-02-13 10:44:13,988 clean_steps INFO] Cleaning output for '../1_rigidbody' using 20 cores.
[2026-02-13 10:44:14,122 libtimer INFO] compressing took 0 seconds
[2026-02-13 10:44:14,122 cli_analyse INFO] CAPRI files identified
[2026-02-13 10:44:14,126 cli_analyse INFO] Plotting results..
[2026-02-13 10:44:15,387 cli_analyse INFO] Summary archive summary.tgz created!
[2026-02-13 10:44:15,387 cli_analyse INFO] Analysing step 2_flexref
[2026-02-13 10:44:15,389 cli_unpack INFO] Unpacking '../2_flexref' folder
[2026-02-13 10:44:15,390 libtimer INFO] unpacking took 0 seconds
[2026-02-13 10:44:15,403 capri INFO] Found previous CNS step: 2_flexref
[2026-02-13 10:44:15,645 capri INFO] Saved scoring weights to: weights_params.json
[2026-02-13 10:44:15,645 __init__ INFO] [caprieval] No reference structure provided. Using the structure with the lowest score from previous step
[2026-02-13 10:44:15,729 libutil INFO] Selected 20 cores to process 20 jobs, with 32 maximum available cores.
[2026-02-13 10:44:15,730 libparallel INFO] Using 20 cores
[2026-02-13 10:44:16,127 libparallel INFO] 20 tasks finished
[2026-02-13 10:44:16,128 capri INFO] Rearranging cluster information into capri_clt.tsv
[2026-02-13 10:44:16,132 cli_clean INFO] Compressing '../2_flexref' folder
[2026-02-13 10:44:16,132 clean_steps INFO] Cleaning output for '../2_flexref' using 20 cores.
[2026-02-13 10:44:16,250 libtimer INFO] compressing took 0 seconds
[2026-02-13 10:44:16,250 cli_analyse INFO] CAPRI files identified
[2026-02-13 10:44:16,251 cli_analyse INFO] Plotting results..
[2026-02-13 10:44:17,386 cli_analyse INFO] Summary archive summary.tgz created!
[2026-02-13 10:44:17,386 cli_analyse INFO] Analysing step 3_emref
[2026-02-13 10:44:17,388 cli_unpack INFO] Unpacking '../3_emref' folder
[2026-02-13 10:44:17,389 libtimer INFO] unpacking took 0 seconds
[2026-02-13 10:44:17,402 capri INFO] Found previous CNS step: 3_emref
[2026-02-13 10:44:17,503 capri INFO] Saved scoring weights to: weights_params.json
[2026-02-13 10:44:17,504 __init__ INFO] [caprieval] No reference structure provided. Using the structure with the lowest score from previous step
[2026-02-13 10:44:17,586 libutil INFO] Selected 20 cores to process 20 jobs, with 32 maximum available cores.
[2026-02-13 10:44:17,586 libparallel INFO] Using 20 cores
[2026-02-13 10:44:17,984 libparallel INFO] 20 tasks finished
[2026-02-13 10:44:17,985 capri INFO] Rearranging cluster information into capri_clt.tsv
[2026-02-13 10:44:17,989 cli_clean INFO] Compressing '../3_emref' folder
[2026-02-13 10:44:17,990 clean_steps INFO] Cleaning output for '../3_emref' using 20 cores.
[2026-02-13 10:44:18,111 libtimer INFO] compressing took 0 seconds
[2026-02-13 10:44:18,111 cli_analyse INFO] CAPRI files identified
[2026-02-13 10:44:18,114 cli_analyse INFO] Plotting results..
[2026-02-13 10:44:19,224 cli_analyse INFO] Summary archive summary.tgz created!
[2026-02-13 10:44:19,224 cli_analyse INFO] moving files to analysis folder
[2026-02-13 10:44:19,225 cli_analyse INFO] cancelling unsuccesful analysis folders
[2026-02-13 10:44:19,225 cli_analyse INFO] updating paths in analysis/1_rigidbody_analysis/capri_ss.tsv
[2026-02-13 10:44:19,225 cli_analyse INFO] View the results in analysis/1_rigidbody_analysis/report.html
[2026-02-13 10:44:19,225 cli_analyse INFO] To view structures or download the structure files, in a terminal run the command `python -m http.server --directory /mnt/Data/PopOS/Data_Ana/Wu/clawdPorjects/HADDOCK_test/results/run_Neg_AGTGCAGAGATACCAT-1_contig_1_1`. By default, http server runs on `http://0.0.0.0:8000/`. Open the link http://0.0.0.0:8000/analysis/1_rigidbody_analysis/report.html in a web browser.
[2026-02-13 10:44:19,225 cli_analyse INFO] updating paths in analysis/2_flexref_analysis/capri_ss.tsv
[2026-02-13 10:44:19,225 cli_analyse INFO] View the results in analysis/2_flexref_analysis/report.html
[2026-02-13 10:44:19,225 cli_analyse INFO] To view structures or download the structure files, in a terminal run the command `python -m http.server --directory /mnt/Data/PopOS/Data_Ana/Wu/clawdPorjects/HADDOCK_test/results/run_Neg_AGTGCAGAGATACCAT-1_contig_1_1`. By default, http server runs on `http://0.0.0.0:8000/`. Open the link http://0.0.0.0:8000/analysis/2_flexref_analysis/report.html in a web browser.
[2026-02-13 10:44:19,225 cli_analyse INFO] updating paths in analysis/3_emref_analysis/capri_ss.tsv
[2026-02-13 10:44:19,225 cli_analyse INFO] View the results in analysis/3_emref_analysis/report.html
[2026-02-13 10:44:19,225 cli_analyse INFO] To view structures or download the structure files, in a terminal run the command `python -m http.server --directory /mnt/Data/PopOS/Data_Ana/Wu/clawdPorjects/HADDOCK_test/results/run_Neg_AGTGCAGAGATACCAT-1_contig_1_1`. By default, http server runs on `http://0.0.0.0:8000/`. Open the link http://0.0.0.0:8000/analysis/3_emref_analysis/report.html in a web browser.
[2026-02-13 10:44:19,225 cli_traceback INFO] Running haddock3-traceback on ./
[2026-02-13 10:44:19,225 cli_traceback INFO] Reading input run directory
[2026-02-13 10:44:19,226 cli_traceback INFO] All_steps: 0_topoaa, 1_rigidbody, 2_flexref, 3_emref
[2026-02-13 10:44:19,226 cli_traceback INFO] Modules not to be analysed: 0_topoaa
[2026-02-13 10:44:19,226 cli_traceback INFO] Steps to trace back: 1_rigidbody, 2_flexref, 3_emref
[2026-02-13 10:44:19,226 cli_traceback INFO] Created directory: /mnt/Data/PopOS/Data_Ana/Wu/clawdPorjects/HADDOCK_test/results/run_Neg_AGTGCAGAGATACCAT-1_contig_1_1/traceback
[2026-02-13 10:44:19,226 cli_traceback INFO] Tracing back step 3_emref
[2026-02-13 10:44:19,228 cli_traceback INFO] Tracing back step 2_flexref
[2026-02-13 10:44:19,230 cli_traceback INFO] Tracing back step 1_rigidbody
[2026-02-13 10:44:19,234 cli_traceback INFO] Output dataframe traceback/traceback.tsv created with shape (20, 8)
[2026-02-13 10:44:19,261 clean_steps INFO] Cleaning output for '0_topoaa' using 20 cores.
[2026-02-13 10:44:19,411 libtimer INFO] cleaning output files took 0 seconds
[2026-02-13 10:44:19,411 clean_steps INFO] Cleaning output for '1_rigidbody' using 20 cores.
[2026-02-13 10:44:19,425 libtimer INFO] cleaning output files took 0 seconds
[2026-02-13 10:44:19,425 clean_steps INFO] Cleaning output for '2_flexref' using 20 cores.
[2026-02-13 10:44:19,445 libtimer INFO] cleaning output files took 0 seconds
[2026-02-13 10:44:19,446 clean_steps INFO] Cleaning output for '3_emref' using 20 cores.
[2026-02-13 10:44:19,463 libtimer INFO] cleaning output files took 0 seconds
[2026-02-13 10:44:19,463 cli INFO] This HADDOCK3 run took: 2 minutes and 5 seconds
[2026-02-13 10:44:19,463 greetings INFO] Your feedback matters in Haddock3! Share your experience and help us grow:
[2026-02-13 10:44:19,463 greetings INFO] GitHub issues: https://github.com/haddocking/haddock3/issues
[2026-02-13 10:44:19,463 greetings INFO] BioExcel feedback: https://www.bonvinlab.org/feedback
[2026-02-13 10:44:19,464 greetings INFO] BioExcel forum: https://ask.bioexcel.eu/c/haddock/6
[2026-02-13 10:44:19,464 cli INFO] Finished at 13/02/2026 10:44:19. La revedere! Agur! Tchau!
