[2026-02-06 11:09:27,395 cli INFO] 
##############################################
#                                            #
#                 HADDOCK3                   #
#                                            #
##############################################

!! Some of the HADDOCK3 components use CNS (Crystallographic and NMR System) which is free of use for non-profit applications. !!
!! For commercial use it is your own responsibility to have a proper license. !!
!! For details refer to the DISCLAIMER file in the HADDOCK3 repository. !!

Starting HADDOCK3 v2024.10.0b7 on 2026-02-06 11:09:00

Python 3.10.12 (main, Feb  4 2025, 14:57:36) [GCC 11.4.0]

[2026-02-06 11:09:31,037 libworkflow INFO] Reading instructions step 0_topoaa
[2026-02-06 11:09:31,037 libworkflow INFO] Reading instructions step 1_rigidbody
[2026-02-06 11:09:31,037 libworkflow INFO] Reading instructions step 2_flexref
[2026-02-06 11:09:31,037 libworkflow INFO] Reading instructions step 3_emref
[2026-02-06 11:09:31,051 base_cns_module INFO] Running [topoaa] module
[2026-02-06 11:09:31,051 __init__ INFO] [topoaa] Molecule 1: receptor_single_refold_9MPW_Epi.pdb
[2026-02-06 11:09:31,053 __init__ INFO] [topoaa] Sanitizing molecule receptor_single_refold_9MPW_Epi.pdb
[2026-02-06 11:09:31,058 __init__ INFO] [topoaa] Topology CNS input created
[2026-02-06 11:09:31,058 __init__ INFO] [topoaa] Molecule 2: ligand_single_refold_9MPW_Epi.pdb
[2026-02-06 11:09:31,059 __init__ INFO] [topoaa] Sanitizing molecule ligand_single_refold_9MPW_Epi.pdb
[2026-02-06 11:09:31,063 __init__ INFO] [topoaa] Topology CNS input created
[2026-02-06 11:09:31,063 __init__ INFO] [topoaa] Running CNS Jobs n=2
[2026-02-06 11:09:31,063 libutil INFO] Selected 2 cores to process 2 jobs, with 32 maximum available cores.
[2026-02-06 11:09:31,064 libparallel INFO] Using 2 cores
[2026-02-06 11:09:33,240 libparallel INFO] 2 tasks finished
[2026-02-06 11:09:33,240 __init__ INFO] [topoaa] CNS jobs have finished
[2026-02-06 11:09:33,242 base_cns_module INFO] Module [topoaa] finished.
[2026-02-06 11:09:33,242 __init__ INFO] [topoaa] took 2 seconds
[2026-02-06 11:09:33,574 base_cns_module INFO] Running [rigidbody] module
[2026-02-06 11:09:33,575 __init__ INFO] [rigidbody] crossdock=true
[2026-02-06 11:09:33,575 __init__ INFO] [rigidbody] Preparing jobs...
[2026-02-06 11:09:33,577 libutil INFO] Selected 20 cores to process 20 jobs, with 32 maximum available cores.
[2026-02-06 11:09:33,577 libparallel INFO] Using 20 cores
[2026-02-06 11:09:33,602 libparallel INFO] 20 tasks finished
[2026-02-06 11:09:33,603 __init__ INFO] [rigidbody] Preparation took 0.027844 seconds
[2026-02-06 11:09:33,604 __init__ INFO] [rigidbody] Running CNS Jobs n=20
[2026-02-06 11:09:33,604 libutil INFO] Selected 20 cores to process 20 jobs, with 32 maximum available cores.
[2026-02-06 11:09:33,605 libparallel INFO] Using 20 cores
[2026-02-06 11:09:41,628 libparallel INFO] 20 tasks finished
[2026-02-06 11:09:41,628 __init__ INFO] [rigidbody] CNS jobs have finished
[2026-02-06 11:09:41,652 base_cns_module INFO] Module [rigidbody] finished.
[2026-02-06 11:09:41,652 __init__ INFO] [rigidbody] took 8 seconds
[2026-02-06 11:09:42,029 base_cns_module INFO] Running [flexref] module
[2026-02-06 11:09:42,079 __init__ INFO] [flexref] Running CNS Jobs n=20
[2026-02-06 11:09:42,079 libutil INFO] Selected 20 cores to process 20 jobs, with 32 maximum available cores.
[2026-02-06 11:09:42,079 libparallel INFO] Using 20 cores
[2026-02-06 11:10:56,198 libparallel INFO] 20 tasks finished
[2026-02-06 11:10:56,198 __init__ INFO] [flexref] CNS jobs have finished
[2026-02-06 11:10:56,222 base_cns_module INFO] Module [flexref] finished.
[2026-02-06 11:10:56,222 __init__ INFO] [flexref] took 1 minute and 14 seconds
[2026-02-06 11:10:56,557 base_cns_module INFO] Running [emref] module
[2026-02-06 11:10:56,606 __init__ INFO] [emref] Running CNS Jobs n=20
[2026-02-06 11:10:56,606 libutil INFO] Selected 20 cores to process 20 jobs, with 32 maximum available cores.
[2026-02-06 11:10:56,606 libparallel INFO] Using 20 cores
[2026-02-06 11:11:02,151 libparallel INFO] 20 tasks finished
[2026-02-06 11:11:02,151 __init__ INFO] [emref] CNS jobs have finished
[2026-02-06 11:11:02,178 base_cns_module INFO] Module [emref] finished.
[2026-02-06 11:11:02,178 __init__ INFO] [emref] took 6 seconds
[2026-02-06 11:11:02,178 cli_analyse INFO] Running haddock3-analyse on ./, modules [], with top_cluster = 10
[2026-02-06 11:11:02,185 cli_analyse INFO] Created directory: /mnt/Data/PopOS/Data_Ana/Wu/clawdPorjects/HADDOCK_test/results/run_refold_9MPW_Epi/analysis
[2026-02-06 11:11:02,185 cli_analyse INFO] Reading input run directory
[2026-02-06 11:11:02,185 cli_analyse INFO] selected steps: 0_topoaa, 1_rigidbody, 2_flexref, 3_emref
[2026-02-06 11:11:02,185 cli_analyse INFO] Analysing step 0_topoaa
[2026-02-06 11:11:02,186 cli_analyse WARNING] Could not execute the analysis for step 0_topoaa. The following error occurred 'dict' object has no attribute 'rel_path'
[2026-02-06 11:11:02,186 cli_analyse INFO] Analysing step 1_rigidbody
[2026-02-06 11:11:02,187 cli_unpack INFO] Unpacking '../1_rigidbody' folder
[2026-02-06 11:11:02,187 libtimer INFO] unpacking took 0 seconds
[2026-02-06 11:11:02,200 capri INFO] Found previous CNS step: 1_rigidbody
[2026-02-06 11:11:02,309 capri INFO] Saved scoring weights to: weights_params.json
[2026-02-06 11:11:02,309 __init__ INFO] [caprieval] No reference structure provided. Using the structure with the lowest score from previous step
[2026-02-06 11:11:02,380 libutil INFO] Selected 20 cores to process 20 jobs, with 32 maximum available cores.
[2026-02-06 11:11:02,381 libparallel INFO] Using 20 cores
[2026-02-06 11:11:02,755 libparallel INFO] 20 tasks finished
[2026-02-06 11:11:02,756 capri INFO] Rearranging cluster information into capri_clt.tsv
[2026-02-06 11:11:02,763 cli_clean INFO] Compressing '../1_rigidbody' folder
[2026-02-06 11:11:02,763 clean_steps INFO] Cleaning output for '../1_rigidbody' using 20 cores.
[2026-02-06 11:11:02,888 libtimer INFO] compressing took 0 seconds
[2026-02-06 11:11:02,889 cli_analyse INFO] CAPRI files identified
[2026-02-06 11:11:02,891 cli_analyse INFO] Plotting results..
[2026-02-06 11:11:04,016 cli_analyse INFO] Summary archive summary.tgz created!
[2026-02-06 11:11:04,016 cli_analyse INFO] Analysing step 2_flexref
[2026-02-06 11:11:04,018 cli_unpack INFO] Unpacking '../2_flexref' folder
[2026-02-06 11:11:04,019 libtimer INFO] unpacking took 0 seconds
[2026-02-06 11:11:04,031 capri INFO] Found previous CNS step: 2_flexref
[2026-02-06 11:11:04,269 capri INFO] Saved scoring weights to: weights_params.json
[2026-02-06 11:11:04,270 __init__ INFO] [caprieval] No reference structure provided. Using the structure with the lowest score from previous step
[2026-02-06 11:11:04,341 libutil INFO] Selected 20 cores to process 20 jobs, with 32 maximum available cores.
[2026-02-06 11:11:04,341 libparallel INFO] Using 20 cores
[2026-02-06 11:11:04,663 libparallel INFO] 20 tasks finished
[2026-02-06 11:11:04,664 capri INFO] Rearranging cluster information into capri_clt.tsv
[2026-02-06 11:11:04,668 cli_clean INFO] Compressing '../2_flexref' folder
[2026-02-06 11:11:04,668 clean_steps INFO] Cleaning output for '../2_flexref' using 20 cores.
[2026-02-06 11:11:04,775 libtimer INFO] compressing took 0 seconds
[2026-02-06 11:11:04,775 cli_analyse INFO] CAPRI files identified
[2026-02-06 11:11:04,777 cli_analyse INFO] Plotting results..
[2026-02-06 11:11:05,816 cli_analyse INFO] Summary archive summary.tgz created!
[2026-02-06 11:11:05,816 cli_analyse INFO] Analysing step 3_emref
[2026-02-06 11:11:05,818 cli_unpack INFO] Unpacking '../3_emref' folder
[2026-02-06 11:11:05,818 libtimer INFO] unpacking took 0 seconds
[2026-02-06 11:11:05,831 capri INFO] Found previous CNS step: 3_emref
[2026-02-06 11:11:05,933 capri INFO] Saved scoring weights to: weights_params.json
[2026-02-06 11:11:05,933 __init__ INFO] [caprieval] No reference structure provided. Using the structure with the lowest score from previous step
[2026-02-06 11:11:06,005 libutil INFO] Selected 20 cores to process 20 jobs, with 32 maximum available cores.
[2026-02-06 11:11:06,005 libparallel INFO] Using 20 cores
[2026-02-06 11:11:06,416 libparallel INFO] 20 tasks finished
[2026-02-06 11:11:06,417 capri INFO] Rearranging cluster information into capri_clt.tsv
[2026-02-06 11:11:06,422 cli_clean INFO] Compressing '../3_emref' folder
[2026-02-06 11:11:06,422 clean_steps INFO] Cleaning output for '../3_emref' using 20 cores.
[2026-02-06 11:11:06,534 libtimer INFO] compressing took 0 seconds
[2026-02-06 11:11:06,534 cli_analyse INFO] CAPRI files identified
[2026-02-06 11:11:06,536 cli_analyse INFO] Plotting results..
[2026-02-06 11:11:07,560 cli_analyse INFO] Summary archive summary.tgz created!
[2026-02-06 11:11:07,560 cli_analyse INFO] moving files to analysis folder
[2026-02-06 11:11:07,560 cli_analyse INFO] cancelling unsuccesful analysis folders
[2026-02-06 11:11:07,560 cli_analyse INFO] updating paths in analysis/1_rigidbody_analysis/capri_ss.tsv
[2026-02-06 11:11:07,560 cli_analyse INFO] View the results in analysis/1_rigidbody_analysis/report.html
[2026-02-06 11:11:07,560 cli_analyse INFO] To view structures or download the structure files, in a terminal run the command `python -m http.server --directory /mnt/Data/PopOS/Data_Ana/Wu/clawdPorjects/HADDOCK_test/results/run_refold_9MPW_Epi`. By default, http server runs on `http://0.0.0.0:8000/`. Open the link http://0.0.0.0:8000/analysis/1_rigidbody_analysis/report.html in a web browser.
[2026-02-06 11:11:07,560 cli_analyse INFO] updating paths in analysis/2_flexref_analysis/capri_ss.tsv
[2026-02-06 11:11:07,560 cli_analyse INFO] View the results in analysis/2_flexref_analysis/report.html
[2026-02-06 11:11:07,560 cli_analyse INFO] To view structures or download the structure files, in a terminal run the command `python -m http.server --directory /mnt/Data/PopOS/Data_Ana/Wu/clawdPorjects/HADDOCK_test/results/run_refold_9MPW_Epi`. By default, http server runs on `http://0.0.0.0:8000/`. Open the link http://0.0.0.0:8000/analysis/2_flexref_analysis/report.html in a web browser.
[2026-02-06 11:11:07,560 cli_analyse INFO] updating paths in analysis/3_emref_analysis/capri_ss.tsv
[2026-02-06 11:11:07,561 cli_analyse INFO] View the results in analysis/3_emref_analysis/report.html
[2026-02-06 11:11:07,561 cli_analyse INFO] To view structures or download the structure files, in a terminal run the command `python -m http.server --directory /mnt/Data/PopOS/Data_Ana/Wu/clawdPorjects/HADDOCK_test/results/run_refold_9MPW_Epi`. By default, http server runs on `http://0.0.0.0:8000/`. Open the link http://0.0.0.0:8000/analysis/3_emref_analysis/report.html in a web browser.
[2026-02-06 11:11:07,561 cli_traceback INFO] Running haddock3-traceback on ./
[2026-02-06 11:11:07,561 cli_traceback INFO] Reading input run directory
[2026-02-06 11:11:07,561 cli_traceback INFO] All_steps: 0_topoaa, 1_rigidbody, 2_flexref, 3_emref
[2026-02-06 11:11:07,561 cli_traceback INFO] Modules not to be analysed: 0_topoaa
[2026-02-06 11:11:07,561 cli_traceback INFO] Steps to trace back: 1_rigidbody, 2_flexref, 3_emref
[2026-02-06 11:11:07,561 cli_traceback INFO] Created directory: /mnt/Data/PopOS/Data_Ana/Wu/clawdPorjects/HADDOCK_test/results/run_refold_9MPW_Epi/traceback
[2026-02-06 11:11:07,561 cli_traceback INFO] Tracing back step 3_emref
[2026-02-06 11:11:07,563 cli_traceback INFO] Tracing back step 2_flexref
[2026-02-06 11:11:07,565 cli_traceback INFO] Tracing back step 1_rigidbody
[2026-02-06 11:11:07,569 cli_traceback INFO] Output dataframe traceback/traceback.tsv created with shape (20, 8)
[2026-02-06 11:11:07,595 clean_steps INFO] Cleaning output for '0_topoaa' using 20 cores.
[2026-02-06 11:11:07,715 libtimer INFO] cleaning output files took 0 seconds
[2026-02-06 11:11:07,715 clean_steps INFO] Cleaning output for '1_rigidbody' using 20 cores.
[2026-02-06 11:11:07,723 libtimer INFO] cleaning output files took 0 seconds
[2026-02-06 11:11:07,723 clean_steps INFO] Cleaning output for '2_flexref' using 20 cores.
[2026-02-06 11:11:07,737 libtimer INFO] cleaning output files took 0 seconds
[2026-02-06 11:11:07,737 clean_steps INFO] Cleaning output for '3_emref' using 20 cores.
[2026-02-06 11:11:07,752 libtimer INFO] cleaning output files took 0 seconds
[2026-02-06 11:11:07,752 cli INFO] This HADDOCK3 run took: 1 minute and 40 seconds
[2026-02-06 11:11:07,752 greetings INFO] Your feedback matters in Haddock3! Share your experience and help us grow:
[2026-02-06 11:11:07,752 greetings INFO] GitHub issues: https://github.com/haddocking/haddock3/issues
[2026-02-06 11:11:07,752 greetings INFO] BioExcel feedback: https://www.bonvinlab.org/feedback
[2026-02-06 11:11:07,752 greetings INFO] BioExcel forum: https://ask.bioexcel.eu/c/haddock/6
[2026-02-06 11:11:07,753 cli INFO] Finished at 06/02/2026 11:11:07. 再见! Au revoir! Ciao!
