[2026-02-13 13:08:55,103 cli INFO] 
##############################################
#                                            #
#                 HADDOCK3                   #
#                                            #
##############################################

!! Some of the HADDOCK3 components use CNS (Crystallographic and NMR System) which is free of use for non-profit applications. !!
!! For commercial use it is your own responsibility to have a proper license. !!
!! For details refer to the DISCLAIMER file in the HADDOCK3 repository. !!

Starting HADDOCK3 v2024.10.0b7 on 2026-02-13 13:08:00

Python 3.10.12 (main, Feb  4 2025, 14:57:36) [GCC 11.4.0]

[2026-02-13 13:08:58,870 libworkflow INFO] Reading instructions step 0_topoaa
[2026-02-13 13:08:58,870 libworkflow INFO] Reading instructions step 1_rigidbody
[2026-02-13 13:08:58,870 libworkflow INFO] Reading instructions step 2_flexref
[2026-02-13 13:08:58,871 libworkflow INFO] Reading instructions step 3_emref
[2026-02-13 13:08:58,885 base_cns_module INFO] Running [topoaa] module
[2026-02-13 13:08:58,885 __init__ INFO] [topoaa] Molecule 1: receptor_single_Pos_CTAACGGGTGGAGTGG-1_contig_1_1.pdb
[2026-02-13 13:08:58,886 __init__ INFO] [topoaa] Sanitizing molecule receptor_single_Pos_CTAACGGGTGGAGTGG-1_contig_1_1.pdb
[2026-02-13 13:08:58,893 __init__ INFO] [topoaa] Topology CNS input created
[2026-02-13 13:08:58,893 __init__ INFO] [topoaa] Molecule 2: ligand_single_Pos_CTAACGGGTGGAGTGG-1_contig_1_1.pdb
[2026-02-13 13:08:58,894 __init__ INFO] [topoaa] Sanitizing molecule ligand_single_Pos_CTAACGGGTGGAGTGG-1_contig_1_1.pdb
[2026-02-13 13:08:58,900 __init__ INFO] [topoaa] Topology CNS input created
[2026-02-13 13:08:58,900 __init__ INFO] [topoaa] Running CNS Jobs n=2
[2026-02-13 13:08:58,900 libutil INFO] Selected 2 cores to process 2 jobs, with 32 maximum available cores.
[2026-02-13 13:08:58,901 libparallel INFO] Using 2 cores
[2026-02-13 13:09:02,139 libparallel INFO] 2 tasks finished
[2026-02-13 13:09:02,139 __init__ INFO] [topoaa] CNS jobs have finished
[2026-02-13 13:09:02,141 base_cns_module INFO] Module [topoaa] finished.
[2026-02-13 13:09:02,141 __init__ INFO] [topoaa] took 3 seconds
[2026-02-13 13:09:02,488 base_cns_module INFO] Running [rigidbody] module
[2026-02-13 13:09:02,489 __init__ INFO] [rigidbody] crossdock=true
[2026-02-13 13:09:02,489 __init__ INFO] [rigidbody] Preparing jobs...
[2026-02-13 13:09:02,491 libutil INFO] Selected 20 cores to process 20 jobs, with 32 maximum available cores.
[2026-02-13 13:09:02,491 libparallel INFO] Using 20 cores
[2026-02-13 13:09:02,520 libparallel INFO] 20 tasks finished
[2026-02-13 13:09:02,520 __init__ INFO] [rigidbody] Preparation took 0.03145 seconds
[2026-02-13 13:09:02,521 __init__ INFO] [rigidbody] Running CNS Jobs n=20
[2026-02-13 13:09:02,521 libutil INFO] Selected 20 cores to process 20 jobs, with 32 maximum available cores.
[2026-02-13 13:09:02,521 libparallel INFO] Using 20 cores
[2026-02-13 13:09:13,352 libparallel INFO] 20 tasks finished
[2026-02-13 13:09:13,352 __init__ INFO] [rigidbody] CNS jobs have finished
[2026-02-13 13:09:13,390 base_cns_module INFO] Module [rigidbody] finished.
[2026-02-13 13:09:13,390 __init__ INFO] [rigidbody] took 11 seconds
[2026-02-13 13:09:13,780 base_cns_module INFO] Running [flexref] module
[2026-02-13 13:09:13,838 __init__ INFO] [flexref] Running CNS Jobs n=20
[2026-02-13 13:09:13,838 libutil INFO] Selected 20 cores to process 20 jobs, with 32 maximum available cores.
[2026-02-13 13:09:13,839 libparallel INFO] Using 20 cores
[2026-02-13 13:10:52,007 libparallel INFO] 20 tasks finished
[2026-02-13 13:10:52,007 __init__ INFO] [flexref] CNS jobs have finished
[2026-02-13 13:10:52,035 base_cns_module INFO] Module [flexref] finished.
[2026-02-13 13:10:52,035 __init__ INFO] [flexref] took 1 minute and 38 seconds
[2026-02-13 13:10:52,381 base_cns_module INFO] Running [emref] module
[2026-02-13 13:10:52,438 __init__ INFO] [emref] Running CNS Jobs n=20
[2026-02-13 13:10:52,438 libutil INFO] Selected 20 cores to process 20 jobs, with 32 maximum available cores.
[2026-02-13 13:10:52,438 libparallel INFO] Using 20 cores
[2026-02-13 13:10:59,760 libparallel INFO] 20 tasks finished
[2026-02-13 13:10:59,760 __init__ INFO] [emref] CNS jobs have finished
[2026-02-13 13:10:59,797 base_cns_module INFO] Module [emref] finished.
[2026-02-13 13:10:59,797 __init__ INFO] [emref] took 7 seconds
[2026-02-13 13:10:59,797 cli_analyse INFO] Running haddock3-analyse on ./, modules [], with top_cluster = 10
[2026-02-13 13:10:59,805 cli_analyse INFO] Created directory: /mnt/Data/PopOS/Data_Ana/Wu/clawdPorjects/HADDOCK_test/results/run_Pos_CTAACGGGTGGAGTGG-1_contig_1_1/analysis
[2026-02-13 13:10:59,805 cli_analyse INFO] Reading input run directory
[2026-02-13 13:10:59,805 cli_analyse INFO] selected steps: 0_topoaa, 1_rigidbody, 2_flexref, 3_emref
[2026-02-13 13:10:59,806 cli_analyse INFO] Analysing step 0_topoaa
[2026-02-13 13:10:59,806 cli_analyse WARNING] Could not execute the analysis for step 0_topoaa. The following error occurred 'dict' object has no attribute 'rel_path'
[2026-02-13 13:10:59,806 cli_analyse INFO] Analysing step 1_rigidbody
[2026-02-13 13:10:59,807 cli_unpack INFO] Unpacking '../1_rigidbody' folder
[2026-02-13 13:10:59,808 libtimer INFO] unpacking took 0 seconds
[2026-02-13 13:10:59,821 capri INFO] Found previous CNS step: 1_rigidbody
[2026-02-13 13:10:59,929 capri INFO] Saved scoring weights to: weights_params.json
[2026-02-13 13:10:59,929 __init__ INFO] [caprieval] No reference structure provided. Using the structure with the lowest score from previous step
[2026-02-13 13:11:00,017 libutil INFO] Selected 20 cores to process 20 jobs, with 32 maximum available cores.
[2026-02-13 13:11:00,017 libparallel INFO] Using 20 cores
[2026-02-13 13:11:00,443 libparallel INFO] 20 tasks finished
[2026-02-13 13:11:00,444 capri INFO] Rearranging cluster information into capri_clt.tsv
[2026-02-13 13:11:00,451 cli_clean INFO] Compressing '../1_rigidbody' folder
[2026-02-13 13:11:00,451 clean_steps INFO] Cleaning output for '../1_rigidbody' using 20 cores.
[2026-02-13 13:11:00,570 libtimer INFO] compressing took 0 seconds
[2026-02-13 13:11:00,570 cli_analyse INFO] CAPRI files identified
[2026-02-13 13:11:00,572 cli_analyse INFO] Plotting results..
[2026-02-13 13:11:01,795 cli_analyse INFO] Summary archive summary.tgz created!
[2026-02-13 13:11:01,795 cli_analyse INFO] Analysing step 2_flexref
[2026-02-13 13:11:01,797 cli_unpack INFO] Unpacking '../2_flexref' folder
[2026-02-13 13:11:01,797 libtimer INFO] unpacking took 0 seconds
[2026-02-13 13:11:01,811 capri INFO] Found previous CNS step: 2_flexref
[2026-02-13 13:11:02,049 capri INFO] Saved scoring weights to: weights_params.json
[2026-02-13 13:11:02,049 __init__ INFO] [caprieval] No reference structure provided. Using the structure with the lowest score from previous step
[2026-02-13 13:11:02,135 libutil INFO] Selected 20 cores to process 20 jobs, with 32 maximum available cores.
[2026-02-13 13:11:02,135 libparallel INFO] Using 20 cores
[2026-02-13 13:11:02,590 libparallel INFO] 20 tasks finished
[2026-02-13 13:11:02,591 capri INFO] Rearranging cluster information into capri_clt.tsv
[2026-02-13 13:11:02,595 cli_clean INFO] Compressing '../2_flexref' folder
[2026-02-13 13:11:02,595 clean_steps INFO] Cleaning output for '../2_flexref' using 20 cores.
[2026-02-13 13:11:02,726 libtimer INFO] compressing took 0 seconds
[2026-02-13 13:11:02,727 cli_analyse INFO] CAPRI files identified
[2026-02-13 13:11:02,729 cli_analyse INFO] Plotting results..
[2026-02-13 13:11:03,832 cli_analyse INFO] Summary archive summary.tgz created!
[2026-02-13 13:11:03,832 cli_analyse INFO] Analysing step 3_emref
[2026-02-13 13:11:03,835 cli_unpack INFO] Unpacking '../3_emref' folder
[2026-02-13 13:11:03,835 libtimer INFO] unpacking took 0 seconds
[2026-02-13 13:11:03,849 capri INFO] Found previous CNS step: 3_emref
[2026-02-13 13:11:03,950 capri INFO] Saved scoring weights to: weights_params.json
[2026-02-13 13:11:03,950 __init__ INFO] [caprieval] No reference structure provided. Using the structure with the lowest score from previous step
[2026-02-13 13:11:04,036 libutil INFO] Selected 20 cores to process 20 jobs, with 32 maximum available cores.
[2026-02-13 13:11:04,036 libparallel INFO] Using 20 cores
[2026-02-13 13:11:04,425 libparallel INFO] 20 tasks finished
[2026-02-13 13:11:04,426 capri INFO] Rearranging cluster information into capri_clt.tsv
[2026-02-13 13:11:04,430 cli_clean INFO] Compressing '../3_emref' folder
[2026-02-13 13:11:04,430 clean_steps INFO] Cleaning output for '../3_emref' using 20 cores.
[2026-02-13 13:11:04,550 libtimer INFO] compressing took 0 seconds
[2026-02-13 13:11:04,550 cli_analyse INFO] CAPRI files identified
[2026-02-13 13:11:04,552 cli_analyse INFO] Plotting results..
[2026-02-13 13:11:05,666 cli_analyse INFO] Summary archive summary.tgz created!
[2026-02-13 13:11:05,666 cli_analyse INFO] moving files to analysis folder
[2026-02-13 13:11:05,666 cli_analyse INFO] cancelling unsuccesful analysis folders
[2026-02-13 13:11:05,666 cli_analyse INFO] updating paths in analysis/1_rigidbody_analysis/capri_ss.tsv
[2026-02-13 13:11:05,666 cli_analyse INFO] View the results in analysis/1_rigidbody_analysis/report.html
[2026-02-13 13:11:05,666 cli_analyse INFO] To view structures or download the structure files, in a terminal run the command `python -m http.server --directory /mnt/Data/PopOS/Data_Ana/Wu/clawdPorjects/HADDOCK_test/results/run_Pos_CTAACGGGTGGAGTGG-1_contig_1_1`. By default, http server runs on `http://0.0.0.0:8000/`. Open the link http://0.0.0.0:8000/analysis/1_rigidbody_analysis/report.html in a web browser.
[2026-02-13 13:11:05,666 cli_analyse INFO] updating paths in analysis/2_flexref_analysis/capri_ss.tsv
[2026-02-13 13:11:05,666 cli_analyse INFO] View the results in analysis/2_flexref_analysis/report.html
[2026-02-13 13:11:05,666 cli_analyse INFO] To view structures or download the structure files, in a terminal run the command `python -m http.server --directory /mnt/Data/PopOS/Data_Ana/Wu/clawdPorjects/HADDOCK_test/results/run_Pos_CTAACGGGTGGAGTGG-1_contig_1_1`. By default, http server runs on `http://0.0.0.0:8000/`. Open the link http://0.0.0.0:8000/analysis/2_flexref_analysis/report.html in a web browser.
[2026-02-13 13:11:05,666 cli_analyse INFO] updating paths in analysis/3_emref_analysis/capri_ss.tsv
[2026-02-13 13:11:05,667 cli_analyse INFO] View the results in analysis/3_emref_analysis/report.html
[2026-02-13 13:11:05,667 cli_analyse INFO] To view structures or download the structure files, in a terminal run the command `python -m http.server --directory /mnt/Data/PopOS/Data_Ana/Wu/clawdPorjects/HADDOCK_test/results/run_Pos_CTAACGGGTGGAGTGG-1_contig_1_1`. By default, http server runs on `http://0.0.0.0:8000/`. Open the link http://0.0.0.0:8000/analysis/3_emref_analysis/report.html in a web browser.
[2026-02-13 13:11:05,667 cli_traceback INFO] Running haddock3-traceback on ./
[2026-02-13 13:11:05,667 cli_traceback INFO] Reading input run directory
[2026-02-13 13:11:05,667 cli_traceback INFO] All_steps: 0_topoaa, 1_rigidbody, 2_flexref, 3_emref
[2026-02-13 13:11:05,667 cli_traceback INFO] Modules not to be analysed: 0_topoaa
[2026-02-13 13:11:05,667 cli_traceback INFO] Steps to trace back: 1_rigidbody, 2_flexref, 3_emref
[2026-02-13 13:11:05,667 cli_traceback INFO] Created directory: /mnt/Data/PopOS/Data_Ana/Wu/clawdPorjects/HADDOCK_test/results/run_Pos_CTAACGGGTGGAGTGG-1_contig_1_1/traceback
[2026-02-13 13:11:05,667 cli_traceback INFO] Tracing back step 3_emref
[2026-02-13 13:11:05,669 cli_traceback INFO] Tracing back step 2_flexref
[2026-02-13 13:11:05,671 cli_traceback INFO] Tracing back step 1_rigidbody
[2026-02-13 13:11:05,675 cli_traceback INFO] Output dataframe traceback/traceback.tsv created with shape (20, 8)
[2026-02-13 13:11:05,702 clean_steps INFO] Cleaning output for '0_topoaa' using 20 cores.
[2026-02-13 13:11:05,847 libtimer INFO] cleaning output files took 0 seconds
[2026-02-13 13:11:05,847 clean_steps INFO] Cleaning output for '1_rigidbody' using 20 cores.
[2026-02-13 13:11:05,856 libtimer INFO] cleaning output files took 0 seconds
[2026-02-13 13:11:05,856 clean_steps INFO] Cleaning output for '2_flexref' using 20 cores.
[2026-02-13 13:11:05,866 libtimer INFO] cleaning output files took 0 seconds
[2026-02-13 13:11:05,866 clean_steps INFO] Cleaning output for '3_emref' using 20 cores.
[2026-02-13 13:11:05,880 libtimer INFO] cleaning output files took 0 seconds
[2026-02-13 13:11:05,880 cli INFO] This HADDOCK3 run took: 2 minutes and 11 seconds
[2026-02-13 13:11:05,880 greetings INFO] Your feedback matters in Haddock3! Share your experience and help us grow:
[2026-02-13 13:11:05,881 greetings INFO] GitHub issues: https://github.com/haddocking/haddock3/issues
[2026-02-13 13:11:05,881 greetings INFO] BioExcel feedback: https://www.bonvinlab.org/feedback
[2026-02-13 13:11:05,881 greetings INFO] BioExcel forum: https://ask.bioexcel.eu/c/haddock/6
[2026-02-13 13:11:05,881 cli INFO] Finished at 13/02/2026 13:11:05. Tchau! Good bye! Tot ziens!
