[2026-02-06 04:04:41,626 cli INFO] 
##############################################
#                                            #
#                 HADDOCK3                   #
#                                            #
##############################################

!! Some of the HADDOCK3 components use CNS (Crystallographic and NMR System) which is free of use for non-profit applications. !!
!! For commercial use it is your own responsibility to have a proper license. !!
!! For details refer to the DISCLAIMER file in the HADDOCK3 repository. !!

Starting HADDOCK3 v2024.10.0b7 on 2026-02-06 04:04:00

Python 3.10.12 (main, Feb  4 2025, 14:57:36) [GCC 11.4.0]

[2026-02-06 04:04:45,342 libworkflow INFO] Reading instructions step 0_topoaa
[2026-02-06 04:04:45,342 libworkflow INFO] Reading instructions step 1_rigidbody
[2026-02-06 04:04:45,342 libworkflow INFO] Reading instructions step 2_flexref
[2026-02-06 04:04:45,342 libworkflow INFO] Reading instructions step 3_emref
[2026-02-06 04:04:45,356 base_cns_module INFO] Running [topoaa] module
[2026-02-06 04:04:45,356 __init__ INFO] [topoaa] Molecule 1: receptor_single_1G17_Epi.pdb
[2026-02-06 04:04:45,358 __init__ INFO] [topoaa] Sanitizing molecule receptor_single_1G17_Epi.pdb
[2026-02-06 04:04:45,364 __init__ INFO] [topoaa] Topology CNS input created
[2026-02-06 04:04:45,365 __init__ INFO] [topoaa] Molecule 2: ligand_single_1G17_Epi.pdb
[2026-02-06 04:04:45,365 __init__ INFO] [topoaa] Sanitizing molecule ligand_single_1G17_Epi.pdb
[2026-02-06 04:04:45,368 __init__ INFO] [topoaa] Topology CNS input created
[2026-02-06 04:04:45,368 __init__ INFO] [topoaa] Running CNS Jobs n=2
[2026-02-06 04:04:45,368 libutil INFO] Selected 2 cores to process 2 jobs, with 32 maximum available cores.
[2026-02-06 04:04:45,370 libparallel INFO] Using 2 cores
[2026-02-06 04:04:48,630 libparallel INFO] 2 tasks finished
[2026-02-06 04:04:48,630 __init__ INFO] [topoaa] CNS jobs have finished
[2026-02-06 04:04:48,632 base_cns_module INFO] Module [topoaa] finished.
[2026-02-06 04:04:48,633 __init__ INFO] [topoaa] took 3 seconds
[2026-02-06 04:04:48,982 base_cns_module INFO] Running [rigidbody] module
[2026-02-06 04:04:48,983 __init__ INFO] [rigidbody] crossdock=true
[2026-02-06 04:04:48,983 __init__ INFO] [rigidbody] Preparing jobs...
[2026-02-06 04:04:48,985 libutil INFO] Selected 20 cores to process 20 jobs, with 32 maximum available cores.
[2026-02-06 04:04:48,985 libparallel INFO] Using 20 cores
[2026-02-06 04:04:49,011 libparallel INFO] 20 tasks finished
[2026-02-06 04:04:49,011 __init__ INFO] [rigidbody] Preparation took 0.028255 seconds
[2026-02-06 04:04:49,012 __init__ INFO] [rigidbody] Running CNS Jobs n=20
[2026-02-06 04:04:49,012 libutil INFO] Selected 20 cores to process 20 jobs, with 32 maximum available cores.
[2026-02-06 04:04:49,013 libparallel INFO] Using 20 cores
[2026-02-06 04:04:59,517 libparallel INFO] 20 tasks finished
[2026-02-06 04:04:59,517 __init__ INFO] [rigidbody] CNS jobs have finished
[2026-02-06 04:04:59,553 base_cns_module INFO] Module [rigidbody] finished.
[2026-02-06 04:04:59,553 __init__ INFO] [rigidbody] took 11 seconds
[2026-02-06 04:04:59,934 base_cns_module INFO] Running [flexref] module
[2026-02-06 04:04:59,992 __init__ INFO] [flexref] Running CNS Jobs n=20
[2026-02-06 04:04:59,992 libutil INFO] Selected 20 cores to process 20 jobs, with 32 maximum available cores.
[2026-02-06 04:04:59,993 libparallel INFO] Using 20 cores
[2026-02-06 04:06:32,852 libparallel INFO] 20 tasks finished
[2026-02-06 04:06:32,853 __init__ INFO] [flexref] CNS jobs have finished
[2026-02-06 04:06:32,901 base_cns_module INFO] Module [flexref] finished.
[2026-02-06 04:06:32,901 __init__ INFO] [flexref] took 1 minute and 33 seconds
[2026-02-06 04:06:33,246 base_cns_module INFO] Running [emref] module
[2026-02-06 04:06:33,303 __init__ INFO] [emref] Running CNS Jobs n=20
[2026-02-06 04:06:33,303 libutil INFO] Selected 20 cores to process 20 jobs, with 32 maximum available cores.
[2026-02-06 04:06:33,304 libparallel INFO] Using 20 cores
[2026-02-06 04:06:40,296 libparallel INFO] 20 tasks finished
[2026-02-06 04:06:40,296 __init__ INFO] [emref] CNS jobs have finished
[2026-02-06 04:06:40,327 base_cns_module INFO] Module [emref] finished.
[2026-02-06 04:06:40,327 __init__ INFO] [emref] took 7 seconds
[2026-02-06 04:06:40,327 cli_analyse INFO] Running haddock3-analyse on ./, modules [], with top_cluster = 10
[2026-02-06 04:06:40,334 cli_analyse INFO] Created directory: /mnt/Data/PopOS/Data_Ana/Wu/clawdPorjects/HADDOCK_test/results/run_1G17_Epi/analysis
[2026-02-06 04:06:40,334 cli_analyse INFO] Reading input run directory
[2026-02-06 04:06:40,334 cli_analyse INFO] selected steps: 0_topoaa, 1_rigidbody, 2_flexref, 3_emref
[2026-02-06 04:06:40,334 cli_analyse INFO] Analysing step 0_topoaa
[2026-02-06 04:06:40,334 cli_analyse WARNING] Could not execute the analysis for step 0_topoaa. The following error occurred 'dict' object has no attribute 'rel_path'
[2026-02-06 04:06:40,334 cli_analyse INFO] Analysing step 1_rigidbody
[2026-02-06 04:06:40,336 cli_unpack INFO] Unpacking '../1_rigidbody' folder
[2026-02-06 04:06:40,336 libtimer INFO] unpacking took 0 seconds
[2026-02-06 04:06:40,349 capri INFO] Found previous CNS step: 1_rigidbody
[2026-02-06 04:06:40,458 capri INFO] Saved scoring weights to: weights_params.json
[2026-02-06 04:06:40,458 __init__ INFO] [caprieval] No reference structure provided. Using the structure with the lowest score from previous step
[2026-02-06 04:06:40,542 libutil INFO] Selected 20 cores to process 20 jobs, with 32 maximum available cores.
[2026-02-06 04:06:40,542 libparallel INFO] Using 20 cores
[2026-02-06 04:06:40,971 libparallel INFO] 20 tasks finished
[2026-02-06 04:06:40,972 capri INFO] Rearranging cluster information into capri_clt.tsv
[2026-02-06 04:06:40,976 cli_clean INFO] Compressing '../1_rigidbody' folder
[2026-02-06 04:06:40,976 clean_steps INFO] Cleaning output for '../1_rigidbody' using 20 cores.
[2026-02-06 04:06:41,092 libtimer INFO] compressing took 0 seconds
[2026-02-06 04:06:41,092 cli_analyse INFO] CAPRI files identified
[2026-02-06 04:06:41,094 cli_analyse INFO] Plotting results..
[2026-02-06 04:06:42,300 cli_analyse INFO] Summary archive summary.tgz created!
[2026-02-06 04:06:42,300 cli_analyse INFO] Analysing step 2_flexref
[2026-02-06 04:06:42,303 cli_unpack INFO] Unpacking '../2_flexref' folder
[2026-02-06 04:06:42,303 libtimer INFO] unpacking took 0 seconds
[2026-02-06 04:06:42,316 capri INFO] Found previous CNS step: 2_flexref
[2026-02-06 04:06:42,554 capri INFO] Saved scoring weights to: weights_params.json
[2026-02-06 04:06:42,554 __init__ INFO] [caprieval] No reference structure provided. Using the structure with the lowest score from previous step
[2026-02-06 04:06:42,639 libutil INFO] Selected 20 cores to process 20 jobs, with 32 maximum available cores.
[2026-02-06 04:06:42,639 libparallel INFO] Using 20 cores
[2026-02-06 04:06:43,038 libparallel INFO] 20 tasks finished
[2026-02-06 04:06:43,038 capri INFO] Rearranging cluster information into capri_clt.tsv
[2026-02-06 04:06:43,043 cli_clean INFO] Compressing '../2_flexref' folder
[2026-02-06 04:06:43,043 clean_steps INFO] Cleaning output for '../2_flexref' using 20 cores.
[2026-02-06 04:06:43,162 libtimer INFO] compressing took 0 seconds
[2026-02-06 04:06:43,162 cli_analyse INFO] CAPRI files identified
[2026-02-06 04:06:43,164 cli_analyse INFO] Plotting results..
[2026-02-06 04:06:44,263 cli_analyse INFO] Summary archive summary.tgz created!
[2026-02-06 04:06:44,263 cli_analyse INFO] Analysing step 3_emref
[2026-02-06 04:06:44,266 cli_unpack INFO] Unpacking '../3_emref' folder
[2026-02-06 04:06:44,266 libtimer INFO] unpacking took 0 seconds
[2026-02-06 04:06:44,279 capri INFO] Found previous CNS step: 3_emref
[2026-02-06 04:06:44,381 capri INFO] Saved scoring weights to: weights_params.json
[2026-02-06 04:06:44,381 __init__ INFO] [caprieval] No reference structure provided. Using the structure with the lowest score from previous step
[2026-02-06 04:06:44,465 libutil INFO] Selected 20 cores to process 20 jobs, with 32 maximum available cores.
[2026-02-06 04:06:44,465 libparallel INFO] Using 20 cores
[2026-02-06 04:06:44,853 libparallel INFO] 20 tasks finished
[2026-02-06 04:06:44,854 capri INFO] Rearranging cluster information into capri_clt.tsv
[2026-02-06 04:06:44,861 cli_clean INFO] Compressing '../3_emref' folder
[2026-02-06 04:06:44,861 clean_steps INFO] Cleaning output for '../3_emref' using 20 cores.
[2026-02-06 04:06:44,983 libtimer INFO] compressing took 0 seconds
[2026-02-06 04:06:44,983 cli_analyse INFO] CAPRI files identified
[2026-02-06 04:06:44,985 cli_analyse INFO] Plotting results..
[2026-02-06 04:06:46,088 cli_analyse INFO] Summary archive summary.tgz created!
[2026-02-06 04:06:46,088 cli_analyse INFO] moving files to analysis folder
[2026-02-06 04:06:46,088 cli_analyse INFO] cancelling unsuccesful analysis folders
[2026-02-06 04:06:46,088 cli_analyse INFO] updating paths in analysis/1_rigidbody_analysis/capri_ss.tsv
[2026-02-06 04:06:46,088 cli_analyse INFO] View the results in analysis/1_rigidbody_analysis/report.html
[2026-02-06 04:06:46,088 cli_analyse INFO] To view structures or download the structure files, in a terminal run the command `python -m http.server --directory /mnt/Data/PopOS/Data_Ana/Wu/clawdPorjects/HADDOCK_test/results/run_1G17_Epi`. By default, http server runs on `http://0.0.0.0:8000/`. Open the link http://0.0.0.0:8000/analysis/1_rigidbody_analysis/report.html in a web browser.
[2026-02-06 04:06:46,088 cli_analyse INFO] updating paths in analysis/2_flexref_analysis/capri_ss.tsv
[2026-02-06 04:06:46,089 cli_analyse INFO] View the results in analysis/2_flexref_analysis/report.html
[2026-02-06 04:06:46,089 cli_analyse INFO] To view structures or download the structure files, in a terminal run the command `python -m http.server --directory /mnt/Data/PopOS/Data_Ana/Wu/clawdPorjects/HADDOCK_test/results/run_1G17_Epi`. By default, http server runs on `http://0.0.0.0:8000/`. Open the link http://0.0.0.0:8000/analysis/2_flexref_analysis/report.html in a web browser.
[2026-02-06 04:06:46,089 cli_analyse INFO] updating paths in analysis/3_emref_analysis/capri_ss.tsv
[2026-02-06 04:06:46,089 cli_analyse INFO] View the results in analysis/3_emref_analysis/report.html
[2026-02-06 04:06:46,089 cli_analyse INFO] To view structures or download the structure files, in a terminal run the command `python -m http.server --directory /mnt/Data/PopOS/Data_Ana/Wu/clawdPorjects/HADDOCK_test/results/run_1G17_Epi`. By default, http server runs on `http://0.0.0.0:8000/`. Open the link http://0.0.0.0:8000/analysis/3_emref_analysis/report.html in a web browser.
[2026-02-06 04:06:46,089 cli_traceback INFO] Running haddock3-traceback on ./
[2026-02-06 04:06:46,089 cli_traceback INFO] Reading input run directory
[2026-02-06 04:06:46,089 cli_traceback INFO] All_steps: 0_topoaa, 1_rigidbody, 2_flexref, 3_emref
[2026-02-06 04:06:46,089 cli_traceback INFO] Modules not to be analysed: 0_topoaa
[2026-02-06 04:06:46,089 cli_traceback INFO] Steps to trace back: 1_rigidbody, 2_flexref, 3_emref
[2026-02-06 04:06:46,090 cli_traceback INFO] Created directory: /mnt/Data/PopOS/Data_Ana/Wu/clawdPorjects/HADDOCK_test/results/run_1G17_Epi/traceback
[2026-02-06 04:06:46,090 cli_traceback INFO] Tracing back step 3_emref
[2026-02-06 04:06:46,092 cli_traceback INFO] Tracing back step 2_flexref
[2026-02-06 04:06:46,094 cli_traceback INFO] Tracing back step 1_rigidbody
[2026-02-06 04:06:46,098 cli_traceback INFO] Output dataframe traceback/traceback.tsv created with shape (20, 8)
[2026-02-06 04:06:46,125 clean_steps INFO] Cleaning output for '0_topoaa' using 20 cores.
[2026-02-06 04:06:46,270 libtimer INFO] cleaning output files took 0 seconds
[2026-02-06 04:06:46,270 clean_steps INFO] Cleaning output for '1_rigidbody' using 20 cores.
[2026-02-06 04:06:46,279 libtimer INFO] cleaning output files took 0 seconds
[2026-02-06 04:06:46,279 clean_steps INFO] Cleaning output for '2_flexref' using 20 cores.
[2026-02-06 04:06:46,288 libtimer INFO] cleaning output files took 0 seconds
[2026-02-06 04:06:46,288 clean_steps INFO] Cleaning output for '3_emref' using 20 cores.
[2026-02-06 04:06:46,298 libtimer INFO] cleaning output files took 0 seconds
[2026-02-06 04:06:46,298 cli INFO] This HADDOCK3 run took: 2 minutes and 5 seconds
[2026-02-06 04:06:46,298 greetings INFO] Your feedback matters in Haddock3! Share your experience and help us grow:
[2026-02-06 04:06:46,298 greetings INFO] GitHub issues: https://github.com/haddocking/haddock3/issues
[2026-02-06 04:06:46,298 greetings INFO] BioExcel feedback: https://www.bonvinlab.org/feedback
[2026-02-06 04:06:46,299 greetings INFO] BioExcel forum: https://ask.bioexcel.eu/c/haddock/6
[2026-02-06 04:06:46,299 cli INFO] Finished at 06/02/2026 04:06:46. Adiós! Good bye! La revedere!
