[2026-02-06 06:13:14,290 cli INFO] 
##############################################
#                                            #
#                 HADDOCK3                   #
#                                            #
##############################################

!! Some of the HADDOCK3 components use CNS (Crystallographic and NMR System) which is free of use for non-profit applications. !!
!! For commercial use it is your own responsibility to have a proper license. !!
!! For details refer to the DISCLAIMER file in the HADDOCK3 repository. !!

Starting HADDOCK3 v2024.10.0b7 on 2026-02-06 06:13:00

Python 3.10.12 (main, Feb  4 2025, 14:57:36) [GCC 11.4.0]

[2026-02-06 06:13:17,995 libworkflow INFO] Reading instructions step 0_topoaa
[2026-02-06 06:13:17,995 libworkflow INFO] Reading instructions step 1_rigidbody
[2026-02-06 06:13:17,995 libworkflow INFO] Reading instructions step 2_flexref
[2026-02-06 06:13:17,995 libworkflow INFO] Reading instructions step 3_emref
[2026-02-06 06:13:18,009 base_cns_module INFO] Running [topoaa] module
[2026-02-06 06:13:18,009 __init__ INFO] [topoaa] Molecule 1: receptor_single_refold_TG0032_Epi.pdb
[2026-02-06 06:13:18,013 __init__ INFO] [topoaa] Sanitizing molecule receptor_single_refold_TG0032_Epi.pdb
[2026-02-06 06:13:18,032 __init__ INFO] [topoaa] Topology CNS input created
[2026-02-06 06:13:18,032 __init__ INFO] [topoaa] Molecule 2: ligand_single_refold_TG0032_Epi.pdb
[2026-02-06 06:13:18,033 __init__ INFO] [topoaa] Sanitizing molecule ligand_single_refold_TG0032_Epi.pdb
[2026-02-06 06:13:18,036 __init__ INFO] [topoaa] Topology CNS input created
[2026-02-06 06:13:18,036 __init__ INFO] [topoaa] Running CNS Jobs n=2
[2026-02-06 06:13:18,036 libutil INFO] Selected 2 cores to process 2 jobs, with 32 maximum available cores.
[2026-02-06 06:13:18,037 libparallel INFO] Using 2 cores
[2026-02-06 06:13:38,382 libparallel INFO] 2 tasks finished
[2026-02-06 06:13:38,383 __init__ INFO] [topoaa] CNS jobs have finished
[2026-02-06 06:13:38,385 base_cns_module INFO] Module [topoaa] finished.
[2026-02-06 06:13:38,385 __init__ INFO] [topoaa] took 20 seconds
[2026-02-06 06:13:38,723 base_cns_module INFO] Running [rigidbody] module
[2026-02-06 06:13:38,724 __init__ INFO] [rigidbody] crossdock=true
[2026-02-06 06:13:38,724 __init__ INFO] [rigidbody] Preparing jobs...
[2026-02-06 06:13:38,728 libutil INFO] Selected 20 cores to process 20 jobs, with 32 maximum available cores.
[2026-02-06 06:13:38,728 libparallel INFO] Using 20 cores
[2026-02-06 06:13:38,759 libparallel INFO] 20 tasks finished
[2026-02-06 06:13:38,760 __init__ INFO] [rigidbody] Preparation took 0.035708 seconds
[2026-02-06 06:13:38,760 __init__ INFO] [rigidbody] Running CNS Jobs n=20
[2026-02-06 06:13:38,760 libutil INFO] Selected 20 cores to process 20 jobs, with 32 maximum available cores.
[2026-02-06 06:13:38,761 libparallel INFO] Using 20 cores
[2026-02-06 06:14:13,201 libparallel INFO] 20 tasks finished
[2026-02-06 06:14:13,201 __init__ INFO] [rigidbody] CNS jobs have finished
[2026-02-06 06:14:13,255 base_cns_module INFO] Module [rigidbody] finished.
[2026-02-06 06:14:13,256 __init__ INFO] [rigidbody] took 35 seconds
[2026-02-06 06:14:13,635 base_cns_module INFO] Running [flexref] module
[2026-02-06 06:14:13,756 __init__ INFO] [flexref] Running CNS Jobs n=20
[2026-02-06 06:14:13,756 libutil INFO] Selected 20 cores to process 20 jobs, with 32 maximum available cores.
[2026-02-06 06:14:13,757 libparallel INFO] Using 20 cores
[2026-02-06 06:18:41,093 libparallel INFO] 20 tasks finished
[2026-02-06 06:18:41,094 __init__ INFO] [flexref] CNS jobs have finished
[2026-02-06 06:18:41,155 base_cns_module INFO] Module [flexref] finished.
[2026-02-06 06:18:41,155 __init__ INFO] [flexref] took 4 minutes and 28 seconds
[2026-02-06 06:18:41,493 base_cns_module INFO] Running [emref] module
[2026-02-06 06:18:41,611 __init__ INFO] [emref] Running CNS Jobs n=20
[2026-02-06 06:18:41,611 libutil INFO] Selected 20 cores to process 20 jobs, with 32 maximum available cores.
[2026-02-06 06:18:41,611 libparallel INFO] Using 20 cores
[2026-02-06 06:19:00,729 libparallel INFO] 20 tasks finished
[2026-02-06 06:19:00,729 __init__ INFO] [emref] CNS jobs have finished
[2026-02-06 06:19:00,793 base_cns_module INFO] Module [emref] finished.
[2026-02-06 06:19:00,793 __init__ INFO] [emref] took 19 seconds
[2026-02-06 06:19:00,793 cli_analyse INFO] Running haddock3-analyse on ./, modules [], with top_cluster = 10
[2026-02-06 06:19:00,799 cli_analyse INFO] Created directory: /mnt/Data/PopOS/Data_Ana/Wu/clawdPorjects/HADDOCK_test/results/run_refold_TG0032_Epi/analysis
[2026-02-06 06:19:00,800 cli_analyse INFO] Reading input run directory
[2026-02-06 06:19:00,800 cli_analyse INFO] selected steps: 0_topoaa, 1_rigidbody, 2_flexref, 3_emref
[2026-02-06 06:19:00,800 cli_analyse INFO] Analysing step 0_topoaa
[2026-02-06 06:19:00,800 cli_analyse WARNING] Could not execute the analysis for step 0_topoaa. The following error occurred 'dict' object has no attribute 'rel_path'
[2026-02-06 06:19:00,800 cli_analyse INFO] Analysing step 1_rigidbody
[2026-02-06 06:19:00,801 cli_unpack INFO] Unpacking '../1_rigidbody' folder
[2026-02-06 06:19:00,802 libtimer INFO] unpacking took 0 seconds
[2026-02-06 06:19:00,815 capri INFO] Found previous CNS step: 1_rigidbody
[2026-02-06 06:19:00,922 capri INFO] Saved scoring weights to: weights_params.json
[2026-02-06 06:19:00,922 __init__ INFO] [caprieval] No reference structure provided. Using the structure with the lowest score from previous step
[2026-02-06 06:19:01,119 libutil INFO] Selected 20 cores to process 20 jobs, with 32 maximum available cores.
[2026-02-06 06:19:01,119 libparallel INFO] Using 20 cores
[2026-02-06 06:19:02,177 libparallel INFO] 20 tasks finished
[2026-02-06 06:19:02,178 capri INFO] Rearranging cluster information into capri_clt.tsv
[2026-02-06 06:19:02,186 cli_clean INFO] Compressing '../1_rigidbody' folder
[2026-02-06 06:19:02,186 clean_steps INFO] Cleaning output for '../1_rigidbody' using 20 cores.
[2026-02-06 06:19:02,409 libtimer INFO] compressing took 0 seconds
[2026-02-06 06:19:02,410 cli_analyse INFO] CAPRI files identified
[2026-02-06 06:19:02,412 cli_analyse INFO] Plotting results..
[2026-02-06 06:19:04,308 cli_analyse INFO] Summary archive summary.tgz created!
[2026-02-06 06:19:04,308 cli_analyse INFO] Analysing step 2_flexref
[2026-02-06 06:19:04,310 cli_unpack INFO] Unpacking '../2_flexref' folder
[2026-02-06 06:19:04,310 libtimer INFO] unpacking took 0 seconds
[2026-02-06 06:19:04,323 capri INFO] Found previous CNS step: 2_flexref
[2026-02-06 06:19:04,560 capri INFO] Saved scoring weights to: weights_params.json
[2026-02-06 06:19:04,560 __init__ INFO] [caprieval] No reference structure provided. Using the structure with the lowest score from previous step
[2026-02-06 06:19:04,769 libutil INFO] Selected 20 cores to process 20 jobs, with 32 maximum available cores.
[2026-02-06 06:19:04,769 libparallel INFO] Using 20 cores
[2026-02-06 06:19:05,756 libparallel INFO] 20 tasks finished
[2026-02-06 06:19:05,757 capri INFO] Rearranging cluster information into capri_clt.tsv
[2026-02-06 06:19:05,762 cli_clean INFO] Compressing '../2_flexref' folder
[2026-02-06 06:19:05,762 clean_steps INFO] Cleaning output for '../2_flexref' using 20 cores.
[2026-02-06 06:19:05,984 libtimer INFO] compressing took 0 seconds
[2026-02-06 06:19:05,985 cli_analyse INFO] CAPRI files identified
[2026-02-06 06:19:05,987 cli_analyse INFO] Plotting results..
[2026-02-06 06:19:07,776 cli_analyse INFO] Summary archive summary.tgz created!
[2026-02-06 06:19:07,776 cli_analyse INFO] Analysing step 3_emref
[2026-02-06 06:19:07,778 cli_unpack INFO] Unpacking '../3_emref' folder
[2026-02-06 06:19:07,779 libtimer INFO] unpacking took 0 seconds
[2026-02-06 06:19:07,792 capri INFO] Found previous CNS step: 3_emref
[2026-02-06 06:19:07,894 capri INFO] Saved scoring weights to: weights_params.json
[2026-02-06 06:19:07,894 __init__ INFO] [caprieval] No reference structure provided. Using the structure with the lowest score from previous step
[2026-02-06 06:19:08,104 libutil INFO] Selected 20 cores to process 20 jobs, with 32 maximum available cores.
[2026-02-06 06:19:08,105 libparallel INFO] Using 20 cores
[2026-02-06 06:19:09,106 libparallel INFO] 20 tasks finished
[2026-02-06 06:19:09,107 capri INFO] Rearranging cluster information into capri_clt.tsv
[2026-02-06 06:19:09,112 cli_clean INFO] Compressing '../3_emref' folder
[2026-02-06 06:19:09,112 clean_steps INFO] Cleaning output for '../3_emref' using 20 cores.
[2026-02-06 06:19:09,365 libtimer INFO] compressing took 0 seconds
[2026-02-06 06:19:09,365 cli_analyse INFO] CAPRI files identified
[2026-02-06 06:19:09,368 cli_analyse INFO] Plotting results..
[2026-02-06 06:19:11,155 cli_analyse INFO] Summary archive summary.tgz created!
[2026-02-06 06:19:11,155 cli_analyse INFO] moving files to analysis folder
[2026-02-06 06:19:11,156 cli_analyse INFO] cancelling unsuccesful analysis folders
[2026-02-06 06:19:11,156 cli_analyse INFO] updating paths in analysis/1_rigidbody_analysis/capri_ss.tsv
[2026-02-06 06:19:11,156 cli_analyse INFO] View the results in analysis/1_rigidbody_analysis/report.html
[2026-02-06 06:19:11,156 cli_analyse INFO] To view structures or download the structure files, in a terminal run the command `python -m http.server --directory /mnt/Data/PopOS/Data_Ana/Wu/clawdPorjects/HADDOCK_test/results/run_refold_TG0032_Epi`. By default, http server runs on `http://0.0.0.0:8000/`. Open the link http://0.0.0.0:8000/analysis/1_rigidbody_analysis/report.html in a web browser.
[2026-02-06 06:19:11,156 cli_analyse INFO] updating paths in analysis/2_flexref_analysis/capri_ss.tsv
[2026-02-06 06:19:11,156 cli_analyse INFO] View the results in analysis/2_flexref_analysis/report.html
[2026-02-06 06:19:11,156 cli_analyse INFO] To view structures or download the structure files, in a terminal run the command `python -m http.server --directory /mnt/Data/PopOS/Data_Ana/Wu/clawdPorjects/HADDOCK_test/results/run_refold_TG0032_Epi`. By default, http server runs on `http://0.0.0.0:8000/`. Open the link http://0.0.0.0:8000/analysis/2_flexref_analysis/report.html in a web browser.
[2026-02-06 06:19:11,156 cli_analyse INFO] updating paths in analysis/3_emref_analysis/capri_ss.tsv
[2026-02-06 06:19:11,156 cli_analyse INFO] View the results in analysis/3_emref_analysis/report.html
[2026-02-06 06:19:11,156 cli_analyse INFO] To view structures or download the structure files, in a terminal run the command `python -m http.server --directory /mnt/Data/PopOS/Data_Ana/Wu/clawdPorjects/HADDOCK_test/results/run_refold_TG0032_Epi`. By default, http server runs on `http://0.0.0.0:8000/`. Open the link http://0.0.0.0:8000/analysis/3_emref_analysis/report.html in a web browser.
[2026-02-06 06:19:11,157 cli_traceback INFO] Running haddock3-traceback on ./
[2026-02-06 06:19:11,157 cli_traceback INFO] Reading input run directory
[2026-02-06 06:19:11,157 cli_traceback INFO] All_steps: 0_topoaa, 1_rigidbody, 2_flexref, 3_emref
[2026-02-06 06:19:11,157 cli_traceback INFO] Modules not to be analysed: 0_topoaa
[2026-02-06 06:19:11,157 cli_traceback INFO] Steps to trace back: 1_rigidbody, 2_flexref, 3_emref
[2026-02-06 06:19:11,157 cli_traceback INFO] Created directory: /mnt/Data/PopOS/Data_Ana/Wu/clawdPorjects/HADDOCK_test/results/run_refold_TG0032_Epi/traceback
[2026-02-06 06:19:11,157 cli_traceback INFO] Tracing back step 3_emref
[2026-02-06 06:19:11,159 cli_traceback INFO] Tracing back step 2_flexref
[2026-02-06 06:19:11,162 cli_traceback INFO] Tracing back step 1_rigidbody
[2026-02-06 06:19:11,166 cli_traceback INFO] Output dataframe traceback/traceback.tsv created with shape (20, 8)
[2026-02-06 06:19:11,193 clean_steps INFO] Cleaning output for '0_topoaa' using 20 cores.
[2026-02-06 06:19:11,499 libtimer INFO] cleaning output files took 0 seconds
[2026-02-06 06:19:11,499 clean_steps INFO] Cleaning output for '1_rigidbody' using 20 cores.
[2026-02-06 06:19:11,508 libtimer INFO] cleaning output files took 0 seconds
[2026-02-06 06:19:11,508 clean_steps INFO] Cleaning output for '2_flexref' using 20 cores.
[2026-02-06 06:19:11,517 libtimer INFO] cleaning output files took 0 seconds
[2026-02-06 06:19:11,517 clean_steps INFO] Cleaning output for '3_emref' using 20 cores.
[2026-02-06 06:19:11,531 libtimer INFO] cleaning output files took 0 seconds
[2026-02-06 06:19:11,531 cli INFO] This HADDOCK3 run took: 5 minutes and 57 seconds
[2026-02-06 06:19:11,531 greetings INFO] Your feedback matters in Haddock3! Share your experience and help us grow:
[2026-02-06 06:19:11,531 greetings INFO] GitHub issues: https://github.com/haddocking/haddock3/issues
[2026-02-06 06:19:11,531 greetings INFO] BioExcel feedback: https://www.bonvinlab.org/feedback
[2026-02-06 06:19:11,532 greetings INFO] BioExcel forum: https://ask.bioexcel.eu/c/haddock/6
[2026-02-06 06:19:11,532 cli INFO] Finished at 06/02/2026 06:19:11. Dovidenia! Good bye! 再见!
