[2026-02-13 13:21:51,556 cli INFO] 
##############################################
#                                            #
#                 HADDOCK3                   #
#                                            #
##############################################

!! Some of the HADDOCK3 components use CNS (Crystallographic and NMR System) which is free of use for non-profit applications. !!
!! For commercial use it is your own responsibility to have a proper license. !!
!! For details refer to the DISCLAIMER file in the HADDOCK3 repository. !!

Starting HADDOCK3 v2024.10.0b7 on 2026-02-13 13:21:00

Python 3.10.12 (main, Feb  4 2025, 14:57:36) [GCC 11.4.0]

[2026-02-13 13:21:55,272 libworkflow INFO] Reading instructions step 0_topoaa
[2026-02-13 13:21:55,272 libworkflow INFO] Reading instructions step 1_rigidbody
[2026-02-13 13:21:55,272 libworkflow INFO] Reading instructions step 2_flexref
[2026-02-13 13:21:55,272 libworkflow INFO] Reading instructions step 3_emref
[2026-02-13 13:21:55,286 base_cns_module INFO] Running [topoaa] module
[2026-02-13 13:21:55,286 __init__ INFO] [topoaa] Molecule 1: receptor_single_Pos_GTAGCAGAGAGGCTGA-1_contig_1_1.pdb
[2026-02-13 13:21:55,288 __init__ INFO] [topoaa] Sanitizing molecule receptor_single_Pos_GTAGCAGAGAGGCTGA-1_contig_1_1.pdb
[2026-02-13 13:21:55,295 __init__ INFO] [topoaa] Topology CNS input created
[2026-02-13 13:21:55,295 __init__ INFO] [topoaa] Molecule 2: ligand_single_Pos_GTAGCAGAGAGGCTGA-1_contig_1_1.pdb
[2026-02-13 13:21:55,296 __init__ INFO] [topoaa] Sanitizing molecule ligand_single_Pos_GTAGCAGAGAGGCTGA-1_contig_1_1.pdb
[2026-02-13 13:21:55,302 __init__ INFO] [topoaa] Topology CNS input created
[2026-02-13 13:21:55,302 __init__ INFO] [topoaa] Running CNS Jobs n=2
[2026-02-13 13:21:55,302 libutil INFO] Selected 2 cores to process 2 jobs, with 32 maximum available cores.
[2026-02-13 13:21:55,303 libparallel INFO] Using 2 cores
[2026-02-13 13:21:58,540 libparallel INFO] 2 tasks finished
[2026-02-13 13:21:58,540 __init__ INFO] [topoaa] CNS jobs have finished
[2026-02-13 13:21:58,542 base_cns_module INFO] Module [topoaa] finished.
[2026-02-13 13:21:58,542 __init__ INFO] [topoaa] took 3 seconds
[2026-02-13 13:21:58,889 base_cns_module INFO] Running [rigidbody] module
[2026-02-13 13:21:58,890 __init__ INFO] [rigidbody] crossdock=true
[2026-02-13 13:21:58,890 __init__ INFO] [rigidbody] Preparing jobs...
[2026-02-13 13:21:58,893 libutil INFO] Selected 20 cores to process 20 jobs, with 32 maximum available cores.
[2026-02-13 13:21:58,893 libparallel INFO] Using 20 cores
[2026-02-13 13:21:58,922 libparallel INFO] 20 tasks finished
[2026-02-13 13:21:58,922 __init__ INFO] [rigidbody] Preparation took 0.03183 seconds
[2026-02-13 13:21:58,923 __init__ INFO] [rigidbody] Running CNS Jobs n=20
[2026-02-13 13:21:58,924 libutil INFO] Selected 20 cores to process 20 jobs, with 32 maximum available cores.
[2026-02-13 13:21:58,924 libparallel INFO] Using 20 cores
[2026-02-13 13:22:09,787 libparallel INFO] 20 tasks finished
[2026-02-13 13:22:09,787 __init__ INFO] [rigidbody] CNS jobs have finished
[2026-02-13 13:22:09,853 base_cns_module INFO] Module [rigidbody] finished.
[2026-02-13 13:22:09,853 __init__ INFO] [rigidbody] took 11 seconds
[2026-02-13 13:22:10,236 base_cns_module INFO] Running [flexref] module
[2026-02-13 13:22:10,295 __init__ INFO] [flexref] Running CNS Jobs n=20
[2026-02-13 13:22:10,295 libutil INFO] Selected 20 cores to process 20 jobs, with 32 maximum available cores.
[2026-02-13 13:22:10,295 libparallel INFO] Using 20 cores
[2026-02-13 13:23:43,513 libparallel INFO] 20 tasks finished
[2026-02-13 13:23:43,513 __init__ INFO] [flexref] CNS jobs have finished
[2026-02-13 13:23:43,541 base_cns_module INFO] Module [flexref] finished.
[2026-02-13 13:23:43,541 __init__ INFO] [flexref] took 1 minute and 33 seconds
[2026-02-13 13:23:43,881 base_cns_module INFO] Running [emref] module
[2026-02-13 13:23:43,939 __init__ INFO] [emref] Running CNS Jobs n=20
[2026-02-13 13:23:43,939 libutil INFO] Selected 20 cores to process 20 jobs, with 32 maximum available cores.
[2026-02-13 13:23:43,939 libparallel INFO] Using 20 cores
[2026-02-13 13:23:51,219 libparallel INFO] 20 tasks finished
[2026-02-13 13:23:51,219 __init__ INFO] [emref] CNS jobs have finished
[2026-02-13 13:23:51,253 base_cns_module INFO] Module [emref] finished.
[2026-02-13 13:23:51,253 __init__ INFO] [emref] took 7 seconds
[2026-02-13 13:23:51,253 cli_analyse INFO] Running haddock3-analyse on ./, modules [], with top_cluster = 10
[2026-02-13 13:23:51,260 cli_analyse INFO] Created directory: /mnt/Data/PopOS/Data_Ana/Wu/clawdPorjects/HADDOCK_test/results/run_Pos_GTAGCAGAGAGGCTGA-1_contig_1_1/analysis
[2026-02-13 13:23:51,260 cli_analyse INFO] Reading input run directory
[2026-02-13 13:23:51,260 cli_analyse INFO] selected steps: 0_topoaa, 1_rigidbody, 2_flexref, 3_emref
[2026-02-13 13:23:51,260 cli_analyse INFO] Analysing step 0_topoaa
[2026-02-13 13:23:51,260 cli_analyse WARNING] Could not execute the analysis for step 0_topoaa. The following error occurred 'dict' object has no attribute 'rel_path'
[2026-02-13 13:23:51,260 cli_analyse INFO] Analysing step 1_rigidbody
[2026-02-13 13:23:51,262 cli_unpack INFO] Unpacking '../1_rigidbody' folder
[2026-02-13 13:23:51,262 libtimer INFO] unpacking took 0 seconds
[2026-02-13 13:23:51,275 capri INFO] Found previous CNS step: 1_rigidbody
[2026-02-13 13:23:51,384 capri INFO] Saved scoring weights to: weights_params.json
[2026-02-13 13:23:51,384 __init__ INFO] [caprieval] No reference structure provided. Using the structure with the lowest score from previous step
[2026-02-13 13:23:51,478 libutil INFO] Selected 20 cores to process 20 jobs, with 32 maximum available cores.
[2026-02-13 13:23:51,479 libparallel INFO] Using 20 cores
[2026-02-13 13:23:51,898 libparallel INFO] 20 tasks finished
[2026-02-13 13:23:51,899 capri INFO] Rearranging cluster information into capri_clt.tsv
[2026-02-13 13:23:51,903 cli_clean INFO] Compressing '../1_rigidbody' folder
[2026-02-13 13:23:51,904 clean_steps INFO] Cleaning output for '../1_rigidbody' using 20 cores.
[2026-02-13 13:23:52,027 libtimer INFO] compressing took 0 seconds
[2026-02-13 13:23:52,027 cli_analyse INFO] CAPRI files identified
[2026-02-13 13:23:52,029 cli_analyse INFO] Plotting results..
[2026-02-13 13:23:53,293 cli_analyse INFO] Summary archive summary.tgz created!
[2026-02-13 13:23:53,293 cli_analyse INFO] Analysing step 2_flexref
[2026-02-13 13:23:53,295 cli_unpack INFO] Unpacking '../2_flexref' folder
[2026-02-13 13:23:53,295 libtimer INFO] unpacking took 0 seconds
[2026-02-13 13:23:53,308 capri INFO] Found previous CNS step: 2_flexref
[2026-02-13 13:23:53,546 capri INFO] Saved scoring weights to: weights_params.json
[2026-02-13 13:23:53,546 __init__ INFO] [caprieval] No reference structure provided. Using the structure with the lowest score from previous step
[2026-02-13 13:23:53,632 libutil INFO] Selected 20 cores to process 20 jobs, with 32 maximum available cores.
[2026-02-13 13:23:53,632 libparallel INFO] Using 20 cores
[2026-02-13 13:23:54,035 libparallel INFO] 20 tasks finished
[2026-02-13 13:23:54,036 capri INFO] Rearranging cluster information into capri_clt.tsv
[2026-02-13 13:23:54,043 cli_clean INFO] Compressing '../2_flexref' folder
[2026-02-13 13:23:54,043 clean_steps INFO] Cleaning output for '../2_flexref' using 20 cores.
[2026-02-13 13:23:54,169 libtimer INFO] compressing took 0 seconds
[2026-02-13 13:23:54,169 cli_analyse INFO] CAPRI files identified
[2026-02-13 13:23:54,170 cli_analyse INFO] Plotting results..
[2026-02-13 13:23:55,276 cli_analyse INFO] Summary archive summary.tgz created!
[2026-02-13 13:23:55,276 cli_analyse INFO] Analysing step 3_emref
[2026-02-13 13:23:55,278 cli_unpack INFO] Unpacking '../3_emref' folder
[2026-02-13 13:23:55,279 libtimer INFO] unpacking took 0 seconds
[2026-02-13 13:23:55,292 capri INFO] Found previous CNS step: 3_emref
[2026-02-13 13:23:55,393 capri INFO] Saved scoring weights to: weights_params.json
[2026-02-13 13:23:55,393 __init__ INFO] [caprieval] No reference structure provided. Using the structure with the lowest score from previous step
[2026-02-13 13:23:55,478 libutil INFO] Selected 20 cores to process 20 jobs, with 32 maximum available cores.
[2026-02-13 13:23:55,479 libparallel INFO] Using 20 cores
[2026-02-13 13:23:55,869 libparallel INFO] 20 tasks finished
[2026-02-13 13:23:55,870 capri INFO] Rearranging cluster information into capri_clt.tsv
[2026-02-13 13:23:55,874 cli_clean INFO] Compressing '../3_emref' folder
[2026-02-13 13:23:55,874 clean_steps INFO] Cleaning output for '../3_emref' using 20 cores.
[2026-02-13 13:23:55,996 libtimer INFO] compressing took 0 seconds
[2026-02-13 13:23:55,996 cli_analyse INFO] CAPRI files identified
[2026-02-13 13:23:55,998 cli_analyse INFO] Plotting results..
[2026-02-13 13:23:57,090 cli_analyse INFO] Summary archive summary.tgz created!
[2026-02-13 13:23:57,090 cli_analyse INFO] moving files to analysis folder
[2026-02-13 13:23:57,091 cli_analyse INFO] cancelling unsuccesful analysis folders
[2026-02-13 13:23:57,091 cli_analyse INFO] updating paths in analysis/1_rigidbody_analysis/capri_ss.tsv
[2026-02-13 13:23:57,091 cli_analyse INFO] View the results in analysis/1_rigidbody_analysis/report.html
[2026-02-13 13:23:57,091 cli_analyse INFO] To view structures or download the structure files, in a terminal run the command `python -m http.server --directory /mnt/Data/PopOS/Data_Ana/Wu/clawdPorjects/HADDOCK_test/results/run_Pos_GTAGCAGAGAGGCTGA-1_contig_1_1`. By default, http server runs on `http://0.0.0.0:8000/`. Open the link http://0.0.0.0:8000/analysis/1_rigidbody_analysis/report.html in a web browser.
[2026-02-13 13:23:57,091 cli_analyse INFO] updating paths in analysis/2_flexref_analysis/capri_ss.tsv
[2026-02-13 13:23:57,091 cli_analyse INFO] View the results in analysis/2_flexref_analysis/report.html
[2026-02-13 13:23:57,091 cli_analyse INFO] To view structures or download the structure files, in a terminal run the command `python -m http.server --directory /mnt/Data/PopOS/Data_Ana/Wu/clawdPorjects/HADDOCK_test/results/run_Pos_GTAGCAGAGAGGCTGA-1_contig_1_1`. By default, http server runs on `http://0.0.0.0:8000/`. Open the link http://0.0.0.0:8000/analysis/2_flexref_analysis/report.html in a web browser.
[2026-02-13 13:23:57,091 cli_analyse INFO] updating paths in analysis/3_emref_analysis/capri_ss.tsv
[2026-02-13 13:23:57,091 cli_analyse INFO] View the results in analysis/3_emref_analysis/report.html
[2026-02-13 13:23:57,091 cli_analyse INFO] To view structures or download the structure files, in a terminal run the command `python -m http.server --directory /mnt/Data/PopOS/Data_Ana/Wu/clawdPorjects/HADDOCK_test/results/run_Pos_GTAGCAGAGAGGCTGA-1_contig_1_1`. By default, http server runs on `http://0.0.0.0:8000/`. Open the link http://0.0.0.0:8000/analysis/3_emref_analysis/report.html in a web browser.
[2026-02-13 13:23:57,091 cli_traceback INFO] Running haddock3-traceback on ./
[2026-02-13 13:23:57,091 cli_traceback INFO] Reading input run directory
[2026-02-13 13:23:57,091 cli_traceback INFO] All_steps: 0_topoaa, 1_rigidbody, 2_flexref, 3_emref
[2026-02-13 13:23:57,092 cli_traceback INFO] Modules not to be analysed: 0_topoaa
[2026-02-13 13:23:57,092 cli_traceback INFO] Steps to trace back: 1_rigidbody, 2_flexref, 3_emref
[2026-02-13 13:23:57,092 cli_traceback INFO] Created directory: /mnt/Data/PopOS/Data_Ana/Wu/clawdPorjects/HADDOCK_test/results/run_Pos_GTAGCAGAGAGGCTGA-1_contig_1_1/traceback
[2026-02-13 13:23:57,092 cli_traceback INFO] Tracing back step 3_emref
[2026-02-13 13:23:57,094 cli_traceback INFO] Tracing back step 2_flexref
[2026-02-13 13:23:57,096 cli_traceback INFO] Tracing back step 1_rigidbody
[2026-02-13 13:23:57,100 cli_traceback INFO] Output dataframe traceback/traceback.tsv created with shape (20, 8)
[2026-02-13 13:23:57,127 clean_steps INFO] Cleaning output for '0_topoaa' using 20 cores.
[2026-02-13 13:23:57,256 libtimer INFO] cleaning output files took 0 seconds
[2026-02-13 13:23:57,256 clean_steps INFO] Cleaning output for '1_rigidbody' using 20 cores.
[2026-02-13 13:23:57,270 libtimer INFO] cleaning output files took 0 seconds
[2026-02-13 13:23:57,271 clean_steps INFO] Cleaning output for '2_flexref' using 20 cores.
[2026-02-13 13:23:57,279 libtimer INFO] cleaning output files took 0 seconds
[2026-02-13 13:23:57,279 clean_steps INFO] Cleaning output for '3_emref' using 20 cores.
[2026-02-13 13:23:57,288 libtimer INFO] cleaning output files took 0 seconds
[2026-02-13 13:23:57,288 cli INFO] This HADDOCK3 run took: 2 minutes and 6 seconds
[2026-02-13 13:23:57,288 greetings INFO] Your feedback matters in Haddock3! Share your experience and help us grow:
[2026-02-13 13:23:57,288 greetings INFO] GitHub issues: https://github.com/haddocking/haddock3/issues
[2026-02-13 13:23:57,288 greetings INFO] BioExcel feedback: https://www.bonvinlab.org/feedback
[2026-02-13 13:23:57,288 greetings INFO] BioExcel forum: https://ask.bioexcel.eu/c/haddock/6
[2026-02-13 13:23:57,288 cli INFO] Finished at 13/02/2026 13:23:57. La revedere! Agur! Do pobachennya!
