[2026-02-13 12:09:14,287 cli INFO] 
##############################################
#                                            #
#                 HADDOCK3                   #
#                                            #
##############################################

!! Some of the HADDOCK3 components use CNS (Crystallographic and NMR System) which is free of use for non-profit applications. !!
!! For commercial use it is your own responsibility to have a proper license. !!
!! For details refer to the DISCLAIMER file in the HADDOCK3 repository. !!

Starting HADDOCK3 v2024.10.0b7 on 2026-02-13 12:09:00

Python 3.10.12 (main, Feb  4 2025, 14:57:36) [GCC 11.4.0]

[2026-02-13 12:09:18,051 libworkflow INFO] Reading instructions step 0_topoaa
[2026-02-13 12:09:18,051 libworkflow INFO] Reading instructions step 1_rigidbody
[2026-02-13 12:09:18,052 libworkflow INFO] Reading instructions step 2_flexref
[2026-02-13 12:09:18,052 libworkflow INFO] Reading instructions step 3_emref
[2026-02-13 12:09:18,066 base_cns_module INFO] Running [topoaa] module
[2026-02-13 12:09:18,066 __init__ INFO] [topoaa] Molecule 1: receptor_single_Pos_AAGGGTTAGGTCTGTA-1_contig_1_1.pdb
[2026-02-13 12:09:18,068 __init__ INFO] [topoaa] Sanitizing molecule receptor_single_Pos_AAGGGTTAGGTCTGTA-1_contig_1_1.pdb
[2026-02-13 12:09:18,074 __init__ INFO] [topoaa] Topology CNS input created
[2026-02-13 12:09:18,074 __init__ INFO] [topoaa] Molecule 2: ligand_single_Pos_AAGGGTTAGGTCTGTA-1_contig_1_1.pdb
[2026-02-13 12:09:18,076 __init__ INFO] [topoaa] Sanitizing molecule ligand_single_Pos_AAGGGTTAGGTCTGTA-1_contig_1_1.pdb
[2026-02-13 12:09:18,082 __init__ INFO] [topoaa] Topology CNS input created
[2026-02-13 12:09:18,082 __init__ INFO] [topoaa] Running CNS Jobs n=2
[2026-02-13 12:09:18,082 libutil INFO] Selected 2 cores to process 2 jobs, with 32 maximum available cores.
[2026-02-13 12:09:18,083 libparallel INFO] Using 2 cores
[2026-02-13 12:09:21,323 libparallel INFO] 2 tasks finished
[2026-02-13 12:09:21,323 __init__ INFO] [topoaa] CNS jobs have finished
[2026-02-13 12:09:21,325 base_cns_module INFO] Module [topoaa] finished.
[2026-02-13 12:09:21,325 __init__ INFO] [topoaa] took 3 seconds
[2026-02-13 12:09:21,672 base_cns_module INFO] Running [rigidbody] module
[2026-02-13 12:09:21,673 __init__ INFO] [rigidbody] crossdock=true
[2026-02-13 12:09:21,673 __init__ INFO] [rigidbody] Preparing jobs...
[2026-02-13 12:09:21,675 libutil INFO] Selected 20 cores to process 20 jobs, with 32 maximum available cores.
[2026-02-13 12:09:21,675 libparallel INFO] Using 20 cores
[2026-02-13 12:09:21,703 libparallel INFO] 20 tasks finished
[2026-02-13 12:09:21,704 __init__ INFO] [rigidbody] Preparation took 0.031079 seconds
[2026-02-13 12:09:21,705 __init__ INFO] [rigidbody] Running CNS Jobs n=20
[2026-02-13 12:09:21,705 libutil INFO] Selected 20 cores to process 20 jobs, with 32 maximum available cores.
[2026-02-13 12:09:21,705 libparallel INFO] Using 20 cores
[2026-02-13 12:09:32,928 libparallel INFO] 20 tasks finished
[2026-02-13 12:09:32,928 __init__ INFO] [rigidbody] CNS jobs have finished
[2026-02-13 12:09:32,966 base_cns_module INFO] Module [rigidbody] finished.
[2026-02-13 12:09:32,967 __init__ INFO] [rigidbody] took 11 seconds
[2026-02-13 12:09:33,355 base_cns_module INFO] Running [flexref] module
[2026-02-13 12:09:33,413 __init__ INFO] [flexref] Running CNS Jobs n=20
[2026-02-13 12:09:33,413 libutil INFO] Selected 20 cores to process 20 jobs, with 32 maximum available cores.
[2026-02-13 12:09:33,413 libparallel INFO] Using 20 cores
[2026-02-13 12:11:07,030 libparallel INFO] 20 tasks finished
[2026-02-13 12:11:07,031 __init__ INFO] [flexref] CNS jobs have finished
[2026-02-13 12:11:07,064 base_cns_module INFO] Module [flexref] finished.
[2026-02-13 12:11:07,064 __init__ INFO] [flexref] took 1 minute and 34 seconds
[2026-02-13 12:11:07,409 base_cns_module INFO] Running [emref] module
[2026-02-13 12:11:07,466 __init__ INFO] [emref] Running CNS Jobs n=20
[2026-02-13 12:11:07,466 libutil INFO] Selected 20 cores to process 20 jobs, with 32 maximum available cores.
[2026-02-13 12:11:07,467 libparallel INFO] Using 20 cores
[2026-02-13 12:11:14,559 libparallel INFO] 20 tasks finished
[2026-02-13 12:11:14,559 __init__ INFO] [emref] CNS jobs have finished
[2026-02-13 12:11:14,587 base_cns_module INFO] Module [emref] finished.
[2026-02-13 12:11:14,587 __init__ INFO] [emref] took 7 seconds
[2026-02-13 12:11:14,587 cli_analyse INFO] Running haddock3-analyse on ./, modules [], with top_cluster = 10
[2026-02-13 12:11:14,593 cli_analyse INFO] Created directory: /mnt/Data/PopOS/Data_Ana/Wu/clawdPorjects/HADDOCK_test/results/run_Pos_AAGGGTTAGGTCTGTA-1_contig_1_1/analysis
[2026-02-13 12:11:14,593 cli_analyse INFO] Reading input run directory
[2026-02-13 12:11:14,594 cli_analyse INFO] selected steps: 0_topoaa, 1_rigidbody, 2_flexref, 3_emref
[2026-02-13 12:11:14,594 cli_analyse INFO] Analysing step 0_topoaa
[2026-02-13 12:11:14,594 cli_analyse WARNING] Could not execute the analysis for step 0_topoaa. The following error occurred 'dict' object has no attribute 'rel_path'
[2026-02-13 12:11:14,594 cli_analyse INFO] Analysing step 1_rigidbody
[2026-02-13 12:11:14,595 cli_unpack INFO] Unpacking '../1_rigidbody' folder
[2026-02-13 12:11:14,596 libtimer INFO] unpacking took 0 seconds
[2026-02-13 12:11:14,609 capri INFO] Found previous CNS step: 1_rigidbody
[2026-02-13 12:11:14,718 capri INFO] Saved scoring weights to: weights_params.json
[2026-02-13 12:11:14,718 __init__ INFO] [caprieval] No reference structure provided. Using the structure with the lowest score from previous step
[2026-02-13 12:11:14,805 libutil INFO] Selected 20 cores to process 20 jobs, with 32 maximum available cores.
[2026-02-13 12:11:14,805 libparallel INFO] Using 20 cores
[2026-02-13 12:11:15,243 libparallel INFO] 20 tasks finished
[2026-02-13 12:11:15,244 capri INFO] Rearranging cluster information into capri_clt.tsv
[2026-02-13 12:11:15,252 cli_clean INFO] Compressing '../1_rigidbody' folder
[2026-02-13 12:11:15,253 clean_steps INFO] Cleaning output for '../1_rigidbody' using 20 cores.
[2026-02-13 12:11:15,395 libtimer INFO] compressing took 0 seconds
[2026-02-13 12:11:15,395 cli_analyse INFO] CAPRI files identified
[2026-02-13 12:11:15,397 cli_analyse INFO] Plotting results..
[2026-02-13 12:11:16,609 cli_analyse INFO] Summary archive summary.tgz created!
[2026-02-13 12:11:16,609 cli_analyse INFO] Analysing step 2_flexref
[2026-02-13 12:11:16,611 cli_unpack INFO] Unpacking '../2_flexref' folder
[2026-02-13 12:11:16,611 libtimer INFO] unpacking took 0 seconds
[2026-02-13 12:11:16,625 capri INFO] Found previous CNS step: 2_flexref
[2026-02-13 12:11:16,861 capri INFO] Saved scoring weights to: weights_params.json
[2026-02-13 12:11:16,861 __init__ INFO] [caprieval] No reference structure provided. Using the structure with the lowest score from previous step
[2026-02-13 12:11:16,948 libutil INFO] Selected 20 cores to process 20 jobs, with 32 maximum available cores.
[2026-02-13 12:11:16,949 libparallel INFO] Using 20 cores
[2026-02-13 12:11:17,328 libparallel INFO] 20 tasks finished
[2026-02-13 12:11:17,329 capri INFO] Rearranging cluster information into capri_clt.tsv
[2026-02-13 12:11:17,333 cli_clean INFO] Compressing '../2_flexref' folder
[2026-02-13 12:11:17,333 clean_steps INFO] Cleaning output for '../2_flexref' using 20 cores.
[2026-02-13 12:11:17,453 libtimer INFO] compressing took 0 seconds
[2026-02-13 12:11:17,454 cli_analyse INFO] CAPRI files identified
[2026-02-13 12:11:17,456 cli_analyse INFO] Plotting results..
[2026-02-13 12:11:18,570 cli_analyse INFO] Summary archive summary.tgz created!
[2026-02-13 12:11:18,570 cli_analyse INFO] Analysing step 3_emref
[2026-02-13 12:11:18,572 cli_unpack INFO] Unpacking '../3_emref' folder
[2026-02-13 12:11:18,573 libtimer INFO] unpacking took 0 seconds
[2026-02-13 12:11:18,586 capri INFO] Found previous CNS step: 3_emref
[2026-02-13 12:11:18,689 capri INFO] Saved scoring weights to: weights_params.json
[2026-02-13 12:11:18,689 __init__ INFO] [caprieval] No reference structure provided. Using the structure with the lowest score from previous step
[2026-02-13 12:11:18,776 libutil INFO] Selected 20 cores to process 20 jobs, with 32 maximum available cores.
[2026-02-13 12:11:18,776 libparallel INFO] Using 20 cores
[2026-02-13 12:11:19,191 libparallel INFO] 20 tasks finished
[2026-02-13 12:11:19,192 capri INFO] Rearranging cluster information into capri_clt.tsv
[2026-02-13 12:11:19,199 cli_clean INFO] Compressing '../3_emref' folder
[2026-02-13 12:11:19,200 clean_steps INFO] Cleaning output for '../3_emref' using 20 cores.
[2026-02-13 12:11:19,326 libtimer INFO] compressing took 0 seconds
[2026-02-13 12:11:19,326 cli_analyse INFO] CAPRI files identified
[2026-02-13 12:11:19,328 cli_analyse INFO] Plotting results..
[2026-02-13 12:11:20,428 cli_analyse INFO] Summary archive summary.tgz created!
[2026-02-13 12:11:20,428 cli_analyse INFO] moving files to analysis folder
[2026-02-13 12:11:20,429 cli_analyse INFO] cancelling unsuccesful analysis folders
[2026-02-13 12:11:20,429 cli_analyse INFO] updating paths in analysis/1_rigidbody_analysis/capri_ss.tsv
[2026-02-13 12:11:20,429 cli_analyse INFO] View the results in analysis/1_rigidbody_analysis/report.html
[2026-02-13 12:11:20,429 cli_analyse INFO] To view structures or download the structure files, in a terminal run the command `python -m http.server --directory /mnt/Data/PopOS/Data_Ana/Wu/clawdPorjects/HADDOCK_test/results/run_Pos_AAGGGTTAGGTCTGTA-1_contig_1_1`. By default, http server runs on `http://0.0.0.0:8000/`. Open the link http://0.0.0.0:8000/analysis/1_rigidbody_analysis/report.html in a web browser.
[2026-02-13 12:11:20,429 cli_analyse INFO] updating paths in analysis/2_flexref_analysis/capri_ss.tsv
[2026-02-13 12:11:20,429 cli_analyse INFO] View the results in analysis/2_flexref_analysis/report.html
[2026-02-13 12:11:20,429 cli_analyse INFO] To view structures or download the structure files, in a terminal run the command `python -m http.server --directory /mnt/Data/PopOS/Data_Ana/Wu/clawdPorjects/HADDOCK_test/results/run_Pos_AAGGGTTAGGTCTGTA-1_contig_1_1`. By default, http server runs on `http://0.0.0.0:8000/`. Open the link http://0.0.0.0:8000/analysis/2_flexref_analysis/report.html in a web browser.
[2026-02-13 12:11:20,429 cli_analyse INFO] updating paths in analysis/3_emref_analysis/capri_ss.tsv
[2026-02-13 12:11:20,429 cli_analyse INFO] View the results in analysis/3_emref_analysis/report.html
[2026-02-13 12:11:20,429 cli_analyse INFO] To view structures or download the structure files, in a terminal run the command `python -m http.server --directory /mnt/Data/PopOS/Data_Ana/Wu/clawdPorjects/HADDOCK_test/results/run_Pos_AAGGGTTAGGTCTGTA-1_contig_1_1`. By default, http server runs on `http://0.0.0.0:8000/`. Open the link http://0.0.0.0:8000/analysis/3_emref_analysis/report.html in a web browser.
[2026-02-13 12:11:20,429 cli_traceback INFO] Running haddock3-traceback on ./
[2026-02-13 12:11:20,429 cli_traceback INFO] Reading input run directory
[2026-02-13 12:11:20,430 cli_traceback INFO] All_steps: 0_topoaa, 1_rigidbody, 2_flexref, 3_emref
[2026-02-13 12:11:20,430 cli_traceback INFO] Modules not to be analysed: 0_topoaa
[2026-02-13 12:11:20,430 cli_traceback INFO] Steps to trace back: 1_rigidbody, 2_flexref, 3_emref
[2026-02-13 12:11:20,430 cli_traceback INFO] Created directory: /mnt/Data/PopOS/Data_Ana/Wu/clawdPorjects/HADDOCK_test/results/run_Pos_AAGGGTTAGGTCTGTA-1_contig_1_1/traceback
[2026-02-13 12:11:20,430 cli_traceback INFO] Tracing back step 3_emref
[2026-02-13 12:11:20,432 cli_traceback INFO] Tracing back step 2_flexref
[2026-02-13 12:11:20,434 cli_traceback INFO] Tracing back step 1_rigidbody
[2026-02-13 12:11:20,438 cli_traceback INFO] Output dataframe traceback/traceback.tsv created with shape (20, 8)
[2026-02-13 12:11:20,465 clean_steps INFO] Cleaning output for '0_topoaa' using 20 cores.
[2026-02-13 12:11:20,595 libtimer INFO] cleaning output files took 0 seconds
[2026-02-13 12:11:20,595 clean_steps INFO] Cleaning output for '1_rigidbody' using 20 cores.
[2026-02-13 12:11:20,604 libtimer INFO] cleaning output files took 0 seconds
[2026-02-13 12:11:20,604 clean_steps INFO] Cleaning output for '2_flexref' using 20 cores.
[2026-02-13 12:11:20,613 libtimer INFO] cleaning output files took 0 seconds
[2026-02-13 12:11:20,613 clean_steps INFO] Cleaning output for '3_emref' using 20 cores.
[2026-02-13 12:11:20,623 libtimer INFO] cleaning output files took 0 seconds
[2026-02-13 12:11:20,624 cli INFO] This HADDOCK3 run took: 2 minutes and 6 seconds
[2026-02-13 12:11:20,624 greetings INFO] Your feedback matters in Haddock3! Share your experience and help us grow:
[2026-02-13 12:11:20,624 greetings INFO] GitHub issues: https://github.com/haddocking/haddock3/issues
[2026-02-13 12:11:20,624 greetings INFO] BioExcel feedback: https://www.bonvinlab.org/feedback
[2026-02-13 12:11:20,624 greetings INFO] BioExcel forum: https://ask.bioexcel.eu/c/haddock/6
[2026-02-13 12:11:20,624 cli INFO] Finished at 13/02/2026 12:11:20. Adéu-siau! Ciao! Tot ziens!
