[2026-02-13 12:26:21,254 cli INFO] 
##############################################
#                                            #
#                 HADDOCK3                   #
#                                            #
##############################################

!! Some of the HADDOCK3 components use CNS (Crystallographic and NMR System) which is free of use for non-profit applications. !!
!! For commercial use it is your own responsibility to have a proper license. !!
!! For details refer to the DISCLAIMER file in the HADDOCK3 repository. !!

Starting HADDOCK3 v2024.10.0b7 on 2026-02-13 12:26:00

Python 3.10.12 (main, Feb  4 2025, 14:57:36) [GCC 11.4.0]

[2026-02-13 12:26:24,928 libworkflow INFO] Reading instructions step 0_topoaa
[2026-02-13 12:26:24,928 libworkflow INFO] Reading instructions step 1_rigidbody
[2026-02-13 12:26:24,928 libworkflow INFO] Reading instructions step 2_flexref
[2026-02-13 12:26:24,928 libworkflow INFO] Reading instructions step 3_emref
[2026-02-13 12:26:24,942 base_cns_module INFO] Running [topoaa] module
[2026-02-13 12:26:24,942 __init__ INFO] [topoaa] Molecule 1: receptor_single_Pos_AGTCGTCAGCACGGTT-1_contig_2_1.pdb
[2026-02-13 12:26:24,944 __init__ INFO] [topoaa] Sanitizing molecule receptor_single_Pos_AGTCGTCAGCACGGTT-1_contig_2_1.pdb
[2026-02-13 12:26:24,950 __init__ INFO] [topoaa] Topology CNS input created
[2026-02-13 12:26:24,950 __init__ INFO] [topoaa] Molecule 2: ligand_single_Pos_AGTCGTCAGCACGGTT-1_contig_2_1.pdb
[2026-02-13 12:26:24,951 __init__ INFO] [topoaa] Sanitizing molecule ligand_single_Pos_AGTCGTCAGCACGGTT-1_contig_2_1.pdb
[2026-02-13 12:26:24,957 __init__ INFO] [topoaa] Topology CNS input created
[2026-02-13 12:26:24,957 __init__ INFO] [topoaa] Running CNS Jobs n=2
[2026-02-13 12:26:24,957 libutil INFO] Selected 2 cores to process 2 jobs, with 32 maximum available cores.
[2026-02-13 12:26:24,958 libparallel INFO] Using 2 cores
[2026-02-13 12:26:28,189 libparallel INFO] 2 tasks finished
[2026-02-13 12:26:28,189 __init__ INFO] [topoaa] CNS jobs have finished
[2026-02-13 12:26:28,191 base_cns_module INFO] Module [topoaa] finished.
[2026-02-13 12:26:28,191 __init__ INFO] [topoaa] took 3 seconds
[2026-02-13 12:26:28,531 base_cns_module INFO] Running [rigidbody] module
[2026-02-13 12:26:28,531 __init__ INFO] [rigidbody] crossdock=true
[2026-02-13 12:26:28,531 __init__ INFO] [rigidbody] Preparing jobs...
[2026-02-13 12:26:28,533 libutil INFO] Selected 20 cores to process 20 jobs, with 32 maximum available cores.
[2026-02-13 12:26:28,533 libparallel INFO] Using 20 cores
[2026-02-13 12:26:28,562 libparallel INFO] 20 tasks finished
[2026-02-13 12:26:28,562 __init__ INFO] [rigidbody] Preparation took 0.031203 seconds
[2026-02-13 12:26:28,564 __init__ INFO] [rigidbody] Running CNS Jobs n=20
[2026-02-13 12:26:28,564 libutil INFO] Selected 20 cores to process 20 jobs, with 32 maximum available cores.
[2026-02-13 12:26:28,564 libparallel INFO] Using 20 cores
[2026-02-13 12:26:38,811 libparallel INFO] 20 tasks finished
[2026-02-13 12:26:38,811 __init__ INFO] [rigidbody] CNS jobs have finished
[2026-02-13 12:26:38,855 base_cns_module INFO] Module [rigidbody] finished.
[2026-02-13 12:26:38,855 __init__ INFO] [rigidbody] took 10 seconds
[2026-02-13 12:26:39,231 base_cns_module INFO] Running [flexref] module
[2026-02-13 12:26:39,289 __init__ INFO] [flexref] Running CNS Jobs n=20
[2026-02-13 12:26:39,289 libutil INFO] Selected 20 cores to process 20 jobs, with 32 maximum available cores.
[2026-02-13 12:26:39,289 libparallel INFO] Using 20 cores
[2026-02-13 12:28:12,181 libparallel INFO] 20 tasks finished
[2026-02-13 12:28:12,181 __init__ INFO] [flexref] CNS jobs have finished
[2026-02-13 12:28:12,228 base_cns_module INFO] Module [flexref] finished.
[2026-02-13 12:28:12,228 __init__ INFO] [flexref] took 1 minute and 33 seconds
[2026-02-13 12:28:12,566 base_cns_module INFO] Running [emref] module
[2026-02-13 12:28:12,622 __init__ INFO] [emref] Running CNS Jobs n=20
[2026-02-13 12:28:12,622 libutil INFO] Selected 20 cores to process 20 jobs, with 32 maximum available cores.
[2026-02-13 12:28:12,623 libparallel INFO] Using 20 cores
[2026-02-13 12:28:19,989 libparallel INFO] 20 tasks finished
[2026-02-13 12:28:19,989 __init__ INFO] [emref] CNS jobs have finished
[2026-02-13 12:28:20,023 base_cns_module INFO] Module [emref] finished.
[2026-02-13 12:28:20,023 __init__ INFO] [emref] took 7 seconds
[2026-02-13 12:28:20,023 cli_analyse INFO] Running haddock3-analyse on ./, modules [], with top_cluster = 10
[2026-02-13 12:28:20,029 cli_analyse INFO] Created directory: /mnt/Data/PopOS/Data_Ana/Wu/clawdPorjects/HADDOCK_test/results/run_Pos_AGTCGTCAGCACGGTT-1_contig_2_1/analysis
[2026-02-13 12:28:20,029 cli_analyse INFO] Reading input run directory
[2026-02-13 12:28:20,030 cli_analyse INFO] selected steps: 0_topoaa, 1_rigidbody, 2_flexref, 3_emref
[2026-02-13 12:28:20,030 cli_analyse INFO] Analysing step 0_topoaa
[2026-02-13 12:28:20,030 cli_analyse WARNING] Could not execute the analysis for step 0_topoaa. The following error occurred 'dict' object has no attribute 'rel_path'
[2026-02-13 12:28:20,030 cli_analyse INFO] Analysing step 1_rigidbody
[2026-02-13 12:28:20,031 cli_unpack INFO] Unpacking '../1_rigidbody' folder
[2026-02-13 12:28:20,032 libtimer INFO] unpacking took 0 seconds
[2026-02-13 12:28:20,045 capri INFO] Found previous CNS step: 1_rigidbody
[2026-02-13 12:28:20,152 capri INFO] Saved scoring weights to: weights_params.json
[2026-02-13 12:28:20,152 __init__ INFO] [caprieval] No reference structure provided. Using the structure with the lowest score from previous step
[2026-02-13 12:28:20,236 libutil INFO] Selected 20 cores to process 20 jobs, with 32 maximum available cores.
[2026-02-13 12:28:20,236 libparallel INFO] Using 20 cores
[2026-02-13 12:28:20,665 libparallel INFO] 20 tasks finished
[2026-02-13 12:28:20,666 capri INFO] Rearranging cluster information into capri_clt.tsv
[2026-02-13 12:28:20,670 cli_clean INFO] Compressing '../1_rigidbody' folder
[2026-02-13 12:28:20,670 clean_steps INFO] Cleaning output for '../1_rigidbody' using 20 cores.
[2026-02-13 12:28:20,783 libtimer INFO] compressing took 0 seconds
[2026-02-13 12:28:20,784 cli_analyse INFO] CAPRI files identified
[2026-02-13 12:28:20,785 cli_analyse INFO] Plotting results..
[2026-02-13 12:28:22,057 cli_analyse INFO] Summary archive summary.tgz created!
[2026-02-13 12:28:22,057 cli_analyse INFO] Analysing step 2_flexref
[2026-02-13 12:28:22,059 cli_unpack INFO] Unpacking '../2_flexref' folder
[2026-02-13 12:28:22,060 libtimer INFO] unpacking took 0 seconds
[2026-02-13 12:28:22,073 capri INFO] Found previous CNS step: 2_flexref
[2026-02-13 12:28:22,309 capri INFO] Saved scoring weights to: weights_params.json
[2026-02-13 12:28:22,309 __init__ INFO] [caprieval] No reference structure provided. Using the structure with the lowest score from previous step
[2026-02-13 12:28:22,397 libutil INFO] Selected 20 cores to process 20 jobs, with 32 maximum available cores.
[2026-02-13 12:28:22,397 libparallel INFO] Using 20 cores
[2026-02-13 12:28:22,767 libparallel INFO] 20 tasks finished
[2026-02-13 12:28:22,768 capri INFO] Rearranging cluster information into capri_clt.tsv
[2026-02-13 12:28:22,773 cli_clean INFO] Compressing '../2_flexref' folder
[2026-02-13 12:28:22,773 clean_steps INFO] Cleaning output for '../2_flexref' using 20 cores.
[2026-02-13 12:28:22,890 libtimer INFO] compressing took 0 seconds
[2026-02-13 12:28:22,890 cli_analyse INFO] CAPRI files identified
[2026-02-13 12:28:22,892 cli_analyse INFO] Plotting results..
[2026-02-13 12:28:23,976 cli_analyse INFO] Summary archive summary.tgz created!
[2026-02-13 12:28:23,977 cli_analyse INFO] Analysing step 3_emref
[2026-02-13 12:28:23,979 cli_unpack INFO] Unpacking '../3_emref' folder
[2026-02-13 12:28:23,979 libtimer INFO] unpacking took 0 seconds
[2026-02-13 12:28:23,992 capri INFO] Found previous CNS step: 3_emref
[2026-02-13 12:28:24,093 capri INFO] Saved scoring weights to: weights_params.json
[2026-02-13 12:28:24,093 __init__ INFO] [caprieval] No reference structure provided. Using the structure with the lowest score from previous step
[2026-02-13 12:28:24,179 libutil INFO] Selected 20 cores to process 20 jobs, with 32 maximum available cores.
[2026-02-13 12:28:24,180 libparallel INFO] Using 20 cores
[2026-02-13 12:28:24,572 libparallel INFO] 20 tasks finished
[2026-02-13 12:28:24,573 capri INFO] Rearranging cluster information into capri_clt.tsv
[2026-02-13 12:28:24,577 cli_clean INFO] Compressing '../3_emref' folder
[2026-02-13 12:28:24,577 clean_steps INFO] Cleaning output for '../3_emref' using 20 cores.
[2026-02-13 12:28:24,698 libtimer INFO] compressing took 0 seconds
[2026-02-13 12:28:24,698 cli_analyse INFO] CAPRI files identified
[2026-02-13 12:28:24,701 cli_analyse INFO] Plotting results..
[2026-02-13 12:28:25,809 cli_analyse INFO] Summary archive summary.tgz created!
[2026-02-13 12:28:25,809 cli_analyse INFO] moving files to analysis folder
[2026-02-13 12:28:25,809 cli_analyse INFO] cancelling unsuccesful analysis folders
[2026-02-13 12:28:25,810 cli_analyse INFO] updating paths in analysis/1_rigidbody_analysis/capri_ss.tsv
[2026-02-13 12:28:25,810 cli_analyse INFO] View the results in analysis/1_rigidbody_analysis/report.html
[2026-02-13 12:28:25,810 cli_analyse INFO] To view structures or download the structure files, in a terminal run the command `python -m http.server --directory /mnt/Data/PopOS/Data_Ana/Wu/clawdPorjects/HADDOCK_test/results/run_Pos_AGTCGTCAGCACGGTT-1_contig_2_1`. By default, http server runs on `http://0.0.0.0:8000/`. Open the link http://0.0.0.0:8000/analysis/1_rigidbody_analysis/report.html in a web browser.
[2026-02-13 12:28:25,810 cli_analyse INFO] updating paths in analysis/2_flexref_analysis/capri_ss.tsv
[2026-02-13 12:28:25,810 cli_analyse INFO] View the results in analysis/2_flexref_analysis/report.html
[2026-02-13 12:28:25,810 cli_analyse INFO] To view structures or download the structure files, in a terminal run the command `python -m http.server --directory /mnt/Data/PopOS/Data_Ana/Wu/clawdPorjects/HADDOCK_test/results/run_Pos_AGTCGTCAGCACGGTT-1_contig_2_1`. By default, http server runs on `http://0.0.0.0:8000/`. Open the link http://0.0.0.0:8000/analysis/2_flexref_analysis/report.html in a web browser.
[2026-02-13 12:28:25,810 cli_analyse INFO] updating paths in analysis/3_emref_analysis/capri_ss.tsv
[2026-02-13 12:28:25,810 cli_analyse INFO] View the results in analysis/3_emref_analysis/report.html
[2026-02-13 12:28:25,810 cli_analyse INFO] To view structures or download the structure files, in a terminal run the command `python -m http.server --directory /mnt/Data/PopOS/Data_Ana/Wu/clawdPorjects/HADDOCK_test/results/run_Pos_AGTCGTCAGCACGGTT-1_contig_2_1`. By default, http server runs on `http://0.0.0.0:8000/`. Open the link http://0.0.0.0:8000/analysis/3_emref_analysis/report.html in a web browser.
[2026-02-13 12:28:25,810 cli_traceback INFO] Running haddock3-traceback on ./
[2026-02-13 12:28:25,810 cli_traceback INFO] Reading input run directory
[2026-02-13 12:28:25,810 cli_traceback INFO] All_steps: 0_topoaa, 1_rigidbody, 2_flexref, 3_emref
[2026-02-13 12:28:25,811 cli_traceback INFO] Modules not to be analysed: 0_topoaa
[2026-02-13 12:28:25,811 cli_traceback INFO] Steps to trace back: 1_rigidbody, 2_flexref, 3_emref
[2026-02-13 12:28:25,811 cli_traceback INFO] Created directory: /mnt/Data/PopOS/Data_Ana/Wu/clawdPorjects/HADDOCK_test/results/run_Pos_AGTCGTCAGCACGGTT-1_contig_2_1/traceback
[2026-02-13 12:28:25,811 cli_traceback INFO] Tracing back step 3_emref
[2026-02-13 12:28:25,813 cli_traceback INFO] Tracing back step 2_flexref
[2026-02-13 12:28:25,815 cli_traceback INFO] Tracing back step 1_rigidbody
[2026-02-13 12:28:25,819 cli_traceback INFO] Output dataframe traceback/traceback.tsv created with shape (20, 8)
[2026-02-13 12:28:25,846 clean_steps INFO] Cleaning output for '0_topoaa' using 20 cores.
[2026-02-13 12:28:25,981 libtimer INFO] cleaning output files took 0 seconds
[2026-02-13 12:28:25,981 clean_steps INFO] Cleaning output for '1_rigidbody' using 20 cores.
[2026-02-13 12:28:25,989 libtimer INFO] cleaning output files took 0 seconds
[2026-02-13 12:28:25,989 clean_steps INFO] Cleaning output for '2_flexref' using 20 cores.
[2026-02-13 12:28:25,999 libtimer INFO] cleaning output files took 0 seconds
[2026-02-13 12:28:25,999 clean_steps INFO] Cleaning output for '3_emref' using 20 cores.
[2026-02-13 12:28:26,011 libtimer INFO] cleaning output files took 0 seconds
[2026-02-13 12:28:26,011 cli INFO] This HADDOCK3 run took: 2 minutes and 5 seconds
[2026-02-13 12:28:26,011 greetings INFO] Your feedback matters in Haddock3! Share your experience and help us grow:
[2026-02-13 12:28:26,011 greetings INFO] GitHub issues: https://github.com/haddocking/haddock3/issues
[2026-02-13 12:28:26,011 greetings INFO] BioExcel feedback: https://www.bonvinlab.org/feedback
[2026-02-13 12:28:26,011 greetings INFO] BioExcel forum: https://ask.bioexcel.eu/c/haddock/6
[2026-02-13 12:28:26,011 cli INFO] Finished at 13/02/2026 12:28:26. La revedere! Até logo! Tchau!
