[2026-02-06 04:10:44,830 cli INFO] 
##############################################
#                                            #
#                 HADDOCK3                   #
#                                            #
##############################################

!! Some of the HADDOCK3 components use CNS (Crystallographic and NMR System) which is free of use for non-profit applications. !!
!! For commercial use it is your own responsibility to have a proper license. !!
!! For details refer to the DISCLAIMER file in the HADDOCK3 repository. !!

Starting HADDOCK3 v2024.10.0b7 on 2026-02-06 04:10:00

Python 3.10.12 (main, Feb  4 2025, 14:57:36) [GCC 11.4.0]

[2026-02-06 04:10:48,487 libworkflow INFO] Reading instructions step 0_topoaa
[2026-02-06 04:10:48,487 libworkflow INFO] Reading instructions step 1_rigidbody
[2026-02-06 04:10:48,487 libworkflow INFO] Reading instructions step 2_flexref
[2026-02-06 04:10:48,487 libworkflow INFO] Reading instructions step 3_emref
[2026-02-06 04:10:48,501 base_cns_module INFO] Running [topoaa] module
[2026-02-06 04:10:48,501 __init__ INFO] [topoaa] Molecule 1: receptor_single_245_Epi.pdb
[2026-02-06 04:10:48,503 __init__ INFO] [topoaa] Sanitizing molecule receptor_single_245_Epi.pdb
[2026-02-06 04:10:48,510 __init__ INFO] [topoaa] Topology CNS input created
[2026-02-06 04:10:48,510 __init__ INFO] [topoaa] Molecule 2: ligand_single_245_Epi.pdb
[2026-02-06 04:10:48,510 __init__ INFO] [topoaa] Sanitizing molecule ligand_single_245_Epi.pdb
[2026-02-06 04:10:48,514 __init__ INFO] [topoaa] Topology CNS input created
[2026-02-06 04:10:48,514 __init__ INFO] [topoaa] Running CNS Jobs n=2
[2026-02-06 04:10:48,514 libutil INFO] Selected 2 cores to process 2 jobs, with 32 maximum available cores.
[2026-02-06 04:10:48,515 libparallel INFO] Using 2 cores
[2026-02-06 04:10:51,729 libparallel INFO] 2 tasks finished
[2026-02-06 04:10:51,730 __init__ INFO] [topoaa] CNS jobs have finished
[2026-02-06 04:10:51,731 base_cns_module INFO] Module [topoaa] finished.
[2026-02-06 04:10:51,731 __init__ INFO] [topoaa] took 3 seconds
[2026-02-06 04:10:52,074 base_cns_module INFO] Running [rigidbody] module
[2026-02-06 04:10:52,075 __init__ INFO] [rigidbody] crossdock=true
[2026-02-06 04:10:52,075 __init__ INFO] [rigidbody] Preparing jobs...
[2026-02-06 04:10:52,077 libutil INFO] Selected 20 cores to process 20 jobs, with 32 maximum available cores.
[2026-02-06 04:10:52,077 libparallel INFO] Using 20 cores
[2026-02-06 04:10:52,103 libparallel INFO] 20 tasks finished
[2026-02-06 04:10:52,104 __init__ INFO] [rigidbody] Preparation took 0.02859 seconds
[2026-02-06 04:10:52,105 __init__ INFO] [rigidbody] Running CNS Jobs n=20
[2026-02-06 04:10:52,105 libutil INFO] Selected 20 cores to process 20 jobs, with 32 maximum available cores.
[2026-02-06 04:10:52,106 libparallel INFO] Using 20 cores
[2026-02-06 04:11:02,379 libparallel INFO] 20 tasks finished
[2026-02-06 04:11:02,379 __init__ INFO] [rigidbody] CNS jobs have finished
[2026-02-06 04:11:02,409 base_cns_module INFO] Module [rigidbody] finished.
[2026-02-06 04:11:02,409 __init__ INFO] [rigidbody] took 10 seconds
[2026-02-06 04:11:02,786 base_cns_module INFO] Running [flexref] module
[2026-02-06 04:11:02,843 __init__ INFO] [flexref] Running CNS Jobs n=20
[2026-02-06 04:11:02,843 libutil INFO] Selected 20 cores to process 20 jobs, with 32 maximum available cores.
[2026-02-06 04:11:02,843 libparallel INFO] Using 20 cores
[2026-02-06 04:12:35,558 libparallel INFO] 20 tasks finished
[2026-02-06 04:12:35,558 __init__ INFO] [flexref] CNS jobs have finished
[2026-02-06 04:12:35,587 base_cns_module INFO] Module [flexref] finished.
[2026-02-06 04:12:35,587 __init__ INFO] [flexref] took 1 minute and 33 seconds
[2026-02-06 04:12:35,923 base_cns_module INFO] Running [emref] module
[2026-02-06 04:12:35,978 __init__ INFO] [emref] Running CNS Jobs n=20
[2026-02-06 04:12:35,978 libutil INFO] Selected 20 cores to process 20 jobs, with 32 maximum available cores.
[2026-02-06 04:12:35,979 libparallel INFO] Using 20 cores
[2026-02-06 04:12:43,023 libparallel INFO] 20 tasks finished
[2026-02-06 04:12:43,024 __init__ INFO] [emref] CNS jobs have finished
[2026-02-06 04:12:43,059 base_cns_module INFO] Module [emref] finished.
[2026-02-06 04:12:43,059 __init__ INFO] [emref] took 7 seconds
[2026-02-06 04:12:43,059 cli_analyse INFO] Running haddock3-analyse on ./, modules [], with top_cluster = 10
[2026-02-06 04:12:43,065 cli_analyse INFO] Created directory: /mnt/Data/PopOS/Data_Ana/Wu/clawdPorjects/HADDOCK_test/results/run_245_Epi/analysis
[2026-02-06 04:12:43,065 cli_analyse INFO] Reading input run directory
[2026-02-06 04:12:43,066 cli_analyse INFO] selected steps: 0_topoaa, 1_rigidbody, 2_flexref, 3_emref
[2026-02-06 04:12:43,066 cli_analyse INFO] Analysing step 0_topoaa
[2026-02-06 04:12:43,066 cli_analyse WARNING] Could not execute the analysis for step 0_topoaa. The following error occurred 'dict' object has no attribute 'rel_path'
[2026-02-06 04:12:43,066 cli_analyse INFO] Analysing step 1_rigidbody
[2026-02-06 04:12:43,068 cli_unpack INFO] Unpacking '../1_rigidbody' folder
[2026-02-06 04:12:43,068 libtimer INFO] unpacking took 0 seconds
[2026-02-06 04:12:43,081 capri INFO] Found previous CNS step: 1_rigidbody
[2026-02-06 04:12:43,188 capri INFO] Saved scoring weights to: weights_params.json
[2026-02-06 04:12:43,188 __init__ INFO] [caprieval] No reference structure provided. Using the structure with the lowest score from previous step
[2026-02-06 04:12:43,274 libutil INFO] Selected 20 cores to process 20 jobs, with 32 maximum available cores.
[2026-02-06 04:12:43,274 libparallel INFO] Using 20 cores
[2026-02-06 04:12:43,786 libparallel INFO] 20 tasks finished
[2026-02-06 04:12:43,786 capri INFO] Rearranging cluster information into capri_clt.tsv
[2026-02-06 04:12:43,791 cli_clean INFO] Compressing '../1_rigidbody' folder
[2026-02-06 04:12:43,791 clean_steps INFO] Cleaning output for '../1_rigidbody' using 20 cores.
[2026-02-06 04:12:43,921 libtimer INFO] compressing took 0 seconds
[2026-02-06 04:12:43,921 cli_analyse INFO] CAPRI files identified
[2026-02-06 04:12:43,923 cli_analyse INFO] Plotting results..
[2026-02-06 04:12:45,124 cli_analyse INFO] Summary archive summary.tgz created!
[2026-02-06 04:12:45,124 cli_analyse INFO] Analysing step 2_flexref
[2026-02-06 04:12:45,126 cli_unpack INFO] Unpacking '../2_flexref' folder
[2026-02-06 04:12:45,126 libtimer INFO] unpacking took 0 seconds
[2026-02-06 04:12:45,139 capri INFO] Found previous CNS step: 2_flexref
[2026-02-06 04:12:45,376 capri INFO] Saved scoring weights to: weights_params.json
[2026-02-06 04:12:45,376 __init__ INFO] [caprieval] No reference structure provided. Using the structure with the lowest score from previous step
[2026-02-06 04:12:45,462 libutil INFO] Selected 20 cores to process 20 jobs, with 32 maximum available cores.
[2026-02-06 04:12:45,463 libparallel INFO] Using 20 cores
[2026-02-06 04:12:45,851 libparallel INFO] 20 tasks finished
[2026-02-06 04:12:45,852 capri INFO] Rearranging cluster information into capri_clt.tsv
[2026-02-06 04:12:45,859 cli_clean INFO] Compressing '../2_flexref' folder
[2026-02-06 04:12:45,859 clean_steps INFO] Cleaning output for '../2_flexref' using 20 cores.
[2026-02-06 04:12:45,983 libtimer INFO] compressing took 0 seconds
[2026-02-06 04:12:45,983 cli_analyse INFO] CAPRI files identified
[2026-02-06 04:12:45,985 cli_analyse INFO] Plotting results..
[2026-02-06 04:12:47,094 cli_analyse INFO] Summary archive summary.tgz created!
[2026-02-06 04:12:47,095 cli_analyse INFO] Analysing step 3_emref
[2026-02-06 04:12:47,097 cli_unpack INFO] Unpacking '../3_emref' folder
[2026-02-06 04:12:47,097 libtimer INFO] unpacking took 0 seconds
[2026-02-06 04:12:47,110 capri INFO] Found previous CNS step: 3_emref
[2026-02-06 04:12:47,210 capri INFO] Saved scoring weights to: weights_params.json
[2026-02-06 04:12:47,210 __init__ INFO] [caprieval] No reference structure provided. Using the structure with the lowest score from previous step
[2026-02-06 04:12:47,294 libutil INFO] Selected 20 cores to process 20 jobs, with 32 maximum available cores.
[2026-02-06 04:12:47,294 libparallel INFO] Using 20 cores
[2026-02-06 04:12:47,663 libparallel INFO] 20 tasks finished
[2026-02-06 04:12:47,664 capri INFO] Rearranging cluster information into capri_clt.tsv
[2026-02-06 04:12:47,671 cli_clean INFO] Compressing '../3_emref' folder
[2026-02-06 04:12:47,672 clean_steps INFO] Cleaning output for '../3_emref' using 20 cores.
[2026-02-06 04:12:47,805 libtimer INFO] compressing took 0 seconds
[2026-02-06 04:12:47,805 cli_analyse INFO] CAPRI files identified
[2026-02-06 04:12:47,808 cli_analyse INFO] Plotting results..
[2026-02-06 04:12:48,909 cli_analyse INFO] Summary archive summary.tgz created!
[2026-02-06 04:12:48,909 cli_analyse INFO] moving files to analysis folder
[2026-02-06 04:12:48,910 cli_analyse INFO] cancelling unsuccesful analysis folders
[2026-02-06 04:12:48,910 cli_analyse INFO] updating paths in analysis/1_rigidbody_analysis/capri_ss.tsv
[2026-02-06 04:12:48,910 cli_analyse INFO] View the results in analysis/1_rigidbody_analysis/report.html
[2026-02-06 04:12:48,910 cli_analyse INFO] To view structures or download the structure files, in a terminal run the command `python -m http.server --directory /mnt/Data/PopOS/Data_Ana/Wu/clawdPorjects/HADDOCK_test/results/run_245_Epi`. By default, http server runs on `http://0.0.0.0:8000/`. Open the link http://0.0.0.0:8000/analysis/1_rigidbody_analysis/report.html in a web browser.
[2026-02-06 04:12:48,910 cli_analyse INFO] updating paths in analysis/2_flexref_analysis/capri_ss.tsv
[2026-02-06 04:12:48,910 cli_analyse INFO] View the results in analysis/2_flexref_analysis/report.html
[2026-02-06 04:12:48,910 cli_analyse INFO] To view structures or download the structure files, in a terminal run the command `python -m http.server --directory /mnt/Data/PopOS/Data_Ana/Wu/clawdPorjects/HADDOCK_test/results/run_245_Epi`. By default, http server runs on `http://0.0.0.0:8000/`. Open the link http://0.0.0.0:8000/analysis/2_flexref_analysis/report.html in a web browser.
[2026-02-06 04:12:48,910 cli_analyse INFO] updating paths in analysis/3_emref_analysis/capri_ss.tsv
[2026-02-06 04:12:48,911 cli_analyse INFO] View the results in analysis/3_emref_analysis/report.html
[2026-02-06 04:12:48,911 cli_analyse INFO] To view structures or download the structure files, in a terminal run the command `python -m http.server --directory /mnt/Data/PopOS/Data_Ana/Wu/clawdPorjects/HADDOCK_test/results/run_245_Epi`. By default, http server runs on `http://0.0.0.0:8000/`. Open the link http://0.0.0.0:8000/analysis/3_emref_analysis/report.html in a web browser.
[2026-02-06 04:12:48,911 cli_traceback INFO] Running haddock3-traceback on ./
[2026-02-06 04:12:48,911 cli_traceback INFO] Reading input run directory
[2026-02-06 04:12:48,911 cli_traceback INFO] All_steps: 0_topoaa, 1_rigidbody, 2_flexref, 3_emref
[2026-02-06 04:12:48,911 cli_traceback INFO] Modules not to be analysed: 0_topoaa
[2026-02-06 04:12:48,911 cli_traceback INFO] Steps to trace back: 1_rigidbody, 2_flexref, 3_emref
[2026-02-06 04:12:48,911 cli_traceback INFO] Created directory: /mnt/Data/PopOS/Data_Ana/Wu/clawdPorjects/HADDOCK_test/results/run_245_Epi/traceback
[2026-02-06 04:12:48,911 cli_traceback INFO] Tracing back step 3_emref
[2026-02-06 04:12:48,913 cli_traceback INFO] Tracing back step 2_flexref
[2026-02-06 04:12:48,916 cli_traceback INFO] Tracing back step 1_rigidbody
[2026-02-06 04:12:48,919 cli_traceback INFO] Output dataframe traceback/traceback.tsv created with shape (20, 8)
[2026-02-06 04:12:48,946 clean_steps INFO] Cleaning output for '0_topoaa' using 20 cores.
[2026-02-06 04:12:49,088 libtimer INFO] cleaning output files took 0 seconds
[2026-02-06 04:12:49,088 clean_steps INFO] Cleaning output for '1_rigidbody' using 20 cores.
[2026-02-06 04:12:49,098 libtimer INFO] cleaning output files took 0 seconds
[2026-02-06 04:12:49,098 clean_steps INFO] Cleaning output for '2_flexref' using 20 cores.
[2026-02-06 04:12:49,112 libtimer INFO] cleaning output files took 0 seconds
[2026-02-06 04:12:49,113 clean_steps INFO] Cleaning output for '3_emref' using 20 cores.
[2026-02-06 04:12:49,127 libtimer INFO] cleaning output files took 0 seconds
[2026-02-06 04:12:49,128 cli INFO] This HADDOCK3 run took: 2 minutes and 4 seconds
[2026-02-06 04:12:49,128 greetings INFO] Your feedback matters in Haddock3! Share your experience and help us grow:
[2026-02-06 04:12:49,128 greetings INFO] GitHub issues: https://github.com/haddocking/haddock3/issues
[2026-02-06 04:12:49,128 greetings INFO] BioExcel feedback: https://www.bonvinlab.org/feedback
[2026-02-06 04:12:49,128 greetings INFO] BioExcel forum: https://ask.bioexcel.eu/c/haddock/6
[2026-02-06 04:12:49,129 cli INFO] Finished at 06/02/2026 04:12:49. Agur! Good bye! Dovidenia!
