[2026-02-06 21:35:20,243 cli INFO] 
##############################################
#                                            #
#                 HADDOCK3                   #
#                                            #
##############################################

!! Some of the HADDOCK3 components use CNS (Crystallographic and NMR System) which is free of use for non-profit applications. !!
!! For commercial use it is your own responsibility to have a proper license. !!
!! For details refer to the DISCLAIMER file in the HADDOCK3 repository. !!

Starting HADDOCK3 v2024.10.0b7 on 2026-02-06 21:35:00

Python 3.10.12 (main, Feb  4 2025, 14:57:36) [GCC 11.4.0]

[2026-02-06 21:35:24,066 libworkflow INFO] Reading instructions step 0_topoaa
[2026-02-06 21:35:24,066 libworkflow INFO] Reading instructions step 1_rigidbody
[2026-02-06 21:35:24,066 libworkflow INFO] Reading instructions step 2_flexref
[2026-02-06 21:35:24,066 libworkflow INFO] Reading instructions step 3_emref
[2026-02-06 21:35:24,066 libworkflow INFO] Reading instructions step 4_caprieval
[2026-02-06 21:35:24,081 base_cns_module INFO] Running [topoaa] module
[2026-02-06 21:35:24,081 __init__ INFO] [topoaa] Molecule 1: receptor_single_refold_9CU7_Epi.pdb
[2026-02-06 21:35:24,084 __init__ INFO] [topoaa] Sanitizing molecule receptor_single_refold_9CU7_Epi.pdb
[2026-02-06 21:35:24,103 __init__ INFO] [topoaa] Topology CNS input created
[2026-02-06 21:35:24,104 __init__ INFO] [topoaa] Molecule 2: ligand_single_refold_9CU7_Epi.pdb
[2026-02-06 21:35:24,104 __init__ INFO] [topoaa] Sanitizing molecule ligand_single_refold_9CU7_Epi.pdb
[2026-02-06 21:35:24,108 __init__ INFO] [topoaa] Topology CNS input created
[2026-02-06 21:35:24,108 __init__ INFO] [topoaa] Running CNS Jobs n=2
[2026-02-06 21:35:24,108 libutil INFO] Selected 2 cores to process 2 jobs, with 32 maximum available cores.
[2026-02-06 21:35:24,109 libparallel INFO] Using 2 cores
[2026-02-06 21:35:44,106 libparallel INFO] 2 tasks finished
[2026-02-06 21:35:44,107 __init__ INFO] [topoaa] CNS jobs have finished
[2026-02-06 21:35:44,108 base_cns_module INFO] Module [topoaa] finished.
[2026-02-06 21:35:44,109 __init__ INFO] [topoaa] took 20 seconds
[2026-02-06 21:35:44,443 base_cns_module INFO] Running [rigidbody] module
[2026-02-06 21:35:44,443 __init__ INFO] [rigidbody] crossdock=true
[2026-02-06 21:35:44,444 __init__ INFO] [rigidbody] Preparing jobs...
[2026-02-06 21:35:44,448 libutil INFO] Selected 20 cores to process 20 jobs, with 32 maximum available cores.
[2026-02-06 21:35:44,448 libparallel INFO] Using 20 cores
[2026-02-06 21:35:44,477 libparallel INFO] 20 tasks finished
[2026-02-06 21:35:44,478 __init__ INFO] [rigidbody] Preparation took 0.03408 seconds
[2026-02-06 21:35:44,479 __init__ INFO] [rigidbody] Running CNS Jobs n=20
[2026-02-06 21:35:44,479 libutil INFO] Selected 20 cores to process 20 jobs, with 32 maximum available cores.
[2026-02-06 21:35:44,480 libparallel INFO] Using 20 cores
[2026-02-06 21:36:22,234 libparallel INFO] 20 tasks finished
[2026-02-06 21:36:22,234 __init__ INFO] [rigidbody] CNS jobs have finished
[2026-02-06 21:36:22,288 base_cns_module INFO] Module [rigidbody] finished.
[2026-02-06 21:36:22,288 __init__ INFO] [rigidbody] took 38 seconds
[2026-02-06 21:36:22,674 base_cns_module INFO] Running [flexref] module
[2026-02-06 21:36:22,795 __init__ INFO] [flexref] Running CNS Jobs n=20
[2026-02-06 21:36:22,795 libutil INFO] Selected 20 cores to process 20 jobs, with 32 maximum available cores.
[2026-02-06 21:36:22,796 libparallel INFO] Using 20 cores
[2026-02-06 21:40:51,456 libparallel INFO] 20 tasks finished
[2026-02-06 21:40:51,456 __init__ INFO] [flexref] CNS jobs have finished
[2026-02-06 21:40:51,520 base_cns_module INFO] Module [flexref] finished.
[2026-02-06 21:40:51,520 __init__ INFO] [flexref] took 4 minutes and 29 seconds
[2026-02-06 21:40:51,865 base_cns_module INFO] Running [emref] module
[2026-02-06 21:40:51,985 __init__ INFO] [emref] Running CNS Jobs n=20
[2026-02-06 21:40:51,985 libutil INFO] Selected 20 cores to process 20 jobs, with 32 maximum available cores.
[2026-02-06 21:40:51,985 libparallel INFO] Using 20 cores
[2026-02-06 21:41:10,015 libparallel INFO] 20 tasks finished
[2026-02-06 21:41:10,015 __init__ INFO] [emref] CNS jobs have finished
[2026-02-06 21:41:10,072 base_cns_module INFO] Module [emref] finished.
[2026-02-06 21:41:10,072 __init__ INFO] [emref] took 18 seconds
[2026-02-06 21:41:10,087 __init__ INFO] Running [caprieval] module
[2026-02-06 21:41:10,088 capri INFO] Found previous CNS step: 3_emref
[2026-02-06 21:41:10,189 capri INFO] Saved scoring weights to: weights_params.json
[2026-02-06 21:41:10,189 __init__ INFO] [caprieval] No reference structure provided. Using the structure with the lowest score from previous step
[2026-02-06 21:41:10,390 libutil INFO] Selected 20 cores to process 20 jobs, with 32 maximum available cores.
[2026-02-06 21:41:10,391 libparallel INFO] Using 20 cores
[2026-02-06 21:41:11,688 libparallel INFO] 20 tasks finished
[2026-02-06 21:41:11,689 capri INFO] Rearranging cluster information into capri_clt.tsv
[2026-02-06 21:41:11,694 __init__ INFO] Module [caprieval] finished.
[2026-02-06 21:41:11,694 __init__ INFO] [caprieval] took 2 seconds
[2026-02-06 21:41:11,694 cli_analyse INFO] Running haddock3-analyse on ./, modules [4], with top_cluster = 10
[2026-02-06 21:41:11,701 cli_analyse INFO] Created directory: /mnt/Data/PopOS/Data_Ana/Wu/clawdPorjects/HADDOCK_test/results_full/run_refold_9CU7_Epi/analysis
[2026-02-06 21:41:11,701 cli_analyse INFO] Reading input run directory
[2026-02-06 21:41:11,701 cli_analyse INFO] selected steps: 4_caprieval
[2026-02-06 21:41:11,701 cli_analyse INFO] Analysing step 4_caprieval
[2026-02-06 21:41:11,701 cli_analyse INFO] step 4_caprieval is caprieval, files should be already available
[2026-02-06 21:41:11,701 cli_analyse INFO] CAPRI files identified
[2026-02-06 21:41:11,703 cli_analyse INFO] Plotting results..
[2026-02-06 21:41:13,603 cli_analyse INFO] Summary archive summary.tgz created!
[2026-02-06 21:41:13,604 cli_analyse INFO] moving files to analysis folder
[2026-02-06 21:41:13,604 cli_analyse INFO] updating paths in analysis/4_caprieval_analysis/capri_ss.tsv
[2026-02-06 21:41:13,604 cli_analyse INFO] View the results in analysis/4_caprieval_analysis/report.html
[2026-02-06 21:41:13,604 cli_analyse INFO] To view structures or download the structure files, in a terminal run the command `python -m http.server --directory /mnt/Data/PopOS/Data_Ana/Wu/clawdPorjects/HADDOCK_test/results_full/run_refold_9CU7_Epi`. By default, http server runs on `http://0.0.0.0:8000/`. Open the link http://0.0.0.0:8000/analysis/4_caprieval_analysis/report.html in a web browser.
[2026-02-06 21:41:13,604 cli_traceback INFO] Running haddock3-traceback on ./
[2026-02-06 21:41:13,604 cli_traceback INFO] Reading input run directory
[2026-02-06 21:41:13,604 cli_traceback INFO] All_steps: 0_topoaa, 1_rigidbody, 2_flexref, 3_emref, 4_caprieval
[2026-02-06 21:41:13,604 cli_traceback INFO] Modules not to be analysed: 0_topoaa, 4_caprieval
[2026-02-06 21:41:13,604 cli_traceback INFO] Steps to trace back: 1_rigidbody, 2_flexref, 3_emref
[2026-02-06 21:41:13,605 cli_traceback INFO] Created directory: /mnt/Data/PopOS/Data_Ana/Wu/clawdPorjects/HADDOCK_test/results_full/run_refold_9CU7_Epi/traceback
[2026-02-06 21:41:13,605 cli_traceback INFO] Tracing back step 3_emref
[2026-02-06 21:41:13,607 cli_traceback INFO] Tracing back step 2_flexref
[2026-02-06 21:41:13,609 cli_traceback INFO] Tracing back step 1_rigidbody
[2026-02-06 21:41:13,613 cli_traceback INFO] Output dataframe traceback/traceback.tsv created with shape (20, 8)
[2026-02-06 21:41:13,639 clean_steps INFO] Cleaning output for '0_topoaa' using 20 cores.
[2026-02-06 21:41:13,939 libtimer INFO] cleaning output files took 0 seconds
[2026-02-06 21:41:13,939 clean_steps INFO] Cleaning output for '1_rigidbody' using 20 cores.
[2026-02-06 21:41:14,168 libtimer INFO] cleaning output files took 0 seconds
[2026-02-06 21:41:14,168 clean_steps INFO] Cleaning output for '2_flexref' using 20 cores.
[2026-02-06 21:41:14,396 libtimer INFO] cleaning output files took 0 seconds
[2026-02-06 21:41:14,396 clean_steps INFO] Cleaning output for '3_emref' using 20 cores.
[2026-02-06 21:41:14,625 libtimer INFO] cleaning output files took 0 seconds
[2026-02-06 21:41:14,625 clean_steps INFO] Cleaning output for '4_caprieval' using 20 cores.
[2026-02-06 21:41:14,636 libtimer INFO] cleaning output files took 0 seconds
[2026-02-06 21:41:14,636 cli INFO] This HADDOCK3 run took: 5 minutes and 54 seconds
[2026-02-06 21:41:14,636 greetings INFO] Your feedback matters in Haddock3! Share your experience and help us grow:
[2026-02-06 21:41:14,636 greetings INFO] GitHub issues: https://github.com/haddocking/haddock3/issues
[2026-02-06 21:41:14,636 greetings INFO] BioExcel feedback: https://www.bonvinlab.org/feedback
[2026-02-06 21:41:14,636 greetings INFO] BioExcel forum: https://ask.bioexcel.eu/c/haddock/6
[2026-02-06 21:41:14,636 cli INFO] Finished at 06/02/2026 21:41:14. La revedere! Tot ziens! Agur!
