[2026-02-13 10:20:50,606 cli INFO] 
##############################################
#                                            #
#                 HADDOCK3                   #
#                                            #
##############################################

!! Some of the HADDOCK3 components use CNS (Crystallographic and NMR System) which is free of use for non-profit applications. !!
!! For commercial use it is your own responsibility to have a proper license. !!
!! For details refer to the DISCLAIMER file in the HADDOCK3 repository. !!

Starting HADDOCK3 v2024.10.0b7 on 2026-02-13 10:20:00

Python 3.10.12 (main, Feb  4 2025, 14:57:36) [GCC 11.4.0]

[2026-02-13 10:20:54,420 libworkflow INFO] Reading instructions step 0_topoaa
[2026-02-13 10:20:54,420 libworkflow INFO] Reading instructions step 1_rigidbody
[2026-02-13 10:20:54,420 libworkflow INFO] Reading instructions step 2_flexref
[2026-02-13 10:20:54,420 libworkflow INFO] Reading instructions step 3_emref
[2026-02-13 10:20:54,435 base_cns_module INFO] Running [topoaa] module
[2026-02-13 10:20:54,435 __init__ INFO] [topoaa] Molecule 1: receptor_single_Neg_ACCTGTAAGCAAATGA-1_contig_1_1.pdb
[2026-02-13 10:20:54,437 __init__ INFO] [topoaa] Sanitizing molecule receptor_single_Neg_ACCTGTAAGCAAATGA-1_contig_1_1.pdb
[2026-02-13 10:20:54,443 __init__ INFO] [topoaa] Topology CNS input created
[2026-02-13 10:20:54,443 __init__ INFO] [topoaa] Molecule 2: ligand_single_Neg_ACCTGTAAGCAAATGA-1_contig_1_1.pdb
[2026-02-13 10:20:54,445 __init__ INFO] [topoaa] Sanitizing molecule ligand_single_Neg_ACCTGTAAGCAAATGA-1_contig_1_1.pdb
[2026-02-13 10:20:54,451 __init__ INFO] [topoaa] Topology CNS input created
[2026-02-13 10:20:54,451 __init__ INFO] [topoaa] Running CNS Jobs n=2
[2026-02-13 10:20:54,451 libutil INFO] Selected 2 cores to process 2 jobs, with 32 maximum available cores.
[2026-02-13 10:20:54,452 libparallel INFO] Using 2 cores
[2026-02-13 10:20:57,693 libparallel INFO] 2 tasks finished
[2026-02-13 10:20:57,693 __init__ INFO] [topoaa] CNS jobs have finished
[2026-02-13 10:20:57,695 base_cns_module INFO] Module [topoaa] finished.
[2026-02-13 10:20:57,695 __init__ INFO] [topoaa] took 3 seconds
[2026-02-13 10:20:58,039 base_cns_module INFO] Running [rigidbody] module
[2026-02-13 10:20:58,040 __init__ INFO] [rigidbody] crossdock=true
[2026-02-13 10:20:58,040 __init__ INFO] [rigidbody] Preparing jobs...
[2026-02-13 10:20:58,042 libutil INFO] Selected 20 cores to process 20 jobs, with 32 maximum available cores.
[2026-02-13 10:20:58,042 libparallel INFO] Using 20 cores
[2026-02-13 10:20:58,068 libparallel INFO] 20 tasks finished
[2026-02-13 10:20:58,068 __init__ INFO] [rigidbody] Preparation took 0.028568 seconds
[2026-02-13 10:20:58,070 __init__ INFO] [rigidbody] Running CNS Jobs n=20
[2026-02-13 10:20:58,070 libutil INFO] Selected 20 cores to process 20 jobs, with 32 maximum available cores.
[2026-02-13 10:20:58,070 libparallel INFO] Using 20 cores
[2026-02-13 10:21:08,680 libparallel INFO] 20 tasks finished
[2026-02-13 10:21:08,680 __init__ INFO] [rigidbody] CNS jobs have finished
[2026-02-13 10:21:08,706 base_cns_module INFO] Module [rigidbody] finished.
[2026-02-13 10:21:08,706 __init__ INFO] [rigidbody] took 11 seconds
[2026-02-13 10:21:09,093 base_cns_module INFO] Running [flexref] module
[2026-02-13 10:21:09,152 __init__ INFO] [flexref] Running CNS Jobs n=20
[2026-02-13 10:21:09,152 libutil INFO] Selected 20 cores to process 20 jobs, with 32 maximum available cores.
[2026-02-13 10:21:09,152 libparallel INFO] Using 20 cores
[2026-02-13 10:22:44,180 libparallel INFO] 20 tasks finished
[2026-02-13 10:22:44,180 __init__ INFO] [flexref] CNS jobs have finished
[2026-02-13 10:22:44,234 base_cns_module INFO] Module [flexref] finished.
[2026-02-13 10:22:44,234 __init__ INFO] [flexref] took 1 minute and 35 seconds
[2026-02-13 10:22:44,586 base_cns_module INFO] Running [emref] module
[2026-02-13 10:22:44,643 __init__ INFO] [emref] Running CNS Jobs n=20
[2026-02-13 10:22:44,643 libutil INFO] Selected 20 cores to process 20 jobs, with 32 maximum available cores.
[2026-02-13 10:22:44,644 libparallel INFO] Using 20 cores
[2026-02-13 10:22:52,174 libparallel INFO] 20 tasks finished
[2026-02-13 10:22:52,175 __init__ INFO] [emref] CNS jobs have finished
[2026-02-13 10:22:52,211 base_cns_module INFO] Module [emref] finished.
[2026-02-13 10:22:52,211 __init__ INFO] [emref] took 8 seconds
[2026-02-13 10:22:52,211 cli_analyse INFO] Running haddock3-analyse on ./, modules [], with top_cluster = 10
[2026-02-13 10:22:52,218 cli_analyse INFO] Created directory: /mnt/Data/PopOS/Data_Ana/Wu/clawdPorjects/HADDOCK_test/results/run_Neg_ACCTGTAAGCAAATGA-1_contig_1_1/analysis
[2026-02-13 10:22:52,218 cli_analyse INFO] Reading input run directory
[2026-02-13 10:22:52,218 cli_analyse INFO] selected steps: 0_topoaa, 1_rigidbody, 2_flexref, 3_emref
[2026-02-13 10:22:52,218 cli_analyse INFO] Analysing step 0_topoaa
[2026-02-13 10:22:52,218 cli_analyse WARNING] Could not execute the analysis for step 0_topoaa. The following error occurred 'dict' object has no attribute 'rel_path'
[2026-02-13 10:22:52,219 cli_analyse INFO] Analysing step 1_rigidbody
[2026-02-13 10:22:52,220 cli_unpack INFO] Unpacking '../1_rigidbody' folder
[2026-02-13 10:22:52,220 libtimer INFO] unpacking took 0 seconds
[2026-02-13 10:22:52,234 capri INFO] Found previous CNS step: 1_rigidbody
[2026-02-13 10:22:52,342 capri INFO] Saved scoring weights to: weights_params.json
[2026-02-13 10:22:52,342 __init__ INFO] [caprieval] No reference structure provided. Using the structure with the lowest score from previous step
[2026-02-13 10:22:52,428 libutil INFO] Selected 20 cores to process 20 jobs, with 32 maximum available cores.
[2026-02-13 10:22:52,429 libparallel INFO] Using 20 cores
[2026-02-13 10:22:52,860 libparallel INFO] 20 tasks finished
[2026-02-13 10:22:52,861 capri INFO] Rearranging cluster information into capri_clt.tsv
[2026-02-13 10:22:52,868 cli_clean INFO] Compressing '../1_rigidbody' folder
[2026-02-13 10:22:52,869 clean_steps INFO] Cleaning output for '../1_rigidbody' using 20 cores.
[2026-02-13 10:22:52,991 libtimer INFO] compressing took 0 seconds
[2026-02-13 10:22:52,991 cli_analyse INFO] CAPRI files identified
[2026-02-13 10:22:52,993 cli_analyse INFO] Plotting results..
[2026-02-13 10:22:54,203 cli_analyse INFO] Summary archive summary.tgz created!
[2026-02-13 10:22:54,203 cli_analyse INFO] Analysing step 2_flexref
[2026-02-13 10:22:54,205 cli_unpack INFO] Unpacking '../2_flexref' folder
[2026-02-13 10:22:54,206 libtimer INFO] unpacking took 0 seconds
[2026-02-13 10:22:54,219 capri INFO] Found previous CNS step: 2_flexref
[2026-02-13 10:22:54,457 capri INFO] Saved scoring weights to: weights_params.json
[2026-02-13 10:22:54,457 __init__ INFO] [caprieval] No reference structure provided. Using the structure with the lowest score from previous step
[2026-02-13 10:22:54,544 libutil INFO] Selected 20 cores to process 20 jobs, with 32 maximum available cores.
[2026-02-13 10:22:54,544 libparallel INFO] Using 20 cores
[2026-02-13 10:22:55,175 libparallel INFO] 20 tasks finished
[2026-02-13 10:22:55,175 capri INFO] Rearranging cluster information into capri_clt.tsv
[2026-02-13 10:22:55,179 cli_clean INFO] Compressing '../2_flexref' folder
[2026-02-13 10:22:55,180 clean_steps INFO] Cleaning output for '../2_flexref' using 20 cores.
[2026-02-13 10:22:55,360 libtimer INFO] compressing took 0 seconds
[2026-02-13 10:22:55,360 cli_analyse INFO] CAPRI files identified
[2026-02-13 10:22:55,362 cli_analyse INFO] Plotting results..
[2026-02-13 10:22:56,489 cli_analyse INFO] Summary archive summary.tgz created!
[2026-02-13 10:22:56,490 cli_analyse INFO] Analysing step 3_emref
[2026-02-13 10:22:56,492 cli_unpack INFO] Unpacking '../3_emref' folder
[2026-02-13 10:22:56,492 libtimer INFO] unpacking took 0 seconds
[2026-02-13 10:22:56,506 capri INFO] Found previous CNS step: 3_emref
[2026-02-13 10:22:56,607 capri INFO] Saved scoring weights to: weights_params.json
[2026-02-13 10:22:56,607 __init__ INFO] [caprieval] No reference structure provided. Using the structure with the lowest score from previous step
[2026-02-13 10:22:56,695 libutil INFO] Selected 20 cores to process 20 jobs, with 32 maximum available cores.
[2026-02-13 10:22:56,695 libparallel INFO] Using 20 cores
[2026-02-13 10:22:57,115 libparallel INFO] 20 tasks finished
[2026-02-13 10:22:57,115 capri INFO] Rearranging cluster information into capri_clt.tsv
[2026-02-13 10:22:57,120 cli_clean INFO] Compressing '../3_emref' folder
[2026-02-13 10:22:57,120 clean_steps INFO] Cleaning output for '../3_emref' using 20 cores.
[2026-02-13 10:22:57,242 libtimer INFO] compressing took 0 seconds
[2026-02-13 10:22:57,242 cli_analyse INFO] CAPRI files identified
[2026-02-13 10:22:57,243 cli_analyse INFO] Plotting results..
[2026-02-13 10:22:58,354 cli_analyse INFO] Summary archive summary.tgz created!
[2026-02-13 10:22:58,354 cli_analyse INFO] moving files to analysis folder
[2026-02-13 10:22:58,354 cli_analyse INFO] cancelling unsuccesful analysis folders
[2026-02-13 10:22:58,354 cli_analyse INFO] updating paths in analysis/1_rigidbody_analysis/capri_ss.tsv
[2026-02-13 10:22:58,355 cli_analyse INFO] View the results in analysis/1_rigidbody_analysis/report.html
[2026-02-13 10:22:58,355 cli_analyse INFO] To view structures or download the structure files, in a terminal run the command `python -m http.server --directory /mnt/Data/PopOS/Data_Ana/Wu/clawdPorjects/HADDOCK_test/results/run_Neg_ACCTGTAAGCAAATGA-1_contig_1_1`. By default, http server runs on `http://0.0.0.0:8000/`. Open the link http://0.0.0.0:8000/analysis/1_rigidbody_analysis/report.html in a web browser.
[2026-02-13 10:22:58,355 cli_analyse INFO] updating paths in analysis/2_flexref_analysis/capri_ss.tsv
[2026-02-13 10:22:58,355 cli_analyse INFO] View the results in analysis/2_flexref_analysis/report.html
[2026-02-13 10:22:58,355 cli_analyse INFO] To view structures or download the structure files, in a terminal run the command `python -m http.server --directory /mnt/Data/PopOS/Data_Ana/Wu/clawdPorjects/HADDOCK_test/results/run_Neg_ACCTGTAAGCAAATGA-1_contig_1_1`. By default, http server runs on `http://0.0.0.0:8000/`. Open the link http://0.0.0.0:8000/analysis/2_flexref_analysis/report.html in a web browser.
[2026-02-13 10:22:58,355 cli_analyse INFO] updating paths in analysis/3_emref_analysis/capri_ss.tsv
[2026-02-13 10:22:58,355 cli_analyse INFO] View the results in analysis/3_emref_analysis/report.html
[2026-02-13 10:22:58,355 cli_analyse INFO] To view structures or download the structure files, in a terminal run the command `python -m http.server --directory /mnt/Data/PopOS/Data_Ana/Wu/clawdPorjects/HADDOCK_test/results/run_Neg_ACCTGTAAGCAAATGA-1_contig_1_1`. By default, http server runs on `http://0.0.0.0:8000/`. Open the link http://0.0.0.0:8000/analysis/3_emref_analysis/report.html in a web browser.
[2026-02-13 10:22:58,355 cli_traceback INFO] Running haddock3-traceback on ./
[2026-02-13 10:22:58,355 cli_traceback INFO] Reading input run directory
[2026-02-13 10:22:58,355 cli_traceback INFO] All_steps: 0_topoaa, 1_rigidbody, 2_flexref, 3_emref
[2026-02-13 10:22:58,356 cli_traceback INFO] Modules not to be analysed: 0_topoaa
[2026-02-13 10:22:58,356 cli_traceback INFO] Steps to trace back: 1_rigidbody, 2_flexref, 3_emref
[2026-02-13 10:22:58,356 cli_traceback INFO] Created directory: /mnt/Data/PopOS/Data_Ana/Wu/clawdPorjects/HADDOCK_test/results/run_Neg_ACCTGTAAGCAAATGA-1_contig_1_1/traceback
[2026-02-13 10:22:58,356 cli_traceback INFO] Tracing back step 3_emref
[2026-02-13 10:22:58,358 cli_traceback INFO] Tracing back step 2_flexref
[2026-02-13 10:22:58,360 cli_traceback INFO] Tracing back step 1_rigidbody
[2026-02-13 10:22:58,364 cli_traceback INFO] Output dataframe traceback/traceback.tsv created with shape (20, 8)
[2026-02-13 10:22:58,391 clean_steps INFO] Cleaning output for '0_topoaa' using 20 cores.
[2026-02-13 10:22:58,543 libtimer INFO] cleaning output files took 0 seconds
[2026-02-13 10:22:58,543 clean_steps INFO] Cleaning output for '1_rigidbody' using 20 cores.
[2026-02-13 10:22:58,552 libtimer INFO] cleaning output files took 0 seconds
[2026-02-13 10:22:58,552 clean_steps INFO] Cleaning output for '2_flexref' using 20 cores.
[2026-02-13 10:22:58,562 libtimer INFO] cleaning output files took 0 seconds
[2026-02-13 10:22:58,562 clean_steps INFO] Cleaning output for '3_emref' using 20 cores.
[2026-02-13 10:22:58,571 libtimer INFO] cleaning output files took 0 seconds
[2026-02-13 10:22:58,571 cli INFO] This HADDOCK3 run took: 2 minutes and 8 seconds
[2026-02-13 10:22:58,571 greetings INFO] Your feedback matters in Haddock3! Share your experience and help us grow:
[2026-02-13 10:22:58,571 greetings INFO] GitHub issues: https://github.com/haddocking/haddock3/issues
[2026-02-13 10:22:58,571 greetings INFO] BioExcel feedback: https://www.bonvinlab.org/feedback
[2026-02-13 10:22:58,572 greetings INFO] BioExcel forum: https://ask.bioexcel.eu/c/haddock/6
[2026-02-13 10:22:58,572 cli INFO] Finished at 13/02/2026 10:22:58. Au revoir! Adiós! Ciao!
