[2026-02-06 21:34:12,258 cli INFO] 
##############################################
#                                            #
#                 HADDOCK3                   #
#                                            #
##############################################

!! Some of the HADDOCK3 components use CNS (Crystallographic and NMR System) which is free of use for non-profit applications. !!
!! For commercial use it is your own responsibility to have a proper license. !!
!! For details refer to the DISCLAIMER file in the HADDOCK3 repository. !!

Starting HADDOCK3 v2024.10.0b7 on 2026-02-06 21:34:00

Python 3.10.12 (main, Feb  4 2025, 14:57:36) [GCC 11.4.0]

[2026-02-06 21:34:15,916 libworkflow INFO] Reading instructions step 0_topoaa
[2026-02-06 21:34:15,916 libworkflow INFO] Reading instructions step 1_rigidbody
[2026-02-06 21:34:15,916 libworkflow INFO] Reading instructions step 2_flexref
[2026-02-06 21:34:15,917 libworkflow INFO] Reading instructions step 3_emref
[2026-02-06 21:34:15,917 libworkflow INFO] Reading instructions step 4_caprieval
[2026-02-06 21:34:15,930 base_cns_module INFO] Running [topoaa] module
[2026-02-06 21:34:15,930 __init__ INFO] [topoaa] Molecule 1: receptor_single_refold_9BLL_Epi.pdb
[2026-02-06 21:34:15,931 __init__ INFO] [topoaa] Sanitizing molecule receptor_single_refold_9BLL_Epi.pdb
[2026-02-06 21:34:15,934 __init__ INFO] [topoaa] Topology CNS input created
[2026-02-06 21:34:15,935 __init__ INFO] [topoaa] Molecule 2: ligand_single_refold_9BLL_Epi.pdb
[2026-02-06 21:34:15,935 __init__ INFO] [topoaa] Sanitizing molecule ligand_single_refold_9BLL_Epi.pdb
[2026-02-06 21:34:15,939 __init__ INFO] [topoaa] Topology CNS input created
[2026-02-06 21:34:15,939 __init__ INFO] [topoaa] Running CNS Jobs n=2
[2026-02-06 21:34:15,939 libutil INFO] Selected 2 cores to process 2 jobs, with 32 maximum available cores.
[2026-02-06 21:34:15,940 libparallel INFO] Using 2 cores
[2026-02-06 21:34:16,837 libparallel INFO] 2 tasks finished
[2026-02-06 21:34:16,837 __init__ INFO] [topoaa] CNS jobs have finished
[2026-02-06 21:34:16,839 base_cns_module INFO] Module [topoaa] finished.
[2026-02-06 21:34:16,839 __init__ INFO] [topoaa] took 1 seconds
[2026-02-06 21:34:17,166 base_cns_module INFO] Running [rigidbody] module
[2026-02-06 21:34:17,167 __init__ INFO] [rigidbody] crossdock=true
[2026-02-06 21:34:17,167 __init__ INFO] [rigidbody] Preparing jobs...
[2026-02-06 21:34:17,168 libutil INFO] Selected 20 cores to process 20 jobs, with 32 maximum available cores.
[2026-02-06 21:34:17,168 libparallel INFO] Using 20 cores
[2026-02-06 21:34:17,195 libparallel INFO] 20 tasks finished
[2026-02-06 21:34:17,195 __init__ INFO] [rigidbody] Preparation took 0.028196 seconds
[2026-02-06 21:34:17,197 __init__ INFO] [rigidbody] Running CNS Jobs n=20
[2026-02-06 21:34:17,197 libutil INFO] Selected 20 cores to process 20 jobs, with 32 maximum available cores.
[2026-02-06 21:34:17,197 libparallel INFO] Using 20 cores
[2026-02-06 21:34:24,357 libparallel INFO] 20 tasks finished
[2026-02-06 21:34:24,357 __init__ INFO] [rigidbody] CNS jobs have finished
[2026-02-06 21:34:24,382 base_cns_module INFO] Module [rigidbody] finished.
[2026-02-06 21:34:24,382 __init__ INFO] [rigidbody] took 7 seconds
[2026-02-06 21:34:24,752 base_cns_module INFO] Running [flexref] module
[2026-02-06 21:34:24,791 __init__ INFO] [flexref] Running CNS Jobs n=20
[2026-02-06 21:34:24,791 libutil INFO] Selected 20 cores to process 20 jobs, with 32 maximum available cores.
[2026-02-06 21:34:24,792 libparallel INFO] Using 20 cores
[2026-02-06 21:35:13,349 libparallel INFO] 20 tasks finished
[2026-02-06 21:35:13,350 __init__ INFO] [flexref] CNS jobs have finished
[2026-02-06 21:35:13,369 base_cns_module INFO] Module [flexref] finished.
[2026-02-06 21:35:13,369 __init__ INFO] [flexref] took 49 seconds
[2026-02-06 21:35:13,702 base_cns_module INFO] Running [emref] module
[2026-02-06 21:35:13,740 __init__ INFO] [emref] Running CNS Jobs n=20
[2026-02-06 21:35:13,740 libutil INFO] Selected 20 cores to process 20 jobs, with 32 maximum available cores.
[2026-02-06 21:35:13,741 libparallel INFO] Using 20 cores
[2026-02-06 21:35:17,800 libparallel INFO] 20 tasks finished
[2026-02-06 21:35:17,800 __init__ INFO] [emref] CNS jobs have finished
[2026-02-06 21:35:17,825 base_cns_module INFO] Module [emref] finished.
[2026-02-06 21:35:17,825 __init__ INFO] [emref] took 4 seconds
[2026-02-06 21:35:17,840 __init__ INFO] Running [caprieval] module
[2026-02-06 21:35:17,840 capri INFO] Found previous CNS step: 3_emref
[2026-02-06 21:35:17,943 capri INFO] Saved scoring weights to: weights_params.json
[2026-02-06 21:35:17,943 __init__ INFO] [caprieval] No reference structure provided. Using the structure with the lowest score from previous step
[2026-02-06 21:35:17,995 libutil INFO] Selected 20 cores to process 20 jobs, with 32 maximum available cores.
[2026-02-06 21:35:17,996 libparallel INFO] Using 20 cores
[2026-02-06 21:35:18,209 libparallel INFO] 20 tasks finished
[2026-02-06 21:35:18,210 capri INFO] Rearranging cluster information into capri_clt.tsv
[2026-02-06 21:35:18,217 __init__ INFO] Module [caprieval] finished.
[2026-02-06 21:35:18,217 __init__ INFO] [caprieval] took 0 seconds
[2026-02-06 21:35:18,217 cli_analyse INFO] Running haddock3-analyse on ./, modules [4], with top_cluster = 10
[2026-02-06 21:35:18,229 cli_analyse INFO] Created directory: /mnt/Data/PopOS/Data_Ana/Wu/clawdPorjects/HADDOCK_test/results_full/run_refold_9BLL_Epi/analysis
[2026-02-06 21:35:18,229 cli_analyse INFO] Reading input run directory
[2026-02-06 21:35:18,229 cli_analyse INFO] selected steps: 4_caprieval
[2026-02-06 21:35:18,229 cli_analyse INFO] Analysing step 4_caprieval
[2026-02-06 21:35:18,229 cli_analyse INFO] step 4_caprieval is caprieval, files should be already available
[2026-02-06 21:35:18,229 cli_analyse INFO] CAPRI files identified
[2026-02-06 21:35:18,231 cli_analyse INFO] Plotting results..
[2026-02-06 21:35:19,221 cli_analyse INFO] Summary archive summary.tgz created!
[2026-02-06 21:35:19,221 cli_analyse INFO] moving files to analysis folder
[2026-02-06 21:35:19,222 cli_analyse INFO] updating paths in analysis/4_caprieval_analysis/capri_ss.tsv
[2026-02-06 21:35:19,222 cli_analyse INFO] View the results in analysis/4_caprieval_analysis/report.html
[2026-02-06 21:35:19,222 cli_analyse INFO] To view structures or download the structure files, in a terminal run the command `python -m http.server --directory /mnt/Data/PopOS/Data_Ana/Wu/clawdPorjects/HADDOCK_test/results_full/run_refold_9BLL_Epi`. By default, http server runs on `http://0.0.0.0:8000/`. Open the link http://0.0.0.0:8000/analysis/4_caprieval_analysis/report.html in a web browser.
[2026-02-06 21:35:19,222 cli_traceback INFO] Running haddock3-traceback on ./
[2026-02-06 21:35:19,222 cli_traceback INFO] Reading input run directory
[2026-02-06 21:35:19,222 cli_traceback INFO] All_steps: 0_topoaa, 1_rigidbody, 2_flexref, 3_emref, 4_caprieval
[2026-02-06 21:35:19,222 cli_traceback INFO] Modules not to be analysed: 0_topoaa, 4_caprieval
[2026-02-06 21:35:19,222 cli_traceback INFO] Steps to trace back: 1_rigidbody, 2_flexref, 3_emref
[2026-02-06 21:35:19,222 cli_traceback INFO] Created directory: /mnt/Data/PopOS/Data_Ana/Wu/clawdPorjects/HADDOCK_test/results_full/run_refold_9BLL_Epi/traceback
[2026-02-06 21:35:19,222 cli_traceback INFO] Tracing back step 3_emref
[2026-02-06 21:35:19,224 cli_traceback INFO] Tracing back step 2_flexref
[2026-02-06 21:35:19,226 cli_traceback INFO] Tracing back step 1_rigidbody
[2026-02-06 21:35:19,230 cli_traceback INFO] Output dataframe traceback/traceback.tsv created with shape (20, 8)
[2026-02-06 21:35:19,256 clean_steps INFO] Cleaning output for '0_topoaa' using 20 cores.
[2026-02-06 21:35:19,356 libtimer INFO] cleaning output files took 0 seconds
[2026-02-06 21:35:19,356 clean_steps INFO] Cleaning output for '1_rigidbody' using 20 cores.
[2026-02-06 21:35:19,449 libtimer INFO] cleaning output files took 0 seconds
[2026-02-06 21:35:19,450 clean_steps INFO] Cleaning output for '2_flexref' using 20 cores.
[2026-02-06 21:35:19,540 libtimer INFO] cleaning output files took 0 seconds
[2026-02-06 21:35:19,541 clean_steps INFO] Cleaning output for '3_emref' using 20 cores.
[2026-02-06 21:35:19,630 libtimer INFO] cleaning output files took 0 seconds
[2026-02-06 21:35:19,630 clean_steps INFO] Cleaning output for '4_caprieval' using 20 cores.
[2026-02-06 21:35:19,640 libtimer INFO] cleaning output files took 0 seconds
[2026-02-06 21:35:19,640 cli INFO] This HADDOCK3 run took: 1 minute and 7 seconds
[2026-02-06 21:35:19,640 greetings INFO] Your feedback matters in Haddock3! Share your experience and help us grow:
[2026-02-06 21:35:19,640 greetings INFO] GitHub issues: https://github.com/haddocking/haddock3/issues
[2026-02-06 21:35:19,640 greetings INFO] BioExcel feedback: https://www.bonvinlab.org/feedback
[2026-02-06 21:35:19,640 greetings INFO] BioExcel forum: https://ask.bioexcel.eu/c/haddock/6
[2026-02-06 21:35:19,640 cli INFO] Finished at 06/02/2026 21:35:19. Do pobachennya! Adéu-siau! La revedere!
