[2026-02-13 11:16:22,264 cli INFO] 
##############################################
#                                            #
#                 HADDOCK3                   #
#                                            #
##############################################

!! Some of the HADDOCK3 components use CNS (Crystallographic and NMR System) which is free of use for non-profit applications. !!
!! For commercial use it is your own responsibility to have a proper license. !!
!! For details refer to the DISCLAIMER file in the HADDOCK3 repository. !!

Starting HADDOCK3 v2024.10.0b7 on 2026-02-13 11:16:00

Python 3.10.12 (main, Feb  4 2025, 14:57:36) [GCC 11.4.0]

[2026-02-13 11:16:26,064 libworkflow INFO] Reading instructions step 0_topoaa
[2026-02-13 11:16:26,064 libworkflow INFO] Reading instructions step 1_rigidbody
[2026-02-13 11:16:26,065 libworkflow INFO] Reading instructions step 2_flexref
[2026-02-13 11:16:26,065 libworkflow INFO] Reading instructions step 3_emref
[2026-02-13 11:16:26,079 base_cns_module INFO] Running [topoaa] module
[2026-02-13 11:16:26,079 __init__ INFO] [topoaa] Molecule 1: receptor_single_Neg_CCGTTTCCAAGTAAAC-1_contig_1_1.pdb
[2026-02-13 11:16:26,081 __init__ INFO] [topoaa] Sanitizing molecule receptor_single_Neg_CCGTTTCCAAGTAAAC-1_contig_1_1.pdb
[2026-02-13 11:16:26,088 __init__ INFO] [topoaa] Topology CNS input created
[2026-02-13 11:16:26,088 __init__ INFO] [topoaa] Molecule 2: ligand_single_Neg_CCGTTTCCAAGTAAAC-1_contig_1_1.pdb
[2026-02-13 11:16:26,089 __init__ INFO] [topoaa] Sanitizing molecule ligand_single_Neg_CCGTTTCCAAGTAAAC-1_contig_1_1.pdb
[2026-02-13 11:16:26,095 __init__ INFO] [topoaa] Topology CNS input created
[2026-02-13 11:16:26,095 __init__ INFO] [topoaa] Running CNS Jobs n=2
[2026-02-13 11:16:26,096 libutil INFO] Selected 2 cores to process 2 jobs, with 32 maximum available cores.
[2026-02-13 11:16:26,097 libparallel INFO] Using 2 cores
[2026-02-13 11:16:29,349 libparallel INFO] 2 tasks finished
[2026-02-13 11:16:29,349 __init__ INFO] [topoaa] CNS jobs have finished
[2026-02-13 11:16:29,351 base_cns_module INFO] Module [topoaa] finished.
[2026-02-13 11:16:29,351 __init__ INFO] [topoaa] took 3 seconds
[2026-02-13 11:16:29,697 base_cns_module INFO] Running [rigidbody] module
[2026-02-13 11:16:29,698 __init__ INFO] [rigidbody] crossdock=true
[2026-02-13 11:16:29,698 __init__ INFO] [rigidbody] Preparing jobs...
[2026-02-13 11:16:29,700 libutil INFO] Selected 20 cores to process 20 jobs, with 32 maximum available cores.
[2026-02-13 11:16:29,700 libparallel INFO] Using 20 cores
[2026-02-13 11:16:29,729 libparallel INFO] 20 tasks finished
[2026-02-13 11:16:29,729 __init__ INFO] [rigidbody] Preparation took 0.031535 seconds
[2026-02-13 11:16:29,731 __init__ INFO] [rigidbody] Running CNS Jobs n=20
[2026-02-13 11:16:29,731 libutil INFO] Selected 20 cores to process 20 jobs, with 32 maximum available cores.
[2026-02-13 11:16:29,731 libparallel INFO] Using 20 cores
[2026-02-13 11:16:40,496 libparallel INFO] 20 tasks finished
[2026-02-13 11:16:40,496 __init__ INFO] [rigidbody] CNS jobs have finished
[2026-02-13 11:16:40,534 base_cns_module INFO] Module [rigidbody] finished.
[2026-02-13 11:16:40,534 __init__ INFO] [rigidbody] took 11 seconds
[2026-02-13 11:16:40,919 base_cns_module INFO] Running [flexref] module
[2026-02-13 11:16:40,978 __init__ INFO] [flexref] Running CNS Jobs n=20
[2026-02-13 11:16:40,979 libutil INFO] Selected 20 cores to process 20 jobs, with 32 maximum available cores.
[2026-02-13 11:16:40,979 libparallel INFO] Using 20 cores
[2026-02-13 11:18:14,799 libparallel INFO] 20 tasks finished
[2026-02-13 11:18:14,799 __init__ INFO] [flexref] CNS jobs have finished
[2026-02-13 11:18:14,826 base_cns_module INFO] Module [flexref] finished.
[2026-02-13 11:18:14,827 __init__ INFO] [flexref] took 1 minute and 34 seconds
[2026-02-13 11:18:15,174 base_cns_module INFO] Running [emref] module
[2026-02-13 11:18:15,232 __init__ INFO] [emref] Running CNS Jobs n=20
[2026-02-13 11:18:15,232 libutil INFO] Selected 20 cores to process 20 jobs, with 32 maximum available cores.
[2026-02-13 11:18:15,232 libparallel INFO] Using 20 cores
[2026-02-13 11:18:22,405 libparallel INFO] 20 tasks finished
[2026-02-13 11:18:22,406 __init__ INFO] [emref] CNS jobs have finished
[2026-02-13 11:18:22,452 base_cns_module INFO] Module [emref] finished.
[2026-02-13 11:18:22,453 __init__ INFO] [emref] took 7 seconds
[2026-02-13 11:18:22,453 cli_analyse INFO] Running haddock3-analyse on ./, modules [], with top_cluster = 10
[2026-02-13 11:18:22,464 cli_analyse INFO] Created directory: /mnt/Data/PopOS/Data_Ana/Wu/clawdPorjects/HADDOCK_test/results/run_Neg_CCGTTTCCAAGTAAAC-1_contig_1_1/analysis
[2026-02-13 11:18:22,464 cli_analyse INFO] Reading input run directory
[2026-02-13 11:18:22,465 cli_analyse INFO] selected steps: 0_topoaa, 1_rigidbody, 2_flexref, 3_emref
[2026-02-13 11:18:22,465 cli_analyse INFO] Analysing step 0_topoaa
[2026-02-13 11:18:22,465 cli_analyse WARNING] Could not execute the analysis for step 0_topoaa. The following error occurred 'dict' object has no attribute 'rel_path'
[2026-02-13 11:18:22,466 cli_analyse INFO] Analysing step 1_rigidbody
[2026-02-13 11:18:22,467 cli_unpack INFO] Unpacking '../1_rigidbody' folder
[2026-02-13 11:18:22,468 libtimer INFO] unpacking took 0 seconds
[2026-02-13 11:18:22,481 capri INFO] Found previous CNS step: 1_rigidbody
[2026-02-13 11:18:22,588 capri INFO] Saved scoring weights to: weights_params.json
[2026-02-13 11:18:22,588 __init__ INFO] [caprieval] No reference structure provided. Using the structure with the lowest score from previous step
[2026-02-13 11:18:22,675 libutil INFO] Selected 20 cores to process 20 jobs, with 32 maximum available cores.
[2026-02-13 11:18:22,675 libparallel INFO] Using 20 cores
[2026-02-13 11:18:23,251 libparallel INFO] 20 tasks finished
[2026-02-13 11:18:23,251 capri INFO] Rearranging cluster information into capri_clt.tsv
[2026-02-13 11:18:23,256 cli_clean INFO] Compressing '../1_rigidbody' folder
[2026-02-13 11:18:23,256 clean_steps INFO] Cleaning output for '../1_rigidbody' using 20 cores.
[2026-02-13 11:18:23,376 libtimer INFO] compressing took 0 seconds
[2026-02-13 11:18:23,376 cli_analyse INFO] CAPRI files identified
[2026-02-13 11:18:23,378 cli_analyse INFO] Plotting results..
[2026-02-13 11:18:24,604 cli_analyse INFO] Summary archive summary.tgz created!
[2026-02-13 11:18:24,605 cli_analyse INFO] Analysing step 2_flexref
[2026-02-13 11:18:24,607 cli_unpack INFO] Unpacking '../2_flexref' folder
[2026-02-13 11:18:24,607 libtimer INFO] unpacking took 0 seconds
[2026-02-13 11:18:24,620 capri INFO] Found previous CNS step: 2_flexref
[2026-02-13 11:18:24,856 capri INFO] Saved scoring weights to: weights_params.json
[2026-02-13 11:18:24,856 __init__ INFO] [caprieval] No reference structure provided. Using the structure with the lowest score from previous step
[2026-02-13 11:18:24,944 libutil INFO] Selected 20 cores to process 20 jobs, with 32 maximum available cores.
[2026-02-13 11:18:24,945 libparallel INFO] Using 20 cores
[2026-02-13 11:18:25,330 libparallel INFO] 20 tasks finished
[2026-02-13 11:18:25,331 capri INFO] Rearranging cluster information into capri_clt.tsv
[2026-02-13 11:18:25,339 cli_clean INFO] Compressing '../2_flexref' folder
[2026-02-13 11:18:25,339 clean_steps INFO] Cleaning output for '../2_flexref' using 20 cores.
[2026-02-13 11:18:25,466 libtimer INFO] compressing took 0 seconds
[2026-02-13 11:18:25,466 cli_analyse INFO] CAPRI files identified
[2026-02-13 11:18:25,468 cli_analyse INFO] Plotting results..
[2026-02-13 11:18:26,596 cli_analyse INFO] Summary archive summary.tgz created!
[2026-02-13 11:18:26,597 cli_analyse INFO] Analysing step 3_emref
[2026-02-13 11:18:26,599 cli_unpack INFO] Unpacking '../3_emref' folder
[2026-02-13 11:18:26,599 libtimer INFO] unpacking took 0 seconds
[2026-02-13 11:18:26,612 capri INFO] Found previous CNS step: 3_emref
[2026-02-13 11:18:26,713 capri INFO] Saved scoring weights to: weights_params.json
[2026-02-13 11:18:26,713 __init__ INFO] [caprieval] No reference structure provided. Using the structure with the lowest score from previous step
[2026-02-13 11:18:26,799 libutil INFO] Selected 20 cores to process 20 jobs, with 32 maximum available cores.
[2026-02-13 11:18:26,800 libparallel INFO] Using 20 cores
[2026-02-13 11:18:27,207 libparallel INFO] 20 tasks finished
[2026-02-13 11:18:27,208 capri INFO] Rearranging cluster information into capri_clt.tsv
[2026-02-13 11:18:27,212 cli_clean INFO] Compressing '../3_emref' folder
[2026-02-13 11:18:27,212 clean_steps INFO] Cleaning output for '../3_emref' using 20 cores.
[2026-02-13 11:18:27,338 libtimer INFO] compressing took 0 seconds
[2026-02-13 11:18:27,339 cli_analyse INFO] CAPRI files identified
[2026-02-13 11:18:27,340 cli_analyse INFO] Plotting results..
[2026-02-13 11:18:28,459 cli_analyse INFO] Summary archive summary.tgz created!
[2026-02-13 11:18:28,459 cli_analyse INFO] moving files to analysis folder
[2026-02-13 11:18:28,459 cli_analyse INFO] cancelling unsuccesful analysis folders
[2026-02-13 11:18:28,460 cli_analyse INFO] updating paths in analysis/1_rigidbody_analysis/capri_ss.tsv
[2026-02-13 11:18:28,460 cli_analyse INFO] View the results in analysis/1_rigidbody_analysis/report.html
[2026-02-13 11:18:28,460 cli_analyse INFO] To view structures or download the structure files, in a terminal run the command `python -m http.server --directory /mnt/Data/PopOS/Data_Ana/Wu/clawdPorjects/HADDOCK_test/results/run_Neg_CCGTTTCCAAGTAAAC-1_contig_1_1`. By default, http server runs on `http://0.0.0.0:8000/`. Open the link http://0.0.0.0:8000/analysis/1_rigidbody_analysis/report.html in a web browser.
[2026-02-13 11:18:28,460 cli_analyse INFO] updating paths in analysis/2_flexref_analysis/capri_ss.tsv
[2026-02-13 11:18:28,460 cli_analyse INFO] View the results in analysis/2_flexref_analysis/report.html
[2026-02-13 11:18:28,460 cli_analyse INFO] To view structures or download the structure files, in a terminal run the command `python -m http.server --directory /mnt/Data/PopOS/Data_Ana/Wu/clawdPorjects/HADDOCK_test/results/run_Neg_CCGTTTCCAAGTAAAC-1_contig_1_1`. By default, http server runs on `http://0.0.0.0:8000/`. Open the link http://0.0.0.0:8000/analysis/2_flexref_analysis/report.html in a web browser.
[2026-02-13 11:18:28,460 cli_analyse INFO] updating paths in analysis/3_emref_analysis/capri_ss.tsv
[2026-02-13 11:18:28,460 cli_analyse INFO] View the results in analysis/3_emref_analysis/report.html
[2026-02-13 11:18:28,460 cli_analyse INFO] To view structures or download the structure files, in a terminal run the command `python -m http.server --directory /mnt/Data/PopOS/Data_Ana/Wu/clawdPorjects/HADDOCK_test/results/run_Neg_CCGTTTCCAAGTAAAC-1_contig_1_1`. By default, http server runs on `http://0.0.0.0:8000/`. Open the link http://0.0.0.0:8000/analysis/3_emref_analysis/report.html in a web browser.
[2026-02-13 11:18:28,460 cli_traceback INFO] Running haddock3-traceback on ./
[2026-02-13 11:18:28,460 cli_traceback INFO] Reading input run directory
[2026-02-13 11:18:28,460 cli_traceback INFO] All_steps: 0_topoaa, 1_rigidbody, 2_flexref, 3_emref
[2026-02-13 11:18:28,461 cli_traceback INFO] Modules not to be analysed: 0_topoaa
[2026-02-13 11:18:28,461 cli_traceback INFO] Steps to trace back: 1_rigidbody, 2_flexref, 3_emref
[2026-02-13 11:18:28,461 cli_traceback INFO] Created directory: /mnt/Data/PopOS/Data_Ana/Wu/clawdPorjects/HADDOCK_test/results/run_Neg_CCGTTTCCAAGTAAAC-1_contig_1_1/traceback
[2026-02-13 11:18:28,461 cli_traceback INFO] Tracing back step 3_emref
[2026-02-13 11:18:28,463 cli_traceback INFO] Tracing back step 2_flexref
[2026-02-13 11:18:28,465 cli_traceback INFO] Tracing back step 1_rigidbody
[2026-02-13 11:18:28,469 cli_traceback INFO] Output dataframe traceback/traceback.tsv created with shape (20, 8)
[2026-02-13 11:18:28,496 clean_steps INFO] Cleaning output for '0_topoaa' using 20 cores.
[2026-02-13 11:18:28,639 libtimer INFO] cleaning output files took 0 seconds
[2026-02-13 11:18:28,639 clean_steps INFO] Cleaning output for '1_rigidbody' using 20 cores.
[2026-02-13 11:18:28,656 libtimer INFO] cleaning output files took 0 seconds
[2026-02-13 11:18:28,656 clean_steps INFO] Cleaning output for '2_flexref' using 20 cores.
[2026-02-13 11:18:28,674 libtimer INFO] cleaning output files took 0 seconds
[2026-02-13 11:18:28,674 clean_steps INFO] Cleaning output for '3_emref' using 20 cores.
[2026-02-13 11:18:28,691 libtimer INFO] cleaning output files took 0 seconds
[2026-02-13 11:18:28,691 cli INFO] This HADDOCK3 run took: 2 minutes and 6 seconds
[2026-02-13 11:18:28,692 greetings INFO] Your feedback matters in Haddock3! Share your experience and help us grow:
[2026-02-13 11:18:28,692 greetings INFO] GitHub issues: https://github.com/haddocking/haddock3/issues
[2026-02-13 11:18:28,692 greetings INFO] BioExcel feedback: https://www.bonvinlab.org/feedback
[2026-02-13 11:18:28,692 greetings INFO] BioExcel forum: https://ask.bioexcel.eu/c/haddock/6
[2026-02-13 11:18:28,692 cli INFO] Finished at 13/02/2026 11:18:28. Até logo! Agur! Good bye!
