[2026-02-13 12:07:05,971 cli INFO] 
##############################################
#                                            #
#                 HADDOCK3                   #
#                                            #
##############################################

!! Some of the HADDOCK3 components use CNS (Crystallographic and NMR System) which is free of use for non-profit applications. !!
!! For commercial use it is your own responsibility to have a proper license. !!
!! For details refer to the DISCLAIMER file in the HADDOCK3 repository. !!

Starting HADDOCK3 v2024.10.0b7 on 2026-02-13 12:07:00

Python 3.10.12 (main, Feb  4 2025, 14:57:36) [GCC 11.4.0]

[2026-02-13 12:07:09,679 libworkflow INFO] Reading instructions step 0_topoaa
[2026-02-13 12:07:09,679 libworkflow INFO] Reading instructions step 1_rigidbody
[2026-02-13 12:07:09,679 libworkflow INFO] Reading instructions step 2_flexref
[2026-02-13 12:07:09,679 libworkflow INFO] Reading instructions step 3_emref
[2026-02-13 12:07:09,693 base_cns_module INFO] Running [topoaa] module
[2026-02-13 12:07:09,693 __init__ INFO] [topoaa] Molecule 1: receptor_single_Pos_AAGGGAGCAATTAATC-1_contig_1_1.pdb
[2026-02-13 12:07:09,695 __init__ INFO] [topoaa] Sanitizing molecule receptor_single_Pos_AAGGGAGCAATTAATC-1_contig_1_1.pdb
[2026-02-13 12:07:09,702 __init__ INFO] [topoaa] Topology CNS input created
[2026-02-13 12:07:09,702 __init__ INFO] [topoaa] Molecule 2: ligand_single_Pos_AAGGGAGCAATTAATC-1_contig_1_1.pdb
[2026-02-13 12:07:09,704 __init__ INFO] [topoaa] Sanitizing molecule ligand_single_Pos_AAGGGAGCAATTAATC-1_contig_1_1.pdb
[2026-02-13 12:07:09,710 __init__ INFO] [topoaa] Topology CNS input created
[2026-02-13 12:07:09,711 __init__ INFO] [topoaa] Running CNS Jobs n=2
[2026-02-13 12:07:09,711 libutil INFO] Selected 2 cores to process 2 jobs, with 32 maximum available cores.
[2026-02-13 12:07:09,712 libparallel INFO] Using 2 cores
[2026-02-13 12:07:12,950 libparallel INFO] 2 tasks finished
[2026-02-13 12:07:12,950 __init__ INFO] [topoaa] CNS jobs have finished
[2026-02-13 12:07:12,952 base_cns_module INFO] Module [topoaa] finished.
[2026-02-13 12:07:12,952 __init__ INFO] [topoaa] took 3 seconds
[2026-02-13 12:07:13,286 base_cns_module INFO] Running [rigidbody] module
[2026-02-13 12:07:13,287 __init__ INFO] [rigidbody] crossdock=true
[2026-02-13 12:07:13,287 __init__ INFO] [rigidbody] Preparing jobs...
[2026-02-13 12:07:13,289 libutil INFO] Selected 20 cores to process 20 jobs, with 32 maximum available cores.
[2026-02-13 12:07:13,289 libparallel INFO] Using 20 cores
[2026-02-13 12:07:13,315 libparallel INFO] 20 tasks finished
[2026-02-13 12:07:13,316 __init__ INFO] [rigidbody] Preparation took 0.028626 seconds
[2026-02-13 12:07:13,317 __init__ INFO] [rigidbody] Running CNS Jobs n=20
[2026-02-13 12:07:13,317 libutil INFO] Selected 20 cores to process 20 jobs, with 32 maximum available cores.
[2026-02-13 12:07:13,318 libparallel INFO] Using 20 cores
[2026-02-13 12:07:24,089 libparallel INFO] 20 tasks finished
[2026-02-13 12:07:24,089 __init__ INFO] [rigidbody] CNS jobs have finished
[2026-02-13 12:07:24,118 base_cns_module INFO] Module [rigidbody] finished.
[2026-02-13 12:07:24,118 __init__ INFO] [rigidbody] took 11 seconds
[2026-02-13 12:07:24,494 base_cns_module INFO] Running [flexref] module
[2026-02-13 12:07:24,552 __init__ INFO] [flexref] Running CNS Jobs n=20
[2026-02-13 12:07:24,552 libutil INFO] Selected 20 cores to process 20 jobs, with 32 maximum available cores.
[2026-02-13 12:07:24,552 libparallel INFO] Using 20 cores
[2026-02-13 12:08:59,814 libparallel INFO] 20 tasks finished
[2026-02-13 12:08:59,814 __init__ INFO] [flexref] CNS jobs have finished
[2026-02-13 12:08:59,873 base_cns_module INFO] Module [flexref] finished.
[2026-02-13 12:08:59,874 __init__ INFO] [flexref] took 1 minute and 35 seconds
[2026-02-13 12:09:00,224 base_cns_module INFO] Running [emref] module
[2026-02-13 12:09:00,280 __init__ INFO] [emref] Running CNS Jobs n=20
[2026-02-13 12:09:00,281 libutil INFO] Selected 20 cores to process 20 jobs, with 32 maximum available cores.
[2026-02-13 12:09:00,281 libparallel INFO] Using 20 cores
[2026-02-13 12:09:07,506 libparallel INFO] 20 tasks finished
[2026-02-13 12:09:07,506 __init__ INFO] [emref] CNS jobs have finished
[2026-02-13 12:09:07,538 base_cns_module INFO] Module [emref] finished.
[2026-02-13 12:09:07,538 __init__ INFO] [emref] took 7 seconds
[2026-02-13 12:09:07,538 cli_analyse INFO] Running haddock3-analyse on ./, modules [], with top_cluster = 10
[2026-02-13 12:09:07,545 cli_analyse INFO] Created directory: /mnt/Data/PopOS/Data_Ana/Wu/clawdPorjects/HADDOCK_test/results/run_Pos_AAGGGAGCAATTAATC-1_contig_1_1/analysis
[2026-02-13 12:09:07,545 cli_analyse INFO] Reading input run directory
[2026-02-13 12:09:07,545 cli_analyse INFO] selected steps: 0_topoaa, 1_rigidbody, 2_flexref, 3_emref
[2026-02-13 12:09:07,546 cli_analyse INFO] Analysing step 0_topoaa
[2026-02-13 12:09:07,546 cli_analyse WARNING] Could not execute the analysis for step 0_topoaa. The following error occurred 'dict' object has no attribute 'rel_path'
[2026-02-13 12:09:07,546 cli_analyse INFO] Analysing step 1_rigidbody
[2026-02-13 12:09:07,547 cli_unpack INFO] Unpacking '../1_rigidbody' folder
[2026-02-13 12:09:07,548 libtimer INFO] unpacking took 0 seconds
[2026-02-13 12:09:07,560 capri INFO] Found previous CNS step: 1_rigidbody
[2026-02-13 12:09:07,669 capri INFO] Saved scoring weights to: weights_params.json
[2026-02-13 12:09:07,669 __init__ INFO] [caprieval] No reference structure provided. Using the structure with the lowest score from previous step
[2026-02-13 12:09:07,752 libutil INFO] Selected 20 cores to process 20 jobs, with 32 maximum available cores.
[2026-02-13 12:09:07,752 libparallel INFO] Using 20 cores
[2026-02-13 12:09:08,241 libparallel INFO] 20 tasks finished
[2026-02-13 12:09:08,242 capri INFO] Rearranging cluster information into capri_clt.tsv
[2026-02-13 12:09:08,246 cli_clean INFO] Compressing '../1_rigidbody' folder
[2026-02-13 12:09:08,246 clean_steps INFO] Cleaning output for '../1_rigidbody' using 20 cores.
[2026-02-13 12:09:08,377 libtimer INFO] compressing took 0 seconds
[2026-02-13 12:09:08,377 cli_analyse INFO] CAPRI files identified
[2026-02-13 12:09:08,380 cli_analyse INFO] Plotting results..
[2026-02-13 12:09:09,662 cli_analyse INFO] Summary archive summary.tgz created!
[2026-02-13 12:09:09,662 cli_analyse INFO] Analysing step 2_flexref
[2026-02-13 12:09:09,664 cli_unpack INFO] Unpacking '../2_flexref' folder
[2026-02-13 12:09:09,665 libtimer INFO] unpacking took 0 seconds
[2026-02-13 12:09:09,678 capri INFO] Found previous CNS step: 2_flexref
[2026-02-13 12:09:09,915 capri INFO] Saved scoring weights to: weights_params.json
[2026-02-13 12:09:09,915 __init__ INFO] [caprieval] No reference structure provided. Using the structure with the lowest score from previous step
[2026-02-13 12:09:10,001 libutil INFO] Selected 20 cores to process 20 jobs, with 32 maximum available cores.
[2026-02-13 12:09:10,001 libparallel INFO] Using 20 cores
[2026-02-13 12:09:10,386 libparallel INFO] 20 tasks finished
[2026-02-13 12:09:10,387 capri INFO] Rearranging cluster information into capri_clt.tsv
[2026-02-13 12:09:10,391 cli_clean INFO] Compressing '../2_flexref' folder
[2026-02-13 12:09:10,391 clean_steps INFO] Cleaning output for '../2_flexref' using 20 cores.
[2026-02-13 12:09:10,509 libtimer INFO] compressing took 0 seconds
[2026-02-13 12:09:10,510 cli_analyse INFO] CAPRI files identified
[2026-02-13 12:09:10,511 cli_analyse INFO] Plotting results..
[2026-02-13 12:09:11,657 cli_analyse INFO] Summary archive summary.tgz created!
[2026-02-13 12:09:11,657 cli_analyse INFO] Analysing step 3_emref
[2026-02-13 12:09:11,660 cli_unpack INFO] Unpacking '../3_emref' folder
[2026-02-13 12:09:11,660 libtimer INFO] unpacking took 0 seconds
[2026-02-13 12:09:11,673 capri INFO] Found previous CNS step: 3_emref
[2026-02-13 12:09:11,774 capri INFO] Saved scoring weights to: weights_params.json
[2026-02-13 12:09:11,774 __init__ INFO] [caprieval] No reference structure provided. Using the structure with the lowest score from previous step
[2026-02-13 12:09:11,858 libutil INFO] Selected 20 cores to process 20 jobs, with 32 maximum available cores.
[2026-02-13 12:09:11,859 libparallel INFO] Using 20 cores
[2026-02-13 12:09:12,247 libparallel INFO] 20 tasks finished
[2026-02-13 12:09:12,248 capri INFO] Rearranging cluster information into capri_clt.tsv
[2026-02-13 12:09:12,255 cli_clean INFO] Compressing '../3_emref' folder
[2026-02-13 12:09:12,256 clean_steps INFO] Cleaning output for '../3_emref' using 20 cores.
[2026-02-13 12:09:12,380 libtimer INFO] compressing took 0 seconds
[2026-02-13 12:09:12,380 cli_analyse INFO] CAPRI files identified
[2026-02-13 12:09:12,382 cli_analyse INFO] Plotting results..
[2026-02-13 12:09:13,515 cli_analyse INFO] Summary archive summary.tgz created!
[2026-02-13 12:09:13,515 cli_analyse INFO] moving files to analysis folder
[2026-02-13 12:09:13,516 cli_analyse INFO] cancelling unsuccesful analysis folders
[2026-02-13 12:09:13,516 cli_analyse INFO] updating paths in analysis/1_rigidbody_analysis/capri_ss.tsv
[2026-02-13 12:09:13,516 cli_analyse INFO] View the results in analysis/1_rigidbody_analysis/report.html
[2026-02-13 12:09:13,516 cli_analyse INFO] To view structures or download the structure files, in a terminal run the command `python -m http.server --directory /mnt/Data/PopOS/Data_Ana/Wu/clawdPorjects/HADDOCK_test/results/run_Pos_AAGGGAGCAATTAATC-1_contig_1_1`. By default, http server runs on `http://0.0.0.0:8000/`. Open the link http://0.0.0.0:8000/analysis/1_rigidbody_analysis/report.html in a web browser.
[2026-02-13 12:09:13,516 cli_analyse INFO] updating paths in analysis/2_flexref_analysis/capri_ss.tsv
[2026-02-13 12:09:13,516 cli_analyse INFO] View the results in analysis/2_flexref_analysis/report.html
[2026-02-13 12:09:13,516 cli_analyse INFO] To view structures or download the structure files, in a terminal run the command `python -m http.server --directory /mnt/Data/PopOS/Data_Ana/Wu/clawdPorjects/HADDOCK_test/results/run_Pos_AAGGGAGCAATTAATC-1_contig_1_1`. By default, http server runs on `http://0.0.0.0:8000/`. Open the link http://0.0.0.0:8000/analysis/2_flexref_analysis/report.html in a web browser.
[2026-02-13 12:09:13,516 cli_analyse INFO] updating paths in analysis/3_emref_analysis/capri_ss.tsv
[2026-02-13 12:09:13,516 cli_analyse INFO] View the results in analysis/3_emref_analysis/report.html
[2026-02-13 12:09:13,516 cli_analyse INFO] To view structures or download the structure files, in a terminal run the command `python -m http.server --directory /mnt/Data/PopOS/Data_Ana/Wu/clawdPorjects/HADDOCK_test/results/run_Pos_AAGGGAGCAATTAATC-1_contig_1_1`. By default, http server runs on `http://0.0.0.0:8000/`. Open the link http://0.0.0.0:8000/analysis/3_emref_analysis/report.html in a web browser.
[2026-02-13 12:09:13,516 cli_traceback INFO] Running haddock3-traceback on ./
[2026-02-13 12:09:13,516 cli_traceback INFO] Reading input run directory
[2026-02-13 12:09:13,516 cli_traceback INFO] All_steps: 0_topoaa, 1_rigidbody, 2_flexref, 3_emref
[2026-02-13 12:09:13,517 cli_traceback INFO] Modules not to be analysed: 0_topoaa
[2026-02-13 12:09:13,517 cli_traceback INFO] Steps to trace back: 1_rigidbody, 2_flexref, 3_emref
[2026-02-13 12:09:13,517 cli_traceback INFO] Created directory: /mnt/Data/PopOS/Data_Ana/Wu/clawdPorjects/HADDOCK_test/results/run_Pos_AAGGGAGCAATTAATC-1_contig_1_1/traceback
[2026-02-13 12:09:13,517 cli_traceback INFO] Tracing back step 3_emref
[2026-02-13 12:09:13,519 cli_traceback INFO] Tracing back step 2_flexref
[2026-02-13 12:09:13,521 cli_traceback INFO] Tracing back step 1_rigidbody
[2026-02-13 12:09:13,525 cli_traceback INFO] Output dataframe traceback/traceback.tsv created with shape (20, 8)
[2026-02-13 12:09:13,551 clean_steps INFO] Cleaning output for '0_topoaa' using 20 cores.
[2026-02-13 12:09:13,688 libtimer INFO] cleaning output files took 0 seconds
[2026-02-13 12:09:13,688 clean_steps INFO] Cleaning output for '1_rigidbody' using 20 cores.
[2026-02-13 12:09:13,699 libtimer INFO] cleaning output files took 0 seconds
[2026-02-13 12:09:13,699 clean_steps INFO] Cleaning output for '2_flexref' using 20 cores.
[2026-02-13 12:09:13,712 libtimer INFO] cleaning output files took 0 seconds
[2026-02-13 12:09:13,712 clean_steps INFO] Cleaning output for '3_emref' using 20 cores.
[2026-02-13 12:09:13,726 libtimer INFO] cleaning output files took 0 seconds
[2026-02-13 12:09:13,726 cli INFO] This HADDOCK3 run took: 2 minutes and 8 seconds
[2026-02-13 12:09:13,727 greetings INFO] Your feedback matters in Haddock3! Share your experience and help us grow:
[2026-02-13 12:09:13,727 greetings INFO] GitHub issues: https://github.com/haddocking/haddock3/issues
[2026-02-13 12:09:13,727 greetings INFO] BioExcel feedback: https://www.bonvinlab.org/feedback
[2026-02-13 12:09:13,727 greetings INFO] BioExcel forum: https://ask.bioexcel.eu/c/haddock/6
[2026-02-13 12:09:13,727 cli INFO] Finished at 13/02/2026 12:09:13. Tchau! Até logo! Adiós!
