[2026-02-13 10:57:12,382 cli INFO] 
##############################################
#                                            #
#                 HADDOCK3                   #
#                                            #
##############################################

!! Some of the HADDOCK3 components use CNS (Crystallographic and NMR System) which is free of use for non-profit applications. !!
!! For commercial use it is your own responsibility to have a proper license. !!
!! For details refer to the DISCLAIMER file in the HADDOCK3 repository. !!

Starting HADDOCK3 v2024.10.0b7 on 2026-02-13 10:57:00

Python 3.10.12 (main, Feb  4 2025, 14:57:36) [GCC 11.4.0]

[2026-02-13 10:57:16,167 libworkflow INFO] Reading instructions step 0_topoaa
[2026-02-13 10:57:16,167 libworkflow INFO] Reading instructions step 1_rigidbody
[2026-02-13 10:57:16,167 libworkflow INFO] Reading instructions step 2_flexref
[2026-02-13 10:57:16,167 libworkflow INFO] Reading instructions step 3_emref
[2026-02-13 10:57:16,182 base_cns_module INFO] Running [topoaa] module
[2026-02-13 10:57:16,182 __init__ INFO] [topoaa] Molecule 1: receptor_single_Neg_CAAGGCGCAGCAACTT-1_contig_1_1.pdb
[2026-02-13 10:57:16,183 __init__ INFO] [topoaa] Sanitizing molecule receptor_single_Neg_CAAGGCGCAGCAACTT-1_contig_1_1.pdb
[2026-02-13 10:57:16,191 __init__ INFO] [topoaa] Topology CNS input created
[2026-02-13 10:57:16,191 __init__ INFO] [topoaa] Molecule 2: ligand_single_Neg_CAAGGCGCAGCAACTT-1_contig_1_1.pdb
[2026-02-13 10:57:16,192 __init__ INFO] [topoaa] Sanitizing molecule ligand_single_Neg_CAAGGCGCAGCAACTT-1_contig_1_1.pdb
[2026-02-13 10:57:16,198 __init__ INFO] [topoaa] Topology CNS input created
[2026-02-13 10:57:16,198 __init__ INFO] [topoaa] Running CNS Jobs n=2
[2026-02-13 10:57:16,198 libutil INFO] Selected 2 cores to process 2 jobs, with 32 maximum available cores.
[2026-02-13 10:57:16,199 libparallel INFO] Using 2 cores
[2026-02-13 10:57:19,456 libparallel INFO] 2 tasks finished
[2026-02-13 10:57:19,456 __init__ INFO] [topoaa] CNS jobs have finished
[2026-02-13 10:57:19,458 base_cns_module INFO] Module [topoaa] finished.
[2026-02-13 10:57:19,458 __init__ INFO] [topoaa] took 3 seconds
[2026-02-13 10:57:19,803 base_cns_module INFO] Running [rigidbody] module
[2026-02-13 10:57:19,804 __init__ INFO] [rigidbody] crossdock=true
[2026-02-13 10:57:19,804 __init__ INFO] [rigidbody] Preparing jobs...
[2026-02-13 10:57:19,806 libutil INFO] Selected 20 cores to process 20 jobs, with 32 maximum available cores.
[2026-02-13 10:57:19,806 libparallel INFO] Using 20 cores
[2026-02-13 10:57:19,835 libparallel INFO] 20 tasks finished
[2026-02-13 10:57:19,835 __init__ INFO] [rigidbody] Preparation took 0.031739 seconds
[2026-02-13 10:57:19,837 __init__ INFO] [rigidbody] Running CNS Jobs n=20
[2026-02-13 10:57:19,837 libutil INFO] Selected 20 cores to process 20 jobs, with 32 maximum available cores.
[2026-02-13 10:57:19,837 libparallel INFO] Using 20 cores
[2026-02-13 10:57:30,852 libparallel INFO] 20 tasks finished
[2026-02-13 10:57:30,852 __init__ INFO] [rigidbody] CNS jobs have finished
[2026-02-13 10:57:30,879 base_cns_module INFO] Module [rigidbody] finished.
[2026-02-13 10:57:30,879 __init__ INFO] [rigidbody] took 11 seconds
[2026-02-13 10:57:31,266 base_cns_module INFO] Running [flexref] module
[2026-02-13 10:57:31,324 __init__ INFO] [flexref] Running CNS Jobs n=20
[2026-02-13 10:57:31,324 libutil INFO] Selected 20 cores to process 20 jobs, with 32 maximum available cores.
[2026-02-13 10:57:31,325 libparallel INFO] Using 20 cores
[2026-02-13 10:59:05,159 libparallel INFO] 20 tasks finished
[2026-02-13 10:59:05,160 __init__ INFO] [flexref] CNS jobs have finished
[2026-02-13 10:59:05,198 base_cns_module INFO] Module [flexref] finished.
[2026-02-13 10:59:05,198 __init__ INFO] [flexref] took 1 minute and 34 seconds
[2026-02-13 10:59:05,543 base_cns_module INFO] Running [emref] module
[2026-02-13 10:59:05,599 __init__ INFO] [emref] Running CNS Jobs n=20
[2026-02-13 10:59:05,599 libutil INFO] Selected 20 cores to process 20 jobs, with 32 maximum available cores.
[2026-02-13 10:59:05,599 libparallel INFO] Using 20 cores
[2026-02-13 10:59:12,674 libparallel INFO] 20 tasks finished
[2026-02-13 10:59:12,675 __init__ INFO] [emref] CNS jobs have finished
[2026-02-13 10:59:12,703 base_cns_module INFO] Module [emref] finished.
[2026-02-13 10:59:12,703 __init__ INFO] [emref] took 7 seconds
[2026-02-13 10:59:12,703 cli_analyse INFO] Running haddock3-analyse on ./, modules [], with top_cluster = 10
[2026-02-13 10:59:12,710 cli_analyse INFO] Created directory: /mnt/Data/PopOS/Data_Ana/Wu/clawdPorjects/HADDOCK_test/results/run_Neg_CAAGGCGCAGCAACTT-1_contig_1_1/analysis
[2026-02-13 10:59:12,710 cli_analyse INFO] Reading input run directory
[2026-02-13 10:59:12,710 cli_analyse INFO] selected steps: 0_topoaa, 1_rigidbody, 2_flexref, 3_emref
[2026-02-13 10:59:12,710 cli_analyse INFO] Analysing step 0_topoaa
[2026-02-13 10:59:12,710 cli_analyse WARNING] Could not execute the analysis for step 0_topoaa. The following error occurred 'dict' object has no attribute 'rel_path'
[2026-02-13 10:59:12,710 cli_analyse INFO] Analysing step 1_rigidbody
[2026-02-13 10:59:12,712 cli_unpack INFO] Unpacking '../1_rigidbody' folder
[2026-02-13 10:59:12,712 libtimer INFO] unpacking took 0 seconds
[2026-02-13 10:59:12,725 capri INFO] Found previous CNS step: 1_rigidbody
[2026-02-13 10:59:12,834 capri INFO] Saved scoring weights to: weights_params.json
[2026-02-13 10:59:12,834 __init__ INFO] [caprieval] No reference structure provided. Using the structure with the lowest score from previous step
[2026-02-13 10:59:12,917 libutil INFO] Selected 20 cores to process 20 jobs, with 32 maximum available cores.
[2026-02-13 10:59:12,918 libparallel INFO] Using 20 cores
[2026-02-13 10:59:13,343 libparallel INFO] 20 tasks finished
[2026-02-13 10:59:13,344 capri INFO] Rearranging cluster information into capri_clt.tsv
[2026-02-13 10:59:13,350 cli_clean INFO] Compressing '../1_rigidbody' folder
[2026-02-13 10:59:13,351 clean_steps INFO] Cleaning output for '../1_rigidbody' using 20 cores.
[2026-02-13 10:59:13,470 libtimer INFO] compressing took 0 seconds
[2026-02-13 10:59:13,470 cli_analyse INFO] CAPRI files identified
[2026-02-13 10:59:13,473 cli_analyse INFO] Plotting results..
[2026-02-13 10:59:14,681 cli_analyse INFO] Summary archive summary.tgz created!
[2026-02-13 10:59:14,681 cli_analyse INFO] Analysing step 2_flexref
[2026-02-13 10:59:14,683 cli_unpack INFO] Unpacking '../2_flexref' folder
[2026-02-13 10:59:14,683 libtimer INFO] unpacking took 0 seconds
[2026-02-13 10:59:14,697 capri INFO] Found previous CNS step: 2_flexref
[2026-02-13 10:59:14,935 capri INFO] Saved scoring weights to: weights_params.json
[2026-02-13 10:59:14,935 __init__ INFO] [caprieval] No reference structure provided. Using the structure with the lowest score from previous step
[2026-02-13 10:59:15,020 libutil INFO] Selected 20 cores to process 20 jobs, with 32 maximum available cores.
[2026-02-13 10:59:15,020 libparallel INFO] Using 20 cores
[2026-02-13 10:59:15,407 libparallel INFO] 20 tasks finished
[2026-02-13 10:59:15,408 capri INFO] Rearranging cluster information into capri_clt.tsv
[2026-02-13 10:59:15,415 cli_clean INFO] Compressing '../2_flexref' folder
[2026-02-13 10:59:15,415 clean_steps INFO] Cleaning output for '../2_flexref' using 20 cores.
[2026-02-13 10:59:15,541 libtimer INFO] compressing took 0 seconds
[2026-02-13 10:59:15,541 cli_analyse INFO] CAPRI files identified
[2026-02-13 10:59:15,542 cli_analyse INFO] Plotting results..
[2026-02-13 10:59:16,629 cli_analyse INFO] Summary archive summary.tgz created!
[2026-02-13 10:59:16,629 cli_analyse INFO] Analysing step 3_emref
[2026-02-13 10:59:16,631 cli_unpack INFO] Unpacking '../3_emref' folder
[2026-02-13 10:59:16,632 libtimer INFO] unpacking took 0 seconds
[2026-02-13 10:59:16,645 capri INFO] Found previous CNS step: 3_emref
[2026-02-13 10:59:16,747 capri INFO] Saved scoring weights to: weights_params.json
[2026-02-13 10:59:16,747 __init__ INFO] [caprieval] No reference structure provided. Using the structure with the lowest score from previous step
[2026-02-13 10:59:16,831 libutil INFO] Selected 20 cores to process 20 jobs, with 32 maximum available cores.
[2026-02-13 10:59:16,831 libparallel INFO] Using 20 cores
[2026-02-13 10:59:17,238 libparallel INFO] 20 tasks finished
[2026-02-13 10:59:17,239 capri INFO] Rearranging cluster information into capri_clt.tsv
[2026-02-13 10:59:17,243 cli_clean INFO] Compressing '../3_emref' folder
[2026-02-13 10:59:17,243 clean_steps INFO] Cleaning output for '../3_emref' using 20 cores.
[2026-02-13 10:59:17,361 libtimer INFO] compressing took 0 seconds
[2026-02-13 10:59:17,361 cli_analyse INFO] CAPRI files identified
[2026-02-13 10:59:17,363 cli_analyse INFO] Plotting results..
[2026-02-13 10:59:18,456 cli_analyse INFO] Summary archive summary.tgz created!
[2026-02-13 10:59:18,456 cli_analyse INFO] moving files to analysis folder
[2026-02-13 10:59:18,456 cli_analyse INFO] cancelling unsuccesful analysis folders
[2026-02-13 10:59:18,457 cli_analyse INFO] updating paths in analysis/1_rigidbody_analysis/capri_ss.tsv
[2026-02-13 10:59:18,457 cli_analyse INFO] View the results in analysis/1_rigidbody_analysis/report.html
[2026-02-13 10:59:18,457 cli_analyse INFO] To view structures or download the structure files, in a terminal run the command `python -m http.server --directory /mnt/Data/PopOS/Data_Ana/Wu/clawdPorjects/HADDOCK_test/results/run_Neg_CAAGGCGCAGCAACTT-1_contig_1_1`. By default, http server runs on `http://0.0.0.0:8000/`. Open the link http://0.0.0.0:8000/analysis/1_rigidbody_analysis/report.html in a web browser.
[2026-02-13 10:59:18,457 cli_analyse INFO] updating paths in analysis/2_flexref_analysis/capri_ss.tsv
[2026-02-13 10:59:18,457 cli_analyse INFO] View the results in analysis/2_flexref_analysis/report.html
[2026-02-13 10:59:18,457 cli_analyse INFO] To view structures or download the structure files, in a terminal run the command `python -m http.server --directory /mnt/Data/PopOS/Data_Ana/Wu/clawdPorjects/HADDOCK_test/results/run_Neg_CAAGGCGCAGCAACTT-1_contig_1_1`. By default, http server runs on `http://0.0.0.0:8000/`. Open the link http://0.0.0.0:8000/analysis/2_flexref_analysis/report.html in a web browser.
[2026-02-13 10:59:18,457 cli_analyse INFO] updating paths in analysis/3_emref_analysis/capri_ss.tsv
[2026-02-13 10:59:18,457 cli_analyse INFO] View the results in analysis/3_emref_analysis/report.html
[2026-02-13 10:59:18,457 cli_analyse INFO] To view structures or download the structure files, in a terminal run the command `python -m http.server --directory /mnt/Data/PopOS/Data_Ana/Wu/clawdPorjects/HADDOCK_test/results/run_Neg_CAAGGCGCAGCAACTT-1_contig_1_1`. By default, http server runs on `http://0.0.0.0:8000/`. Open the link http://0.0.0.0:8000/analysis/3_emref_analysis/report.html in a web browser.
[2026-02-13 10:59:18,457 cli_traceback INFO] Running haddock3-traceback on ./
[2026-02-13 10:59:18,457 cli_traceback INFO] Reading input run directory
[2026-02-13 10:59:18,457 cli_traceback INFO] All_steps: 0_topoaa, 1_rigidbody, 2_flexref, 3_emref
[2026-02-13 10:59:18,458 cli_traceback INFO] Modules not to be analysed: 0_topoaa
[2026-02-13 10:59:18,458 cli_traceback INFO] Steps to trace back: 1_rigidbody, 2_flexref, 3_emref
[2026-02-13 10:59:18,458 cli_traceback INFO] Created directory: /mnt/Data/PopOS/Data_Ana/Wu/clawdPorjects/HADDOCK_test/results/run_Neg_CAAGGCGCAGCAACTT-1_contig_1_1/traceback
[2026-02-13 10:59:18,458 cli_traceback INFO] Tracing back step 3_emref
[2026-02-13 10:59:18,460 cli_traceback INFO] Tracing back step 2_flexref
[2026-02-13 10:59:18,462 cli_traceback INFO] Tracing back step 1_rigidbody
[2026-02-13 10:59:18,466 cli_traceback INFO] Output dataframe traceback/traceback.tsv created with shape (20, 8)
[2026-02-13 10:59:18,493 clean_steps INFO] Cleaning output for '0_topoaa' using 20 cores.
[2026-02-13 10:59:18,622 libtimer INFO] cleaning output files took 0 seconds
[2026-02-13 10:59:18,622 clean_steps INFO] Cleaning output for '1_rigidbody' using 20 cores.
[2026-02-13 10:59:18,633 libtimer INFO] cleaning output files took 0 seconds
[2026-02-13 10:59:18,633 clean_steps INFO] Cleaning output for '2_flexref' using 20 cores.
[2026-02-13 10:59:18,650 libtimer INFO] cleaning output files took 0 seconds
[2026-02-13 10:59:18,651 clean_steps INFO] Cleaning output for '3_emref' using 20 cores.
[2026-02-13 10:59:18,669 libtimer INFO] cleaning output files took 0 seconds
[2026-02-13 10:59:18,670 cli INFO] This HADDOCK3 run took: 2 minutes and 6 seconds
[2026-02-13 10:59:18,670 greetings INFO] Your feedback matters in Haddock3! Share your experience and help us grow:
[2026-02-13 10:59:18,671 greetings INFO] GitHub issues: https://github.com/haddocking/haddock3/issues
[2026-02-13 10:59:18,671 greetings INFO] BioExcel feedback: https://www.bonvinlab.org/feedback
[2026-02-13 10:59:18,671 greetings INFO] BioExcel forum: https://ask.bioexcel.eu/c/haddock/6
[2026-02-13 10:59:18,671 cli INFO] Finished at 13/02/2026 10:59:18. Good bye! Agur! Do pobachennya!
