[2026-02-06 05:32:18,262 cli INFO] 
##############################################
#                                            #
#                 HADDOCK3                   #
#                                            #
##############################################

!! Some of the HADDOCK3 components use CNS (Crystallographic and NMR System) which is free of use for non-profit applications. !!
!! For commercial use it is your own responsibility to have a proper license. !!
!! For details refer to the DISCLAIMER file in the HADDOCK3 repository. !!

Starting HADDOCK3 v2024.10.0b7 on 2026-02-06 05:32:00

Python 3.10.12 (main, Feb  4 2025, 14:57:36) [GCC 11.4.0]

[2026-02-06 05:32:21,910 libworkflow INFO] Reading instructions step 0_topoaa
[2026-02-06 05:32:21,910 libworkflow INFO] Reading instructions step 1_rigidbody
[2026-02-06 05:32:21,910 libworkflow INFO] Reading instructions step 2_flexref
[2026-02-06 05:32:21,910 libworkflow INFO] Reading instructions step 3_emref
[2026-02-06 05:32:21,924 base_cns_module INFO] Running [topoaa] module
[2026-02-06 05:32:21,924 __init__ INFO] [topoaa] Molecule 1: receptor_single_refold_8IV0_Epi.pdb
[2026-02-06 05:32:21,925 __init__ INFO] [topoaa] Sanitizing molecule receptor_single_refold_8IV0_Epi.pdb
[2026-02-06 05:32:21,932 __init__ INFO] [topoaa] Topology CNS input created
[2026-02-06 05:32:21,932 __init__ INFO] [topoaa] Molecule 2: ligand_single_refold_8IV0_Epi.pdb
[2026-02-06 05:32:21,933 __init__ INFO] [topoaa] Sanitizing molecule ligand_single_refold_8IV0_Epi.pdb
[2026-02-06 05:32:21,936 __init__ INFO] [topoaa] Topology CNS input created
[2026-02-06 05:32:21,936 __init__ INFO] [topoaa] Running CNS Jobs n=2
[2026-02-06 05:32:21,937 libutil INFO] Selected 2 cores to process 2 jobs, with 32 maximum available cores.
[2026-02-06 05:32:21,938 libparallel INFO] Using 2 cores
[2026-02-06 05:32:25,044 libparallel INFO] 2 tasks finished
[2026-02-06 05:32:25,044 __init__ INFO] [topoaa] CNS jobs have finished
[2026-02-06 05:32:25,046 base_cns_module INFO] Module [topoaa] finished.
[2026-02-06 05:32:25,046 __init__ INFO] [topoaa] took 3 seconds
[2026-02-06 05:32:25,380 base_cns_module INFO] Running [rigidbody] module
[2026-02-06 05:32:25,381 __init__ INFO] [rigidbody] crossdock=true
[2026-02-06 05:32:25,381 __init__ INFO] [rigidbody] Preparing jobs...
[2026-02-06 05:32:25,383 libutil INFO] Selected 20 cores to process 20 jobs, with 32 maximum available cores.
[2026-02-06 05:32:25,383 libparallel INFO] Using 20 cores
[2026-02-06 05:32:25,411 libparallel INFO] 20 tasks finished
[2026-02-06 05:32:25,411 __init__ INFO] [rigidbody] Preparation took 0.03033 seconds
[2026-02-06 05:32:25,413 __init__ INFO] [rigidbody] Running CNS Jobs n=20
[2026-02-06 05:32:25,413 libutil INFO] Selected 20 cores to process 20 jobs, with 32 maximum available cores.
[2026-02-06 05:32:25,413 libparallel INFO] Using 20 cores
[2026-02-06 05:32:35,227 libparallel INFO] 20 tasks finished
[2026-02-06 05:32:35,227 __init__ INFO] [rigidbody] CNS jobs have finished
[2026-02-06 05:32:35,258 base_cns_module INFO] Module [rigidbody] finished.
[2026-02-06 05:32:35,258 __init__ INFO] [rigidbody] took 10 seconds
[2026-02-06 05:32:35,632 base_cns_module INFO] Running [flexref] module
[2026-02-06 05:32:35,688 __init__ INFO] [flexref] Running CNS Jobs n=20
[2026-02-06 05:32:35,689 libutil INFO] Selected 20 cores to process 20 jobs, with 32 maximum available cores.
[2026-02-06 05:32:35,689 libparallel INFO] Using 20 cores
[2026-02-06 05:34:07,550 libparallel INFO] 20 tasks finished
[2026-02-06 05:34:07,550 __init__ INFO] [flexref] CNS jobs have finished
[2026-02-06 05:34:07,582 base_cns_module INFO] Module [flexref] finished.
[2026-02-06 05:34:07,582 __init__ INFO] [flexref] took 1 minute and 32 seconds
[2026-02-06 05:34:07,918 base_cns_module INFO] Running [emref] module
[2026-02-06 05:34:07,974 __init__ INFO] [emref] Running CNS Jobs n=20
[2026-02-06 05:34:07,974 libutil INFO] Selected 20 cores to process 20 jobs, with 32 maximum available cores.
[2026-02-06 05:34:07,975 libparallel INFO] Using 20 cores
[2026-02-06 05:34:15,197 libparallel INFO] 20 tasks finished
[2026-02-06 05:34:15,198 __init__ INFO] [emref] CNS jobs have finished
[2026-02-06 05:34:15,226 base_cns_module INFO] Module [emref] finished.
[2026-02-06 05:34:15,226 __init__ INFO] [emref] took 7 seconds
[2026-02-06 05:34:15,226 cli_analyse INFO] Running haddock3-analyse on ./, modules [], with top_cluster = 10
[2026-02-06 05:34:15,232 cli_analyse INFO] Created directory: /mnt/Data/PopOS/Data_Ana/Wu/clawdPorjects/HADDOCK_test/results/run_refold_8IV0_Epi/analysis
[2026-02-06 05:34:15,232 cli_analyse INFO] Reading input run directory
[2026-02-06 05:34:15,232 cli_analyse INFO] selected steps: 0_topoaa, 1_rigidbody, 2_flexref, 3_emref
[2026-02-06 05:34:15,233 cli_analyse INFO] Analysing step 0_topoaa
[2026-02-06 05:34:15,233 cli_analyse WARNING] Could not execute the analysis for step 0_topoaa. The following error occurred 'dict' object has no attribute 'rel_path'
[2026-02-06 05:34:15,233 cli_analyse INFO] Analysing step 1_rigidbody
[2026-02-06 05:34:15,234 cli_unpack INFO] Unpacking '../1_rigidbody' folder
[2026-02-06 05:34:15,235 libtimer INFO] unpacking took 0 seconds
[2026-02-06 05:34:15,248 capri INFO] Found previous CNS step: 1_rigidbody
[2026-02-06 05:34:15,356 capri INFO] Saved scoring weights to: weights_params.json
[2026-02-06 05:34:15,356 __init__ INFO] [caprieval] No reference structure provided. Using the structure with the lowest score from previous step
[2026-02-06 05:34:15,438 libutil INFO] Selected 20 cores to process 20 jobs, with 32 maximum available cores.
[2026-02-06 05:34:15,438 libparallel INFO] Using 20 cores
[2026-02-06 05:34:15,858 libparallel INFO] 20 tasks finished
[2026-02-06 05:34:15,859 capri INFO] Rearranging cluster information into capri_clt.tsv
[2026-02-06 05:34:15,866 cli_clean INFO] Compressing '../1_rigidbody' folder
[2026-02-06 05:34:15,866 clean_steps INFO] Cleaning output for '../1_rigidbody' using 20 cores.
[2026-02-06 05:34:15,995 libtimer INFO] compressing took 0 seconds
[2026-02-06 05:34:15,996 cli_analyse INFO] CAPRI files identified
[2026-02-06 05:34:15,998 cli_analyse INFO] Plotting results..
[2026-02-06 05:34:17,263 cli_analyse INFO] Summary archive summary.tgz created!
[2026-02-06 05:34:17,263 cli_analyse INFO] Analysing step 2_flexref
[2026-02-06 05:34:17,265 cli_unpack INFO] Unpacking '../2_flexref' folder
[2026-02-06 05:34:17,266 libtimer INFO] unpacking took 0 seconds
[2026-02-06 05:34:17,278 capri INFO] Found previous CNS step: 2_flexref
[2026-02-06 05:34:17,516 capri INFO] Saved scoring weights to: weights_params.json
[2026-02-06 05:34:17,516 __init__ INFO] [caprieval] No reference structure provided. Using the structure with the lowest score from previous step
[2026-02-06 05:34:17,599 libutil INFO] Selected 20 cores to process 20 jobs, with 32 maximum available cores.
[2026-02-06 05:34:17,599 libparallel INFO] Using 20 cores
[2026-02-06 05:34:17,985 libparallel INFO] 20 tasks finished
[2026-02-06 05:34:17,986 capri INFO] Rearranging cluster information into capri_clt.tsv
[2026-02-06 05:34:17,990 cli_clean INFO] Compressing '../2_flexref' folder
[2026-02-06 05:34:17,990 clean_steps INFO] Cleaning output for '../2_flexref' using 20 cores.
[2026-02-06 05:34:18,110 libtimer INFO] compressing took 0 seconds
[2026-02-06 05:34:18,110 cli_analyse INFO] CAPRI files identified
[2026-02-06 05:34:18,112 cli_analyse INFO] Plotting results..
[2026-02-06 05:34:19,267 cli_analyse INFO] Summary archive summary.tgz created!
[2026-02-06 05:34:19,268 cli_analyse INFO] Analysing step 3_emref
[2026-02-06 05:34:19,270 cli_unpack INFO] Unpacking '../3_emref' folder
[2026-02-06 05:34:19,270 libtimer INFO] unpacking took 0 seconds
[2026-02-06 05:34:19,283 capri INFO] Found previous CNS step: 3_emref
[2026-02-06 05:34:19,384 capri INFO] Saved scoring weights to: weights_params.json
[2026-02-06 05:34:19,384 __init__ INFO] [caprieval] No reference structure provided. Using the structure with the lowest score from previous step
[2026-02-06 05:34:19,467 libutil INFO] Selected 20 cores to process 20 jobs, with 32 maximum available cores.
[2026-02-06 05:34:19,468 libparallel INFO] Using 20 cores
[2026-02-06 05:34:19,861 libparallel INFO] 20 tasks finished
[2026-02-06 05:34:19,862 capri INFO] Rearranging cluster information into capri_clt.tsv
[2026-02-06 05:34:19,870 cli_clean INFO] Compressing '../3_emref' folder
[2026-02-06 05:34:19,870 clean_steps INFO] Cleaning output for '../3_emref' using 20 cores.
[2026-02-06 05:34:19,992 libtimer INFO] compressing took 0 seconds
[2026-02-06 05:34:19,993 cli_analyse INFO] CAPRI files identified
[2026-02-06 05:34:19,994 cli_analyse INFO] Plotting results..
[2026-02-06 05:34:21,137 cli_analyse INFO] Summary archive summary.tgz created!
[2026-02-06 05:34:21,137 cli_analyse INFO] moving files to analysis folder
[2026-02-06 05:34:21,138 cli_analyse INFO] cancelling unsuccesful analysis folders
[2026-02-06 05:34:21,138 cli_analyse INFO] updating paths in analysis/1_rigidbody_analysis/capri_ss.tsv
[2026-02-06 05:34:21,138 cli_analyse INFO] View the results in analysis/1_rigidbody_analysis/report.html
[2026-02-06 05:34:21,138 cli_analyse INFO] To view structures or download the structure files, in a terminal run the command `python -m http.server --directory /mnt/Data/PopOS/Data_Ana/Wu/clawdPorjects/HADDOCK_test/results/run_refold_8IV0_Epi`. By default, http server runs on `http://0.0.0.0:8000/`. Open the link http://0.0.0.0:8000/analysis/1_rigidbody_analysis/report.html in a web browser.
[2026-02-06 05:34:21,138 cli_analyse INFO] updating paths in analysis/2_flexref_analysis/capri_ss.tsv
[2026-02-06 05:34:21,138 cli_analyse INFO] View the results in analysis/2_flexref_analysis/report.html
[2026-02-06 05:34:21,138 cli_analyse INFO] To view structures or download the structure files, in a terminal run the command `python -m http.server --directory /mnt/Data/PopOS/Data_Ana/Wu/clawdPorjects/HADDOCK_test/results/run_refold_8IV0_Epi`. By default, http server runs on `http://0.0.0.0:8000/`. Open the link http://0.0.0.0:8000/analysis/2_flexref_analysis/report.html in a web browser.
[2026-02-06 05:34:21,138 cli_analyse INFO] updating paths in analysis/3_emref_analysis/capri_ss.tsv
[2026-02-06 05:34:21,138 cli_analyse INFO] View the results in analysis/3_emref_analysis/report.html
[2026-02-06 05:34:21,138 cli_analyse INFO] To view structures or download the structure files, in a terminal run the command `python -m http.server --directory /mnt/Data/PopOS/Data_Ana/Wu/clawdPorjects/HADDOCK_test/results/run_refold_8IV0_Epi`. By default, http server runs on `http://0.0.0.0:8000/`. Open the link http://0.0.0.0:8000/analysis/3_emref_analysis/report.html in a web browser.
[2026-02-06 05:34:21,138 cli_traceback INFO] Running haddock3-traceback on ./
[2026-02-06 05:34:21,138 cli_traceback INFO] Reading input run directory
[2026-02-06 05:34:21,139 cli_traceback INFO] All_steps: 0_topoaa, 1_rigidbody, 2_flexref, 3_emref
[2026-02-06 05:34:21,139 cli_traceback INFO] Modules not to be analysed: 0_topoaa
[2026-02-06 05:34:21,139 cli_traceback INFO] Steps to trace back: 1_rigidbody, 2_flexref, 3_emref
[2026-02-06 05:34:21,139 cli_traceback INFO] Created directory: /mnt/Data/PopOS/Data_Ana/Wu/clawdPorjects/HADDOCK_test/results/run_refold_8IV0_Epi/traceback
[2026-02-06 05:34:21,139 cli_traceback INFO] Tracing back step 3_emref
[2026-02-06 05:34:21,141 cli_traceback INFO] Tracing back step 2_flexref
[2026-02-06 05:34:21,143 cli_traceback INFO] Tracing back step 1_rigidbody
[2026-02-06 05:34:21,147 cli_traceback INFO] Output dataframe traceback/traceback.tsv created with shape (20, 8)
[2026-02-06 05:34:21,174 clean_steps INFO] Cleaning output for '0_topoaa' using 20 cores.
[2026-02-06 05:34:21,314 libtimer INFO] cleaning output files took 0 seconds
[2026-02-06 05:34:21,315 clean_steps INFO] Cleaning output for '1_rigidbody' using 20 cores.
[2026-02-06 05:34:21,325 libtimer INFO] cleaning output files took 0 seconds
[2026-02-06 05:34:21,325 clean_steps INFO] Cleaning output for '2_flexref' using 20 cores.
[2026-02-06 05:34:21,338 libtimer INFO] cleaning output files took 0 seconds
[2026-02-06 05:34:21,338 clean_steps INFO] Cleaning output for '3_emref' using 20 cores.
[2026-02-06 05:34:21,346 libtimer INFO] cleaning output files took 0 seconds
[2026-02-06 05:34:21,346 cli INFO] This HADDOCK3 run took: 2 minutes and 3 seconds
[2026-02-06 05:34:21,346 greetings INFO] Your feedback matters in Haddock3! Share your experience and help us grow:
[2026-02-06 05:34:21,346 greetings INFO] GitHub issues: https://github.com/haddocking/haddock3/issues
[2026-02-06 05:34:21,346 greetings INFO] BioExcel feedback: https://www.bonvinlab.org/feedback
[2026-02-06 05:34:21,346 greetings INFO] BioExcel forum: https://ask.bioexcel.eu/c/haddock/6
[2026-02-06 05:34:21,346 cli INFO] Finished at 06/02/2026 05:34:21. Au revoir! Adéu-siau! Tot ziens!
