[2026-02-13 10:46:30,032 cli INFO] 
##############################################
#                                            #
#                 HADDOCK3                   #
#                                            #
##############################################

!! Some of the HADDOCK3 components use CNS (Crystallographic and NMR System) which is free of use for non-profit applications. !!
!! For commercial use it is your own responsibility to have a proper license. !!
!! For details refer to the DISCLAIMER file in the HADDOCK3 repository. !!

Starting HADDOCK3 v2024.10.0b7 on 2026-02-13 10:46:00

Python 3.10.12 (main, Feb  4 2025, 14:57:36) [GCC 11.4.0]

[2026-02-13 10:46:33,882 libworkflow INFO] Reading instructions step 0_topoaa
[2026-02-13 10:46:33,882 libworkflow INFO] Reading instructions step 1_rigidbody
[2026-02-13 10:46:33,882 libworkflow INFO] Reading instructions step 2_flexref
[2026-02-13 10:46:33,883 libworkflow INFO] Reading instructions step 3_emref
[2026-02-13 10:46:33,897 base_cns_module INFO] Running [topoaa] module
[2026-02-13 10:46:33,897 __init__ INFO] [topoaa] Molecule 1: receptor_single_Neg_ATAGGGCCAGTGTTAC-1_contig_1_1.pdb
[2026-02-13 10:46:33,899 __init__ INFO] [topoaa] Sanitizing molecule receptor_single_Neg_ATAGGGCCAGTGTTAC-1_contig_1_1.pdb
[2026-02-13 10:46:33,906 __init__ INFO] [topoaa] Topology CNS input created
[2026-02-13 10:46:33,906 __init__ INFO] [topoaa] Molecule 2: ligand_single_Neg_ATAGGGCCAGTGTTAC-1_contig_1_1.pdb
[2026-02-13 10:46:33,907 __init__ INFO] [topoaa] Sanitizing molecule ligand_single_Neg_ATAGGGCCAGTGTTAC-1_contig_1_1.pdb
[2026-02-13 10:46:33,913 __init__ INFO] [topoaa] Topology CNS input created
[2026-02-13 10:46:33,913 __init__ INFO] [topoaa] Running CNS Jobs n=2
[2026-02-13 10:46:33,913 libutil INFO] Selected 2 cores to process 2 jobs, with 32 maximum available cores.
[2026-02-13 10:46:33,914 libparallel INFO] Using 2 cores
[2026-02-13 10:46:37,148 libparallel INFO] 2 tasks finished
[2026-02-13 10:46:37,149 __init__ INFO] [topoaa] CNS jobs have finished
[2026-02-13 10:46:37,150 base_cns_module INFO] Module [topoaa] finished.
[2026-02-13 10:46:37,151 __init__ INFO] [topoaa] took 3 seconds
[2026-02-13 10:46:37,509 base_cns_module INFO] Running [rigidbody] module
[2026-02-13 10:46:37,510 __init__ INFO] [rigidbody] crossdock=true
[2026-02-13 10:46:37,510 __init__ INFO] [rigidbody] Preparing jobs...
[2026-02-13 10:46:37,512 libutil INFO] Selected 20 cores to process 20 jobs, with 32 maximum available cores.
[2026-02-13 10:46:37,512 libparallel INFO] Using 20 cores
[2026-02-13 10:46:37,541 libparallel INFO] 20 tasks finished
[2026-02-13 10:46:37,541 __init__ INFO] [rigidbody] Preparation took 0.031422 seconds
[2026-02-13 10:46:37,542 __init__ INFO] [rigidbody] Running CNS Jobs n=20
[2026-02-13 10:46:37,542 libutil INFO] Selected 20 cores to process 20 jobs, with 32 maximum available cores.
[2026-02-13 10:46:37,542 libparallel INFO] Using 20 cores
[2026-02-13 10:46:47,541 libparallel INFO] 20 tasks finished
[2026-02-13 10:46:47,542 __init__ INFO] [rigidbody] CNS jobs have finished
[2026-02-13 10:46:47,575 base_cns_module INFO] Module [rigidbody] finished.
[2026-02-13 10:46:47,575 __init__ INFO] [rigidbody] took 10 seconds
[2026-02-13 10:46:47,974 base_cns_module INFO] Running [flexref] module
[2026-02-13 10:46:48,032 __init__ INFO] [flexref] Running CNS Jobs n=20
[2026-02-13 10:46:48,033 libutil INFO] Selected 20 cores to process 20 jobs, with 32 maximum available cores.
[2026-02-13 10:46:48,033 libparallel INFO] Using 20 cores
[2026-02-13 10:48:23,642 libparallel INFO] 20 tasks finished
[2026-02-13 10:48:23,642 __init__ INFO] [flexref] CNS jobs have finished
[2026-02-13 10:48:23,674 base_cns_module INFO] Module [flexref] finished.
[2026-02-13 10:48:23,674 __init__ INFO] [flexref] took 1 minute and 36 seconds
[2026-02-13 10:48:24,026 base_cns_module INFO] Running [emref] module
[2026-02-13 10:48:24,082 __init__ INFO] [emref] Running CNS Jobs n=20
[2026-02-13 10:48:24,082 libutil INFO] Selected 20 cores to process 20 jobs, with 32 maximum available cores.
[2026-02-13 10:48:24,082 libparallel INFO] Using 20 cores
[2026-02-13 10:48:31,204 libparallel INFO] 20 tasks finished
[2026-02-13 10:48:31,205 __init__ INFO] [emref] CNS jobs have finished
[2026-02-13 10:48:31,235 base_cns_module INFO] Module [emref] finished.
[2026-02-13 10:48:31,235 __init__ INFO] [emref] took 7 seconds
[2026-02-13 10:48:31,235 cli_analyse INFO] Running haddock3-analyse on ./, modules [], with top_cluster = 10
[2026-02-13 10:48:31,242 cli_analyse INFO] Created directory: /mnt/Data/PopOS/Data_Ana/Wu/clawdPorjects/HADDOCK_test/results/run_Neg_ATAGGGCCAGTGTTAC-1_contig_1_1/analysis
[2026-02-13 10:48:31,242 cli_analyse INFO] Reading input run directory
[2026-02-13 10:48:31,242 cli_analyse INFO] selected steps: 0_topoaa, 1_rigidbody, 2_flexref, 3_emref
[2026-02-13 10:48:31,242 cli_analyse INFO] Analysing step 0_topoaa
[2026-02-13 10:48:31,242 cli_analyse WARNING] Could not execute the analysis for step 0_topoaa. The following error occurred 'dict' object has no attribute 'rel_path'
[2026-02-13 10:48:31,242 cli_analyse INFO] Analysing step 1_rigidbody
[2026-02-13 10:48:31,243 cli_unpack INFO] Unpacking '../1_rigidbody' folder
[2026-02-13 10:48:31,244 libtimer INFO] unpacking took 0 seconds
[2026-02-13 10:48:31,257 capri INFO] Found previous CNS step: 1_rigidbody
[2026-02-13 10:48:31,365 capri INFO] Saved scoring weights to: weights_params.json
[2026-02-13 10:48:31,366 __init__ INFO] [caprieval] No reference structure provided. Using the structure with the lowest score from previous step
[2026-02-13 10:48:31,452 libutil INFO] Selected 20 cores to process 20 jobs, with 32 maximum available cores.
[2026-02-13 10:48:31,452 libparallel INFO] Using 20 cores
[2026-02-13 10:48:32,045 libparallel INFO] 20 tasks finished
[2026-02-13 10:48:32,046 capri INFO] Rearranging cluster information into capri_clt.tsv
[2026-02-13 10:48:32,054 cli_clean INFO] Compressing '../1_rigidbody' folder
[2026-02-13 10:48:32,054 clean_steps INFO] Cleaning output for '../1_rigidbody' using 20 cores.
[2026-02-13 10:48:32,186 libtimer INFO] compressing took 0 seconds
[2026-02-13 10:48:32,186 cli_analyse INFO] CAPRI files identified
[2026-02-13 10:48:32,188 cli_analyse INFO] Plotting results..
[2026-02-13 10:48:33,389 cli_analyse INFO] Summary archive summary.tgz created!
[2026-02-13 10:48:33,389 cli_analyse INFO] Analysing step 2_flexref
[2026-02-13 10:48:33,391 cli_unpack INFO] Unpacking '../2_flexref' folder
[2026-02-13 10:48:33,391 libtimer INFO] unpacking took 0 seconds
[2026-02-13 10:48:33,405 capri INFO] Found previous CNS step: 2_flexref
[2026-02-13 10:48:33,641 capri INFO] Saved scoring weights to: weights_params.json
[2026-02-13 10:48:33,641 __init__ INFO] [caprieval] No reference structure provided. Using the structure with the lowest score from previous step
[2026-02-13 10:48:33,726 libutil INFO] Selected 20 cores to process 20 jobs, with 32 maximum available cores.
[2026-02-13 10:48:33,726 libparallel INFO] Using 20 cores
[2026-02-13 10:48:34,105 libparallel INFO] 20 tasks finished
[2026-02-13 10:48:34,106 capri INFO] Rearranging cluster information into capri_clt.tsv
[2026-02-13 10:48:34,110 cli_clean INFO] Compressing '../2_flexref' folder
[2026-02-13 10:48:34,110 clean_steps INFO] Cleaning output for '../2_flexref' using 20 cores.
[2026-02-13 10:48:34,230 libtimer INFO] compressing took 0 seconds
[2026-02-13 10:48:34,230 cli_analyse INFO] CAPRI files identified
[2026-02-13 10:48:34,233 cli_analyse INFO] Plotting results..
[2026-02-13 10:48:35,363 cli_analyse INFO] Summary archive summary.tgz created!
[2026-02-13 10:48:35,363 cli_analyse INFO] Analysing step 3_emref
[2026-02-13 10:48:35,365 cli_unpack INFO] Unpacking '../3_emref' folder
[2026-02-13 10:48:35,366 libtimer INFO] unpacking took 0 seconds
[2026-02-13 10:48:35,379 capri INFO] Found previous CNS step: 3_emref
[2026-02-13 10:48:35,480 capri INFO] Saved scoring weights to: weights_params.json
[2026-02-13 10:48:35,480 __init__ INFO] [caprieval] No reference structure provided. Using the structure with the lowest score from previous step
[2026-02-13 10:48:35,568 libutil INFO] Selected 20 cores to process 20 jobs, with 32 maximum available cores.
[2026-02-13 10:48:35,568 libparallel INFO] Using 20 cores
[2026-02-13 10:48:36,009 libparallel INFO] 20 tasks finished
[2026-02-13 10:48:36,010 capri INFO] Rearranging cluster information into capri_clt.tsv
[2026-02-13 10:48:36,018 cli_clean INFO] Compressing '../3_emref' folder
[2026-02-13 10:48:36,018 clean_steps INFO] Cleaning output for '../3_emref' using 20 cores.
[2026-02-13 10:48:36,161 libtimer INFO] compressing took 0 seconds
[2026-02-13 10:48:36,162 cli_analyse INFO] CAPRI files identified
[2026-02-13 10:48:36,164 cli_analyse INFO] Plotting results..
[2026-02-13 10:48:37,261 cli_analyse INFO] Summary archive summary.tgz created!
[2026-02-13 10:48:37,261 cli_analyse INFO] moving files to analysis folder
[2026-02-13 10:48:37,261 cli_analyse INFO] cancelling unsuccesful analysis folders
[2026-02-13 10:48:37,261 cli_analyse INFO] updating paths in analysis/1_rigidbody_analysis/capri_ss.tsv
[2026-02-13 10:48:37,262 cli_analyse INFO] View the results in analysis/1_rigidbody_analysis/report.html
[2026-02-13 10:48:37,262 cli_analyse INFO] To view structures or download the structure files, in a terminal run the command `python -m http.server --directory /mnt/Data/PopOS/Data_Ana/Wu/clawdPorjects/HADDOCK_test/results/run_Neg_ATAGGGCCAGTGTTAC-1_contig_1_1`. By default, http server runs on `http://0.0.0.0:8000/`. Open the link http://0.0.0.0:8000/analysis/1_rigidbody_analysis/report.html in a web browser.
[2026-02-13 10:48:37,262 cli_analyse INFO] updating paths in analysis/2_flexref_analysis/capri_ss.tsv
[2026-02-13 10:48:37,262 cli_analyse INFO] View the results in analysis/2_flexref_analysis/report.html
[2026-02-13 10:48:37,262 cli_analyse INFO] To view structures or download the structure files, in a terminal run the command `python -m http.server --directory /mnt/Data/PopOS/Data_Ana/Wu/clawdPorjects/HADDOCK_test/results/run_Neg_ATAGGGCCAGTGTTAC-1_contig_1_1`. By default, http server runs on `http://0.0.0.0:8000/`. Open the link http://0.0.0.0:8000/analysis/2_flexref_analysis/report.html in a web browser.
[2026-02-13 10:48:37,262 cli_analyse INFO] updating paths in analysis/3_emref_analysis/capri_ss.tsv
[2026-02-13 10:48:37,262 cli_analyse INFO] View the results in analysis/3_emref_analysis/report.html
[2026-02-13 10:48:37,262 cli_analyse INFO] To view structures or download the structure files, in a terminal run the command `python -m http.server --directory /mnt/Data/PopOS/Data_Ana/Wu/clawdPorjects/HADDOCK_test/results/run_Neg_ATAGGGCCAGTGTTAC-1_contig_1_1`. By default, http server runs on `http://0.0.0.0:8000/`. Open the link http://0.0.0.0:8000/analysis/3_emref_analysis/report.html in a web browser.
[2026-02-13 10:48:37,262 cli_traceback INFO] Running haddock3-traceback on ./
[2026-02-13 10:48:37,262 cli_traceback INFO] Reading input run directory
[2026-02-13 10:48:37,262 cli_traceback INFO] All_steps: 0_topoaa, 1_rigidbody, 2_flexref, 3_emref
[2026-02-13 10:48:37,263 cli_traceback INFO] Modules not to be analysed: 0_topoaa
[2026-02-13 10:48:37,263 cli_traceback INFO] Steps to trace back: 1_rigidbody, 2_flexref, 3_emref
[2026-02-13 10:48:37,263 cli_traceback INFO] Created directory: /mnt/Data/PopOS/Data_Ana/Wu/clawdPorjects/HADDOCK_test/results/run_Neg_ATAGGGCCAGTGTTAC-1_contig_1_1/traceback
[2026-02-13 10:48:37,263 cli_traceback INFO] Tracing back step 3_emref
[2026-02-13 10:48:37,265 cli_traceback INFO] Tracing back step 2_flexref
[2026-02-13 10:48:37,267 cli_traceback INFO] Tracing back step 1_rigidbody
[2026-02-13 10:48:37,271 cli_traceback INFO] Output dataframe traceback/traceback.tsv created with shape (20, 8)
[2026-02-13 10:48:37,298 clean_steps INFO] Cleaning output for '0_topoaa' using 20 cores.
[2026-02-13 10:48:37,442 libtimer INFO] cleaning output files took 0 seconds
[2026-02-13 10:48:37,442 clean_steps INFO] Cleaning output for '1_rigidbody' using 20 cores.
[2026-02-13 10:48:37,463 libtimer INFO] cleaning output files took 0 seconds
[2026-02-13 10:48:37,463 clean_steps INFO] Cleaning output for '2_flexref' using 20 cores.
[2026-02-13 10:48:37,498 libtimer INFO] cleaning output files took 0 seconds
[2026-02-13 10:48:37,499 clean_steps INFO] Cleaning output for '3_emref' using 20 cores.
[2026-02-13 10:48:37,525 libtimer INFO] cleaning output files took 0 seconds
[2026-02-13 10:48:37,525 cli INFO] This HADDOCK3 run took: 2 minutes and 7 seconds
[2026-02-13 10:48:37,525 greetings INFO] Your feedback matters in Haddock3! Share your experience and help us grow:
[2026-02-13 10:48:37,525 greetings INFO] GitHub issues: https://github.com/haddocking/haddock3/issues
[2026-02-13 10:48:37,525 greetings INFO] BioExcel feedback: https://www.bonvinlab.org/feedback
[2026-02-13 10:48:37,526 greetings INFO] BioExcel forum: https://ask.bioexcel.eu/c/haddock/6
[2026-02-13 10:48:37,526 cli INFO] Finished at 13/02/2026 10:48:37. 再见! Do pobachennya! Dovidenia!
