[2026-02-06 21:15:10,834 cli INFO] 
##############################################
#                                            #
#                 HADDOCK3                   #
#                                            #
##############################################

!! Some of the HADDOCK3 components use CNS (Crystallographic and NMR System) which is free of use for non-profit applications. !!
!! For commercial use it is your own responsibility to have a proper license. !!
!! For details refer to the DISCLAIMER file in the HADDOCK3 repository. !!

Starting HADDOCK3 v2024.10.0b7 on 2026-02-06 21:15:00

Python 3.10.12 (main, Feb  4 2025, 14:57:36) [GCC 11.4.0]

[2026-02-06 21:15:14,671 libworkflow INFO] Reading instructions step 0_topoaa
[2026-02-06 21:15:14,671 libworkflow INFO] Reading instructions step 1_rigidbody
[2026-02-06 21:15:14,671 libworkflow INFO] Reading instructions step 2_flexref
[2026-02-06 21:15:14,671 libworkflow INFO] Reading instructions step 3_emref
[2026-02-06 21:15:14,671 libworkflow INFO] Reading instructions step 4_caprieval
[2026-02-06 21:15:14,685 base_cns_module INFO] Running [topoaa] module
[2026-02-06 21:15:14,686 __init__ INFO] [topoaa] Molecule 1: receptor_single_refold_8IV0_Epi.pdb
[2026-02-06 21:15:14,687 __init__ INFO] [topoaa] Sanitizing molecule receptor_single_refold_8IV0_Epi.pdb
[2026-02-06 21:15:14,693 __init__ INFO] [topoaa] Topology CNS input created
[2026-02-06 21:15:14,693 __init__ INFO] [topoaa] Molecule 2: ligand_single_refold_8IV0_Epi.pdb
[2026-02-06 21:15:14,694 __init__ INFO] [topoaa] Sanitizing molecule ligand_single_refold_8IV0_Epi.pdb
[2026-02-06 21:15:14,697 __init__ INFO] [topoaa] Topology CNS input created
[2026-02-06 21:15:14,697 __init__ INFO] [topoaa] Running CNS Jobs n=2
[2026-02-06 21:15:14,697 libutil INFO] Selected 2 cores to process 2 jobs, with 32 maximum available cores.
[2026-02-06 21:15:14,698 libparallel INFO] Using 2 cores
[2026-02-06 21:15:17,791 libparallel INFO] 2 tasks finished
[2026-02-06 21:15:17,791 __init__ INFO] [topoaa] CNS jobs have finished
[2026-02-06 21:15:17,793 base_cns_module INFO] Module [topoaa] finished.
[2026-02-06 21:15:17,793 __init__ INFO] [topoaa] took 3 seconds
[2026-02-06 21:15:18,128 base_cns_module INFO] Running [rigidbody] module
[2026-02-06 21:15:18,129 __init__ INFO] [rigidbody] crossdock=true
[2026-02-06 21:15:18,129 __init__ INFO] [rigidbody] Preparing jobs...
[2026-02-06 21:15:18,131 libutil INFO] Selected 20 cores to process 20 jobs, with 32 maximum available cores.
[2026-02-06 21:15:18,131 libparallel INFO] Using 20 cores
[2026-02-06 21:15:18,157 libparallel INFO] 20 tasks finished
[2026-02-06 21:15:18,158 __init__ INFO] [rigidbody] Preparation took 0.028822 seconds
[2026-02-06 21:15:18,158 __init__ INFO] [rigidbody] Running CNS Jobs n=20
[2026-02-06 21:15:18,158 libutil INFO] Selected 20 cores to process 20 jobs, with 32 maximum available cores.
[2026-02-06 21:15:18,159 libparallel INFO] Using 20 cores
[2026-02-06 21:15:29,837 libparallel INFO] 20 tasks finished
[2026-02-06 21:15:29,837 __init__ INFO] [rigidbody] CNS jobs have finished
[2026-02-06 21:15:29,867 base_cns_module INFO] Module [rigidbody] finished.
[2026-02-06 21:15:29,867 __init__ INFO] [rigidbody] took 12 seconds
[2026-02-06 21:15:30,252 base_cns_module INFO] Running [flexref] module
[2026-02-06 21:15:30,308 __init__ INFO] [flexref] Running CNS Jobs n=20
[2026-02-06 21:15:30,308 libutil INFO] Selected 20 cores to process 20 jobs, with 32 maximum available cores.
[2026-02-06 21:15:30,309 libparallel INFO] Using 20 cores
[2026-02-06 21:16:56,327 libparallel INFO] 20 tasks finished
[2026-02-06 21:16:56,328 __init__ INFO] [flexref] CNS jobs have finished
[2026-02-06 21:16:56,378 base_cns_module INFO] Module [flexref] finished.
[2026-02-06 21:16:56,378 __init__ INFO] [flexref] took 1 minute and 26 seconds
[2026-02-06 21:16:56,726 base_cns_module INFO] Running [emref] module
[2026-02-06 21:16:56,782 __init__ INFO] [emref] Running CNS Jobs n=20
[2026-02-06 21:16:56,782 libutil INFO] Selected 20 cores to process 20 jobs, with 32 maximum available cores.
[2026-02-06 21:16:56,782 libparallel INFO] Using 20 cores
[2026-02-06 21:17:03,542 libparallel INFO] 20 tasks finished
[2026-02-06 21:17:03,543 __init__ INFO] [emref] CNS jobs have finished
[2026-02-06 21:17:03,584 base_cns_module INFO] Module [emref] finished.
[2026-02-06 21:17:03,584 __init__ INFO] [emref] took 7 seconds
[2026-02-06 21:17:03,599 __init__ INFO] Running [caprieval] module
[2026-02-06 21:17:03,600 capri INFO] Found previous CNS step: 3_emref
[2026-02-06 21:17:03,702 capri INFO] Saved scoring weights to: weights_params.json
[2026-02-06 21:17:03,702 __init__ INFO] [caprieval] No reference structure provided. Using the structure with the lowest score from previous step
[2026-02-06 21:17:03,783 libutil INFO] Selected 20 cores to process 20 jobs, with 32 maximum available cores.
[2026-02-06 21:17:03,783 libparallel INFO] Using 20 cores
[2026-02-06 21:17:04,192 libparallel INFO] 20 tasks finished
[2026-02-06 21:17:04,193 capri INFO] Rearranging cluster information into capri_clt.tsv
[2026-02-06 21:17:04,199 __init__ INFO] Module [caprieval] finished.
[2026-02-06 21:17:04,199 __init__ INFO] [caprieval] took 1 seconds
[2026-02-06 21:17:04,199 cli_analyse INFO] Running haddock3-analyse on ./, modules [4], with top_cluster = 10
[2026-02-06 21:17:04,206 cli_analyse INFO] Created directory: /mnt/Data/PopOS/Data_Ana/Wu/clawdPorjects/HADDOCK_test/results_full/run_refold_8IV0_Epi/analysis
[2026-02-06 21:17:04,206 cli_analyse INFO] Reading input run directory
[2026-02-06 21:17:04,206 cli_analyse INFO] selected steps: 4_caprieval
[2026-02-06 21:17:04,206 cli_analyse INFO] Analysing step 4_caprieval
[2026-02-06 21:17:04,206 cli_analyse INFO] step 4_caprieval is caprieval, files should be already available
[2026-02-06 21:17:04,207 cli_analyse INFO] CAPRI files identified
[2026-02-06 21:17:04,208 cli_analyse INFO] Plotting results..
[2026-02-06 21:17:05,419 cli_analyse INFO] Summary archive summary.tgz created!
[2026-02-06 21:17:05,419 cli_analyse INFO] moving files to analysis folder
[2026-02-06 21:17:05,419 cli_analyse INFO] updating paths in analysis/4_caprieval_analysis/capri_ss.tsv
[2026-02-06 21:17:05,419 cli_analyse INFO] View the results in analysis/4_caprieval_analysis/report.html
[2026-02-06 21:17:05,419 cli_analyse INFO] To view structures or download the structure files, in a terminal run the command `python -m http.server --directory /mnt/Data/PopOS/Data_Ana/Wu/clawdPorjects/HADDOCK_test/results_full/run_refold_8IV0_Epi`. By default, http server runs on `http://0.0.0.0:8000/`. Open the link http://0.0.0.0:8000/analysis/4_caprieval_analysis/report.html in a web browser.
[2026-02-06 21:17:05,419 cli_traceback INFO] Running haddock3-traceback on ./
[2026-02-06 21:17:05,419 cli_traceback INFO] Reading input run directory
[2026-02-06 21:17:05,419 cli_traceback INFO] All_steps: 0_topoaa, 1_rigidbody, 2_flexref, 3_emref, 4_caprieval
[2026-02-06 21:17:05,420 cli_traceback INFO] Modules not to be analysed: 0_topoaa, 4_caprieval
[2026-02-06 21:17:05,420 cli_traceback INFO] Steps to trace back: 1_rigidbody, 2_flexref, 3_emref
[2026-02-06 21:17:05,420 cli_traceback INFO] Created directory: /mnt/Data/PopOS/Data_Ana/Wu/clawdPorjects/HADDOCK_test/results_full/run_refold_8IV0_Epi/traceback
[2026-02-06 21:17:05,420 cli_traceback INFO] Tracing back step 3_emref
[2026-02-06 21:17:05,422 cli_traceback INFO] Tracing back step 2_flexref
[2026-02-06 21:17:05,424 cli_traceback INFO] Tracing back step 1_rigidbody
[2026-02-06 21:17:05,428 cli_traceback INFO] Output dataframe traceback/traceback.tsv created with shape (20, 8)
[2026-02-06 21:17:05,454 clean_steps INFO] Cleaning output for '0_topoaa' using 20 cores.
[2026-02-06 21:17:05,595 libtimer INFO] cleaning output files took 0 seconds
[2026-02-06 21:17:05,596 clean_steps INFO] Cleaning output for '1_rigidbody' using 20 cores.
[2026-02-06 21:17:05,715 libtimer INFO] cleaning output files took 0 seconds
[2026-02-06 21:17:05,715 clean_steps INFO] Cleaning output for '2_flexref' using 20 cores.
[2026-02-06 21:17:05,831 libtimer INFO] cleaning output files took 0 seconds
[2026-02-06 21:17:05,831 clean_steps INFO] Cleaning output for '3_emref' using 20 cores.
[2026-02-06 21:17:05,956 libtimer INFO] cleaning output files took 0 seconds
[2026-02-06 21:17:05,957 clean_steps INFO] Cleaning output for '4_caprieval' using 20 cores.
[2026-02-06 21:17:05,964 libtimer INFO] cleaning output files took 0 seconds
[2026-02-06 21:17:05,964 cli INFO] This HADDOCK3 run took: 1 minute and 55 seconds
[2026-02-06 21:17:05,965 greetings INFO] Your feedback matters in Haddock3! Share your experience and help us grow:
[2026-02-06 21:17:05,965 greetings INFO] GitHub issues: https://github.com/haddocking/haddock3/issues
[2026-02-06 21:17:05,965 greetings INFO] BioExcel feedback: https://www.bonvinlab.org/feedback
[2026-02-06 21:17:05,965 greetings INFO] BioExcel forum: https://ask.bioexcel.eu/c/haddock/6
[2026-02-06 21:17:05,965 cli INFO] Finished at 06/02/2026 21:17:05. Ciao! Adiós! 再见!
