[2026-02-13 10:55:02,561 cli INFO] 
##############################################
#                                            #
#                 HADDOCK3                   #
#                                            #
##############################################

!! Some of the HADDOCK3 components use CNS (Crystallographic and NMR System) which is free of use for non-profit applications. !!
!! For commercial use it is your own responsibility to have a proper license. !!
!! For details refer to the DISCLAIMER file in the HADDOCK3 repository. !!

Starting HADDOCK3 v2024.10.0b7 on 2026-02-13 10:55:00

Python 3.10.12 (main, Feb  4 2025, 14:57:36) [GCC 11.4.0]

[2026-02-13 10:55:06,229 libworkflow INFO] Reading instructions step 0_topoaa
[2026-02-13 10:55:06,229 libworkflow INFO] Reading instructions step 1_rigidbody
[2026-02-13 10:55:06,229 libworkflow INFO] Reading instructions step 2_flexref
[2026-02-13 10:55:06,229 libworkflow INFO] Reading instructions step 3_emref
[2026-02-13 10:55:06,243 base_cns_module INFO] Running [topoaa] module
[2026-02-13 10:55:06,243 __init__ INFO] [topoaa] Molecule 1: receptor_single_Neg_CAACTCCGTATCTCGC-1_contig_1_1.pdb
[2026-02-13 10:55:06,245 __init__ INFO] [topoaa] Sanitizing molecule receptor_single_Neg_CAACTCCGTATCTCGC-1_contig_1_1.pdb
[2026-02-13 10:55:06,251 __init__ INFO] [topoaa] Topology CNS input created
[2026-02-13 10:55:06,252 __init__ INFO] [topoaa] Molecule 2: ligand_single_Neg_CAACTCCGTATCTCGC-1_contig_1_1.pdb
[2026-02-13 10:55:06,253 __init__ INFO] [topoaa] Sanitizing molecule ligand_single_Neg_CAACTCCGTATCTCGC-1_contig_1_1.pdb
[2026-02-13 10:55:06,259 __init__ INFO] [topoaa] Topology CNS input created
[2026-02-13 10:55:06,259 __init__ INFO] [topoaa] Running CNS Jobs n=2
[2026-02-13 10:55:06,259 libutil INFO] Selected 2 cores to process 2 jobs, with 32 maximum available cores.
[2026-02-13 10:55:06,260 libparallel INFO] Using 2 cores
[2026-02-13 10:55:09,495 libparallel INFO] 2 tasks finished
[2026-02-13 10:55:09,495 __init__ INFO] [topoaa] CNS jobs have finished
[2026-02-13 10:55:09,497 base_cns_module INFO] Module [topoaa] finished.
[2026-02-13 10:55:09,497 __init__ INFO] [topoaa] took 3 seconds
[2026-02-13 10:55:09,833 base_cns_module INFO] Running [rigidbody] module
[2026-02-13 10:55:09,833 __init__ INFO] [rigidbody] crossdock=true
[2026-02-13 10:55:09,833 __init__ INFO] [rigidbody] Preparing jobs...
[2026-02-13 10:55:09,835 libutil INFO] Selected 20 cores to process 20 jobs, with 32 maximum available cores.
[2026-02-13 10:55:09,835 libparallel INFO] Using 20 cores
[2026-02-13 10:55:09,863 libparallel INFO] 20 tasks finished
[2026-02-13 10:55:09,864 __init__ INFO] [rigidbody] Preparation took 0.030315 seconds
[2026-02-13 10:55:09,864 __init__ INFO] [rigidbody] Running CNS Jobs n=20
[2026-02-13 10:55:09,864 libutil INFO] Selected 20 cores to process 20 jobs, with 32 maximum available cores.
[2026-02-13 10:55:09,865 libparallel INFO] Using 20 cores
[2026-02-13 10:55:20,622 libparallel INFO] 20 tasks finished
[2026-02-13 10:55:20,622 __init__ INFO] [rigidbody] CNS jobs have finished
[2026-02-13 10:55:20,650 base_cns_module INFO] Module [rigidbody] finished.
[2026-02-13 10:55:20,650 __init__ INFO] [rigidbody] took 11 seconds
[2026-02-13 10:55:21,025 base_cns_module INFO] Running [flexref] module
[2026-02-13 10:55:21,083 __init__ INFO] [flexref] Running CNS Jobs n=20
[2026-02-13 10:55:21,083 libutil INFO] Selected 20 cores to process 20 jobs, with 32 maximum available cores.
[2026-02-13 10:55:21,084 libparallel INFO] Using 20 cores
[2026-02-13 10:56:57,766 libparallel INFO] 20 tasks finished
[2026-02-13 10:56:57,767 __init__ INFO] [flexref] CNS jobs have finished
[2026-02-13 10:56:57,798 base_cns_module INFO] Module [flexref] finished.
[2026-02-13 10:56:57,798 __init__ INFO] [flexref] took 1 minute and 37 seconds
[2026-02-13 10:56:58,137 base_cns_module INFO] Running [emref] module
[2026-02-13 10:56:58,193 __init__ INFO] [emref] Running CNS Jobs n=20
[2026-02-13 10:56:58,193 libutil INFO] Selected 20 cores to process 20 jobs, with 32 maximum available cores.
[2026-02-13 10:56:58,193 libparallel INFO] Using 20 cores
[2026-02-13 10:57:05,645 libparallel INFO] 20 tasks finished
[2026-02-13 10:57:05,645 __init__ INFO] [emref] CNS jobs have finished
[2026-02-13 10:57:05,681 base_cns_module INFO] Module [emref] finished.
[2026-02-13 10:57:05,681 __init__ INFO] [emref] took 8 seconds
[2026-02-13 10:57:05,681 cli_analyse INFO] Running haddock3-analyse on ./, modules [], with top_cluster = 10
[2026-02-13 10:57:05,690 cli_analyse INFO] Created directory: /mnt/Data/PopOS/Data_Ana/Wu/clawdPorjects/HADDOCK_test/results/run_Neg_CAACTCCGTATCTCGC-1_contig_1_1/analysis
[2026-02-13 10:57:05,690 cli_analyse INFO] Reading input run directory
[2026-02-13 10:57:05,690 cli_analyse INFO] selected steps: 0_topoaa, 1_rigidbody, 2_flexref, 3_emref
[2026-02-13 10:57:05,690 cli_analyse INFO] Analysing step 0_topoaa
[2026-02-13 10:57:05,690 cli_analyse WARNING] Could not execute the analysis for step 0_topoaa. The following error occurred 'dict' object has no attribute 'rel_path'
[2026-02-13 10:57:05,690 cli_analyse INFO] Analysing step 1_rigidbody
[2026-02-13 10:57:05,691 cli_unpack INFO] Unpacking '../1_rigidbody' folder
[2026-02-13 10:57:05,692 libtimer INFO] unpacking took 0 seconds
[2026-02-13 10:57:05,705 capri INFO] Found previous CNS step: 1_rigidbody
[2026-02-13 10:57:05,813 capri INFO] Saved scoring weights to: weights_params.json
[2026-02-13 10:57:05,813 __init__ INFO] [caprieval] No reference structure provided. Using the structure with the lowest score from previous step
[2026-02-13 10:57:05,898 libutil INFO] Selected 20 cores to process 20 jobs, with 32 maximum available cores.
[2026-02-13 10:57:05,899 libparallel INFO] Using 20 cores
[2026-02-13 10:57:06,407 libparallel INFO] 20 tasks finished
[2026-02-13 10:57:06,408 capri INFO] Rearranging cluster information into capri_clt.tsv
[2026-02-13 10:57:06,415 cli_clean INFO] Compressing '../1_rigidbody' folder
[2026-02-13 10:57:06,415 clean_steps INFO] Cleaning output for '../1_rigidbody' using 20 cores.
[2026-02-13 10:57:06,553 libtimer INFO] compressing took 0 seconds
[2026-02-13 10:57:06,553 cli_analyse INFO] CAPRI files identified
[2026-02-13 10:57:06,556 cli_analyse INFO] Plotting results..
[2026-02-13 10:57:07,824 cli_analyse INFO] Summary archive summary.tgz created!
[2026-02-13 10:57:07,825 cli_analyse INFO] Analysing step 2_flexref
[2026-02-13 10:57:07,827 cli_unpack INFO] Unpacking '../2_flexref' folder
[2026-02-13 10:57:07,827 libtimer INFO] unpacking took 0 seconds
[2026-02-13 10:57:07,840 capri INFO] Found previous CNS step: 2_flexref
[2026-02-13 10:57:08,077 capri INFO] Saved scoring weights to: weights_params.json
[2026-02-13 10:57:08,078 __init__ INFO] [caprieval] No reference structure provided. Using the structure with the lowest score from previous step
[2026-02-13 10:57:08,163 libutil INFO] Selected 20 cores to process 20 jobs, with 32 maximum available cores.
[2026-02-13 10:57:08,163 libparallel INFO] Using 20 cores
[2026-02-13 10:57:08,564 libparallel INFO] 20 tasks finished
[2026-02-13 10:57:08,564 capri INFO] Rearranging cluster information into capri_clt.tsv
[2026-02-13 10:57:08,568 cli_clean INFO] Compressing '../2_flexref' folder
[2026-02-13 10:57:08,568 clean_steps INFO] Cleaning output for '../2_flexref' using 20 cores.
[2026-02-13 10:57:08,686 libtimer INFO] compressing took 0 seconds
[2026-02-13 10:57:08,686 cli_analyse INFO] CAPRI files identified
[2026-02-13 10:57:08,688 cli_analyse INFO] Plotting results..
[2026-02-13 10:57:09,791 cli_analyse INFO] Summary archive summary.tgz created!
[2026-02-13 10:57:09,791 cli_analyse INFO] Analysing step 3_emref
[2026-02-13 10:57:09,793 cli_unpack INFO] Unpacking '../3_emref' folder
[2026-02-13 10:57:09,794 libtimer INFO] unpacking took 0 seconds
[2026-02-13 10:57:09,807 capri INFO] Found previous CNS step: 3_emref
[2026-02-13 10:57:09,908 capri INFO] Saved scoring weights to: weights_params.json
[2026-02-13 10:57:09,909 __init__ INFO] [caprieval] No reference structure provided. Using the structure with the lowest score from previous step
[2026-02-13 10:57:09,996 libutil INFO] Selected 20 cores to process 20 jobs, with 32 maximum available cores.
[2026-02-13 10:57:09,997 libparallel INFO] Using 20 cores
[2026-02-13 10:57:10,388 libparallel INFO] 20 tasks finished
[2026-02-13 10:57:10,389 capri INFO] Rearranging cluster information into capri_clt.tsv
[2026-02-13 10:57:10,396 cli_clean INFO] Compressing '../3_emref' folder
[2026-02-13 10:57:10,397 clean_steps INFO] Cleaning output for '../3_emref' using 20 cores.
[2026-02-13 10:57:10,522 libtimer INFO] compressing took 0 seconds
[2026-02-13 10:57:10,522 cli_analyse INFO] CAPRI files identified
[2026-02-13 10:57:10,525 cli_analyse INFO] Plotting results..
[2026-02-13 10:57:11,648 cli_analyse INFO] Summary archive summary.tgz created!
[2026-02-13 10:57:11,648 cli_analyse INFO] moving files to analysis folder
[2026-02-13 10:57:11,648 cli_analyse INFO] cancelling unsuccesful analysis folders
[2026-02-13 10:57:11,648 cli_analyse INFO] updating paths in analysis/1_rigidbody_analysis/capri_ss.tsv
[2026-02-13 10:57:11,649 cli_analyse INFO] View the results in analysis/1_rigidbody_analysis/report.html
[2026-02-13 10:57:11,649 cli_analyse INFO] To view structures or download the structure files, in a terminal run the command `python -m http.server --directory /mnt/Data/PopOS/Data_Ana/Wu/clawdPorjects/HADDOCK_test/results/run_Neg_CAACTCCGTATCTCGC-1_contig_1_1`. By default, http server runs on `http://0.0.0.0:8000/`. Open the link http://0.0.0.0:8000/analysis/1_rigidbody_analysis/report.html in a web browser.
[2026-02-13 10:57:11,649 cli_analyse INFO] updating paths in analysis/2_flexref_analysis/capri_ss.tsv
[2026-02-13 10:57:11,649 cli_analyse INFO] View the results in analysis/2_flexref_analysis/report.html
[2026-02-13 10:57:11,649 cli_analyse INFO] To view structures or download the structure files, in a terminal run the command `python -m http.server --directory /mnt/Data/PopOS/Data_Ana/Wu/clawdPorjects/HADDOCK_test/results/run_Neg_CAACTCCGTATCTCGC-1_contig_1_1`. By default, http server runs on `http://0.0.0.0:8000/`. Open the link http://0.0.0.0:8000/analysis/2_flexref_analysis/report.html in a web browser.
[2026-02-13 10:57:11,649 cli_analyse INFO] updating paths in analysis/3_emref_analysis/capri_ss.tsv
[2026-02-13 10:57:11,649 cli_analyse INFO] View the results in analysis/3_emref_analysis/report.html
[2026-02-13 10:57:11,649 cli_analyse INFO] To view structures or download the structure files, in a terminal run the command `python -m http.server --directory /mnt/Data/PopOS/Data_Ana/Wu/clawdPorjects/HADDOCK_test/results/run_Neg_CAACTCCGTATCTCGC-1_contig_1_1`. By default, http server runs on `http://0.0.0.0:8000/`. Open the link http://0.0.0.0:8000/analysis/3_emref_analysis/report.html in a web browser.
[2026-02-13 10:57:11,649 cli_traceback INFO] Running haddock3-traceback on ./
[2026-02-13 10:57:11,649 cli_traceback INFO] Reading input run directory
[2026-02-13 10:57:11,649 cli_traceback INFO] All_steps: 0_topoaa, 1_rigidbody, 2_flexref, 3_emref
[2026-02-13 10:57:11,650 cli_traceback INFO] Modules not to be analysed: 0_topoaa
[2026-02-13 10:57:11,650 cli_traceback INFO] Steps to trace back: 1_rigidbody, 2_flexref, 3_emref
[2026-02-13 10:57:11,650 cli_traceback INFO] Created directory: /mnt/Data/PopOS/Data_Ana/Wu/clawdPorjects/HADDOCK_test/results/run_Neg_CAACTCCGTATCTCGC-1_contig_1_1/traceback
[2026-02-13 10:57:11,650 cli_traceback INFO] Tracing back step 3_emref
[2026-02-13 10:57:11,652 cli_traceback INFO] Tracing back step 2_flexref
[2026-02-13 10:57:11,654 cli_traceback INFO] Tracing back step 1_rigidbody
[2026-02-13 10:57:11,658 cli_traceback INFO] Output dataframe traceback/traceback.tsv created with shape (20, 8)
[2026-02-13 10:57:11,684 clean_steps INFO] Cleaning output for '0_topoaa' using 20 cores.
[2026-02-13 10:57:11,814 libtimer INFO] cleaning output files took 0 seconds
[2026-02-13 10:57:11,814 clean_steps INFO] Cleaning output for '1_rigidbody' using 20 cores.
[2026-02-13 10:57:11,823 libtimer INFO] cleaning output files took 0 seconds
[2026-02-13 10:57:11,823 clean_steps INFO] Cleaning output for '2_flexref' using 20 cores.
[2026-02-13 10:57:11,831 libtimer INFO] cleaning output files took 0 seconds
[2026-02-13 10:57:11,831 clean_steps INFO] Cleaning output for '3_emref' using 20 cores.
[2026-02-13 10:57:11,843 libtimer INFO] cleaning output files took 0 seconds
[2026-02-13 10:57:11,843 cli INFO] This HADDOCK3 run took: 2 minutes and 9 seconds
[2026-02-13 10:57:11,843 greetings INFO] Your feedback matters in Haddock3! Share your experience and help us grow:
[2026-02-13 10:57:11,843 greetings INFO] GitHub issues: https://github.com/haddocking/haddock3/issues
[2026-02-13 10:57:11,843 greetings INFO] BioExcel feedback: https://www.bonvinlab.org/feedback
[2026-02-13 10:57:11,843 greetings INFO] BioExcel forum: https://ask.bioexcel.eu/c/haddock/6
[2026-02-13 10:57:11,844 cli INFO] Finished at 13/02/2026 10:57:11. Adéu-siau! Tot ziens! Tchau!
