[2026-02-06 05:26:09,228 cli INFO] 
##############################################
#                                            #
#                 HADDOCK3                   #
#                                            #
##############################################

!! Some of the HADDOCK3 components use CNS (Crystallographic and NMR System) which is free of use for non-profit applications. !!
!! For commercial use it is your own responsibility to have a proper license. !!
!! For details refer to the DISCLAIMER file in the HADDOCK3 repository. !!

Starting HADDOCK3 v2024.10.0b7 on 2026-02-06 05:26:00

Python 3.10.12 (main, Feb  4 2025, 14:57:36) [GCC 11.4.0]

[2026-02-06 05:26:12,852 libworkflow INFO] Reading instructions step 0_topoaa
[2026-02-06 05:26:12,853 libworkflow INFO] Reading instructions step 1_rigidbody
[2026-02-06 05:26:12,853 libworkflow INFO] Reading instructions step 2_flexref
[2026-02-06 05:26:12,853 libworkflow INFO] Reading instructions step 3_emref
[2026-02-06 05:26:12,866 base_cns_module INFO] Running [topoaa] module
[2026-02-06 05:26:12,867 __init__ INFO] [topoaa] Molecule 1: receptor_single_refold_604_Epi.pdb
[2026-02-06 05:26:12,868 __init__ INFO] [topoaa] Sanitizing molecule receptor_single_refold_604_Epi.pdb
[2026-02-06 05:26:12,875 __init__ INFO] [topoaa] Topology CNS input created
[2026-02-06 05:26:12,875 __init__ INFO] [topoaa] Molecule 2: ligand_single_refold_604_Epi.pdb
[2026-02-06 05:26:12,876 __init__ INFO] [topoaa] Sanitizing molecule ligand_single_refold_604_Epi.pdb
[2026-02-06 05:26:12,879 __init__ INFO] [topoaa] Topology CNS input created
[2026-02-06 05:26:12,879 __init__ INFO] [topoaa] Running CNS Jobs n=2
[2026-02-06 05:26:12,879 libutil INFO] Selected 2 cores to process 2 jobs, with 32 maximum available cores.
[2026-02-06 05:26:12,881 libparallel INFO] Using 2 cores
[2026-02-06 05:26:16,170 libparallel INFO] 2 tasks finished
[2026-02-06 05:26:16,171 __init__ INFO] [topoaa] CNS jobs have finished
[2026-02-06 05:26:16,172 base_cns_module INFO] Module [topoaa] finished.
[2026-02-06 05:26:16,172 __init__ INFO] [topoaa] took 3 seconds
[2026-02-06 05:26:16,504 base_cns_module INFO] Running [rigidbody] module
[2026-02-06 05:26:16,504 __init__ INFO] [rigidbody] crossdock=true
[2026-02-06 05:26:16,504 __init__ INFO] [rigidbody] Preparing jobs...
[2026-02-06 05:26:16,506 libutil INFO] Selected 20 cores to process 20 jobs, with 32 maximum available cores.
[2026-02-06 05:26:16,506 libparallel INFO] Using 20 cores
[2026-02-06 05:26:16,531 libparallel INFO] 20 tasks finished
[2026-02-06 05:26:16,532 __init__ INFO] [rigidbody] Preparation took 0.027726 seconds
[2026-02-06 05:26:16,533 __init__ INFO] [rigidbody] Running CNS Jobs n=20
[2026-02-06 05:26:16,533 libutil INFO] Selected 20 cores to process 20 jobs, with 32 maximum available cores.
[2026-02-06 05:26:16,534 libparallel INFO] Using 20 cores
[2026-02-06 05:26:27,211 libparallel INFO] 20 tasks finished
[2026-02-06 05:26:27,212 __init__ INFO] [rigidbody] CNS jobs have finished
[2026-02-06 05:26:27,249 base_cns_module INFO] Module [rigidbody] finished.
[2026-02-06 05:26:27,249 __init__ INFO] [rigidbody] took 11 seconds
[2026-02-06 05:26:27,625 base_cns_module INFO] Running [flexref] module
[2026-02-06 05:26:27,683 __init__ INFO] [flexref] Running CNS Jobs n=20
[2026-02-06 05:26:27,683 libutil INFO] Selected 20 cores to process 20 jobs, with 32 maximum available cores.
[2026-02-06 05:26:27,683 libparallel INFO] Using 20 cores
[2026-02-06 05:28:00,973 libparallel INFO] 20 tasks finished
[2026-02-06 05:28:00,973 __init__ INFO] [flexref] CNS jobs have finished
[2026-02-06 05:28:01,011 base_cns_module INFO] Module [flexref] finished.
[2026-02-06 05:28:01,011 __init__ INFO] [flexref] took 1 minute and 33 seconds
[2026-02-06 05:28:01,344 base_cns_module INFO] Running [emref] module
[2026-02-06 05:28:01,400 __init__ INFO] [emref] Running CNS Jobs n=20
[2026-02-06 05:28:01,400 libutil INFO] Selected 20 cores to process 20 jobs, with 32 maximum available cores.
[2026-02-06 05:28:01,401 libparallel INFO] Using 20 cores
[2026-02-06 05:28:08,840 libparallel INFO] 20 tasks finished
[2026-02-06 05:28:08,840 __init__ INFO] [emref] CNS jobs have finished
[2026-02-06 05:28:08,885 base_cns_module INFO] Module [emref] finished.
[2026-02-06 05:28:08,885 __init__ INFO] [emref] took 8 seconds
[2026-02-06 05:28:08,885 cli_analyse INFO] Running haddock3-analyse on ./, modules [], with top_cluster = 10
[2026-02-06 05:28:08,905 cli_analyse INFO] Created directory: /mnt/Data/PopOS/Data_Ana/Wu/clawdPorjects/HADDOCK_test/results/run_refold_604_Epi/analysis
[2026-02-06 05:28:08,905 cli_analyse INFO] Reading input run directory
[2026-02-06 05:28:08,906 cli_analyse INFO] selected steps: 0_topoaa, 1_rigidbody, 2_flexref, 3_emref
[2026-02-06 05:28:08,906 cli_analyse INFO] Analysing step 0_topoaa
[2026-02-06 05:28:08,906 cli_analyse WARNING] Could not execute the analysis for step 0_topoaa. The following error occurred 'dict' object has no attribute 'rel_path'
[2026-02-06 05:28:08,907 cli_analyse INFO] Analysing step 1_rigidbody
[2026-02-06 05:28:08,909 cli_unpack INFO] Unpacking '../1_rigidbody' folder
[2026-02-06 05:28:08,909 libtimer INFO] unpacking took 0 seconds
[2026-02-06 05:28:08,922 capri INFO] Found previous CNS step: 1_rigidbody
[2026-02-06 05:28:09,031 capri INFO] Saved scoring weights to: weights_params.json
[2026-02-06 05:28:09,031 __init__ INFO] [caprieval] No reference structure provided. Using the structure with the lowest score from previous step
[2026-02-06 05:28:09,114 libutil INFO] Selected 20 cores to process 20 jobs, with 32 maximum available cores.
[2026-02-06 05:28:09,114 libparallel INFO] Using 20 cores
[2026-02-06 05:28:09,562 libparallel INFO] 20 tasks finished
[2026-02-06 05:28:09,563 capri INFO] Rearranging cluster information into capri_clt.tsv
[2026-02-06 05:28:09,567 cli_clean INFO] Compressing '../1_rigidbody' folder
[2026-02-06 05:28:09,568 clean_steps INFO] Cleaning output for '../1_rigidbody' using 20 cores.
[2026-02-06 05:28:09,697 libtimer INFO] compressing took 0 seconds
[2026-02-06 05:28:09,697 cli_analyse INFO] CAPRI files identified
[2026-02-06 05:28:09,699 cli_analyse INFO] Plotting results..
[2026-02-06 05:28:10,913 cli_analyse INFO] Summary archive summary.tgz created!
[2026-02-06 05:28:10,913 cli_analyse INFO] Analysing step 2_flexref
[2026-02-06 05:28:10,915 cli_unpack INFO] Unpacking '../2_flexref' folder
[2026-02-06 05:28:10,915 libtimer INFO] unpacking took 0 seconds
[2026-02-06 05:28:10,928 capri INFO] Found previous CNS step: 2_flexref
[2026-02-06 05:28:11,166 capri INFO] Saved scoring weights to: weights_params.json
[2026-02-06 05:28:11,166 __init__ INFO] [caprieval] No reference structure provided. Using the structure with the lowest score from previous step
[2026-02-06 05:28:11,252 libutil INFO] Selected 20 cores to process 20 jobs, with 32 maximum available cores.
[2026-02-06 05:28:11,252 libparallel INFO] Using 20 cores
[2026-02-06 05:28:11,654 libparallel INFO] 20 tasks finished
[2026-02-06 05:28:11,655 capri INFO] Rearranging cluster information into capri_clt.tsv
[2026-02-06 05:28:11,659 cli_clean INFO] Compressing '../2_flexref' folder
[2026-02-06 05:28:11,659 clean_steps INFO] Cleaning output for '../2_flexref' using 20 cores.
[2026-02-06 05:28:11,779 libtimer INFO] compressing took 0 seconds
[2026-02-06 05:28:11,780 cli_analyse INFO] CAPRI files identified
[2026-02-06 05:28:11,782 cli_analyse INFO] Plotting results..
[2026-02-06 05:28:12,904 cli_analyse INFO] Summary archive summary.tgz created!
[2026-02-06 05:28:12,904 cli_analyse INFO] Analysing step 3_emref
[2026-02-06 05:28:12,906 cli_unpack INFO] Unpacking '../3_emref' folder
[2026-02-06 05:28:12,907 libtimer INFO] unpacking took 0 seconds
[2026-02-06 05:28:12,920 capri INFO] Found previous CNS step: 3_emref
[2026-02-06 05:28:13,021 capri INFO] Saved scoring weights to: weights_params.json
[2026-02-06 05:28:13,021 __init__ INFO] [caprieval] No reference structure provided. Using the structure with the lowest score from previous step
[2026-02-06 05:28:13,106 libutil INFO] Selected 20 cores to process 20 jobs, with 32 maximum available cores.
[2026-02-06 05:28:13,106 libparallel INFO] Using 20 cores
[2026-02-06 05:28:13,500 libparallel INFO] 20 tasks finished
[2026-02-06 05:28:13,501 capri INFO] Rearranging cluster information into capri_clt.tsv
[2026-02-06 05:28:13,505 cli_clean INFO] Compressing '../3_emref' folder
[2026-02-06 05:28:13,505 clean_steps INFO] Cleaning output for '../3_emref' using 20 cores.
[2026-02-06 05:28:13,628 libtimer INFO] compressing took 0 seconds
[2026-02-06 05:28:13,628 cli_analyse INFO] CAPRI files identified
[2026-02-06 05:28:13,629 cli_analyse INFO] Plotting results..
[2026-02-06 05:28:14,740 cli_analyse INFO] Summary archive summary.tgz created!
[2026-02-06 05:28:14,741 cli_analyse INFO] moving files to analysis folder
[2026-02-06 05:28:14,741 cli_analyse INFO] cancelling unsuccesful analysis folders
[2026-02-06 05:28:14,741 cli_analyse INFO] updating paths in analysis/1_rigidbody_analysis/capri_ss.tsv
[2026-02-06 05:28:14,741 cli_analyse INFO] View the results in analysis/1_rigidbody_analysis/report.html
[2026-02-06 05:28:14,741 cli_analyse INFO] To view structures or download the structure files, in a terminal run the command `python -m http.server --directory /mnt/Data/PopOS/Data_Ana/Wu/clawdPorjects/HADDOCK_test/results/run_refold_604_Epi`. By default, http server runs on `http://0.0.0.0:8000/`. Open the link http://0.0.0.0:8000/analysis/1_rigidbody_analysis/report.html in a web browser.
[2026-02-06 05:28:14,741 cli_analyse INFO] updating paths in analysis/2_flexref_analysis/capri_ss.tsv
[2026-02-06 05:28:14,741 cli_analyse INFO] View the results in analysis/2_flexref_analysis/report.html
[2026-02-06 05:28:14,741 cli_analyse INFO] To view structures or download the structure files, in a terminal run the command `python -m http.server --directory /mnt/Data/PopOS/Data_Ana/Wu/clawdPorjects/HADDOCK_test/results/run_refold_604_Epi`. By default, http server runs on `http://0.0.0.0:8000/`. Open the link http://0.0.0.0:8000/analysis/2_flexref_analysis/report.html in a web browser.
[2026-02-06 05:28:14,741 cli_analyse INFO] updating paths in analysis/3_emref_analysis/capri_ss.tsv
[2026-02-06 05:28:14,741 cli_analyse INFO] View the results in analysis/3_emref_analysis/report.html
[2026-02-06 05:28:14,741 cli_analyse INFO] To view structures or download the structure files, in a terminal run the command `python -m http.server --directory /mnt/Data/PopOS/Data_Ana/Wu/clawdPorjects/HADDOCK_test/results/run_refold_604_Epi`. By default, http server runs on `http://0.0.0.0:8000/`. Open the link http://0.0.0.0:8000/analysis/3_emref_analysis/report.html in a web browser.
[2026-02-06 05:28:14,742 cli_traceback INFO] Running haddock3-traceback on ./
[2026-02-06 05:28:14,742 cli_traceback INFO] Reading input run directory
[2026-02-06 05:28:14,742 cli_traceback INFO] All_steps: 0_topoaa, 1_rigidbody, 2_flexref, 3_emref
[2026-02-06 05:28:14,742 cli_traceback INFO] Modules not to be analysed: 0_topoaa
[2026-02-06 05:28:14,742 cli_traceback INFO] Steps to trace back: 1_rigidbody, 2_flexref, 3_emref
[2026-02-06 05:28:14,742 cli_traceback INFO] Created directory: /mnt/Data/PopOS/Data_Ana/Wu/clawdPorjects/HADDOCK_test/results/run_refold_604_Epi/traceback
[2026-02-06 05:28:14,742 cli_traceback INFO] Tracing back step 3_emref
[2026-02-06 05:28:14,744 cli_traceback INFO] Tracing back step 2_flexref
[2026-02-06 05:28:14,746 cli_traceback INFO] Tracing back step 1_rigidbody
[2026-02-06 05:28:14,750 cli_traceback INFO] Output dataframe traceback/traceback.tsv created with shape (20, 8)
[2026-02-06 05:28:14,776 clean_steps INFO] Cleaning output for '0_topoaa' using 20 cores.
[2026-02-06 05:28:14,916 libtimer INFO] cleaning output files took 0 seconds
[2026-02-06 05:28:14,916 clean_steps INFO] Cleaning output for '1_rigidbody' using 20 cores.
[2026-02-06 05:28:14,928 libtimer INFO] cleaning output files took 0 seconds
[2026-02-06 05:28:14,928 clean_steps INFO] Cleaning output for '2_flexref' using 20 cores.
[2026-02-06 05:28:14,945 libtimer INFO] cleaning output files took 0 seconds
[2026-02-06 05:28:14,946 clean_steps INFO] Cleaning output for '3_emref' using 20 cores.
[2026-02-06 05:28:14,971 libtimer INFO] cleaning output files took 0 seconds
[2026-02-06 05:28:14,971 cli INFO] This HADDOCK3 run took: 2 minutes and 6 seconds
[2026-02-06 05:28:14,971 greetings INFO] Your feedback matters in Haddock3! Share your experience and help us grow:
[2026-02-06 05:28:14,971 greetings INFO] GitHub issues: https://github.com/haddocking/haddock3/issues
[2026-02-06 05:28:14,971 greetings INFO] BioExcel feedback: https://www.bonvinlab.org/feedback
[2026-02-06 05:28:14,971 greetings INFO] BioExcel forum: https://ask.bioexcel.eu/c/haddock/6
[2026-02-06 05:28:14,971 cli INFO] Finished at 06/02/2026 05:28:14. Até logo! Tchau! Dovidenia!
