[2026-02-06 04:00:31,412 cli INFO] 
##############################################
#                                            #
#                 HADDOCK3                   #
#                                            #
##############################################

!! Some of the HADDOCK3 components use CNS (Crystallographic and NMR System) which is free of use for non-profit applications. !!
!! For commercial use it is your own responsibility to have a proper license. !!
!! For details refer to the DISCLAIMER file in the HADDOCK3 repository. !!

Starting HADDOCK3 v2024.10.0b7 on 2026-02-06 04:00:00

Python 3.10.12 (main, Feb  4 2025, 14:57:36) [GCC 11.4.0]

[2026-02-06 04:00:35,176 libworkflow INFO] Reading instructions step 0_topoaa
[2026-02-06 04:00:35,176 libworkflow INFO] Reading instructions step 1_rigidbody
[2026-02-06 04:00:35,176 libworkflow INFO] Reading instructions step 2_flexref
[2026-02-06 04:00:35,177 libworkflow INFO] Reading instructions step 3_emref
[2026-02-06 04:00:35,191 base_cns_module INFO] Running [topoaa] module
[2026-02-06 04:00:35,191 __init__ INFO] [topoaa] Molecule 1: receptor_single_15-5_Epi.pdb
[2026-02-06 04:00:35,192 __init__ INFO] [topoaa] Sanitizing molecule receptor_single_15-5_Epi.pdb
[2026-02-06 04:00:35,199 __init__ INFO] [topoaa] Topology CNS input created
[2026-02-06 04:00:35,199 __init__ INFO] [topoaa] Molecule 2: ligand_single_15-5_Epi.pdb
[2026-02-06 04:00:35,200 __init__ INFO] [topoaa] Sanitizing molecule ligand_single_15-5_Epi.pdb
[2026-02-06 04:00:35,203 __init__ INFO] [topoaa] Topology CNS input created
[2026-02-06 04:00:35,203 __init__ INFO] [topoaa] Running CNS Jobs n=2
[2026-02-06 04:00:35,203 libutil INFO] Selected 2 cores to process 2 jobs, with 32 maximum available cores.
[2026-02-06 04:00:35,204 libparallel INFO] Using 2 cores
[2026-02-06 04:00:38,406 libparallel INFO] 2 tasks finished
[2026-02-06 04:00:38,407 __init__ INFO] [topoaa] CNS jobs have finished
[2026-02-06 04:00:38,409 base_cns_module INFO] Module [topoaa] finished.
[2026-02-06 04:00:38,409 __init__ INFO] [topoaa] took 3 seconds
[2026-02-06 04:00:38,759 base_cns_module INFO] Running [rigidbody] module
[2026-02-06 04:00:38,760 __init__ INFO] [rigidbody] crossdock=true
[2026-02-06 04:00:38,760 __init__ INFO] [rigidbody] Preparing jobs...
[2026-02-06 04:00:38,762 libutil INFO] Selected 20 cores to process 20 jobs, with 32 maximum available cores.
[2026-02-06 04:00:38,762 libparallel INFO] Using 20 cores
[2026-02-06 04:00:38,788 libparallel INFO] 20 tasks finished
[2026-02-06 04:00:38,788 __init__ INFO] [rigidbody] Preparation took 0.02856 seconds
[2026-02-06 04:00:38,790 __init__ INFO] [rigidbody] Running CNS Jobs n=20
[2026-02-06 04:00:38,790 libutil INFO] Selected 20 cores to process 20 jobs, with 32 maximum available cores.
[2026-02-06 04:00:38,790 libparallel INFO] Using 20 cores
[2026-02-06 04:00:49,123 libparallel INFO] 20 tasks finished
[2026-02-06 04:00:49,123 __init__ INFO] [rigidbody] CNS jobs have finished
[2026-02-06 04:00:49,150 base_cns_module INFO] Module [rigidbody] finished.
[2026-02-06 04:00:49,150 __init__ INFO] [rigidbody] took 10 seconds
[2026-02-06 04:00:49,530 base_cns_module INFO] Running [flexref] module
[2026-02-06 04:00:49,587 __init__ INFO] [flexref] Running CNS Jobs n=20
[2026-02-06 04:00:49,587 libutil INFO] Selected 20 cores to process 20 jobs, with 32 maximum available cores.
[2026-02-06 04:00:49,587 libparallel INFO] Using 20 cores
[2026-02-06 04:02:21,986 libparallel INFO] 20 tasks finished
[2026-02-06 04:02:21,986 __init__ INFO] [flexref] CNS jobs have finished
[2026-02-06 04:02:22,016 base_cns_module INFO] Module [flexref] finished.
[2026-02-06 04:02:22,016 __init__ INFO] [flexref] took 1 minute and 32 seconds
[2026-02-06 04:02:22,364 base_cns_module INFO] Running [emref] module
[2026-02-06 04:02:22,421 __init__ INFO] [emref] Running CNS Jobs n=20
[2026-02-06 04:02:22,421 libutil INFO] Selected 20 cores to process 20 jobs, with 32 maximum available cores.
[2026-02-06 04:02:22,421 libparallel INFO] Using 20 cores
[2026-02-06 04:02:29,395 libparallel INFO] 20 tasks finished
[2026-02-06 04:02:29,395 __init__ INFO] [emref] CNS jobs have finished
[2026-02-06 04:02:29,433 base_cns_module INFO] Module [emref] finished.
[2026-02-06 04:02:29,434 __init__ INFO] [emref] took 7 seconds
[2026-02-06 04:02:29,434 cli_analyse INFO] Running haddock3-analyse on ./, modules [], with top_cluster = 10
[2026-02-06 04:02:29,440 cli_analyse INFO] Created directory: /mnt/Data/PopOS/Data_Ana/Wu/clawdPorjects/HADDOCK_test/results/run_15-5_Epi/analysis
[2026-02-06 04:02:29,440 cli_analyse INFO] Reading input run directory
[2026-02-06 04:02:29,440 cli_analyse INFO] selected steps: 0_topoaa, 1_rigidbody, 2_flexref, 3_emref
[2026-02-06 04:02:29,440 cli_analyse INFO] Analysing step 0_topoaa
[2026-02-06 04:02:29,441 cli_analyse WARNING] Could not execute the analysis for step 0_topoaa. The following error occurred 'dict' object has no attribute 'rel_path'
[2026-02-06 04:02:29,441 cli_analyse INFO] Analysing step 1_rigidbody
[2026-02-06 04:02:29,442 cli_unpack INFO] Unpacking '../1_rigidbody' folder
[2026-02-06 04:02:29,443 libtimer INFO] unpacking took 0 seconds
[2026-02-06 04:02:29,456 capri INFO] Found previous CNS step: 1_rigidbody
[2026-02-06 04:02:29,566 capri INFO] Saved scoring weights to: weights_params.json
[2026-02-06 04:02:29,566 __init__ INFO] [caprieval] No reference structure provided. Using the structure with the lowest score from previous step
[2026-02-06 04:02:29,650 libutil INFO] Selected 20 cores to process 20 jobs, with 32 maximum available cores.
[2026-02-06 04:02:29,650 libparallel INFO] Using 20 cores
[2026-02-06 04:02:30,097 libparallel INFO] 20 tasks finished
[2026-02-06 04:02:30,098 capri INFO] Rearranging cluster information into capri_clt.tsv
[2026-02-06 04:02:30,105 cli_clean INFO] Compressing '../1_rigidbody' folder
[2026-02-06 04:02:30,105 clean_steps INFO] Cleaning output for '../1_rigidbody' using 20 cores.
[2026-02-06 04:02:30,227 libtimer INFO] compressing took 0 seconds
[2026-02-06 04:02:30,228 cli_analyse INFO] CAPRI files identified
[2026-02-06 04:02:30,230 cli_analyse INFO] Plotting results..
[2026-02-06 04:02:31,453 cli_analyse INFO] Summary archive summary.tgz created!
[2026-02-06 04:02:31,453 cli_analyse INFO] Analysing step 2_flexref
[2026-02-06 04:02:31,455 cli_unpack INFO] Unpacking '../2_flexref' folder
[2026-02-06 04:02:31,456 libtimer INFO] unpacking took 0 seconds
[2026-02-06 04:02:31,469 capri INFO] Found previous CNS step: 2_flexref
[2026-02-06 04:02:31,707 capri INFO] Saved scoring weights to: weights_params.json
[2026-02-06 04:02:31,707 __init__ INFO] [caprieval] No reference structure provided. Using the structure with the lowest score from previous step
[2026-02-06 04:02:31,791 libutil INFO] Selected 20 cores to process 20 jobs, with 32 maximum available cores.
[2026-02-06 04:02:31,791 libparallel INFO] Using 20 cores
[2026-02-06 04:02:32,180 libparallel INFO] 20 tasks finished
[2026-02-06 04:02:32,181 capri INFO] Rearranging cluster information into capri_clt.tsv
[2026-02-06 04:02:32,189 cli_clean INFO] Compressing '../2_flexref' folder
[2026-02-06 04:02:32,189 clean_steps INFO] Cleaning output for '../2_flexref' using 20 cores.
[2026-02-06 04:02:32,316 libtimer INFO] compressing took 0 seconds
[2026-02-06 04:02:32,316 cli_analyse INFO] CAPRI files identified
[2026-02-06 04:02:32,318 cli_analyse INFO] Plotting results..
[2026-02-06 04:02:33,438 cli_analyse INFO] Summary archive summary.tgz created!
[2026-02-06 04:02:33,438 cli_analyse INFO] Analysing step 3_emref
[2026-02-06 04:02:33,440 cli_unpack INFO] Unpacking '../3_emref' folder
[2026-02-06 04:02:33,440 libtimer INFO] unpacking took 0 seconds
[2026-02-06 04:02:33,454 capri INFO] Found previous CNS step: 3_emref
[2026-02-06 04:02:33,555 capri INFO] Saved scoring weights to: weights_params.json
[2026-02-06 04:02:33,555 __init__ INFO] [caprieval] No reference structure provided. Using the structure with the lowest score from previous step
[2026-02-06 04:02:33,640 libutil INFO] Selected 20 cores to process 20 jobs, with 32 maximum available cores.
[2026-02-06 04:02:33,640 libparallel INFO] Using 20 cores
[2026-02-06 04:02:34,064 libparallel INFO] 20 tasks finished
[2026-02-06 04:02:34,065 capri INFO] Rearranging cluster information into capri_clt.tsv
[2026-02-06 04:02:34,073 cli_clean INFO] Compressing '../3_emref' folder
[2026-02-06 04:02:34,073 clean_steps INFO] Cleaning output for '../3_emref' using 20 cores.
[2026-02-06 04:02:34,198 libtimer INFO] compressing took 0 seconds
[2026-02-06 04:02:34,198 cli_analyse INFO] CAPRI files identified
[2026-02-06 04:02:34,199 cli_analyse INFO] Plotting results..
[2026-02-06 04:02:35,294 cli_analyse INFO] Summary archive summary.tgz created!
[2026-02-06 04:02:35,294 cli_analyse INFO] moving files to analysis folder
[2026-02-06 04:02:35,295 cli_analyse INFO] cancelling unsuccesful analysis folders
[2026-02-06 04:02:35,295 cli_analyse INFO] updating paths in analysis/1_rigidbody_analysis/capri_ss.tsv
[2026-02-06 04:02:35,295 cli_analyse INFO] View the results in analysis/1_rigidbody_analysis/report.html
[2026-02-06 04:02:35,295 cli_analyse INFO] To view structures or download the structure files, in a terminal run the command `python -m http.server --directory /mnt/Data/PopOS/Data_Ana/Wu/clawdPorjects/HADDOCK_test/results/run_15-5_Epi`. By default, http server runs on `http://0.0.0.0:8000/`. Open the link http://0.0.0.0:8000/analysis/1_rigidbody_analysis/report.html in a web browser.
[2026-02-06 04:02:35,295 cli_analyse INFO] updating paths in analysis/2_flexref_analysis/capri_ss.tsv
[2026-02-06 04:02:35,295 cli_analyse INFO] View the results in analysis/2_flexref_analysis/report.html
[2026-02-06 04:02:35,295 cli_analyse INFO] To view structures or download the structure files, in a terminal run the command `python -m http.server --directory /mnt/Data/PopOS/Data_Ana/Wu/clawdPorjects/HADDOCK_test/results/run_15-5_Epi`. By default, http server runs on `http://0.0.0.0:8000/`. Open the link http://0.0.0.0:8000/analysis/2_flexref_analysis/report.html in a web browser.
[2026-02-06 04:02:35,295 cli_analyse INFO] updating paths in analysis/3_emref_analysis/capri_ss.tsv
[2026-02-06 04:02:35,295 cli_analyse INFO] View the results in analysis/3_emref_analysis/report.html
[2026-02-06 04:02:35,295 cli_analyse INFO] To view structures or download the structure files, in a terminal run the command `python -m http.server --directory /mnt/Data/PopOS/Data_Ana/Wu/clawdPorjects/HADDOCK_test/results/run_15-5_Epi`. By default, http server runs on `http://0.0.0.0:8000/`. Open the link http://0.0.0.0:8000/analysis/3_emref_analysis/report.html in a web browser.
[2026-02-06 04:02:35,295 cli_traceback INFO] Running haddock3-traceback on ./
[2026-02-06 04:02:35,295 cli_traceback INFO] Reading input run directory
[2026-02-06 04:02:35,296 cli_traceback INFO] All_steps: 0_topoaa, 1_rigidbody, 2_flexref, 3_emref
[2026-02-06 04:02:35,296 cli_traceback INFO] Modules not to be analysed: 0_topoaa
[2026-02-06 04:02:35,296 cli_traceback INFO] Steps to trace back: 1_rigidbody, 2_flexref, 3_emref
[2026-02-06 04:02:35,296 cli_traceback INFO] Created directory: /mnt/Data/PopOS/Data_Ana/Wu/clawdPorjects/HADDOCK_test/results/run_15-5_Epi/traceback
[2026-02-06 04:02:35,296 cli_traceback INFO] Tracing back step 3_emref
[2026-02-06 04:02:35,298 cli_traceback INFO] Tracing back step 2_flexref
[2026-02-06 04:02:35,300 cli_traceback INFO] Tracing back step 1_rigidbody
[2026-02-06 04:02:35,304 cli_traceback INFO] Output dataframe traceback/traceback.tsv created with shape (20, 8)
[2026-02-06 04:02:35,331 clean_steps INFO] Cleaning output for '0_topoaa' using 20 cores.
[2026-02-06 04:02:35,466 libtimer INFO] cleaning output files took 0 seconds
[2026-02-06 04:02:35,466 clean_steps INFO] Cleaning output for '1_rigidbody' using 20 cores.
[2026-02-06 04:02:35,474 libtimer INFO] cleaning output files took 0 seconds
[2026-02-06 04:02:35,474 clean_steps INFO] Cleaning output for '2_flexref' using 20 cores.
[2026-02-06 04:02:35,482 libtimer INFO] cleaning output files took 0 seconds
[2026-02-06 04:02:35,482 clean_steps INFO] Cleaning output for '3_emref' using 20 cores.
[2026-02-06 04:02:35,491 libtimer INFO] cleaning output files took 0 seconds
[2026-02-06 04:02:35,491 cli INFO] This HADDOCK3 run took: 2 minutes and 4 seconds
[2026-02-06 04:02:35,491 greetings INFO] Your feedback matters in Haddock3! Share your experience and help us grow:
[2026-02-06 04:02:35,491 greetings INFO] GitHub issues: https://github.com/haddocking/haddock3/issues
[2026-02-06 04:02:35,491 greetings INFO] BioExcel feedback: https://www.bonvinlab.org/feedback
[2026-02-06 04:02:35,491 greetings INFO] BioExcel forum: https://ask.bioexcel.eu/c/haddock/6
[2026-02-06 04:02:35,491 cli INFO] Finished at 06/02/2026 04:02:35. Ciao! Dovidenia! La revedere!
