[2026-02-13 11:05:43,846 cli INFO] 
##############################################
#                                            #
#                 HADDOCK3                   #
#                                            #
##############################################

!! Some of the HADDOCK3 components use CNS (Crystallographic and NMR System) which is free of use for non-profit applications. !!
!! For commercial use it is your own responsibility to have a proper license. !!
!! For details refer to the DISCLAIMER file in the HADDOCK3 repository. !!

Starting HADDOCK3 v2024.10.0b7 on 2026-02-13 11:05:00

Python 3.10.12 (main, Feb  4 2025, 14:57:36) [GCC 11.4.0]

[2026-02-13 11:05:47,652 libworkflow INFO] Reading instructions step 0_topoaa
[2026-02-13 11:05:47,653 libworkflow INFO] Reading instructions step 1_rigidbody
[2026-02-13 11:05:47,653 libworkflow INFO] Reading instructions step 2_flexref
[2026-02-13 11:05:47,653 libworkflow INFO] Reading instructions step 3_emref
[2026-02-13 11:05:47,667 base_cns_module INFO] Running [topoaa] module
[2026-02-13 11:05:47,667 __init__ INFO] [topoaa] Molecule 1: receptor_single_Neg_CATATCGAGCTGCAAC-1_contig_1_1.pdb
[2026-02-13 11:05:47,669 __init__ INFO] [topoaa] Sanitizing molecule receptor_single_Neg_CATATCGAGCTGCAAC-1_contig_1_1.pdb
[2026-02-13 11:05:47,676 __init__ INFO] [topoaa] Topology CNS input created
[2026-02-13 11:05:47,676 __init__ INFO] [topoaa] Molecule 2: ligand_single_Neg_CATATCGAGCTGCAAC-1_contig_1_1.pdb
[2026-02-13 11:05:47,677 __init__ INFO] [topoaa] Sanitizing molecule ligand_single_Neg_CATATCGAGCTGCAAC-1_contig_1_1.pdb
[2026-02-13 11:05:47,683 __init__ INFO] [topoaa] Topology CNS input created
[2026-02-13 11:05:47,683 __init__ INFO] [topoaa] Running CNS Jobs n=2
[2026-02-13 11:05:47,683 libutil INFO] Selected 2 cores to process 2 jobs, with 32 maximum available cores.
[2026-02-13 11:05:47,684 libparallel INFO] Using 2 cores
[2026-02-13 11:05:50,920 libparallel INFO] 2 tasks finished
[2026-02-13 11:05:50,921 __init__ INFO] [topoaa] CNS jobs have finished
[2026-02-13 11:05:50,923 base_cns_module INFO] Module [topoaa] finished.
[2026-02-13 11:05:50,923 __init__ INFO] [topoaa] took 3 seconds
[2026-02-13 11:05:51,279 base_cns_module INFO] Running [rigidbody] module
[2026-02-13 11:05:51,279 __init__ INFO] [rigidbody] crossdock=true
[2026-02-13 11:05:51,279 __init__ INFO] [rigidbody] Preparing jobs...
[2026-02-13 11:05:51,281 libutil INFO] Selected 20 cores to process 20 jobs, with 32 maximum available cores.
[2026-02-13 11:05:51,282 libparallel INFO] Using 20 cores
[2026-02-13 11:05:51,309 libparallel INFO] 20 tasks finished
[2026-02-13 11:05:51,309 __init__ INFO] [rigidbody] Preparation took 0.029996 seconds
[2026-02-13 11:05:51,311 __init__ INFO] [rigidbody] Running CNS Jobs n=20
[2026-02-13 11:05:51,311 libutil INFO] Selected 20 cores to process 20 jobs, with 32 maximum available cores.
[2026-02-13 11:05:51,311 libparallel INFO] Using 20 cores
[2026-02-13 11:06:01,800 libparallel INFO] 20 tasks finished
[2026-02-13 11:06:01,801 __init__ INFO] [rigidbody] CNS jobs have finished
[2026-02-13 11:06:01,829 base_cns_module INFO] Module [rigidbody] finished.
[2026-02-13 11:06:01,829 __init__ INFO] [rigidbody] took 11 seconds
[2026-02-13 11:06:02,219 base_cns_module INFO] Running [flexref] module
[2026-02-13 11:06:02,276 __init__ INFO] [flexref] Running CNS Jobs n=20
[2026-02-13 11:06:02,276 libutil INFO] Selected 20 cores to process 20 jobs, with 32 maximum available cores.
[2026-02-13 11:06:02,277 libparallel INFO] Using 20 cores
[2026-02-13 11:07:40,649 libparallel INFO] 20 tasks finished
[2026-02-13 11:07:40,650 __init__ INFO] [flexref] CNS jobs have finished
[2026-02-13 11:07:40,679 base_cns_module INFO] Module [flexref] finished.
[2026-02-13 11:07:40,679 __init__ INFO] [flexref] took 1 minute and 38 seconds
[2026-02-13 11:07:41,026 base_cns_module INFO] Running [emref] module
[2026-02-13 11:07:41,082 __init__ INFO] [emref] Running CNS Jobs n=20
[2026-02-13 11:07:41,082 libutil INFO] Selected 20 cores to process 20 jobs, with 32 maximum available cores.
[2026-02-13 11:07:41,083 libparallel INFO] Using 20 cores
[2026-02-13 11:07:48,482 libparallel INFO] 20 tasks finished
[2026-02-13 11:07:48,482 __init__ INFO] [emref] CNS jobs have finished
[2026-02-13 11:07:48,513 base_cns_module INFO] Module [emref] finished.
[2026-02-13 11:07:48,513 __init__ INFO] [emref] took 7 seconds
[2026-02-13 11:07:48,513 cli_analyse INFO] Running haddock3-analyse on ./, modules [], with top_cluster = 10
[2026-02-13 11:07:48,520 cli_analyse INFO] Created directory: /mnt/Data/PopOS/Data_Ana/Wu/clawdPorjects/HADDOCK_test/results/run_Neg_CATATCGAGCTGCAAC-1_contig_1_1/analysis
[2026-02-13 11:07:48,520 cli_analyse INFO] Reading input run directory
[2026-02-13 11:07:48,520 cli_analyse INFO] selected steps: 0_topoaa, 1_rigidbody, 2_flexref, 3_emref
[2026-02-13 11:07:48,520 cli_analyse INFO] Analysing step 0_topoaa
[2026-02-13 11:07:48,520 cli_analyse WARNING] Could not execute the analysis for step 0_topoaa. The following error occurred 'dict' object has no attribute 'rel_path'
[2026-02-13 11:07:48,520 cli_analyse INFO] Analysing step 1_rigidbody
[2026-02-13 11:07:48,521 cli_unpack INFO] Unpacking '../1_rigidbody' folder
[2026-02-13 11:07:48,522 libtimer INFO] unpacking took 0 seconds
[2026-02-13 11:07:48,535 capri INFO] Found previous CNS step: 1_rigidbody
[2026-02-13 11:07:48,644 capri INFO] Saved scoring weights to: weights_params.json
[2026-02-13 11:07:48,644 __init__ INFO] [caprieval] No reference structure provided. Using the structure with the lowest score from previous step
[2026-02-13 11:07:48,730 libutil INFO] Selected 20 cores to process 20 jobs, with 32 maximum available cores.
[2026-02-13 11:07:48,730 libparallel INFO] Using 20 cores
[2026-02-13 11:07:49,170 libparallel INFO] 20 tasks finished
[2026-02-13 11:07:49,171 capri INFO] Rearranging cluster information into capri_clt.tsv
[2026-02-13 11:07:49,175 cli_clean INFO] Compressing '../1_rigidbody' folder
[2026-02-13 11:07:49,175 clean_steps INFO] Cleaning output for '../1_rigidbody' using 20 cores.
[2026-02-13 11:07:49,299 libtimer INFO] compressing took 0 seconds
[2026-02-13 11:07:49,299 cli_analyse INFO] CAPRI files identified
[2026-02-13 11:07:49,302 cli_analyse INFO] Plotting results..
[2026-02-13 11:07:50,608 cli_analyse INFO] Summary archive summary.tgz created!
[2026-02-13 11:07:50,608 cli_analyse INFO] Analysing step 2_flexref
[2026-02-13 11:07:50,610 cli_unpack INFO] Unpacking '../2_flexref' folder
[2026-02-13 11:07:50,610 libtimer INFO] unpacking took 0 seconds
[2026-02-13 11:07:50,624 capri INFO] Found previous CNS step: 2_flexref
[2026-02-13 11:07:50,861 capri INFO] Saved scoring weights to: weights_params.json
[2026-02-13 11:07:50,861 __init__ INFO] [caprieval] No reference structure provided. Using the structure with the lowest score from previous step
[2026-02-13 11:07:50,949 libutil INFO] Selected 20 cores to process 20 jobs, with 32 maximum available cores.
[2026-02-13 11:07:50,949 libparallel INFO] Using 20 cores
[2026-02-13 11:07:51,352 libparallel INFO] 20 tasks finished
[2026-02-13 11:07:51,353 capri INFO] Rearranging cluster information into capri_clt.tsv
[2026-02-13 11:07:51,360 cli_clean INFO] Compressing '../2_flexref' folder
[2026-02-13 11:07:51,360 clean_steps INFO] Cleaning output for '../2_flexref' using 20 cores.
[2026-02-13 11:07:51,488 libtimer INFO] compressing took 0 seconds
[2026-02-13 11:07:51,488 cli_analyse INFO] CAPRI files identified
[2026-02-13 11:07:51,490 cli_analyse INFO] Plotting results..
[2026-02-13 11:07:52,607 cli_analyse INFO] Summary archive summary.tgz created!
[2026-02-13 11:07:52,608 cli_analyse INFO] Analysing step 3_emref
[2026-02-13 11:07:52,610 cli_unpack INFO] Unpacking '../3_emref' folder
[2026-02-13 11:07:52,610 libtimer INFO] unpacking took 0 seconds
[2026-02-13 11:07:52,624 capri INFO] Found previous CNS step: 3_emref
[2026-02-13 11:07:52,725 capri INFO] Saved scoring weights to: weights_params.json
[2026-02-13 11:07:52,725 __init__ INFO] [caprieval] No reference structure provided. Using the structure with the lowest score from previous step
[2026-02-13 11:07:52,811 libutil INFO] Selected 20 cores to process 20 jobs, with 32 maximum available cores.
[2026-02-13 11:07:52,811 libparallel INFO] Using 20 cores
[2026-02-13 11:07:53,213 libparallel INFO] 20 tasks finished
[2026-02-13 11:07:53,214 capri INFO] Rearranging cluster information into capri_clt.tsv
[2026-02-13 11:07:53,221 cli_clean INFO] Compressing '../3_emref' folder
[2026-02-13 11:07:53,221 clean_steps INFO] Cleaning output for '../3_emref' using 20 cores.
[2026-02-13 11:07:53,358 libtimer INFO] compressing took 0 seconds
[2026-02-13 11:07:53,358 cli_analyse INFO] CAPRI files identified
[2026-02-13 11:07:53,361 cli_analyse INFO] Plotting results..
[2026-02-13 11:07:54,494 cli_analyse INFO] Summary archive summary.tgz created!
[2026-02-13 11:07:54,494 cli_analyse INFO] moving files to analysis folder
[2026-02-13 11:07:54,494 cli_analyse INFO] cancelling unsuccesful analysis folders
[2026-02-13 11:07:54,494 cli_analyse INFO] updating paths in analysis/1_rigidbody_analysis/capri_ss.tsv
[2026-02-13 11:07:54,494 cli_analyse INFO] View the results in analysis/1_rigidbody_analysis/report.html
[2026-02-13 11:07:54,494 cli_analyse INFO] To view structures or download the structure files, in a terminal run the command `python -m http.server --directory /mnt/Data/PopOS/Data_Ana/Wu/clawdPorjects/HADDOCK_test/results/run_Neg_CATATCGAGCTGCAAC-1_contig_1_1`. By default, http server runs on `http://0.0.0.0:8000/`. Open the link http://0.0.0.0:8000/analysis/1_rigidbody_analysis/report.html in a web browser.
[2026-02-13 11:07:54,494 cli_analyse INFO] updating paths in analysis/2_flexref_analysis/capri_ss.tsv
[2026-02-13 11:07:54,495 cli_analyse INFO] View the results in analysis/2_flexref_analysis/report.html
[2026-02-13 11:07:54,495 cli_analyse INFO] To view structures or download the structure files, in a terminal run the command `python -m http.server --directory /mnt/Data/PopOS/Data_Ana/Wu/clawdPorjects/HADDOCK_test/results/run_Neg_CATATCGAGCTGCAAC-1_contig_1_1`. By default, http server runs on `http://0.0.0.0:8000/`. Open the link http://0.0.0.0:8000/analysis/2_flexref_analysis/report.html in a web browser.
[2026-02-13 11:07:54,495 cli_analyse INFO] updating paths in analysis/3_emref_analysis/capri_ss.tsv
[2026-02-13 11:07:54,495 cli_analyse INFO] View the results in analysis/3_emref_analysis/report.html
[2026-02-13 11:07:54,495 cli_analyse INFO] To view structures or download the structure files, in a terminal run the command `python -m http.server --directory /mnt/Data/PopOS/Data_Ana/Wu/clawdPorjects/HADDOCK_test/results/run_Neg_CATATCGAGCTGCAAC-1_contig_1_1`. By default, http server runs on `http://0.0.0.0:8000/`. Open the link http://0.0.0.0:8000/analysis/3_emref_analysis/report.html in a web browser.
[2026-02-13 11:07:54,495 cli_traceback INFO] Running haddock3-traceback on ./
[2026-02-13 11:07:54,495 cli_traceback INFO] Reading input run directory
[2026-02-13 11:07:54,495 cli_traceback INFO] All_steps: 0_topoaa, 1_rigidbody, 2_flexref, 3_emref
[2026-02-13 11:07:54,495 cli_traceback INFO] Modules not to be analysed: 0_topoaa
[2026-02-13 11:07:54,495 cli_traceback INFO] Steps to trace back: 1_rigidbody, 2_flexref, 3_emref
[2026-02-13 11:07:54,495 cli_traceback INFO] Created directory: /mnt/Data/PopOS/Data_Ana/Wu/clawdPorjects/HADDOCK_test/results/run_Neg_CATATCGAGCTGCAAC-1_contig_1_1/traceback
[2026-02-13 11:07:54,495 cli_traceback INFO] Tracing back step 3_emref
[2026-02-13 11:07:54,497 cli_traceback INFO] Tracing back step 2_flexref
[2026-02-13 11:07:54,499 cli_traceback INFO] Tracing back step 1_rigidbody
[2026-02-13 11:07:54,503 cli_traceback INFO] Output dataframe traceback/traceback.tsv created with shape (20, 8)
[2026-02-13 11:07:54,530 clean_steps INFO] Cleaning output for '0_topoaa' using 20 cores.
[2026-02-13 11:07:54,661 libtimer INFO] cleaning output files took 0 seconds
[2026-02-13 11:07:54,661 clean_steps INFO] Cleaning output for '1_rigidbody' using 20 cores.
[2026-02-13 11:07:54,670 libtimer INFO] cleaning output files took 0 seconds
[2026-02-13 11:07:54,670 clean_steps INFO] Cleaning output for '2_flexref' using 20 cores.
[2026-02-13 11:07:54,680 libtimer INFO] cleaning output files took 0 seconds
[2026-02-13 11:07:54,681 clean_steps INFO] Cleaning output for '3_emref' using 20 cores.
[2026-02-13 11:07:54,691 libtimer INFO] cleaning output files took 0 seconds
[2026-02-13 11:07:54,691 cli INFO] This HADDOCK3 run took: 2 minutes and 11 seconds
[2026-02-13 11:07:54,691 greetings INFO] Your feedback matters in Haddock3! Share your experience and help us grow:
[2026-02-13 11:07:54,691 greetings INFO] GitHub issues: https://github.com/haddocking/haddock3/issues
[2026-02-13 11:07:54,691 greetings INFO] BioExcel feedback: https://www.bonvinlab.org/feedback
[2026-02-13 11:07:54,691 greetings INFO] BioExcel forum: https://ask.bioexcel.eu/c/haddock/6
[2026-02-13 11:07:54,691 cli INFO] Finished at 13/02/2026 11:07:54. Tot ziens! Ciao! Tchau!
