[2026-02-06 04:39:17,445 cli INFO] 
##############################################
#                                            #
#                 HADDOCK3                   #
#                                            #
##############################################

!! Some of the HADDOCK3 components use CNS (Crystallographic and NMR System) which is free of use for non-profit applications. !!
!! For commercial use it is your own responsibility to have a proper license. !!
!! For details refer to the DISCLAIMER file in the HADDOCK3 repository. !!

Starting HADDOCK3 v2024.10.0b7 on 2026-02-06 04:39:00

Python 3.10.12 (main, Feb  4 2025, 14:57:36) [GCC 11.4.0]

[2026-02-06 04:39:21,114 libworkflow INFO] Reading instructions step 0_topoaa
[2026-02-06 04:39:21,114 libworkflow INFO] Reading instructions step 1_rigidbody
[2026-02-06 04:39:21,114 libworkflow INFO] Reading instructions step 2_flexref
[2026-02-06 04:39:21,114 libworkflow INFO] Reading instructions step 3_emref
[2026-02-06 04:39:21,128 base_cns_module INFO] Running [topoaa] module
[2026-02-06 04:39:21,128 __init__ INFO] [topoaa] Molecule 1: receptor_single_9CU7_Epi.pdb
[2026-02-06 04:39:21,132 __init__ INFO] [topoaa] Sanitizing molecule receptor_single_9CU7_Epi.pdb
[2026-02-06 04:39:21,151 __init__ INFO] [topoaa] Topology CNS input created
[2026-02-06 04:39:21,151 __init__ INFO] [topoaa] Molecule 2: ligand_single_9CU7_Epi.pdb
[2026-02-06 04:39:21,152 __init__ INFO] [topoaa] Sanitizing molecule ligand_single_9CU7_Epi.pdb
[2026-02-06 04:39:21,156 __init__ INFO] [topoaa] Topology CNS input created
[2026-02-06 04:39:21,156 __init__ INFO] [topoaa] Running CNS Jobs n=2
[2026-02-06 04:39:21,156 libutil INFO] Selected 2 cores to process 2 jobs, with 32 maximum available cores.
[2026-02-06 04:39:21,157 libparallel INFO] Using 2 cores
[2026-02-06 04:39:41,219 libparallel INFO] 2 tasks finished
[2026-02-06 04:39:41,219 __init__ INFO] [topoaa] CNS jobs have finished
[2026-02-06 04:39:41,221 base_cns_module INFO] Module [topoaa] finished.
[2026-02-06 04:39:41,222 __init__ INFO] [topoaa] took 20 seconds
[2026-02-06 04:39:41,566 base_cns_module INFO] Running [rigidbody] module
[2026-02-06 04:39:41,567 __init__ INFO] [rigidbody] crossdock=true
[2026-02-06 04:39:41,567 __init__ INFO] [rigidbody] Preparing jobs...
[2026-02-06 04:39:41,571 libutil INFO] Selected 20 cores to process 20 jobs, with 32 maximum available cores.
[2026-02-06 04:39:41,572 libparallel INFO] Using 20 cores
[2026-02-06 04:39:41,605 libparallel INFO] 20 tasks finished
[2026-02-06 04:39:41,605 __init__ INFO] [rigidbody] Preparation took 0.038255 seconds
[2026-02-06 04:39:41,607 __init__ INFO] [rigidbody] Running CNS Jobs n=20
[2026-02-06 04:39:41,607 libutil INFO] Selected 20 cores to process 20 jobs, with 32 maximum available cores.
[2026-02-06 04:39:41,607 libparallel INFO] Using 20 cores
[2026-02-06 04:40:13,929 libparallel INFO] 20 tasks finished
[2026-02-06 04:40:13,930 __init__ INFO] [rigidbody] CNS jobs have finished
[2026-02-06 04:40:13,984 base_cns_module INFO] Module [rigidbody] finished.
[2026-02-06 04:40:13,984 __init__ INFO] [rigidbody] took 32 seconds
[2026-02-06 04:40:14,359 base_cns_module INFO] Running [flexref] module
[2026-02-06 04:40:14,480 __init__ INFO] [flexref] Running CNS Jobs n=20
[2026-02-06 04:40:14,480 libutil INFO] Selected 20 cores to process 20 jobs, with 32 maximum available cores.
[2026-02-06 04:40:14,480 libparallel INFO] Using 20 cores
[2026-02-06 04:44:39,150 libparallel INFO] 20 tasks finished
[2026-02-06 04:44:39,150 __init__ INFO] [flexref] CNS jobs have finished
[2026-02-06 04:44:39,212 base_cns_module INFO] Module [flexref] finished.
[2026-02-06 04:44:39,212 __init__ INFO] [flexref] took 4 minutes and 25 seconds
[2026-02-06 04:44:39,556 base_cns_module INFO] Running [emref] module
[2026-02-06 04:44:39,674 __init__ INFO] [emref] Running CNS Jobs n=20
[2026-02-06 04:44:39,674 libutil INFO] Selected 20 cores to process 20 jobs, with 32 maximum available cores.
[2026-02-06 04:44:39,675 libparallel INFO] Using 20 cores
[2026-02-06 04:44:57,868 libparallel INFO] 20 tasks finished
[2026-02-06 04:44:57,869 __init__ INFO] [emref] CNS jobs have finished
[2026-02-06 04:44:57,942 base_cns_module INFO] Module [emref] finished.
[2026-02-06 04:44:57,942 __init__ INFO] [emref] took 18 seconds
[2026-02-06 04:44:57,942 cli_analyse INFO] Running haddock3-analyse on ./, modules [], with top_cluster = 10
[2026-02-06 04:44:57,949 cli_analyse INFO] Created directory: /mnt/Data/PopOS/Data_Ana/Wu/clawdPorjects/HADDOCK_test/results/run_9CU7_Epi/analysis
[2026-02-06 04:44:57,949 cli_analyse INFO] Reading input run directory
[2026-02-06 04:44:57,949 cli_analyse INFO] selected steps: 0_topoaa, 1_rigidbody, 2_flexref, 3_emref
[2026-02-06 04:44:57,949 cli_analyse INFO] Analysing step 0_topoaa
[2026-02-06 04:44:57,950 cli_analyse WARNING] Could not execute the analysis for step 0_topoaa. The following error occurred 'dict' object has no attribute 'rel_path'
[2026-02-06 04:44:57,950 cli_analyse INFO] Analysing step 1_rigidbody
[2026-02-06 04:44:57,951 cli_unpack INFO] Unpacking '../1_rigidbody' folder
[2026-02-06 04:44:57,951 libtimer INFO] unpacking took 0 seconds
[2026-02-06 04:44:57,964 capri INFO] Found previous CNS step: 1_rigidbody
[2026-02-06 04:44:58,072 capri INFO] Saved scoring weights to: weights_params.json
[2026-02-06 04:44:58,072 __init__ INFO] [caprieval] No reference structure provided. Using the structure with the lowest score from previous step
[2026-02-06 04:44:58,271 libutil INFO] Selected 20 cores to process 20 jobs, with 32 maximum available cores.
[2026-02-06 04:44:58,271 libparallel INFO] Using 20 cores
[2026-02-06 04:44:59,433 libparallel INFO] 20 tasks finished
[2026-02-06 04:44:59,435 capri INFO] Rearranging cluster information into capri_clt.tsv
[2026-02-06 04:44:59,442 cli_clean INFO] Compressing '../1_rigidbody' folder
[2026-02-06 04:44:59,442 clean_steps INFO] Cleaning output for '../1_rigidbody' using 20 cores.
[2026-02-06 04:44:59,703 libtimer INFO] compressing took 0 seconds
[2026-02-06 04:44:59,703 cli_analyse INFO] CAPRI files identified
[2026-02-06 04:44:59,705 cli_analyse INFO] Plotting results..
[2026-02-06 04:45:01,647 cli_analyse INFO] Summary archive summary.tgz created!
[2026-02-06 04:45:01,647 cli_analyse INFO] Analysing step 2_flexref
[2026-02-06 04:45:01,649 cli_unpack INFO] Unpacking '../2_flexref' folder
[2026-02-06 04:45:01,650 libtimer INFO] unpacking took 0 seconds
[2026-02-06 04:45:01,663 capri INFO] Found previous CNS step: 2_flexref
[2026-02-06 04:45:01,901 capri INFO] Saved scoring weights to: weights_params.json
[2026-02-06 04:45:01,901 __init__ INFO] [caprieval] No reference structure provided. Using the structure with the lowest score from previous step
[2026-02-06 04:45:02,112 libutil INFO] Selected 20 cores to process 20 jobs, with 32 maximum available cores.
[2026-02-06 04:45:02,112 libparallel INFO] Using 20 cores
[2026-02-06 04:45:03,115 libparallel INFO] 20 tasks finished
[2026-02-06 04:45:03,116 capri INFO] Rearranging cluster information into capri_clt.tsv
[2026-02-06 04:45:03,123 cli_clean INFO] Compressing '../2_flexref' folder
[2026-02-06 04:45:03,123 clean_steps INFO] Cleaning output for '../2_flexref' using 20 cores.
[2026-02-06 04:45:03,353 libtimer INFO] compressing took 0 seconds
[2026-02-06 04:45:03,353 cli_analyse INFO] CAPRI files identified
[2026-02-06 04:45:03,356 cli_analyse INFO] Plotting results..
[2026-02-06 04:45:05,166 cli_analyse INFO] Summary archive summary.tgz created!
[2026-02-06 04:45:05,166 cli_analyse INFO] Analysing step 3_emref
[2026-02-06 04:45:05,169 cli_unpack INFO] Unpacking '../3_emref' folder
[2026-02-06 04:45:05,169 libtimer INFO] unpacking took 0 seconds
[2026-02-06 04:45:05,182 capri INFO] Found previous CNS step: 3_emref
[2026-02-06 04:45:05,283 capri INFO] Saved scoring weights to: weights_params.json
[2026-02-06 04:45:05,283 __init__ INFO] [caprieval] No reference structure provided. Using the structure with the lowest score from previous step
[2026-02-06 04:45:05,483 libutil INFO] Selected 20 cores to process 20 jobs, with 32 maximum available cores.
[2026-02-06 04:45:05,483 libparallel INFO] Using 20 cores
[2026-02-06 04:45:06,476 libparallel INFO] 20 tasks finished
[2026-02-06 04:45:06,477 capri INFO] Rearranging cluster information into capri_clt.tsv
[2026-02-06 04:45:06,481 cli_clean INFO] Compressing '../3_emref' folder
[2026-02-06 04:45:06,482 clean_steps INFO] Cleaning output for '../3_emref' using 20 cores.
[2026-02-06 04:45:06,712 libtimer INFO] compressing took 0 seconds
[2026-02-06 04:45:06,712 cli_analyse INFO] CAPRI files identified
[2026-02-06 04:45:06,714 cli_analyse INFO] Plotting results..
[2026-02-06 04:45:08,756 cli_analyse INFO] Summary archive summary.tgz created!
[2026-02-06 04:45:08,756 cli_analyse INFO] moving files to analysis folder
[2026-02-06 04:45:08,756 cli_analyse INFO] cancelling unsuccesful analysis folders
[2026-02-06 04:45:08,756 cli_analyse INFO] updating paths in analysis/1_rigidbody_analysis/capri_ss.tsv
[2026-02-06 04:45:08,756 cli_analyse INFO] View the results in analysis/1_rigidbody_analysis/report.html
[2026-02-06 04:45:08,756 cli_analyse INFO] To view structures or download the structure files, in a terminal run the command `python -m http.server --directory /mnt/Data/PopOS/Data_Ana/Wu/clawdPorjects/HADDOCK_test/results/run_9CU7_Epi`. By default, http server runs on `http://0.0.0.0:8000/`. Open the link http://0.0.0.0:8000/analysis/1_rigidbody_analysis/report.html in a web browser.
[2026-02-06 04:45:08,756 cli_analyse INFO] updating paths in analysis/2_flexref_analysis/capri_ss.tsv
[2026-02-06 04:45:08,757 cli_analyse INFO] View the results in analysis/2_flexref_analysis/report.html
[2026-02-06 04:45:08,757 cli_analyse INFO] To view structures or download the structure files, in a terminal run the command `python -m http.server --directory /mnt/Data/PopOS/Data_Ana/Wu/clawdPorjects/HADDOCK_test/results/run_9CU7_Epi`. By default, http server runs on `http://0.0.0.0:8000/`. Open the link http://0.0.0.0:8000/analysis/2_flexref_analysis/report.html in a web browser.
[2026-02-06 04:45:08,757 cli_analyse INFO] updating paths in analysis/3_emref_analysis/capri_ss.tsv
[2026-02-06 04:45:08,757 cli_analyse INFO] View the results in analysis/3_emref_analysis/report.html
[2026-02-06 04:45:08,757 cli_analyse INFO] To view structures or download the structure files, in a terminal run the command `python -m http.server --directory /mnt/Data/PopOS/Data_Ana/Wu/clawdPorjects/HADDOCK_test/results/run_9CU7_Epi`. By default, http server runs on `http://0.0.0.0:8000/`. Open the link http://0.0.0.0:8000/analysis/3_emref_analysis/report.html in a web browser.
[2026-02-06 04:45:08,757 cli_traceback INFO] Running haddock3-traceback on ./
[2026-02-06 04:45:08,757 cli_traceback INFO] Reading input run directory
[2026-02-06 04:45:08,757 cli_traceback INFO] All_steps: 0_topoaa, 1_rigidbody, 2_flexref, 3_emref
[2026-02-06 04:45:08,757 cli_traceback INFO] Modules not to be analysed: 0_topoaa
[2026-02-06 04:45:08,757 cli_traceback INFO] Steps to trace back: 1_rigidbody, 2_flexref, 3_emref
[2026-02-06 04:45:08,757 cli_traceback INFO] Created directory: /mnt/Data/PopOS/Data_Ana/Wu/clawdPorjects/HADDOCK_test/results/run_9CU7_Epi/traceback
[2026-02-06 04:45:08,757 cli_traceback INFO] Tracing back step 3_emref
[2026-02-06 04:45:08,760 cli_traceback INFO] Tracing back step 2_flexref
[2026-02-06 04:45:08,762 cli_traceback INFO] Tracing back step 1_rigidbody
[2026-02-06 04:45:08,766 cli_traceback INFO] Output dataframe traceback/traceback.tsv created with shape (20, 8)
[2026-02-06 04:45:08,793 clean_steps INFO] Cleaning output for '0_topoaa' using 20 cores.
[2026-02-06 04:45:09,107 libtimer INFO] cleaning output files took 0 seconds
[2026-02-06 04:45:09,107 clean_steps INFO] Cleaning output for '1_rigidbody' using 20 cores.
[2026-02-06 04:45:09,115 libtimer INFO] cleaning output files took 0 seconds
[2026-02-06 04:45:09,116 clean_steps INFO] Cleaning output for '2_flexref' using 20 cores.
[2026-02-06 04:45:09,124 libtimer INFO] cleaning output files took 0 seconds
[2026-02-06 04:45:09,124 clean_steps INFO] Cleaning output for '3_emref' using 20 cores.
[2026-02-06 04:45:09,132 libtimer INFO] cleaning output files took 0 seconds
[2026-02-06 04:45:09,133 cli INFO] This HADDOCK3 run took: 5 minutes and 52 seconds
[2026-02-06 04:45:09,133 greetings INFO] Your feedback matters in Haddock3! Share your experience and help us grow:
[2026-02-06 04:45:09,133 greetings INFO] GitHub issues: https://github.com/haddocking/haddock3/issues
[2026-02-06 04:45:09,133 greetings INFO] BioExcel feedback: https://www.bonvinlab.org/feedback
[2026-02-06 04:45:09,133 greetings INFO] BioExcel forum: https://ask.bioexcel.eu/c/haddock/6
[2026-02-06 04:45:09,133 cli INFO] Finished at 06/02/2026 04:45:09. Tchau! Good bye! Até logo!
