[2026-02-06 21:13:11,360 cli INFO] 
##############################################
#                                            #
#                 HADDOCK3                   #
#                                            #
##############################################

!! Some of the HADDOCK3 components use CNS (Crystallographic and NMR System) which is free of use for non-profit applications. !!
!! For commercial use it is your own responsibility to have a proper license. !!
!! For details refer to the DISCLAIMER file in the HADDOCK3 repository. !!

Starting HADDOCK3 v2024.10.0b7 on 2026-02-06 21:13:00

Python 3.10.12 (main, Feb  4 2025, 14:57:36) [GCC 11.4.0]

[2026-02-06 21:13:15,078 libworkflow INFO] Reading instructions step 0_topoaa
[2026-02-06 21:13:15,078 libworkflow INFO] Reading instructions step 1_rigidbody
[2026-02-06 21:13:15,078 libworkflow INFO] Reading instructions step 2_flexref
[2026-02-06 21:13:15,078 libworkflow INFO] Reading instructions step 3_emref
[2026-02-06 21:13:15,079 libworkflow INFO] Reading instructions step 4_caprieval
[2026-02-06 21:13:15,092 base_cns_module INFO] Running [topoaa] module
[2026-02-06 21:13:15,092 __init__ INFO] [topoaa] Molecule 1: receptor_single_refold_8IUZ_Epi.pdb
[2026-02-06 21:13:15,094 __init__ INFO] [topoaa] Sanitizing molecule receptor_single_refold_8IUZ_Epi.pdb
[2026-02-06 21:13:15,100 __init__ INFO] [topoaa] Topology CNS input created
[2026-02-06 21:13:15,100 __init__ INFO] [topoaa] Molecule 2: ligand_single_refold_8IUZ_Epi.pdb
[2026-02-06 21:13:15,101 __init__ INFO] [topoaa] Sanitizing molecule ligand_single_refold_8IUZ_Epi.pdb
[2026-02-06 21:13:15,104 __init__ INFO] [topoaa] Topology CNS input created
[2026-02-06 21:13:15,104 __init__ INFO] [topoaa] Running CNS Jobs n=2
[2026-02-06 21:13:15,104 libutil INFO] Selected 2 cores to process 2 jobs, with 32 maximum available cores.
[2026-02-06 21:13:15,105 libparallel INFO] Using 2 cores
[2026-02-06 21:13:18,153 libparallel INFO] 2 tasks finished
[2026-02-06 21:13:18,153 __init__ INFO] [topoaa] CNS jobs have finished
[2026-02-06 21:13:18,155 base_cns_module INFO] Module [topoaa] finished.
[2026-02-06 21:13:18,155 __init__ INFO] [topoaa] took 3 seconds
[2026-02-06 21:13:18,490 base_cns_module INFO] Running [rigidbody] module
[2026-02-06 21:13:18,490 __init__ INFO] [rigidbody] crossdock=true
[2026-02-06 21:13:18,490 __init__ INFO] [rigidbody] Preparing jobs...
[2026-02-06 21:13:18,492 libutil INFO] Selected 20 cores to process 20 jobs, with 32 maximum available cores.
[2026-02-06 21:13:18,493 libparallel INFO] Using 20 cores
[2026-02-06 21:13:18,520 libparallel INFO] 20 tasks finished
[2026-02-06 21:13:18,520 __init__ INFO] [rigidbody] Preparation took 0.029629 seconds
[2026-02-06 21:13:18,521 __init__ INFO] [rigidbody] Running CNS Jobs n=20
[2026-02-06 21:13:18,522 libutil INFO] Selected 20 cores to process 20 jobs, with 32 maximum available cores.
[2026-02-06 21:13:18,522 libparallel INFO] Using 20 cores
[2026-02-06 21:13:30,129 libparallel INFO] 20 tasks finished
[2026-02-06 21:13:30,129 __init__ INFO] [rigidbody] CNS jobs have finished
[2026-02-06 21:13:30,156 base_cns_module INFO] Module [rigidbody] finished.
[2026-02-06 21:13:30,156 __init__ INFO] [rigidbody] took 12 seconds
[2026-02-06 21:13:30,526 base_cns_module INFO] Running [flexref] module
[2026-02-06 21:13:30,582 __init__ INFO] [flexref] Running CNS Jobs n=20
[2026-02-06 21:13:30,582 libutil INFO] Selected 20 cores to process 20 jobs, with 32 maximum available cores.
[2026-02-06 21:13:30,582 libparallel INFO] Using 20 cores
[2026-02-06 21:15:00,585 libparallel INFO] 20 tasks finished
[2026-02-06 21:15:00,585 __init__ INFO] [flexref] CNS jobs have finished
[2026-02-06 21:15:00,625 base_cns_module INFO] Module [flexref] finished.
[2026-02-06 21:15:00,625 __init__ INFO] [flexref] took 1 minute and 30 seconds
[2026-02-06 21:15:00,958 base_cns_module INFO] Running [emref] module
[2026-02-06 21:15:01,013 __init__ INFO] [emref] Running CNS Jobs n=20
[2026-02-06 21:15:01,013 libutil INFO] Selected 20 cores to process 20 jobs, with 32 maximum available cores.
[2026-02-06 21:15:01,014 libparallel INFO] Using 20 cores
[2026-02-06 21:15:07,806 libparallel INFO] 20 tasks finished
[2026-02-06 21:15:07,806 __init__ INFO] [emref] CNS jobs have finished
[2026-02-06 21:15:07,839 base_cns_module INFO] Module [emref] finished.
[2026-02-06 21:15:07,839 __init__ INFO] [emref] took 7 seconds
[2026-02-06 21:15:07,854 __init__ INFO] Running [caprieval] module
[2026-02-06 21:15:07,854 capri INFO] Found previous CNS step: 3_emref
[2026-02-06 21:15:07,955 capri INFO] Saved scoring weights to: weights_params.json
[2026-02-06 21:15:07,955 __init__ INFO] [caprieval] No reference structure provided. Using the structure with the lowest score from previous step
[2026-02-06 21:15:08,038 libutil INFO] Selected 20 cores to process 20 jobs, with 32 maximum available cores.
[2026-02-06 21:15:08,038 libparallel INFO] Using 20 cores
[2026-02-06 21:15:08,461 libparallel INFO] 20 tasks finished
[2026-02-06 21:15:08,461 capri INFO] Rearranging cluster information into capri_clt.tsv
[2026-02-06 21:15:08,465 __init__ INFO] Module [caprieval] finished.
[2026-02-06 21:15:08,465 __init__ INFO] [caprieval] took 1 seconds
[2026-02-06 21:15:08,465 cli_analyse INFO] Running haddock3-analyse on ./, modules [4], with top_cluster = 10
[2026-02-06 21:15:08,472 cli_analyse INFO] Created directory: /mnt/Data/PopOS/Data_Ana/Wu/clawdPorjects/HADDOCK_test/results_full/run_refold_8IUZ_Epi/analysis
[2026-02-06 21:15:08,472 cli_analyse INFO] Reading input run directory
[2026-02-06 21:15:08,472 cli_analyse INFO] selected steps: 4_caprieval
[2026-02-06 21:15:08,472 cli_analyse INFO] Analysing step 4_caprieval
[2026-02-06 21:15:08,472 cli_analyse INFO] step 4_caprieval is caprieval, files should be already available
[2026-02-06 21:15:08,472 cli_analyse INFO] CAPRI files identified
[2026-02-06 21:15:08,474 cli_analyse INFO] Plotting results..
[2026-02-06 21:15:09,697 cli_analyse INFO] Summary archive summary.tgz created!
[2026-02-06 21:15:09,697 cli_analyse INFO] moving files to analysis folder
[2026-02-06 21:15:09,697 cli_analyse INFO] updating paths in analysis/4_caprieval_analysis/capri_ss.tsv
[2026-02-06 21:15:09,697 cli_analyse INFO] View the results in analysis/4_caprieval_analysis/report.html
[2026-02-06 21:15:09,697 cli_analyse INFO] To view structures or download the structure files, in a terminal run the command `python -m http.server --directory /mnt/Data/PopOS/Data_Ana/Wu/clawdPorjects/HADDOCK_test/results_full/run_refold_8IUZ_Epi`. By default, http server runs on `http://0.0.0.0:8000/`. Open the link http://0.0.0.0:8000/analysis/4_caprieval_analysis/report.html in a web browser.
[2026-02-06 21:15:09,697 cli_traceback INFO] Running haddock3-traceback on ./
[2026-02-06 21:15:09,698 cli_traceback INFO] Reading input run directory
[2026-02-06 21:15:09,698 cli_traceback INFO] All_steps: 0_topoaa, 1_rigidbody, 2_flexref, 3_emref, 4_caprieval
[2026-02-06 21:15:09,698 cli_traceback INFO] Modules not to be analysed: 0_topoaa, 4_caprieval
[2026-02-06 21:15:09,698 cli_traceback INFO] Steps to trace back: 1_rigidbody, 2_flexref, 3_emref
[2026-02-06 21:15:09,698 cli_traceback INFO] Created directory: /mnt/Data/PopOS/Data_Ana/Wu/clawdPorjects/HADDOCK_test/results_full/run_refold_8IUZ_Epi/traceback
[2026-02-06 21:15:09,699 cli_traceback INFO] Tracing back step 3_emref
[2026-02-06 21:15:09,701 cli_traceback INFO] Tracing back step 2_flexref
[2026-02-06 21:15:09,702 cli_traceback INFO] Tracing back step 1_rigidbody
[2026-02-06 21:15:09,706 cli_traceback INFO] Output dataframe traceback/traceback.tsv created with shape (20, 8)
[2026-02-06 21:15:09,732 clean_steps INFO] Cleaning output for '0_topoaa' using 20 cores.
[2026-02-06 21:15:09,882 libtimer INFO] cleaning output files took 0 seconds
[2026-02-06 21:15:09,882 clean_steps INFO] Cleaning output for '1_rigidbody' using 20 cores.
[2026-02-06 21:15:10,012 libtimer INFO] cleaning output files took 0 seconds
[2026-02-06 21:15:10,012 clean_steps INFO] Cleaning output for '2_flexref' using 20 cores.
[2026-02-06 21:15:10,129 libtimer INFO] cleaning output files took 0 seconds
[2026-02-06 21:15:10,130 clean_steps INFO] Cleaning output for '3_emref' using 20 cores.
[2026-02-06 21:15:10,245 libtimer INFO] cleaning output files took 0 seconds
[2026-02-06 21:15:10,245 clean_steps INFO] Cleaning output for '4_caprieval' using 20 cores.
[2026-02-06 21:15:10,253 libtimer INFO] cleaning output files took 0 seconds
[2026-02-06 21:15:10,253 cli INFO] This HADDOCK3 run took: 1 minute and 59 seconds
[2026-02-06 21:15:10,253 greetings INFO] Your feedback matters in Haddock3! Share your experience and help us grow:
[2026-02-06 21:15:10,253 greetings INFO] GitHub issues: https://github.com/haddocking/haddock3/issues
[2026-02-06 21:15:10,253 greetings INFO] BioExcel feedback: https://www.bonvinlab.org/feedback
[2026-02-06 21:15:10,253 greetings INFO] BioExcel forum: https://ask.bioexcel.eu/c/haddock/6
[2026-02-06 21:15:10,253 cli INFO] Finished at 06/02/2026 21:15:10. Tot ziens! Au revoir! Dovidenia!
