[2026-02-06 22:40:06,969 cli INFO] 
##############################################
#                                            #
#                 HADDOCK3                   #
#                                            #
##############################################

!! Some of the HADDOCK3 components use CNS (Crystallographic and NMR System) which is free of use for non-profit applications. !!
!! For commercial use it is your own responsibility to have a proper license. !!
!! For details refer to the DISCLAIMER file in the HADDOCK3 repository. !!

Starting HADDOCK3 v2024.10.0b7 on 2026-02-06 22:40:00

Python 3.10.12 (main, Feb  4 2025, 14:57:36) [GCC 11.4.0]

[2026-02-06 22:40:10,737 libworkflow INFO] Reading instructions step 0_topoaa
[2026-02-06 22:40:10,737 libworkflow INFO] Reading instructions step 1_rigidbody
[2026-02-06 22:40:10,738 libworkflow INFO] Reading instructions step 2_flexref
[2026-02-06 22:40:10,738 libworkflow INFO] Reading instructions step 3_emref
[2026-02-06 22:40:10,738 libworkflow INFO] Reading instructions step 4_caprieval
[2026-02-06 22:40:10,752 base_cns_module INFO] Running [topoaa] module
[2026-02-06 22:40:10,752 __init__ INFO] [topoaa] Molecule 1: receptor_single_refold_TG0253_Epi.pdb
[2026-02-06 22:40:10,756 __init__ INFO] [topoaa] Sanitizing molecule receptor_single_refold_TG0253_Epi.pdb
[2026-02-06 22:40:10,775 __init__ INFO] [topoaa] Topology CNS input created
[2026-02-06 22:40:10,775 __init__ INFO] [topoaa] Molecule 2: ligand_single_refold_TG0253_Epi.pdb
[2026-02-06 22:40:10,776 __init__ INFO] [topoaa] Sanitizing molecule ligand_single_refold_TG0253_Epi.pdb
[2026-02-06 22:40:10,779 __init__ INFO] [topoaa] Topology CNS input created
[2026-02-06 22:40:10,779 __init__ INFO] [topoaa] Running CNS Jobs n=2
[2026-02-06 22:40:10,779 libutil INFO] Selected 2 cores to process 2 jobs, with 32 maximum available cores.
[2026-02-06 22:40:10,780 libparallel INFO] Using 2 cores
[2026-02-06 22:40:30,868 libparallel INFO] 2 tasks finished
[2026-02-06 22:40:30,869 __init__ INFO] [topoaa] CNS jobs have finished
[2026-02-06 22:40:30,871 base_cns_module INFO] Module [topoaa] finished.
[2026-02-06 22:40:30,871 __init__ INFO] [topoaa] took 20 seconds
[2026-02-06 22:40:31,207 base_cns_module INFO] Running [rigidbody] module
[2026-02-06 22:40:31,208 __init__ INFO] [rigidbody] crossdock=true
[2026-02-06 22:40:31,208 __init__ INFO] [rigidbody] Preparing jobs...
[2026-02-06 22:40:31,212 libutil INFO] Selected 20 cores to process 20 jobs, with 32 maximum available cores.
[2026-02-06 22:40:31,212 libparallel INFO] Using 20 cores
[2026-02-06 22:40:31,241 libparallel INFO] 20 tasks finished
[2026-02-06 22:40:31,242 __init__ INFO] [rigidbody] Preparation took 0.034441 seconds
[2026-02-06 22:40:31,243 __init__ INFO] [rigidbody] Running CNS Jobs n=20
[2026-02-06 22:40:31,243 libutil INFO] Selected 20 cores to process 20 jobs, with 32 maximum available cores.
[2026-02-06 22:40:31,244 libparallel INFO] Using 20 cores
[2026-02-06 22:41:08,245 libparallel INFO] 20 tasks finished
[2026-02-06 22:41:08,245 __init__ INFO] [rigidbody] CNS jobs have finished
[2026-02-06 22:41:08,302 base_cns_module INFO] Module [rigidbody] finished.
[2026-02-06 22:41:08,302 __init__ INFO] [rigidbody] took 37 seconds
[2026-02-06 22:41:08,685 base_cns_module INFO] Running [flexref] module
[2026-02-06 22:41:08,805 __init__ INFO] [flexref] Running CNS Jobs n=20
[2026-02-06 22:41:08,805 libutil INFO] Selected 20 cores to process 20 jobs, with 32 maximum available cores.
[2026-02-06 22:41:08,806 libparallel INFO] Using 20 cores
[2026-02-06 22:45:31,981 libparallel INFO] 20 tasks finished
[2026-02-06 22:45:31,982 __init__ INFO] [flexref] CNS jobs have finished
[2026-02-06 22:45:32,045 base_cns_module INFO] Module [flexref] finished.
[2026-02-06 22:45:32,045 __init__ INFO] [flexref] took 4 minutes and 23 seconds
[2026-02-06 22:45:32,384 base_cns_module INFO] Running [emref] module
[2026-02-06 22:45:32,502 __init__ INFO] [emref] Running CNS Jobs n=20
[2026-02-06 22:45:32,502 libutil INFO] Selected 20 cores to process 20 jobs, with 32 maximum available cores.
[2026-02-06 22:45:32,503 libparallel INFO] Using 20 cores
[2026-02-06 22:45:51,164 libparallel INFO] 20 tasks finished
[2026-02-06 22:45:51,164 __init__ INFO] [emref] CNS jobs have finished
[2026-02-06 22:45:51,235 base_cns_module INFO] Module [emref] finished.
[2026-02-06 22:45:51,235 __init__ INFO] [emref] took 19 seconds
[2026-02-06 22:45:51,251 __init__ INFO] Running [caprieval] module
[2026-02-06 22:45:51,251 capri INFO] Found previous CNS step: 3_emref
[2026-02-06 22:45:51,351 capri INFO] Saved scoring weights to: weights_params.json
[2026-02-06 22:45:51,351 __init__ INFO] [caprieval] No reference structure provided. Using the structure with the lowest score from previous step
[2026-02-06 22:45:51,545 libutil INFO] Selected 20 cores to process 20 jobs, with 32 maximum available cores.
[2026-02-06 22:45:51,546 libparallel INFO] Using 20 cores
[2026-02-06 22:45:52,569 libparallel INFO] 20 tasks finished
[2026-02-06 22:45:52,570 capri INFO] Rearranging cluster information into capri_clt.tsv
[2026-02-06 22:45:52,574 __init__ INFO] Module [caprieval] finished.
[2026-02-06 22:45:52,574 __init__ INFO] [caprieval] took 1 seconds
[2026-02-06 22:45:52,574 cli_analyse INFO] Running haddock3-analyse on ./, modules [4], with top_cluster = 10
[2026-02-06 22:45:52,580 cli_analyse INFO] Created directory: /mnt/Data/PopOS/Data_Ana/Wu/clawdPorjects/HADDOCK_test/results_full/run_refold_TG0253_Epi/analysis
[2026-02-06 22:45:52,581 cli_analyse INFO] Reading input run directory
[2026-02-06 22:45:52,581 cli_analyse INFO] selected steps: 4_caprieval
[2026-02-06 22:45:52,581 cli_analyse INFO] Analysing step 4_caprieval
[2026-02-06 22:45:52,581 cli_analyse INFO] step 4_caprieval is caprieval, files should be already available
[2026-02-06 22:45:52,581 cli_analyse INFO] CAPRI files identified
[2026-02-06 22:45:52,583 cli_analyse INFO] Plotting results..
[2026-02-06 22:45:54,536 cli_analyse INFO] Summary archive summary.tgz created!
[2026-02-06 22:45:54,536 cli_analyse INFO] moving files to analysis folder
[2026-02-06 22:45:54,536 cli_analyse INFO] updating paths in analysis/4_caprieval_analysis/capri_ss.tsv
[2026-02-06 22:45:54,536 cli_analyse INFO] View the results in analysis/4_caprieval_analysis/report.html
[2026-02-06 22:45:54,536 cli_analyse INFO] To view structures or download the structure files, in a terminal run the command `python -m http.server --directory /mnt/Data/PopOS/Data_Ana/Wu/clawdPorjects/HADDOCK_test/results_full/run_refold_TG0253_Epi`. By default, http server runs on `http://0.0.0.0:8000/`. Open the link http://0.0.0.0:8000/analysis/4_caprieval_analysis/report.html in a web browser.
[2026-02-06 22:45:54,536 cli_traceback INFO] Running haddock3-traceback on ./
[2026-02-06 22:45:54,536 cli_traceback INFO] Reading input run directory
[2026-02-06 22:45:54,537 cli_traceback INFO] All_steps: 0_topoaa, 1_rigidbody, 2_flexref, 3_emref, 4_caprieval
[2026-02-06 22:45:54,537 cli_traceback INFO] Modules not to be analysed: 0_topoaa, 4_caprieval
[2026-02-06 22:45:54,537 cli_traceback INFO] Steps to trace back: 1_rigidbody, 2_flexref, 3_emref
[2026-02-06 22:45:54,537 cli_traceback INFO] Created directory: /mnt/Data/PopOS/Data_Ana/Wu/clawdPorjects/HADDOCK_test/results_full/run_refold_TG0253_Epi/traceback
[2026-02-06 22:45:54,537 cli_traceback INFO] Tracing back step 3_emref
[2026-02-06 22:45:54,539 cli_traceback INFO] Tracing back step 2_flexref
[2026-02-06 22:45:54,541 cli_traceback INFO] Tracing back step 1_rigidbody
[2026-02-06 22:45:54,545 cli_traceback INFO] Output dataframe traceback/traceback.tsv created with shape (20, 8)
[2026-02-06 22:45:54,571 clean_steps INFO] Cleaning output for '0_topoaa' using 20 cores.
[2026-02-06 22:45:54,876 libtimer INFO] cleaning output files took 0 seconds
[2026-02-06 22:45:54,876 clean_steps INFO] Cleaning output for '1_rigidbody' using 20 cores.
[2026-02-06 22:45:55,100 libtimer INFO] cleaning output files took 0 seconds
[2026-02-06 22:45:55,101 clean_steps INFO] Cleaning output for '2_flexref' using 20 cores.
[2026-02-06 22:45:55,321 libtimer INFO] cleaning output files took 0 seconds
[2026-02-06 22:45:55,321 clean_steps INFO] Cleaning output for '3_emref' using 20 cores.
[2026-02-06 22:45:55,542 libtimer INFO] cleaning output files took 0 seconds
[2026-02-06 22:45:55,542 clean_steps INFO] Cleaning output for '4_caprieval' using 20 cores.
[2026-02-06 22:45:55,550 libtimer INFO] cleaning output files took 0 seconds
[2026-02-06 22:45:55,550 cli INFO] This HADDOCK3 run took: 5 minutes and 49 seconds
[2026-02-06 22:45:55,550 greetings INFO] Your feedback matters in Haddock3! Share your experience and help us grow:
[2026-02-06 22:45:55,550 greetings INFO] GitHub issues: https://github.com/haddocking/haddock3/issues
[2026-02-06 22:45:55,550 greetings INFO] BioExcel feedback: https://www.bonvinlab.org/feedback
[2026-02-06 22:45:55,550 greetings INFO] BioExcel forum: https://ask.bioexcel.eu/c/haddock/6
[2026-02-06 22:45:55,550 cli INFO] Finished at 06/02/2026 22:45:55. Agur! Good bye! Adéu-siau!
