[2026-02-13 11:48:08,274 cli INFO] 
##############################################
#                                            #
#                 HADDOCK3                   #
#                                            #
##############################################

!! Some of the HADDOCK3 components use CNS (Crystallographic and NMR System) which is free of use for non-profit applications. !!
!! For commercial use it is your own responsibility to have a proper license. !!
!! For details refer to the DISCLAIMER file in the HADDOCK3 repository. !!

Starting HADDOCK3 v2024.10.0b7 on 2026-02-13 11:48:00

Python 3.10.12 (main, Feb  4 2025, 14:57:36) [GCC 11.4.0]

[2026-02-13 11:48:12,012 libworkflow INFO] Reading instructions step 0_topoaa
[2026-02-13 11:48:12,012 libworkflow INFO] Reading instructions step 1_rigidbody
[2026-02-13 11:48:12,012 libworkflow INFO] Reading instructions step 2_flexref
[2026-02-13 11:48:12,012 libworkflow INFO] Reading instructions step 3_emref
[2026-02-13 11:48:12,027 base_cns_module INFO] Running [topoaa] module
[2026-02-13 11:48:12,027 __init__ INFO] [topoaa] Molecule 1: receptor_single_Neg_GCTCCTGGTGTTATAG-1_contig_1_1.pdb
[2026-02-13 11:48:12,028 __init__ INFO] [topoaa] Sanitizing molecule receptor_single_Neg_GCTCCTGGTGTTATAG-1_contig_1_1.pdb
[2026-02-13 11:48:12,035 __init__ INFO] [topoaa] Topology CNS input created
[2026-02-13 11:48:12,035 __init__ INFO] [topoaa] Molecule 2: ligand_single_Neg_GCTCCTGGTGTTATAG-1_contig_1_1.pdb
[2026-02-13 11:48:12,036 __init__ INFO] [topoaa] Sanitizing molecule ligand_single_Neg_GCTCCTGGTGTTATAG-1_contig_1_1.pdb
[2026-02-13 11:48:12,042 __init__ INFO] [topoaa] Topology CNS input created
[2026-02-13 11:48:12,042 __init__ INFO] [topoaa] Running CNS Jobs n=2
[2026-02-13 11:48:12,042 libutil INFO] Selected 2 cores to process 2 jobs, with 32 maximum available cores.
[2026-02-13 11:48:12,044 libparallel INFO] Using 2 cores
[2026-02-13 11:48:15,278 libparallel INFO] 2 tasks finished
[2026-02-13 11:48:15,279 __init__ INFO] [topoaa] CNS jobs have finished
[2026-02-13 11:48:15,281 base_cns_module INFO] Module [topoaa] finished.
[2026-02-13 11:48:15,281 __init__ INFO] [topoaa] took 3 seconds
[2026-02-13 11:48:15,626 base_cns_module INFO] Running [rigidbody] module
[2026-02-13 11:48:15,627 __init__ INFO] [rigidbody] crossdock=true
[2026-02-13 11:48:15,627 __init__ INFO] [rigidbody] Preparing jobs...
[2026-02-13 11:48:15,628 libutil INFO] Selected 20 cores to process 20 jobs, with 32 maximum available cores.
[2026-02-13 11:48:15,629 libparallel INFO] Using 20 cores
[2026-02-13 11:48:15,655 libparallel INFO] 20 tasks finished
[2026-02-13 11:48:15,656 __init__ INFO] [rigidbody] Preparation took 0.02919 seconds
[2026-02-13 11:48:15,657 __init__ INFO] [rigidbody] Running CNS Jobs n=20
[2026-02-13 11:48:15,657 libutil INFO] Selected 20 cores to process 20 jobs, with 32 maximum available cores.
[2026-02-13 11:48:15,658 libparallel INFO] Using 20 cores
[2026-02-13 11:48:25,847 libparallel INFO] 20 tasks finished
[2026-02-13 11:48:25,847 __init__ INFO] [rigidbody] CNS jobs have finished
[2026-02-13 11:48:25,913 base_cns_module INFO] Module [rigidbody] finished.
[2026-02-13 11:48:25,913 __init__ INFO] [rigidbody] took 10 seconds
[2026-02-13 11:48:26,300 base_cns_module INFO] Running [flexref] module
[2026-02-13 11:48:26,358 __init__ INFO] [flexref] Running CNS Jobs n=20
[2026-02-13 11:48:26,359 libutil INFO] Selected 20 cores to process 20 jobs, with 32 maximum available cores.
[2026-02-13 11:48:26,359 libparallel INFO] Using 20 cores
[2026-02-13 11:49:59,243 libparallel INFO] 20 tasks finished
[2026-02-13 11:49:59,243 __init__ INFO] [flexref] CNS jobs have finished
[2026-02-13 11:49:59,303 base_cns_module INFO] Module [flexref] finished.
[2026-02-13 11:49:59,304 __init__ INFO] [flexref] took 1 minute and 33 seconds
[2026-02-13 11:49:59,648 base_cns_module INFO] Running [emref] module
[2026-02-13 11:49:59,704 __init__ INFO] [emref] Running CNS Jobs n=20
[2026-02-13 11:49:59,704 libutil INFO] Selected 20 cores to process 20 jobs, with 32 maximum available cores.
[2026-02-13 11:49:59,704 libparallel INFO] Using 20 cores
[2026-02-13 11:50:07,103 libparallel INFO] 20 tasks finished
[2026-02-13 11:50:07,104 __init__ INFO] [emref] CNS jobs have finished
[2026-02-13 11:50:07,136 base_cns_module INFO] Module [emref] finished.
[2026-02-13 11:50:07,136 __init__ INFO] [emref] took 7 seconds
[2026-02-13 11:50:07,136 cli_analyse INFO] Running haddock3-analyse on ./, modules [], with top_cluster = 10
[2026-02-13 11:50:07,142 cli_analyse INFO] Created directory: /mnt/Data/PopOS/Data_Ana/Wu/clawdPorjects/HADDOCK_test/results/run_Neg_GCTCCTGGTGTTATAG-1_contig_1_1/analysis
[2026-02-13 11:50:07,142 cli_analyse INFO] Reading input run directory
[2026-02-13 11:50:07,143 cli_analyse INFO] selected steps: 0_topoaa, 1_rigidbody, 2_flexref, 3_emref
[2026-02-13 11:50:07,143 cli_analyse INFO] Analysing step 0_topoaa
[2026-02-13 11:50:07,143 cli_analyse WARNING] Could not execute the analysis for step 0_topoaa. The following error occurred 'dict' object has no attribute 'rel_path'
[2026-02-13 11:50:07,143 cli_analyse INFO] Analysing step 1_rigidbody
[2026-02-13 11:50:07,144 cli_unpack INFO] Unpacking '../1_rigidbody' folder
[2026-02-13 11:50:07,145 libtimer INFO] unpacking took 0 seconds
[2026-02-13 11:50:07,158 capri INFO] Found previous CNS step: 1_rigidbody
[2026-02-13 11:50:07,267 capri INFO] Saved scoring weights to: weights_params.json
[2026-02-13 11:50:07,267 __init__ INFO] [caprieval] No reference structure provided. Using the structure with the lowest score from previous step
[2026-02-13 11:50:07,351 libutil INFO] Selected 20 cores to process 20 jobs, with 32 maximum available cores.
[2026-02-13 11:50:07,352 libparallel INFO] Using 20 cores
[2026-02-13 11:50:07,782 libparallel INFO] 20 tasks finished
[2026-02-13 11:50:07,783 capri INFO] Rearranging cluster information into capri_clt.tsv
[2026-02-13 11:50:07,790 cli_clean INFO] Compressing '../1_rigidbody' folder
[2026-02-13 11:50:07,790 clean_steps INFO] Cleaning output for '../1_rigidbody' using 20 cores.
[2026-02-13 11:50:07,914 libtimer INFO] compressing took 0 seconds
[2026-02-13 11:50:07,915 cli_analyse INFO] CAPRI files identified
[2026-02-13 11:50:07,917 cli_analyse INFO] Plotting results..
[2026-02-13 11:50:09,129 cli_analyse INFO] Summary archive summary.tgz created!
[2026-02-13 11:50:09,130 cli_analyse INFO] Analysing step 2_flexref
[2026-02-13 11:50:09,132 cli_unpack INFO] Unpacking '../2_flexref' folder
[2026-02-13 11:50:09,132 libtimer INFO] unpacking took 0 seconds
[2026-02-13 11:50:09,145 capri INFO] Found previous CNS step: 2_flexref
[2026-02-13 11:50:09,385 capri INFO] Saved scoring weights to: weights_params.json
[2026-02-13 11:50:09,385 __init__ INFO] [caprieval] No reference structure provided. Using the structure with the lowest score from previous step
[2026-02-13 11:50:09,471 libutil INFO] Selected 20 cores to process 20 jobs, with 32 maximum available cores.
[2026-02-13 11:50:09,472 libparallel INFO] Using 20 cores
[2026-02-13 11:50:09,863 libparallel INFO] 20 tasks finished
[2026-02-13 11:50:09,864 capri INFO] Rearranging cluster information into capri_clt.tsv
[2026-02-13 11:50:09,869 cli_clean INFO] Compressing '../2_flexref' folder
[2026-02-13 11:50:09,869 clean_steps INFO] Cleaning output for '../2_flexref' using 20 cores.
[2026-02-13 11:50:09,989 libtimer INFO] compressing took 0 seconds
[2026-02-13 11:50:09,990 cli_analyse INFO] CAPRI files identified
[2026-02-13 11:50:09,991 cli_analyse INFO] Plotting results..
[2026-02-13 11:50:11,132 cli_analyse INFO] Summary archive summary.tgz created!
[2026-02-13 11:50:11,132 cli_analyse INFO] Analysing step 3_emref
[2026-02-13 11:50:11,134 cli_unpack INFO] Unpacking '../3_emref' folder
[2026-02-13 11:50:11,134 libtimer INFO] unpacking took 0 seconds
[2026-02-13 11:50:11,148 capri INFO] Found previous CNS step: 3_emref
[2026-02-13 11:50:11,249 capri INFO] Saved scoring weights to: weights_params.json
[2026-02-13 11:50:11,249 __init__ INFO] [caprieval] No reference structure provided. Using the structure with the lowest score from previous step
[2026-02-13 11:50:11,334 libutil INFO] Selected 20 cores to process 20 jobs, with 32 maximum available cores.
[2026-02-13 11:50:11,334 libparallel INFO] Using 20 cores
[2026-02-13 11:50:11,757 libparallel INFO] 20 tasks finished
[2026-02-13 11:50:11,758 capri INFO] Rearranging cluster information into capri_clt.tsv
[2026-02-13 11:50:11,765 cli_clean INFO] Compressing '../3_emref' folder
[2026-02-13 11:50:11,765 clean_steps INFO] Cleaning output for '../3_emref' using 20 cores.
[2026-02-13 11:50:11,887 libtimer INFO] compressing took 0 seconds
[2026-02-13 11:50:11,887 cli_analyse INFO] CAPRI files identified
[2026-02-13 11:50:11,888 cli_analyse INFO] Plotting results..
[2026-02-13 11:50:13,029 cli_analyse INFO] Summary archive summary.tgz created!
[2026-02-13 11:50:13,030 cli_analyse INFO] moving files to analysis folder
[2026-02-13 11:50:13,030 cli_analyse INFO] cancelling unsuccesful analysis folders
[2026-02-13 11:50:13,030 cli_analyse INFO] updating paths in analysis/1_rigidbody_analysis/capri_ss.tsv
[2026-02-13 11:50:13,030 cli_analyse INFO] View the results in analysis/1_rigidbody_analysis/report.html
[2026-02-13 11:50:13,030 cli_analyse INFO] To view structures or download the structure files, in a terminal run the command `python -m http.server --directory /mnt/Data/PopOS/Data_Ana/Wu/clawdPorjects/HADDOCK_test/results/run_Neg_GCTCCTGGTGTTATAG-1_contig_1_1`. By default, http server runs on `http://0.0.0.0:8000/`. Open the link http://0.0.0.0:8000/analysis/1_rigidbody_analysis/report.html in a web browser.
[2026-02-13 11:50:13,030 cli_analyse INFO] updating paths in analysis/2_flexref_analysis/capri_ss.tsv
[2026-02-13 11:50:13,030 cli_analyse INFO] View the results in analysis/2_flexref_analysis/report.html
[2026-02-13 11:50:13,030 cli_analyse INFO] To view structures or download the structure files, in a terminal run the command `python -m http.server --directory /mnt/Data/PopOS/Data_Ana/Wu/clawdPorjects/HADDOCK_test/results/run_Neg_GCTCCTGGTGTTATAG-1_contig_1_1`. By default, http server runs on `http://0.0.0.0:8000/`. Open the link http://0.0.0.0:8000/analysis/2_flexref_analysis/report.html in a web browser.
[2026-02-13 11:50:13,030 cli_analyse INFO] updating paths in analysis/3_emref_analysis/capri_ss.tsv
[2026-02-13 11:50:13,031 cli_analyse INFO] View the results in analysis/3_emref_analysis/report.html
[2026-02-13 11:50:13,031 cli_analyse INFO] To view structures or download the structure files, in a terminal run the command `python -m http.server --directory /mnt/Data/PopOS/Data_Ana/Wu/clawdPorjects/HADDOCK_test/results/run_Neg_GCTCCTGGTGTTATAG-1_contig_1_1`. By default, http server runs on `http://0.0.0.0:8000/`. Open the link http://0.0.0.0:8000/analysis/3_emref_analysis/report.html in a web browser.
[2026-02-13 11:50:13,031 cli_traceback INFO] Running haddock3-traceback on ./
[2026-02-13 11:50:13,031 cli_traceback INFO] Reading input run directory
[2026-02-13 11:50:13,031 cli_traceback INFO] All_steps: 0_topoaa, 1_rigidbody, 2_flexref, 3_emref
[2026-02-13 11:50:13,031 cli_traceback INFO] Modules not to be analysed: 0_topoaa
[2026-02-13 11:50:13,031 cli_traceback INFO] Steps to trace back: 1_rigidbody, 2_flexref, 3_emref
[2026-02-13 11:50:13,031 cli_traceback INFO] Created directory: /mnt/Data/PopOS/Data_Ana/Wu/clawdPorjects/HADDOCK_test/results/run_Neg_GCTCCTGGTGTTATAG-1_contig_1_1/traceback
[2026-02-13 11:50:13,031 cli_traceback INFO] Tracing back step 3_emref
[2026-02-13 11:50:13,033 cli_traceback INFO] Tracing back step 2_flexref
[2026-02-13 11:50:13,035 cli_traceback INFO] Tracing back step 1_rigidbody
[2026-02-13 11:50:13,039 cli_traceback INFO] Output dataframe traceback/traceback.tsv created with shape (20, 8)
[2026-02-13 11:50:13,070 clean_steps INFO] Cleaning output for '0_topoaa' using 20 cores.
[2026-02-13 11:50:13,207 libtimer INFO] cleaning output files took 0 seconds
[2026-02-13 11:50:13,207 clean_steps INFO] Cleaning output for '1_rigidbody' using 20 cores.
[2026-02-13 11:50:13,216 libtimer INFO] cleaning output files took 0 seconds
[2026-02-13 11:50:13,216 clean_steps INFO] Cleaning output for '2_flexref' using 20 cores.
[2026-02-13 11:50:13,226 libtimer INFO] cleaning output files took 0 seconds
[2026-02-13 11:50:13,226 clean_steps INFO] Cleaning output for '3_emref' using 20 cores.
[2026-02-13 11:50:13,237 libtimer INFO] cleaning output files took 0 seconds
[2026-02-13 11:50:13,237 cli INFO] This HADDOCK3 run took: 2 minutes and 5 seconds
[2026-02-13 11:50:13,237 greetings INFO] Your feedback matters in Haddock3! Share your experience and help us grow:
[2026-02-13 11:50:13,237 greetings INFO] GitHub issues: https://github.com/haddocking/haddock3/issues
[2026-02-13 11:50:13,238 greetings INFO] BioExcel feedback: https://www.bonvinlab.org/feedback
[2026-02-13 11:50:13,238 greetings INFO] BioExcel forum: https://ask.bioexcel.eu/c/haddock/6
[2026-02-13 11:50:13,238 cli INFO] Finished at 13/02/2026 11:50:13. Tot ziens! Ciao! Até logo!
