[2026-02-06 21:47:06,403 cli INFO] 
##############################################
#                                            #
#                 HADDOCK3                   #
#                                            #
##############################################

!! Some of the HADDOCK3 components use CNS (Crystallographic and NMR System) which is free of use for non-profit applications. !!
!! For commercial use it is your own responsibility to have a proper license. !!
!! For details refer to the DISCLAIMER file in the HADDOCK3 repository. !!

Starting HADDOCK3 v2024.10.0b7 on 2026-02-06 21:47:00

Python 3.10.12 (main, Feb  4 2025, 14:57:36) [GCC 11.4.0]

[2026-02-06 21:47:10,053 libworkflow INFO] Reading instructions step 0_topoaa
[2026-02-06 21:47:10,054 libworkflow INFO] Reading instructions step 1_rigidbody
[2026-02-06 21:47:10,054 libworkflow INFO] Reading instructions step 2_flexref
[2026-02-06 21:47:10,054 libworkflow INFO] Reading instructions step 3_emref
[2026-02-06 21:47:10,054 libworkflow INFO] Reading instructions step 4_caprieval
[2026-02-06 21:47:10,067 base_cns_module INFO] Running [topoaa] module
[2026-02-06 21:47:10,067 __init__ INFO] [topoaa] Molecule 1: receptor_single_refold_9DO2_Epi.pdb
[2026-02-06 21:47:10,070 __init__ INFO] [topoaa] Sanitizing molecule receptor_single_refold_9DO2_Epi.pdb
[2026-02-06 21:47:10,082 __init__ INFO] [topoaa] Topology CNS input created
[2026-02-06 21:47:10,082 __init__ INFO] [topoaa] Molecule 2: ligand_single_refold_9DO2_Epi.pdb
[2026-02-06 21:47:10,082 __init__ INFO] [topoaa] Sanitizing molecule ligand_single_refold_9DO2_Epi.pdb
[2026-02-06 21:47:10,086 __init__ INFO] [topoaa] Topology CNS input created
[2026-02-06 21:47:10,086 __init__ INFO] [topoaa] Running CNS Jobs n=2
[2026-02-06 21:47:10,086 libutil INFO] Selected 2 cores to process 2 jobs, with 32 maximum available cores.
[2026-02-06 21:47:10,087 libparallel INFO] Using 2 cores
[2026-02-06 21:47:17,299 libparallel INFO] 2 tasks finished
[2026-02-06 21:47:17,300 __init__ INFO] [topoaa] CNS jobs have finished
[2026-02-06 21:47:17,301 base_cns_module INFO] Module [topoaa] finished.
[2026-02-06 21:47:17,302 __init__ INFO] [topoaa] took 7 seconds
[2026-02-06 21:47:17,628 base_cns_module INFO] Running [rigidbody] module
[2026-02-06 21:47:17,629 __init__ INFO] [rigidbody] crossdock=true
[2026-02-06 21:47:17,629 __init__ INFO] [rigidbody] Preparing jobs...
[2026-02-06 21:47:17,632 libutil INFO] Selected 20 cores to process 20 jobs, with 32 maximum available cores.
[2026-02-06 21:47:17,632 libparallel INFO] Using 20 cores
[2026-02-06 21:47:17,662 libparallel INFO] 20 tasks finished
[2026-02-06 21:47:17,662 __init__ INFO] [rigidbody] Preparation took 0.033216 seconds
[2026-02-06 21:47:17,663 __init__ INFO] [rigidbody] Running CNS Jobs n=20
[2026-02-06 21:47:17,664 libutil INFO] Selected 20 cores to process 20 jobs, with 32 maximum available cores.
[2026-02-06 21:47:17,664 libparallel INFO] Using 20 cores
[2026-02-06 21:47:37,666 libparallel INFO] 20 tasks finished
[2026-02-06 21:47:37,666 __init__ INFO] [rigidbody] CNS jobs have finished
[2026-02-06 21:47:37,704 base_cns_module INFO] Module [rigidbody] finished.
[2026-02-06 21:47:37,704 __init__ INFO] [rigidbody] took 20 seconds
[2026-02-06 21:47:38,072 base_cns_module INFO] Running [flexref] module
[2026-02-06 21:47:38,155 __init__ INFO] [flexref] Running CNS Jobs n=20
[2026-02-06 21:47:38,155 libutil INFO] Selected 20 cores to process 20 jobs, with 32 maximum available cores.
[2026-02-06 21:47:38,155 libparallel INFO] Using 20 cores
[2026-02-06 21:50:13,673 libparallel INFO] 20 tasks finished
[2026-02-06 21:50:13,674 __init__ INFO] [flexref] CNS jobs have finished
[2026-02-06 21:50:13,715 base_cns_module INFO] Module [flexref] finished.
[2026-02-06 21:50:13,716 __init__ INFO] [flexref] took 2 minutes and 36 seconds
[2026-02-06 21:50:14,050 base_cns_module INFO] Running [emref] module
[2026-02-06 21:50:14,132 __init__ INFO] [emref] Running CNS Jobs n=20
[2026-02-06 21:50:14,132 libutil INFO] Selected 20 cores to process 20 jobs, with 32 maximum available cores.
[2026-02-06 21:50:14,133 libparallel INFO] Using 20 cores
[2026-02-06 21:50:25,570 libparallel INFO] 20 tasks finished
[2026-02-06 21:50:25,570 __init__ INFO] [emref] CNS jobs have finished
[2026-02-06 21:50:25,614 base_cns_module INFO] Module [emref] finished.
[2026-02-06 21:50:25,614 __init__ INFO] [emref] took 12 seconds
[2026-02-06 21:50:25,629 __init__ INFO] Running [caprieval] module
[2026-02-06 21:50:25,629 capri INFO] Found previous CNS step: 3_emref
[2026-02-06 21:50:25,729 capri INFO] Saved scoring weights to: weights_params.json
[2026-02-06 21:50:25,729 __init__ INFO] [caprieval] No reference structure provided. Using the structure with the lowest score from previous step
[2026-02-06 21:50:25,857 libutil INFO] Selected 20 cores to process 20 jobs, with 32 maximum available cores.
[2026-02-06 21:50:25,857 libparallel INFO] Using 20 cores
[2026-02-06 21:50:26,609 libparallel INFO] 20 tasks finished
[2026-02-06 21:50:26,609 capri INFO] Rearranging cluster information into capri_clt.tsv
[2026-02-06 21:50:26,614 __init__ INFO] Module [caprieval] finished.
[2026-02-06 21:50:26,614 __init__ INFO] [caprieval] took 1 seconds
[2026-02-06 21:50:26,614 cli_analyse INFO] Running haddock3-analyse on ./, modules [4], with top_cluster = 10
[2026-02-06 21:50:26,621 cli_analyse INFO] Created directory: /mnt/Data/PopOS/Data_Ana/Wu/clawdPorjects/HADDOCK_test/results_full/run_refold_9DO2_Epi/analysis
[2026-02-06 21:50:26,621 cli_analyse INFO] Reading input run directory
[2026-02-06 21:50:26,621 cli_analyse INFO] selected steps: 4_caprieval
[2026-02-06 21:50:26,621 cli_analyse INFO] Analysing step 4_caprieval
[2026-02-06 21:50:26,621 cli_analyse INFO] step 4_caprieval is caprieval, files should be already available
[2026-02-06 21:50:26,622 cli_analyse INFO] CAPRI files identified
[2026-02-06 21:50:26,624 cli_analyse INFO] Plotting results..
[2026-02-06 21:50:28,106 cli_analyse INFO] Summary archive summary.tgz created!
[2026-02-06 21:50:28,107 cli_analyse INFO] moving files to analysis folder
[2026-02-06 21:50:28,107 cli_analyse INFO] updating paths in analysis/4_caprieval_analysis/capri_ss.tsv
[2026-02-06 21:50:28,107 cli_analyse INFO] View the results in analysis/4_caprieval_analysis/report.html
[2026-02-06 21:50:28,107 cli_analyse INFO] To view structures or download the structure files, in a terminal run the command `python -m http.server --directory /mnt/Data/PopOS/Data_Ana/Wu/clawdPorjects/HADDOCK_test/results_full/run_refold_9DO2_Epi`. By default, http server runs on `http://0.0.0.0:8000/`. Open the link http://0.0.0.0:8000/analysis/4_caprieval_analysis/report.html in a web browser.
[2026-02-06 21:50:28,107 cli_traceback INFO] Running haddock3-traceback on ./
[2026-02-06 21:50:28,107 cli_traceback INFO] Reading input run directory
[2026-02-06 21:50:28,107 cli_traceback INFO] All_steps: 0_topoaa, 1_rigidbody, 2_flexref, 3_emref, 4_caprieval
[2026-02-06 21:50:28,107 cli_traceback INFO] Modules not to be analysed: 0_topoaa, 4_caprieval
[2026-02-06 21:50:28,108 cli_traceback INFO] Steps to trace back: 1_rigidbody, 2_flexref, 3_emref
[2026-02-06 21:50:28,108 cli_traceback INFO] Created directory: /mnt/Data/PopOS/Data_Ana/Wu/clawdPorjects/HADDOCK_test/results_full/run_refold_9DO2_Epi/traceback
[2026-02-06 21:50:28,108 cli_traceback INFO] Tracing back step 3_emref
[2026-02-06 21:50:28,110 cli_traceback INFO] Tracing back step 2_flexref
[2026-02-06 21:50:28,112 cli_traceback INFO] Tracing back step 1_rigidbody
[2026-02-06 21:50:28,116 cli_traceback INFO] Output dataframe traceback/traceback.tsv created with shape (20, 8)
[2026-02-06 21:50:28,142 clean_steps INFO] Cleaning output for '0_topoaa' using 20 cores.
[2026-02-06 21:50:28,342 libtimer INFO] cleaning output files took 0 seconds
[2026-02-06 21:50:28,342 clean_steps INFO] Cleaning output for '1_rigidbody' using 20 cores.
[2026-02-06 21:50:28,504 libtimer INFO] cleaning output files took 0 seconds
[2026-02-06 21:50:28,505 clean_steps INFO] Cleaning output for '2_flexref' using 20 cores.
[2026-02-06 21:50:28,666 libtimer INFO] cleaning output files took 0 seconds
[2026-02-06 21:50:28,666 clean_steps INFO] Cleaning output for '3_emref' using 20 cores.
[2026-02-06 21:50:28,831 libtimer INFO] cleaning output files took 0 seconds
[2026-02-06 21:50:28,831 clean_steps INFO] Cleaning output for '4_caprieval' using 20 cores.
[2026-02-06 21:50:28,839 libtimer INFO] cleaning output files took 0 seconds
[2026-02-06 21:50:28,839 cli INFO] This HADDOCK3 run took: 3 minutes and 22 seconds
[2026-02-06 21:50:28,839 greetings INFO] Your feedback matters in Haddock3! Share your experience and help us grow:
[2026-02-06 21:50:28,839 greetings INFO] GitHub issues: https://github.com/haddocking/haddock3/issues
[2026-02-06 21:50:28,839 greetings INFO] BioExcel feedback: https://www.bonvinlab.org/feedback
[2026-02-06 21:50:28,839 greetings INFO] BioExcel forum: https://ask.bioexcel.eu/c/haddock/6
[2026-02-06 21:50:28,839 cli INFO] Finished at 06/02/2026 21:50:28. La revedere! Tchau! Até logo!
