[2026-02-06 04:58:59,808 cli INFO] 
##############################################
#                                            #
#                 HADDOCK3                   #
#                                            #
##############################################

!! Some of the HADDOCK3 components use CNS (Crystallographic and NMR System) which is free of use for non-profit applications. !!
!! For commercial use it is your own responsibility to have a proper license. !!
!! For details refer to the DISCLAIMER file in the HADDOCK3 repository. !!

Starting HADDOCK3 v2024.10.0b7 on 2026-02-06 04:58:00

Python 3.10.12 (main, Feb  4 2025, 14:57:36) [GCC 11.4.0]

[2026-02-06 04:59:03,481 libworkflow INFO] Reading instructions step 0_topoaa
[2026-02-06 04:59:03,481 libworkflow INFO] Reading instructions step 1_rigidbody
[2026-02-06 04:59:03,481 libworkflow INFO] Reading instructions step 2_flexref
[2026-02-06 04:59:03,481 libworkflow INFO] Reading instructions step 3_emref
[2026-02-06 04:59:03,495 base_cns_module INFO] Running [topoaa] module
[2026-02-06 04:59:03,495 __init__ INFO] [topoaa] Molecule 1: receptor_single_refold_14-8_Epi.pdb
[2026-02-06 04:59:03,496 __init__ INFO] [topoaa] Sanitizing molecule receptor_single_refold_14-8_Epi.pdb
[2026-02-06 04:59:03,503 __init__ INFO] [topoaa] Topology CNS input created
[2026-02-06 04:59:03,503 __init__ INFO] [topoaa] Molecule 2: ligand_single_refold_14-8_Epi.pdb
[2026-02-06 04:59:03,504 __init__ INFO] [topoaa] Sanitizing molecule ligand_single_refold_14-8_Epi.pdb
[2026-02-06 04:59:03,507 __init__ INFO] [topoaa] Topology CNS input created
[2026-02-06 04:59:03,507 __init__ INFO] [topoaa] Running CNS Jobs n=2
[2026-02-06 04:59:03,507 libutil INFO] Selected 2 cores to process 2 jobs, with 32 maximum available cores.
[2026-02-06 04:59:03,508 libparallel INFO] Using 2 cores
[2026-02-06 04:59:06,697 libparallel INFO] 2 tasks finished
[2026-02-06 04:59:06,697 __init__ INFO] [topoaa] CNS jobs have finished
[2026-02-06 04:59:06,699 base_cns_module INFO] Module [topoaa] finished.
[2026-02-06 04:59:06,699 __init__ INFO] [topoaa] took 3 seconds
[2026-02-06 04:59:07,043 base_cns_module INFO] Running [rigidbody] module
[2026-02-06 04:59:07,043 __init__ INFO] [rigidbody] crossdock=true
[2026-02-06 04:59:07,043 __init__ INFO] [rigidbody] Preparing jobs...
[2026-02-06 04:59:07,046 libutil INFO] Selected 20 cores to process 20 jobs, with 32 maximum available cores.
[2026-02-06 04:59:07,046 libparallel INFO] Using 20 cores
[2026-02-06 04:59:07,072 libparallel INFO] 20 tasks finished
[2026-02-06 04:59:07,073 __init__ INFO] [rigidbody] Preparation took 0.029664 seconds
[2026-02-06 04:59:07,074 __init__ INFO] [rigidbody] Running CNS Jobs n=20
[2026-02-06 04:59:07,074 libutil INFO] Selected 20 cores to process 20 jobs, with 32 maximum available cores.
[2026-02-06 04:59:07,075 libparallel INFO] Using 20 cores
[2026-02-06 04:59:17,633 libparallel INFO] 20 tasks finished
[2026-02-06 04:59:17,633 __init__ INFO] [rigidbody] CNS jobs have finished
[2026-02-06 04:59:17,668 base_cns_module INFO] Module [rigidbody] finished.
[2026-02-06 04:59:17,668 __init__ INFO] [rigidbody] took 11 seconds
[2026-02-06 04:59:18,045 base_cns_module INFO] Running [flexref] module
[2026-02-06 04:59:18,104 __init__ INFO] [flexref] Running CNS Jobs n=20
[2026-02-06 04:59:18,104 libutil INFO] Selected 20 cores to process 20 jobs, with 32 maximum available cores.
[2026-02-06 04:59:18,104 libparallel INFO] Using 20 cores
[2026-02-06 05:00:52,465 libparallel INFO] 20 tasks finished
[2026-02-06 05:00:52,465 __init__ INFO] [flexref] CNS jobs have finished
[2026-02-06 05:00:52,497 base_cns_module INFO] Module [flexref] finished.
[2026-02-06 05:00:52,497 __init__ INFO] [flexref] took 1 minute and 34 seconds
[2026-02-06 05:00:52,836 base_cns_module INFO] Running [emref] module
[2026-02-06 05:00:52,895 __init__ INFO] [emref] Running CNS Jobs n=20
[2026-02-06 05:00:52,895 libutil INFO] Selected 20 cores to process 20 jobs, with 32 maximum available cores.
[2026-02-06 05:00:52,896 libparallel INFO] Using 20 cores
[2026-02-06 05:01:00,089 libparallel INFO] 20 tasks finished
[2026-02-06 05:01:00,090 __init__ INFO] [emref] CNS jobs have finished
[2026-02-06 05:01:00,125 base_cns_module INFO] Module [emref] finished.
[2026-02-06 05:01:00,125 __init__ INFO] [emref] took 7 seconds
[2026-02-06 05:01:00,125 cli_analyse INFO] Running haddock3-analyse on ./, modules [], with top_cluster = 10
[2026-02-06 05:01:00,131 cli_analyse INFO] Created directory: /mnt/Data/PopOS/Data_Ana/Wu/clawdPorjects/HADDOCK_test/results/run_refold_14-8_Epi/analysis
[2026-02-06 05:01:00,131 cli_analyse INFO] Reading input run directory
[2026-02-06 05:01:00,131 cli_analyse INFO] selected steps: 0_topoaa, 1_rigidbody, 2_flexref, 3_emref
[2026-02-06 05:01:00,132 cli_analyse INFO] Analysing step 0_topoaa
[2026-02-06 05:01:00,132 cli_analyse WARNING] Could not execute the analysis for step 0_topoaa. The following error occurred 'dict' object has no attribute 'rel_path'
[2026-02-06 05:01:00,132 cli_analyse INFO] Analysing step 1_rigidbody
[2026-02-06 05:01:00,133 cli_unpack INFO] Unpacking '../1_rigidbody' folder
[2026-02-06 05:01:00,134 libtimer INFO] unpacking took 0 seconds
[2026-02-06 05:01:00,147 capri INFO] Found previous CNS step: 1_rigidbody
[2026-02-06 05:01:00,254 capri INFO] Saved scoring weights to: weights_params.json
[2026-02-06 05:01:00,255 __init__ INFO] [caprieval] No reference structure provided. Using the structure with the lowest score from previous step
[2026-02-06 05:01:00,340 libutil INFO] Selected 20 cores to process 20 jobs, with 32 maximum available cores.
[2026-02-06 05:01:00,340 libparallel INFO] Using 20 cores
[2026-02-06 05:01:00,813 libparallel INFO] 20 tasks finished
[2026-02-06 05:01:00,814 capri INFO] Rearranging cluster information into capri_clt.tsv
[2026-02-06 05:01:00,818 cli_clean INFO] Compressing '../1_rigidbody' folder
[2026-02-06 05:01:00,818 clean_steps INFO] Cleaning output for '../1_rigidbody' using 20 cores.
[2026-02-06 05:01:00,941 libtimer INFO] compressing took 0 seconds
[2026-02-06 05:01:00,941 cli_analyse INFO] CAPRI files identified
[2026-02-06 05:01:00,943 cli_analyse INFO] Plotting results..
[2026-02-06 05:01:02,154 cli_analyse INFO] Summary archive summary.tgz created!
[2026-02-06 05:01:02,154 cli_analyse INFO] Analysing step 2_flexref
[2026-02-06 05:01:02,156 cli_unpack INFO] Unpacking '../2_flexref' folder
[2026-02-06 05:01:02,156 libtimer INFO] unpacking took 0 seconds
[2026-02-06 05:01:02,170 capri INFO] Found previous CNS step: 2_flexref
[2026-02-06 05:01:02,408 capri INFO] Saved scoring weights to: weights_params.json
[2026-02-06 05:01:02,408 __init__ INFO] [caprieval] No reference structure provided. Using the structure with the lowest score from previous step
[2026-02-06 05:01:02,494 libutil INFO] Selected 20 cores to process 20 jobs, with 32 maximum available cores.
[2026-02-06 05:01:02,494 libparallel INFO] Using 20 cores
[2026-02-06 05:01:02,890 libparallel INFO] 20 tasks finished
[2026-02-06 05:01:02,891 capri INFO] Rearranging cluster information into capri_clt.tsv
[2026-02-06 05:01:02,902 cli_clean INFO] Compressing '../2_flexref' folder
[2026-02-06 05:01:02,902 clean_steps INFO] Cleaning output for '../2_flexref' using 20 cores.
[2026-02-06 05:01:03,047 libtimer INFO] compressing took 0 seconds
[2026-02-06 05:01:03,047 cli_analyse INFO] CAPRI files identified
[2026-02-06 05:01:03,050 cli_analyse INFO] Plotting results..
[2026-02-06 05:01:04,157 cli_analyse INFO] Summary archive summary.tgz created!
[2026-02-06 05:01:04,157 cli_analyse INFO] Analysing step 3_emref
[2026-02-06 05:01:04,159 cli_unpack INFO] Unpacking '../3_emref' folder
[2026-02-06 05:01:04,159 libtimer INFO] unpacking took 0 seconds
[2026-02-06 05:01:04,172 capri INFO] Found previous CNS step: 3_emref
[2026-02-06 05:01:04,273 capri INFO] Saved scoring weights to: weights_params.json
[2026-02-06 05:01:04,273 __init__ INFO] [caprieval] No reference structure provided. Using the structure with the lowest score from previous step
[2026-02-06 05:01:04,357 libutil INFO] Selected 20 cores to process 20 jobs, with 32 maximum available cores.
[2026-02-06 05:01:04,357 libparallel INFO] Using 20 cores
[2026-02-06 05:01:04,772 libparallel INFO] 20 tasks finished
[2026-02-06 05:01:04,773 capri INFO] Rearranging cluster information into capri_clt.tsv
[2026-02-06 05:01:04,777 cli_clean INFO] Compressing '../3_emref' folder
[2026-02-06 05:01:04,777 clean_steps INFO] Cleaning output for '../3_emref' using 20 cores.
[2026-02-06 05:01:04,898 libtimer INFO] compressing took 0 seconds
[2026-02-06 05:01:04,899 cli_analyse INFO] CAPRI files identified
[2026-02-06 05:01:04,901 cli_analyse INFO] Plotting results..
[2026-02-06 05:01:06,019 cli_analyse INFO] Summary archive summary.tgz created!
[2026-02-06 05:01:06,019 cli_analyse INFO] moving files to analysis folder
[2026-02-06 05:01:06,019 cli_analyse INFO] cancelling unsuccesful analysis folders
[2026-02-06 05:01:06,019 cli_analyse INFO] updating paths in analysis/1_rigidbody_analysis/capri_ss.tsv
[2026-02-06 05:01:06,019 cli_analyse INFO] View the results in analysis/1_rigidbody_analysis/report.html
[2026-02-06 05:01:06,019 cli_analyse INFO] To view structures or download the structure files, in a terminal run the command `python -m http.server --directory /mnt/Data/PopOS/Data_Ana/Wu/clawdPorjects/HADDOCK_test/results/run_refold_14-8_Epi`. By default, http server runs on `http://0.0.0.0:8000/`. Open the link http://0.0.0.0:8000/analysis/1_rigidbody_analysis/report.html in a web browser.
[2026-02-06 05:01:06,019 cli_analyse INFO] updating paths in analysis/2_flexref_analysis/capri_ss.tsv
[2026-02-06 05:01:06,020 cli_analyse INFO] View the results in analysis/2_flexref_analysis/report.html
[2026-02-06 05:01:06,020 cli_analyse INFO] To view structures or download the structure files, in a terminal run the command `python -m http.server --directory /mnt/Data/PopOS/Data_Ana/Wu/clawdPorjects/HADDOCK_test/results/run_refold_14-8_Epi`. By default, http server runs on `http://0.0.0.0:8000/`. Open the link http://0.0.0.0:8000/analysis/2_flexref_analysis/report.html in a web browser.
[2026-02-06 05:01:06,020 cli_analyse INFO] updating paths in analysis/3_emref_analysis/capri_ss.tsv
[2026-02-06 05:01:06,020 cli_analyse INFO] View the results in analysis/3_emref_analysis/report.html
[2026-02-06 05:01:06,020 cli_analyse INFO] To view structures or download the structure files, in a terminal run the command `python -m http.server --directory /mnt/Data/PopOS/Data_Ana/Wu/clawdPorjects/HADDOCK_test/results/run_refold_14-8_Epi`. By default, http server runs on `http://0.0.0.0:8000/`. Open the link http://0.0.0.0:8000/analysis/3_emref_analysis/report.html in a web browser.
[2026-02-06 05:01:06,020 cli_traceback INFO] Running haddock3-traceback on ./
[2026-02-06 05:01:06,020 cli_traceback INFO] Reading input run directory
[2026-02-06 05:01:06,020 cli_traceback INFO] All_steps: 0_topoaa, 1_rigidbody, 2_flexref, 3_emref
[2026-02-06 05:01:06,020 cli_traceback INFO] Modules not to be analysed: 0_topoaa
[2026-02-06 05:01:06,020 cli_traceback INFO] Steps to trace back: 1_rigidbody, 2_flexref, 3_emref
[2026-02-06 05:01:06,020 cli_traceback INFO] Created directory: /mnt/Data/PopOS/Data_Ana/Wu/clawdPorjects/HADDOCK_test/results/run_refold_14-8_Epi/traceback
[2026-02-06 05:01:06,021 cli_traceback INFO] Tracing back step 3_emref
[2026-02-06 05:01:06,022 cli_traceback INFO] Tracing back step 2_flexref
[2026-02-06 05:01:06,024 cli_traceback INFO] Tracing back step 1_rigidbody
[2026-02-06 05:01:06,028 cli_traceback INFO] Output dataframe traceback/traceback.tsv created with shape (20, 8)
[2026-02-06 05:01:06,055 clean_steps INFO] Cleaning output for '0_topoaa' using 20 cores.
[2026-02-06 05:01:06,180 libtimer INFO] cleaning output files took 0 seconds
[2026-02-06 05:01:06,180 clean_steps INFO] Cleaning output for '1_rigidbody' using 20 cores.
[2026-02-06 05:01:06,188 libtimer INFO] cleaning output files took 0 seconds
[2026-02-06 05:01:06,188 clean_steps INFO] Cleaning output for '2_flexref' using 20 cores.
[2026-02-06 05:01:06,198 libtimer INFO] cleaning output files took 0 seconds
[2026-02-06 05:01:06,198 clean_steps INFO] Cleaning output for '3_emref' using 20 cores.
[2026-02-06 05:01:06,217 libtimer INFO] cleaning output files took 0 seconds
[2026-02-06 05:01:06,217 cli INFO] This HADDOCK3 run took: 2 minutes and 6 seconds
[2026-02-06 05:01:06,217 greetings INFO] Your feedback matters in Haddock3! Share your experience and help us grow:
[2026-02-06 05:01:06,217 greetings INFO] GitHub issues: https://github.com/haddocking/haddock3/issues
[2026-02-06 05:01:06,217 greetings INFO] BioExcel feedback: https://www.bonvinlab.org/feedback
[2026-02-06 05:01:06,217 greetings INFO] BioExcel forum: https://ask.bioexcel.eu/c/haddock/6
[2026-02-06 05:01:06,217 cli INFO] Finished at 06/02/2026 05:01:06. 再见! Au revoir! Tchau!
