[2026-02-06 07:53:56,726 cli INFO] 
##############################################
#                                            #
#                 HADDOCK3                   #
#                                            #
##############################################

!! Some of the HADDOCK3 components use CNS (Crystallographic and NMR System) which is free of use for non-profit applications. !!
!! For commercial use it is your own responsibility to have a proper license. !!
!! For details refer to the DISCLAIMER file in the HADDOCK3 repository. !!

Starting HADDOCK3 v2024.10.0b7 on 2026-02-06 07:53:00

Python 3.10.12 (main, Feb  4 2025, 14:57:36) [GCC 11.4.0]

[2026-02-06 07:54:00,417 libworkflow INFO] Reading instructions step 0_topoaa
[2026-02-06 07:54:00,417 libworkflow INFO] Reading instructions step 1_rigidbody
[2026-02-06 07:54:00,417 libworkflow INFO] Reading instructions step 2_flexref
[2026-02-06 07:54:00,417 libworkflow INFO] Reading instructions step 3_emref
[2026-02-06 07:54:00,431 base_cns_module INFO] Running [topoaa] module
[2026-02-06 07:54:00,431 __init__ INFO] [topoaa] Molecule 1: receptor_single_TG2006_Epi.pdb
[2026-02-06 07:54:00,435 __init__ INFO] [topoaa] Sanitizing molecule receptor_single_TG2006_Epi.pdb
[2026-02-06 07:54:00,455 __init__ INFO] [topoaa] Topology CNS input created
[2026-02-06 07:54:00,455 __init__ INFO] [topoaa] Molecule 2: ligand_single_TG2006_Epi.pdb
[2026-02-06 07:54:00,456 __init__ INFO] [topoaa] Sanitizing molecule ligand_single_TG2006_Epi.pdb
[2026-02-06 07:54:00,459 __init__ INFO] [topoaa] Topology CNS input created
[2026-02-06 07:54:00,459 __init__ INFO] [topoaa] Running CNS Jobs n=2
[2026-02-06 07:54:00,459 libutil INFO] Selected 2 cores to process 2 jobs, with 32 maximum available cores.
[2026-02-06 07:54:00,460 libparallel INFO] Using 2 cores
[2026-02-06 07:54:20,657 libparallel INFO] 2 tasks finished
[2026-02-06 07:54:20,657 __init__ INFO] [topoaa] CNS jobs have finished
[2026-02-06 07:54:20,659 base_cns_module INFO] Module [topoaa] finished.
[2026-02-06 07:54:20,659 __init__ INFO] [topoaa] took 20 seconds
[2026-02-06 07:54:20,995 base_cns_module INFO] Running [rigidbody] module
[2026-02-06 07:54:20,996 __init__ INFO] [rigidbody] crossdock=true
[2026-02-06 07:54:20,996 __init__ INFO] [rigidbody] Preparing jobs...
[2026-02-06 07:54:21,000 libutil INFO] Selected 20 cores to process 20 jobs, with 32 maximum available cores.
[2026-02-06 07:54:21,001 libparallel INFO] Using 20 cores
[2026-02-06 07:54:21,031 libparallel INFO] 20 tasks finished
[2026-02-06 07:54:21,031 __init__ INFO] [rigidbody] Preparation took 0.035185 seconds
[2026-02-06 07:54:21,033 __init__ INFO] [rigidbody] Running CNS Jobs n=20
[2026-02-06 07:54:21,033 libutil INFO] Selected 20 cores to process 20 jobs, with 32 maximum available cores.
[2026-02-06 07:54:21,033 libparallel INFO] Using 20 cores
[2026-02-06 07:54:54,158 libparallel INFO] 20 tasks finished
[2026-02-06 07:54:54,158 __init__ INFO] [rigidbody] CNS jobs have finished
[2026-02-06 07:54:54,217 base_cns_module INFO] Module [rigidbody] finished.
[2026-02-06 07:54:54,217 __init__ INFO] [rigidbody] took 33 seconds
[2026-02-06 07:54:54,592 base_cns_module INFO] Running [flexref] module
[2026-02-06 07:54:54,714 __init__ INFO] [flexref] Running CNS Jobs n=20
[2026-02-06 07:54:54,715 libutil INFO] Selected 20 cores to process 20 jobs, with 32 maximum available cores.
[2026-02-06 07:54:54,715 libparallel INFO] Using 20 cores
[2026-02-06 07:59:25,206 libparallel INFO] 20 tasks finished
[2026-02-06 07:59:25,206 __init__ INFO] [flexref] CNS jobs have finished
[2026-02-06 07:59:25,266 base_cns_module INFO] Module [flexref] finished.
[2026-02-06 07:59:25,266 __init__ INFO] [flexref] took 4 minutes and 31 seconds
[2026-02-06 07:59:25,610 base_cns_module INFO] Running [emref] module
[2026-02-06 07:59:25,731 __init__ INFO] [emref] Running CNS Jobs n=20
[2026-02-06 07:59:25,731 libutil INFO] Selected 20 cores to process 20 jobs, with 32 maximum available cores.
[2026-02-06 07:59:25,731 libparallel INFO] Using 20 cores
[2026-02-06 07:59:44,782 libparallel INFO] 20 tasks finished
[2026-02-06 07:59:44,783 __init__ INFO] [emref] CNS jobs have finished
[2026-02-06 07:59:44,841 base_cns_module INFO] Module [emref] finished.
[2026-02-06 07:59:44,841 __init__ INFO] [emref] took 19 seconds
[2026-02-06 07:59:44,841 cli_analyse INFO] Running haddock3-analyse on ./, modules [], with top_cluster = 10
[2026-02-06 07:59:44,848 cli_analyse INFO] Created directory: /mnt/Data/PopOS/Data_Ana/Wu/clawdPorjects/HADDOCK_test/results/run_TG2006_Epi/analysis
[2026-02-06 07:59:44,848 cli_analyse INFO] Reading input run directory
[2026-02-06 07:59:44,848 cli_analyse INFO] selected steps: 0_topoaa, 1_rigidbody, 2_flexref, 3_emref
[2026-02-06 07:59:44,848 cli_analyse INFO] Analysing step 0_topoaa
[2026-02-06 07:59:44,848 cli_analyse WARNING] Could not execute the analysis for step 0_topoaa. The following error occurred 'dict' object has no attribute 'rel_path'
[2026-02-06 07:59:44,848 cli_analyse INFO] Analysing step 1_rigidbody
[2026-02-06 07:59:44,850 cli_unpack INFO] Unpacking '../1_rigidbody' folder
[2026-02-06 07:59:44,850 libtimer INFO] unpacking took 0 seconds
[2026-02-06 07:59:44,863 capri INFO] Found previous CNS step: 1_rigidbody
[2026-02-06 07:59:44,972 capri INFO] Saved scoring weights to: weights_params.json
[2026-02-06 07:59:44,972 __init__ INFO] [caprieval] No reference structure provided. Using the structure with the lowest score from previous step
[2026-02-06 07:59:45,168 libutil INFO] Selected 20 cores to process 20 jobs, with 32 maximum available cores.
[2026-02-06 07:59:45,168 libparallel INFO] Using 20 cores
[2026-02-06 07:59:46,147 libparallel INFO] 20 tasks finished
[2026-02-06 07:59:46,148 capri INFO] Rearranging cluster information into capri_clt.tsv
[2026-02-06 07:59:46,156 cli_clean INFO] Compressing '../1_rigidbody' folder
[2026-02-06 07:59:46,156 clean_steps INFO] Cleaning output for '../1_rigidbody' using 20 cores.
[2026-02-06 07:59:46,378 libtimer INFO] compressing took 0 seconds
[2026-02-06 07:59:46,378 cli_analyse INFO] CAPRI files identified
[2026-02-06 07:59:46,380 cli_analyse INFO] Plotting results..
[2026-02-06 07:59:48,393 cli_analyse INFO] Summary archive summary.tgz created!
[2026-02-06 07:59:48,394 cli_analyse INFO] Analysing step 2_flexref
[2026-02-06 07:59:48,396 cli_unpack INFO] Unpacking '../2_flexref' folder
[2026-02-06 07:59:48,396 libtimer INFO] unpacking took 0 seconds
[2026-02-06 07:59:48,409 capri INFO] Found previous CNS step: 2_flexref
[2026-02-06 07:59:48,646 capri INFO] Saved scoring weights to: weights_params.json
[2026-02-06 07:59:48,646 __init__ INFO] [caprieval] No reference structure provided. Using the structure with the lowest score from previous step
[2026-02-06 07:59:48,851 libutil INFO] Selected 20 cores to process 20 jobs, with 32 maximum available cores.
[2026-02-06 07:59:48,851 libparallel INFO] Using 20 cores
[2026-02-06 07:59:49,900 libparallel INFO] 20 tasks finished
[2026-02-06 07:59:49,901 capri INFO] Rearranging cluster information into capri_clt.tsv
[2026-02-06 07:59:49,906 cli_clean INFO] Compressing '../2_flexref' folder
[2026-02-06 07:59:49,906 clean_steps INFO] Cleaning output for '../2_flexref' using 20 cores.
[2026-02-06 07:59:50,135 libtimer INFO] compressing took 0 seconds
[2026-02-06 07:59:50,135 cli_analyse INFO] CAPRI files identified
[2026-02-06 07:59:50,137 cli_analyse INFO] Plotting results..
[2026-02-06 07:59:52,020 cli_analyse INFO] Summary archive summary.tgz created!
[2026-02-06 07:59:52,020 cli_analyse INFO] Analysing step 3_emref
[2026-02-06 07:59:52,022 cli_unpack INFO] Unpacking '../3_emref' folder
[2026-02-06 07:59:52,023 libtimer INFO] unpacking took 0 seconds
[2026-02-06 07:59:52,036 capri INFO] Found previous CNS step: 3_emref
[2026-02-06 07:59:52,139 capri INFO] Saved scoring weights to: weights_params.json
[2026-02-06 07:59:52,139 __init__ INFO] [caprieval] No reference structure provided. Using the structure with the lowest score from previous step
[2026-02-06 07:59:52,337 libutil INFO] Selected 20 cores to process 20 jobs, with 32 maximum available cores.
[2026-02-06 07:59:52,337 libparallel INFO] Using 20 cores
[2026-02-06 07:59:53,334 libparallel INFO] 20 tasks finished
[2026-02-06 07:59:53,336 capri INFO] Rearranging cluster information into capri_clt.tsv
[2026-02-06 07:59:53,344 cli_clean INFO] Compressing '../3_emref' folder
[2026-02-06 07:59:53,344 clean_steps INFO] Cleaning output for '../3_emref' using 20 cores.
[2026-02-06 07:59:53,578 libtimer INFO] compressing took 0 seconds
[2026-02-06 07:59:53,578 cli_analyse INFO] CAPRI files identified
[2026-02-06 07:59:53,580 cli_analyse INFO] Plotting results..
[2026-02-06 07:59:55,377 cli_analyse INFO] Summary archive summary.tgz created!
[2026-02-06 07:59:55,377 cli_analyse INFO] moving files to analysis folder
[2026-02-06 07:59:55,378 cli_analyse INFO] cancelling unsuccesful analysis folders
[2026-02-06 07:59:55,378 cli_analyse INFO] updating paths in analysis/1_rigidbody_analysis/capri_ss.tsv
[2026-02-06 07:59:55,378 cli_analyse INFO] View the results in analysis/1_rigidbody_analysis/report.html
[2026-02-06 07:59:55,378 cli_analyse INFO] To view structures or download the structure files, in a terminal run the command `python -m http.server --directory /mnt/Data/PopOS/Data_Ana/Wu/clawdPorjects/HADDOCK_test/results/run_TG2006_Epi`. By default, http server runs on `http://0.0.0.0:8000/`. Open the link http://0.0.0.0:8000/analysis/1_rigidbody_analysis/report.html in a web browser.
[2026-02-06 07:59:55,378 cli_analyse INFO] updating paths in analysis/2_flexref_analysis/capri_ss.tsv
[2026-02-06 07:59:55,378 cli_analyse INFO] View the results in analysis/2_flexref_analysis/report.html
[2026-02-06 07:59:55,378 cli_analyse INFO] To view structures or download the structure files, in a terminal run the command `python -m http.server --directory /mnt/Data/PopOS/Data_Ana/Wu/clawdPorjects/HADDOCK_test/results/run_TG2006_Epi`. By default, http server runs on `http://0.0.0.0:8000/`. Open the link http://0.0.0.0:8000/analysis/2_flexref_analysis/report.html in a web browser.
[2026-02-06 07:59:55,378 cli_analyse INFO] updating paths in analysis/3_emref_analysis/capri_ss.tsv
[2026-02-06 07:59:55,378 cli_analyse INFO] View the results in analysis/3_emref_analysis/report.html
[2026-02-06 07:59:55,378 cli_analyse INFO] To view structures or download the structure files, in a terminal run the command `python -m http.server --directory /mnt/Data/PopOS/Data_Ana/Wu/clawdPorjects/HADDOCK_test/results/run_TG2006_Epi`. By default, http server runs on `http://0.0.0.0:8000/`. Open the link http://0.0.0.0:8000/analysis/3_emref_analysis/report.html in a web browser.
[2026-02-06 07:59:55,378 cli_traceback INFO] Running haddock3-traceback on ./
[2026-02-06 07:59:55,378 cli_traceback INFO] Reading input run directory
[2026-02-06 07:59:55,379 cli_traceback INFO] All_steps: 0_topoaa, 1_rigidbody, 2_flexref, 3_emref
[2026-02-06 07:59:55,379 cli_traceback INFO] Modules not to be analysed: 0_topoaa
[2026-02-06 07:59:55,379 cli_traceback INFO] Steps to trace back: 1_rigidbody, 2_flexref, 3_emref
[2026-02-06 07:59:55,379 cli_traceback INFO] Created directory: /mnt/Data/PopOS/Data_Ana/Wu/clawdPorjects/HADDOCK_test/results/run_TG2006_Epi/traceback
[2026-02-06 07:59:55,379 cli_traceback INFO] Tracing back step 3_emref
[2026-02-06 07:59:55,381 cli_traceback INFO] Tracing back step 2_flexref
[2026-02-06 07:59:55,383 cli_traceback INFO] Tracing back step 1_rigidbody
[2026-02-06 07:59:55,387 cli_traceback INFO] Output dataframe traceback/traceback.tsv created with shape (20, 8)
[2026-02-06 07:59:55,413 clean_steps INFO] Cleaning output for '0_topoaa' using 20 cores.
[2026-02-06 07:59:55,723 libtimer INFO] cleaning output files took 0 seconds
[2026-02-06 07:59:55,723 clean_steps INFO] Cleaning output for '1_rigidbody' using 20 cores.
[2026-02-06 07:59:55,731 libtimer INFO] cleaning output files took 0 seconds
[2026-02-06 07:59:55,731 clean_steps INFO] Cleaning output for '2_flexref' using 20 cores.
[2026-02-06 07:59:55,739 libtimer INFO] cleaning output files took 0 seconds
[2026-02-06 07:59:55,739 clean_steps INFO] Cleaning output for '3_emref' using 20 cores.
[2026-02-06 07:59:55,747 libtimer INFO] cleaning output files took 0 seconds
[2026-02-06 07:59:55,748 cli INFO] This HADDOCK3 run took: 5 minutes and 59 seconds
[2026-02-06 07:59:55,748 greetings INFO] Your feedback matters in Haddock3! Share your experience and help us grow:
[2026-02-06 07:59:55,748 greetings INFO] GitHub issues: https://github.com/haddocking/haddock3/issues
[2026-02-06 07:59:55,748 greetings INFO] BioExcel feedback: https://www.bonvinlab.org/feedback
[2026-02-06 07:59:55,748 greetings INFO] BioExcel forum: https://ask.bioexcel.eu/c/haddock/6
[2026-02-06 07:59:55,748 cli INFO] Finished at 06/02/2026 07:59:55. Até logo! Dovidenia! 再见!
