[2026-02-06 15:31:20,201 cli INFO] 
##############################################
#                                            #
#                 HADDOCK3                   #
#                                            #
##############################################

!! Some of the HADDOCK3 components use CNS (Crystallographic and NMR System) which is free of use for non-profit applications. !!
!! For commercial use it is your own responsibility to have a proper license. !!
!! For details refer to the DISCLAIMER file in the HADDOCK3 repository. !!

Starting HADDOCK3 v2024.10.0b7 on 2026-02-06 15:31:00

Python 3.10.12 (main, Feb  4 2025, 14:57:36) [GCC 11.4.0]

[2026-02-06 15:31:23,863 libworkflow INFO] Reading instructions step 0_topoaa
[2026-02-06 15:31:23,863 libworkflow INFO] Reading instructions step 1_rigidbody
[2026-02-06 15:31:23,864 libworkflow INFO] Reading instructions step 2_flexref
[2026-02-06 15:31:23,864 libworkflow INFO] Reading instructions step 3_emref
[2026-02-06 15:31:23,877 base_cns_module INFO] Running [topoaa] module
[2026-02-06 15:31:23,877 __init__ INFO] [topoaa] Molecule 1: receptor_single_refold_9MSC_Epi.pdb
[2026-02-06 15:31:23,878 __init__ INFO] [topoaa] Sanitizing molecule receptor_single_refold_9MSC_Epi.pdb
[2026-02-06 15:31:23,883 __init__ INFO] [topoaa] Topology CNS input created
[2026-02-06 15:31:23,883 __init__ INFO] [topoaa] Molecule 2: ligand_single_refold_9MSC_Epi.pdb
[2026-02-06 15:31:23,884 __init__ INFO] [topoaa] Sanitizing molecule ligand_single_refold_9MSC_Epi.pdb
[2026-02-06 15:31:23,891 __init__ INFO] [topoaa] Topology CNS input created
[2026-02-06 15:31:23,891 __init__ INFO] [topoaa] Running CNS Jobs n=2
[2026-02-06 15:31:23,891 libutil INFO] Selected 2 cores to process 2 jobs, with 32 maximum available cores.
[2026-02-06 15:31:23,893 libparallel INFO] Using 2 cores
[2026-02-06 15:31:24,858 libparallel INFO] 2 tasks finished
[2026-02-06 15:31:24,858 __init__ INFO] [topoaa] CNS jobs have finished
[2026-02-06 15:31:24,860 base_cns_module INFO] Module [topoaa] finished.
[2026-02-06 15:31:24,860 __init__ INFO] [topoaa] took 1 seconds
[2026-02-06 15:31:25,197 base_cns_module INFO] Running [rigidbody] module
[2026-02-06 15:31:25,198 __init__ INFO] [rigidbody] crossdock=true
[2026-02-06 15:31:25,198 __init__ INFO] [rigidbody] Preparing jobs...
[2026-02-06 15:31:25,199 libutil INFO] Selected 20 cores to process 20 jobs, with 32 maximum available cores.
[2026-02-06 15:31:25,200 libparallel INFO] Using 20 cores
[2026-02-06 15:31:25,225 libparallel INFO] 20 tasks finished
[2026-02-06 15:31:25,226 __init__ INFO] [rigidbody] Preparation took 0.027919 seconds
[2026-02-06 15:31:25,227 __init__ INFO] [rigidbody] Running CNS Jobs n=20
[2026-02-06 15:31:25,227 libutil INFO] Selected 20 cores to process 20 jobs, with 32 maximum available cores.
[2026-02-06 15:31:25,228 libparallel INFO] Using 20 cores
[2026-02-06 15:31:30,692 libparallel INFO] 20 tasks finished
[2026-02-06 15:31:30,692 __init__ INFO] [rigidbody] CNS jobs have finished
[2026-02-06 15:31:30,710 base_cns_module INFO] Module [rigidbody] finished.
[2026-02-06 15:31:30,710 __init__ INFO] [rigidbody] took 6 seconds
[2026-02-06 15:31:31,086 base_cns_module INFO] Running [flexref] module
[2026-02-06 15:31:31,126 __init__ INFO] [flexref] Running CNS Jobs n=20
[2026-02-06 15:31:31,126 libutil INFO] Selected 20 cores to process 20 jobs, with 32 maximum available cores.
[2026-02-06 15:31:31,126 libparallel INFO] Using 20 cores
[2026-02-06 15:32:23,460 libparallel INFO] 20 tasks finished
[2026-02-06 15:32:23,460 __init__ INFO] [flexref] CNS jobs have finished
[2026-02-06 15:32:23,484 base_cns_module INFO] Module [flexref] finished.
[2026-02-06 15:32:23,484 __init__ INFO] [flexref] took 52 seconds
[2026-02-06 15:32:23,820 base_cns_module INFO] Running [emref] module
[2026-02-06 15:32:23,859 __init__ INFO] [emref] Running CNS Jobs n=20
[2026-02-06 15:32:23,859 libutil INFO] Selected 20 cores to process 20 jobs, with 32 maximum available cores.
[2026-02-06 15:32:23,859 libparallel INFO] Using 20 cores
[2026-02-06 15:32:28,172 libparallel INFO] 20 tasks finished
[2026-02-06 15:32:28,172 __init__ INFO] [emref] CNS jobs have finished
[2026-02-06 15:32:28,195 base_cns_module INFO] Module [emref] finished.
[2026-02-06 15:32:28,195 __init__ INFO] [emref] took 4 seconds
[2026-02-06 15:32:28,195 cli_analyse INFO] Running haddock3-analyse on ./, modules [], with top_cluster = 10
[2026-02-06 15:32:28,202 cli_analyse INFO] Created directory: /mnt/Data/PopOS/Data_Ana/Wu/clawdPorjects/HADDOCK_test/results/run_refold_9MSC_Epi/analysis
[2026-02-06 15:32:28,202 cli_analyse INFO] Reading input run directory
[2026-02-06 15:32:28,203 cli_analyse INFO] selected steps: 0_topoaa, 1_rigidbody, 2_flexref, 3_emref
[2026-02-06 15:32:28,203 cli_analyse INFO] Analysing step 0_topoaa
[2026-02-06 15:32:28,203 cli_analyse WARNING] Could not execute the analysis for step 0_topoaa. The following error occurred 'dict' object has no attribute 'rel_path'
[2026-02-06 15:32:28,203 cli_analyse INFO] Analysing step 1_rigidbody
[2026-02-06 15:32:28,204 cli_unpack INFO] Unpacking '../1_rigidbody' folder
[2026-02-06 15:32:28,205 libtimer INFO] unpacking took 0 seconds
[2026-02-06 15:32:28,217 capri INFO] Found previous CNS step: 1_rigidbody
[2026-02-06 15:32:28,327 capri INFO] Saved scoring weights to: weights_params.json
[2026-02-06 15:32:28,327 __init__ INFO] [caprieval] No reference structure provided. Using the structure with the lowest score from previous step
[2026-02-06 15:32:28,379 libutil INFO] Selected 20 cores to process 20 jobs, with 32 maximum available cores.
[2026-02-06 15:32:28,380 libparallel INFO] Using 20 cores
[2026-02-06 15:32:28,647 libparallel INFO] 20 tasks finished
[2026-02-06 15:32:28,648 capri INFO] Rearranging cluster information into capri_clt.tsv
[2026-02-06 15:32:28,655 cli_clean INFO] Compressing '../1_rigidbody' folder
[2026-02-06 15:32:28,656 clean_steps INFO] Cleaning output for '../1_rigidbody' using 20 cores.
[2026-02-06 15:32:28,747 libtimer INFO] compressing took 0 seconds
[2026-02-06 15:32:28,748 cli_analyse INFO] CAPRI files identified
[2026-02-06 15:32:28,751 cli_analyse INFO] Plotting results..
[2026-02-06 15:32:29,780 cli_analyse INFO] Summary archive summary.tgz created!
[2026-02-06 15:32:29,780 cli_analyse INFO] Analysing step 2_flexref
[2026-02-06 15:32:29,783 cli_unpack INFO] Unpacking '../2_flexref' folder
[2026-02-06 15:32:29,783 libtimer INFO] unpacking took 0 seconds
[2026-02-06 15:32:29,796 capri INFO] Found previous CNS step: 2_flexref
[2026-02-06 15:32:30,033 capri INFO] Saved scoring weights to: weights_params.json
[2026-02-06 15:32:30,034 __init__ INFO] [caprieval] No reference structure provided. Using the structure with the lowest score from previous step
[2026-02-06 15:32:30,087 libutil INFO] Selected 20 cores to process 20 jobs, with 32 maximum available cores.
[2026-02-06 15:32:30,087 libparallel INFO] Using 20 cores
[2026-02-06 15:32:30,305 libparallel INFO] 20 tasks finished
[2026-02-06 15:32:30,306 capri INFO] Rearranging cluster information into capri_clt.tsv
[2026-02-06 15:32:30,310 cli_clean INFO] Compressing '../2_flexref' folder
[2026-02-06 15:32:30,310 clean_steps INFO] Cleaning output for '../2_flexref' using 20 cores.
[2026-02-06 15:32:30,403 libtimer INFO] compressing took 0 seconds
[2026-02-06 15:32:30,403 cli_analyse INFO] CAPRI files identified
[2026-02-06 15:32:30,404 cli_analyse INFO] Plotting results..
[2026-02-06 15:32:31,309 cli_analyse INFO] Summary archive summary.tgz created!
[2026-02-06 15:32:31,309 cli_analyse INFO] Analysing step 3_emref
[2026-02-06 15:32:31,311 cli_unpack INFO] Unpacking '../3_emref' folder
[2026-02-06 15:32:31,312 libtimer INFO] unpacking took 0 seconds
[2026-02-06 15:32:31,325 capri INFO] Found previous CNS step: 3_emref
[2026-02-06 15:32:31,429 capri INFO] Saved scoring weights to: weights_params.json
[2026-02-06 15:32:31,429 __init__ INFO] [caprieval] No reference structure provided. Using the structure with the lowest score from previous step
[2026-02-06 15:32:31,485 libutil INFO] Selected 20 cores to process 20 jobs, with 32 maximum available cores.
[2026-02-06 15:32:31,485 libparallel INFO] Using 20 cores
[2026-02-06 15:32:31,714 libparallel INFO] 20 tasks finished
[2026-02-06 15:32:31,715 capri INFO] Rearranging cluster information into capri_clt.tsv
[2026-02-06 15:32:31,719 cli_clean INFO] Compressing '../3_emref' folder
[2026-02-06 15:32:31,719 clean_steps INFO] Cleaning output for '../3_emref' using 20 cores.
[2026-02-06 15:32:31,809 libtimer INFO] compressing took 0 seconds
[2026-02-06 15:32:31,809 cli_analyse INFO] CAPRI files identified
[2026-02-06 15:32:31,812 cli_analyse INFO] Plotting results..
[2026-02-06 15:32:32,716 cli_analyse INFO] Summary archive summary.tgz created!
[2026-02-06 15:32:32,717 cli_analyse INFO] moving files to analysis folder
[2026-02-06 15:32:32,717 cli_analyse INFO] cancelling unsuccesful analysis folders
[2026-02-06 15:32:32,717 cli_analyse INFO] updating paths in analysis/1_rigidbody_analysis/capri_ss.tsv
[2026-02-06 15:32:32,717 cli_analyse INFO] View the results in analysis/1_rigidbody_analysis/report.html
[2026-02-06 15:32:32,717 cli_analyse INFO] To view structures or download the structure files, in a terminal run the command `python -m http.server --directory /mnt/Data/PopOS/Data_Ana/Wu/clawdPorjects/HADDOCK_test/results/run_refold_9MSC_Epi`. By default, http server runs on `http://0.0.0.0:8000/`. Open the link http://0.0.0.0:8000/analysis/1_rigidbody_analysis/report.html in a web browser.
[2026-02-06 15:32:32,717 cli_analyse INFO] updating paths in analysis/2_flexref_analysis/capri_ss.tsv
[2026-02-06 15:32:32,717 cli_analyse INFO] View the results in analysis/2_flexref_analysis/report.html
[2026-02-06 15:32:32,717 cli_analyse INFO] To view structures or download the structure files, in a terminal run the command `python -m http.server --directory /mnt/Data/PopOS/Data_Ana/Wu/clawdPorjects/HADDOCK_test/results/run_refold_9MSC_Epi`. By default, http server runs on `http://0.0.0.0:8000/`. Open the link http://0.0.0.0:8000/analysis/2_flexref_analysis/report.html in a web browser.
[2026-02-06 15:32:32,717 cli_analyse INFO] updating paths in analysis/3_emref_analysis/capri_ss.tsv
[2026-02-06 15:32:32,718 cli_analyse INFO] View the results in analysis/3_emref_analysis/report.html
[2026-02-06 15:32:32,718 cli_analyse INFO] To view structures or download the structure files, in a terminal run the command `python -m http.server --directory /mnt/Data/PopOS/Data_Ana/Wu/clawdPorjects/HADDOCK_test/results/run_refold_9MSC_Epi`. By default, http server runs on `http://0.0.0.0:8000/`. Open the link http://0.0.0.0:8000/analysis/3_emref_analysis/report.html in a web browser.
[2026-02-06 15:32:32,718 cli_traceback INFO] Running haddock3-traceback on ./
[2026-02-06 15:32:32,718 cli_traceback INFO] Reading input run directory
[2026-02-06 15:32:32,718 cli_traceback INFO] All_steps: 0_topoaa, 1_rigidbody, 2_flexref, 3_emref
[2026-02-06 15:32:32,718 cli_traceback INFO] Modules not to be analysed: 0_topoaa
[2026-02-06 15:32:32,718 cli_traceback INFO] Steps to trace back: 1_rigidbody, 2_flexref, 3_emref
[2026-02-06 15:32:32,718 cli_traceback INFO] Created directory: /mnt/Data/PopOS/Data_Ana/Wu/clawdPorjects/HADDOCK_test/results/run_refold_9MSC_Epi/traceback
[2026-02-06 15:32:32,718 cli_traceback INFO] Tracing back step 3_emref
[2026-02-06 15:32:32,720 cli_traceback INFO] Tracing back step 2_flexref
[2026-02-06 15:32:32,723 cli_traceback INFO] Tracing back step 1_rigidbody
[2026-02-06 15:32:32,726 cli_traceback INFO] Output dataframe traceback/traceback.tsv created with shape (20, 8)
[2026-02-06 15:32:32,754 clean_steps INFO] Cleaning output for '0_topoaa' using 20 cores.
[2026-02-06 15:32:32,853 libtimer INFO] cleaning output files took 0 seconds
[2026-02-06 15:32:32,853 clean_steps INFO] Cleaning output for '1_rigidbody' using 20 cores.
[2026-02-06 15:32:32,862 libtimer INFO] cleaning output files took 0 seconds
[2026-02-06 15:32:32,862 clean_steps INFO] Cleaning output for '2_flexref' using 20 cores.
[2026-02-06 15:32:32,879 libtimer INFO] cleaning output files took 0 seconds
[2026-02-06 15:32:32,879 clean_steps INFO] Cleaning output for '3_emref' using 20 cores.
[2026-02-06 15:32:32,895 libtimer INFO] cleaning output files took 0 seconds
[2026-02-06 15:32:32,895 cli INFO] This HADDOCK3 run took: 1 minute and 13 seconds
[2026-02-06 15:32:32,895 greetings INFO] Your feedback matters in Haddock3! Share your experience and help us grow:
[2026-02-06 15:32:32,895 greetings INFO] GitHub issues: https://github.com/haddocking/haddock3/issues
[2026-02-06 15:32:32,895 greetings INFO] BioExcel feedback: https://www.bonvinlab.org/feedback
[2026-02-06 15:32:32,895 greetings INFO] BioExcel forum: https://ask.bioexcel.eu/c/haddock/6
[2026-02-06 15:32:32,896 cli INFO] Finished at 06/02/2026 15:32:32. Até logo! Tot ziens! Adéu-siau!
