[2026-02-13 11:20:40,997 cli INFO] 
##############################################
#                                            #
#                 HADDOCK3                   #
#                                            #
##############################################

!! Some of the HADDOCK3 components use CNS (Crystallographic and NMR System) which is free of use for non-profit applications. !!
!! For commercial use it is your own responsibility to have a proper license. !!
!! For details refer to the DISCLAIMER file in the HADDOCK3 repository. !!

Starting HADDOCK3 v2024.10.0b7 on 2026-02-13 11:20:00

Python 3.10.12 (main, Feb  4 2025, 14:57:36) [GCC 11.4.0]

[2026-02-13 11:20:44,709 libworkflow INFO] Reading instructions step 0_topoaa
[2026-02-13 11:20:44,709 libworkflow INFO] Reading instructions step 1_rigidbody
[2026-02-13 11:20:44,710 libworkflow INFO] Reading instructions step 2_flexref
[2026-02-13 11:20:44,710 libworkflow INFO] Reading instructions step 3_emref
[2026-02-13 11:20:44,724 base_cns_module INFO] Running [topoaa] module
[2026-02-13 11:20:44,724 __init__ INFO] [topoaa] Molecule 1: receptor_single_Neg_CCTACGCTCAGTAAAG-1_contig_1_1.pdb
[2026-02-13 11:20:44,725 __init__ INFO] [topoaa] Sanitizing molecule receptor_single_Neg_CCTACGCTCAGTAAAG-1_contig_1_1.pdb
[2026-02-13 11:20:44,732 __init__ INFO] [topoaa] Topology CNS input created
[2026-02-13 11:20:44,733 __init__ INFO] [topoaa] Molecule 2: ligand_single_Neg_CCTACGCTCAGTAAAG-1_contig_1_1.pdb
[2026-02-13 11:20:44,734 __init__ INFO] [topoaa] Sanitizing molecule ligand_single_Neg_CCTACGCTCAGTAAAG-1_contig_1_1.pdb
[2026-02-13 11:20:44,740 __init__ INFO] [topoaa] Topology CNS input created
[2026-02-13 11:20:44,740 __init__ INFO] [topoaa] Running CNS Jobs n=2
[2026-02-13 11:20:44,740 libutil INFO] Selected 2 cores to process 2 jobs, with 32 maximum available cores.
[2026-02-13 11:20:44,741 libparallel INFO] Using 2 cores
[2026-02-13 11:20:47,981 libparallel INFO] 2 tasks finished
[2026-02-13 11:20:47,982 __init__ INFO] [topoaa] CNS jobs have finished
[2026-02-13 11:20:47,983 base_cns_module INFO] Module [topoaa] finished.
[2026-02-13 11:20:47,983 __init__ INFO] [topoaa] took 3 seconds
[2026-02-13 11:20:48,321 base_cns_module INFO] Running [rigidbody] module
[2026-02-13 11:20:48,321 __init__ INFO] [rigidbody] crossdock=true
[2026-02-13 11:20:48,321 __init__ INFO] [rigidbody] Preparing jobs...
[2026-02-13 11:20:48,323 libutil INFO] Selected 20 cores to process 20 jobs, with 32 maximum available cores.
[2026-02-13 11:20:48,324 libparallel INFO] Using 20 cores
[2026-02-13 11:20:48,352 libparallel INFO] 20 tasks finished
[2026-02-13 11:20:48,353 __init__ INFO] [rigidbody] Preparation took 0.031445 seconds
[2026-02-13 11:20:48,354 __init__ INFO] [rigidbody] Running CNS Jobs n=20
[2026-02-13 11:20:48,354 libutil INFO] Selected 20 cores to process 20 jobs, with 32 maximum available cores.
[2026-02-13 11:20:48,355 libparallel INFO] Using 20 cores
[2026-02-13 11:20:58,411 libparallel INFO] 20 tasks finished
[2026-02-13 11:20:58,411 __init__ INFO] [rigidbody] CNS jobs have finished
[2026-02-13 11:20:58,451 base_cns_module INFO] Module [rigidbody] finished.
[2026-02-13 11:20:58,451 __init__ INFO] [rigidbody] took 10 seconds
[2026-02-13 11:20:58,836 base_cns_module INFO] Running [flexref] module
[2026-02-13 11:20:58,894 __init__ INFO] [flexref] Running CNS Jobs n=20
[2026-02-13 11:20:58,894 libutil INFO] Selected 20 cores to process 20 jobs, with 32 maximum available cores.
[2026-02-13 11:20:58,894 libparallel INFO] Using 20 cores
[2026-02-13 11:22:33,346 libparallel INFO] 20 tasks finished
[2026-02-13 11:22:33,346 __init__ INFO] [flexref] CNS jobs have finished
[2026-02-13 11:22:33,380 base_cns_module INFO] Module [flexref] finished.
[2026-02-13 11:22:33,380 __init__ INFO] [flexref] took 1 minute and 35 seconds
[2026-02-13 11:22:33,721 base_cns_module INFO] Running [emref] module
[2026-02-13 11:22:33,778 __init__ INFO] [emref] Running CNS Jobs n=20
[2026-02-13 11:22:33,778 libutil INFO] Selected 20 cores to process 20 jobs, with 32 maximum available cores.
[2026-02-13 11:22:33,778 libparallel INFO] Using 20 cores
[2026-02-13 11:22:40,951 libparallel INFO] 20 tasks finished
[2026-02-13 11:22:40,951 __init__ INFO] [emref] CNS jobs have finished
[2026-02-13 11:22:40,985 base_cns_module INFO] Module [emref] finished.
[2026-02-13 11:22:40,985 __init__ INFO] [emref] took 7 seconds
[2026-02-13 11:22:40,985 cli_analyse INFO] Running haddock3-analyse on ./, modules [], with top_cluster = 10
[2026-02-13 11:22:40,992 cli_analyse INFO] Created directory: /mnt/Data/PopOS/Data_Ana/Wu/clawdPorjects/HADDOCK_test/results/run_Neg_CCTACGCTCAGTAAAG-1_contig_1_1/analysis
[2026-02-13 11:22:40,992 cli_analyse INFO] Reading input run directory
[2026-02-13 11:22:40,992 cli_analyse INFO] selected steps: 0_topoaa, 1_rigidbody, 2_flexref, 3_emref
[2026-02-13 11:22:40,992 cli_analyse INFO] Analysing step 0_topoaa
[2026-02-13 11:22:40,992 cli_analyse WARNING] Could not execute the analysis for step 0_topoaa. The following error occurred 'dict' object has no attribute 'rel_path'
[2026-02-13 11:22:40,992 cli_analyse INFO] Analysing step 1_rigidbody
[2026-02-13 11:22:40,993 cli_unpack INFO] Unpacking '../1_rigidbody' folder
[2026-02-13 11:22:40,994 libtimer INFO] unpacking took 0 seconds
[2026-02-13 11:22:41,007 capri INFO] Found previous CNS step: 1_rigidbody
[2026-02-13 11:22:41,115 capri INFO] Saved scoring weights to: weights_params.json
[2026-02-13 11:22:41,115 __init__ INFO] [caprieval] No reference structure provided. Using the structure with the lowest score from previous step
[2026-02-13 11:22:41,201 libutil INFO] Selected 20 cores to process 20 jobs, with 32 maximum available cores.
[2026-02-13 11:22:41,201 libparallel INFO] Using 20 cores
[2026-02-13 11:22:41,688 libparallel INFO] 20 tasks finished
[2026-02-13 11:22:41,689 capri INFO] Rearranging cluster information into capri_clt.tsv
[2026-02-13 11:22:41,693 cli_clean INFO] Compressing '../1_rigidbody' folder
[2026-02-13 11:22:41,693 clean_steps INFO] Cleaning output for '../1_rigidbody' using 20 cores.
[2026-02-13 11:22:41,824 libtimer INFO] compressing took 0 seconds
[2026-02-13 11:22:41,824 cli_analyse INFO] CAPRI files identified
[2026-02-13 11:22:41,826 cli_analyse INFO] Plotting results..
[2026-02-13 11:22:43,041 cli_analyse INFO] Summary archive summary.tgz created!
[2026-02-13 11:22:43,041 cli_analyse INFO] Analysing step 2_flexref
[2026-02-13 11:22:43,043 cli_unpack INFO] Unpacking '../2_flexref' folder
[2026-02-13 11:22:43,043 libtimer INFO] unpacking took 0 seconds
[2026-02-13 11:22:43,056 capri INFO] Found previous CNS step: 2_flexref
[2026-02-13 11:22:43,295 capri INFO] Saved scoring weights to: weights_params.json
[2026-02-13 11:22:43,295 __init__ INFO] [caprieval] No reference structure provided. Using the structure with the lowest score from previous step
[2026-02-13 11:22:43,382 libutil INFO] Selected 20 cores to process 20 jobs, with 32 maximum available cores.
[2026-02-13 11:22:43,382 libparallel INFO] Using 20 cores
[2026-02-13 11:22:43,965 libparallel INFO] 20 tasks finished
[2026-02-13 11:22:43,966 capri INFO] Rearranging cluster information into capri_clt.tsv
[2026-02-13 11:22:43,973 cli_clean INFO] Compressing '../2_flexref' folder
[2026-02-13 11:22:43,973 clean_steps INFO] Cleaning output for '../2_flexref' using 20 cores.
[2026-02-13 11:22:44,135 libtimer INFO] compressing took 0 seconds
[2026-02-13 11:22:44,135 cli_analyse INFO] CAPRI files identified
[2026-02-13 11:22:44,137 cli_analyse INFO] Plotting results..
[2026-02-13 11:22:45,268 cli_analyse INFO] Summary archive summary.tgz created!
[2026-02-13 11:22:45,268 cli_analyse INFO] Analysing step 3_emref
[2026-02-13 11:22:45,271 cli_unpack INFO] Unpacking '../3_emref' folder
[2026-02-13 11:22:45,271 libtimer INFO] unpacking took 0 seconds
[2026-02-13 11:22:45,285 capri INFO] Found previous CNS step: 3_emref
[2026-02-13 11:22:45,387 capri INFO] Saved scoring weights to: weights_params.json
[2026-02-13 11:22:45,387 __init__ INFO] [caprieval] No reference structure provided. Using the structure with the lowest score from previous step
[2026-02-13 11:22:45,473 libutil INFO] Selected 20 cores to process 20 jobs, with 32 maximum available cores.
[2026-02-13 11:22:45,474 libparallel INFO] Using 20 cores
[2026-02-13 11:22:45,865 libparallel INFO] 20 tasks finished
[2026-02-13 11:22:45,866 capri INFO] Rearranging cluster information into capri_clt.tsv
[2026-02-13 11:22:45,870 cli_clean INFO] Compressing '../3_emref' folder
[2026-02-13 11:22:45,870 clean_steps INFO] Cleaning output for '../3_emref' using 20 cores.
[2026-02-13 11:22:45,991 libtimer INFO] compressing took 0 seconds
[2026-02-13 11:22:45,991 cli_analyse INFO] CAPRI files identified
[2026-02-13 11:22:45,993 cli_analyse INFO] Plotting results..
[2026-02-13 11:22:47,100 cli_analyse INFO] Summary archive summary.tgz created!
[2026-02-13 11:22:47,100 cli_analyse INFO] moving files to analysis folder
[2026-02-13 11:22:47,100 cli_analyse INFO] cancelling unsuccesful analysis folders
[2026-02-13 11:22:47,100 cli_analyse INFO] updating paths in analysis/1_rigidbody_analysis/capri_ss.tsv
[2026-02-13 11:22:47,101 cli_analyse INFO] View the results in analysis/1_rigidbody_analysis/report.html
[2026-02-13 11:22:47,101 cli_analyse INFO] To view structures or download the structure files, in a terminal run the command `python -m http.server --directory /mnt/Data/PopOS/Data_Ana/Wu/clawdPorjects/HADDOCK_test/results/run_Neg_CCTACGCTCAGTAAAG-1_contig_1_1`. By default, http server runs on `http://0.0.0.0:8000/`. Open the link http://0.0.0.0:8000/analysis/1_rigidbody_analysis/report.html in a web browser.
[2026-02-13 11:22:47,101 cli_analyse INFO] updating paths in analysis/2_flexref_analysis/capri_ss.tsv
[2026-02-13 11:22:47,101 cli_analyse INFO] View the results in analysis/2_flexref_analysis/report.html
[2026-02-13 11:22:47,101 cli_analyse INFO] To view structures or download the structure files, in a terminal run the command `python -m http.server --directory /mnt/Data/PopOS/Data_Ana/Wu/clawdPorjects/HADDOCK_test/results/run_Neg_CCTACGCTCAGTAAAG-1_contig_1_1`. By default, http server runs on `http://0.0.0.0:8000/`. Open the link http://0.0.0.0:8000/analysis/2_flexref_analysis/report.html in a web browser.
[2026-02-13 11:22:47,101 cli_analyse INFO] updating paths in analysis/3_emref_analysis/capri_ss.tsv
[2026-02-13 11:22:47,101 cli_analyse INFO] View the results in analysis/3_emref_analysis/report.html
[2026-02-13 11:22:47,101 cli_analyse INFO] To view structures or download the structure files, in a terminal run the command `python -m http.server --directory /mnt/Data/PopOS/Data_Ana/Wu/clawdPorjects/HADDOCK_test/results/run_Neg_CCTACGCTCAGTAAAG-1_contig_1_1`. By default, http server runs on `http://0.0.0.0:8000/`. Open the link http://0.0.0.0:8000/analysis/3_emref_analysis/report.html in a web browser.
[2026-02-13 11:22:47,101 cli_traceback INFO] Running haddock3-traceback on ./
[2026-02-13 11:22:47,101 cli_traceback INFO] Reading input run directory
[2026-02-13 11:22:47,101 cli_traceback INFO] All_steps: 0_topoaa, 1_rigidbody, 2_flexref, 3_emref
[2026-02-13 11:22:47,102 cli_traceback INFO] Modules not to be analysed: 0_topoaa
[2026-02-13 11:22:47,102 cli_traceback INFO] Steps to trace back: 1_rigidbody, 2_flexref, 3_emref
[2026-02-13 11:22:47,102 cli_traceback INFO] Created directory: /mnt/Data/PopOS/Data_Ana/Wu/clawdPorjects/HADDOCK_test/results/run_Neg_CCTACGCTCAGTAAAG-1_contig_1_1/traceback
[2026-02-13 11:22:47,102 cli_traceback INFO] Tracing back step 3_emref
[2026-02-13 11:22:47,104 cli_traceback INFO] Tracing back step 2_flexref
[2026-02-13 11:22:47,106 cli_traceback INFO] Tracing back step 1_rigidbody
[2026-02-13 11:22:47,110 cli_traceback INFO] Output dataframe traceback/traceback.tsv created with shape (20, 8)
[2026-02-13 11:22:47,136 clean_steps INFO] Cleaning output for '0_topoaa' using 20 cores.
[2026-02-13 11:22:47,263 libtimer INFO] cleaning output files took 0 seconds
[2026-02-13 11:22:47,263 clean_steps INFO] Cleaning output for '1_rigidbody' using 20 cores.
[2026-02-13 11:22:47,271 libtimer INFO] cleaning output files took 0 seconds
[2026-02-13 11:22:47,271 clean_steps INFO] Cleaning output for '2_flexref' using 20 cores.
[2026-02-13 11:22:47,281 libtimer INFO] cleaning output files took 0 seconds
[2026-02-13 11:22:47,281 clean_steps INFO] Cleaning output for '3_emref' using 20 cores.
[2026-02-13 11:22:47,297 libtimer INFO] cleaning output files took 0 seconds
[2026-02-13 11:22:47,298 cli INFO] This HADDOCK3 run took: 2 minutes and 6 seconds
[2026-02-13 11:22:47,298 greetings INFO] Your feedback matters in Haddock3! Share your experience and help us grow:
[2026-02-13 11:22:47,298 greetings INFO] GitHub issues: https://github.com/haddocking/haddock3/issues
[2026-02-13 11:22:47,298 greetings INFO] BioExcel feedback: https://www.bonvinlab.org/feedback
[2026-02-13 11:22:47,298 greetings INFO] BioExcel forum: https://ask.bioexcel.eu/c/haddock/6
[2026-02-13 11:22:47,298 cli INFO] Finished at 13/02/2026 11:22:47. Ciao! La revedere! Do pobachennya!
