[2026-02-13T04:20:54]
receptor chains ['A', 'B']; ligand chains ['H', 'L']
split -> receptor_Neg_CCTAAAGTCACTACTC-1_contig_1_1.pdb, ligand_Neg_CCTAAAGTCACTACTC-1_contig_1_1.pdb; merged -> receptor_single_Neg_CCTAAAGTCACTACTC-1_contig_1_1.pdb, ligand_single_Neg_CCTAAAGTCACTACTC-1_contig_1_1.pdb
intra lock pairs: 12 -> intra_lig_lock_Neg_CCTAAAGTCACTACTC-1_contig_1_1.tbl
AIR pairs: 0 -> air_Neg_CCTAAAGTCACTACTC-1_contig_1_1.tbl
config: haddock3_config_Neg_CCTAAAGTCACTACTC-1_contig_1_1.cfg
run haddock3 rc=0, log=haddock_Neg_CCTAAAGTCACTACTC-1_contig_1_1.log

[2026-02-13T04:22:58]
receptor chains ['A', 'B']; ligand chains ['H', 'L']
split -> receptor_Neg_CCTAAAGTCACTACTC-1_contig_1_1.pdb, ligand_Neg_CCTAAAGTCACTACTC-1_contig_1_1.pdb; merged -> receptor_single_Neg_CCTAAAGTCACTACTC-1_contig_1_1.pdb, ligand_single_Neg_CCTAAAGTCACTACTC-1_contig_1_1.pdb
intra lock pairs: 12 -> intra_lig_lock_Neg_CCTAAAGTCACTACTC-1_contig_1_1.tbl
AIR pairs: 0 -> air_Neg_CCTAAAGTCACTACTC-1_contig_1_1.tbl
config: haddock3_config_Neg_CCTAAAGTCACTACTC-1_contig_1_1.cfg
run haddock3 rc=0, log=haddock_Neg_CCTAAAGTCACTACTC-1_contig_1_1.log

[2026-02-13T11:20:40]
receptor chains ['A', 'B']; ligand chains ['H', 'L']
split -> receptor_Neg_CCTAAAGTCACTACTC-1_contig_1_1.pdb, ligand_Neg_CCTAAAGTCACTACTC-1_contig_1_1.pdb; merged -> receptor_single_Neg_CCTAAAGTCACTACTC-1_contig_1_1.pdb, ligand_single_Neg_CCTAAAGTCACTACTC-1_contig_1_1.pdb
intra lock pairs: 12 -> intra_lig_lock_Neg_CCTAAAGTCACTACTC-1_contig_1_1.tbl
AIR pairs: 504 (rec_if [5, 339, 340, 341, 342, 343, 344, 354, 355, 356, 357, 358, 359, 360, 362, 363, 364, 365, 366, 369, 470], lig_if [30, 31, 53, 54, 55, 56, 103, 104, 105, 106, 107, 108, 109, 110, 111, 112, 115, 164]) -> air_Neg_CCTAAAGTCACTACTC-1_contig_1_1.tbl
config: haddock3_config_Neg_CCTAAAGTCACTACTC-1_contig_1_1.cfg
run haddock3 rc=0, log=haddock_Neg_CCTAAAGTCACTACTC-1_contig_1_1.log

