[2026-02-13T02:30:05]
receptor chains ['A', 'B']; ligand chains ['H', 'L']
split -> receptor_Neg_ACCCACGAGATGGTAA-1_contig_1_1.pdb, ligand_Neg_ACCCACGAGATGGTAA-1_contig_1_1.pdb; merged -> receptor_single_Neg_ACCCACGAGATGGTAA-1_contig_1_1.pdb, ligand_single_Neg_ACCCACGAGATGGTAA-1_contig_1_1.pdb
intra lock pairs: 12 -> intra_lig_lock_Neg_ACCCACGAGATGGTAA-1_contig_1_1.tbl
AIR pairs: 0 -> air_Neg_ACCCACGAGATGGTAA-1_contig_1_1.tbl
config: haddock3_config_Neg_ACCCACGAGATGGTAA-1_contig_1_1.cfg
run haddock3 rc=0, log=haddock_Neg_ACCCACGAGATGGTAA-1_contig_1_1.log

[2026-02-13T02:32:02]
receptor chains ['A', 'B']; ligand chains ['H', 'L']
split -> receptor_Neg_ACCCACGAGATGGTAA-1_contig_1_1.pdb, ligand_Neg_ACCCACGAGATGGTAA-1_contig_1_1.pdb; merged -> receptor_single_Neg_ACCCACGAGATGGTAA-1_contig_1_1.pdb, ligand_single_Neg_ACCCACGAGATGGTAA-1_contig_1_1.pdb
intra lock pairs: 12 -> intra_lig_lock_Neg_ACCCACGAGATGGTAA-1_contig_1_1.tbl
AIR pairs: 0 -> air_Neg_ACCCACGAGATGGTAA-1_contig_1_1.tbl
config: haddock3_config_Neg_ACCCACGAGATGGTAA-1_contig_1_1.cfg
run haddock3 rc=0, log=haddock_Neg_ACCCACGAGATGGTAA-1_contig_1_1.log

[2026-02-13T10:20:50]
receptor chains ['A', 'B']; ligand chains ['H', 'L']
split -> receptor_Neg_ACCCACGAGATGGTAA-1_contig_1_1.pdb, ligand_Neg_ACCCACGAGATGGTAA-1_contig_1_1.pdb; merged -> receptor_single_Neg_ACCCACGAGATGGTAA-1_contig_1_1.pdb, ligand_single_Neg_ACCCACGAGATGGTAA-1_contig_1_1.pdb
intra lock pairs: 12 -> intra_lig_lock_Neg_ACCCACGAGATGGTAA-1_contig_1_1.tbl
AIR pairs: 40 (rec_if [359, 362, 365, 366, 369], lig_if [30, 31, 53, 101, 102]) -> air_Neg_ACCCACGAGATGGTAA-1_contig_1_1.tbl
config: haddock3_config_Neg_ACCCACGAGATGGTAA-1_contig_1_1.cfg
run haddock3 rc=0, log=haddock_Neg_ACCCACGAGATGGTAA-1_contig_1_1.log

