[2026-02-13T05:13:27]
receptor chains ['A', 'B']; ligand chains ['H', 'L']
split -> receptor_Neg_GCAACCCCAATGGGGT-1_contig_1_1.pdb, ligand_Neg_GCAACCCCAATGGGGT-1_contig_1_1.pdb; merged -> receptor_single_Neg_GCAACCCCAATGGGGT-1_contig_1_1.pdb, ligand_single_Neg_GCAACCCCAATGGGGT-1_contig_1_1.pdb
intra lock pairs: 12 -> intra_lig_lock_Neg_GCAACCCCAATGGGGT-1_contig_1_1.tbl
AIR pairs: 0 -> air_Neg_GCAACCCCAATGGGGT-1_contig_1_1.tbl
config: haddock3_config_Neg_GCAACCCCAATGGGGT-1_contig_1_1.cfg
run haddock3 rc=0, log=haddock_Neg_GCAACCCCAATGGGGT-1_contig_1_1.log

[2026-02-13T05:15:27]
receptor chains ['A', 'B']; ligand chains ['H', 'L']
split -> receptor_Neg_GCAACCCCAATGGGGT-1_contig_1_1.pdb, ligand_Neg_GCAACCCCAATGGGGT-1_contig_1_1.pdb; merged -> receptor_single_Neg_GCAACCCCAATGGGGT-1_contig_1_1.pdb, ligand_single_Neg_GCAACCCCAATGGGGT-1_contig_1_1.pdb
intra lock pairs: 12 -> intra_lig_lock_Neg_GCAACCCCAATGGGGT-1_contig_1_1.tbl
AIR pairs: 0 -> air_Neg_GCAACCCCAATGGGGT-1_contig_1_1.tbl
config: haddock3_config_Neg_GCAACCCCAATGGGGT-1_contig_1_1.cfg
run haddock3 rc=0, log=haddock_Neg_GCAACCCCAATGGGGT-1_contig_1_1.log

[2026-02-13T11:48:07]
receptor chains ['A', 'B']; ligand chains ['H', 'L']
split -> receptor_Neg_GCAACCCCAATGGGGT-1_contig_1_1.pdb, ligand_Neg_GCAACCCCAATGGGGT-1_contig_1_1.pdb; merged -> receptor_single_Neg_GCAACCCCAATGGGGT-1_contig_1_1.pdb, ligand_single_Neg_GCAACCCCAATGGGGT-1_contig_1_1.pdb
intra lock pairs: 12 -> intra_lig_lock_Neg_GCAACCCCAATGGGGT-1_contig_1_1.tbl
AIR pairs: 285 (rec_if [340, 341, 343, 356, 357, 358, 359, 360, 361, 362, 363, 364, 365, 366, 369, 370, 474], lig_if [28, 30, 31, 53, 54, 55, 56, 103, 104, 105, 106, 107, 108, 109, 110]) -> air_Neg_GCAACCCCAATGGGGT-1_contig_1_1.tbl
config: haddock3_config_Neg_GCAACCCCAATGGGGT-1_contig_1_1.cfg
run haddock3 rc=0, log=haddock_Neg_GCAACCCCAATGGGGT-1_contig_1_1.log

