[2026-02-13T04:08:52]
receptor chains ['A', 'B']; ligand chains ['H', 'L']
split -> receptor_Neg_CCGCCAAAGCATGTTG-1_contig_1_1.pdb, ligand_Neg_CCGCCAAAGCATGTTG-1_contig_1_1.pdb; merged -> receptor_single_Neg_CCGCCAAAGCATGTTG-1_contig_1_1.pdb, ligand_single_Neg_CCGCCAAAGCATGTTG-1_contig_1_1.pdb
intra lock pairs: 12 -> intra_lig_lock_Neg_CCGCCAAAGCATGTTG-1_contig_1_1.tbl
AIR pairs: 0 -> air_Neg_CCGCCAAAGCATGTTG-1_contig_1_1.tbl
config: haddock3_config_Neg_CCGCCAAAGCATGTTG-1_contig_1_1.cfg
run haddock3 rc=0, log=haddock_Neg_CCGCCAAAGCATGTTG-1_contig_1_1.log

[2026-02-13T04:10:50]
receptor chains ['A', 'B']; ligand chains ['H', 'L']
split -> receptor_Neg_CCGCCAAAGCATGTTG-1_contig_1_1.pdb, ligand_Neg_CCGCCAAAGCATGTTG-1_contig_1_1.pdb; merged -> receptor_single_Neg_CCGCCAAAGCATGTTG-1_contig_1_1.pdb, ligand_single_Neg_CCGCCAAAGCATGTTG-1_contig_1_1.pdb
intra lock pairs: 12 -> intra_lig_lock_Neg_CCGCCAAAGCATGTTG-1_contig_1_1.tbl
AIR pairs: 0 -> air_Neg_CCGCCAAAGCATGTTG-1_contig_1_1.tbl
config: haddock3_config_Neg_CCGCCAAAGCATGTTG-1_contig_1_1.cfg
run haddock3 rc=0, log=haddock_Neg_CCGCCAAAGCATGTTG-1_contig_1_1.log

[2026-02-13T11:14:13]
receptor chains ['A', 'B']; ligand chains ['H', 'L']
split -> receptor_Neg_CCGCCAAAGCATGTTG-1_contig_1_1.pdb, ligand_Neg_CCGCCAAAGCATGTTG-1_contig_1_1.pdb; merged -> receptor_single_Neg_CCGCCAAAGCATGTTG-1_contig_1_1.pdb, ligand_single_Neg_CCGCCAAAGCATGTTG-1_contig_1_1.pdb
intra lock pairs: 12 -> intra_lig_lock_Neg_CCGCCAAAGCATGTTG-1_contig_1_1.tbl
AIR pairs: 48 (rec_if [362, 365, 366, 369], lig_if [28, 30, 31, 53]) -> air_Neg_CCGCCAAAGCATGTTG-1_contig_1_1.tbl
config: haddock3_config_Neg_CCGCCAAAGCATGTTG-1_contig_1_1.cfg
run haddock3 rc=0, log=haddock_Neg_CCGCCAAAGCATGTTG-1_contig_1_1.log

