[2026-02-13T04:57:19]
receptor chains ['A', 'B']; ligand chains ['H', 'L']
split -> receptor_Neg_CTCAGGTAGGCACGAA-1_contig_2_1.pdb, ligand_Neg_CTCAGGTAGGCACGAA-1_contig_2_1.pdb; merged -> receptor_single_Neg_CTCAGGTAGGCACGAA-1_contig_2_1.pdb, ligand_single_Neg_CTCAGGTAGGCACGAA-1_contig_2_1.pdb
intra lock pairs: 12 -> intra_lig_lock_Neg_CTCAGGTAGGCACGAA-1_contig_2_1.tbl
AIR pairs: 0 -> air_Neg_CTCAGGTAGGCACGAA-1_contig_2_1.tbl
config: haddock3_config_Neg_CTCAGGTAGGCACGAA-1_contig_2_1.cfg
run haddock3 rc=0, log=haddock_Neg_CTCAGGTAGGCACGAA-1_contig_2_1.log

[2026-02-13T04:59:22]
receptor chains ['A', 'B']; ligand chains ['H', 'L']
split -> receptor_Neg_CTCAGGTAGGCACGAA-1_contig_2_1.pdb, ligand_Neg_CTCAGGTAGGCACGAA-1_contig_2_1.pdb; merged -> receptor_single_Neg_CTCAGGTAGGCACGAA-1_contig_2_1.pdb, ligand_single_Neg_CTCAGGTAGGCACGAA-1_contig_2_1.pdb
intra lock pairs: 12 -> intra_lig_lock_Neg_CTCAGGTAGGCACGAA-1_contig_2_1.tbl
AIR pairs: 0 -> air_Neg_CTCAGGTAGGCACGAA-1_contig_2_1.tbl
config: haddock3_config_Neg_CTCAGGTAGGCACGAA-1_contig_2_1.cfg
run haddock3 rc=0, log=haddock_Neg_CTCAGGTAGGCACGAA-1_contig_2_1.log

[2026-02-13T11:39:38]
receptor chains ['A', 'B']; ligand chains ['H', 'L']
split -> receptor_Neg_CTCAGGTAGGCACGAA-1_contig_2_1.pdb, ligand_Neg_CTCAGGTAGGCACGAA-1_contig_2_1.pdb; merged -> receptor_single_Neg_CTCAGGTAGGCACGAA-1_contig_2_1.pdb, ligand_single_Neg_CTCAGGTAGGCACGAA-1_contig_2_1.pdb
intra lock pairs: 12 -> intra_lig_lock_Neg_CTCAGGTAGGCACGAA-1_contig_2_1.tbl
AIR pairs: 114 (rec_if [4, 5, 6, 339, 340, 342, 343, 344, 355, 356, 357, 358, 359, 360, 361, 362, 363, 365, 366, 369, 434, 435, 436, 437, 438, 439, 456, 473], lig_if [30, 31, 53, 101, 102, 103, 104, 105, 106, 107, 108, 109, 110, 111, 112, 113, 114, 115, 116]) -> air_Neg_CTCAGGTAGGCACGAA-1_contig_2_1.tbl
config: haddock3_config_Neg_CTCAGGTAGGCACGAA-1_contig_2_1.cfg
run haddock3 rc=0, log=haddock_Neg_CTCAGGTAGGCACGAA-1_contig_2_1.log

