[2026-02-13T04:12:50]
receptor chains ['A', 'B']; ligand chains ['H', 'L']
split -> receptor_Neg_CCGTATAAGAGGGGCT-1_contig_1_1.pdb, ligand_Neg_CCGTATAAGAGGGGCT-1_contig_1_1.pdb; merged -> receptor_single_Neg_CCGTATAAGAGGGGCT-1_contig_1_1.pdb, ligand_single_Neg_CCGTATAAGAGGGGCT-1_contig_1_1.pdb
intra lock pairs: 12 -> intra_lig_lock_Neg_CCGTATAAGAGGGGCT-1_contig_1_1.tbl
AIR pairs: 0 -> air_Neg_CCGTATAAGAGGGGCT-1_contig_1_1.tbl
config: haddock3_config_Neg_CCGTATAAGAGGGGCT-1_contig_1_1.cfg
run haddock3 rc=0, log=haddock_Neg_CCGTATAAGAGGGGCT-1_contig_1_1.log

[2026-02-13T04:14:50]
receptor chains ['A', 'B']; ligand chains ['H', 'L']
split -> receptor_Neg_CCGTATAAGAGGGGCT-1_contig_1_1.pdb, ligand_Neg_CCGTATAAGAGGGGCT-1_contig_1_1.pdb; merged -> receptor_single_Neg_CCGTATAAGAGGGGCT-1_contig_1_1.pdb, ligand_single_Neg_CCGTATAAGAGGGGCT-1_contig_1_1.pdb
intra lock pairs: 12 -> intra_lig_lock_Neg_CCGTATAAGAGGGGCT-1_contig_1_1.tbl
AIR pairs: 0 -> air_Neg_CCGTATAAGAGGGGCT-1_contig_1_1.tbl
config: haddock3_config_Neg_CCGTATAAGAGGGGCT-1_contig_1_1.cfg
run haddock3 rc=0, log=haddock_Neg_CCGTATAAGAGGGGCT-1_contig_1_1.log

[2026-02-13T11:16:21]
receptor chains ['A', 'B']; ligand chains ['H', 'L']
split -> receptor_Neg_CCGTATAAGAGGGGCT-1_contig_1_1.pdb, ligand_Neg_CCGTATAAGAGGGGCT-1_contig_1_1.pdb; merged -> receptor_single_Neg_CCGTATAAGAGGGGCT-1_contig_1_1.pdb, ligand_single_Neg_CCGTATAAGAGGGGCT-1_contig_1_1.pdb
intra lock pairs: 12 -> intra_lig_lock_Neg_CCGTATAAGAGGGGCT-1_contig_1_1.tbl
AIR pairs: 325 (rec_if [343, 356, 357, 358, 359, 360, 361, 362, 363, 365, 366, 369], lig_if [28, 30, 31, 53, 100, 101, 102, 103, 104, 105, 106, 107, 108]) -> air_Neg_CCGTATAAGAGGGGCT-1_contig_1_1.tbl
config: haddock3_config_Neg_CCGTATAAGAGGGGCT-1_contig_1_1.cfg
run haddock3 rc=0, log=haddock_Neg_CCGTATAAGAGGGGCT-1_contig_1_1.log

