[2026-02-13T02:38:09]
receptor chains ['A', 'B']; ligand chains ['H', 'L']
split -> receptor_Neg_ACGCCCTTCATAATTG-1_contig_1_1.pdb, ligand_Neg_ACGCCCTTCATAATTG-1_contig_1_1.pdb; merged -> receptor_single_Neg_ACGCCCTTCATAATTG-1_contig_1_1.pdb, ligand_single_Neg_ACGCCCTTCATAATTG-1_contig_1_1.pdb
intra lock pairs: 12 -> intra_lig_lock_Neg_ACGCCCTTCATAATTG-1_contig_1_1.tbl
AIR pairs: 0 -> air_Neg_ACGCCCTTCATAATTG-1_contig_1_1.tbl
config: haddock3_config_Neg_ACGCCCTTCATAATTG-1_contig_1_1.cfg
run haddock3 rc=0, log=haddock_Neg_ACGCCCTTCATAATTG-1_contig_1_1.log

[2026-02-13T02:40:10]
receptor chains ['A', 'B']; ligand chains ['H', 'L']
split -> receptor_Neg_ACGCCCTTCATAATTG-1_contig_1_1.pdb, ligand_Neg_ACGCCCTTCATAATTG-1_contig_1_1.pdb; merged -> receptor_single_Neg_ACGCCCTTCATAATTG-1_contig_1_1.pdb, ligand_single_Neg_ACGCCCTTCATAATTG-1_contig_1_1.pdb
intra lock pairs: 12 -> intra_lig_lock_Neg_ACGCCCTTCATAATTG-1_contig_1_1.tbl
AIR pairs: 0 -> air_Neg_ACGCCCTTCATAATTG-1_contig_1_1.tbl
config: haddock3_config_Neg_ACGCCCTTCATAATTG-1_contig_1_1.cfg
run haddock3 rc=0, log=haddock_Neg_ACGCCCTTCATAATTG-1_contig_1_1.log

[2026-02-13T10:25:05]
receptor chains ['A', 'B']; ligand chains ['H', 'L']
split -> receptor_Neg_ACGCCCTTCATAATTG-1_contig_1_1.pdb, ligand_Neg_ACGCCCTTCATAATTG-1_contig_1_1.pdb; merged -> receptor_single_Neg_ACGCCCTTCATAATTG-1_contig_1_1.pdb, ligand_single_Neg_ACGCCCTTCATAATTG-1_contig_1_1.pdb
intra lock pairs: 12 -> intra_lig_lock_Neg_ACGCCCTTCATAATTG-1_contig_1_1.tbl
AIR pairs: 120 (rec_if [358, 362, 365, 366, 369, 373], lig_if [28, 30, 31, 53, 75, 102]) -> air_Neg_ACGCCCTTCATAATTG-1_contig_1_1.tbl
config: haddock3_config_Neg_ACGCCCTTCATAATTG-1_contig_1_1.cfg
run haddock3 rc=0, log=haddock_Neg_ACGCCCTTCATAATTG-1_contig_1_1.log

