[2026-02-13T03:42:28]
receptor chains ['A', 'B']; ligand chains ['H', 'L']
split -> receptor_Neg_CAAGGCGCAGCAACTT-1_contig_1_1.pdb, ligand_Neg_CAAGGCGCAGCAACTT-1_contig_1_1.pdb; merged -> receptor_single_Neg_CAAGGCGCAGCAACTT-1_contig_1_1.pdb, ligand_single_Neg_CAAGGCGCAGCAACTT-1_contig_1_1.pdb
intra lock pairs: 12 -> intra_lig_lock_Neg_CAAGGCGCAGCAACTT-1_contig_1_1.tbl
AIR pairs: 0 -> air_Neg_CAAGGCGCAGCAACTT-1_contig_1_1.tbl
config: haddock3_config_Neg_CAAGGCGCAGCAACTT-1_contig_1_1.cfg
run haddock3 rc=0, log=haddock_Neg_CAAGGCGCAGCAACTT-1_contig_1_1.log

[2026-02-13T03:44:26]
receptor chains ['A', 'B']; ligand chains ['H', 'L']
split -> receptor_Neg_CAAGGCGCAGCAACTT-1_contig_1_1.pdb, ligand_Neg_CAAGGCGCAGCAACTT-1_contig_1_1.pdb; merged -> receptor_single_Neg_CAAGGCGCAGCAACTT-1_contig_1_1.pdb, ligand_single_Neg_CAAGGCGCAGCAACTT-1_contig_1_1.pdb
intra lock pairs: 12 -> intra_lig_lock_Neg_CAAGGCGCAGCAACTT-1_contig_1_1.tbl
AIR pairs: 0 -> air_Neg_CAAGGCGCAGCAACTT-1_contig_1_1.tbl
config: haddock3_config_Neg_CAAGGCGCAGCAACTT-1_contig_1_1.cfg
run haddock3 rc=0, log=haddock_Neg_CAAGGCGCAGCAACTT-1_contig_1_1.log

[2026-02-13T10:59:18]
receptor chains ['A', 'B']; ligand chains ['H', 'L']
split -> receptor_Neg_CAAGGCGCAGCAACTT-1_contig_1_1.pdb, ligand_Neg_CAAGGCGCAGCAACTT-1_contig_1_1.pdb; merged -> receptor_single_Neg_CAAGGCGCAGCAACTT-1_contig_1_1.pdb, ligand_single_Neg_CAAGGCGCAGCAACTT-1_contig_1_1.pdb
intra lock pairs: 12 -> intra_lig_lock_Neg_CAAGGCGCAGCAACTT-1_contig_1_1.tbl
AIR pairs: 156 (rec_if [362, 365, 366, 369, 470, 474], lig_if [30, 31, 53, 145, 146, 147]) -> air_Neg_CAAGGCGCAGCAACTT-1_contig_1_1.tbl
config: haddock3_config_Neg_CAAGGCGCAGCAACTT-1_contig_1_1.cfg
run haddock3 rc=0, log=haddock_Neg_CAAGGCGCAGCAACTT-1_contig_1_1.log

