[2026-02-13T02:46:10]
receptor chains ['A', 'B']; ligand chains ['H', 'L']
split -> receptor_Neg_AGCCCCTTCGCTCTAT-1_contig_1_1.pdb, ligand_Neg_AGCCCCTTCGCTCTAT-1_contig_1_1.pdb; merged -> receptor_single_Neg_AGCCCCTTCGCTCTAT-1_contig_1_1.pdb, ligand_single_Neg_AGCCCCTTCGCTCTAT-1_contig_1_1.pdb
intra lock pairs: 12 -> intra_lig_lock_Neg_AGCCCCTTCGCTCTAT-1_contig_1_1.tbl
AIR pairs: 0 -> air_Neg_AGCCCCTTCGCTCTAT-1_contig_1_1.tbl
config: haddock3_config_Neg_AGCCCCTTCGCTCTAT-1_contig_1_1.cfg
run haddock3 rc=0, log=haddock_Neg_AGCCCCTTCGCTCTAT-1_contig_1_1.log

[2026-02-13T02:48:12]
receptor chains ['A', 'B']; ligand chains ['H', 'L']
split -> receptor_Neg_AGCCCCTTCGCTCTAT-1_contig_1_1.pdb, ligand_Neg_AGCCCCTTCGCTCTAT-1_contig_1_1.pdb; merged -> receptor_single_Neg_AGCCCCTTCGCTCTAT-1_contig_1_1.pdb, ligand_single_Neg_AGCCCCTTCGCTCTAT-1_contig_1_1.pdb
intra lock pairs: 12 -> intra_lig_lock_Neg_AGCCCCTTCGCTCTAT-1_contig_1_1.tbl
AIR pairs: 0 -> air_Neg_AGCCCCTTCGCTCTAT-1_contig_1_1.tbl
config: haddock3_config_Neg_AGCCCCTTCGCTCTAT-1_contig_1_1.cfg
run haddock3 rc=0, log=haddock_Neg_AGCCCCTTCGCTCTAT-1_contig_1_1.log

[2026-02-13T10:29:15]
receptor chains ['A', 'B']; ligand chains ['H', 'L']
split -> receptor_Neg_AGCCCCTTCGCTCTAT-1_contig_1_1.pdb, ligand_Neg_AGCCCCTTCGCTCTAT-1_contig_1_1.pdb; merged -> receptor_single_Neg_AGCCCCTTCGCTCTAT-1_contig_1_1.pdb, ligand_single_Neg_AGCCCCTTCGCTCTAT-1_contig_1_1.pdb
intra lock pairs: 12 -> intra_lig_lock_Neg_AGCCCCTTCGCTCTAT-1_contig_1_1.tbl
AIR pairs: 180 (rec_if [6, 7, 339, 340, 341, 342, 343, 344, 355, 356, 357, 358, 359, 360, 361, 362, 364, 365, 366, 369, 438], lig_if [30, 31, 53, 101, 102, 103, 104, 105, 106, 107, 108, 109, 110, 111, 112]) -> air_Neg_AGCCCCTTCGCTCTAT-1_contig_1_1.tbl
config: haddock3_config_Neg_AGCCCCTTCGCTCTAT-1_contig_1_1.cfg
run haddock3 rc=0, log=haddock_Neg_AGCCCCTTCGCTCTAT-1_contig_1_1.log

