[2026-02-13T05:37:35]
receptor chains ['A', 'B']; ligand chains ['H', 'L']
split -> receptor_Neg_GGTTCATCACTAAGTC-1_contig_1_1.pdb, ligand_Neg_GGTTCATCACTAAGTC-1_contig_1_1.pdb; merged -> receptor_single_Neg_GGTTCATCACTAAGTC-1_contig_1_1.pdb, ligand_single_Neg_GGTTCATCACTAAGTC-1_contig_1_1.pdb
intra lock pairs: 12 -> intra_lig_lock_Neg_GGTTCATCACTAAGTC-1_contig_1_1.tbl
AIR pairs: 0 -> air_Neg_GGTTCATCACTAAGTC-1_contig_1_1.tbl
config: haddock3_config_Neg_GGTTCATCACTAAGTC-1_contig_1_1.cfg
run haddock3 rc=0, log=haddock_Neg_GGTTCATCACTAAGTC-1_contig_1_1.log

[2026-02-13T05:39:33]
receptor chains ['A', 'B']; ligand chains ['H', 'L']
split -> receptor_Neg_GGTTCATCACTAAGTC-1_contig_1_1.pdb, ligand_Neg_GGTTCATCACTAAGTC-1_contig_1_1.pdb; merged -> receptor_single_Neg_GGTTCATCACTAAGTC-1_contig_1_1.pdb, ligand_single_Neg_GGTTCATCACTAAGTC-1_contig_1_1.pdb
intra lock pairs: 12 -> intra_lig_lock_Neg_GGTTCATCACTAAGTC-1_contig_1_1.tbl
AIR pairs: 0 -> air_Neg_GGTTCATCACTAAGTC-1_contig_1_1.tbl
config: haddock3_config_Neg_GGTTCATCACTAAGTC-1_contig_1_1.cfg
run haddock3 rc=0, log=haddock_Neg_GGTTCATCACTAAGTC-1_contig_1_1.log

[2026-02-13T12:00:54]
receptor chains ['A', 'B']; ligand chains ['H', 'L']
split -> receptor_Neg_GGTTCATCACTAAGTC-1_contig_1_1.pdb, ligand_Neg_GGTTCATCACTAAGTC-1_contig_1_1.pdb; merged -> receptor_single_Neg_GGTTCATCACTAAGTC-1_contig_1_1.pdb, ligand_single_Neg_GGTTCATCACTAAGTC-1_contig_1_1.pdb
intra lock pairs: 12 -> intra_lig_lock_Neg_GGTTCATCACTAAGTC-1_contig_1_1.tbl
AIR pairs: 55 (rec_if [362, 365, 366, 369], lig_if [28, 30, 31, 53, 54]) -> air_Neg_GGTTCATCACTAAGTC-1_contig_1_1.tbl
config: haddock3_config_Neg_GGTTCATCACTAAGTC-1_contig_1_1.cfg
run haddock3 rc=0, log=haddock_Neg_GGTTCATCACTAAGTC-1_contig_1_1.log

