[2026-02-13T04:29:03]
receptor chains ['A', 'B']; ligand chains ['H', 'L']
split -> receptor_Neg_CCTTGCCAGAACAGGT-1_contig_1_1.pdb, ligand_Neg_CCTTGCCAGAACAGGT-1_contig_1_1.pdb; merged -> receptor_single_Neg_CCTTGCCAGAACAGGT-1_contig_1_1.pdb, ligand_single_Neg_CCTTGCCAGAACAGGT-1_contig_1_1.pdb
intra lock pairs: 12 -> intra_lig_lock_Neg_CCTTGCCAGAACAGGT-1_contig_1_1.tbl
AIR pairs: 0 -> air_Neg_CCTTGCCAGAACAGGT-1_contig_1_1.tbl
config: haddock3_config_Neg_CCTTGCCAGAACAGGT-1_contig_1_1.cfg
run haddock3 rc=0, log=haddock_Neg_CCTTGCCAGAACAGGT-1_contig_1_1.log

[2026-02-13T04:31:08]
receptor chains ['A', 'B']; ligand chains ['H', 'L']
split -> receptor_Neg_CCTTGCCAGAACAGGT-1_contig_1_1.pdb, ligand_Neg_CCTTGCCAGAACAGGT-1_contig_1_1.pdb; merged -> receptor_single_Neg_CCTTGCCAGAACAGGT-1_contig_1_1.pdb, ligand_single_Neg_CCTTGCCAGAACAGGT-1_contig_1_1.pdb
intra lock pairs: 12 -> intra_lig_lock_Neg_CCTTGCCAGAACAGGT-1_contig_1_1.tbl
AIR pairs: 0 -> air_Neg_CCTTGCCAGAACAGGT-1_contig_1_1.tbl
config: haddock3_config_Neg_CCTTGCCAGAACAGGT-1_contig_1_1.cfg
run haddock3 rc=0, log=haddock_Neg_CCTTGCCAGAACAGGT-1_contig_1_1.log

[2026-02-13T11:24:55]
receptor chains ['A', 'B']; ligand chains ['H', 'L']
split -> receptor_Neg_CCTTGCCAGAACAGGT-1_contig_1_1.pdb, ligand_Neg_CCTTGCCAGAACAGGT-1_contig_1_1.pdb; merged -> receptor_single_Neg_CCTTGCCAGAACAGGT-1_contig_1_1.pdb, ligand_single_Neg_CCTTGCCAGAACAGGT-1_contig_1_1.pdb
intra lock pairs: 12 -> intra_lig_lock_Neg_CCTTGCCAGAACAGGT-1_contig_1_1.tbl
AIR pairs: 378 (rec_if [338, 339, 340, 342, 343, 344, 355, 356, 357, 358, 359, 360, 361, 362, 365, 366, 369, 438, 470, 471, 474], lig_if [30, 31, 53, 102, 103, 104, 105, 106, 107, 108, 109, 110, 160, 161]) -> air_Neg_CCTTGCCAGAACAGGT-1_contig_1_1.tbl
config: haddock3_config_Neg_CCTTGCCAGAACAGGT-1_contig_1_1.cfg
run haddock3 rc=0, log=haddock_Neg_CCTTGCCAGAACAGGT-1_contig_1_1.log

