[2026-02-13T02:14:11]
receptor chains ['A', 'B']; ligand chains ['H', 'L']
split -> receptor_Neg_AAAGTGGGTCCGTGTT-1_contig_1_1.pdb, ligand_Neg_AAAGTGGGTCCGTGTT-1_contig_1_1.pdb; merged -> receptor_single_Neg_AAAGTGGGTCCGTGTT-1_contig_1_1.pdb, ligand_single_Neg_AAAGTGGGTCCGTGTT-1_contig_1_1.pdb
intra lock pairs: 12 -> intra_lig_lock_Neg_AAAGTGGGTCCGTGTT-1_contig_1_1.tbl
AIR pairs: 0 -> air_Neg_AAAGTGGGTCCGTGTT-1_contig_1_1.tbl
config: haddock3_config_Neg_AAAGTGGGTCCGTGTT-1_contig_1_1.cfg
run haddock3 rc=0, log=haddock_Neg_AAAGTGGGTCCGTGTT-1_contig_1_1.log

[2026-02-13T02:16:09]
receptor chains ['A', 'B']; ligand chains ['H', 'L']
split -> receptor_Neg_AAAGTGGGTCCGTGTT-1_contig_1_1.pdb, ligand_Neg_AAAGTGGGTCCGTGTT-1_contig_1_1.pdb; merged -> receptor_single_Neg_AAAGTGGGTCCGTGTT-1_contig_1_1.pdb, ligand_single_Neg_AAAGTGGGTCCGTGTT-1_contig_1_1.pdb
intra lock pairs: 12 -> intra_lig_lock_Neg_AAAGTGGGTCCGTGTT-1_contig_1_1.tbl
AIR pairs: 0 -> air_Neg_AAAGTGGGTCCGTGTT-1_contig_1_1.tbl
config: haddock3_config_Neg_AAAGTGGGTCCGTGTT-1_contig_1_1.cfg
run haddock3 rc=0, log=haddock_Neg_AAAGTGGGTCCGTGTT-1_contig_1_1.log

[2026-02-13T09:24:23]
receptor chains ['A', 'B']; ligand chains ['H', 'L']
split -> receptor_Neg_AAAGTGGGTCCGTGTT-1_contig_1_1.pdb, ligand_Neg_AAAGTGGGTCCGTGTT-1_contig_1_1.pdb; merged -> receptor_single_Neg_AAAGTGGGTCCGTGTT-1_contig_1_1.pdb, ligand_single_Neg_AAAGTGGGTCCGTGTT-1_contig_1_1.pdb
intra lock pairs: 12 -> intra_lig_lock_Neg_AAAGTGGGTCCGTGTT-1_contig_1_1.tbl
AIR pairs: 0 (rec_if [], lig_if []) -> air_Neg_AAAGTGGGTCCGTGTT-1_contig_1_1.tbl
config: haddock3_config_Neg_AAAGTGGGTCCGTGTT-1_contig_1_1.cfg
run haddock3 rc=0, log=haddock_Neg_AAAGTGGGTCCGTGTT-1_contig_1_1.log

[2026-02-13T09:38:52]
receptor chains ['A', 'B']; ligand chains ['H', 'L']
split -> receptor_Neg_AAAGTGGGTCCGTGTT-1_contig_1_1.pdb, ligand_Neg_AAAGTGGGTCCGTGTT-1_contig_1_1.pdb; merged -> receptor_single_Neg_AAAGTGGGTCCGTGTT-1_contig_1_1.pdb, ligand_single_Neg_AAAGTGGGTCCGTGTT-1_contig_1_1.pdb
intra lock pairs: 12 -> intra_lig_lock_Neg_AAAGTGGGTCCGTGTT-1_contig_1_1.tbl
AIR pairs: 0 (rec_if [], lig_if []) -> air_Neg_AAAGTGGGTCCGTGTT-1_contig_1_1.tbl
config: haddock3_config_Neg_AAAGTGGGTCCGTGTT-1_contig_1_1.cfg
run haddock3 rc=0, log=haddock_Neg_AAAGTGGGTCCGTGTT-1_contig_1_1.log

[2026-02-13T09:44:19]
receptor chains ['A', 'B']; ligand chains ['H', 'L']
split -> receptor_Neg_AAAGTGGGTCCGTGTT-1_contig_1_1.pdb, ligand_Neg_AAAGTGGGTCCGTGTT-1_contig_1_1.pdb; merged -> receptor_single_Neg_AAAGTGGGTCCGTGTT-1_contig_1_1.pdb, ligand_single_Neg_AAAGTGGGTCCGTGTT-1_contig_1_1.pdb
intra lock pairs: 12 -> intra_lig_lock_Neg_AAAGTGGGTCCGTGTT-1_contig_1_1.tbl
AIR pairs: 216 (rec_if [362, 364, 365, 366, 367, 368, 369, 370, 470, 474], lig_if [28, 29, 30, 31, 32, 54, 146, 147]) -> air_Neg_AAAGTGGGTCCGTGTT-1_contig_1_1.tbl
config: haddock3_config_Neg_AAAGTGGGTCCGTGTT-1_contig_1_1.cfg
run haddock3 rc=0, log=haddock_Neg_AAAGTGGGTCCGTGTT-1_contig_1_1.log

[2026-02-13T10:12:55]
receptor chains ['A', 'B']; ligand chains ['H', 'L']
split -> receptor_Neg_AAAGTGGGTCCGTGTT-1_contig_1_1.pdb, ligand_Neg_AAAGTGGGTCCGTGTT-1_contig_1_1.pdb; merged -> receptor_single_Neg_AAAGTGGGTCCGTGTT-1_contig_1_1.pdb, ligand_single_Neg_AAAGTGGGTCCGTGTT-1_contig_1_1.pdb
intra lock pairs: 12 -> intra_lig_lock_Neg_AAAGTGGGTCCGTGTT-1_contig_1_1.tbl
AIR pairs: 216 (rec_if [362, 364, 365, 366, 367, 368, 369, 370, 470, 474], lig_if [28, 29, 30, 31, 32, 54, 146, 147]) -> air_Neg_AAAGTGGGTCCGTGTT-1_contig_1_1.tbl
config: haddock3_config_Neg_AAAGTGGGTCCGTGTT-1_contig_1_1.cfg
run haddock3 rc=0, log=haddock_Neg_AAAGTGGGTCCGTGTT-1_contig_1_1.log

