[2026-02-13T03:48:46]
receptor chains ['A', 'B']; ligand chains ['H', 'L']
split -> receptor_Neg_CATACTTGTACCATGG-1_contig_1_1.pdb, ligand_Neg_CATACTTGTACCATGG-1_contig_1_1.pdb; merged -> receptor_single_Neg_CATACTTGTACCATGG-1_contig_1_1.pdb, ligand_single_Neg_CATACTTGTACCATGG-1_contig_1_1.pdb
intra lock pairs: 12 -> intra_lig_lock_Neg_CATACTTGTACCATGG-1_contig_1_1.tbl
AIR pairs: 0 -> air_Neg_CATACTTGTACCATGG-1_contig_1_1.tbl
config: haddock3_config_Neg_CATACTTGTACCATGG-1_contig_1_1.cfg
run haddock3 rc=1, log=haddock_Neg_CATACTTGTACCATGG-1_contig_1_1.log

[2026-02-13T03:50:47]
receptor chains ['A', 'B']; ligand chains ['H', 'L']
split -> receptor_Neg_CATACTTGTACCATGG-1_contig_1_1.pdb, ligand_Neg_CATACTTGTACCATGG-1_contig_1_1.pdb; merged -> receptor_single_Neg_CATACTTGTACCATGG-1_contig_1_1.pdb, ligand_single_Neg_CATACTTGTACCATGG-1_contig_1_1.pdb
intra lock pairs: 12 -> intra_lig_lock_Neg_CATACTTGTACCATGG-1_contig_1_1.tbl
AIR pairs: 0 -> air_Neg_CATACTTGTACCATGG-1_contig_1_1.tbl
config: haddock3_config_Neg_CATACTTGTACCATGG-1_contig_1_1.cfg
run haddock3 rc=0, log=haddock_Neg_CATACTTGTACCATGG-1_contig_1_1.log

[2026-02-13T11:03:34]
receptor chains ['A', 'B']; ligand chains ['H', 'L']
split -> receptor_Neg_CATACTTGTACCATGG-1_contig_1_1.pdb, ligand_Neg_CATACTTGTACCATGG-1_contig_1_1.pdb; merged -> receptor_single_Neg_CATACTTGTACCATGG-1_contig_1_1.pdb, ligand_single_Neg_CATACTTGTACCATGG-1_contig_1_1.pdb
intra lock pairs: 12 -> intra_lig_lock_Neg_CATACTTGTACCATGG-1_contig_1_1.tbl
AIR pairs: 30 (rec_if [359, 362, 365, 366, 369], lig_if [28, 30, 31, 53, 101, 103]) -> air_Neg_CATACTTGTACCATGG-1_contig_1_1.tbl
config: haddock3_config_Neg_CATACTTGTACCATGG-1_contig_1_1.cfg
run haddock3 rc=0, log=haddock_Neg_CATACTTGTACCATGG-1_contig_1_1.log

