[2026-02-13T03:02:17]
receptor chains ['A', 'B']; ligand chains ['H', 'L']
split -> receptor_Neg_AGTCTCGCAAAGTTCC-1_contig_2_2.pdb, ligand_Neg_AGTCTCGCAAAGTTCC-1_contig_2_2.pdb; merged -> receptor_single_Neg_AGTCTCGCAAAGTTCC-1_contig_2_2.pdb, ligand_single_Neg_AGTCTCGCAAAGTTCC-1_contig_2_2.pdb
intra lock pairs: 12 -> intra_lig_lock_Neg_AGTCTCGCAAAGTTCC-1_contig_2_2.tbl
AIR pairs: 0 -> air_Neg_AGTCTCGCAAAGTTCC-1_contig_2_2.tbl
config: haddock3_config_Neg_AGTCTCGCAAAGTTCC-1_contig_2_2.cfg
run haddock3 rc=0, log=haddock_Neg_AGTCTCGCAAAGTTCC-1_contig_2_2.log

[2026-02-13T03:04:18]
receptor chains ['A', 'B']; ligand chains ['H', 'L']
split -> receptor_Neg_AGTCTCGCAAAGTTCC-1_contig_2_2.pdb, ligand_Neg_AGTCTCGCAAAGTTCC-1_contig_2_2.pdb; merged -> receptor_single_Neg_AGTCTCGCAAAGTTCC-1_contig_2_2.pdb, ligand_single_Neg_AGTCTCGCAAAGTTCC-1_contig_2_2.pdb
intra lock pairs: 12 -> intra_lig_lock_Neg_AGTCTCGCAAAGTTCC-1_contig_2_2.tbl
AIR pairs: 0 -> air_Neg_AGTCTCGCAAAGTTCC-1_contig_2_2.tbl
config: haddock3_config_Neg_AGTCTCGCAAAGTTCC-1_contig_2_2.cfg
run haddock3 rc=0, log=haddock_Neg_AGTCTCGCAAAGTTCC-1_contig_2_2.log

[2026-02-13T10:37:45]
receptor chains ['A', 'B']; ligand chains ['H', 'L']
split -> receptor_Neg_AGTCTCGCAAAGTTCC-1_contig_2_2.pdb, ligand_Neg_AGTCTCGCAAAGTTCC-1_contig_2_2.pdb; merged -> receptor_single_Neg_AGTCTCGCAAAGTTCC-1_contig_2_2.pdb, ligand_single_Neg_AGTCTCGCAAAGTTCC-1_contig_2_2.pdb
intra lock pairs: 12 -> intra_lig_lock_Neg_AGTCTCGCAAAGTTCC-1_contig_2_2.tbl
AIR pairs: 27 (rec_if [340, 341, 359, 361, 362, 363, 364, 365, 366, 369], lig_if [28, 30, 31, 53, 54, 55, 56, 103, 104]) -> air_Neg_AGTCTCGCAAAGTTCC-1_contig_2_2.tbl
config: haddock3_config_Neg_AGTCTCGCAAAGTTCC-1_contig_2_2.cfg
run haddock3 rc=0, log=haddock_Neg_AGTCTCGCAAAGTTCC-1_contig_2_2.log

