[2026-02-13T05:33:33]
receptor chains ['A', 'B']; ligand chains ['H', 'L']
split -> receptor_Neg_GGTTCAGGTCGTACAG-1_contig_1_1.pdb, ligand_Neg_GGTTCAGGTCGTACAG-1_contig_1_1.pdb; merged -> receptor_single_Neg_GGTTCAGGTCGTACAG-1_contig_1_1.pdb, ligand_single_Neg_GGTTCAGGTCGTACAG-1_contig_1_1.pdb
intra lock pairs: 12 -> intra_lig_lock_Neg_GGTTCAGGTCGTACAG-1_contig_1_1.tbl
AIR pairs: 0 -> air_Neg_GGTTCAGGTCGTACAG-1_contig_1_1.tbl
config: haddock3_config_Neg_GGTTCAGGTCGTACAG-1_contig_1_1.cfg
run haddock3 rc=0, log=haddock_Neg_GGTTCAGGTCGTACAG-1_contig_1_1.log

[2026-02-13T05:35:36]
receptor chains ['A', 'B']; ligand chains ['H', 'L']
split -> receptor_Neg_GGTTCAGGTCGTACAG-1_contig_1_1.pdb, ligand_Neg_GGTTCAGGTCGTACAG-1_contig_1_1.pdb; merged -> receptor_single_Neg_GGTTCAGGTCGTACAG-1_contig_1_1.pdb, ligand_single_Neg_GGTTCAGGTCGTACAG-1_contig_1_1.pdb
intra lock pairs: 12 -> intra_lig_lock_Neg_GGTTCAGGTCGTACAG-1_contig_1_1.tbl
AIR pairs: 0 -> air_Neg_GGTTCAGGTCGTACAG-1_contig_1_1.tbl
config: haddock3_config_Neg_GGTTCAGGTCGTACAG-1_contig_1_1.cfg
run haddock3 rc=0, log=haddock_Neg_GGTTCAGGTCGTACAG-1_contig_1_1.log

[2026-02-13T11:58:45]
receptor chains ['A', 'B']; ligand chains ['H', 'L']
split -> receptor_Neg_GGTTCAGGTCGTACAG-1_contig_1_1.pdb, ligand_Neg_GGTTCAGGTCGTACAG-1_contig_1_1.pdb; merged -> receptor_single_Neg_GGTTCAGGTCGTACAG-1_contig_1_1.pdb, ligand_single_Neg_GGTTCAGGTCGTACAG-1_contig_1_1.pdb
intra lock pairs: 12 -> intra_lig_lock_Neg_GGTTCAGGTCGTACAG-1_contig_1_1.tbl
AIR pairs: 100 (rec_if [339, 340, 343, 355, 356, 357, 358, 359, 360, 361, 362, 365, 366, 369, 470], lig_if [30, 31, 53, 101, 102, 103, 104, 105, 106, 156]) -> air_Neg_GGTTCAGGTCGTACAG-1_contig_1_1.tbl
config: haddock3_config_Neg_GGTTCAGGTCGTACAG-1_contig_1_1.cfg
run haddock3 rc=0, log=haddock_Neg_GGTTCAGGTCGTACAG-1_contig_1_1.log

