[2026-02-13T02:42:09]
receptor chains ['A', 'B']; ligand chains ['H', 'L']
split -> receptor_Neg_ACTCCCATCGTTCGTT-1_contig_1_1.pdb, ligand_Neg_ACTCCCATCGTTCGTT-1_contig_1_1.pdb; merged -> receptor_single_Neg_ACTCCCATCGTTCGTT-1_contig_1_1.pdb, ligand_single_Neg_ACTCCCATCGTTCGTT-1_contig_1_1.pdb
intra lock pairs: 12 -> intra_lig_lock_Neg_ACTCCCATCGTTCGTT-1_contig_1_1.tbl
AIR pairs: 0 -> air_Neg_ACTCCCATCGTTCGTT-1_contig_1_1.tbl
config: haddock3_config_Neg_ACTCCCATCGTTCGTT-1_contig_1_1.cfg
run haddock3 rc=0, log=haddock_Neg_ACTCCCATCGTTCGTT-1_contig_1_1.log

[2026-02-13T02:44:09]
receptor chains ['A', 'B']; ligand chains ['H', 'L']
split -> receptor_Neg_ACTCCCATCGTTCGTT-1_contig_1_1.pdb, ligand_Neg_ACTCCCATCGTTCGTT-1_contig_1_1.pdb; merged -> receptor_single_Neg_ACTCCCATCGTTCGTT-1_contig_1_1.pdb, ligand_single_Neg_ACTCCCATCGTTCGTT-1_contig_1_1.pdb
intra lock pairs: 12 -> intra_lig_lock_Neg_ACTCCCATCGTTCGTT-1_contig_1_1.tbl
AIR pairs: 0 -> air_Neg_ACTCCCATCGTTCGTT-1_contig_1_1.tbl
config: haddock3_config_Neg_ACTCCCATCGTTCGTT-1_contig_1_1.cfg
run haddock3 rc=0, log=haddock_Neg_ACTCCCATCGTTCGTT-1_contig_1_1.log

[2026-02-13T10:27:11]
receptor chains ['A', 'B']; ligand chains ['H', 'L']
split -> receptor_Neg_ACTCCCATCGTTCGTT-1_contig_1_1.pdb, ligand_Neg_ACTCCCATCGTTCGTT-1_contig_1_1.pdb; merged -> receptor_single_Neg_ACTCCCATCGTTCGTT-1_contig_1_1.pdb, ligand_single_Neg_ACTCCCATCGTTCGTT-1_contig_1_1.pdb
intra lock pairs: 12 -> intra_lig_lock_Neg_ACTCCCATCGTTCGTT-1_contig_1_1.tbl
AIR pairs: 143 (rec_if [356, 357, 358, 359, 360, 361, 362, 363, 365, 366, 369], lig_if [28, 30, 31, 54, 101, 102, 103, 104, 105, 106, 107]) -> air_Neg_ACTCCCATCGTTCGTT-1_contig_1_1.tbl
config: haddock3_config_Neg_ACTCCCATCGTTCGTT-1_contig_1_1.cfg
run haddock3 rc=0, log=haddock_Neg_ACTCCCATCGTTCGTT-1_contig_1_1.log

