[2026-02-13T03:10:18]
receptor chains ['A', 'B']; ligand chains ['H', 'L']
split -> receptor_Neg_AGTGATCGTGTTAGGT-1_contig_1_2.pdb, ligand_Neg_AGTGATCGTGTTAGGT-1_contig_1_2.pdb; merged -> receptor_single_Neg_AGTGATCGTGTTAGGT-1_contig_1_2.pdb, ligand_single_Neg_AGTGATCGTGTTAGGT-1_contig_1_2.pdb
intra lock pairs: 12 -> intra_lig_lock_Neg_AGTGATCGTGTTAGGT-1_contig_1_2.tbl
AIR pairs: 0 -> air_Neg_AGTGATCGTGTTAGGT-1_contig_1_2.tbl
config: haddock3_config_Neg_AGTGATCGTGTTAGGT-1_contig_1_2.cfg
run haddock3 rc=0, log=haddock_Neg_AGTGATCGTGTTAGGT-1_contig_1_2.log

[2026-02-13T03:12:18]
receptor chains ['A', 'B']; ligand chains ['H', 'L']
split -> receptor_Neg_AGTGATCGTGTTAGGT-1_contig_1_2.pdb, ligand_Neg_AGTGATCGTGTTAGGT-1_contig_1_2.pdb; merged -> receptor_single_Neg_AGTGATCGTGTTAGGT-1_contig_1_2.pdb, ligand_single_Neg_AGTGATCGTGTTAGGT-1_contig_1_2.pdb
intra lock pairs: 12 -> intra_lig_lock_Neg_AGTGATCGTGTTAGGT-1_contig_1_2.tbl
AIR pairs: 0 -> air_Neg_AGTGATCGTGTTAGGT-1_contig_1_2.tbl
config: haddock3_config_Neg_AGTGATCGTGTTAGGT-1_contig_1_2.cfg
run haddock3 rc=0, log=haddock_Neg_AGTGATCGTGTTAGGT-1_contig_1_2.log

[2026-02-13T10:42:13]
receptor chains ['A', 'B']; ligand chains ['H', 'L']
split -> receptor_Neg_AGTGATCGTGTTAGGT-1_contig_1_2.pdb, ligand_Neg_AGTGATCGTGTTAGGT-1_contig_1_2.pdb; merged -> receptor_single_Neg_AGTGATCGTGTTAGGT-1_contig_1_2.pdb, ligand_single_Neg_AGTGATCGTGTTAGGT-1_contig_1_2.pdb
intra lock pairs: 12 -> intra_lig_lock_Neg_AGTGATCGTGTTAGGT-1_contig_1_2.tbl
AIR pairs: 175 (rec_if [358, 359, 362, 365, 366, 369], lig_if [28, 30, 31, 53, 101, 102, 103]) -> air_Neg_AGTGATCGTGTTAGGT-1_contig_1_2.tbl
config: haddock3_config_Neg_AGTGATCGTGTTAGGT-1_contig_1_2.cfg
run haddock3 rc=0, log=haddock_Neg_AGTGATCGTGTTAGGT-1_contig_1_2.log

