[2026-02-13T05:29:29]
receptor chains ['A', 'B']; ligand chains ['H', 'L']
split -> receptor_Neg_GGTATTAGTGGAACTT-1_contig_1_1.pdb, ligand_Neg_GGTATTAGTGGAACTT-1_contig_1_1.pdb; merged -> receptor_single_Neg_GGTATTAGTGGAACTT-1_contig_1_1.pdb, ligand_single_Neg_GGTATTAGTGGAACTT-1_contig_1_1.pdb
intra lock pairs: 12 -> intra_lig_lock_Neg_GGTATTAGTGGAACTT-1_contig_1_1.tbl
AIR pairs: 0 -> air_Neg_GGTATTAGTGGAACTT-1_contig_1_1.tbl
config: haddock3_config_Neg_GGTATTAGTGGAACTT-1_contig_1_1.cfg
run haddock3 rc=0, log=haddock_Neg_GGTATTAGTGGAACTT-1_contig_1_1.log

[2026-02-13T05:31:31]
receptor chains ['A', 'B']; ligand chains ['H', 'L']
split -> receptor_Neg_GGTATTAGTGGAACTT-1_contig_1_1.pdb, ligand_Neg_GGTATTAGTGGAACTT-1_contig_1_1.pdb; merged -> receptor_single_Neg_GGTATTAGTGGAACTT-1_contig_1_1.pdb, ligand_single_Neg_GGTATTAGTGGAACTT-1_contig_1_1.pdb
intra lock pairs: 12 -> intra_lig_lock_Neg_GGTATTAGTGGAACTT-1_contig_1_1.tbl
AIR pairs: 0 -> air_Neg_GGTATTAGTGGAACTT-1_contig_1_1.tbl
config: haddock3_config_Neg_GGTATTAGTGGAACTT-1_contig_1_1.cfg
run haddock3 rc=0, log=haddock_Neg_GGTATTAGTGGAACTT-1_contig_1_1.log

[2026-02-13T11:56:36]
receptor chains ['A', 'B']; ligand chains ['H', 'L']
split -> receptor_Neg_GGTATTAGTGGAACTT-1_contig_1_1.pdb, ligand_Neg_GGTATTAGTGGAACTT-1_contig_1_1.pdb; merged -> receptor_single_Neg_GGTATTAGTGGAACTT-1_contig_1_1.pdb, ligand_single_Neg_GGTATTAGTGGAACTT-1_contig_1_1.pdb
intra lock pairs: 12 -> intra_lig_lock_Neg_GGTATTAGTGGAACTT-1_contig_1_1.tbl
AIR pairs: 450 (rec_if [343, 344, 355, 356, 357, 358, 359, 360, 362, 365, 366, 369, 438, 473, 474, 475], lig_if [28, 30, 31, 53, 101, 102, 103, 104, 105, 106, 107, 108, 109, 110, 111]) -> air_Neg_GGTATTAGTGGAACTT-1_contig_1_1.tbl
config: haddock3_config_Neg_GGTATTAGTGGAACTT-1_contig_1_1.cfg
run haddock3 rc=0, log=haddock_Neg_GGTATTAGTGGAACTT-1_contig_1_1.log

