[2026-02-13T02:26:08]
receptor chains ['A', 'B']; ligand chains ['H', 'L']
split -> receptor_Neg_ACATGGGAGGCAATCC-1_contig_1_1.pdb, ligand_Neg_ACATGGGAGGCAATCC-1_contig_1_1.pdb; merged -> receptor_single_Neg_ACATGGGAGGCAATCC-1_contig_1_1.pdb, ligand_single_Neg_ACATGGGAGGCAATCC-1_contig_1_1.pdb
intra lock pairs: 12 -> intra_lig_lock_Neg_ACATGGGAGGCAATCC-1_contig_1_1.tbl
AIR pairs: 0 -> air_Neg_ACATGGGAGGCAATCC-1_contig_1_1.tbl
config: haddock3_config_Neg_ACATGGGAGGCAATCC-1_contig_1_1.cfg
run haddock3 rc=0, log=haddock_Neg_ACATGGGAGGCAATCC-1_contig_1_1.log

[2026-02-13T02:28:07]
receptor chains ['A', 'B']; ligand chains ['H', 'L']
split -> receptor_Neg_ACATGGGAGGCAATCC-1_contig_1_1.pdb, ligand_Neg_ACATGGGAGGCAATCC-1_contig_1_1.pdb; merged -> receptor_single_Neg_ACATGGGAGGCAATCC-1_contig_1_1.pdb, ligand_single_Neg_ACATGGGAGGCAATCC-1_contig_1_1.pdb
intra lock pairs: 12 -> intra_lig_lock_Neg_ACATGGGAGGCAATCC-1_contig_1_1.tbl
AIR pairs: 0 -> air_Neg_ACATGGGAGGCAATCC-1_contig_1_1.tbl
config: haddock3_config_Neg_ACATGGGAGGCAATCC-1_contig_1_1.cfg
run haddock3 rc=0, log=haddock_Neg_ACATGGGAGGCAATCC-1_contig_1_1.log

[2026-02-13T10:18:44]
receptor chains ['A', 'B']; ligand chains ['H', 'L']
split -> receptor_Neg_ACATGGGAGGCAATCC-1_contig_1_1.pdb, ligand_Neg_ACATGGGAGGCAATCC-1_contig_1_1.pdb; merged -> receptor_single_Neg_ACATGGGAGGCAATCC-1_contig_1_1.pdb, ligand_single_Neg_ACATGGGAGGCAATCC-1_contig_1_1.pdb
intra lock pairs: 12 -> intra_lig_lock_Neg_ACATGGGAGGCAATCC-1_contig_1_1.tbl
AIR pairs: 56 (rec_if [362, 365, 366, 369, 470, 474], lig_if [28, 30, 31, 53, 54, 144, 145]) -> air_Neg_ACATGGGAGGCAATCC-1_contig_1_1.tbl
config: haddock3_config_Neg_ACATGGGAGGCAATCC-1_contig_1_1.cfg
run haddock3 rc=1, log=haddock_Neg_ACATGGGAGGCAATCC-1_contig_1_1.log

