[2026-02-13T02:50:12]
receptor chains ['A', 'B']; ligand chains ['H', 'L']
split -> receptor_Neg_AGGCACGCAAGGTTAG-1_contig_1_1.pdb, ligand_Neg_AGGCACGCAAGGTTAG-1_contig_1_1.pdb; merged -> receptor_single_Neg_AGGCACGCAAGGTTAG-1_contig_1_1.pdb, ligand_single_Neg_AGGCACGCAAGGTTAG-1_contig_1_1.pdb
intra lock pairs: 12 -> intra_lig_lock_Neg_AGGCACGCAAGGTTAG-1_contig_1_1.tbl
AIR pairs: 0 -> air_Neg_AGGCACGCAAGGTTAG-1_contig_1_1.tbl
config: haddock3_config_Neg_AGGCACGCAAGGTTAG-1_contig_1_1.cfg
run haddock3 rc=0, log=haddock_Neg_AGGCACGCAAGGTTAG-1_contig_1_1.log

[2026-02-13T02:52:13]
receptor chains ['A', 'B']; ligand chains ['H', 'L']
split -> receptor_Neg_AGGCACGCAAGGTTAG-1_contig_1_1.pdb, ligand_Neg_AGGCACGCAAGGTTAG-1_contig_1_1.pdb; merged -> receptor_single_Neg_AGGCACGCAAGGTTAG-1_contig_1_1.pdb, ligand_single_Neg_AGGCACGCAAGGTTAG-1_contig_1_1.pdb
intra lock pairs: 12 -> intra_lig_lock_Neg_AGGCACGCAAGGTTAG-1_contig_1_1.tbl
AIR pairs: 0 -> air_Neg_AGGCACGCAAGGTTAG-1_contig_1_1.tbl
config: haddock3_config_Neg_AGGCACGCAAGGTTAG-1_contig_1_1.cfg
run haddock3 rc=0, log=haddock_Neg_AGGCACGCAAGGTTAG-1_contig_1_1.log

[2026-02-13T10:31:25]
receptor chains ['A', 'B']; ligand chains ['H', 'L']
split -> receptor_Neg_AGGCACGCAAGGTTAG-1_contig_1_1.pdb, ligand_Neg_AGGCACGCAAGGTTAG-1_contig_1_1.pdb; merged -> receptor_single_Neg_AGGCACGCAAGGTTAG-1_contig_1_1.pdb, ligand_single_Neg_AGGCACGCAAGGTTAG-1_contig_1_1.pdb
intra lock pairs: 12 -> intra_lig_lock_Neg_AGGCACGCAAGGTTAG-1_contig_1_1.tbl
AIR pairs: 60 (rec_if [338, 339, 340, 341, 356, 357, 358, 359, 360, 361, 362, 363, 365, 366, 369], lig_if [28, 30, 31, 53, 55, 56, 103, 104, 105, 106, 107, 108]) -> air_Neg_AGGCACGCAAGGTTAG-1_contig_1_1.tbl
config: haddock3_config_Neg_AGGCACGCAAGGTTAG-1_contig_1_1.cfg
run haddock3 rc=0, log=haddock_Neg_AGGCACGCAAGGTTAG-1_contig_1_1.log

