[2026-02-13T03:26:18]
receptor chains ['A', 'B']; ligand chains ['H', 'L']
split -> receptor_Neg_ATGCAGTGTCGTTCTA-1_contig_1_1.pdb, ligand_Neg_ATGCAGTGTCGTTCTA-1_contig_1_1.pdb; merged -> receptor_single_Neg_ATGCAGTGTCGTTCTA-1_contig_1_1.pdb, ligand_single_Neg_ATGCAGTGTCGTTCTA-1_contig_1_1.pdb
intra lock pairs: 12 -> intra_lig_lock_Neg_ATGCAGTGTCGTTCTA-1_contig_1_1.tbl
AIR pairs: 0 -> air_Neg_ATGCAGTGTCGTTCTA-1_contig_1_1.tbl
config: haddock3_config_Neg_ATGCAGTGTCGTTCTA-1_contig_1_1.cfg
run haddock3 rc=0, log=haddock_Neg_ATGCAGTGTCGTTCTA-1_contig_1_1.log

[2026-02-13T03:28:22]
receptor chains ['A', 'B']; ligand chains ['H', 'L']
split -> receptor_Neg_ATGCAGTGTCGTTCTA-1_contig_1_1.pdb, ligand_Neg_ATGCAGTGTCGTTCTA-1_contig_1_1.pdb; merged -> receptor_single_Neg_ATGCAGTGTCGTTCTA-1_contig_1_1.pdb, ligand_single_Neg_ATGCAGTGTCGTTCTA-1_contig_1_1.pdb
intra lock pairs: 12 -> intra_lig_lock_Neg_ATGCAGTGTCGTTCTA-1_contig_1_1.tbl
AIR pairs: 0 -> air_Neg_ATGCAGTGTCGTTCTA-1_contig_1_1.tbl
config: haddock3_config_Neg_ATGCAGTGTCGTTCTA-1_contig_1_1.cfg
run haddock3 rc=0, log=haddock_Neg_ATGCAGTGTCGTTCTA-1_contig_1_1.log

[2026-02-13T10:50:47]
receptor chains ['A', 'B']; ligand chains ['H', 'L']
split -> receptor_Neg_ATGCAGTGTCGTTCTA-1_contig_1_1.pdb, ligand_Neg_ATGCAGTGTCGTTCTA-1_contig_1_1.pdb; merged -> receptor_single_Neg_ATGCAGTGTCGTTCTA-1_contig_1_1.pdb, ligand_single_Neg_ATGCAGTGTCGTTCTA-1_contig_1_1.pdb
intra lock pairs: 12 -> intra_lig_lock_Neg_ATGCAGTGTCGTTCTA-1_contig_1_1.tbl
AIR pairs: 567 (rec_if [5, 339, 340, 341, 342, 343, 344, 355, 356, 357, 358, 359, 360, 361, 362, 365, 366, 369, 435, 438, 439, 440, 441, 442, 443, 444, 445, 473], lig_if [28, 30, 31, 54, 55, 56, 103, 104, 105, 106, 109, 110, 111, 112, 113, 114, 115, 116, 117, 118, 119]) -> air_Neg_ATGCAGTGTCGTTCTA-1_contig_1_1.tbl
config: haddock3_config_Neg_ATGCAGTGTCGTTCTA-1_contig_1_1.cfg
run haddock3 rc=0, log=haddock_Neg_ATGCAGTGTCGTTCTA-1_contig_1_1.log

