[2026-02-13T05:25:26]
receptor chains ['A', 'B']; ligand chains ['H', 'L']
split -> receptor_Neg_GGTATGTGTATTACAG-1_contig_1_2.pdb, ligand_Neg_GGTATGTGTATTACAG-1_contig_1_2.pdb; merged -> receptor_single_Neg_GGTATGTGTATTACAG-1_contig_1_2.pdb, ligand_single_Neg_GGTATGTGTATTACAG-1_contig_1_2.pdb
intra lock pairs: 12 -> intra_lig_lock_Neg_GGTATGTGTATTACAG-1_contig_1_2.tbl
AIR pairs: 0 -> air_Neg_GGTATGTGTATTACAG-1_contig_1_2.tbl
config: haddock3_config_Neg_GGTATGTGTATTACAG-1_contig_1_2.cfg
run haddock3 rc=0, log=haddock_Neg_GGTATGTGTATTACAG-1_contig_1_2.log

[2026-02-13T05:27:25]
receptor chains ['A', 'B']; ligand chains ['H', 'L']
split -> receptor_Neg_GGTATGTGTATTACAG-1_contig_1_2.pdb, ligand_Neg_GGTATGTGTATTACAG-1_contig_1_2.pdb; merged -> receptor_single_Neg_GGTATGTGTATTACAG-1_contig_1_2.pdb, ligand_single_Neg_GGTATGTGTATTACAG-1_contig_1_2.pdb
intra lock pairs: 12 -> intra_lig_lock_Neg_GGTATGTGTATTACAG-1_contig_1_2.tbl
AIR pairs: 0 -> air_Neg_GGTATGTGTATTACAG-1_contig_1_2.tbl
config: haddock3_config_Neg_GGTATGTGTATTACAG-1_contig_1_2.cfg
run haddock3 rc=0, log=haddock_Neg_GGTATGTGTATTACAG-1_contig_1_2.log

[2026-02-13T11:54:27]
receptor chains ['A', 'B']; ligand chains ['H', 'L']
split -> receptor_Neg_GGTATGTGTATTACAG-1_contig_1_2.pdb, ligand_Neg_GGTATGTGTATTACAG-1_contig_1_2.pdb; merged -> receptor_single_Neg_GGTATGTGTATTACAG-1_contig_1_2.pdb, ligand_single_Neg_GGTATGTGTATTACAG-1_contig_1_2.pdb
intra lock pairs: 12 -> intra_lig_lock_Neg_GGTATGTGTATTACAG-1_contig_1_2.tbl
AIR pairs: 216 (rec_if [340, 341, 358, 359, 361, 362, 364, 365, 366, 369], lig_if [28, 30, 31, 53, 54, 55, 56, 105, 106]) -> air_Neg_GGTATGTGTATTACAG-1_contig_1_2.tbl
config: haddock3_config_Neg_GGTATGTGTATTACAG-1_contig_1_2.cfg
run haddock3 rc=0, log=haddock_Neg_GGTATGTGTATTACAG-1_contig_1_2.log

