[2026-02-13T02:58:13]
receptor chains ['A', 'B']; ligand chains ['H', 'L']
split -> receptor_Neg_AGTCTCGCAAAGTTCC-1_contig_2_1.pdb, ligand_Neg_AGTCTCGCAAAGTTCC-1_contig_2_1.pdb; merged -> receptor_single_Neg_AGTCTCGCAAAGTTCC-1_contig_2_1.pdb, ligand_single_Neg_AGTCTCGCAAAGTTCC-1_contig_2_1.pdb
intra lock pairs: 12 -> intra_lig_lock_Neg_AGTCTCGCAAAGTTCC-1_contig_2_1.tbl
AIR pairs: 0 -> air_Neg_AGTCTCGCAAAGTTCC-1_contig_2_1.tbl
config: haddock3_config_Neg_AGTCTCGCAAAGTTCC-1_contig_2_1.cfg
run haddock3 rc=0, log=haddock_Neg_AGTCTCGCAAAGTTCC-1_contig_2_1.log

[2026-02-13T03:00:14]
receptor chains ['A', 'B']; ligand chains ['H', 'L']
split -> receptor_Neg_AGTCTCGCAAAGTTCC-1_contig_2_1.pdb, ligand_Neg_AGTCTCGCAAAGTTCC-1_contig_2_1.pdb; merged -> receptor_single_Neg_AGTCTCGCAAAGTTCC-1_contig_2_1.pdb, ligand_single_Neg_AGTCTCGCAAAGTTCC-1_contig_2_1.pdb
intra lock pairs: 12 -> intra_lig_lock_Neg_AGTCTCGCAAAGTTCC-1_contig_2_1.tbl
AIR pairs: 0 -> air_Neg_AGTCTCGCAAAGTTCC-1_contig_2_1.tbl
config: haddock3_config_Neg_AGTCTCGCAAAGTTCC-1_contig_2_1.cfg
run haddock3 rc=0, log=haddock_Neg_AGTCTCGCAAAGTTCC-1_contig_2_1.log

[2026-02-13T10:35:38]
receptor chains ['A', 'B']; ligand chains ['H', 'L']
split -> receptor_Neg_AGTCTCGCAAAGTTCC-1_contig_2_1.pdb, ligand_Neg_AGTCTCGCAAAGTTCC-1_contig_2_1.pdb; merged -> receptor_single_Neg_AGTCTCGCAAAGTTCC-1_contig_2_1.pdb, ligand_single_Neg_AGTCTCGCAAAGTTCC-1_contig_2_1.pdb
intra lock pairs: 12 -> intra_lig_lock_Neg_AGTCTCGCAAAGTTCC-1_contig_2_1.tbl
AIR pairs: 243 (rec_if [340, 341, 359, 362, 364, 365, 366, 369], lig_if [28, 30, 31, 53, 54, 55, 56, 103, 104]) -> air_Neg_AGTCTCGCAAAGTTCC-1_contig_2_1.tbl
config: haddock3_config_Neg_AGTCTCGCAAAGTTCC-1_contig_2_1.cfg
run haddock3 rc=0, log=haddock_Neg_AGTCTCGCAAAGTTCC-1_contig_2_1.log

