[2026-02-13T03:06:18]
receptor chains ['A', 'B']; ligand chains ['H', 'L']
split -> receptor_Neg_AGTGATCGTGTTAGGT-1_contig_1_1.pdb, ligand_Neg_AGTGATCGTGTTAGGT-1_contig_1_1.pdb; merged -> receptor_single_Neg_AGTGATCGTGTTAGGT-1_contig_1_1.pdb, ligand_single_Neg_AGTGATCGTGTTAGGT-1_contig_1_1.pdb
intra lock pairs: 12 -> intra_lig_lock_Neg_AGTGATCGTGTTAGGT-1_contig_1_1.tbl
AIR pairs: 0 -> air_Neg_AGTGATCGTGTTAGGT-1_contig_1_1.tbl
config: haddock3_config_Neg_AGTGATCGTGTTAGGT-1_contig_1_1.cfg
run haddock3 rc=0, log=haddock_Neg_AGTGATCGTGTTAGGT-1_contig_1_1.log

[2026-02-13T03:08:19]
receptor chains ['A', 'B']; ligand chains ['H', 'L']
split -> receptor_Neg_AGTGATCGTGTTAGGT-1_contig_1_1.pdb, ligand_Neg_AGTGATCGTGTTAGGT-1_contig_1_1.pdb; merged -> receptor_single_Neg_AGTGATCGTGTTAGGT-1_contig_1_1.pdb, ligand_single_Neg_AGTGATCGTGTTAGGT-1_contig_1_1.pdb
intra lock pairs: 12 -> intra_lig_lock_Neg_AGTGATCGTGTTAGGT-1_contig_1_1.tbl
AIR pairs: 0 -> air_Neg_AGTGATCGTGTTAGGT-1_contig_1_1.tbl
config: haddock3_config_Neg_AGTGATCGTGTTAGGT-1_contig_1_1.cfg
run haddock3 rc=0, log=haddock_Neg_AGTGATCGTGTTAGGT-1_contig_1_1.log

[2026-02-13T10:40:04]
receptor chains ['A', 'B']; ligand chains ['H', 'L']
split -> receptor_Neg_AGTGATCGTGTTAGGT-1_contig_1_1.pdb, ligand_Neg_AGTGATCGTGTTAGGT-1_contig_1_1.pdb; merged -> receptor_single_Neg_AGTGATCGTGTTAGGT-1_contig_1_1.pdb, ligand_single_Neg_AGTGATCGTGTTAGGT-1_contig_1_1.pdb
intra lock pairs: 12 -> intra_lig_lock_Neg_AGTGATCGTGTTAGGT-1_contig_1_1.tbl
AIR pairs: 63 (rec_if [358, 359, 362, 365, 366, 369, 370], lig_if [28, 30, 31, 53, 101, 102, 103]) -> air_Neg_AGTGATCGTGTTAGGT-1_contig_1_1.tbl
config: haddock3_config_Neg_AGTGATCGTGTTAGGT-1_contig_1_1.cfg
run haddock3 rc=0, log=haddock_Neg_AGTGATCGTGTTAGGT-1_contig_1_1.log

