[2026-02-13T03:56:52]
receptor chains ['A', 'B']; ligand chains ['H', 'L']
split -> receptor_Neg_CATATCGAGCTGCAAC-1_contig_1_1.pdb, ligand_Neg_CATATCGAGCTGCAAC-1_contig_1_1.pdb; merged -> receptor_single_Neg_CATATCGAGCTGCAAC-1_contig_1_1.pdb, ligand_single_Neg_CATATCGAGCTGCAAC-1_contig_1_1.pdb
intra lock pairs: 12 -> intra_lig_lock_Neg_CATATCGAGCTGCAAC-1_contig_1_1.tbl
AIR pairs: 0 -> air_Neg_CATATCGAGCTGCAAC-1_contig_1_1.tbl
config: haddock3_config_Neg_CATATCGAGCTGCAAC-1_contig_1_1.cfg
run haddock3 rc=0, log=haddock_Neg_CATATCGAGCTGCAAC-1_contig_1_1.log

[2026-02-13T03:58:56]
receptor chains ['A', 'B']; ligand chains ['H', 'L']
split -> receptor_Neg_CATATCGAGCTGCAAC-1_contig_1_1.pdb, ligand_Neg_CATATCGAGCTGCAAC-1_contig_1_1.pdb; merged -> receptor_single_Neg_CATATCGAGCTGCAAC-1_contig_1_1.pdb, ligand_single_Neg_CATATCGAGCTGCAAC-1_contig_1_1.pdb
intra lock pairs: 12 -> intra_lig_lock_Neg_CATATCGAGCTGCAAC-1_contig_1_1.tbl
AIR pairs: 0 -> air_Neg_CATATCGAGCTGCAAC-1_contig_1_1.tbl
config: haddock3_config_Neg_CATATCGAGCTGCAAC-1_contig_1_1.cfg
run haddock3 rc=0, log=haddock_Neg_CATATCGAGCTGCAAC-1_contig_1_1.log

[2026-02-13T11:07:54]
receptor chains ['A', 'B']; ligand chains ['H', 'L']
split -> receptor_Neg_CATATCGAGCTGCAAC-1_contig_1_1.pdb, ligand_Neg_CATATCGAGCTGCAAC-1_contig_1_1.pdb; merged -> receptor_single_Neg_CATATCGAGCTGCAAC-1_contig_1_1.pdb, ligand_single_Neg_CATATCGAGCTGCAAC-1_contig_1_1.pdb
intra lock pairs: 12 -> intra_lig_lock_Neg_CATATCGAGCTGCAAC-1_contig_1_1.tbl
AIR pairs: 448 (rec_if [343, 356, 357, 358, 359, 360, 361, 362, 363, 365, 366, 369, 438, 470, 473, 474], lig_if [30, 31, 53, 101, 102, 103, 104, 105, 106, 107, 108, 109, 110, 158, 159, 160]) -> air_Neg_CATATCGAGCTGCAAC-1_contig_1_1.tbl
config: haddock3_config_Neg_CATATCGAGCTGCAAC-1_contig_1_1.cfg
run haddock3 rc=0, log=haddock_Neg_CATATCGAGCTGCAAC-1_contig_1_1.log

