[2026-02-13T05:41:35]
receptor chains ['A', 'B']; ligand chains ['H', 'L']
split -> receptor_Neg_GTAAGGTAGGCTCGTG-1_contig_1_1.pdb, ligand_Neg_GTAAGGTAGGCTCGTG-1_contig_1_1.pdb; merged -> receptor_single_Neg_GTAAGGTAGGCTCGTG-1_contig_1_1.pdb, ligand_single_Neg_GTAAGGTAGGCTCGTG-1_contig_1_1.pdb
intra lock pairs: 12 -> intra_lig_lock_Neg_GTAAGGTAGGCTCGTG-1_contig_1_1.tbl
AIR pairs: 0 -> air_Neg_GTAAGGTAGGCTCGTG-1_contig_1_1.tbl
config: haddock3_config_Neg_GTAAGGTAGGCTCGTG-1_contig_1_1.cfg
run haddock3 rc=0, log=haddock_Neg_GTAAGGTAGGCTCGTG-1_contig_1_1.log

[2026-02-13T05:43:37]
receptor chains ['A', 'B']; ligand chains ['H', 'L']
split -> receptor_Neg_GTAAGGTAGGCTCGTG-1_contig_1_1.pdb, ligand_Neg_GTAAGGTAGGCTCGTG-1_contig_1_1.pdb; merged -> receptor_single_Neg_GTAAGGTAGGCTCGTG-1_contig_1_1.pdb, ligand_single_Neg_GTAAGGTAGGCTCGTG-1_contig_1_1.pdb
intra lock pairs: 12 -> intra_lig_lock_Neg_GTAAGGTAGGCTCGTG-1_contig_1_1.tbl
AIR pairs: 0 -> air_Neg_GTAAGGTAGGCTCGTG-1_contig_1_1.tbl
config: haddock3_config_Neg_GTAAGGTAGGCTCGTG-1_contig_1_1.cfg
run haddock3 rc=0, log=haddock_Neg_GTAAGGTAGGCTCGTG-1_contig_1_1.log

[2026-02-13T12:02:47]
receptor chains ['A', 'B']; ligand chains ['H', 'L']
split -> receptor_Neg_GTAAGGTAGGCTCGTG-1_contig_1_1.pdb, ligand_Neg_GTAAGGTAGGCTCGTG-1_contig_1_1.pdb; merged -> receptor_single_Neg_GTAAGGTAGGCTCGTG-1_contig_1_1.pdb, ligand_single_Neg_GTAAGGTAGGCTCGTG-1_contig_1_1.pdb
intra lock pairs: 12 -> intra_lig_lock_Neg_GTAAGGTAGGCTCGTG-1_contig_1_1.tbl
AIR pairs: 528 (rec_if [3, 339, 340, 341, 343, 344, 345, 346, 354, 355, 356, 357, 358, 359, 362, 365, 366, 369, 469, 470, 471, 472, 473, 474], lig_if [30, 31, 53, 54, 55, 56, 104, 106, 107, 108, 109, 110, 111, 112, 113, 114]) -> air_Neg_GTAAGGTAGGCTCGTG-1_contig_1_1.tbl
config: haddock3_config_Neg_GTAAGGTAGGCTCGTG-1_contig_1_1.cfg
run haddock3 rc=1, log=haddock_Neg_GTAAGGTAGGCTCGTG-1_contig_1_1.log

