[2026-02-13T08:18:26]
receptor chains ['A', 'B']; ligand chains ['H', 'L']
split -> receptor_Pos_GTGGTAACAAGAGACC-1_contig_1_1.pdb, ligand_Pos_GTGGTAACAAGAGACC-1_contig_1_1.pdb; merged -> receptor_single_Pos_GTGGTAACAAGAGACC-1_contig_1_1.pdb, ligand_single_Pos_GTGGTAACAAGAGACC-1_contig_1_1.pdb
intra lock pairs: 12 -> intra_lig_lock_Pos_GTGGTAACAAGAGACC-1_contig_1_1.tbl
AIR pairs: 0 -> air_Pos_GTGGTAACAAGAGACC-1_contig_1_1.tbl
config: haddock3_config_Pos_GTGGTAACAAGAGACC-1_contig_1_1.cfg
run haddock3 rc=0, log=haddock_Pos_GTGGTAACAAGAGACC-1_contig_1_1.log

[2026-02-13T08:20:24]
receptor chains ['A', 'B']; ligand chains ['H', 'L']
split -> receptor_Pos_GTGGTAACAAGAGACC-1_contig_1_1.pdb, ligand_Pos_GTGGTAACAAGAGACC-1_contig_1_1.pdb; merged -> receptor_single_Pos_GTGGTAACAAGAGACC-1_contig_1_1.pdb, ligand_single_Pos_GTGGTAACAAGAGACC-1_contig_1_1.pdb
intra lock pairs: 12 -> intra_lig_lock_Pos_GTGGTAACAAGAGACC-1_contig_1_1.tbl
AIR pairs: 0 -> air_Pos_GTGGTAACAAGAGACC-1_contig_1_1.tbl
config: haddock3_config_Pos_GTGGTAACAAGAGACC-1_contig_1_1.cfg
run haddock3 rc=0, log=haddock_Pos_GTGGTAACAAGAGACC-1_contig_1_1.log

[2026-02-13T13:26:07]
receptor chains ['A', 'B']; ligand chains ['H', 'L']
split -> receptor_Pos_GTGGTAACAAGAGACC-1_contig_1_1.pdb, ligand_Pos_GTGGTAACAAGAGACC-1_contig_1_1.pdb; merged -> receptor_single_Pos_GTGGTAACAAGAGACC-1_contig_1_1.pdb, ligand_single_Pos_GTGGTAACAAGAGACC-1_contig_1_1.pdb
intra lock pairs: 12 -> intra_lig_lock_Pos_GTGGTAACAAGAGACC-1_contig_1_1.tbl
AIR pairs: 22 (rec_if [340, 342, 343, 356, 357, 358, 359, 360, 361, 362, 365, 366, 369, 474], lig_if [28, 30, 31, 53, 102, 103, 104, 105, 106, 107, 108]) -> air_Pos_GTGGTAACAAGAGACC-1_contig_1_1.tbl
config: haddock3_config_Pos_GTGGTAACAAGAGACC-1_contig_1_1.cfg
run haddock3 rc=0, log=haddock_Pos_GTGGTAACAAGAGACC-1_contig_1_1.log

