[2026-02-13T08:02:17]
receptor chains ['A', 'B']; ligand chains ['H', 'L']
split -> receptor_Pos_GGCGAAATCATAACGT-1_contig_1_1.pdb, ligand_Pos_GGCGAAATCATAACGT-1_contig_1_1.pdb; merged -> receptor_single_Pos_GGCGAAATCATAACGT-1_contig_1_1.pdb, ligand_single_Pos_GGCGAAATCATAACGT-1_contig_1_1.pdb
intra lock pairs: 12 -> intra_lig_lock_Pos_GGCGAAATCATAACGT-1_contig_1_1.tbl
AIR pairs: 0 -> air_Pos_GGCGAAATCATAACGT-1_contig_1_1.tbl
config: haddock3_config_Pos_GGCGAAATCATAACGT-1_contig_1_1.cfg
run haddock3 rc=0, log=haddock_Pos_GGCGAAATCATAACGT-1_contig_1_1.log

[2026-02-13T08:04:18]
receptor chains ['A', 'B']; ligand chains ['H', 'L']
split -> receptor_Pos_GGCGAAATCATAACGT-1_contig_1_1.pdb, ligand_Pos_GGCGAAATCATAACGT-1_contig_1_1.pdb; merged -> receptor_single_Pos_GGCGAAATCATAACGT-1_contig_1_1.pdb, ligand_single_Pos_GGCGAAATCATAACGT-1_contig_1_1.pdb
intra lock pairs: 12 -> intra_lig_lock_Pos_GGCGAAATCATAACGT-1_contig_1_1.tbl
AIR pairs: 0 -> air_Pos_GGCGAAATCATAACGT-1_contig_1_1.tbl
config: haddock3_config_Pos_GGCGAAATCATAACGT-1_contig_1_1.cfg
run haddock3 rc=0, log=haddock_Pos_GGCGAAATCATAACGT-1_contig_1_1.log

[2026-02-13T13:17:31]
receptor chains ['A', 'B']; ligand chains ['H', 'L']
split -> receptor_Pos_GGCGAAATCATAACGT-1_contig_1_1.pdb, ligand_Pos_GGCGAAATCATAACGT-1_contig_1_1.pdb; merged -> receptor_single_Pos_GGCGAAATCATAACGT-1_contig_1_1.pdb, ligand_single_Pos_GGCGAAATCATAACGT-1_contig_1_1.pdb
intra lock pairs: 12 -> intra_lig_lock_Pos_GGCGAAATCATAACGT-1_contig_1_1.tbl
AIR pairs: 84 (rec_if [358, 359, 360, 362, 365, 366, 369], lig_if [30, 31, 101, 102, 103, 104, 105]) -> air_Pos_GGCGAAATCATAACGT-1_contig_1_1.tbl
config: haddock3_config_Pos_GGCGAAATCATAACGT-1_contig_1_1.cfg
run haddock3 rc=0, log=haddock_Pos_GGCGAAATCATAACGT-1_contig_1_1.log

