[2026-02-13T06:13:40]
receptor chains ['A', 'B']; ligand chains ['H', 'L']
split -> receptor_Pos_ACCTGTAAGCAAATGA-1_contig_1_1.pdb, ligand_Pos_ACCTGTAAGCAAATGA-1_contig_1_1.pdb; merged -> receptor_single_Pos_ACCTGTAAGCAAATGA-1_contig_1_1.pdb, ligand_single_Pos_ACCTGTAAGCAAATGA-1_contig_1_1.pdb
intra lock pairs: 12 -> intra_lig_lock_Pos_ACCTGTAAGCAAATGA-1_contig_1_1.tbl
AIR pairs: 0 -> air_Pos_ACCTGTAAGCAAATGA-1_contig_1_1.tbl
config: haddock3_config_Pos_ACCTGTAAGCAAATGA-1_contig_1_1.cfg
run haddock3 rc=0, log=haddock_Pos_ACCTGTAAGCAAATGA-1_contig_1_1.log

[2026-02-13T06:15:41]
receptor chains ['A', 'B']; ligand chains ['H', 'L']
split -> receptor_Pos_ACCTGTAAGCAAATGA-1_contig_1_1.pdb, ligand_Pos_ACCTGTAAGCAAATGA-1_contig_1_1.pdb; merged -> receptor_single_Pos_ACCTGTAAGCAAATGA-1_contig_1_1.pdb, ligand_single_Pos_ACCTGTAAGCAAATGA-1_contig_1_1.pdb
intra lock pairs: 12 -> intra_lig_lock_Pos_ACCTGTAAGCAAATGA-1_contig_1_1.tbl
AIR pairs: 0 -> air_Pos_ACCTGTAAGCAAATGA-1_contig_1_1.tbl
config: haddock3_config_Pos_ACCTGTAAGCAAATGA-1_contig_1_1.cfg
run haddock3 rc=0, log=haddock_Pos_ACCTGTAAGCAAATGA-1_contig_1_1.log

[2026-02-13T12:19:54]
receptor chains ['A', 'B']; ligand chains ['H', 'L']
split -> receptor_Pos_ACCTGTAAGCAAATGA-1_contig_1_1.pdb, ligand_Pos_ACCTGTAAGCAAATGA-1_contig_1_1.pdb; merged -> receptor_single_Pos_ACCTGTAAGCAAATGA-1_contig_1_1.pdb, ligand_single_Pos_ACCTGTAAGCAAATGA-1_contig_1_1.pdb
intra lock pairs: 12 -> intra_lig_lock_Pos_ACCTGTAAGCAAATGA-1_contig_1_1.tbl
AIR pairs: 306 (rec_if [339, 340, 343, 356, 357, 358, 359, 360, 361, 362, 363, 365, 366, 369, 438, 441, 442, 445, 470, 472, 473, 474, 475], lig_if [30, 31, 53, 101, 102, 103, 104, 105, 106, 107, 108, 109, 110, 111, 112, 113, 114, 162]) -> air_Pos_ACCTGTAAGCAAATGA-1_contig_1_1.tbl
config: haddock3_config_Pos_ACCTGTAAGCAAATGA-1_contig_1_1.cfg
run haddock3 rc=0, log=haddock_Pos_ACCTGTAAGCAAATGA-1_contig_1_1.log

