[2026-02-13T06:37:47]
receptor chains ['A', 'B']; ligand chains ['H', 'L']
split -> receptor_Pos_ATAAGGTCAGCATTTA-1_contig_1_1.pdb, ligand_Pos_ATAAGGTCAGCATTTA-1_contig_1_1.pdb; merged -> receptor_single_Pos_ATAAGGTCAGCATTTA-1_contig_1_1.pdb, ligand_single_Pos_ATAAGGTCAGCATTTA-1_contig_1_1.pdb
intra lock pairs: 12 -> intra_lig_lock_Pos_ATAAGGTCAGCATTTA-1_contig_1_1.tbl
AIR pairs: 0 -> air_Pos_ATAAGGTCAGCATTTA-1_contig_1_1.tbl
config: haddock3_config_Pos_ATAAGGTCAGCATTTA-1_contig_1_1.cfg
run haddock3 rc=0, log=haddock_Pos_ATAAGGTCAGCATTTA-1_contig_1_1.log

[2026-02-13T06:39:49]
receptor chains ['A', 'B']; ligand chains ['H', 'L']
split -> receptor_Pos_ATAAGGTCAGCATTTA-1_contig_1_1.pdb, ligand_Pos_ATAAGGTCAGCATTTA-1_contig_1_1.pdb; merged -> receptor_single_Pos_ATAAGGTCAGCATTTA-1_contig_1_1.pdb, ligand_single_Pos_ATAAGGTCAGCATTTA-1_contig_1_1.pdb
intra lock pairs: 12 -> intra_lig_lock_Pos_ATAAGGTCAGCATTTA-1_contig_1_1.tbl
AIR pairs: 0 -> air_Pos_ATAAGGTCAGCATTTA-1_contig_1_1.tbl
config: haddock3_config_Pos_ATAAGGTCAGCATTTA-1_contig_1_1.cfg
run haddock3 rc=0, log=haddock_Pos_ATAAGGTCAGCATTTA-1_contig_1_1.log

[2026-02-13T12:32:40]
receptor chains ['A', 'B']; ligand chains ['H', 'L']
split -> receptor_Pos_ATAAGGTCAGCATTTA-1_contig_1_1.pdb, ligand_Pos_ATAAGGTCAGCATTTA-1_contig_1_1.pdb; merged -> receptor_single_Pos_ATAAGGTCAGCATTTA-1_contig_1_1.pdb, ligand_single_Pos_ATAAGGTCAGCATTTA-1_contig_1_1.pdb
intra lock pairs: 12 -> intra_lig_lock_Pos_ATAAGGTCAGCATTTA-1_contig_1_1.tbl
AIR pairs: 225 (rec_if [340, 341, 343, 355, 356, 357, 358, 359, 360, 362, 364, 365, 366, 369, 470, 473, 474], lig_if [30, 31, 53, 54, 55, 56, 103, 104, 105, 106, 107, 108, 109, 110, 111]) -> air_Pos_ATAAGGTCAGCATTTA-1_contig_1_1.tbl
config: haddock3_config_Pos_ATAAGGTCAGCATTTA-1_contig_1_1.cfg
run haddock3 rc=0, log=haddock_Pos_ATAAGGTCAGCATTTA-1_contig_1_1.log

