[2026-02-13T07:30:00]
receptor chains ['A', 'B']; ligand chains ['H', 'L']
split -> receptor_Pos_CCTTACCCAGTACGCC-1_contig_1_1.pdb, ligand_Pos_CCTTACCCAGTACGCC-1_contig_1_1.pdb; merged -> receptor_single_Pos_CCTTACCCAGTACGCC-1_contig_1_1.pdb, ligand_single_Pos_CCTTACCCAGTACGCC-1_contig_1_1.pdb
intra lock pairs: 12 -> intra_lig_lock_Pos_CCTTACCCAGTACGCC-1_contig_1_1.tbl
AIR pairs: 0 -> air_Pos_CCTTACCCAGTACGCC-1_contig_1_1.tbl
config: haddock3_config_Pos_CCTTACCCAGTACGCC-1_contig_1_1.cfg
run haddock3 rc=0, log=haddock_Pos_CCTTACCCAGTACGCC-1_contig_1_1.log

[2026-02-13T07:32:04]
receptor chains ['A', 'B']; ligand chains ['H', 'L']
split -> receptor_Pos_CCTTACCCAGTACGCC-1_contig_1_1.pdb, ligand_Pos_CCTTACCCAGTACGCC-1_contig_1_1.pdb; merged -> receptor_single_Pos_CCTTACCCAGTACGCC-1_contig_1_1.pdb, ligand_single_Pos_CCTTACCCAGTACGCC-1_contig_1_1.pdb
intra lock pairs: 12 -> intra_lig_lock_Pos_CCTTACCCAGTACGCC-1_contig_1_1.tbl
AIR pairs: 0 -> air_Pos_CCTTACCCAGTACGCC-1_contig_1_1.tbl
config: haddock3_config_Pos_CCTTACCCAGTACGCC-1_contig_1_1.cfg
run haddock3 rc=0, log=haddock_Pos_CCTTACCCAGTACGCC-1_contig_1_1.log

[2026-02-13T13:00:32]
receptor chains ['A', 'B']; ligand chains ['H', 'L']
split -> receptor_Pos_CCTTACCCAGTACGCC-1_contig_1_1.pdb, ligand_Pos_CCTTACCCAGTACGCC-1_contig_1_1.pdb; merged -> receptor_single_Pos_CCTTACCCAGTACGCC-1_contig_1_1.pdb, ligand_single_Pos_CCTTACCCAGTACGCC-1_contig_1_1.pdb
intra lock pairs: 12 -> intra_lig_lock_Pos_CCTTACCCAGTACGCC-1_contig_1_1.tbl
AIR pairs: 288 (rec_if [5, 6, 7, 28, 325, 339, 340, 341, 342, 343, 344, 355, 356, 357, 358, 359, 360, 361, 362, 364, 365, 366, 369, 434, 435, 436, 437, 438, 439, 440, 441, 442, 445, 470, 472, 473, 474, 475, 476], lig_if [30, 31, 53, 54, 55, 56, 57, 103, 104, 105, 106, 107, 108, 109, 110, 111, 112, 113, 114, 115, 116, 117, 118, 168]) -> air_Pos_CCTTACCCAGTACGCC-1_contig_1_1.tbl
config: haddock3_config_Pos_CCTTACCCAGTACGCC-1_contig_1_1.cfg
run haddock3 rc=0, log=haddock_Pos_CCTTACCCAGTACGCC-1_contig_1_1.log

