[2026-02-13T07:05:49]
receptor chains ['A', 'B']; ligand chains ['H', 'L']
split -> receptor_Pos_CAATGTTAGCAAAGCG-1_contig_1_1.pdb, ligand_Pos_CAATGTTAGCAAAGCG-1_contig_1_1.pdb; merged -> receptor_single_Pos_CAATGTTAGCAAAGCG-1_contig_1_1.pdb, ligand_single_Pos_CAATGTTAGCAAAGCG-1_contig_1_1.pdb
intra lock pairs: 12 -> intra_lig_lock_Pos_CAATGTTAGCAAAGCG-1_contig_1_1.tbl
AIR pairs: 0 -> air_Pos_CAATGTTAGCAAAGCG-1_contig_1_1.tbl
config: haddock3_config_Pos_CAATGTTAGCAAAGCG-1_contig_1_1.cfg
run haddock3 rc=0, log=haddock_Pos_CAATGTTAGCAAAGCG-1_contig_1_1.log

[2026-02-13T07:07:50]
receptor chains ['A', 'B']; ligand chains ['H', 'L']
split -> receptor_Pos_CAATGTTAGCAAAGCG-1_contig_1_1.pdb, ligand_Pos_CAATGTTAGCAAAGCG-1_contig_1_1.pdb; merged -> receptor_single_Pos_CAATGTTAGCAAAGCG-1_contig_1_1.pdb, ligand_single_Pos_CAATGTTAGCAAAGCG-1_contig_1_1.pdb
intra lock pairs: 12 -> intra_lig_lock_Pos_CAATGTTAGCAAAGCG-1_contig_1_1.tbl
AIR pairs: 0 -> air_Pos_CAATGTTAGCAAAGCG-1_contig_1_1.tbl
config: haddock3_config_Pos_CAATGTTAGCAAAGCG-1_contig_1_1.cfg
run haddock3 rc=0, log=haddock_Pos_CAATGTTAGCAAAGCG-1_contig_1_1.log

[2026-02-13T12:47:28]
receptor chains ['A', 'B']; ligand chains ['H', 'L']
split -> receptor_Pos_CAATGTTAGCAAAGCG-1_contig_1_1.pdb, ligand_Pos_CAATGTTAGCAAAGCG-1_contig_1_1.pdb; merged -> receptor_single_Pos_CAATGTTAGCAAAGCG-1_contig_1_1.pdb, ligand_single_Pos_CAATGTTAGCAAAGCG-1_contig_1_1.pdb
intra lock pairs: 12 -> intra_lig_lock_Pos_CAATGTTAGCAAAGCG-1_contig_1_1.tbl
AIR pairs: 90 (rec_if [339, 340, 342, 343, 344, 355, 356, 357, 358, 359, 360, 361, 362, 365, 366, 369, 473, 474], lig_if [30, 31, 53, 102, 103, 104, 105, 106, 107, 108]) -> air_Pos_CAATGTTAGCAAAGCG-1_contig_1_1.tbl
config: haddock3_config_Pos_CAATGTTAGCAAAGCG-1_contig_1_1.cfg
run haddock3 rc=0, log=haddock_Pos_CAATGTTAGCAAAGCG-1_contig_1_1.log

