[2026-02-13T08:06:20]
receptor chains ['A', 'B']; ligand chains ['H', 'L']
split -> receptor_Pos_GGGTTCCCACTACGCA-1_contig_1_1.pdb, ligand_Pos_GGGTTCCCACTACGCA-1_contig_1_1.pdb; merged -> receptor_single_Pos_GGGTTCCCACTACGCA-1_contig_1_1.pdb, ligand_single_Pos_GGGTTCCCACTACGCA-1_contig_1_1.pdb
intra lock pairs: 12 -> intra_lig_lock_Pos_GGGTTCCCACTACGCA-1_contig_1_1.tbl
AIR pairs: 0 -> air_Pos_GGGTTCCCACTACGCA-1_contig_1_1.tbl
config: haddock3_config_Pos_GGGTTCCCACTACGCA-1_contig_1_1.cfg
run haddock3 rc=0, log=haddock_Pos_GGGTTCCCACTACGCA-1_contig_1_1.log

[2026-02-13T08:08:21]
receptor chains ['A', 'B']; ligand chains ['H', 'L']
split -> receptor_Pos_GGGTTCCCACTACGCA-1_contig_1_1.pdb, ligand_Pos_GGGTTCCCACTACGCA-1_contig_1_1.pdb; merged -> receptor_single_Pos_GGGTTCCCACTACGCA-1_contig_1_1.pdb, ligand_single_Pos_GGGTTCCCACTACGCA-1_contig_1_1.pdb
intra lock pairs: 12 -> intra_lig_lock_Pos_GGGTTCCCACTACGCA-1_contig_1_1.tbl
AIR pairs: 0 -> air_Pos_GGGTTCCCACTACGCA-1_contig_1_1.tbl
config: haddock3_config_Pos_GGGTTCCCACTACGCA-1_contig_1_1.cfg
run haddock3 rc=0, log=haddock_Pos_GGGTTCCCACTACGCA-1_contig_1_1.log

[2026-02-13T13:19:40]
receptor chains ['A', 'B']; ligand chains ['H', 'L']
split -> receptor_Pos_GGGTTCCCACTACGCA-1_contig_1_1.pdb, ligand_Pos_GGGTTCCCACTACGCA-1_contig_1_1.pdb; merged -> receptor_single_Pos_GGGTTCCCACTACGCA-1_contig_1_1.pdb, ligand_single_Pos_GGGTTCCCACTACGCA-1_contig_1_1.pdb
intra lock pairs: 12 -> intra_lig_lock_Pos_GGGTTCCCACTACGCA-1_contig_1_1.tbl
AIR pairs: 90 (rec_if [342, 343, 356, 357, 358, 359, 360, 361, 362, 363, 365, 366, 369, 435, 437, 438, 439, 441], lig_if [28, 30, 31, 53, 100, 101, 102, 103, 104, 105, 106, 107, 108, 109, 110]) -> air_Pos_GGGTTCCCACTACGCA-1_contig_1_1.tbl
config: haddock3_config_Pos_GGGTTCCCACTACGCA-1_contig_1_1.cfg
run haddock3 rc=0, log=haddock_Pos_GGGTTCCCACTACGCA-1_contig_1_1.log

