[2026-02-13T06:53:49]
receptor chains ['A', 'B']; ligand chains ['H', 'L']
split -> receptor_Pos_ATGGGGCAGAATCTGT-1_contig_1_1.pdb, ligand_Pos_ATGGGGCAGAATCTGT-1_contig_1_1.pdb; merged -> receptor_single_Pos_ATGGGGCAGAATCTGT-1_contig_1_1.pdb, ligand_single_Pos_ATGGGGCAGAATCTGT-1_contig_1_1.pdb
intra lock pairs: 12 -> intra_lig_lock_Pos_ATGGGGCAGAATCTGT-1_contig_1_1.tbl
AIR pairs: 0 -> air_Pos_ATGGGGCAGAATCTGT-1_contig_1_1.tbl
config: haddock3_config_Pos_ATGGGGCAGAATCTGT-1_contig_1_1.cfg
run haddock3 rc=0, log=haddock_Pos_ATGGGGCAGAATCTGT-1_contig_1_1.log

[2026-02-13T06:55:52]
receptor chains ['A', 'B']; ligand chains ['H', 'L']
split -> receptor_Pos_ATGGGGCAGAATCTGT-1_contig_1_1.pdb, ligand_Pos_ATGGGGCAGAATCTGT-1_contig_1_1.pdb; merged -> receptor_single_Pos_ATGGGGCAGAATCTGT-1_contig_1_1.pdb, ligand_single_Pos_ATGGGGCAGAATCTGT-1_contig_1_1.pdb
intra lock pairs: 12 -> intra_lig_lock_Pos_ATGGGGCAGAATCTGT-1_contig_1_1.tbl
AIR pairs: 0 -> air_Pos_ATGGGGCAGAATCTGT-1_contig_1_1.tbl
config: haddock3_config_Pos_ATGGGGCAGAATCTGT-1_contig_1_1.cfg
run haddock3 rc=0, log=haddock_Pos_ATGGGGCAGAATCTGT-1_contig_1_1.log

[2026-02-13T12:41:08]
receptor chains ['A', 'B']; ligand chains ['H', 'L']
split -> receptor_Pos_ATGGGGCAGAATCTGT-1_contig_1_1.pdb, ligand_Pos_ATGGGGCAGAATCTGT-1_contig_1_1.pdb; merged -> receptor_single_Pos_ATGGGGCAGAATCTGT-1_contig_1_1.pdb, ligand_single_Pos_ATGGGGCAGAATCTGT-1_contig_1_1.pdb
intra lock pairs: 12 -> intra_lig_lock_Pos_ATGGGGCAGAATCTGT-1_contig_1_1.tbl
AIR pairs: 24 (rec_if [362, 365, 366, 369], lig_if [28, 30, 31, 53]) -> air_Pos_ATGGGGCAGAATCTGT-1_contig_1_1.tbl
config: haddock3_config_Pos_ATGGGGCAGAATCTGT-1_contig_1_1.cfg
run haddock3 rc=0, log=haddock_Pos_ATGGGGCAGAATCTGT-1_contig_1_1.log

