[2026-02-13T05:53:40]
receptor chains ['A', 'B']; ligand chains ['H', 'L']
split -> receptor_Pos_AAGGGAGCAATTAATC-1_contig_1_1.pdb, ligand_Pos_AAGGGAGCAATTAATC-1_contig_1_1.pdb; merged -> receptor_single_Pos_AAGGGAGCAATTAATC-1_contig_1_1.pdb, ligand_single_Pos_AAGGGAGCAATTAATC-1_contig_1_1.pdb
intra lock pairs: 12 -> intra_lig_lock_Pos_AAGGGAGCAATTAATC-1_contig_1_1.tbl
AIR pairs: 0 -> air_Pos_AAGGGAGCAATTAATC-1_contig_1_1.tbl
config: haddock3_config_Pos_AAGGGAGCAATTAATC-1_contig_1_1.cfg
run haddock3 rc=0, log=haddock_Pos_AAGGGAGCAATTAATC-1_contig_1_1.log

[2026-02-13T05:55:42]
receptor chains ['A', 'B']; ligand chains ['H', 'L']
split -> receptor_Pos_AAGGGAGCAATTAATC-1_contig_1_1.pdb, ligand_Pos_AAGGGAGCAATTAATC-1_contig_1_1.pdb; merged -> receptor_single_Pos_AAGGGAGCAATTAATC-1_contig_1_1.pdb, ligand_single_Pos_AAGGGAGCAATTAATC-1_contig_1_1.pdb
intra lock pairs: 12 -> intra_lig_lock_Pos_AAGGGAGCAATTAATC-1_contig_1_1.tbl
AIR pairs: 0 -> air_Pos_AAGGGAGCAATTAATC-1_contig_1_1.tbl
config: haddock3_config_Pos_AAGGGAGCAATTAATC-1_contig_1_1.cfg
run haddock3 rc=0, log=haddock_Pos_AAGGGAGCAATTAATC-1_contig_1_1.log

[2026-02-13T12:09:13]
receptor chains ['A', 'B']; ligand chains ['H', 'L']
split -> receptor_Pos_AAGGGAGCAATTAATC-1_contig_1_1.pdb, ligand_Pos_AAGGGAGCAATTAATC-1_contig_1_1.pdb; merged -> receptor_single_Pos_AAGGGAGCAATTAATC-1_contig_1_1.pdb, ligand_single_Pos_AAGGGAGCAATTAATC-1_contig_1_1.pdb
intra lock pairs: 12 -> intra_lig_lock_Pos_AAGGGAGCAATTAATC-1_contig_1_1.tbl
AIR pairs: 99 (rec_if [340, 356, 357, 358, 359, 360, 361, 362, 363, 365, 366, 369], lig_if [28, 30, 31, 53, 54, 102, 103, 104, 105, 106, 107]) -> air_Pos_AAGGGAGCAATTAATC-1_contig_1_1.tbl
config: haddock3_config_Pos_AAGGGAGCAATTAATC-1_contig_1_1.cfg
run haddock3 rc=0, log=haddock_Pos_AAGGGAGCAATTAATC-1_contig_1_1.log

