[2026-02-13T07:25:53]
receptor chains ['A', 'B']; ligand chains ['H', 'L']
split -> receptor_Pos_CCTAGCTGTACATTCT-1_contig_1_1.pdb, ligand_Pos_CCTAGCTGTACATTCT-1_contig_1_1.pdb; merged -> receptor_single_Pos_CCTAGCTGTACATTCT-1_contig_1_1.pdb, ligand_single_Pos_CCTAGCTGTACATTCT-1_contig_1_1.pdb
intra lock pairs: 12 -> intra_lig_lock_Pos_CCTAGCTGTACATTCT-1_contig_1_1.tbl
AIR pairs: 0 -> air_Pos_CCTAGCTGTACATTCT-1_contig_1_1.tbl
config: haddock3_config_Pos_CCTAGCTGTACATTCT-1_contig_1_1.cfg
run haddock3 rc=0, log=haddock_Pos_CCTAGCTGTACATTCT-1_contig_1_1.log

[2026-02-13T07:27:56]
receptor chains ['A', 'B']; ligand chains ['H', 'L']
split -> receptor_Pos_CCTAGCTGTACATTCT-1_contig_1_1.pdb, ligand_Pos_CCTAGCTGTACATTCT-1_contig_1_1.pdb; merged -> receptor_single_Pos_CCTAGCTGTACATTCT-1_contig_1_1.pdb, ligand_single_Pos_CCTAGCTGTACATTCT-1_contig_1_1.pdb
intra lock pairs: 12 -> intra_lig_lock_Pos_CCTAGCTGTACATTCT-1_contig_1_1.tbl
AIR pairs: 0 -> air_Pos_CCTAGCTGTACATTCT-1_contig_1_1.tbl
config: haddock3_config_Pos_CCTAGCTGTACATTCT-1_contig_1_1.cfg
run haddock3 rc=0, log=haddock_Pos_CCTAGCTGTACATTCT-1_contig_1_1.log

[2026-02-13T12:58:22]
receptor chains ['A', 'B']; ligand chains ['H', 'L']
split -> receptor_Pos_CCTAGCTGTACATTCT-1_contig_1_1.pdb, ligand_Pos_CCTAGCTGTACATTCT-1_contig_1_1.pdb; merged -> receptor_single_Pos_CCTAGCTGTACATTCT-1_contig_1_1.pdb, ligand_single_Pos_CCTAGCTGTACATTCT-1_contig_1_1.pdb
intra lock pairs: 12 -> intra_lig_lock_Pos_CCTAGCTGTACATTCT-1_contig_1_1.tbl
AIR pairs: 161 (rec_if [5, 6, 7, 8, 325, 329, 330, 333, 337, 339, 340, 341, 342, 343, 344, 356, 357, 358, 359, 360, 361, 362, 363, 365, 366, 369, 435, 436, 437, 438, 439, 441, 442, 456, 470, 473], lig_if [28, 30, 31, 53, 101, 102, 103, 104, 105, 106, 107, 108, 109, 110, 111, 112, 113, 114, 115, 116, 117, 118, 166]) -> air_Pos_CCTAGCTGTACATTCT-1_contig_1_1.tbl
config: haddock3_config_Pos_CCTAGCTGTACATTCT-1_contig_1_1.cfg
run haddock3 rc=0, log=haddock_Pos_CCTAGCTGTACATTCT-1_contig_1_1.log

