[2026-02-13T06:33:44]
receptor chains ['A', 'B']; ligand chains ['H', 'L']
split -> receptor_Pos_AGTCGTCAGCACGGTT-1_contig_2_2.pdb, ligand_Pos_AGTCGTCAGCACGGTT-1_contig_2_2.pdb; merged -> receptor_single_Pos_AGTCGTCAGCACGGTT-1_contig_2_2.pdb, ligand_single_Pos_AGTCGTCAGCACGGTT-1_contig_2_2.pdb
intra lock pairs: 12 -> intra_lig_lock_Pos_AGTCGTCAGCACGGTT-1_contig_2_2.tbl
AIR pairs: 0 -> air_Pos_AGTCGTCAGCACGGTT-1_contig_2_2.tbl
config: haddock3_config_Pos_AGTCGTCAGCACGGTT-1_contig_2_2.cfg
run haddock3 rc=0, log=haddock_Pos_AGTCGTCAGCACGGTT-1_contig_2_2.log

[2026-02-13T06:35:45]
receptor chains ['A', 'B']; ligand chains ['H', 'L']
split -> receptor_Pos_AGTCGTCAGCACGGTT-1_contig_2_2.pdb, ligand_Pos_AGTCGTCAGCACGGTT-1_contig_2_2.pdb; merged -> receptor_single_Pos_AGTCGTCAGCACGGTT-1_contig_2_2.pdb, ligand_single_Pos_AGTCGTCAGCACGGTT-1_contig_2_2.pdb
intra lock pairs: 12 -> intra_lig_lock_Pos_AGTCGTCAGCACGGTT-1_contig_2_2.tbl
AIR pairs: 0 -> air_Pos_AGTCGTCAGCACGGTT-1_contig_2_2.tbl
config: haddock3_config_Pos_AGTCGTCAGCACGGTT-1_contig_2_2.cfg
run haddock3 rc=0, log=haddock_Pos_AGTCGTCAGCACGGTT-1_contig_2_2.log

[2026-02-13T12:30:31]
receptor chains ['A', 'B']; ligand chains ['H', 'L']
split -> receptor_Pos_AGTCGTCAGCACGGTT-1_contig_2_2.pdb, ligand_Pos_AGTCGTCAGCACGGTT-1_contig_2_2.pdb; merged -> receptor_single_Pos_AGTCGTCAGCACGGTT-1_contig_2_2.pdb, ligand_single_Pos_AGTCGTCAGCACGGTT-1_contig_2_2.pdb
intra lock pairs: 12 -> intra_lig_lock_Pos_AGTCGTCAGCACGGTT-1_contig_2_2.tbl
AIR pairs: 33 (rec_if [362, 365, 366, 369], lig_if [30, 31, 53]) -> air_Pos_AGTCGTCAGCACGGTT-1_contig_2_2.tbl
config: haddock3_config_Pos_AGTCGTCAGCACGGTT-1_contig_2_2.cfg
run haddock3 rc=0, log=haddock_Pos_AGTCGTCAGCACGGTT-1_contig_2_2.log

