[2026-02-13T07:01:48]
receptor chains ['A', 'B']; ligand chains ['H', 'L']
split -> receptor_Pos_ATGGTGGAGCTTGTCT-1_contig_1_1.pdb, ligand_Pos_ATGGTGGAGCTTGTCT-1_contig_1_1.pdb; merged -> receptor_single_Pos_ATGGTGGAGCTTGTCT-1_contig_1_1.pdb, ligand_single_Pos_ATGGTGGAGCTTGTCT-1_contig_1_1.pdb
intra lock pairs: 12 -> intra_lig_lock_Pos_ATGGTGGAGCTTGTCT-1_contig_1_1.tbl
AIR pairs: 0 -> air_Pos_ATGGTGGAGCTTGTCT-1_contig_1_1.tbl
config: haddock3_config_Pos_ATGGTGGAGCTTGTCT-1_contig_1_1.cfg
run haddock3 rc=0, log=haddock_Pos_ATGGTGGAGCTTGTCT-1_contig_1_1.log

[2026-02-13T07:03:48]
receptor chains ['A', 'B']; ligand chains ['H', 'L']
split -> receptor_Pos_ATGGTGGAGCTTGTCT-1_contig_1_1.pdb, ligand_Pos_ATGGTGGAGCTTGTCT-1_contig_1_1.pdb; merged -> receptor_single_Pos_ATGGTGGAGCTTGTCT-1_contig_1_1.pdb, ligand_single_Pos_ATGGTGGAGCTTGTCT-1_contig_1_1.pdb
intra lock pairs: 12 -> intra_lig_lock_Pos_ATGGTGGAGCTTGTCT-1_contig_1_1.tbl
AIR pairs: 0 -> air_Pos_ATGGTGGAGCTTGTCT-1_contig_1_1.tbl
config: haddock3_config_Pos_ATGGTGGAGCTTGTCT-1_contig_1_1.cfg
run haddock3 rc=0, log=haddock_Pos_ATGGTGGAGCTTGTCT-1_contig_1_1.log

[2026-02-13T12:45:22]
receptor chains ['A', 'B']; ligand chains ['H', 'L']
split -> receptor_Pos_ATGGTGGAGCTTGTCT-1_contig_1_1.pdb, ligand_Pos_ATGGTGGAGCTTGTCT-1_contig_1_1.pdb; merged -> receptor_single_Pos_ATGGTGGAGCTTGTCT-1_contig_1_1.pdb, ligand_single_Pos_ATGGTGGAGCTTGTCT-1_contig_1_1.pdb
intra lock pairs: 12 -> intra_lig_lock_Pos_ATGGTGGAGCTTGTCT-1_contig_1_1.tbl
AIR pairs: 42 (rec_if [340, 341, 358, 359, 362, 365, 366, 369], lig_if [30, 31, 55, 56, 103, 104, 105]) -> air_Pos_ATGGTGGAGCTTGTCT-1_contig_1_1.tbl
config: haddock3_config_Pos_ATGGTGGAGCTTGTCT-1_contig_1_1.cfg
run haddock3 rc=0, log=haddock_Pos_ATGGTGGAGCTTGTCT-1_contig_1_1.log

