[2026-02-13T07:09:51]
receptor chains ['A', 'B']; ligand chains ['H', 'L']
split -> receptor_Pos_CACTCCCAGGGGGCAT-1_contig_1_1.pdb, ligand_Pos_CACTCCCAGGGGGCAT-1_contig_1_1.pdb; merged -> receptor_single_Pos_CACTCCCAGGGGGCAT-1_contig_1_1.pdb, ligand_single_Pos_CACTCCCAGGGGGCAT-1_contig_1_1.pdb
intra lock pairs: 12 -> intra_lig_lock_Pos_CACTCCCAGGGGGCAT-1_contig_1_1.tbl
AIR pairs: 0 -> air_Pos_CACTCCCAGGGGGCAT-1_contig_1_1.tbl
config: haddock3_config_Pos_CACTCCCAGGGGGCAT-1_contig_1_1.cfg
run haddock3 rc=0, log=haddock_Pos_CACTCCCAGGGGGCAT-1_contig_1_1.log

[2026-02-13T07:11:52]
receptor chains ['A', 'B']; ligand chains ['H', 'L']
split -> receptor_Pos_CACTCCCAGGGGGCAT-1_contig_1_1.pdb, ligand_Pos_CACTCCCAGGGGGCAT-1_contig_1_1.pdb; merged -> receptor_single_Pos_CACTCCCAGGGGGCAT-1_contig_1_1.pdb, ligand_single_Pos_CACTCCCAGGGGGCAT-1_contig_1_1.pdb
intra lock pairs: 12 -> intra_lig_lock_Pos_CACTCCCAGGGGGCAT-1_contig_1_1.tbl
AIR pairs: 0 -> air_Pos_CACTCCCAGGGGGCAT-1_contig_1_1.tbl
config: haddock3_config_Pos_CACTCCCAGGGGGCAT-1_contig_1_1.cfg
run haddock3 rc=0, log=haddock_Pos_CACTCCCAGGGGGCAT-1_contig_1_1.log

[2026-02-13T12:49:39]
receptor chains ['A', 'B']; ligand chains ['H', 'L']
split -> receptor_Pos_CACTCCCAGGGGGCAT-1_contig_1_1.pdb, ligand_Pos_CACTCCCAGGGGGCAT-1_contig_1_1.pdb; merged -> receptor_single_Pos_CACTCCCAGGGGGCAT-1_contig_1_1.pdb, ligand_single_Pos_CACTCCCAGGGGGCAT-1_contig_1_1.pdb
intra lock pairs: 12 -> intra_lig_lock_Pos_CACTCCCAGGGGGCAT-1_contig_1_1.tbl
AIR pairs: 96 (rec_if [340, 358, 359, 361, 362, 365, 366, 369], lig_if [28, 30, 31, 53, 101, 102, 103, 104]) -> air_Pos_CACTCCCAGGGGGCAT-1_contig_1_1.tbl
config: haddock3_config_Pos_CACTCCCAGGGGGCAT-1_contig_1_1.cfg
run haddock3 rc=0, log=haddock_Pos_CACTCCCAGGGGGCAT-1_contig_1_1.log

