[2026-02-13T07:38:08]
receptor chains ['A', 'B']; ligand chains ['H', 'L']
split -> receptor_Pos_CGCATCACAAATTTCG-1_contig_1_1.pdb, ligand_Pos_CGCATCACAAATTTCG-1_contig_1_1.pdb; merged -> receptor_single_Pos_CGCATCACAAATTTCG-1_contig_1_1.pdb, ligand_single_Pos_CGCATCACAAATTTCG-1_contig_1_1.pdb
intra lock pairs: 12 -> intra_lig_lock_Pos_CGCATCACAAATTTCG-1_contig_1_1.tbl
AIR pairs: 0 -> air_Pos_CGCATCACAAATTTCG-1_contig_1_1.tbl
config: haddock3_config_Pos_CGCATCACAAATTTCG-1_contig_1_1.cfg
run haddock3 rc=0, log=haddock_Pos_CGCATCACAAATTTCG-1_contig_1_1.log

[2026-02-13T07:40:10]
receptor chains ['A', 'B']; ligand chains ['H', 'L']
split -> receptor_Pos_CGCATCACAAATTTCG-1_contig_1_1.pdb, ligand_Pos_CGCATCACAAATTTCG-1_contig_1_1.pdb; merged -> receptor_single_Pos_CGCATCACAAATTTCG-1_contig_1_1.pdb, ligand_single_Pos_CGCATCACAAATTTCG-1_contig_1_1.pdb
intra lock pairs: 12 -> intra_lig_lock_Pos_CGCATCACAAATTTCG-1_contig_1_1.tbl
AIR pairs: 0 -> air_Pos_CGCATCACAAATTTCG-1_contig_1_1.tbl
config: haddock3_config_Pos_CGCATCACAAATTTCG-1_contig_1_1.cfg
run haddock3 rc=0, log=haddock_Pos_CGCATCACAAATTTCG-1_contig_1_1.log

[2026-02-13T13:04:51]
receptor chains ['A', 'B']; ligand chains ['H', 'L']
split -> receptor_Pos_CGCATCACAAATTTCG-1_contig_1_1.pdb, ligand_Pos_CGCATCACAAATTTCG-1_contig_1_1.pdb; merged -> receptor_single_Pos_CGCATCACAAATTTCG-1_contig_1_1.pdb, ligand_single_Pos_CGCATCACAAATTTCG-1_contig_1_1.pdb
intra lock pairs: 12 -> intra_lig_lock_Pos_CGCATCACAAATTTCG-1_contig_1_1.tbl
AIR pairs: 250 (rec_if [28, 314, 340, 341, 364, 365, 366, 369, 470, 474], lig_if [30, 31, 53, 54, 55, 56, 57, 147, 148, 149]) -> air_Pos_CGCATCACAAATTTCG-1_contig_1_1.tbl
config: haddock3_config_Pos_CGCATCACAAATTTCG-1_contig_1_1.cfg
run haddock3 rc=0, log=haddock_Pos_CGCATCACAAATTTCG-1_contig_1_1.log

