[2026-02-13T07:46:11]
receptor chains ['A', 'B']; ligand chains ['H', 'L']
split -> receptor_Pos_CGTCTGTGTAGGTATC-1_contig_1_1.pdb, ligand_Pos_CGTCTGTGTAGGTATC-1_contig_1_1.pdb; merged -> receptor_single_Pos_CGTCTGTGTAGGTATC-1_contig_1_1.pdb, ligand_single_Pos_CGTCTGTGTAGGTATC-1_contig_1_1.pdb
intra lock pairs: 12 -> intra_lig_lock_Pos_CGTCTGTGTAGGTATC-1_contig_1_1.tbl
AIR pairs: 0 -> air_Pos_CGTCTGTGTAGGTATC-1_contig_1_1.tbl
config: haddock3_config_Pos_CGTCTGTGTAGGTATC-1_contig_1_1.cfg
run haddock3 rc=0, log=haddock_Pos_CGTCTGTGTAGGTATC-1_contig_1_1.log

[2026-02-13T07:48:09]
receptor chains ['A', 'B']; ligand chains ['H', 'L']
split -> receptor_Pos_CGTCTGTGTAGGTATC-1_contig_1_1.pdb, ligand_Pos_CGTCTGTGTAGGTATC-1_contig_1_1.pdb; merged -> receptor_single_Pos_CGTCTGTGTAGGTATC-1_contig_1_1.pdb, ligand_single_Pos_CGTCTGTGTAGGTATC-1_contig_1_1.pdb
intra lock pairs: 12 -> intra_lig_lock_Pos_CGTCTGTGTAGGTATC-1_contig_1_1.tbl
AIR pairs: 0 -> air_Pos_CGTCTGTGTAGGTATC-1_contig_1_1.tbl
config: haddock3_config_Pos_CGTCTGTGTAGGTATC-1_contig_1_1.cfg
run haddock3 rc=0, log=haddock_Pos_CGTCTGTGTAGGTATC-1_contig_1_1.log

[2026-02-13T13:08:54]
receptor chains ['A', 'B']; ligand chains ['H', 'L']
split -> receptor_Pos_CGTCTGTGTAGGTATC-1_contig_1_1.pdb, ligand_Pos_CGTCTGTGTAGGTATC-1_contig_1_1.pdb; merged -> receptor_single_Pos_CGTCTGTGTAGGTATC-1_contig_1_1.pdb, ligand_single_Pos_CGTCTGTGTAGGTATC-1_contig_1_1.pdb
intra lock pairs: 12 -> intra_lig_lock_Pos_CGTCTGTGTAGGTATC-1_contig_1_1.tbl
AIR pairs: 8 (rec_if [362, 365, 366, 369], lig_if [28, 30, 31, 54]) -> air_Pos_CGTCTGTGTAGGTATC-1_contig_1_1.tbl
config: haddock3_config_Pos_CGTCTGTGTAGGTATC-1_contig_1_1.cfg
run haddock3 rc=1, log=haddock_Pos_CGTCTGTGTAGGTATC-1_contig_1_1.log

