[2026-02-13T06:17:43]
receptor chains ['A', 'B']; ligand chains ['H', 'L']
split -> receptor_Pos_ACTCACTTCACTCGCC-1_contig_1_1.pdb, ligand_Pos_ACTCACTTCACTCGCC-1_contig_1_1.pdb; merged -> receptor_single_Pos_ACTCACTTCACTCGCC-1_contig_1_1.pdb, ligand_single_Pos_ACTCACTTCACTCGCC-1_contig_1_1.pdb
intra lock pairs: 12 -> intra_lig_lock_Pos_ACTCACTTCACTCGCC-1_contig_1_1.tbl
AIR pairs: 0 -> air_Pos_ACTCACTTCACTCGCC-1_contig_1_1.tbl
config: haddock3_config_Pos_ACTCACTTCACTCGCC-1_contig_1_1.cfg
run haddock3 rc=0, log=haddock_Pos_ACTCACTTCACTCGCC-1_contig_1_1.log

[2026-02-13T06:19:46]
receptor chains ['A', 'B']; ligand chains ['H', 'L']
split -> receptor_Pos_ACTCACTTCACTCGCC-1_contig_1_1.pdb, ligand_Pos_ACTCACTTCACTCGCC-1_contig_1_1.pdb; merged -> receptor_single_Pos_ACTCACTTCACTCGCC-1_contig_1_1.pdb, ligand_single_Pos_ACTCACTTCACTCGCC-1_contig_1_1.pdb
intra lock pairs: 12 -> intra_lig_lock_Pos_ACTCACTTCACTCGCC-1_contig_1_1.tbl
AIR pairs: 0 -> air_Pos_ACTCACTTCACTCGCC-1_contig_1_1.tbl
config: haddock3_config_Pos_ACTCACTTCACTCGCC-1_contig_1_1.cfg
run haddock3 rc=0, log=haddock_Pos_ACTCACTTCACTCGCC-1_contig_1_1.log

[2026-02-13T12:22:02]
receptor chains ['A', 'B']; ligand chains ['H', 'L']
split -> receptor_Pos_ACTCACTTCACTCGCC-1_contig_1_1.pdb, ligand_Pos_ACTCACTTCACTCGCC-1_contig_1_1.pdb; merged -> receptor_single_Pos_ACTCACTTCACTCGCC-1_contig_1_1.pdb, ligand_single_Pos_ACTCACTTCACTCGCC-1_contig_1_1.pdb
intra lock pairs: 12 -> intra_lig_lock_Pos_ACTCACTTCACTCGCC-1_contig_1_1.tbl
AIR pairs: 345 (rec_if [314, 340, 341, 357, 358, 359, 360, 362, 364, 365, 366, 369, 474], lig_if [30, 31, 53, 54, 55, 56, 103, 105, 106, 108, 109, 110, 111, 112, 113]) -> air_Pos_ACTCACTTCACTCGCC-1_contig_1_1.tbl
config: haddock3_config_Pos_ACTCACTTCACTCGCC-1_contig_1_1.cfg
run haddock3 rc=0, log=haddock_Pos_ACTCACTTCACTCGCC-1_contig_1_1.log

