[2026-02-13T08:10:23]
receptor chains ['A', 'B']; ligand chains ['H', 'L']
split -> receptor_Pos_GTAGAGTAGCGCTTGG-1_contig_1_1.pdb, ligand_Pos_GTAGAGTAGCGCTTGG-1_contig_1_1.pdb; merged -> receptor_single_Pos_GTAGAGTAGCGCTTGG-1_contig_1_1.pdb, ligand_single_Pos_GTAGAGTAGCGCTTGG-1_contig_1_1.pdb
intra lock pairs: 12 -> intra_lig_lock_Pos_GTAGAGTAGCGCTTGG-1_contig_1_1.tbl
AIR pairs: 0 -> air_Pos_GTAGAGTAGCGCTTGG-1_contig_1_1.tbl
config: haddock3_config_Pos_GTAGAGTAGCGCTTGG-1_contig_1_1.cfg
run haddock3 rc=0, log=haddock_Pos_GTAGAGTAGCGCTTGG-1_contig_1_1.log

[2026-02-13T08:12:24]
receptor chains ['A', 'B']; ligand chains ['H', 'L']
split -> receptor_Pos_GTAGAGTAGCGCTTGG-1_contig_1_1.pdb, ligand_Pos_GTAGAGTAGCGCTTGG-1_contig_1_1.pdb; merged -> receptor_single_Pos_GTAGAGTAGCGCTTGG-1_contig_1_1.pdb, ligand_single_Pos_GTAGAGTAGCGCTTGG-1_contig_1_1.pdb
intra lock pairs: 12 -> intra_lig_lock_Pos_GTAGAGTAGCGCTTGG-1_contig_1_1.tbl
AIR pairs: 0 -> air_Pos_GTAGAGTAGCGCTTGG-1_contig_1_1.tbl
config: haddock3_config_Pos_GTAGAGTAGCGCTTGG-1_contig_1_1.cfg
run haddock3 rc=0, log=haddock_Pos_GTAGAGTAGCGCTTGG-1_contig_1_1.log

[2026-02-13T13:21:51]
receptor chains ['A', 'B']; ligand chains ['H', 'L']
split -> receptor_Pos_GTAGAGTAGCGCTTGG-1_contig_1_1.pdb, ligand_Pos_GTAGAGTAGCGCTTGG-1_contig_1_1.pdb; merged -> receptor_single_Pos_GTAGAGTAGCGCTTGG-1_contig_1_1.pdb, ligand_single_Pos_GTAGAGTAGCGCTTGG-1_contig_1_1.pdb
intra lock pairs: 12 -> intra_lig_lock_Pos_GTAGAGTAGCGCTTGG-1_contig_1_1.tbl
AIR pairs: 348 (rec_if [358, 359, 360, 362, 363, 365, 366, 369, 474], lig_if [30, 31, 53, 54, 101, 102, 103, 104, 105, 106, 107, 108]) -> air_Pos_GTAGAGTAGCGCTTGG-1_contig_1_1.tbl
config: haddock3_config_Pos_GTAGAGTAGCGCTTGG-1_contig_1_1.cfg
run haddock3 rc=0, log=haddock_Pos_GTAGAGTAGCGCTTGG-1_contig_1_1.log

