[2026-02-13T07:13:56]
receptor chains ['A', 'B']; ligand chains ['H', 'L']
split -> receptor_Pos_CCGCGTTTCATGGTAT-1_contig_1_1.pdb, ligand_Pos_CCGCGTTTCATGGTAT-1_contig_1_1.pdb; merged -> receptor_single_Pos_CCGCGTTTCATGGTAT-1_contig_1_1.pdb, ligand_single_Pos_CCGCGTTTCATGGTAT-1_contig_1_1.pdb
intra lock pairs: 12 -> intra_lig_lock_Pos_CCGCGTTTCATGGTAT-1_contig_1_1.tbl
AIR pairs: 0 -> air_Pos_CCGCGTTTCATGGTAT-1_contig_1_1.tbl
config: haddock3_config_Pos_CCGCGTTTCATGGTAT-1_contig_1_1.cfg
run haddock3 rc=0, log=haddock_Pos_CCGCGTTTCATGGTAT-1_contig_1_1.log

[2026-02-13T07:15:55]
receptor chains ['A', 'B']; ligand chains ['H', 'L']
split -> receptor_Pos_CCGCGTTTCATGGTAT-1_contig_1_1.pdb, ligand_Pos_CCGCGTTTCATGGTAT-1_contig_1_1.pdb; merged -> receptor_single_Pos_CCGCGTTTCATGGTAT-1_contig_1_1.pdb, ligand_single_Pos_CCGCGTTTCATGGTAT-1_contig_1_1.pdb
intra lock pairs: 12 -> intra_lig_lock_Pos_CCGCGTTTCATGGTAT-1_contig_1_1.tbl
AIR pairs: 0 -> air_Pos_CCGCGTTTCATGGTAT-1_contig_1_1.tbl
config: haddock3_config_Pos_CCGCGTTTCATGGTAT-1_contig_1_1.cfg
run haddock3 rc=0, log=haddock_Pos_CCGCGTTTCATGGTAT-1_contig_1_1.log

[2026-02-13T12:51:53]
receptor chains ['A', 'B']; ligand chains ['H', 'L']
split -> receptor_Pos_CCGCGTTTCATGGTAT-1_contig_1_1.pdb, ligand_Pos_CCGCGTTTCATGGTAT-1_contig_1_1.pdb; merged -> receptor_single_Pos_CCGCGTTTCATGGTAT-1_contig_1_1.pdb, ligand_single_Pos_CCGCGTTTCATGGTAT-1_contig_1_1.pdb
intra lock pairs: 12 -> intra_lig_lock_Pos_CCGCGTTTCATGGTAT-1_contig_1_1.tbl
AIR pairs: 120 (rec_if [340, 341, 342, 343, 356, 357, 358, 359, 360, 361, 362, 363, 365, 366, 369], lig_if [28, 30, 31, 53, 101, 102, 103, 104, 105, 106, 107, 108]) -> air_Pos_CCGCGTTTCATGGTAT-1_contig_1_1.tbl
config: haddock3_config_Pos_CCGCGTTTCATGGTAT-1_contig_1_1.cfg
run haddock3 rc=0, log=haddock_Pos_CCGCGTTTCATGGTAT-1_contig_1_1.log

