[2026-02-13T06:21:48]
receptor chains ['A', 'B']; ligand chains ['H', 'L']
split -> receptor_Pos_AGGACATAGCATTCAG-1_contig_1_1.pdb, ligand_Pos_AGGACATAGCATTCAG-1_contig_1_1.pdb; merged -> receptor_single_Pos_AGGACATAGCATTCAG-1_contig_1_1.pdb, ligand_single_Pos_AGGACATAGCATTCAG-1_contig_1_1.pdb
intra lock pairs: 12 -> intra_lig_lock_Pos_AGGACATAGCATTCAG-1_contig_1_1.tbl
AIR pairs: 0 -> air_Pos_AGGACATAGCATTCAG-1_contig_1_1.tbl
config: haddock3_config_Pos_AGGACATAGCATTCAG-1_contig_1_1.cfg
run haddock3 rc=0, log=haddock_Pos_AGGACATAGCATTCAG-1_contig_1_1.log

[2026-02-13T06:23:47]
receptor chains ['A', 'B']; ligand chains ['H', 'L']
split -> receptor_Pos_AGGACATAGCATTCAG-1_contig_1_1.pdb, ligand_Pos_AGGACATAGCATTCAG-1_contig_1_1.pdb; merged -> receptor_single_Pos_AGGACATAGCATTCAG-1_contig_1_1.pdb, ligand_single_Pos_AGGACATAGCATTCAG-1_contig_1_1.pdb
intra lock pairs: 12 -> intra_lig_lock_Pos_AGGACATAGCATTCAG-1_contig_1_1.tbl
AIR pairs: 0 -> air_Pos_AGGACATAGCATTCAG-1_contig_1_1.tbl
config: haddock3_config_Pos_AGGACATAGCATTCAG-1_contig_1_1.cfg
run haddock3 rc=0, log=haddock_Pos_AGGACATAGCATTCAG-1_contig_1_1.log

[2026-02-13T12:24:12]
receptor chains ['A', 'B']; ligand chains ['H', 'L']
split -> receptor_Pos_AGGACATAGCATTCAG-1_contig_1_1.pdb, ligand_Pos_AGGACATAGCATTCAG-1_contig_1_1.pdb; merged -> receptor_single_Pos_AGGACATAGCATTCAG-1_contig_1_1.pdb, ligand_single_Pos_AGGACATAGCATTCAG-1_contig_1_1.pdb
intra lock pairs: 12 -> intra_lig_lock_Pos_AGGACATAGCATTCAG-1_contig_1_1.tbl
AIR pairs: 132 (rec_if [339, 340, 342, 343, 355, 356, 357, 358, 359, 360, 361, 362, 365, 366, 369], lig_if [30, 31, 53, 54, 101, 102, 103, 104, 105, 106, 107, 108]) -> air_Pos_AGGACATAGCATTCAG-1_contig_1_1.tbl
config: haddock3_config_Pos_AGGACATAGCATTCAG-1_contig_1_1.cfg
run haddock3 rc=0, log=haddock_Pos_AGGACATAGCATTCAG-1_contig_1_1.log

