[2026-02-13T06:45:49]
receptor chains ['A', 'B']; ligand chains ['H', 'L']
split -> receptor_Pos_ATACACCCAAAGTAAC-1_contig_1_2.pdb, ligand_Pos_ATACACCCAAAGTAAC-1_contig_1_2.pdb; merged -> receptor_single_Pos_ATACACCCAAAGTAAC-1_contig_1_2.pdb, ligand_single_Pos_ATACACCCAAAGTAAC-1_contig_1_2.pdb
intra lock pairs: 12 -> intra_lig_lock_Pos_ATACACCCAAAGTAAC-1_contig_1_2.tbl
AIR pairs: 0 -> air_Pos_ATACACCCAAAGTAAC-1_contig_1_2.tbl
config: haddock3_config_Pos_ATACACCCAAAGTAAC-1_contig_1_2.cfg
run haddock3 rc=0, log=haddock_Pos_ATACACCCAAAGTAAC-1_contig_1_2.log

[2026-02-13T06:47:49]
receptor chains ['A', 'B']; ligand chains ['H', 'L']
split -> receptor_Pos_ATACACCCAAAGTAAC-1_contig_1_2.pdb, ligand_Pos_ATACACCCAAAGTAAC-1_contig_1_2.pdb; merged -> receptor_single_Pos_ATACACCCAAAGTAAC-1_contig_1_2.pdb, ligand_single_Pos_ATACACCCAAAGTAAC-1_contig_1_2.pdb
intra lock pairs: 12 -> intra_lig_lock_Pos_ATACACCCAAAGTAAC-1_contig_1_2.tbl
AIR pairs: 0 -> air_Pos_ATACACCCAAAGTAAC-1_contig_1_2.tbl
config: haddock3_config_Pos_ATACACCCAAAGTAAC-1_contig_1_2.cfg
run haddock3 rc=0, log=haddock_Pos_ATACACCCAAAGTAAC-1_contig_1_2.log

[2026-02-13T12:36:54]
receptor chains ['A', 'B']; ligand chains ['H', 'L']
split -> receptor_Pos_ATACACCCAAAGTAAC-1_contig_1_2.pdb, ligand_Pos_ATACACCCAAAGTAAC-1_contig_1_2.pdb; merged -> receptor_single_Pos_ATACACCCAAAGTAAC-1_contig_1_2.pdb, ligand_single_Pos_ATACACCCAAAGTAAC-1_contig_1_2.pdb
intra lock pairs: 12 -> intra_lig_lock_Pos_ATACACCCAAAGTAAC-1_contig_1_2.tbl
AIR pairs: 273 (rec_if [357, 358, 359, 360, 361, 362, 365, 366, 369, 473, 474, 475], lig_if [28, 30, 31, 53, 101, 102, 103, 104, 105, 106, 107, 108, 109]) -> air_Pos_ATACACCCAAAGTAAC-1_contig_1_2.tbl
config: haddock3_config_Pos_ATACACCCAAAGTAAC-1_contig_1_2.cfg
run haddock3 rc=0, log=haddock_Pos_ATACACCCAAAGTAAC-1_contig_1_2.log

