[2026-02-13T07:42:12]
receptor chains ['A', 'B']; ligand chains ['H', 'L']
split -> receptor_Pos_CGTAATTAGCGTACCG-1_contig_1_1.pdb, ligand_Pos_CGTAATTAGCGTACCG-1_contig_1_1.pdb; merged -> receptor_single_Pos_CGTAATTAGCGTACCG-1_contig_1_1.pdb, ligand_single_Pos_CGTAATTAGCGTACCG-1_contig_1_1.pdb
intra lock pairs: 12 -> intra_lig_lock_Pos_CGTAATTAGCGTACCG-1_contig_1_1.tbl
AIR pairs: 0 -> air_Pos_CGTAATTAGCGTACCG-1_contig_1_1.tbl
config: haddock3_config_Pos_CGTAATTAGCGTACCG-1_contig_1_1.cfg
run haddock3 rc=0, log=haddock_Pos_CGTAATTAGCGTACCG-1_contig_1_1.log

[2026-02-13T07:44:13]
receptor chains ['A', 'B']; ligand chains ['H', 'L']
split -> receptor_Pos_CGTAATTAGCGTACCG-1_contig_1_1.pdb, ligand_Pos_CGTAATTAGCGTACCG-1_contig_1_1.pdb; merged -> receptor_single_Pos_CGTAATTAGCGTACCG-1_contig_1_1.pdb, ligand_single_Pos_CGTAATTAGCGTACCG-1_contig_1_1.pdb
intra lock pairs: 12 -> intra_lig_lock_Pos_CGTAATTAGCGTACCG-1_contig_1_1.tbl
AIR pairs: 0 -> air_Pos_CGTAATTAGCGTACCG-1_contig_1_1.tbl
config: haddock3_config_Pos_CGTAATTAGCGTACCG-1_contig_1_1.cfg
run haddock3 rc=0, log=haddock_Pos_CGTAATTAGCGTACCG-1_contig_1_1.log

[2026-02-13T13:07:00]
receptor chains ['A', 'B']; ligand chains ['H', 'L']
split -> receptor_Pos_CGTAATTAGCGTACCG-1_contig_1_1.pdb, ligand_Pos_CGTAATTAGCGTACCG-1_contig_1_1.pdb; merged -> receptor_single_Pos_CGTAATTAGCGTACCG-1_contig_1_1.pdb, ligand_single_Pos_CGTAATTAGCGTACCG-1_contig_1_1.pdb
intra lock pairs: 12 -> intra_lig_lock_Pos_CGTAATTAGCGTACCG-1_contig_1_1.tbl
AIR pairs: 110 (rec_if [339, 340, 341, 342, 343, 344, 355, 356, 357, 358, 359, 360, 361, 362, 363, 365, 366, 369], lig_if [30, 31, 53, 54, 102, 103, 104, 105, 106, 107, 108]) -> air_Pos_CGTAATTAGCGTACCG-1_contig_1_1.tbl
config: haddock3_config_Pos_CGTAATTAGCGTACCG-1_contig_1_1.cfg
run haddock3 rc=0, log=haddock_Pos_CGTAATTAGCGTACCG-1_contig_1_1.log

