[2026-02-13T02:01:53]
receptor chains ['A', 'B']; ligand chains ['H', 'L']
split -> receptor_Pos_GTAGCAGAGAGGCTGA-1_contig_1_1.pdb, ligand_Pos_GTAGCAGAGAGGCTGA-1_contig_1_1.pdb; merged -> receptor_single_Pos_GTAGCAGAGAGGCTGA-1_contig_1_1.pdb, ligand_single_Pos_GTAGCAGAGAGGCTGA-1_contig_1_1.pdb
intra lock pairs: 12 -> intra_lig_lock_Pos_GTAGCAGAGAGGCTGA-1_contig_1_1.tbl
AIR pairs: 0 -> air_Pos_GTAGCAGAGAGGCTGA-1_contig_1_1.tbl
config: haddock3_config_Pos_GTAGCAGAGAGGCTGA-1_contig_1_1.cfg
run haddock3 rc=1, log=haddock_Pos_GTAGCAGAGAGGCTGA-1_contig_1_1.log

[2026-02-13T02:01:58]
receptor chains ['A', 'B']; ligand chains ['H', 'L']
split -> receptor_Pos_GTAGCAGAGAGGCTGA-1_contig_1_1.pdb, ligand_Pos_GTAGCAGAGAGGCTGA-1_contig_1_1.pdb; merged -> receptor_single_Pos_GTAGCAGAGAGGCTGA-1_contig_1_1.pdb, ligand_single_Pos_GTAGCAGAGAGGCTGA-1_contig_1_1.pdb
intra lock pairs: 12 -> intra_lig_lock_Pos_GTAGCAGAGAGGCTGA-1_contig_1_1.tbl
AIR pairs: 0 -> air_Pos_GTAGCAGAGAGGCTGA-1_contig_1_1.tbl
config: haddock3_config_Pos_GTAGCAGAGAGGCTGA-1_contig_1_1.cfg
run haddock3 rc=1, log=haddock_Pos_GTAGCAGAGAGGCTGA-1_contig_1_1.log

[2026-02-13T02:02:36]
receptor chains ['A', 'B']; ligand chains ['H', 'L']
split -> receptor_Pos_GTAGCAGAGAGGCTGA-1_contig_1_1.pdb, ligand_Pos_GTAGCAGAGAGGCTGA-1_contig_1_1.pdb; merged -> receptor_single_Pos_GTAGCAGAGAGGCTGA-1_contig_1_1.pdb, ligand_single_Pos_GTAGCAGAGAGGCTGA-1_contig_1_1.pdb
intra lock pairs: 12 -> intra_lig_lock_Pos_GTAGCAGAGAGGCTGA-1_contig_1_1.tbl
AIR pairs: 0 -> air_Pos_GTAGCAGAGAGGCTGA-1_contig_1_1.tbl
config: haddock3_config_Pos_GTAGCAGAGAGGCTGA-1_contig_1_1.cfg
run haddock3 rc=1, log=haddock_Pos_GTAGCAGAGAGGCTGA-1_contig_1_1.log

[2026-02-13T02:02:40]
receptor chains ['A', 'B']; ligand chains ['H', 'L']
split -> receptor_Pos_GTAGCAGAGAGGCTGA-1_contig_1_1.pdb, ligand_Pos_GTAGCAGAGAGGCTGA-1_contig_1_1.pdb; merged -> receptor_single_Pos_GTAGCAGAGAGGCTGA-1_contig_1_1.pdb, ligand_single_Pos_GTAGCAGAGAGGCTGA-1_contig_1_1.pdb
intra lock pairs: 12 -> intra_lig_lock_Pos_GTAGCAGAGAGGCTGA-1_contig_1_1.tbl
AIR pairs: 0 -> air_Pos_GTAGCAGAGAGGCTGA-1_contig_1_1.tbl
config: haddock3_config_Pos_GTAGCAGAGAGGCTGA-1_contig_1_1.cfg
run haddock3 rc=1, log=haddock_Pos_GTAGCAGAGAGGCTGA-1_contig_1_1.log

[2026-02-13T02:08:57]
receptor chains ['A', 'B']; ligand chains ['H', 'L']
split -> receptor_Pos_GTAGCAGAGAGGCTGA-1_contig_1_1.pdb, ligand_Pos_GTAGCAGAGAGGCTGA-1_contig_1_1.pdb; merged -> receptor_single_Pos_GTAGCAGAGAGGCTGA-1_contig_1_1.pdb, ligand_single_Pos_GTAGCAGAGAGGCTGA-1_contig_1_1.pdb
intra lock pairs: 12 -> intra_lig_lock_Pos_GTAGCAGAGAGGCTGA-1_contig_1_1.tbl
AIR pairs: 0 -> air_Pos_GTAGCAGAGAGGCTGA-1_contig_1_1.tbl
config: haddock3_config_Pos_GTAGCAGAGAGGCTGA-1_contig_1_1.cfg
run haddock3 rc=0, log=haddock_Pos_GTAGCAGAGAGGCTGA-1_contig_1_1.log

[2026-02-13T02:10:56]
receptor chains ['A', 'B']; ligand chains ['H', 'L']
split -> receptor_Pos_GTAGCAGAGAGGCTGA-1_contig_1_1.pdb, ligand_Pos_GTAGCAGAGAGGCTGA-1_contig_1_1.pdb; merged -> receptor_single_Pos_GTAGCAGAGAGGCTGA-1_contig_1_1.pdb, ligand_single_Pos_GTAGCAGAGAGGCTGA-1_contig_1_1.pdb
intra lock pairs: 12 -> intra_lig_lock_Pos_GTAGCAGAGAGGCTGA-1_contig_1_1.tbl
AIR pairs: 0 -> air_Pos_GTAGCAGAGAGGCTGA-1_contig_1_1.tbl
config: haddock3_config_Pos_GTAGCAGAGAGGCTGA-1_contig_1_1.cfg
run haddock3 rc=0, log=haddock_Pos_GTAGCAGAGAGGCTGA-1_contig_1_1.log

[2026-02-13T08:14:27]
receptor chains ['A', 'B']; ligand chains ['H', 'L']
split -> receptor_Pos_GTAGCAGAGAGGCTGA-1_contig_1_1.pdb, ligand_Pos_GTAGCAGAGAGGCTGA-1_contig_1_1.pdb; merged -> receptor_single_Pos_GTAGCAGAGAGGCTGA-1_contig_1_1.pdb, ligand_single_Pos_GTAGCAGAGAGGCTGA-1_contig_1_1.pdb
intra lock pairs: 12 -> intra_lig_lock_Pos_GTAGCAGAGAGGCTGA-1_contig_1_1.tbl
AIR pairs: 0 -> air_Pos_GTAGCAGAGAGGCTGA-1_contig_1_1.tbl
config: haddock3_config_Pos_GTAGCAGAGAGGCTGA-1_contig_1_1.cfg
run haddock3 rc=0, log=haddock_Pos_GTAGCAGAGAGGCTGA-1_contig_1_1.log

[2026-02-13T08:16:26]
receptor chains ['A', 'B']; ligand chains ['H', 'L']
split -> receptor_Pos_GTAGCAGAGAGGCTGA-1_contig_1_1.pdb, ligand_Pos_GTAGCAGAGAGGCTGA-1_contig_1_1.pdb; merged -> receptor_single_Pos_GTAGCAGAGAGGCTGA-1_contig_1_1.pdb, ligand_single_Pos_GTAGCAGAGAGGCTGA-1_contig_1_1.pdb
intra lock pairs: 12 -> intra_lig_lock_Pos_GTAGCAGAGAGGCTGA-1_contig_1_1.tbl
AIR pairs: 0 -> air_Pos_GTAGCAGAGAGGCTGA-1_contig_1_1.tbl
config: haddock3_config_Pos_GTAGCAGAGAGGCTGA-1_contig_1_1.cfg
run haddock3 rc=0, log=haddock_Pos_GTAGCAGAGAGGCTGA-1_contig_1_1.log

[2026-02-13T13:23:57]
receptor chains ['A', 'B']; ligand chains ['H', 'L']
split -> receptor_Pos_GTAGCAGAGAGGCTGA-1_contig_1_1.pdb, ligand_Pos_GTAGCAGAGAGGCTGA-1_contig_1_1.pdb; merged -> receptor_single_Pos_GTAGCAGAGAGGCTGA-1_contig_1_1.pdb, ligand_single_Pos_GTAGCAGAGAGGCTGA-1_contig_1_1.pdb
intra lock pairs: 12 -> intra_lig_lock_Pos_GTAGCAGAGAGGCTGA-1_contig_1_1.tbl
AIR pairs: 48 (rec_if [337, 338, 339, 340, 341, 342, 343, 344, 354, 355, 356, 357, 358, 359, 360, 361, 362, 363, 365, 366, 369, 438, 473], lig_if [28, 30, 31, 53, 101, 102, 103, 104, 105, 106, 107, 108, 109, 110, 111, 112]) -> air_Pos_GTAGCAGAGAGGCTGA-1_contig_1_1.tbl
config: haddock3_config_Pos_GTAGCAGAGAGGCTGA-1_contig_1_1.cfg
run haddock3 rc=0, log=haddock_Pos_GTAGCAGAGAGGCTGA-1_contig_1_1.log

