[2026-02-06T19:13:56]
receptor chains ['A']; ligand chains ['H', 'L']
split -> receptor_refold_8IUY_Epi.pdb, ligand_refold_8IUY_Epi.pdb; merged -> receptor_single_refold_8IUY_Epi.pdb, ligand_single_refold_8IUY_Epi.pdb
intra lock pairs: 12 -> intra_lig_lock_refold_8IUY_Epi.tbl
AIR pairs: 0 (rec_if [], lig_if []) -> air_full_refold_8IUY_Epi.tbl
config: haddock3_config_refold_8IUY_Epi_fullsurf.cfg
run haddock3 rc=0, log=haddock_refold_8IUY_Epi_fullsurf.log

[2026-02-06T20:01:20]
receptor chains ['A']; ligand chains ['H', 'L']
split -> receptor_refold_8IUY_Epi.pdb, ligand_refold_8IUY_Epi.pdb; merged -> receptor_single_refold_8IUY_Epi.pdb, ligand_single_refold_8IUY_Epi.pdb
intra lock pairs: 12 -> intra_lig_lock_refold_8IUY_Epi.tbl
AIR pairs: 0 (rec_if [], lig_if []) -> air_full_refold_8IUY_Epi.tbl
config: haddock3_config_refold_8IUY_Epi_fullsurf.cfg
run haddock3 rc=0, log=haddock_refold_8IUY_Epi_fullsurf.log

[2026-02-06T21:13:10]
receptor chains ['A']; ligand chains ['H', 'L']
split -> receptor_refold_8IUY_Epi.pdb, ligand_refold_8IUY_Epi.pdb; merged -> receptor_single_refold_8IUY_Epi.pdb, ligand_single_refold_8IUY_Epi.pdb
intra lock pairs: 0 -> intra_lig_lock_refold_8IUY_Epi.tbl
AIR pairs: 0 (rec_if [], lig_if []) -> air_full_refold_8IUY_Epi.tbl
config: haddock3_config_refold_8IUY_Epi_fullsurf.cfg
run haddock3 rc=0, log=haddock_refold_8IUY_Epi_fullsurf.log

