[2026-02-06T07:35:46]
receptor chains ['A', 'B', 'C', 'D', 'E', 'F']; ligand chains ['H', 'L']
split -> receptor_TG0176_Epi.pdb, ligand_TG0176_Epi.pdb; merged -> receptor_single_TG0176_Epi.pdb, ligand_single_TG0176_Epi.pdb
intra lock pairs: 12 -> intra_lig_lock_TG0176_Epi.tbl
AIR pairs: 0 (rec_if [556, 561, 562, 628, 761, 762], lig_if [100, 102, 168, 169, 209, 210, 211]) -> air_TG0176_Epi.tbl
config: haddock3_config_TG0176_Epi.cfg
run haddock3 rc=1, log=haddock_TG0176_Epi.log

[2026-02-06T09:51:10]
receptor chains ['A', 'B', 'C', 'D', 'E', 'F']; ligand chains ['H', 'L']
split -> receptor_TG0176_Epi.pdb, ligand_TG0176_Epi.pdb; merged -> receptor_single_TG0176_Epi.pdb, ligand_single_TG0176_Epi.pdb
intra lock pairs: 12 -> intra_lig_lock_TG0176_Epi.tbl
AIR pairs: 0 (rec_if [556, 561, 562, 628, 761, 762], lig_if [100, 102, 168, 169, 209, 210, 211]) -> air_TG0176_Epi.tbl
config: haddock3_config_TG0176_Epi.cfg
run haddock3 rc=1, log=haddock_TG0176_Epi.log

[2026-02-06T10:05:45]
receptor chains ['A', 'B', 'C', 'D', 'E', 'F']; ligand chains ['H', 'L']
split -> receptor_TG0176_Epi.pdb, ligand_TG0176_Epi.pdb; merged -> receptor_single_TG0176_Epi.pdb, ligand_single_TG0176_Epi.pdb
intra lock pairs: 12 -> intra_lig_lock_TG0176_Epi.tbl
AIR pairs: 0 (rec_if [556, 561, 562, 628, 761, 762], lig_if [100, 102, 168, 169, 209, 210, 211]) -> air_TG0176_Epi.tbl
config: haddock3_config_TG0176_Epi.cfg
run haddock3 rc=1, log=haddock_TG0176_Epi.log

[2026-02-06T10:13:31]
receptor chains ['A', 'B', 'C', 'D', 'E', 'F']; ligand chains ['H', 'L']
split -> receptor_TG0176_Epi.pdb, ligand_TG0176_Epi.pdb; merged -> receptor_single_TG0176_Epi.pdb, ligand_single_TG0176_Epi.pdb
intra lock pairs: 12 -> intra_lig_lock_TG0176_Epi.tbl
AIR pairs: 0 (rec_if [556, 561, 562, 628, 761, 762], lig_if [100, 102, 168, 169, 209, 210, 211]) -> air_TG0176_Epi.tbl
config: haddock3_config_TG0176_Epi.cfg
run haddock3 rc=1, log=haddock_TG0176_Epi.log

[2026-02-06T10:15:22]
receptor chains ['A', 'B', 'C', 'D', 'E', 'F']; ligand chains ['H', 'L']
split -> receptor_TG0176_Epi.pdb, ligand_TG0176_Epi.pdb; merged -> receptor_single_TG0176_Epi.pdb, ligand_single_TG0176_Epi.pdb
intra lock pairs: 12 -> intra_lig_lock_TG0176_Epi.tbl
AIR pairs: 0 (rec_if [556, 561, 562, 628, 761, 762], lig_if [100, 102, 168, 169, 209, 210, 211]) -> air_TG0176_Epi.tbl
config: haddock3_config_TG0176_Epi.cfg
run haddock3 rc=1, log=haddock_TG0176_Epi.log

